1,07;{GraduateCourse(DummyIndividual),Program(DummyIndividual),TechnicalReport(DummyIndividual)}
1,45;{GraduateCourse(DummyIndividual),Program(DummyIndividual),Article(DummyIndividual)}
1,74;{GraduateCourse(DummyIndividual),Program(DummyIndividual),ConferencePaper(DummyIndividual)}
2,11;{Course(DummyIndividual),JournalArticle(DummyIndividual),Institute(DummyIndividual)}
3,68;{ResearchGroup(DummyIndividual),JournalArticle(DummyIndividual),GraduateCourse(DummyIndividual)}
3,78;{College(DummyIndividual),JournalArticle(DummyIndividual),GraduateCourse(DummyIndividual)}
3,98;{University(DummyIndividual),JournalArticle(DummyIndividual),GraduateCourse(DummyIndividual)}
3,98;{Institute(DummyIndividual),JournalArticle(DummyIndividual),GraduateCourse(DummyIndividual)}
4,19;{Program(DummyIndividual),JournalArticle(DummyIndividual),GraduateCourse(DummyIndividual)}
4,19;{Organization(DummyIndividual),JournalArticle(DummyIndividual),GraduateCourse(DummyIndividual)}
4,37;{Department(DummyIndividual),JournalArticle(DummyIndividual),GraduateCourse(DummyIndividual)}
4,93;{Course(DummyIndividual),JournalArticle(DummyIndividual),Program(DummyIndividual)}
5,04;{Article(DummyIndividual),College(DummyIndividual),GraduateCourse(DummyIndividual)}
5,04;{Article(DummyIndividual),College(DummyIndividual),Course(DummyIndividual)}
5,15;{Article(DummyIndividual),GraduateCourse(DummyIndividual),Organization(DummyIndividual)}
5,15;{Article(DummyIndividual),GraduateCourse(DummyIndividual),Institute(DummyIndividual)}
5,15;{Article(DummyIndividual),GraduateCourse(DummyIndividual),University(DummyIndividual)}
5,15;{Article(DummyIndividual),GraduateCourse(DummyIndividual),Department(DummyIndividual)}
5,15;{Article(DummyIndividual),GraduateCourse(DummyIndividual),ResearchGroup(DummyIndividual)}
5,15;{Article(DummyIndividual),Program(DummyIndividual),Course(DummyIndividual)}
5,26;{Article(DummyIndividual),University(DummyIndividual),Course(DummyIndividual)}
5,26;{Article(DummyIndividual),Course(DummyIndividual),Organization(DummyIndividual)}
5,26;{Article(DummyIndividual),Course(DummyIndividual),Institute(DummyIndividual)}
5,26;{Article(DummyIndividual),Course(DummyIndividual),Department(DummyIndividual)}
5,26;{Article(DummyIndividual),Course(DummyIndividual),ResearchGroup(DummyIndividual)}
5,26;{ConferencePaper(DummyIndividual),Organization(DummyIndividual),GraduateCourse(DummyIndividual)}
5,26;{ConferencePaper(DummyIndividual),Organization(DummyIndividual),Course(DummyIndividual)}
5,37;{ConferencePaper(DummyIndividual),College(DummyIndividual),GraduateCourse(DummyIndividual)}
5,37;{ConferencePaper(DummyIndividual),College(DummyIndividual),Course(DummyIndividual)}
5,37;{ConferencePaper(DummyIndividual),Program(DummyIndividual),Course(DummyIndividual)}
5,37;{ConferencePaper(DummyIndividual),Institute(DummyIndividual),GraduateCourse(DummyIndividual)}
5,37;{ConferencePaper(DummyIndividual),Institute(DummyIndividual),Course(DummyIndividual)}
5,37;{ConferencePaper(DummyIndividual),University(DummyIndividual),GraduateCourse(DummyIndividual)}
5,37;{ConferencePaper(DummyIndividual),University(DummyIndividual),Course(DummyIndividual)}
5,37;{ConferencePaper(DummyIndividual),Department(DummyIndividual),GraduateCourse(DummyIndividual)}
5,49;{ConferencePaper(DummyIndividual),Department(DummyIndividual),Course(DummyIndividual)}
5,49;{ConferencePaper(DummyIndividual),ResearchGroup(DummyIndividual),GraduateCourse(DummyIndividual)}
5,49;{ConferencePaper(DummyIndividual),ResearchGroup(DummyIndividual),Course(DummyIndividual)}
5,49;{TechnicalReport(DummyIndividual),Organization(DummyIndividual),GraduateCourse(DummyIndividual)}
5,49;{TechnicalReport(DummyIndividual),Organization(DummyIndividual),Course(DummyIndividual)}
5,49;{TechnicalReport(DummyIndividual),College(DummyIndividual),GraduateCourse(DummyIndividual)}
5,62;{TechnicalReport(DummyIndividual),College(DummyIndividual),Course(DummyIndividual)}
5,62;{TechnicalReport(DummyIndividual),Program(DummyIndividual),Course(DummyIndividual)}
5,62;{TechnicalReport(DummyIndividual),Institute(DummyIndividual),GraduateCourse(DummyIndividual)}
5,62;{TechnicalReport(DummyIndividual),Institute(DummyIndividual),Course(DummyIndividual)}
5,62;{TechnicalReport(DummyIndividual),University(DummyIndividual),GraduateCourse(DummyIndividual)}
5,62;{TechnicalReport(DummyIndividual),University(DummyIndividual),Course(DummyIndividual)}
5,62;{TechnicalReport(DummyIndividual),Department(DummyIndividual),GraduateCourse(DummyIndividual)}
5,72;{TechnicalReport(DummyIndividual),Department(DummyIndividual),Course(DummyIndividual)}
5,72;{TechnicalReport(DummyIndividual),ResearchGroup(DummyIndividual),GraduateCourse(DummyIndividual)}
5,72;{TechnicalReport(DummyIndividual),ResearchGroup(DummyIndividual),Course(DummyIndividual)}
5,72;{JournalArticle(DummyIndividual),College(DummyIndividual),Course(DummyIndividual)}
5,83;{JournalArticle(DummyIndividual),University(DummyIndividual),Course(DummyIndividual)}
5,83;{JournalArticle(DummyIndividual),Course(DummyIndividual),Organization(DummyIndividual)}
5,83;{JournalArticle(DummyIndividual),Course(DummyIndividual),Department(DummyIndividual)}
5,83;{JournalArticle(DummyIndividual),Course(DummyIndividual),ResearchGroup(DummyIndividual)}
