0,99;{Course(DummyIndividual),Article(DummyIndividual),GraduateStudent(DummyIndividual)}
1,26;{Course(DummyIndividual),JournalArticle(DummyIndividual),GraduateStudent(DummyIndividual)}
1,66;{GraduateStudent(DummyIndividual),Course(DummyIndividual),TechnicalReport(DummyIndividual)}
1,95;{GraduateStudent(DummyIndividual),Course(DummyIndividual),ConferencePaper(DummyIndividual)}
2,75;{UndergraduateStudent(DummyIndividual),JournalArticle(DummyIndividual),GraduateCourse(DummyIndividual)}
2,75;{Student(DummyIndividual),JournalArticle(DummyIndividual),GraduateCourse(DummyIndividual)}
2,95;{GraduateStudent(DummyIndividual),JournalArticle(DummyIndividual),GraduateCourse(DummyIndividual)}
3,05;{Article(DummyIndividual),UndergraduateStudent(DummyIndividual),GraduateCourse(DummyIndividual)}
3,05;{Article(DummyIndividual),UndergraduateStudent(DummyIndividual),Course(DummyIndividual)}
3,05;{Article(DummyIndividual),GraduateCourse(DummyIndividual),Student(DummyIndividual)}
3,14;{Article(DummyIndividual),GraduateCourse(DummyIndividual),GraduateStudent(DummyIndividual)}
3,14;{Article(DummyIndividual),Course(DummyIndividual),Student(DummyIndividual)}
3,14;{ConferencePaper(DummyIndividual),UndergraduateStudent(DummyIndividual),GraduateCourse(DummyIndividual)}
3,14;{ConferencePaper(DummyIndividual),UndergraduateStudent(DummyIndividual),Course(DummyIndividual)}
3,14;{ConferencePaper(DummyIndividual),GraduateCourse(DummyIndividual),Student(DummyIndividual)}
3,26;{ConferencePaper(DummyIndividual),GraduateCourse(DummyIndividual),GraduateStudent(DummyIndividual)}
3,26;{ConferencePaper(DummyIndividual),Course(DummyIndividual),Student(DummyIndividual)}
3,26;{TechnicalReport(DummyIndividual),UndergraduateStudent(DummyIndividual),GraduateCourse(DummyIndividual)}
3,26;{TechnicalReport(DummyIndividual),UndergraduateStudent(DummyIndividual),Course(DummyIndividual)}
3,37;{TechnicalReport(DummyIndividual),GraduateCourse(DummyIndividual),Student(DummyIndividual)}
3,37;{TechnicalReport(DummyIndividual),GraduateCourse(DummyIndividual),GraduateStudent(DummyIndividual)}
3,37;{TechnicalReport(DummyIndividual),Course(DummyIndividual),Student(DummyIndividual)}
3,37;{JournalArticle(DummyIndividual),UndergraduateStudent(DummyIndividual),Course(DummyIndividual)}
3,46;{JournalArticle(DummyIndividual),Course(DummyIndividual),Student(DummyIndividual)}
