0,98;{GraduateCourse(DummyIndividual),Publication(DummyIndividual)}
1,17;{GraduateCourse(DummyIndividual),Specification(DummyIndividual)}
1,45;{GraduateCourse(DummyIndividual),JournalArticle(DummyIndividual)}
1,65;{GraduateCourse(DummyIndividual),TechnicalReport(DummyIndividual)}
1,84;{GraduateCourse(DummyIndividual),Article(DummyIndividual)}
2,05;{GraduateCourse(DummyIndividual),ConferencePaper(DummyIndividual)}
2,24;{Course(DummyIndividual),Book(DummyIndividual)}
2,55;{Course(DummyIndividual),UnofficialPublication(DummyIndividual)}
2,74;{Software(DummyIndividual),Course(DummyIndividual)}
2,94;{Manual(DummyIndividual),GraduateCourse(DummyIndividual)}
3,54;{Article(DummyIndividual),Course(DummyIndividual)}
3,54;{ConferencePaper(DummyIndividual),Course(DummyIndividual)}
3,54;{UnofficialPublication(DummyIndividual),GraduateCourse(DummyIndividual)}
3,63;{TechnicalReport(DummyIndividual),Course(DummyIndividual)}
5,00;{GraduateCourse(DummyIndividual),Book(DummyIndividual)}
5,00;{GraduateCourse(DummyIndividual),Software(DummyIndividual)}
5,00;{JournalArticle(DummyIndividual),Course(DummyIndividual)}
5,11;{Course(DummyIndividual),Publication(DummyIndividual)}
5,11;{Course(DummyIndividual),Manual(DummyIndividual)}
5,11;{Course(DummyIndividual),Specification(DummyIndividual)}
