0,86;{Student(DummyIndividual),Faculty(DummyIndividual)}
1,11;{Student(DummyIndividual),AssociateProfessor(DummyIndividual)}
1,41;{AssistantProfessor(DummyIndividual),Student(DummyIndividual)}
1,62;{GraduateStudent(DummyIndividual),Chair(DummyIndividual)}
1,80;{GraduateStudent(DummyIndividual),Lecturer(DummyIndividual)}
1,89;{GraduateStudent(DummyIndividual),AdministrativeStaff(DummyIndividual)}
2,19;{GraduateStudent(DummyIndividual),ResearchAssistant(DummyIndividual)}
2,30;{GraduateStudent(DummyIndividual),AssistantProfessor(DummyIndividual)}
2,59;{UndergraduateStudent(DummyIndividual),ClericalStaff(DummyIndividual)}
2,69;{Dean(DummyIndividual),UndergraduateStudent(DummyIndividual)}
2,98;{Employee(DummyIndividual),GraduateStudent(DummyIndividual)}
2,98;{Student(DummyIndividual),Employee(DummyIndividual)}
2,98;{Student(DummyIndividual),Director(DummyIndividual)}
4,57;{Student(DummyIndividual),AdministrativeStaff(DummyIndividual)}
4,57;{Student(DummyIndividual),Chair(DummyIndividual)}
4,57;{Student(DummyIndividual),ClericalStaff(DummyIndividual)}
4,57;{Student(DummyIndividual),SystemsStaff(DummyIndividual)}
4,57;{Student(DummyIndividual),ResearchAssistant(DummyIndividual)}
4,57;{Student(DummyIndividual),PostDoc(DummyIndividual)}
4,57;{Student(DummyIndividual),Lecturer(DummyIndividual)}
4,57;{Student(DummyIndividual),Dean(DummyIndividual)}
4,57;{Student(DummyIndividual),Professor(DummyIndividual)}
4,57;{Student(DummyIndividual),FullProfessor(DummyIndividual)}
4,67;{Student(DummyIndividual),VisitingProfessor(DummyIndividual)}
5,31;{AssistantProfessor(DummyIndividual),UndergraduateStudent(DummyIndividual)}
5,43;{UndergraduateStudent(DummyIndividual),Employee(DummyIndividual)}
5,43;{UndergraduateStudent(DummyIndividual),Director(DummyIndividual)}
5,43;{UndergraduateStudent(DummyIndividual),AdministrativeStaff(DummyIndividual)}
5,43;{UndergraduateStudent(DummyIndividual),Chair(DummyIndividual)}
5,43;{UndergraduateStudent(DummyIndividual),SystemsStaff(DummyIndividual)}
5,43;{UndergraduateStudent(DummyIndividual),ResearchAssistant(DummyIndividual)}
5,43;{UndergraduateStudent(DummyIndividual),PostDoc(DummyIndividual)}
5,43;{UndergraduateStudent(DummyIndividual),Faculty(DummyIndividual)}
5,43;{UndergraduateStudent(DummyIndividual),Lecturer(DummyIndividual)}
5,43;{UndergraduateStudent(DummyIndividual),Professor(DummyIndividual)}
5,43;{UndergraduateStudent(DummyIndividual),FullProfessor(DummyIndividual)}
5,53;{UndergraduateStudent(DummyIndividual),VisitingProfessor(DummyIndividual)}
5,53;{UndergraduateStudent(DummyIndividual),AssociateProfessor(DummyIndividual)}
5,53;{ClericalStaff(DummyIndividual),GraduateStudent(DummyIndividual)}
5,53;{GraduateStudent(DummyIndividual),Director(DummyIndividual)}
5,53;{GraduateStudent(DummyIndividual),SystemsStaff(DummyIndividual)}
5,53;{GraduateStudent(DummyIndividual),PostDoc(DummyIndividual)}
5,53;{GraduateStudent(DummyIndividual),Faculty(DummyIndividual)}
5,53;{GraduateStudent(DummyIndividual),Dean(DummyIndividual)}
5,64;{GraduateStudent(DummyIndividual),Professor(DummyIndividual)}
5,64;{GraduateStudent(DummyIndividual),FullProfessor(DummyIndividual)}
5,64;{GraduateStudent(DummyIndividual),VisitingProfessor(DummyIndividual)}
5,64;{GraduateStudent(DummyIndividual),AssociateProfessor(DummyIndividual)}
