1,04;{University(DummyIndividual),GraduateCourse(DummyIndividual),TechnicalReport(DummyIndividual)}
1,33;{University(DummyIndividual),GraduateCourse(DummyIndividual),ConferencePaper(DummyIndividual)}
1,73;{Course(DummyIndividual),Article(DummyIndividual),Program(DummyIndividual)}
2,04;{JournalArticle(DummyIndividual),Department(DummyIndividual),Course(DummyIndividual)}
2,32;{JournalArticle(DummyIndividual),Program(DummyIndividual),GraduateCourse(DummyIndividual)}
4,61;{ConferencePaper(DummyIndividual),Organization(DummyIndividual),GraduateCourse(DummyIndividual)}
4,61;{ConferencePaper(DummyIndividual),Organization(DummyIndividual),Course(DummyIndividual)}
4,73;{ConferencePaper(DummyIndividual),College(DummyIndividual),GraduateCourse(DummyIndividual)}
5,05;{ConferencePaper(DummyIndividual),College(DummyIndividual),Course(DummyIndividual)}
6,16;{ConferencePaper(DummyIndividual),Program(DummyIndividual),GraduateCourse(DummyIndividual)}
6,16;{ConferencePaper(DummyIndividual),Program(DummyIndividual),Course(DummyIndividual)}
6,28;{ConferencePaper(DummyIndividual),Institute(DummyIndividual),GraduateCourse(DummyIndividual)}
6,28;{ConferencePaper(DummyIndividual),Institute(DummyIndividual),Course(DummyIndividual)}
6,28;{ConferencePaper(DummyIndividual),University(DummyIndividual),Course(DummyIndividual)}
6,28;{ConferencePaper(DummyIndividual),Department(DummyIndividual),GraduateCourse(DummyIndividual)}
6,28;{ConferencePaper(DummyIndividual),Department(DummyIndividual),Course(DummyIndividual)}
6,41;{ConferencePaper(DummyIndividual),ResearchGroup(DummyIndividual),GraduateCourse(DummyIndividual)}
6,41;{ConferencePaper(DummyIndividual),ResearchGroup(DummyIndividual),Course(DummyIndividual)}
6,41;{TechnicalReport(DummyIndividual),Organization(DummyIndividual),GraduateCourse(DummyIndividual)}
6,41;{TechnicalReport(DummyIndividual),Organization(DummyIndividual),Course(DummyIndividual)}
6,41;{TechnicalReport(DummyIndividual),College(DummyIndividual),GraduateCourse(DummyIndividual)}
6,41;{TechnicalReport(DummyIndividual),College(DummyIndividual),Course(DummyIndividual)}
6,53;{TechnicalReport(DummyIndividual),Program(DummyIndividual),GraduateCourse(DummyIndividual)}
6,53;{TechnicalReport(DummyIndividual),Program(DummyIndividual),Course(DummyIndividual)}
6,53;{TechnicalReport(DummyIndividual),Institute(DummyIndividual),GraduateCourse(DummyIndividual)}
6,53;{TechnicalReport(DummyIndividual),Institute(DummyIndividual),Course(DummyIndividual)}
6,53;{TechnicalReport(DummyIndividual),University(DummyIndividual),Course(DummyIndividual)}
6,53;{TechnicalReport(DummyIndividual),Department(DummyIndividual),GraduateCourse(DummyIndividual)}
6,53;{TechnicalReport(DummyIndividual),Department(DummyIndividual),Course(DummyIndividual)}
6,66;{TechnicalReport(DummyIndividual),ResearchGroup(DummyIndividual),GraduateCourse(DummyIndividual)}
6,66;{TechnicalReport(DummyIndividual),ResearchGroup(DummyIndividual),Course(DummyIndividual)}
6,66;{GraduateCourse(DummyIndividual),Article(DummyIndividual),Organization(DummyIndividual)}
6,66;{GraduateCourse(DummyIndividual),Article(DummyIndividual),College(DummyIndividual)}
6,75;{GraduateCourse(DummyIndividual),Article(DummyIndividual),Program(DummyIndividual)}
6,75;{GraduateCourse(DummyIndividual),Article(DummyIndividual),Institute(DummyIndividual)}
6,75;{GraduateCourse(DummyIndividual),Article(DummyIndividual),University(DummyIndividual)}
6,75;{GraduateCourse(DummyIndividual),Article(DummyIndividual),Department(DummyIndividual)}
6,75;{GraduateCourse(DummyIndividual),Article(DummyIndividual),ResearchGroup(DummyIndividual)}
7,46;{GraduateCourse(DummyIndividual),College(DummyIndividual),JournalArticle(DummyIndividual)}
7,57;{GraduateCourse(DummyIndividual),Institute(DummyIndividual),JournalArticle(DummyIndividual)}
7,57;{GraduateCourse(DummyIndividual),JournalArticle(DummyIndividual),Organization(DummyIndividual)}
7,57;{GraduateCourse(DummyIndividual),JournalArticle(DummyIndividual),University(DummyIndividual)}
7,57;{GraduateCourse(DummyIndividual),JournalArticle(DummyIndividual),Department(DummyIndividual)}
7,57;{GraduateCourse(DummyIndividual),JournalArticle(DummyIndividual),ResearchGroup(DummyIndividual)}
7,68;{Course(DummyIndividual),Article(DummyIndividual),Organization(DummyIndividual)}
7,68;{Course(DummyIndividual),Article(DummyIndividual),College(DummyIndividual)}
7,68;{Course(DummyIndividual),Article(DummyIndividual),Institute(DummyIndividual)}
7,68;{Course(DummyIndividual),Article(DummyIndividual),University(DummyIndividual)}
7,68;{Course(DummyIndividual),Article(DummyIndividual),Department(DummyIndividual)}
7,79;{Course(DummyIndividual),Article(DummyIndividual),ResearchGroup(DummyIndividual)}
7,79;{Course(DummyIndividual),College(DummyIndividual),JournalArticle(DummyIndividual)}
7,79;{Course(DummyIndividual),Institute(DummyIndividual),JournalArticle(DummyIndividual)}
7,79;{Course(DummyIndividual),JournalArticle(DummyIndividual),Organization(DummyIndividual)}
7,90;{Course(DummyIndividual),JournalArticle(DummyIndividual),Program(DummyIndividual)}
7,90;{Course(DummyIndividual),JournalArticle(DummyIndividual),University(DummyIndividual)}
7,90;{Course(DummyIndividual),JournalArticle(DummyIndividual),ResearchGroup(DummyIndividual)}
