0,88;{GraduateStudent(DummyIndividual),PostDoc(DummyIndividual)}
1,35;{Dean(DummyIndividual),UndergraduateStudent(DummyIndividual)}
1,54;{Dean(DummyIndividual),Student(DummyIndividual)}
1,81;{AssociateProfessor(DummyIndividual),GraduateStudent(DummyIndividual)}
3,49;{Student(DummyIndividual),AssistantProfessor(DummyIndividual)}
3,49;{Student(DummyIndividual),Chair(DummyIndividual)}
3,49;{Student(DummyIndividual),PostDoc(DummyIndividual)}
3,49;{Student(DummyIndividual),Faculty(DummyIndividual)}
3,49;{Student(DummyIndividual),Lecturer(DummyIndividual)}
3,49;{Student(DummyIndividual),Professor(DummyIndividual)}
3,49;{Student(DummyIndividual),FullProfessor(DummyIndividual)}
3,58;{Student(DummyIndividual),VisitingProfessor(DummyIndividual)}
3,58;{Student(DummyIndividual),AssociateProfessor(DummyIndividual)}
3,58;{UndergraduateStudent(DummyIndividual),AssistantProfessor(DummyIndividual)}
3,58;{UndergraduateStudent(DummyIndividual),Chair(DummyIndividual)}
3,58;{UndergraduateStudent(DummyIndividual),PostDoc(DummyIndividual)}
3,58;{UndergraduateStudent(DummyIndividual),Faculty(DummyIndividual)}
3,58;{UndergraduateStudent(DummyIndividual),Lecturer(DummyIndividual)}
3,58;{UndergraduateStudent(DummyIndividual),Professor(DummyIndividual)}
3,58;{UndergraduateStudent(DummyIndividual),FullProfessor(DummyIndividual)}
3,58;{UndergraduateStudent(DummyIndividual),VisitingProfessor(DummyIndividual)}
3,68;{UndergraduateStudent(DummyIndividual),AssociateProfessor(DummyIndividual)}
4,28;{GraduateStudent(DummyIndividual),AssistantProfessor(DummyIndividual)}
4,28;{GraduateStudent(DummyIndividual),Chair(DummyIndividual)}
4,28;{GraduateStudent(DummyIndividual),Faculty(DummyIndividual)}
4,28;{GraduateStudent(DummyIndividual),Lecturer(DummyIndividual)}
4,36;{GraduateStudent(DummyIndividual),Dean(DummyIndividual)}
4,36;{GraduateStudent(DummyIndividual),Professor(DummyIndividual)}
4,36;{GraduateStudent(DummyIndividual),FullProfessor(DummyIndividual)}
4,36;{GraduateStudent(DummyIndividual),VisitingProfessor(DummyIndividual)}
