0,85;{Professor(DummyIndividual),ClericalStaff(DummyIndividual)}
1,13;{Professor(DummyIndividual),AdministrativeStaff(DummyIndividual)}
1,52;{SystemsStaff(DummyIndividual),PostDoc(DummyIndividual)}
1,72;{Lecturer(DummyIndividual),SystemsStaff(DummyIndividual)}
3,20;{AdministrativeStaff(DummyIndividual),AssistantProfessor(DummyIndividual)}
3,20;{AdministrativeStaff(DummyIndividual),Chair(DummyIndividual)}
3,20;{AdministrativeStaff(DummyIndividual),PostDoc(DummyIndividual)}
3,20;{AdministrativeStaff(DummyIndividual),Faculty(DummyIndividual)}
3,20;{AdministrativeStaff(DummyIndividual),Lecturer(DummyIndividual)}
3,31;{AdministrativeStaff(DummyIndividual),Dean(DummyIndividual)}
3,31;{AdministrativeStaff(DummyIndividual),FullProfessor(DummyIndividual)}
3,31;{AdministrativeStaff(DummyIndividual),VisitingProfessor(DummyIndividual)}
3,31;{AdministrativeStaff(DummyIndividual),AssociateProfessor(DummyIndividual)}
3,31;{ClericalStaff(DummyIndividual),AssistantProfessor(DummyIndividual)}
3,31;{ClericalStaff(DummyIndividual),Chair(DummyIndividual)}
3,31;{ClericalStaff(DummyIndividual),PostDoc(DummyIndividual)}
3,31;{ClericalStaff(DummyIndividual),Faculty(DummyIndividual)}
3,31;{ClericalStaff(DummyIndividual),Lecturer(DummyIndividual)}
3,31;{ClericalStaff(DummyIndividual),Dean(DummyIndividual)}
3,31;{ClericalStaff(DummyIndividual),FullProfessor(DummyIndividual)}
3,31;{ClericalStaff(DummyIndividual),VisitingProfessor(DummyIndividual)}
3,31;{ClericalStaff(DummyIndividual),AssociateProfessor(DummyIndividual)}
3,41;{SystemsStaff(DummyIndividual),AssistantProfessor(DummyIndividual)}
3,41;{SystemsStaff(DummyIndividual),Chair(DummyIndividual)}
3,41;{SystemsStaff(DummyIndividual),Faculty(DummyIndividual)}
3,41;{SystemsStaff(DummyIndividual),Dean(DummyIndividual)}
3,41;{SystemsStaff(DummyIndividual),Professor(DummyIndividual)}
3,41;{SystemsStaff(DummyIndividual),FullProfessor(DummyIndividual)}
3,41;{SystemsStaff(DummyIndividual),VisitingProfessor(DummyIndividual)}
3,41;{SystemsStaff(DummyIndividual),AssociateProfessor(DummyIndividual)}
