0,86;{Organization(DummyIndividual),AdministrativeStaff(DummyIndividual),JournalArticle(DummyIndividual)}
1,13;{ClericalStaff(DummyIndividual),Publication(DummyIndividual),Organization(DummyIndividual)}
1,42;{ClericalStaff(DummyIndividual),Publication(DummyIndividual),Institute(DummyIndividual)}
1,64;{ClericalStaff(DummyIndividual),Publication(DummyIndividual),ResearchGroup(DummyIndividual)}
1,90;{ClericalStaff(DummyIndividual),Specification(DummyIndividual),College(DummyIndividual)}
2,10;{Book(DummyIndividual),SystemsStaff(DummyIndividual),Program(DummyIndividual)}
2,29;{University(DummyIndividual),Manual(DummyIndividual),SystemsStaff(DummyIndividual)}
2,59;{University(DummyIndividual),UnofficialPublication(DummyIndividual),ClericalStaff(DummyIndividual)}
2,79;{University(DummyIndividual),UnofficialPublication(DummyIndividual),AdministrativeStaff(DummyIndividual)}
2,89;{Institute(DummyIndividual),AdministrativeStaff(DummyIndividual),ConferencePaper(DummyIndividual)}
2,99;{ResearchGroup(DummyIndividual),AdministrativeStaff(DummyIndividual),ConferencePaper(DummyIndividual)}
3,19;{College(DummyIndividual),AdministrativeStaff(DummyIndividual),ConferencePaper(DummyIndividual)}
3,28;{Organization(DummyIndividual),AdministrativeStaff(DummyIndividual),ConferencePaper(DummyIndividual)}
3,49;{Department(DummyIndividual),AdministrativeStaff(DummyIndividual),ConferencePaper(DummyIndividual)}
3,69;{University(DummyIndividual),AdministrativeStaff(DummyIndividual),ConferencePaper(DummyIndividual)}
3,69;{Program(DummyIndividual),AdministrativeStaff(DummyIndividual),ConferencePaper(DummyIndividual)}
3,98;{Article(DummyIndividual),AdministrativeStaff(DummyIndividual),Department(DummyIndividual)}
4,08;{UnofficialPublication(DummyIndividual),AdministrativeStaff(DummyIndividual),Department(DummyIndividual)}
4,08;{Book(DummyIndividual),AdministrativeStaff(DummyIndividual),Department(DummyIndividual)}
4,29;{JournalArticle(DummyIndividual),AdministrativeStaff(DummyIndividual),Department(DummyIndividual)}
4,29;{Manual(DummyIndividual),AdministrativeStaff(DummyIndividual),Department(DummyIndividual)}
4,47;{Specification(DummyIndividual),AdministrativeStaff(DummyIndividual),Department(DummyIndividual)}
4,66;{Publication(DummyIndividual),AdministrativeStaff(DummyIndividual),Department(DummyIndividual)}
4,66;{TechnicalReport(DummyIndividual),AdministrativeStaff(DummyIndividual),Department(DummyIndividual)}
4,77;{Software(DummyIndividual),AdministrativeStaff(DummyIndividual),Department(DummyIndividual)}
5,11;{SystemsStaff(DummyIndividual),College(DummyIndividual),ConferencePaper(DummyIndividual)}
5,46;{ClericalStaff(DummyIndividual),College(DummyIndividual),ConferencePaper(DummyIndividual)}
5,86;{Specification(DummyIndividual),College(DummyIndividual),SystemsStaff(DummyIndividual)}
6,08;{Publication(DummyIndividual),College(DummyIndividual),SystemsStaff(DummyIndividual)}
6,28;{Article(DummyIndividual),College(DummyIndividual),SystemsStaff(DummyIndividual)}
6,28;{Software(DummyIndividual),College(DummyIndividual),SystemsStaff(DummyIndividual)}
6,36;{JournalArticle(DummyIndividual),College(DummyIndividual),SystemsStaff(DummyIndividual)}
6,36;{UnofficialPublication(DummyIndividual),College(DummyIndividual),SystemsStaff(DummyIndividual)}
6,46;{Book(DummyIndividual),College(DummyIndividual),SystemsStaff(DummyIndividual)}
6,56;{Manual(DummyIndividual),College(DummyIndividual),SystemsStaff(DummyIndividual)}
6,76;{TechnicalReport(DummyIndividual),College(DummyIndividual),SystemsStaff(DummyIndividual)}
7,06;{AdministrativeStaff(DummyIndividual),Article(DummyIndividual),Organization(DummyIndividual)}
7,06;{AdministrativeStaff(DummyIndividual),Article(DummyIndividual),College(DummyIndividual)}
7,06;{AdministrativeStaff(DummyIndividual),Article(DummyIndividual),Program(DummyIndividual)}
7,06;{AdministrativeStaff(DummyIndividual),Article(DummyIndividual),Institute(DummyIndividual)}
7,06;{AdministrativeStaff(DummyIndividual),Article(DummyIndividual),University(DummyIndividual)}
7,16;{AdministrativeStaff(DummyIndividual),Article(DummyIndividual),ResearchGroup(DummyIndividual)}
7,16;{AdministrativeStaff(DummyIndividual),UnofficialPublication(DummyIndividual),Organization(DummyIndividual)}
7,16;{AdministrativeStaff(DummyIndividual),UnofficialPublication(DummyIndividual),College(DummyIndividual)}
7,16;{AdministrativeStaff(DummyIndividual),UnofficialPublication(DummyIndividual),Program(DummyIndividual)}
7,16;{AdministrativeStaff(DummyIndividual),UnofficialPublication(DummyIndividual),Institute(DummyIndividual)}
7,16;{AdministrativeStaff(DummyIndividual),UnofficialPublication(DummyIndividual),ResearchGroup(DummyIndividual)}
7,16;{AdministrativeStaff(DummyIndividual),College(DummyIndividual),TechnicalReport(DummyIndividual)}
7,16;{AdministrativeStaff(DummyIndividual),College(DummyIndividual),JournalArticle(DummyIndividual)}
7,26;{AdministrativeStaff(DummyIndividual),College(DummyIndividual),Publication(DummyIndividual)}
7,26;{AdministrativeStaff(DummyIndividual),College(DummyIndividual),Book(DummyIndividual)}
7,26;{AdministrativeStaff(DummyIndividual),College(DummyIndividual),Manual(DummyIndividual)}
7,26;{AdministrativeStaff(DummyIndividual),College(DummyIndividual),Specification(DummyIndividual)}
7,26;{AdministrativeStaff(DummyIndividual),College(DummyIndividual),Software(DummyIndividual)}
7,26;{AdministrativeStaff(DummyIndividual),TechnicalReport(DummyIndividual),Organization(DummyIndividual)}
7,26;{AdministrativeStaff(DummyIndividual),TechnicalReport(DummyIndividual),Program(DummyIndividual)}
7,26;{AdministrativeStaff(DummyIndividual),TechnicalReport(DummyIndividual),Institute(DummyIndividual)}
7,26;{AdministrativeStaff(DummyIndividual),TechnicalReport(DummyIndividual),University(DummyIndividual)}
7,26;{AdministrativeStaff(DummyIndividual),TechnicalReport(DummyIndividual),ResearchGroup(DummyIndividual)}
7,38;{AdministrativeStaff(DummyIndividual),Program(DummyIndividual),JournalArticle(DummyIndividual)}
7,38;{AdministrativeStaff(DummyIndividual),Program(DummyIndividual),Publication(DummyIndividual)}
7,38;{AdministrativeStaff(DummyIndividual),Program(DummyIndividual),Book(DummyIndividual)}
7,38;{AdministrativeStaff(DummyIndividual),Program(DummyIndividual),Manual(DummyIndividual)}
7,38;{AdministrativeStaff(DummyIndividual),Program(DummyIndividual),Specification(DummyIndividual)}
7,38;{AdministrativeStaff(DummyIndividual),Program(DummyIndividual),Software(DummyIndividual)}
7,38;{AdministrativeStaff(DummyIndividual),Institute(DummyIndividual),JournalArticle(DummyIndividual)}
7,38;{AdministrativeStaff(DummyIndividual),Institute(DummyIndividual),Publication(DummyIndividual)}
7,49;{AdministrativeStaff(DummyIndividual),Institute(DummyIndividual),Book(DummyIndividual)}
7,49;{AdministrativeStaff(DummyIndividual),Institute(DummyIndividual),Manual(DummyIndividual)}
7,49;{AdministrativeStaff(DummyIndividual),Institute(DummyIndividual),Specification(DummyIndividual)}
7,49;{AdministrativeStaff(DummyIndividual),Institute(DummyIndividual),Software(DummyIndividual)}
7,49;{AdministrativeStaff(DummyIndividual),JournalArticle(DummyIndividual),University(DummyIndividual)}
7,49;{AdministrativeStaff(DummyIndividual),JournalArticle(DummyIndividual),ResearchGroup(DummyIndividual)}
7,49;{AdministrativeStaff(DummyIndividual),Publication(DummyIndividual),Organization(DummyIndividual)}
7,49;{AdministrativeStaff(DummyIndividual),Publication(DummyIndividual),University(DummyIndividual)}
7,49;{AdministrativeStaff(DummyIndividual),Publication(DummyIndividual),ResearchGroup(DummyIndividual)}
7,49;{AdministrativeStaff(DummyIndividual),Book(DummyIndividual),Organization(DummyIndividual)}
7,60;{AdministrativeStaff(DummyIndividual),Book(DummyIndividual),University(DummyIndividual)}
7,60;{AdministrativeStaff(DummyIndividual),Book(DummyIndividual),ResearchGroup(DummyIndividual)}
7,71;{AdministrativeStaff(DummyIndividual),Manual(DummyIndividual),Organization(DummyIndividual)}
7,71;{AdministrativeStaff(DummyIndividual),Manual(DummyIndividual),University(DummyIndividual)}
7,71;{AdministrativeStaff(DummyIndividual),Manual(DummyIndividual),ResearchGroup(DummyIndividual)}
7,71;{AdministrativeStaff(DummyIndividual),Specification(DummyIndividual),Organization(DummyIndividual)}
7,71;{AdministrativeStaff(DummyIndividual),Specification(DummyIndividual),University(DummyIndividual)}
7,71;{AdministrativeStaff(DummyIndividual),Specification(DummyIndividual),ResearchGroup(DummyIndividual)}
7,71;{AdministrativeStaff(DummyIndividual),Software(DummyIndividual),Organization(DummyIndividual)}
7,71;{AdministrativeStaff(DummyIndividual),Software(DummyIndividual),University(DummyIndividual)}
7,71;{AdministrativeStaff(DummyIndividual),Software(DummyIndividual),ResearchGroup(DummyIndividual)}
7,80;{College(DummyIndividual),Article(DummyIndividual),ClericalStaff(DummyIndividual)}
7,80;{College(DummyIndividual),TechnicalReport(DummyIndividual),ClericalStaff(DummyIndividual)}
7,93;{College(DummyIndividual),ClericalStaff(DummyIndividual),UnofficialPublication(DummyIndividual)}
7,93;{College(DummyIndividual),ClericalStaff(DummyIndividual),JournalArticle(DummyIndividual)}
7,93;{College(DummyIndividual),ClericalStaff(DummyIndividual),Publication(DummyIndividual)}
7,93;{College(DummyIndividual),ClericalStaff(DummyIndividual),Book(DummyIndividual)}
7,93;{College(DummyIndividual),ClericalStaff(DummyIndividual),Manual(DummyIndividual)}
7,93;{College(DummyIndividual),ClericalStaff(DummyIndividual),Software(DummyIndividual)}
8,13;{ClericalStaff(DummyIndividual),Article(DummyIndividual),Organization(DummyIndividual)}
8,13;{ClericalStaff(DummyIndividual),Article(DummyIndividual),Program(DummyIndividual)}
8,13;{ClericalStaff(DummyIndividual),Article(DummyIndividual),Institute(DummyIndividual)}
8,13;{ClericalStaff(DummyIndividual),Article(DummyIndividual),University(DummyIndividual)}
8,22;{ClericalStaff(DummyIndividual),Article(DummyIndividual),Department(DummyIndividual)}
8,22;{ClericalStaff(DummyIndividual),Article(DummyIndividual),ResearchGroup(DummyIndividual)}
8,22;{ClericalStaff(DummyIndividual),ConferencePaper(DummyIndividual),Organization(DummyIndividual)}
8,22;{ClericalStaff(DummyIndividual),ConferencePaper(DummyIndividual),Program(DummyIndividual)}
8,22;{ClericalStaff(DummyIndividual),ConferencePaper(DummyIndividual),Institute(DummyIndividual)}
8,22;{ClericalStaff(DummyIndividual),ConferencePaper(DummyIndividual),University(DummyIndividual)}
8,22;{ClericalStaff(DummyIndividual),ConferencePaper(DummyIndividual),Department(DummyIndividual)}
8,32;{ClericalStaff(DummyIndividual),ConferencePaper(DummyIndividual),ResearchGroup(DummyIndividual)}
8,33;{ClericalStaff(DummyIndividual),UnofficialPublication(DummyIndividual),Organization(DummyIndividual)}
8,33;{ClericalStaff(DummyIndividual),UnofficialPublication(DummyIndividual),Program(DummyIndividual)}
8,33;{ClericalStaff(DummyIndividual),UnofficialPublication(DummyIndividual),Institute(DummyIndividual)}
8,33;{ClericalStaff(DummyIndividual),UnofficialPublication(DummyIndividual),Department(DummyIndividual)}
8,33;{ClericalStaff(DummyIndividual),UnofficialPublication(DummyIndividual),ResearchGroup(DummyIndividual)}
8,33;{ClericalStaff(DummyIndividual),TechnicalReport(DummyIndividual),Organization(DummyIndividual)}
8,43;{ClericalStaff(DummyIndividual),TechnicalReport(DummyIndividual),Program(DummyIndividual)}
8,43;{ClericalStaff(DummyIndividual),TechnicalReport(DummyIndividual),Institute(DummyIndividual)}
8,43;{ClericalStaff(DummyIndividual),TechnicalReport(DummyIndividual),University(DummyIndividual)}
8,43;{ClericalStaff(DummyIndividual),TechnicalReport(DummyIndividual),Department(DummyIndividual)}
8,43;{ClericalStaff(DummyIndividual),TechnicalReport(DummyIndividual),ResearchGroup(DummyIndividual)}
8,43;{ClericalStaff(DummyIndividual),Program(DummyIndividual),JournalArticle(DummyIndividual)}
8,54;{ClericalStaff(DummyIndividual),Program(DummyIndividual),Publication(DummyIndividual)}
8,54;{ClericalStaff(DummyIndividual),Program(DummyIndividual),Book(DummyIndividual)}
8,54;{ClericalStaff(DummyIndividual),Program(DummyIndividual),Manual(DummyIndividual)}
8,54;{ClericalStaff(DummyIndividual),Program(DummyIndividual),Specification(DummyIndividual)}
8,54;{ClericalStaff(DummyIndividual),Program(DummyIndividual),Software(DummyIndividual)}
8,54;{ClericalStaff(DummyIndividual),Institute(DummyIndividual),JournalArticle(DummyIndividual)}
8,54;{ClericalStaff(DummyIndividual),Institute(DummyIndividual),Book(DummyIndividual)}
8,54;{ClericalStaff(DummyIndividual),Institute(DummyIndividual),Manual(DummyIndividual)}
8,54;{ClericalStaff(DummyIndividual),Institute(DummyIndividual),Specification(DummyIndividual)}
8,54;{ClericalStaff(DummyIndividual),Institute(DummyIndividual),Software(DummyIndividual)}
8,54;{ClericalStaff(DummyIndividual),JournalArticle(DummyIndividual),Organization(DummyIndividual)}
8,64;{ClericalStaff(DummyIndividual),JournalArticle(DummyIndividual),University(DummyIndividual)}
8,64;{ClericalStaff(DummyIndividual),JournalArticle(DummyIndividual),Department(DummyIndividual)}
8,64;{ClericalStaff(DummyIndividual),JournalArticle(DummyIndividual),ResearchGroup(DummyIndividual)}
8,64;{ClericalStaff(DummyIndividual),Department(DummyIndividual),Publication(DummyIndividual)}
8,64;{ClericalStaff(DummyIndividual),Department(DummyIndividual),Book(DummyIndividual)}
8,64;{ClericalStaff(DummyIndividual),Department(DummyIndividual),Manual(DummyIndividual)}
8,64;{ClericalStaff(DummyIndividual),Department(DummyIndividual),Specification(DummyIndividual)}
8,64;{ClericalStaff(DummyIndividual),Department(DummyIndividual),Software(DummyIndividual)}
8,64;{ClericalStaff(DummyIndividual),Publication(DummyIndividual),University(DummyIndividual)}
8,74;{ClericalStaff(DummyIndividual),Book(DummyIndividual),Organization(DummyIndividual)}
8,74;{ClericalStaff(DummyIndividual),Book(DummyIndividual),University(DummyIndividual)}
8,74;{ClericalStaff(DummyIndividual),Book(DummyIndividual),ResearchGroup(DummyIndividual)}
8,74;{ClericalStaff(DummyIndividual),Manual(DummyIndividual),Organization(DummyIndividual)}
8,86;{ClericalStaff(DummyIndividual),Manual(DummyIndividual),University(DummyIndividual)}
8,86;{ClericalStaff(DummyIndividual),Manual(DummyIndividual),ResearchGroup(DummyIndividual)}
8,86;{ClericalStaff(DummyIndividual),Specification(DummyIndividual),Organization(DummyIndividual)}
8,86;{ClericalStaff(DummyIndividual),Specification(DummyIndividual),University(DummyIndividual)}
8,86;{ClericalStaff(DummyIndividual),Specification(DummyIndividual),ResearchGroup(DummyIndividual)}
8,86;{ClericalStaff(DummyIndividual),Software(DummyIndividual),Organization(DummyIndividual)}
8,86;{ClericalStaff(DummyIndividual),Software(DummyIndividual),University(DummyIndividual)}
8,86;{ClericalStaff(DummyIndividual),Software(DummyIndividual),ResearchGroup(DummyIndividual)}
8,97;{SystemsStaff(DummyIndividual),Article(DummyIndividual),Organization(DummyIndividual)}
8,97;{SystemsStaff(DummyIndividual),Article(DummyIndividual),Program(DummyIndividual)}
8,97;{SystemsStaff(DummyIndividual),Article(DummyIndividual),Institute(DummyIndividual)}
8,97;{SystemsStaff(DummyIndividual),Article(DummyIndividual),University(DummyIndividual)}
8,97;{SystemsStaff(DummyIndividual),Article(DummyIndividual),Department(DummyIndividual)}
8,97;{SystemsStaff(DummyIndividual),Article(DummyIndividual),ResearchGroup(DummyIndividual)}
8,97;{SystemsStaff(DummyIndividual),Organization(DummyIndividual),ConferencePaper(DummyIndividual)}
8,97;{SystemsStaff(DummyIndividual),Organization(DummyIndividual),UnofficialPublication(DummyIndividual)}
8,97;{SystemsStaff(DummyIndividual),Organization(DummyIndividual),TechnicalReport(DummyIndividual)}
8,97;{SystemsStaff(DummyIndividual),Organization(DummyIndividual),JournalArticle(DummyIndividual)}
9,06;{SystemsStaff(DummyIndividual),Organization(DummyIndividual),Publication(DummyIndividual)}
9,06;{SystemsStaff(DummyIndividual),Organization(DummyIndividual),Book(DummyIndividual)}
9,06;{SystemsStaff(DummyIndividual),Organization(DummyIndividual),Manual(DummyIndividual)}
9,06;{SystemsStaff(DummyIndividual),Organization(DummyIndividual),Specification(DummyIndividual)}
9,06;{SystemsStaff(DummyIndividual),Organization(DummyIndividual),Software(DummyIndividual)}
9,06;{SystemsStaff(DummyIndividual),ConferencePaper(DummyIndividual),Program(DummyIndividual)}
9,06;{SystemsStaff(DummyIndividual),ConferencePaper(DummyIndividual),Institute(DummyIndividual)}
9,06;{SystemsStaff(DummyIndividual),ConferencePaper(DummyIndividual),University(DummyIndividual)}
9,06;{SystemsStaff(DummyIndividual),ConferencePaper(DummyIndividual),Department(DummyIndividual)}
9,16;{SystemsStaff(DummyIndividual),ConferencePaper(DummyIndividual),ResearchGroup(DummyIndividual)}
9,16;{SystemsStaff(DummyIndividual),UnofficialPublication(DummyIndividual),Program(DummyIndividual)}
9,16;{SystemsStaff(DummyIndividual),UnofficialPublication(DummyIndividual),Institute(DummyIndividual)}
9,16;{SystemsStaff(DummyIndividual),UnofficialPublication(DummyIndividual),University(DummyIndividual)}
9,16;{SystemsStaff(DummyIndividual),UnofficialPublication(DummyIndividual),Department(DummyIndividual)}
9,16;{SystemsStaff(DummyIndividual),UnofficialPublication(DummyIndividual),ResearchGroup(DummyIndividual)}
9,24;{SystemsStaff(DummyIndividual),TechnicalReport(DummyIndividual),Program(DummyIndividual)}
9,24;{SystemsStaff(DummyIndividual),TechnicalReport(DummyIndividual),Institute(DummyIndividual)}
9,24;{SystemsStaff(DummyIndividual),TechnicalReport(DummyIndividual),University(DummyIndividual)}
9,24;{SystemsStaff(DummyIndividual),TechnicalReport(DummyIndividual),Department(DummyIndividual)}
9,24;{SystemsStaff(DummyIndividual),TechnicalReport(DummyIndividual),ResearchGroup(DummyIndividual)}
9,32;{SystemsStaff(DummyIndividual),Program(DummyIndividual),JournalArticle(DummyIndividual)}
9,32;{SystemsStaff(DummyIndividual),Program(DummyIndividual),Publication(DummyIndividual)}
9,42;{SystemsStaff(DummyIndividual),Program(DummyIndividual),Manual(DummyIndividual)}
9,42;{SystemsStaff(DummyIndividual),Program(DummyIndividual),Specification(DummyIndividual)}
9,42;{SystemsStaff(DummyIndividual),Program(DummyIndividual),Software(DummyIndividual)}
9,42;{SystemsStaff(DummyIndividual),Institute(DummyIndividual),JournalArticle(DummyIndividual)}
9,42;{SystemsStaff(DummyIndividual),Institute(DummyIndividual),Publication(DummyIndividual)}
9,42;{SystemsStaff(DummyIndividual),Institute(DummyIndividual),Book(DummyIndividual)}
9,42;{SystemsStaff(DummyIndividual),Institute(DummyIndividual),Manual(DummyIndividual)}
9,42;{SystemsStaff(DummyIndividual),Institute(DummyIndividual),Specification(DummyIndividual)}
9,42;{SystemsStaff(DummyIndividual),Institute(DummyIndividual),Software(DummyIndividual)}
9,53;{SystemsStaff(DummyIndividual),JournalArticle(DummyIndividual),University(DummyIndividual)}
9,53;{SystemsStaff(DummyIndividual),JournalArticle(DummyIndividual),Department(DummyIndividual)}
9,53;{SystemsStaff(DummyIndividual),JournalArticle(DummyIndividual),ResearchGroup(DummyIndividual)}
9,53;{SystemsStaff(DummyIndividual),University(DummyIndividual),Publication(DummyIndividual)}
9,53;{SystemsStaff(DummyIndividual),University(DummyIndividual),Book(DummyIndividual)}
9,53;{SystemsStaff(DummyIndividual),University(DummyIndividual),Specification(DummyIndividual)}
9,53;{SystemsStaff(DummyIndividual),University(DummyIndividual),Software(DummyIndividual)}
9,63;{SystemsStaff(DummyIndividual),Department(DummyIndividual),Publication(DummyIndividual)}
9,63;{SystemsStaff(DummyIndividual),Department(DummyIndividual),Book(DummyIndividual)}
9,63;{SystemsStaff(DummyIndividual),Department(DummyIndividual),Manual(DummyIndividual)}
9,63;{SystemsStaff(DummyIndividual),Department(DummyIndividual),Specification(DummyIndividual)}
9,63;{SystemsStaff(DummyIndividual),Department(DummyIndividual),Software(DummyIndividual)}
9,63;{SystemsStaff(DummyIndividual),Book(DummyIndividual),ResearchGroup(DummyIndividual)}
9,75;{SystemsStaff(DummyIndividual),Specification(DummyIndividual),ResearchGroup(DummyIndividual)}
9,75;{SystemsStaff(DummyIndividual),Software(DummyIndividual),ResearchGroup(DummyIndividual)}
9,75;{SystemsStaff(DummyIndividual),ResearchGroup(DummyIndividual),Publication(DummyIndividual)}
9,75;{SystemsStaff(DummyIndividual),ResearchGroup(DummyIndividual),Manual(DummyIndividual)}
