0,92;{GraduateStudent(DummyIndividual),GraduateCourse(DummyIndividual),JournalArticle(DummyIndividual)}
1,33;{GraduateStudent(DummyIndividual),GraduateCourse(DummyIndividual),TechnicalReport(DummyIndividual)}
1,62;{GraduateStudent(DummyIndividual),GraduateCourse(DummyIndividual),Article(DummyIndividual)}
1,99;{ConferencePaper(DummyIndividual),UndergraduateStudent(DummyIndividual),Course(DummyIndividual)}
2,29;{ConferencePaper(DummyIndividual),UndergraduateStudent(DummyIndividual),GraduateCourse(DummyIndividual)}
4,23;{GraduateCourse(DummyIndividual),JournalArticle(DummyIndividual),UndergraduateStudent(DummyIndividual)}
4,33;{Course(DummyIndividual),JournalArticle(DummyIndividual),UndergraduateStudent(DummyIndividual)}
4,54;{TechnicalReport(DummyIndividual),Student(DummyIndividual),GraduateCourse(DummyIndividual)}
4,54;{TechnicalReport(DummyIndividual),Student(DummyIndividual),Course(DummyIndividual)}
4,54;{TechnicalReport(DummyIndividual),UndergraduateStudent(DummyIndividual),GraduateCourse(DummyIndividual)}
4,64;{TechnicalReport(DummyIndividual),UndergraduateStudent(DummyIndividual),Course(DummyIndividual)}
5,24;{TechnicalReport(DummyIndividual),GraduateStudent(DummyIndividual),Course(DummyIndividual)}
5,24;{GraduateCourse(DummyIndividual),Student(DummyIndividual),Article(DummyIndividual)}
5,24;{GraduateCourse(DummyIndividual),Student(DummyIndividual),ConferencePaper(DummyIndividual)}
5,24;{GraduateCourse(DummyIndividual),Student(DummyIndividual),JournalArticle(DummyIndividual)}
5,34;{GraduateCourse(DummyIndividual),UndergraduateStudent(DummyIndividual),Article(DummyIndividual)}
5,34;{GraduateCourse(DummyIndividual),GraduateStudent(DummyIndividual),ConferencePaper(DummyIndividual)}
5,34;{JournalArticle(DummyIndividual),Student(DummyIndividual),Course(DummyIndividual)}
5,46;{JournalArticle(DummyIndividual),GraduateStudent(DummyIndividual),Course(DummyIndividual)}
5,46;{Course(DummyIndividual),Student(DummyIndividual),Article(DummyIndividual)}
5,46;{Course(DummyIndividual),Student(DummyIndividual),ConferencePaper(DummyIndividual)}
5,46;{Course(DummyIndividual),UndergraduateStudent(DummyIndividual),Article(DummyIndividual)}
5,59;{Course(DummyIndividual),GraduateStudent(DummyIndividual),Article(DummyIndividual)}
5,59;{Course(DummyIndividual),GraduateStudent(DummyIndividual),ConferencePaper(DummyIndividual)}
