0,68;{Work(DummyIndividual),Director(DummyIndividual)}
0,88;{Work(DummyIndividual),Employee(DummyIndividual)}
0,88;{Work(DummyIndividual),FullProfessor(DummyIndividual)}
1,06;{Work(DummyIndividual),AssociateProfessor(DummyIndividual)}
1,16;{Work(DummyIndividual),Faculty(DummyIndividual)}
1,45;{AdministrativeStaff(DummyIndividual),Research(DummyIndividual)}
1,64;{GraduateCourse(DummyIndividual),Professor(DummyIndividual)}
1,74;{GraduateCourse(DummyIndividual),Chair(DummyIndividual)}
1,85;{GraduateCourse(DummyIndividual),AdministrativeStaff(DummyIndividual)}
2,04;{Course(DummyIndividual),AssistantProfessor(DummyIndividual)}
2,14;{SystemsStaff(DummyIndividual),Course(DummyIndividual)}
2,36;{PostDoc(DummyIndividual),GraduateCourse(DummyIndividual)}
2,56;{PostDoc(DummyIndividual),Work(DummyIndividual)}
2,56;{Employee(DummyIndividual),GraduateCourse(DummyIndividual)}
2,66;{Employee(DummyIndividual),Course(DummyIndividual)}
2,66;{Employee(DummyIndividual),Research(DummyIndividual)}
3,25;{Director(DummyIndividual),GraduateCourse(DummyIndividual)}
3,25;{Director(DummyIndividual),Course(DummyIndividual)}
3,25;{Director(DummyIndividual),Research(DummyIndividual)}
4,54;{AdministrativeStaff(DummyIndividual),Work(DummyIndividual)}
4,54;{AdministrativeStaff(DummyIndividual),Course(DummyIndividual)}
4,54;{AssistantProfessor(DummyIndividual),Work(DummyIndividual)}
4,54;{AssistantProfessor(DummyIndividual),GraduateCourse(DummyIndividual)}
4,54;{AssistantProfessor(DummyIndividual),Research(DummyIndividual)}
4,65;{Chair(DummyIndividual),Work(DummyIndividual)}
4,65;{Chair(DummyIndividual),Course(DummyIndividual)}
4,65;{Chair(DummyIndividual),Research(DummyIndividual)}
4,65;{ClericalStaff(DummyIndividual),Work(DummyIndividual)}
4,65;{ClericalStaff(DummyIndividual),GraduateCourse(DummyIndividual)}
4,65;{ClericalStaff(DummyIndividual),Course(DummyIndividual)}
4,65;{ClericalStaff(DummyIndividual),Research(DummyIndividual)}
4,65;{SystemsStaff(DummyIndividual),Work(DummyIndividual)}
4,65;{SystemsStaff(DummyIndividual),GraduateCourse(DummyIndividual)}
4,65;{SystemsStaff(DummyIndividual),Research(DummyIndividual)}
4,65;{ResearchAssistant(DummyIndividual),Work(DummyIndividual)}
4,76;{ResearchAssistant(DummyIndividual),GraduateCourse(DummyIndividual)}
4,76;{ResearchAssistant(DummyIndividual),Course(DummyIndividual)}
4,76;{ResearchAssistant(DummyIndividual),Research(DummyIndividual)}
4,76;{GraduateCourse(DummyIndividual),Faculty(DummyIndividual)}
4,76;{GraduateCourse(DummyIndividual),Lecturer(DummyIndividual)}
4,76;{GraduateCourse(DummyIndividual),Dean(DummyIndividual)}
4,76;{GraduateCourse(DummyIndividual),FullProfessor(DummyIndividual)}
4,76;{GraduateCourse(DummyIndividual),VisitingProfessor(DummyIndividual)}
4,76;{GraduateCourse(DummyIndividual),AssociateProfessor(DummyIndividual)}
4,76;{PostDoc(DummyIndividual),Course(DummyIndividual)}
4,85;{PostDoc(DummyIndividual),Research(DummyIndividual)}
4,85;{Faculty(DummyIndividual),Course(DummyIndividual)}
4,85;{Faculty(DummyIndividual),Research(DummyIndividual)}
4,85;{Lecturer(DummyIndividual),Work(DummyIndividual)}
4,85;{Lecturer(DummyIndividual),Course(DummyIndividual)}
4,85;{Lecturer(DummyIndividual),Research(DummyIndividual)}
4,85;{Course(DummyIndividual),Dean(DummyIndividual)}
4,85;{Course(DummyIndividual),Professor(DummyIndividual)}
4,85;{Course(DummyIndividual),FullProfessor(DummyIndividual)}
4,85;{Course(DummyIndividual),VisitingProfessor(DummyIndividual)}
4,97;{Course(DummyIndividual),AssociateProfessor(DummyIndividual)}
4,97;{Research(DummyIndividual),Dean(DummyIndividual)}
4,97;{Research(DummyIndividual),Professor(DummyIndividual)}
4,97;{Research(DummyIndividual),FullProfessor(DummyIndividual)}
4,97;{Research(DummyIndividual),VisitingProfessor(DummyIndividual)}
4,97;{Research(DummyIndividual),AssociateProfessor(DummyIndividual)}
4,97;{Dean(DummyIndividual),Work(DummyIndividual)}
4,97;{Professor(DummyIndividual),Work(DummyIndividual)}
4,97;{VisitingProfessor(DummyIndividual),Work(DummyIndividual)}
