0,72;{ConferencePaper(DummyIndividual),TeachingAssistant(DummyIndividual)}
0,91;{ConferencePaper(DummyIndividual),Faculty(DummyIndividual)}
1,19;{Employee(DummyIndividual),TechnicalReport(DummyIndividual)}
1,45;{Employee(DummyIndividual),ConferencePaper(DummyIndividual)}
1,74;{PostDoc(DummyIndividual),Article(DummyIndividual)}
2,15;{AssociateProfessor(DummyIndividual),JournalArticle(DummyIndividual)}
2,25;{Article(DummyIndividual),Employee(DummyIndividual)}
2,25;{Article(DummyIndividual),Director(DummyIndividual)}
4,00;{Article(DummyIndividual),Person(DummyIndividual)}
4,00;{Article(DummyIndividual),Student(DummyIndividual)}
4,00;{Article(DummyIndividual),AdministrativeStaff(DummyIndividual)}
4,00;{Article(DummyIndividual),AssistantProfessor(DummyIndividual)}
4,00;{Article(DummyIndividual),UndergraduateStudent(DummyIndividual)}
4,00;{Article(DummyIndividual),Chair(DummyIndividual)}
4,00;{Article(DummyIndividual),ClericalStaff(DummyIndividual)}
4,10;{Article(DummyIndividual),SystemsStaff(DummyIndividual)}
4,10;{Article(DummyIndividual),ResearchAssistant(DummyIndividual)}
4,10;{Article(DummyIndividual),Faculty(DummyIndividual)}
4,10;{Article(DummyIndividual),Lecturer(DummyIndividual)}
4,10;{Article(DummyIndividual),TeachingAssistant(DummyIndividual)}
4,10;{Article(DummyIndividual),Dean(DummyIndividual)}
4,10;{Article(DummyIndividual),GraduateStudent(DummyIndividual)}
4,10;{Article(DummyIndividual),Professor(DummyIndividual)}
4,10;{Article(DummyIndividual),FullProfessor(DummyIndividual)}
4,10;{Article(DummyIndividual),VisitingProfessor(DummyIndividual)}
4,10;{Article(DummyIndividual),AssociateProfessor(DummyIndividual)}
4,10;{ConferencePaper(DummyIndividual),Director(DummyIndividual)}
4,20;{ConferencePaper(DummyIndividual),Person(DummyIndividual)}
4,20;{ConferencePaper(DummyIndividual),Student(DummyIndividual)}
4,20;{ConferencePaper(DummyIndividual),AdministrativeStaff(DummyIndividual)}
4,20;{ConferencePaper(DummyIndividual),AssistantProfessor(DummyIndividual)}
4,20;{ConferencePaper(DummyIndividual),UndergraduateStudent(DummyIndividual)}
4,20;{ConferencePaper(DummyIndividual),Chair(DummyIndividual)}
4,20;{ConferencePaper(DummyIndividual),ClericalStaff(DummyIndividual)}
4,20;{ConferencePaper(DummyIndividual),SystemsStaff(DummyIndividual)}
4,20;{ConferencePaper(DummyIndividual),ResearchAssistant(DummyIndividual)}
4,20;{ConferencePaper(DummyIndividual),PostDoc(DummyIndividual)}
4,31;{ConferencePaper(DummyIndividual),Lecturer(DummyIndividual)}
4,31;{ConferencePaper(DummyIndividual),Dean(DummyIndividual)}
4,31;{ConferencePaper(DummyIndividual),GraduateStudent(DummyIndividual)}
4,31;{ConferencePaper(DummyIndividual),Professor(DummyIndividual)}
4,31;{ConferencePaper(DummyIndividual),FullProfessor(DummyIndividual)}
4,31;{ConferencePaper(DummyIndividual),VisitingProfessor(DummyIndividual)}
4,31;{ConferencePaper(DummyIndividual),AssociateProfessor(DummyIndividual)}
4,31;{TechnicalReport(DummyIndividual),Director(DummyIndividual)}
4,31;{TechnicalReport(DummyIndividual),Person(DummyIndividual)}
4,31;{TechnicalReport(DummyIndividual),Student(DummyIndividual)}
4,31;{TechnicalReport(DummyIndividual),AdministrativeStaff(DummyIndividual)}
4,41;{TechnicalReport(DummyIndividual),AssistantProfessor(DummyIndividual)}
4,41;{TechnicalReport(DummyIndividual),UndergraduateStudent(DummyIndividual)}
4,41;{TechnicalReport(DummyIndividual),Chair(DummyIndividual)}
4,41;{TechnicalReport(DummyIndividual),ClericalStaff(DummyIndividual)}
4,41;{TechnicalReport(DummyIndividual),SystemsStaff(DummyIndividual)}
4,41;{TechnicalReport(DummyIndividual),ResearchAssistant(DummyIndividual)}
4,41;{TechnicalReport(DummyIndividual),PostDoc(DummyIndividual)}
4,41;{TechnicalReport(DummyIndividual),Faculty(DummyIndividual)}
4,41;{TechnicalReport(DummyIndividual),Lecturer(DummyIndividual)}
4,41;{TechnicalReport(DummyIndividual),TeachingAssistant(DummyIndividual)}
4,41;{TechnicalReport(DummyIndividual),Dean(DummyIndividual)}
4,51;{TechnicalReport(DummyIndividual),GraduateStudent(DummyIndividual)}
4,51;{TechnicalReport(DummyIndividual),Professor(DummyIndividual)}
4,51;{TechnicalReport(DummyIndividual),FullProfessor(DummyIndividual)}
4,51;{TechnicalReport(DummyIndividual),VisitingProfessor(DummyIndividual)}
4,51;{TechnicalReport(DummyIndividual),AssociateProfessor(DummyIndividual)}
4,51;{JournalArticle(DummyIndividual),Employee(DummyIndividual)}
4,51;{JournalArticle(DummyIndividual),Director(DummyIndividual)}
4,51;{JournalArticle(DummyIndividual),Person(DummyIndividual)}
4,51;{JournalArticle(DummyIndividual),Student(DummyIndividual)}
4,51;{JournalArticle(DummyIndividual),AdministrativeStaff(DummyIndividual)}
4,51;{JournalArticle(DummyIndividual),AssistantProfessor(DummyIndividual)}
4,51;{JournalArticle(DummyIndividual),UndergraduateStudent(DummyIndividual)}
4,61;{JournalArticle(DummyIndividual),Chair(DummyIndividual)}
4,61;{JournalArticle(DummyIndividual),ClericalStaff(DummyIndividual)}
4,61;{JournalArticle(DummyIndividual),SystemsStaff(DummyIndividual)}
4,61;{JournalArticle(DummyIndividual),ResearchAssistant(DummyIndividual)}
4,61;{JournalArticle(DummyIndividual),PostDoc(DummyIndividual)}
4,61;{JournalArticle(DummyIndividual),Faculty(DummyIndividual)}
4,61;{JournalArticle(DummyIndividual),Lecturer(DummyIndividual)}
4,61;{JournalArticle(DummyIndividual),TeachingAssistant(DummyIndividual)}
4,61;{JournalArticle(DummyIndividual),Dean(DummyIndividual)}
4,61;{JournalArticle(DummyIndividual),GraduateStudent(DummyIndividual)}
4,61;{JournalArticle(DummyIndividual),Professor(DummyIndividual)}
4,61;{JournalArticle(DummyIndividual),FullProfessor(DummyIndividual)}
4,72;{JournalArticle(DummyIndividual),VisitingProfessor(DummyIndividual)}
