1,01;{GraduateCourse(DummyIndividual),JournalArticle(DummyIndividual),Institute(DummyIndividual)}
1,29;{Organization(DummyIndividual),GraduateCourse(DummyIndividual),TechnicalReport(DummyIndividual)}
1,60;{Organization(DummyIndividual),GraduateCourse(DummyIndividual),Article(DummyIndividual)}
1,78;{Organization(DummyIndividual),GraduateCourse(DummyIndividual),ConferencePaper(DummyIndividual)}
3,42;{Course(DummyIndividual),ConferencePaper(DummyIndividual),Institute(DummyIndividual)}
3,60;{GraduateCourse(DummyIndividual),ConferencePaper(DummyIndividual),Institute(DummyIndividual)}
3,81;{Article(DummyIndividual),Organization(DummyIndividual),Course(DummyIndividual)}
5,12;{Article(DummyIndividual),College(DummyIndividual),GraduateCourse(DummyIndividual)}
5,12;{Article(DummyIndividual),College(DummyIndividual),Course(DummyIndividual)}
5,12;{Article(DummyIndividual),Program(DummyIndividual),GraduateCourse(DummyIndividual)}
5,12;{Article(DummyIndividual),Program(DummyIndividual),Course(DummyIndividual)}
5,12;{Article(DummyIndividual),Institute(DummyIndividual),GraduateCourse(DummyIndividual)}
5,12;{Article(DummyIndividual),Institute(DummyIndividual),Course(DummyIndividual)}
5,22;{Article(DummyIndividual),University(DummyIndividual),GraduateCourse(DummyIndividual)}
5,22;{Article(DummyIndividual),University(DummyIndividual),Course(DummyIndividual)}
5,22;{Article(DummyIndividual),Department(DummyIndividual),GraduateCourse(DummyIndividual)}
5,22;{Article(DummyIndividual),Department(DummyIndividual),Course(DummyIndividual)}
5,30;{Article(DummyIndividual),ResearchGroup(DummyIndividual),GraduateCourse(DummyIndividual)}
5,30;{Article(DummyIndividual),ResearchGroup(DummyIndividual),Course(DummyIndividual)}
5,30;{ConferencePaper(DummyIndividual),Organization(DummyIndividual),Course(DummyIndividual)}
5,30;{ConferencePaper(DummyIndividual),College(DummyIndividual),GraduateCourse(DummyIndividual)}
5,40;{ConferencePaper(DummyIndividual),College(DummyIndividual),Course(DummyIndividual)}
5,40;{ConferencePaper(DummyIndividual),Program(DummyIndividual),GraduateCourse(DummyIndividual)}
5,40;{ConferencePaper(DummyIndividual),Program(DummyIndividual),Course(DummyIndividual)}
5,40;{ConferencePaper(DummyIndividual),University(DummyIndividual),GraduateCourse(DummyIndividual)}
5,40;{ConferencePaper(DummyIndividual),University(DummyIndividual),Course(DummyIndividual)}
5,40;{ConferencePaper(DummyIndividual),Department(DummyIndividual),GraduateCourse(DummyIndividual)}
5,49;{ConferencePaper(DummyIndividual),Department(DummyIndividual),Course(DummyIndividual)}
5,49;{ConferencePaper(DummyIndividual),ResearchGroup(DummyIndividual),GraduateCourse(DummyIndividual)}
5,49;{ConferencePaper(DummyIndividual),ResearchGroup(DummyIndividual),Course(DummyIndividual)}
5,57;{TechnicalReport(DummyIndividual),Organization(DummyIndividual),Course(DummyIndividual)}
5,57;{TechnicalReport(DummyIndividual),College(DummyIndividual),GraduateCourse(DummyIndividual)}
5,57;{TechnicalReport(DummyIndividual),College(DummyIndividual),Course(DummyIndividual)}
5,57;{TechnicalReport(DummyIndividual),Program(DummyIndividual),GraduateCourse(DummyIndividual)}
5,57;{TechnicalReport(DummyIndividual),Program(DummyIndividual),Course(DummyIndividual)}
5,63;{TechnicalReport(DummyIndividual),Institute(DummyIndividual),GraduateCourse(DummyIndividual)}
5,63;{TechnicalReport(DummyIndividual),Institute(DummyIndividual),Course(DummyIndividual)}
5,63;{TechnicalReport(DummyIndividual),University(DummyIndividual),GraduateCourse(DummyIndividual)}
5,63;{TechnicalReport(DummyIndividual),University(DummyIndividual),Course(DummyIndividual)}
5,63;{TechnicalReport(DummyIndividual),Department(DummyIndividual),GraduateCourse(DummyIndividual)}
5,63;{TechnicalReport(DummyIndividual),Department(DummyIndividual),Course(DummyIndividual)}
5,69;{TechnicalReport(DummyIndividual),ResearchGroup(DummyIndividual),GraduateCourse(DummyIndividual)}
5,69;{TechnicalReport(DummyIndividual),ResearchGroup(DummyIndividual),Course(DummyIndividual)}
5,74;{JournalArticle(DummyIndividual),College(DummyIndividual),GraduateCourse(DummyIndividual)}
5,74;{JournalArticle(DummyIndividual),College(DummyIndividual),Course(DummyIndividual)}
5,74;{JournalArticle(DummyIndividual),GraduateCourse(DummyIndividual),Organization(DummyIndividual)}
5,74;{JournalArticle(DummyIndividual),GraduateCourse(DummyIndividual),Program(DummyIndividual)}
5,74;{JournalArticle(DummyIndividual),GraduateCourse(DummyIndividual),University(DummyIndividual)}
5,80;{JournalArticle(DummyIndividual),GraduateCourse(DummyIndividual),Department(DummyIndividual)}
5,80;{JournalArticle(DummyIndividual),GraduateCourse(DummyIndividual),ResearchGroup(DummyIndividual)}
5,80;{JournalArticle(DummyIndividual),Program(DummyIndividual),Course(DummyIndividual)}
5,80;{JournalArticle(DummyIndividual),University(DummyIndividual),Course(DummyIndividual)}
5,80;{JournalArticle(DummyIndividual),Course(DummyIndividual),Organization(DummyIndividual)}
5,80;{JournalArticle(DummyIndividual),Course(DummyIndividual),Institute(DummyIndividual)}
5,80;{JournalArticle(DummyIndividual),Course(DummyIndividual),Department(DummyIndividual)}
5,87;{JournalArticle(DummyIndividual),Course(DummyIndividual),ResearchGroup(DummyIndividual)}
