0,99;{Research(DummyIndividual),Publication(DummyIndividual),AssociateProfessor(DummyIndividual)}
1,37;{Research(DummyIndividual),Publication(DummyIndividual),AssistantProfessor(DummyIndividual)}
1,65;{Research(DummyIndividual),Publication(DummyIndividual),FullProfessor(DummyIndividual)}
2,04;{Book(DummyIndividual),Course(DummyIndividual),Professor(DummyIndividual)}
2,23;{VisitingProfessor(DummyIndividual),Software(DummyIndividual),Course(DummyIndividual)}
2,50;{VisitingProfessor(DummyIndividual),Software(DummyIndividual),Work(DummyIndividual)}
2,69;{Chair(DummyIndividual),ConferencePaper(DummyIndividual),Research(DummyIndividual)}
2,98;{Chair(DummyIndividual),ConferencePaper(DummyIndividual),GraduateCourse(DummyIndividual)}
5,59;{Chair(DummyIndividual),GraduateCourse(DummyIndividual),UnofficialPublication(DummyIndividual)}
5,59;{FullProfessor(DummyIndividual),GraduateCourse(DummyIndividual),UnofficialPublication(DummyIndividual)}
5,79;{AssociateProfessor(DummyIndividual),GraduateCourse(DummyIndividual),UnofficialPublication(DummyIndividual)}
5,99;{VisitingProfessor(DummyIndividual),GraduateCourse(DummyIndividual),UnofficialPublication(DummyIndividual)}
6,08;{AssistantProfessor(DummyIndividual),GraduateCourse(DummyIndividual),UnofficialPublication(DummyIndividual)}
6,17;{Dean(DummyIndividual),GraduateCourse(DummyIndividual),UnofficialPublication(DummyIndividual)}
6,37;{Professor(DummyIndividual),GraduateCourse(DummyIndividual),UnofficialPublication(DummyIndividual)}
6,57;{Article(DummyIndividual),GraduateCourse(DummyIndividual),Dean(DummyIndividual)}
6,67;{JournalArticle(DummyIndividual),GraduateCourse(DummyIndividual),Dean(DummyIndividual)}
6,78;{Book(DummyIndividual),GraduateCourse(DummyIndividual),Dean(DummyIndividual)}
6,88;{Specification(DummyIndividual),GraduateCourse(DummyIndividual),Dean(DummyIndividual)}
7,19;{Software(DummyIndividual),GraduateCourse(DummyIndividual),Dean(DummyIndividual)}
7,29;{Manual(DummyIndividual),GraduateCourse(DummyIndividual),Dean(DummyIndividual)}
7,29;{Publication(DummyIndividual),GraduateCourse(DummyIndividual),Dean(DummyIndividual)}
7,38;{TechnicalReport(DummyIndividual),GraduateCourse(DummyIndividual),Dean(DummyIndividual)}
7,38;{ConferencePaper(DummyIndividual),GraduateCourse(DummyIndividual),Dean(DummyIndividual)}
7,79;{Work(DummyIndividual),FullProfessor(DummyIndividual),UnofficialPublication(DummyIndividual)}
7,88;{Course(DummyIndividual),FullProfessor(DummyIndividual),UnofficialPublication(DummyIndividual)}
8,07;{Research(DummyIndividual),FullProfessor(DummyIndividual),UnofficialPublication(DummyIndividual)}
8,27;{AssistantProfessor(DummyIndividual),Article(DummyIndividual),Work(DummyIndividual)}
8,38;{AssistantProfessor(DummyIndividual),Article(DummyIndividual),GraduateCourse(DummyIndividual)}
8,38;{AssistantProfessor(DummyIndividual),Article(DummyIndividual),Course(DummyIndividual)}
8,38;{AssistantProfessor(DummyIndividual),Article(DummyIndividual),Research(DummyIndividual)}
8,38;{AssistantProfessor(DummyIndividual),ConferencePaper(DummyIndividual),Work(DummyIndividual)}
8,38;{AssistantProfessor(DummyIndividual),ConferencePaper(DummyIndividual),GraduateCourse(DummyIndividual)}
8,38;{AssistantProfessor(DummyIndividual),ConferencePaper(DummyIndividual),Course(DummyIndividual)}
8,38;{AssistantProfessor(DummyIndividual),ConferencePaper(DummyIndividual),Research(DummyIndividual)}
8,38;{AssistantProfessor(DummyIndividual),UnofficialPublication(DummyIndividual),Work(DummyIndividual)}
8,38;{AssistantProfessor(DummyIndividual),UnofficialPublication(DummyIndividual),Course(DummyIndividual)}
8,47;{AssistantProfessor(DummyIndividual),UnofficialPublication(DummyIndividual),Research(DummyIndividual)}
8,47;{AssistantProfessor(DummyIndividual),TechnicalReport(DummyIndividual),Work(DummyIndividual)}
8,47;{AssistantProfessor(DummyIndividual),TechnicalReport(DummyIndividual),GraduateCourse(DummyIndividual)}
8,47;{AssistantProfessor(DummyIndividual),TechnicalReport(DummyIndividual),Course(DummyIndividual)}
8,47;{AssistantProfessor(DummyIndividual),TechnicalReport(DummyIndividual),Research(DummyIndividual)}
8,47;{AssistantProfessor(DummyIndividual),Work(DummyIndividual),JournalArticle(DummyIndividual)}
8,47;{AssistantProfessor(DummyIndividual),Work(DummyIndividual),Publication(DummyIndividual)}
8,47;{AssistantProfessor(DummyIndividual),Work(DummyIndividual),Book(DummyIndividual)}
8,55;{AssistantProfessor(DummyIndividual),Work(DummyIndividual),Manual(DummyIndividual)}
8,55;{AssistantProfessor(DummyIndividual),Work(DummyIndividual),Specification(DummyIndividual)}
8,55;{AssistantProfessor(DummyIndividual),Work(DummyIndividual),Software(DummyIndividual)}
8,55;{AssistantProfessor(DummyIndividual),GraduateCourse(DummyIndividual),JournalArticle(DummyIndividual)}
8,55;{AssistantProfessor(DummyIndividual),GraduateCourse(DummyIndividual),Publication(DummyIndividual)}
8,55;{AssistantProfessor(DummyIndividual),GraduateCourse(DummyIndividual),Book(DummyIndividual)}
8,55;{AssistantProfessor(DummyIndividual),GraduateCourse(DummyIndividual),Manual(DummyIndividual)}
8,55;{AssistantProfessor(DummyIndividual),GraduateCourse(DummyIndividual),Specification(DummyIndividual)}
8,55;{AssistantProfessor(DummyIndividual),GraduateCourse(DummyIndividual),Software(DummyIndividual)}
8,55;{AssistantProfessor(DummyIndividual),JournalArticle(DummyIndividual),Course(DummyIndividual)}
8,55;{AssistantProfessor(DummyIndividual),JournalArticle(DummyIndividual),Research(DummyIndividual)}
8,67;{AssistantProfessor(DummyIndividual),Course(DummyIndividual),Publication(DummyIndividual)}
8,67;{AssistantProfessor(DummyIndividual),Course(DummyIndividual),Book(DummyIndividual)}
8,67;{AssistantProfessor(DummyIndividual),Course(DummyIndividual),Manual(DummyIndividual)}
8,67;{AssistantProfessor(DummyIndividual),Course(DummyIndividual),Specification(DummyIndividual)}
8,67;{AssistantProfessor(DummyIndividual),Course(DummyIndividual),Software(DummyIndividual)}
8,67;{AssistantProfessor(DummyIndividual),Research(DummyIndividual),Book(DummyIndividual)}
8,67;{AssistantProfessor(DummyIndividual),Research(DummyIndividual),Manual(DummyIndividual)}
8,67;{AssistantProfessor(DummyIndividual),Research(DummyIndividual),Specification(DummyIndividual)}
8,67;{AssistantProfessor(DummyIndividual),Research(DummyIndividual),Software(DummyIndividual)}
8,75;{Work(DummyIndividual),Article(DummyIndividual),Chair(DummyIndividual)}
8,75;{Work(DummyIndividual),Article(DummyIndividual),Dean(DummyIndividual)}
8,75;{Work(DummyIndividual),Article(DummyIndividual),Professor(DummyIndividual)}
8,75;{Work(DummyIndividual),Article(DummyIndividual),FullProfessor(DummyIndividual)}
8,75;{Work(DummyIndividual),Article(DummyIndividual),VisitingProfessor(DummyIndividual)}
8,75;{Work(DummyIndividual),Article(DummyIndividual),AssociateProfessor(DummyIndividual)}
8,75;{Work(DummyIndividual),ConferencePaper(DummyIndividual),Chair(DummyIndividual)}
8,88;{Work(DummyIndividual),ConferencePaper(DummyIndividual),Dean(DummyIndividual)}
8,88;{Work(DummyIndividual),ConferencePaper(DummyIndividual),Professor(DummyIndividual)}
8,88;{Work(DummyIndividual),ConferencePaper(DummyIndividual),FullProfessor(DummyIndividual)}
8,88;{Work(DummyIndividual),ConferencePaper(DummyIndividual),VisitingProfessor(DummyIndividual)}
8,88;{Work(DummyIndividual),ConferencePaper(DummyIndividual),AssociateProfessor(DummyIndividual)}
8,88;{Work(DummyIndividual),UnofficialPublication(DummyIndividual),Chair(DummyIndividual)}
8,88;{Work(DummyIndividual),UnofficialPublication(DummyIndividual),Dean(DummyIndividual)}
8,88;{Work(DummyIndividual),UnofficialPublication(DummyIndividual),Professor(DummyIndividual)}
8,88;{Work(DummyIndividual),UnofficialPublication(DummyIndividual),VisitingProfessor(DummyIndividual)}
8,88;{Work(DummyIndividual),UnofficialPublication(DummyIndividual),AssociateProfessor(DummyIndividual)}
8,88;{Work(DummyIndividual),TechnicalReport(DummyIndividual),Chair(DummyIndividual)}
8,98;{Work(DummyIndividual),TechnicalReport(DummyIndividual),Dean(DummyIndividual)}
8,98;{Work(DummyIndividual),TechnicalReport(DummyIndividual),Professor(DummyIndividual)}
8,98;{Work(DummyIndividual),TechnicalReport(DummyIndividual),FullProfessor(DummyIndividual)}
8,98;{Work(DummyIndividual),TechnicalReport(DummyIndividual),VisitingProfessor(DummyIndividual)}
8,98;{Work(DummyIndividual),TechnicalReport(DummyIndividual),AssociateProfessor(DummyIndividual)}
8,98;{Work(DummyIndividual),JournalArticle(DummyIndividual),Chair(DummyIndividual)}
8,98;{Work(DummyIndividual),JournalArticle(DummyIndividual),Dean(DummyIndividual)}
8,98;{Work(DummyIndividual),JournalArticle(DummyIndividual),Professor(DummyIndividual)}
8,98;{Work(DummyIndividual),JournalArticle(DummyIndividual),FullProfessor(DummyIndividual)}
9,09;{Work(DummyIndividual),JournalArticle(DummyIndividual),VisitingProfessor(DummyIndividual)}
9,09;{Work(DummyIndividual),JournalArticle(DummyIndividual),AssociateProfessor(DummyIndividual)}
9,09;{Work(DummyIndividual),Publication(DummyIndividual),Chair(DummyIndividual)}
9,09;{Work(DummyIndividual),Publication(DummyIndividual),Dean(DummyIndividual)}
9,09;{Work(DummyIndividual),Publication(DummyIndividual),Professor(DummyIndividual)}
9,09;{Work(DummyIndividual),Publication(DummyIndividual),FullProfessor(DummyIndividual)}
9,09;{Work(DummyIndividual),Publication(DummyIndividual),VisitingProfessor(DummyIndividual)}
9,09;{Work(DummyIndividual),Publication(DummyIndividual),AssociateProfessor(DummyIndividual)}
9,09;{Work(DummyIndividual),Book(DummyIndividual),Chair(DummyIndividual)}
9,21;{Work(DummyIndividual),Book(DummyIndividual),Dean(DummyIndividual)}
9,21;{Work(DummyIndividual),Book(DummyIndividual),Professor(DummyIndividual)}
9,21;{Work(DummyIndividual),Book(DummyIndividual),FullProfessor(DummyIndividual)}
9,21;{Work(DummyIndividual),Book(DummyIndividual),VisitingProfessor(DummyIndividual)}
9,21;{Work(DummyIndividual),Book(DummyIndividual),AssociateProfessor(DummyIndividual)}
9,21;{Work(DummyIndividual),Dean(DummyIndividual),Manual(DummyIndividual)}
9,21;{Work(DummyIndividual),Dean(DummyIndividual),Specification(DummyIndividual)}
9,21;{Work(DummyIndividual),Dean(DummyIndividual),Software(DummyIndividual)}
9,21;{Work(DummyIndividual),FullProfessor(DummyIndividual),Manual(DummyIndividual)}
9,21;{Work(DummyIndividual),FullProfessor(DummyIndividual),Specification(DummyIndividual)}
9,21;{Work(DummyIndividual),FullProfessor(DummyIndividual),Software(DummyIndividual)}
9,21;{Work(DummyIndividual),Manual(DummyIndividual),Chair(DummyIndividual)}
9,31;{Work(DummyIndividual),Manual(DummyIndividual),Professor(DummyIndividual)}
9,31;{Work(DummyIndividual),Manual(DummyIndividual),VisitingProfessor(DummyIndividual)}
9,31;{Work(DummyIndividual),Manual(DummyIndividual),AssociateProfessor(DummyIndividual)}
9,31;{Work(DummyIndividual),Specification(DummyIndividual),Chair(DummyIndividual)}
9,31;{Work(DummyIndividual),Specification(DummyIndividual),Professor(DummyIndividual)}
9,31;{Work(DummyIndividual),Specification(DummyIndividual),VisitingProfessor(DummyIndividual)}
9,31;{Work(DummyIndividual),Specification(DummyIndividual),AssociateProfessor(DummyIndividual)}
9,31;{Work(DummyIndividual),Software(DummyIndividual),Chair(DummyIndividual)}
9,41;{Work(DummyIndividual),Software(DummyIndividual),Professor(DummyIndividual)}
9,41;{Work(DummyIndividual),Software(DummyIndividual),AssociateProfessor(DummyIndividual)}
9,41;{GraduateCourse(DummyIndividual),Article(DummyIndividual),Chair(DummyIndividual)}
9,41;{GraduateCourse(DummyIndividual),Article(DummyIndividual),Professor(DummyIndividual)}
9,41;{GraduateCourse(DummyIndividual),Article(DummyIndividual),FullProfessor(DummyIndividual)}
9,41;{GraduateCourse(DummyIndividual),Article(DummyIndividual),VisitingProfessor(DummyIndividual)}
9,41;{GraduateCourse(DummyIndividual),Article(DummyIndividual),AssociateProfessor(DummyIndividual)}
9,52;{GraduateCourse(DummyIndividual),ConferencePaper(DummyIndividual),Professor(DummyIndividual)}
9,52;{GraduateCourse(DummyIndividual),ConferencePaper(DummyIndividual),FullProfessor(DummyIndividual)}
9,52;{GraduateCourse(DummyIndividual),ConferencePaper(DummyIndividual),VisitingProfessor(DummyIndividual)}
9,52;{GraduateCourse(DummyIndividual),ConferencePaper(DummyIndividual),AssociateProfessor(DummyIndividual)}
9,52;{GraduateCourse(DummyIndividual),TechnicalReport(DummyIndividual),Chair(DummyIndividual)}
9,52;{GraduateCourse(DummyIndividual),TechnicalReport(DummyIndividual),Professor(DummyIndividual)}
9,64;{GraduateCourse(DummyIndividual),TechnicalReport(DummyIndividual),FullProfessor(DummyIndividual)}
9,64;{GraduateCourse(DummyIndividual),TechnicalReport(DummyIndividual),VisitingProfessor(DummyIndividual)}
9,64;{GraduateCourse(DummyIndividual),TechnicalReport(DummyIndividual),AssociateProfessor(DummyIndividual)}
9,64;{GraduateCourse(DummyIndividual),JournalArticle(DummyIndividual),Chair(DummyIndividual)}
9,64;{GraduateCourse(DummyIndividual),JournalArticle(DummyIndividual),Professor(DummyIndividual)}
9,64;{GraduateCourse(DummyIndividual),JournalArticle(DummyIndividual),FullProfessor(DummyIndividual)}
9,64;{GraduateCourse(DummyIndividual),JournalArticle(DummyIndividual),VisitingProfessor(DummyIndividual)}
9,64;{GraduateCourse(DummyIndividual),JournalArticle(DummyIndividual),AssociateProfessor(DummyIndividual)}
9,64;{GraduateCourse(DummyIndividual),Publication(DummyIndividual),Chair(DummyIndividual)}
9,75;{GraduateCourse(DummyIndividual),Publication(DummyIndividual),Professor(DummyIndividual)}
9,75;{GraduateCourse(DummyIndividual),Publication(DummyIndividual),FullProfessor(DummyIndividual)}
9,75;{GraduateCourse(DummyIndividual),Publication(DummyIndividual),VisitingProfessor(DummyIndividual)}
9,75;{GraduateCourse(DummyIndividual),Publication(DummyIndividual),AssociateProfessor(DummyIndividual)}
9,75;{GraduateCourse(DummyIndividual),Book(DummyIndividual),Chair(DummyIndividual)}
9,75;{GraduateCourse(DummyIndividual),Book(DummyIndividual),Professor(DummyIndividual)}
9,75;{GraduateCourse(DummyIndividual),Book(DummyIndividual),FullProfessor(DummyIndividual)}
9,75;{GraduateCourse(DummyIndividual),Book(DummyIndividual),VisitingProfessor(DummyIndividual)}
9,75;{GraduateCourse(DummyIndividual),Book(DummyIndividual),AssociateProfessor(DummyIndividual)}
9,75;{GraduateCourse(DummyIndividual),Manual(DummyIndividual),Chair(DummyIndividual)}
9,75;{GraduateCourse(DummyIndividual),Manual(DummyIndividual),Professor(DummyIndividual)}
9,85;{GraduateCourse(DummyIndividual),Manual(DummyIndividual),FullProfessor(DummyIndividual)}
9,85;{GraduateCourse(DummyIndividual),Manual(DummyIndividual),VisitingProfessor(DummyIndividual)}
9,85;{GraduateCourse(DummyIndividual),Manual(DummyIndividual),AssociateProfessor(DummyIndividual)}
9,85;{GraduateCourse(DummyIndividual),Specification(DummyIndividual),Chair(DummyIndividual)}
9,85;{GraduateCourse(DummyIndividual),Specification(DummyIndividual),Professor(DummyIndividual)}
9,85;{GraduateCourse(DummyIndividual),Specification(DummyIndividual),FullProfessor(DummyIndividual)}
9,85;{GraduateCourse(DummyIndividual),Specification(DummyIndividual),VisitingProfessor(DummyIndividual)}
9,85;{GraduateCourse(DummyIndividual),Specification(DummyIndividual),AssociateProfessor(DummyIndividual)}
9,85;{GraduateCourse(DummyIndividual),VisitingProfessor(DummyIndividual),Software(DummyIndividual)}
9,85;{GraduateCourse(DummyIndividual),Software(DummyIndividual),Chair(DummyIndividual)}
9,85;{GraduateCourse(DummyIndividual),Software(DummyIndividual),Professor(DummyIndividual)}
9,85;{GraduateCourse(DummyIndividual),Software(DummyIndividual),FullProfessor(DummyIndividual)}
9,85;{GraduateCourse(DummyIndividual),Software(DummyIndividual),AssociateProfessor(DummyIndividual)}
9,96;{Course(DummyIndividual),Article(DummyIndividual),Chair(DummyIndividual)}
9,96;{Course(DummyIndividual),Article(DummyIndividual),Dean(DummyIndividual)}
9,96;{Course(DummyIndividual),Article(DummyIndividual),Professor(DummyIndividual)}
9,96;{Course(DummyIndividual),Article(DummyIndividual),FullProfessor(DummyIndividual)}
9,96;{Course(DummyIndividual),Article(DummyIndividual),VisitingProfessor(DummyIndividual)}
9,96;{Course(DummyIndividual),Article(DummyIndividual),AssociateProfessor(DummyIndividual)}
9,96;{Course(DummyIndividual),ConferencePaper(DummyIndividual),Chair(DummyIndividual)}
9,96;{Course(DummyIndividual),ConferencePaper(DummyIndividual),Dean(DummyIndividual)}
9,96;{Course(DummyIndividual),ConferencePaper(DummyIndividual),Professor(DummyIndividual)}
10,07;{Course(DummyIndividual),ConferencePaper(DummyIndividual),FullProfessor(DummyIndividual)}
10,07;{Course(DummyIndividual),ConferencePaper(DummyIndividual),VisitingProfessor(DummyIndividual)}
10,07;{Course(DummyIndividual),ConferencePaper(DummyIndividual),AssociateProfessor(DummyIndividual)}
10,07;{Course(DummyIndividual),UnofficialPublication(DummyIndividual),Chair(DummyIndividual)}
10,07;{Course(DummyIndividual),UnofficialPublication(DummyIndividual),Dean(DummyIndividual)}
10,07;{Course(DummyIndividual),UnofficialPublication(DummyIndividual),Professor(DummyIndividual)}
10,07;{Course(DummyIndividual),UnofficialPublication(DummyIndividual),VisitingProfessor(DummyIndividual)}
10,07;{Course(DummyIndividual),UnofficialPublication(DummyIndividual),AssociateProfessor(DummyIndividual)}
10,07;{Course(DummyIndividual),TechnicalReport(DummyIndividual),Chair(DummyIndividual)}
10,07;{Course(DummyIndividual),TechnicalReport(DummyIndividual),Dean(DummyIndividual)}
10,17;{Course(DummyIndividual),TechnicalReport(DummyIndividual),Professor(DummyIndividual)}
10,17;{Course(DummyIndividual),TechnicalReport(DummyIndividual),FullProfessor(DummyIndividual)}
10,17;{Course(DummyIndividual),TechnicalReport(DummyIndividual),VisitingProfessor(DummyIndividual)}
10,17;{Course(DummyIndividual),TechnicalReport(DummyIndividual),AssociateProfessor(DummyIndividual)}
10,28;{Course(DummyIndividual),JournalArticle(DummyIndividual),Chair(DummyIndividual)}
10,28;{Course(DummyIndividual),JournalArticle(DummyIndividual),Dean(DummyIndividual)}
10,28;{Course(DummyIndividual),JournalArticle(DummyIndividual),Professor(DummyIndividual)}
10,28;{Course(DummyIndividual),JournalArticle(DummyIndividual),FullProfessor(DummyIndividual)}
10,28;{Course(DummyIndividual),JournalArticle(DummyIndividual),VisitingProfessor(DummyIndividual)}
10,28;{Course(DummyIndividual),JournalArticle(DummyIndividual),AssociateProfessor(DummyIndividual)}
10,28;{Course(DummyIndividual),Publication(DummyIndividual),Chair(DummyIndividual)}
10,28;{Course(DummyIndividual),Publication(DummyIndividual),Dean(DummyIndividual)}
10,28;{Course(DummyIndividual),Publication(DummyIndividual),Professor(DummyIndividual)}
10,38;{Course(DummyIndividual),Publication(DummyIndividual),FullProfessor(DummyIndividual)}
10,38;{Course(DummyIndividual),Publication(DummyIndividual),VisitingProfessor(DummyIndividual)}
10,38;{Course(DummyIndividual),Publication(DummyIndividual),AssociateProfessor(DummyIndividual)}
10,38;{Course(DummyIndividual),Book(DummyIndividual),Chair(DummyIndividual)}
10,38;{Course(DummyIndividual),Book(DummyIndividual),Dean(DummyIndividual)}
10,38;{Course(DummyIndividual),Book(DummyIndividual),FullProfessor(DummyIndividual)}
10,38;{Course(DummyIndividual),Book(DummyIndividual),VisitingProfessor(DummyIndividual)}
10,38;{Course(DummyIndividual),Book(DummyIndividual),AssociateProfessor(DummyIndividual)}
10,38;{Course(DummyIndividual),Dean(DummyIndividual),Manual(DummyIndividual)}
10,38;{Course(DummyIndividual),Dean(DummyIndividual),Specification(DummyIndividual)}
10,38;{Course(DummyIndividual),Dean(DummyIndividual),Software(DummyIndividual)}
10,48;{Course(DummyIndividual),FullProfessor(DummyIndividual),Manual(DummyIndividual)}
10,48;{Course(DummyIndividual),FullProfessor(DummyIndividual),Specification(DummyIndividual)}
10,48;{Course(DummyIndividual),FullProfessor(DummyIndividual),Software(DummyIndividual)}
10,48;{Course(DummyIndividual),Manual(DummyIndividual),Chair(DummyIndividual)}
10,48;{Course(DummyIndividual),Manual(DummyIndividual),Professor(DummyIndividual)}
10,48;{Course(DummyIndividual),Manual(DummyIndividual),VisitingProfessor(DummyIndividual)}
10,48;{Course(DummyIndividual),Manual(DummyIndividual),AssociateProfessor(DummyIndividual)}
10,48;{Course(DummyIndividual),Specification(DummyIndividual),Chair(DummyIndividual)}
10,48;{Course(DummyIndividual),Specification(DummyIndividual),Professor(DummyIndividual)}
10,48;{Course(DummyIndividual),Specification(DummyIndividual),VisitingProfessor(DummyIndividual)}
10,48;{Course(DummyIndividual),Specification(DummyIndividual),AssociateProfessor(DummyIndividual)}
10,59;{Course(DummyIndividual),Software(DummyIndividual),Chair(DummyIndividual)}
10,59;{Course(DummyIndividual),Software(DummyIndividual),Professor(DummyIndividual)}
10,59;{Course(DummyIndividual),Software(DummyIndividual),AssociateProfessor(DummyIndividual)}
10,59;{Research(DummyIndividual),Article(DummyIndividual),Chair(DummyIndividual)}
10,59;{Research(DummyIndividual),Article(DummyIndividual),Dean(DummyIndividual)}
10,59;{Research(DummyIndividual),Article(DummyIndividual),Professor(DummyIndividual)}
10,59;{Research(DummyIndividual),Article(DummyIndividual),FullProfessor(DummyIndividual)}
10,59;{Research(DummyIndividual),Article(DummyIndividual),VisitingProfessor(DummyIndividual)}
10,59;{Research(DummyIndividual),Article(DummyIndividual),AssociateProfessor(DummyIndividual)}
10,59;{Research(DummyIndividual),ConferencePaper(DummyIndividual),Dean(DummyIndividual)}
10,59;{Research(DummyIndividual),ConferencePaper(DummyIndividual),Professor(DummyIndividual)}
10,69;{Research(DummyIndividual),ConferencePaper(DummyIndividual),FullProfessor(DummyIndividual)}
10,69;{Research(DummyIndividual),ConferencePaper(DummyIndividual),VisitingProfessor(DummyIndividual)}
10,69;{Research(DummyIndividual),ConferencePaper(DummyIndividual),AssociateProfessor(DummyIndividual)}
10,69;{Research(DummyIndividual),UnofficialPublication(DummyIndividual),Chair(DummyIndividual)}
10,69;{Research(DummyIndividual),UnofficialPublication(DummyIndividual),Dean(DummyIndividual)}
10,69;{Research(DummyIndividual),UnofficialPublication(DummyIndividual),Professor(DummyIndividual)}
10,69;{Research(DummyIndividual),UnofficialPublication(DummyIndividual),VisitingProfessor(DummyIndividual)}
10,69;{Research(DummyIndividual),UnofficialPublication(DummyIndividual),AssociateProfessor(DummyIndividual)}
10,69;{Research(DummyIndividual),TechnicalReport(DummyIndividual),Chair(DummyIndividual)}
10,69;{Research(DummyIndividual),TechnicalReport(DummyIndividual),Dean(DummyIndividual)}
10,69;{Research(DummyIndividual),TechnicalReport(DummyIndividual),Professor(DummyIndividual)}
10,69;{Research(DummyIndividual),TechnicalReport(DummyIndividual),FullProfessor(DummyIndividual)}
10,69;{Research(DummyIndividual),TechnicalReport(DummyIndividual),VisitingProfessor(DummyIndividual)}
10,69;{Research(DummyIndividual),TechnicalReport(DummyIndividual),AssociateProfessor(DummyIndividual)}
10,80;{Research(DummyIndividual),JournalArticle(DummyIndividual),Chair(DummyIndividual)}
10,80;{Research(DummyIndividual),JournalArticle(DummyIndividual),Dean(DummyIndividual)}
10,80;{Research(DummyIndividual),JournalArticle(DummyIndividual),Professor(DummyIndividual)}
10,80;{Research(DummyIndividual),JournalArticle(DummyIndividual),FullProfessor(DummyIndividual)}
10,80;{Research(DummyIndividual),JournalArticle(DummyIndividual),VisitingProfessor(DummyIndividual)}
10,80;{Research(DummyIndividual),JournalArticle(DummyIndividual),AssociateProfessor(DummyIndividual)}
10,80;{Research(DummyIndividual),Publication(DummyIndividual),Chair(DummyIndividual)}
10,80;{Research(DummyIndividual),Publication(DummyIndividual),Dean(DummyIndividual)}
10,91;{Research(DummyIndividual),Publication(DummyIndividual),Professor(DummyIndividual)}
10,91;{Research(DummyIndividual),Publication(DummyIndividual),VisitingProfessor(DummyIndividual)}
10,91;{Research(DummyIndividual),Book(DummyIndividual),Chair(DummyIndividual)}
10,91;{Research(DummyIndividual),Book(DummyIndividual),Dean(DummyIndividual)}
10,91;{Research(DummyIndividual),Book(DummyIndividual),Professor(DummyIndividual)}
10,91;{Research(DummyIndividual),Book(DummyIndividual),FullProfessor(DummyIndividual)}
10,91;{Research(DummyIndividual),Book(DummyIndividual),VisitingProfessor(DummyIndividual)}
10,91;{Research(DummyIndividual),Book(DummyIndividual),AssociateProfessor(DummyIndividual)}
10,91;{Research(DummyIndividual),Dean(DummyIndividual),Manual(DummyIndividual)}
10,91;{Research(DummyIndividual),Dean(DummyIndividual),Specification(DummyIndividual)}
10,91;{Research(DummyIndividual),Dean(DummyIndividual),Software(DummyIndividual)}
10,91;{Research(DummyIndividual),FullProfessor(DummyIndividual),Manual(DummyIndividual)}
10,91;{Research(DummyIndividual),FullProfessor(DummyIndividual),Specification(DummyIndividual)}
10,91;{Research(DummyIndividual),FullProfessor(DummyIndividual),Software(DummyIndividual)}
10,91;{Research(DummyIndividual),Manual(DummyIndividual),Chair(DummyIndividual)}
10,91;{Research(DummyIndividual),Manual(DummyIndividual),Professor(DummyIndividual)}
10,91;{Research(DummyIndividual),Manual(DummyIndividual),VisitingProfessor(DummyIndividual)}
11,01;{Research(DummyIndividual),Manual(DummyIndividual),AssociateProfessor(DummyIndividual)}
11,01;{Research(DummyIndividual),Specification(DummyIndividual),Chair(DummyIndividual)}
11,01;{Research(DummyIndividual),Specification(DummyIndividual),Professor(DummyIndividual)}
11,01;{Research(DummyIndividual),Specification(DummyIndividual),VisitingProfessor(DummyIndividual)}
11,01;{Research(DummyIndividual),Specification(DummyIndividual),AssociateProfessor(DummyIndividual)}
11,01;{Research(DummyIndividual),VisitingProfessor(DummyIndividual),Software(DummyIndividual)}
11,01;{Research(DummyIndividual),Software(DummyIndividual),Chair(DummyIndividual)}
11,01;{Research(DummyIndividual),Software(DummyIndividual),Professor(DummyIndividual)}
11,01;{Research(DummyIndividual),Software(DummyIndividual),AssociateProfessor(DummyIndividual)}
