0,79;{GraduateStudent(DummyIndividual),ClericalStaff(DummyIndividual)}
1,06;{GraduateStudent(DummyIndividual),AdministrativeStaff(DummyIndividual)}
1,37;{GraduateStudent(DummyIndividual),Faculty(DummyIndividual)}
1,66;{GraduateStudent(DummyIndividual),Employee(DummyIndividual)}
1,84;{GraduateStudent(DummyIndividual),FullProfessor(DummyIndividual)}
2,14;{UndergraduateStudent(DummyIndividual),Chair(DummyIndividual)}
2,34;{Dean(DummyIndividual),Student(DummyIndividual)}
2,43;{Dean(DummyIndividual),UndergraduateStudent(DummyIndividual)}
2,73;{AssociateProfessor(DummyIndividual),GraduateStudent(DummyIndividual)}
2,83;{Student(DummyIndividual),Employee(DummyIndividual)}
2,83;{Student(DummyIndividual),Director(DummyIndividual)}
4,33;{Student(DummyIndividual),AdministrativeStaff(DummyIndividual)}
4,33;{Student(DummyIndividual),AssistantProfessor(DummyIndividual)}
4,33;{Student(DummyIndividual),Chair(DummyIndividual)}
4,33;{Student(DummyIndividual),ClericalStaff(DummyIndividual)}
4,33;{Student(DummyIndividual),SystemsStaff(DummyIndividual)}
4,33;{Student(DummyIndividual),ResearchAssistant(DummyIndividual)}
4,43;{Student(DummyIndividual),PostDoc(DummyIndividual)}
4,43;{Student(DummyIndividual),Faculty(DummyIndividual)}
4,43;{Student(DummyIndividual),Lecturer(DummyIndividual)}
4,53;{Student(DummyIndividual),Professor(DummyIndividual)}
4,53;{Student(DummyIndividual),FullProfessor(DummyIndividual)}
4,53;{Student(DummyIndividual),VisitingProfessor(DummyIndividual)}
4,53;{Student(DummyIndividual),AssociateProfessor(DummyIndividual)}
4,53;{UndergraduateStudent(DummyIndividual),Employee(DummyIndividual)}
4,53;{UndergraduateStudent(DummyIndividual),Director(DummyIndividual)}
4,53;{UndergraduateStudent(DummyIndividual),AdministrativeStaff(DummyIndividual)}
4,53;{UndergraduateStudent(DummyIndividual),AssistantProfessor(DummyIndividual)}
4,63;{UndergraduateStudent(DummyIndividual),ClericalStaff(DummyIndividual)}
4,63;{UndergraduateStudent(DummyIndividual),SystemsStaff(DummyIndividual)}
4,63;{UndergraduateStudent(DummyIndividual),ResearchAssistant(DummyIndividual)}
4,63;{UndergraduateStudent(DummyIndividual),PostDoc(DummyIndividual)}
4,63;{UndergraduateStudent(DummyIndividual),Faculty(DummyIndividual)}
4,63;{UndergraduateStudent(DummyIndividual),Lecturer(DummyIndividual)}
4,74;{UndergraduateStudent(DummyIndividual),Professor(DummyIndividual)}
4,74;{UndergraduateStudent(DummyIndividual),FullProfessor(DummyIndividual)}
4,74;{UndergraduateStudent(DummyIndividual),VisitingProfessor(DummyIndividual)}
4,74;{UndergraduateStudent(DummyIndividual),AssociateProfessor(DummyIndividual)}
5,53;{Chair(DummyIndividual),GraduateStudent(DummyIndividual)}
5,84;{GraduateStudent(DummyIndividual),Director(DummyIndividual)}
5,95;{GraduateStudent(DummyIndividual),AssistantProfessor(DummyIndividual)}
5,95;{GraduateStudent(DummyIndividual),SystemsStaff(DummyIndividual)}
5,95;{GraduateStudent(DummyIndividual),ResearchAssistant(DummyIndividual)}
5,95;{GraduateStudent(DummyIndividual),PostDoc(DummyIndividual)}
5,95;{GraduateStudent(DummyIndividual),Lecturer(DummyIndividual)}
6,06;{GraduateStudent(DummyIndividual),Dean(DummyIndividual)}
6,06;{GraduateStudent(DummyIndividual),Professor(DummyIndividual)}
6,14;{GraduateStudent(DummyIndividual),VisitingProfessor(DummyIndividual)}
