0,81;{GraduateStudent(DummyIndividual),ClericalStaff(DummyIndividual)}
0,99;{GraduateStudent(DummyIndividual),Lecturer(DummyIndividual)}
1,18;{GraduateStudent(DummyIndividual),Director(DummyIndividual)}
1,39;{GraduateStudent(DummyIndividual),AdministrativeStaff(DummyIndividual)}
1,65;{GraduateStudent(DummyIndividual),AssociateProfessor(DummyIndividual)}
1,82;{GraduateStudent(DummyIndividual),AssistantProfessor(DummyIndividual)}
2,03;{GraduateStudent(DummyIndividual),Faculty(DummyIndividual)}
2,24;{GraduateStudent(DummyIndividual),FullProfessor(DummyIndividual)}
2,52;{UndergraduateStudent(DummyIndividual),Chair(DummyIndividual)}
2,73;{Dean(DummyIndividual),Student(DummyIndividual)}
2,73;{Dean(DummyIndividual),UndergraduateStudent(DummyIndividual)}
3,01;{Employee(DummyIndividual),GraduateStudent(DummyIndividual)}
3,70;{Director(DummyIndividual),Student(DummyIndividual)}
3,81;{Director(DummyIndividual),UndergraduateStudent(DummyIndividual)}
4,02;{Student(DummyIndividual),Employee(DummyIndividual)}
5,61;{Student(DummyIndividual),AdministrativeStaff(DummyIndividual)}
5,61;{Student(DummyIndividual),AssistantProfessor(DummyIndividual)}
5,61;{Student(DummyIndividual),Chair(DummyIndividual)}
5,61;{Student(DummyIndividual),ClericalStaff(DummyIndividual)}
5,61;{Student(DummyIndividual),SystemsStaff(DummyIndividual)}
5,61;{Student(DummyIndividual),ResearchAssistant(DummyIndividual)}
5,71;{Student(DummyIndividual),PostDoc(DummyIndividual)}
5,71;{Student(DummyIndividual),Faculty(DummyIndividual)}
5,71;{Student(DummyIndividual),Lecturer(DummyIndividual)}
5,82;{Student(DummyIndividual),Professor(DummyIndividual)}
5,82;{Student(DummyIndividual),FullProfessor(DummyIndividual)}
5,82;{Student(DummyIndividual),VisitingProfessor(DummyIndividual)}
5,82;{Student(DummyIndividual),AssociateProfessor(DummyIndividual)}
5,91;{AssistantProfessor(DummyIndividual),UndergraduateStudent(DummyIndividual)}
6,11;{UndergraduateStudent(DummyIndividual),Employee(DummyIndividual)}
6,11;{UndergraduateStudent(DummyIndividual),AdministrativeStaff(DummyIndividual)}
6,11;{UndergraduateStudent(DummyIndividual),ClericalStaff(DummyIndividual)}
6,21;{UndergraduateStudent(DummyIndividual),SystemsStaff(DummyIndividual)}
6,21;{UndergraduateStudent(DummyIndividual),ResearchAssistant(DummyIndividual)}
6,21;{UndergraduateStudent(DummyIndividual),PostDoc(DummyIndividual)}
6,21;{UndergraduateStudent(DummyIndividual),Faculty(DummyIndividual)}
6,21;{UndergraduateStudent(DummyIndividual),Lecturer(DummyIndividual)}
6,31;{UndergraduateStudent(DummyIndividual),Professor(DummyIndividual)}
6,31;{UndergraduateStudent(DummyIndividual),FullProfessor(DummyIndividual)}
6,31;{UndergraduateStudent(DummyIndividual),VisitingProfessor(DummyIndividual)}
6,38;{UndergraduateStudent(DummyIndividual),AssociateProfessor(DummyIndividual)}
6,57;{Chair(DummyIndividual),GraduateStudent(DummyIndividual)}
7,08;{GraduateStudent(DummyIndividual),SystemsStaff(DummyIndividual)}
7,08;{GraduateStudent(DummyIndividual),ResearchAssistant(DummyIndividual)}
7,08;{GraduateStudent(DummyIndividual),PostDoc(DummyIndividual)}
7,17;{GraduateStudent(DummyIndividual),Dean(DummyIndividual)}
7,17;{GraduateStudent(DummyIndividual),Professor(DummyIndividual)}
7,17;{GraduateStudent(DummyIndividual),VisitingProfessor(DummyIndividual)}
