0,74;{GraduateStudent(DummyIndividual),Chair(DummyIndividual)}
1,10;{GraduateStudent(DummyIndividual),Lecturer(DummyIndividual)}
1,26;{GraduateStudent(DummyIndividual),AdministrativeStaff(DummyIndividual)}
1,61;{GraduateStudent(DummyIndividual),AssociateProfessor(DummyIndividual)}
1,78;{GraduateStudent(DummyIndividual),AssistantProfessor(DummyIndividual)}
1,98;{GraduateStudent(DummyIndividual),Faculty(DummyIndividual)}
2,17;{GraduateStudent(DummyIndividual),ResearchAssistant(DummyIndividual)}
2,47;{UndergraduateStudent(DummyIndividual),ClericalStaff(DummyIndividual)}
2,71;{Dean(DummyIndividual),Student(DummyIndividual)}
2,71;{Dean(DummyIndividual),UndergraduateStudent(DummyIndividual)}
3,02;{Employee(DummyIndividual),GraduateStudent(DummyIndividual)}
3,02;{Student(DummyIndividual),Employee(DummyIndividual)}
3,13;{Student(DummyIndividual),Director(DummyIndividual)}
4,50;{Student(DummyIndividual),AdministrativeStaff(DummyIndividual)}
4,59;{Student(DummyIndividual),AssistantProfessor(DummyIndividual)}
4,59;{Student(DummyIndividual),Chair(DummyIndividual)}
4,59;{Student(DummyIndividual),ClericalStaff(DummyIndividual)}
4,59;{Student(DummyIndividual),SystemsStaff(DummyIndividual)}
4,59;{Student(DummyIndividual),ResearchAssistant(DummyIndividual)}
4,59;{Student(DummyIndividual),PostDoc(DummyIndividual)}
4,59;{Student(DummyIndividual),Faculty(DummyIndividual)}
4,59;{Student(DummyIndividual),Lecturer(DummyIndividual)}
4,70;{Student(DummyIndividual),Professor(DummyIndividual)}
4,70;{Student(DummyIndividual),FullProfessor(DummyIndividual)}
4,70;{Student(DummyIndividual),VisitingProfessor(DummyIndividual)}
4,81;{Student(DummyIndividual),AssociateProfessor(DummyIndividual)}
5,43;{AssistantProfessor(DummyIndividual),UndergraduateStudent(DummyIndividual)}
5,61;{UndergraduateStudent(DummyIndividual),Employee(DummyIndividual)}
5,61;{UndergraduateStudent(DummyIndividual),Director(DummyIndividual)}
5,61;{UndergraduateStudent(DummyIndividual),AdministrativeStaff(DummyIndividual)}
5,61;{UndergraduateStudent(DummyIndividual),Chair(DummyIndividual)}
5,72;{UndergraduateStudent(DummyIndividual),SystemsStaff(DummyIndividual)}
5,72;{UndergraduateStudent(DummyIndividual),ResearchAssistant(DummyIndividual)}
5,72;{UndergraduateStudent(DummyIndividual),PostDoc(DummyIndividual)}
5,72;{UndergraduateStudent(DummyIndividual),Faculty(DummyIndividual)}
5,72;{UndergraduateStudent(DummyIndividual),Lecturer(DummyIndividual)}
5,83;{UndergraduateStudent(DummyIndividual),Professor(DummyIndividual)}
5,83;{UndergraduateStudent(DummyIndividual),FullProfessor(DummyIndividual)}
5,83;{UndergraduateStudent(DummyIndividual),VisitingProfessor(DummyIndividual)}
5,83;{UndergraduateStudent(DummyIndividual),AssociateProfessor(DummyIndividual)}
6,32;{ClericalStaff(DummyIndividual),GraduateStudent(DummyIndividual)}
6,92;{GraduateStudent(DummyIndividual),Director(DummyIndividual)}
7,05;{GraduateStudent(DummyIndividual),SystemsStaff(DummyIndividual)}
7,05;{GraduateStudent(DummyIndividual),PostDoc(DummyIndividual)}
7,15;{GraduateStudent(DummyIndividual),Dean(DummyIndividual)}
7,15;{GraduateStudent(DummyIndividual),Professor(DummyIndividual)}
7,15;{GraduateStudent(DummyIndividual),FullProfessor(DummyIndividual)}
7,15;{GraduateStudent(DummyIndividual),VisitingProfessor(DummyIndividual)}
