0,77;{GraduateStudent(DummyIndividual),Employee(DummyIndividual)}
0,96;{GraduateStudent(DummyIndividual),PostDoc(DummyIndividual)}
1,14;{Lecturer(DummyIndividual),GraduateStudent(DummyIndividual)}
1,56;{UndergraduateStudent(DummyIndividual),Chair(DummyIndividual)}
1,84;{Dean(DummyIndividual),Student(DummyIndividual)}
1,94;{Dean(DummyIndividual),UndergraduateStudent(DummyIndividual)}
2,13;{Student(DummyIndividual),Employee(DummyIndividual)}
3,74;{Student(DummyIndividual),Director(DummyIndividual)}
3,74;{Student(DummyIndividual),AdministrativeStaff(DummyIndividual)}
3,74;{Student(DummyIndividual),AssistantProfessor(DummyIndividual)}
3,85;{Student(DummyIndividual),Chair(DummyIndividual)}
3,85;{Student(DummyIndividual),ClericalStaff(DummyIndividual)}
3,85;{Student(DummyIndividual),SystemsStaff(DummyIndividual)}
3,85;{Student(DummyIndividual),ResearchAssistant(DummyIndividual)}
3,85;{Student(DummyIndividual),PostDoc(DummyIndividual)}
3,85;{Student(DummyIndividual),Faculty(DummyIndividual)}
3,85;{Student(DummyIndividual),Lecturer(DummyIndividual)}
3,94;{Student(DummyIndividual),Professor(DummyIndividual)}
3,94;{Student(DummyIndividual),FullProfessor(DummyIndividual)}
3,94;{Student(DummyIndividual),VisitingProfessor(DummyIndividual)}
4,04;{Student(DummyIndividual),AssociateProfessor(DummyIndividual)}
4,04;{UndergraduateStudent(DummyIndividual),Employee(DummyIndividual)}
4,04;{UndergraduateStudent(DummyIndividual),Director(DummyIndividual)}
4,04;{UndergraduateStudent(DummyIndividual),AdministrativeStaff(DummyIndividual)}
4,04;{UndergraduateStudent(DummyIndividual),AssistantProfessor(DummyIndividual)}
4,04;{UndergraduateStudent(DummyIndividual),ClericalStaff(DummyIndividual)}
4,04;{UndergraduateStudent(DummyIndividual),SystemsStaff(DummyIndividual)}
4,04;{UndergraduateStudent(DummyIndividual),ResearchAssistant(DummyIndividual)}
4,14;{UndergraduateStudent(DummyIndividual),PostDoc(DummyIndividual)}
4,14;{UndergraduateStudent(DummyIndividual),Faculty(DummyIndividual)}
4,14;{UndergraduateStudent(DummyIndividual),Lecturer(DummyIndividual)}
4,14;{UndergraduateStudent(DummyIndividual),Professor(DummyIndividual)}
4,25;{UndergraduateStudent(DummyIndividual),FullProfessor(DummyIndividual)}
4,25;{UndergraduateStudent(DummyIndividual),VisitingProfessor(DummyIndividual)}
4,25;{UndergraduateStudent(DummyIndividual),AssociateProfessor(DummyIndividual)}
4,94;{Chair(DummyIndividual),GraduateStudent(DummyIndividual)}
5,23;{GraduateStudent(DummyIndividual),Director(DummyIndividual)}
5,23;{GraduateStudent(DummyIndividual),AdministrativeStaff(DummyIndividual)}
5,23;{GraduateStudent(DummyIndividual),AssistantProfessor(DummyIndividual)}
5,36;{GraduateStudent(DummyIndividual),ClericalStaff(DummyIndividual)}
5,36;{GraduateStudent(DummyIndividual),SystemsStaff(DummyIndividual)}
5,36;{GraduateStudent(DummyIndividual),ResearchAssistant(DummyIndividual)}
5,36;{GraduateStudent(DummyIndividual),Faculty(DummyIndividual)}
5,46;{GraduateStudent(DummyIndividual),Dean(DummyIndividual)}
5,46;{GraduateStudent(DummyIndividual),Professor(DummyIndividual)}
5,46;{GraduateStudent(DummyIndividual),FullProfessor(DummyIndividual)}
5,46;{GraduateStudent(DummyIndividual),VisitingProfessor(DummyIndividual)}
5,46;{GraduateStudent(DummyIndividual),AssociateProfessor(DummyIndividual)}
