1,15;{GraduateStudent(DummyIndividual),GraduateCourse(DummyIndividual),AssistantProfessor(DummyIndividual)}
1,65;{GraduateStudent(DummyIndividual),GraduateCourse(DummyIndividual),FullProfessor(DummyIndividual)}
2,25;{AssociateProfessor(DummyIndividual),UndergraduateStudent(DummyIndividual),Course(DummyIndividual)}
2,79;{Chair(DummyIndividual),UndergraduateStudent(DummyIndividual),GraduateCourse(DummyIndividual)}
16,23;{AssistantProfessor(DummyIndividual),Student(DummyIndividual),GraduateCourse(DummyIndividual)}
16,33;{AssistantProfessor(DummyIndividual),Student(DummyIndividual),Course(DummyIndividual)}
16,42;{AssistantProfessor(DummyIndividual),UndergraduateStudent(DummyIndividual),GraduateCourse(DummyIndividual)}
16,42;{AssistantProfessor(DummyIndividual),UndergraduateStudent(DummyIndividual),Course(DummyIndividual)}
17,63;{AssistantProfessor(DummyIndividual),GraduateStudent(DummyIndividual),Course(DummyIndividual)}
18,11;{Chair(DummyIndividual),Student(DummyIndividual),GraduateCourse(DummyIndividual)}
18,11;{Chair(DummyIndividual),Student(DummyIndividual),Course(DummyIndividual)}
18,30;{Chair(DummyIndividual),UndergraduateStudent(DummyIndividual),Course(DummyIndividual)}
18,58;{Chair(DummyIndividual),GraduateStudent(DummyIndividual),GraduateCourse(DummyIndividual)}
18,58;{Chair(DummyIndividual),GraduateStudent(DummyIndividual),Course(DummyIndividual)}
24,61;{Dean(DummyIndividual),GraduateCourse(DummyIndividual),Student(DummyIndividual)}
24,61;{Dean(DummyIndividual),GraduateCourse(DummyIndividual),UndergraduateStudent(DummyIndividual)}
24,61;{Dean(DummyIndividual),GraduateCourse(DummyIndividual),GraduateStudent(DummyIndividual)}
24,61;{Dean(DummyIndividual),Course(DummyIndividual),Student(DummyIndividual)}
24,61;{Dean(DummyIndividual),Course(DummyIndividual),UndergraduateStudent(DummyIndividual)}
24,70;{Dean(DummyIndividual),Course(DummyIndividual),GraduateStudent(DummyIndividual)}
25,01;{GraduateStudent(DummyIndividual),GraduateCourse(DummyIndividual),Professor(DummyIndividual)}
25,01;{GraduateStudent(DummyIndividual),GraduateCourse(DummyIndividual),VisitingProfessor(DummyIndividual)}
25,01;{GraduateStudent(DummyIndividual),GraduateCourse(DummyIndividual),AssociateProfessor(DummyIndividual)}
25,21;{GraduateStudent(DummyIndividual),Course(DummyIndividual),Professor(DummyIndividual)}
25,21;{GraduateStudent(DummyIndividual),Course(DummyIndividual),FullProfessor(DummyIndividual)}
25,21;{GraduateStudent(DummyIndividual),Course(DummyIndividual),VisitingProfessor(DummyIndividual)}
25,21;{GraduateStudent(DummyIndividual),Course(DummyIndividual),AssociateProfessor(DummyIndividual)}
25,52;{Professor(DummyIndividual),Student(DummyIndividual),GraduateCourse(DummyIndividual)}
25,52;{Professor(DummyIndividual),Student(DummyIndividual),Course(DummyIndividual)}
25,82;{Professor(DummyIndividual),UndergraduateStudent(DummyIndividual),GraduateCourse(DummyIndividual)}
25,82;{Professor(DummyIndividual),UndergraduateStudent(DummyIndividual),Course(DummyIndividual)}
27,33;{FullProfessor(DummyIndividual),Student(DummyIndividual),GraduateCourse(DummyIndividual)}
27,33;{FullProfessor(DummyIndividual),Student(DummyIndividual),Course(DummyIndividual)}
27,64;{FullProfessor(DummyIndividual),UndergraduateStudent(DummyIndividual),GraduateCourse(DummyIndividual)}
27,64;{FullProfessor(DummyIndividual),UndergraduateStudent(DummyIndividual),Course(DummyIndividual)}
29,12;{VisitingProfessor(DummyIndividual),GraduateCourse(DummyIndividual),Student(DummyIndividual)}
29,12;{VisitingProfessor(DummyIndividual),GraduateCourse(DummyIndividual),UndergraduateStudent(DummyIndividual)}
29,12;{VisitingProfessor(DummyIndividual),Course(DummyIndividual),Student(DummyIndividual)}
29,22;{VisitingProfessor(DummyIndividual),Course(DummyIndividual),UndergraduateStudent(DummyIndividual)}
29,31;{AssociateProfessor(DummyIndividual),GraduateCourse(DummyIndividual),Student(DummyIndividual)}
29,31;{AssociateProfessor(DummyIndividual),GraduateCourse(DummyIndividual),UndergraduateStudent(DummyIndividual)}
29,41;{AssociateProfessor(DummyIndividual),Course(DummyIndividual),Student(DummyIndividual)}
