0,87;{Article(DummyIndividual),College(DummyIndividual),AssociateProfessor(DummyIndividual)}
1,34;{Chair(DummyIndividual),Publication(DummyIndividual),Program(DummyIndividual)}
1,63;{Chair(DummyIndividual),Publication(DummyIndividual),ResearchGroup(DummyIndividual)}
1,82;{Chair(DummyIndividual),Publication(DummyIndividual),College(DummyIndividual)}
2,11;{Chair(DummyIndividual),Publication(DummyIndividual),Organization(DummyIndividual)}
2,31;{UnofficialPublication(DummyIndividual),Institute(DummyIndividual),Professor(DummyIndividual)}
2,40;{Book(DummyIndividual),AssistantProfessor(DummyIndividual),Institute(DummyIndividual)}
2,60;{FullProfessor(DummyIndividual),University(DummyIndividual),Software(DummyIndividual)}
2,81;{Dean(DummyIndividual),Department(DummyIndividual),ConferencePaper(DummyIndividual)}
2,92;{Dean(DummyIndividual),Department(DummyIndividual),Software(DummyIndividual)}
3,11;{VisitingProfessor(DummyIndividual),Department(DummyIndividual),Book(DummyIndividual)}
3,31;{VisitingProfessor(DummyIndividual),Department(DummyIndividual),UnofficialPublication(DummyIndividual)}
3,50;{Dean(DummyIndividual),Department(DummyIndividual),TechnicalReport(DummyIndividual)}
3,61;{Dean(DummyIndividual),Department(DummyIndividual),Article(DummyIndividual)}
3,81;{Dean(DummyIndividual),Department(DummyIndividual),JournalArticle(DummyIndividual)}
3,99;{Dean(DummyIndividual),Department(DummyIndividual),Specification(DummyIndividual)}
4,29;{Dean(DummyIndividual),Department(DummyIndividual),Manual(DummyIndividual)}
4,49;{Dean(DummyIndividual),Department(DummyIndividual),Publication(DummyIndividual)}
7,14;{Program(DummyIndividual),ConferencePaper(DummyIndividual),AssistantProfessor(DummyIndividual)}
7,14;{Organization(DummyIndividual),ConferencePaper(DummyIndividual),AssistantProfessor(DummyIndividual)}
7,14;{ResearchGroup(DummyIndividual),ConferencePaper(DummyIndividual),AssistantProfessor(DummyIndividual)}
7,36;{College(DummyIndividual),ConferencePaper(DummyIndividual),AssistantProfessor(DummyIndividual)}
7,53;{University(DummyIndividual),ConferencePaper(DummyIndividual),AssistantProfessor(DummyIndividual)}
7,62;{Institute(DummyIndividual),ConferencePaper(DummyIndividual),AssistantProfessor(DummyIndividual)}
7,62;{Department(DummyIndividual),ConferencePaper(DummyIndividual),AssistantProfessor(DummyIndividual)}
7,84;{AssociateProfessor(DummyIndividual),ConferencePaper(DummyIndividual),Program(DummyIndividual)}
8,00;{VisitingProfessor(DummyIndividual),ConferencePaper(DummyIndividual),Program(DummyIndividual)}
8,10;{FullProfessor(DummyIndividual),ConferencePaper(DummyIndividual),Program(DummyIndividual)}
8,21;{Dean(DummyIndividual),ConferencePaper(DummyIndividual),Program(DummyIndividual)}
8,31;{Professor(DummyIndividual),ConferencePaper(DummyIndividual),Program(DummyIndividual)}
8,31;{Chair(DummyIndividual),ConferencePaper(DummyIndividual),Program(DummyIndividual)}
9,03;{Publication(DummyIndividual),College(DummyIndividual),AssistantProfessor(DummyIndividual)}
9,13;{Specification(DummyIndividual),College(DummyIndividual),AssistantProfessor(DummyIndividual)}
9,24;{TechnicalReport(DummyIndividual),College(DummyIndividual),AssistantProfessor(DummyIndividual)}
9,32;{Manual(DummyIndividual),College(DummyIndividual),AssistantProfessor(DummyIndividual)}
9,42;{JournalArticle(DummyIndividual),College(DummyIndividual),AssistantProfessor(DummyIndividual)}
9,62;{Article(DummyIndividual),College(DummyIndividual),AssistantProfessor(DummyIndividual)}
9,62;{Software(DummyIndividual),College(DummyIndividual),AssistantProfessor(DummyIndividual)}
9,72;{UnofficialPublication(DummyIndividual),College(DummyIndividual),AssistantProfessor(DummyIndividual)}
9,83;{Book(DummyIndividual),College(DummyIndividual),AssistantProfessor(DummyIndividual)}
13,33;{Article(DummyIndividual),College(DummyIndividual),Chair(DummyIndividual)}
13,44;{Article(DummyIndividual),College(DummyIndividual),Dean(DummyIndividual)}
13,44;{Article(DummyIndividual),College(DummyIndividual),Professor(DummyIndividual)}
13,44;{Article(DummyIndividual),College(DummyIndividual),FullProfessor(DummyIndividual)}
13,44;{Article(DummyIndividual),College(DummyIndividual),VisitingProfessor(DummyIndividual)}
13,55;{Article(DummyIndividual),AssistantProfessor(DummyIndividual),Organization(DummyIndividual)}
13,55;{Article(DummyIndividual),AssistantProfessor(DummyIndividual),Program(DummyIndividual)}
13,55;{Article(DummyIndividual),AssistantProfessor(DummyIndividual),Institute(DummyIndividual)}
13,55;{Article(DummyIndividual),AssistantProfessor(DummyIndividual),University(DummyIndividual)}
13,55;{Article(DummyIndividual),AssistantProfessor(DummyIndividual),Department(DummyIndividual)}
13,65;{Article(DummyIndividual),AssistantProfessor(DummyIndividual),ResearchGroup(DummyIndividual)}
13,75;{Article(DummyIndividual),Chair(DummyIndividual),Organization(DummyIndividual)}
13,87;{Article(DummyIndividual),Chair(DummyIndividual),Program(DummyIndividual)}
13,87;{Article(DummyIndividual),Chair(DummyIndividual),Institute(DummyIndividual)}
13,87;{Article(DummyIndividual),Chair(DummyIndividual),University(DummyIndividual)}
13,87;{Article(DummyIndividual),Chair(DummyIndividual),Department(DummyIndividual)}
13,87;{Article(DummyIndividual),Chair(DummyIndividual),ResearchGroup(DummyIndividual)}
14,27;{Article(DummyIndividual),Program(DummyIndividual),Dean(DummyIndividual)}
14,27;{Article(DummyIndividual),Program(DummyIndividual),Professor(DummyIndividual)}
14,27;{Article(DummyIndividual),Program(DummyIndividual),FullProfessor(DummyIndividual)}
14,40;{Article(DummyIndividual),Program(DummyIndividual),VisitingProfessor(DummyIndividual)}
14,40;{Article(DummyIndividual),Program(DummyIndividual),AssociateProfessor(DummyIndividual)}
14,40;{Article(DummyIndividual),Institute(DummyIndividual),Dean(DummyIndividual)}
14,40;{Article(DummyIndividual),Institute(DummyIndividual),Professor(DummyIndividual)}
14,40;{Article(DummyIndividual),Institute(DummyIndividual),FullProfessor(DummyIndividual)}
14,40;{Article(DummyIndividual),Institute(DummyIndividual),VisitingProfessor(DummyIndividual)}
14,40;{Article(DummyIndividual),Institute(DummyIndividual),AssociateProfessor(DummyIndividual)}
14,71;{Article(DummyIndividual),University(DummyIndividual),Dean(DummyIndividual)}
14,71;{Article(DummyIndividual),University(DummyIndividual),Professor(DummyIndividual)}
14,83;{Article(DummyIndividual),University(DummyIndividual),FullProfessor(DummyIndividual)}
14,83;{Article(DummyIndividual),University(DummyIndividual),VisitingProfessor(DummyIndividual)}
14,83;{Article(DummyIndividual),University(DummyIndividual),AssociateProfessor(DummyIndividual)}
15,13;{Article(DummyIndividual),Dean(DummyIndividual),Organization(DummyIndividual)}
15,33;{Article(DummyIndividual),Dean(DummyIndividual),ResearchGroup(DummyIndividual)}
15,33;{Article(DummyIndividual),Professor(DummyIndividual),Organization(DummyIndividual)}
15,43;{Article(DummyIndividual),Professor(DummyIndividual),Department(DummyIndividual)}
15,54;{Article(DummyIndividual),Professor(DummyIndividual),ResearchGroup(DummyIndividual)}
15,54;{Article(DummyIndividual),FullProfessor(DummyIndividual),Organization(DummyIndividual)}
15,63;{Article(DummyIndividual),FullProfessor(DummyIndividual),Department(DummyIndividual)}
15,73;{Article(DummyIndividual),FullProfessor(DummyIndividual),ResearchGroup(DummyIndividual)}
15,84;{Article(DummyIndividual),VisitingProfessor(DummyIndividual),Organization(DummyIndividual)}
15,84;{Article(DummyIndividual),VisitingProfessor(DummyIndividual),Department(DummyIndividual)}
15,95;{Article(DummyIndividual),VisitingProfessor(DummyIndividual),ResearchGroup(DummyIndividual)}
15,95;{Article(DummyIndividual),AssociateProfessor(DummyIndividual),Organization(DummyIndividual)}
16,05;{Article(DummyIndividual),AssociateProfessor(DummyIndividual),Department(DummyIndividual)}
16,15;{Article(DummyIndividual),AssociateProfessor(DummyIndividual),ResearchGroup(DummyIndividual)}
16,56;{ConferencePaper(DummyIndividual),College(DummyIndividual),Chair(DummyIndividual)}
16,66;{ConferencePaper(DummyIndividual),College(DummyIndividual),Dean(DummyIndividual)}
16,66;{ConferencePaper(DummyIndividual),College(DummyIndividual),Professor(DummyIndividual)}
16,66;{ConferencePaper(DummyIndividual),College(DummyIndividual),FullProfessor(DummyIndividual)}
16,66;{ConferencePaper(DummyIndividual),College(DummyIndividual),VisitingProfessor(DummyIndividual)}
16,66;{ConferencePaper(DummyIndividual),College(DummyIndividual),AssociateProfessor(DummyIndividual)}
16,75;{ConferencePaper(DummyIndividual),Chair(DummyIndividual),Organization(DummyIndividual)}
16,75;{ConferencePaper(DummyIndividual),Chair(DummyIndividual),Institute(DummyIndividual)}
16,75;{ConferencePaper(DummyIndividual),Chair(DummyIndividual),University(DummyIndividual)}
16,75;{ConferencePaper(DummyIndividual),Chair(DummyIndividual),Department(DummyIndividual)}
16,75;{ConferencePaper(DummyIndividual),Chair(DummyIndividual),ResearchGroup(DummyIndividual)}
16,96;{ConferencePaper(DummyIndividual),Institute(DummyIndividual),Dean(DummyIndividual)}
16,96;{ConferencePaper(DummyIndividual),Institute(DummyIndividual),Professor(DummyIndividual)}
16,96;{ConferencePaper(DummyIndividual),Institute(DummyIndividual),FullProfessor(DummyIndividual)}
16,96;{ConferencePaper(DummyIndividual),Institute(DummyIndividual),VisitingProfessor(DummyIndividual)}
16,96;{ConferencePaper(DummyIndividual),Institute(DummyIndividual),AssociateProfessor(DummyIndividual)}
17,07;{ConferencePaper(DummyIndividual),University(DummyIndividual),Dean(DummyIndividual)}
17,07;{ConferencePaper(DummyIndividual),University(DummyIndividual),Professor(DummyIndividual)}
17,07;{ConferencePaper(DummyIndividual),University(DummyIndividual),FullProfessor(DummyIndividual)}
17,07;{ConferencePaper(DummyIndividual),University(DummyIndividual),VisitingProfessor(DummyIndividual)}
17,07;{ConferencePaper(DummyIndividual),University(DummyIndividual),AssociateProfessor(DummyIndividual)}
17,29;{ConferencePaper(DummyIndividual),Dean(DummyIndividual),Organization(DummyIndividual)}
17,29;{ConferencePaper(DummyIndividual),Dean(DummyIndividual),ResearchGroup(DummyIndividual)}
17,29;{ConferencePaper(DummyIndividual),Professor(DummyIndividual),Organization(DummyIndividual)}
17,29;{ConferencePaper(DummyIndividual),Professor(DummyIndividual),Department(DummyIndividual)}
17,29;{ConferencePaper(DummyIndividual),Professor(DummyIndividual),ResearchGroup(DummyIndividual)}
17,29;{ConferencePaper(DummyIndividual),FullProfessor(DummyIndividual),Organization(DummyIndividual)}
17,29;{ConferencePaper(DummyIndividual),FullProfessor(DummyIndividual),Department(DummyIndividual)}
17,29;{ConferencePaper(DummyIndividual),FullProfessor(DummyIndividual),ResearchGroup(DummyIndividual)}
17,39;{ConferencePaper(DummyIndividual),VisitingProfessor(DummyIndividual),Organization(DummyIndividual)}
17,39;{ConferencePaper(DummyIndividual),VisitingProfessor(DummyIndividual),Department(DummyIndividual)}
17,39;{ConferencePaper(DummyIndividual),VisitingProfessor(DummyIndividual),ResearchGroup(DummyIndividual)}
17,49;{ConferencePaper(DummyIndividual),AssociateProfessor(DummyIndividual),Organization(DummyIndividual)}
17,49;{ConferencePaper(DummyIndividual),AssociateProfessor(DummyIndividual),Department(DummyIndividual)}
17,49;{ConferencePaper(DummyIndividual),AssociateProfessor(DummyIndividual),ResearchGroup(DummyIndividual)}
17,60;{UnofficialPublication(DummyIndividual),College(DummyIndividual),Chair(DummyIndividual)}
17,60;{UnofficialPublication(DummyIndividual),College(DummyIndividual),Dean(DummyIndividual)}
17,60;{UnofficialPublication(DummyIndividual),College(DummyIndividual),Professor(DummyIndividual)}
17,60;{UnofficialPublication(DummyIndividual),College(DummyIndividual),FullProfessor(DummyIndividual)}
17,60;{UnofficialPublication(DummyIndividual),College(DummyIndividual),VisitingProfessor(DummyIndividual)}
17,60;{UnofficialPublication(DummyIndividual),College(DummyIndividual),AssociateProfessor(DummyIndividual)}
17,60;{UnofficialPublication(DummyIndividual),AssistantProfessor(DummyIndividual),Organization(DummyIndividual)}
17,60;{UnofficialPublication(DummyIndividual),AssistantProfessor(DummyIndividual),Program(DummyIndividual)}
17,60;{UnofficialPublication(DummyIndividual),AssistantProfessor(DummyIndividual),Institute(DummyIndividual)}
17,60;{UnofficialPublication(DummyIndividual),AssistantProfessor(DummyIndividual),University(DummyIndividual)}
17,60;{UnofficialPublication(DummyIndividual),AssistantProfessor(DummyIndividual),Department(DummyIndividual)}
17,60;{UnofficialPublication(DummyIndividual),AssistantProfessor(DummyIndividual),ResearchGroup(DummyIndividual)}
17,70;{UnofficialPublication(DummyIndividual),Chair(DummyIndividual),Organization(DummyIndividual)}
17,70;{UnofficialPublication(DummyIndividual),Chair(DummyIndividual),Program(DummyIndividual)}
17,70;{UnofficialPublication(DummyIndividual),Chair(DummyIndividual),Institute(DummyIndividual)}
17,70;{UnofficialPublication(DummyIndividual),Chair(DummyIndividual),University(DummyIndividual)}
17,70;{UnofficialPublication(DummyIndividual),Chair(DummyIndividual),Department(DummyIndividual)}
17,70;{UnofficialPublication(DummyIndividual),Chair(DummyIndividual),ResearchGroup(DummyIndividual)}
17,91;{UnofficialPublication(DummyIndividual),Program(DummyIndividual),Dean(DummyIndividual)}
17,91;{UnofficialPublication(DummyIndividual),Program(DummyIndividual),Professor(DummyIndividual)}
17,91;{UnofficialPublication(DummyIndividual),Program(DummyIndividual),FullProfessor(DummyIndividual)}
17,91;{UnofficialPublication(DummyIndividual),Program(DummyIndividual),VisitingProfessor(DummyIndividual)}
17,91;{UnofficialPublication(DummyIndividual),Program(DummyIndividual),AssociateProfessor(DummyIndividual)}
17,91;{UnofficialPublication(DummyIndividual),Institute(DummyIndividual),Dean(DummyIndividual)}
17,91;{UnofficialPublication(DummyIndividual),Institute(DummyIndividual),FullProfessor(DummyIndividual)}
17,91;{UnofficialPublication(DummyIndividual),Institute(DummyIndividual),VisitingProfessor(DummyIndividual)}
17,91;{UnofficialPublication(DummyIndividual),Institute(DummyIndividual),AssociateProfessor(DummyIndividual)}
18,01;{UnofficialPublication(DummyIndividual),University(DummyIndividual),Dean(DummyIndividual)}
18,01;{UnofficialPublication(DummyIndividual),University(DummyIndividual),Professor(DummyIndividual)}
18,01;{UnofficialPublication(DummyIndividual),University(DummyIndividual),FullProfessor(DummyIndividual)}
18,01;{UnofficialPublication(DummyIndividual),University(DummyIndividual),VisitingProfessor(DummyIndividual)}
18,01;{UnofficialPublication(DummyIndividual),University(DummyIndividual),AssociateProfessor(DummyIndividual)}
18,24;{UnofficialPublication(DummyIndividual),Dean(DummyIndividual),Organization(DummyIndividual)}
18,24;{UnofficialPublication(DummyIndividual),Dean(DummyIndividual),Department(DummyIndividual)}
18,24;{UnofficialPublication(DummyIndividual),Dean(DummyIndividual),ResearchGroup(DummyIndividual)}
18,24;{UnofficialPublication(DummyIndividual),Professor(DummyIndividual),Organization(DummyIndividual)}
18,24;{UnofficialPublication(DummyIndividual),Professor(DummyIndividual),Department(DummyIndividual)}
18,24;{UnofficialPublication(DummyIndividual),Professor(DummyIndividual),ResearchGroup(DummyIndividual)}
18,24;{UnofficialPublication(DummyIndividual),FullProfessor(DummyIndividual),Organization(DummyIndividual)}
18,24;{UnofficialPublication(DummyIndividual),FullProfessor(DummyIndividual),Department(DummyIndividual)}
18,24;{UnofficialPublication(DummyIndividual),FullProfessor(DummyIndividual),ResearchGroup(DummyIndividual)}
18,34;{UnofficialPublication(DummyIndividual),VisitingProfessor(DummyIndividual),Organization(DummyIndividual)}
18,34;{UnofficialPublication(DummyIndividual),VisitingProfessor(DummyIndividual),ResearchGroup(DummyIndividual)}
18,44;{UnofficialPublication(DummyIndividual),AssociateProfessor(DummyIndividual),Organization(DummyIndividual)}
18,44;{UnofficialPublication(DummyIndividual),AssociateProfessor(DummyIndividual),Department(DummyIndividual)}
18,44;{UnofficialPublication(DummyIndividual),AssociateProfessor(DummyIndividual),ResearchGroup(DummyIndividual)}
18,66;{College(DummyIndividual),TechnicalReport(DummyIndividual),Chair(DummyIndividual)}
18,66;{College(DummyIndividual),TechnicalReport(DummyIndividual),Dean(DummyIndividual)}
18,66;{College(DummyIndividual),TechnicalReport(DummyIndividual),Professor(DummyIndividual)}
18,66;{College(DummyIndividual),TechnicalReport(DummyIndividual),FullProfessor(DummyIndividual)}
18,66;{College(DummyIndividual),TechnicalReport(DummyIndividual),VisitingProfessor(DummyIndividual)}
18,66;{College(DummyIndividual),TechnicalReport(DummyIndividual),AssociateProfessor(DummyIndividual)}
18,66;{College(DummyIndividual),Chair(DummyIndividual),JournalArticle(DummyIndividual)}
18,66;{College(DummyIndividual),Chair(DummyIndividual),Book(DummyIndividual)}
18,66;{College(DummyIndividual),Chair(DummyIndividual),Manual(DummyIndividual)}
18,66;{College(DummyIndividual),Chair(DummyIndividual),Specification(DummyIndividual)}
18,66;{College(DummyIndividual),Chair(DummyIndividual),Software(DummyIndividual)}
19,07;{College(DummyIndividual),JournalArticle(DummyIndividual),Dean(DummyIndividual)}
19,07;{College(DummyIndividual),JournalArticle(DummyIndividual),Professor(DummyIndividual)}
19,07;{College(DummyIndividual),JournalArticle(DummyIndividual),FullProfessor(DummyIndividual)}
19,18;{College(DummyIndividual),JournalArticle(DummyIndividual),VisitingProfessor(DummyIndividual)}
19,18;{College(DummyIndividual),JournalArticle(DummyIndividual),AssociateProfessor(DummyIndividual)}
19,39;{College(DummyIndividual),Book(DummyIndividual),Dean(DummyIndividual)}
19,39;{College(DummyIndividual),Book(DummyIndividual),Professor(DummyIndividual)}
19,39;{College(DummyIndividual),Book(DummyIndividual),FullProfessor(DummyIndividual)}
19,39;{College(DummyIndividual),Book(DummyIndividual),VisitingProfessor(DummyIndividual)}
19,39;{College(DummyIndividual),Book(DummyIndividual),AssociateProfessor(DummyIndividual)}
19,39;{College(DummyIndividual),Dean(DummyIndividual),Publication(DummyIndividual)}
19,39;{College(DummyIndividual),Dean(DummyIndividual),Manual(DummyIndividual)}
19,39;{College(DummyIndividual),Dean(DummyIndividual),Specification(DummyIndividual)}
19,39;{College(DummyIndividual),Dean(DummyIndividual),Software(DummyIndividual)}
19,48;{College(DummyIndividual),Professor(DummyIndividual),Publication(DummyIndividual)}
19,48;{College(DummyIndividual),Professor(DummyIndividual),Manual(DummyIndividual)}
19,48;{College(DummyIndividual),Professor(DummyIndividual),Specification(DummyIndividual)}
19,48;{College(DummyIndividual),Professor(DummyIndividual),Software(DummyIndividual)}
19,48;{College(DummyIndividual),FullProfessor(DummyIndividual),Publication(DummyIndividual)}
19,48;{College(DummyIndividual),FullProfessor(DummyIndividual),Manual(DummyIndividual)}
19,48;{College(DummyIndividual),FullProfessor(DummyIndividual),Specification(DummyIndividual)}
19,48;{College(DummyIndividual),FullProfessor(DummyIndividual),Software(DummyIndividual)}
19,48;{College(DummyIndividual),Manual(DummyIndividual),VisitingProfessor(DummyIndividual)}
19,48;{College(DummyIndividual),Manual(DummyIndividual),AssociateProfessor(DummyIndividual)}
19,48;{College(DummyIndividual),Specification(DummyIndividual),VisitingProfessor(DummyIndividual)}
19,48;{College(DummyIndividual),Specification(DummyIndividual),AssociateProfessor(DummyIndividual)}
19,48;{College(DummyIndividual),VisitingProfessor(DummyIndividual),Publication(DummyIndividual)}
19,48;{College(DummyIndividual),VisitingProfessor(DummyIndividual),Software(DummyIndividual)}
19,48;{College(DummyIndividual),Software(DummyIndividual),AssociateProfessor(DummyIndividual)}
19,48;{College(DummyIndividual),AssociateProfessor(DummyIndividual),Publication(DummyIndividual)}
19,71;{TechnicalReport(DummyIndividual),AssistantProfessor(DummyIndividual),Organization(DummyIndividual)}
19,71;{TechnicalReport(DummyIndividual),AssistantProfessor(DummyIndividual),Program(DummyIndividual)}
19,81;{TechnicalReport(DummyIndividual),AssistantProfessor(DummyIndividual),Institute(DummyIndividual)}
19,81;{TechnicalReport(DummyIndividual),AssistantProfessor(DummyIndividual),University(DummyIndividual)}
19,81;{TechnicalReport(DummyIndividual),AssistantProfessor(DummyIndividual),Department(DummyIndividual)}
19,81;{TechnicalReport(DummyIndividual),AssistantProfessor(DummyIndividual),ResearchGroup(DummyIndividual)}
19,81;{TechnicalReport(DummyIndividual),Chair(DummyIndividual),Organization(DummyIndividual)}
19,81;{TechnicalReport(DummyIndividual),Chair(DummyIndividual),Program(DummyIndividual)}
19,81;{TechnicalReport(DummyIndividual),Chair(DummyIndividual),Institute(DummyIndividual)}
19,81;{TechnicalReport(DummyIndividual),Chair(DummyIndividual),University(DummyIndividual)}
19,81;{TechnicalReport(DummyIndividual),Chair(DummyIndividual),Department(DummyIndividual)}
19,81;{TechnicalReport(DummyIndividual),Chair(DummyIndividual),ResearchGroup(DummyIndividual)}
20,01;{TechnicalReport(DummyIndividual),Program(DummyIndividual),Dean(DummyIndividual)}
20,01;{TechnicalReport(DummyIndividual),Program(DummyIndividual),Professor(DummyIndividual)}
20,01;{TechnicalReport(DummyIndividual),Program(DummyIndividual),FullProfessor(DummyIndividual)}
20,01;{TechnicalReport(DummyIndividual),Program(DummyIndividual),VisitingProfessor(DummyIndividual)}
20,01;{TechnicalReport(DummyIndividual),Program(DummyIndividual),AssociateProfessor(DummyIndividual)}
20,01;{TechnicalReport(DummyIndividual),Institute(DummyIndividual),Dean(DummyIndividual)}
20,01;{TechnicalReport(DummyIndividual),Institute(DummyIndividual),Professor(DummyIndividual)}
20,01;{TechnicalReport(DummyIndividual),Institute(DummyIndividual),FullProfessor(DummyIndividual)}
20,01;{TechnicalReport(DummyIndividual),Institute(DummyIndividual),VisitingProfessor(DummyIndividual)}
20,01;{TechnicalReport(DummyIndividual),Institute(DummyIndividual),AssociateProfessor(DummyIndividual)}
20,12;{TechnicalReport(DummyIndividual),University(DummyIndividual),Dean(DummyIndividual)}
20,12;{TechnicalReport(DummyIndividual),University(DummyIndividual),Professor(DummyIndividual)}
20,12;{TechnicalReport(DummyIndividual),University(DummyIndividual),FullProfessor(DummyIndividual)}
20,12;{TechnicalReport(DummyIndividual),University(DummyIndividual),VisitingProfessor(DummyIndividual)}
20,12;{TechnicalReport(DummyIndividual),University(DummyIndividual),AssociateProfessor(DummyIndividual)}
20,34;{TechnicalReport(DummyIndividual),Dean(DummyIndividual),Organization(DummyIndividual)}
20,34;{TechnicalReport(DummyIndividual),Dean(DummyIndividual),ResearchGroup(DummyIndividual)}
20,34;{TechnicalReport(DummyIndividual),Professor(DummyIndividual),Organization(DummyIndividual)}
20,34;{TechnicalReport(DummyIndividual),Professor(DummyIndividual),Department(DummyIndividual)}
20,34;{TechnicalReport(DummyIndividual),Professor(DummyIndividual),ResearchGroup(DummyIndividual)}
20,34;{TechnicalReport(DummyIndividual),FullProfessor(DummyIndividual),Organization(DummyIndividual)}
20,34;{TechnicalReport(DummyIndividual),FullProfessor(DummyIndividual),Department(DummyIndividual)}
20,34;{TechnicalReport(DummyIndividual),FullProfessor(DummyIndividual),ResearchGroup(DummyIndividual)}
20,44;{TechnicalReport(DummyIndividual),VisitingProfessor(DummyIndividual),Organization(DummyIndividual)}
20,44;{TechnicalReport(DummyIndividual),VisitingProfessor(DummyIndividual),Department(DummyIndividual)}
20,44;{TechnicalReport(DummyIndividual),VisitingProfessor(DummyIndividual),ResearchGroup(DummyIndividual)}
20,44;{TechnicalReport(DummyIndividual),AssociateProfessor(DummyIndividual),Organization(DummyIndividual)}
20,44;{TechnicalReport(DummyIndividual),AssociateProfessor(DummyIndividual),Department(DummyIndividual)}
20,44;{TechnicalReport(DummyIndividual),AssociateProfessor(DummyIndividual),ResearchGroup(DummyIndividual)}
20,74;{Program(DummyIndividual),AssistantProfessor(DummyIndividual),JournalArticle(DummyIndividual)}
20,74;{Program(DummyIndividual),AssistantProfessor(DummyIndividual),Publication(DummyIndividual)}
20,74;{Program(DummyIndividual),AssistantProfessor(DummyIndividual),Book(DummyIndividual)}
20,74;{Program(DummyIndividual),AssistantProfessor(DummyIndividual),Manual(DummyIndividual)}
20,74;{Program(DummyIndividual),AssistantProfessor(DummyIndividual),Specification(DummyIndividual)}
20,74;{Program(DummyIndividual),AssistantProfessor(DummyIndividual),Software(DummyIndividual)}
20,86;{Program(DummyIndividual),Chair(DummyIndividual),JournalArticle(DummyIndividual)}
20,86;{Program(DummyIndividual),Chair(DummyIndividual),Book(DummyIndividual)}
20,86;{Program(DummyIndividual),Chair(DummyIndividual),Manual(DummyIndividual)}
20,86;{Program(DummyIndividual),Chair(DummyIndividual),Specification(DummyIndividual)}
20,86;{Program(DummyIndividual),Chair(DummyIndividual),Software(DummyIndividual)}
21,17;{Program(DummyIndividual),JournalArticle(DummyIndividual),Dean(DummyIndividual)}
21,17;{Program(DummyIndividual),JournalArticle(DummyIndividual),Professor(DummyIndividual)}
21,17;{Program(DummyIndividual),JournalArticle(DummyIndividual),FullProfessor(DummyIndividual)}
21,17;{Program(DummyIndividual),JournalArticle(DummyIndividual),VisitingProfessor(DummyIndividual)}
21,17;{Program(DummyIndividual),JournalArticle(DummyIndividual),AssociateProfessor(DummyIndividual)}
21,38;{Program(DummyIndividual),Book(DummyIndividual),Dean(DummyIndividual)}
21,38;{Program(DummyIndividual),Book(DummyIndividual),Professor(DummyIndividual)}
21,38;{Program(DummyIndividual),Book(DummyIndividual),FullProfessor(DummyIndividual)}
21,49;{Program(DummyIndividual),Book(DummyIndividual),VisitingProfessor(DummyIndividual)}
21,49;{Program(DummyIndividual),Book(DummyIndividual),AssociateProfessor(DummyIndividual)}
21,49;{Program(DummyIndividual),Dean(DummyIndividual),Publication(DummyIndividual)}
21,49;{Program(DummyIndividual),Dean(DummyIndividual),Manual(DummyIndividual)}
21,49;{Program(DummyIndividual),Dean(DummyIndividual),Specification(DummyIndividual)}
21,49;{Program(DummyIndividual),Dean(DummyIndividual),Software(DummyIndividual)}
21,59;{Program(DummyIndividual),Professor(DummyIndividual),Publication(DummyIndividual)}
21,59;{Program(DummyIndividual),Professor(DummyIndividual),Manual(DummyIndividual)}
21,59;{Program(DummyIndividual),Professor(DummyIndividual),Specification(DummyIndividual)}
21,59;{Program(DummyIndividual),Professor(DummyIndividual),Software(DummyIndividual)}
21,59;{Program(DummyIndividual),FullProfessor(DummyIndividual),Publication(DummyIndividual)}
21,59;{Program(DummyIndividual),FullProfessor(DummyIndividual),Manual(DummyIndividual)}
21,59;{Program(DummyIndividual),FullProfessor(DummyIndividual),Specification(DummyIndividual)}
21,59;{Program(DummyIndividual),FullProfessor(DummyIndividual),Software(DummyIndividual)}
21,59;{Program(DummyIndividual),Manual(DummyIndividual),VisitingProfessor(DummyIndividual)}
21,59;{Program(DummyIndividual),Manual(DummyIndividual),AssociateProfessor(DummyIndividual)}
21,59;{Program(DummyIndividual),Specification(DummyIndividual),VisitingProfessor(DummyIndividual)}
21,59;{Program(DummyIndividual),Specification(DummyIndividual),AssociateProfessor(DummyIndividual)}
21,59;{Program(DummyIndividual),VisitingProfessor(DummyIndividual),Publication(DummyIndividual)}
21,59;{Program(DummyIndividual),VisitingProfessor(DummyIndividual),Software(DummyIndividual)}
21,59;{Program(DummyIndividual),Software(DummyIndividual),AssociateProfessor(DummyIndividual)}
21,59;{Program(DummyIndividual),AssociateProfessor(DummyIndividual),Publication(DummyIndividual)}
21,91;{Institute(DummyIndividual),Chair(DummyIndividual),JournalArticle(DummyIndividual)}
21,91;{Institute(DummyIndividual),Chair(DummyIndividual),Publication(DummyIndividual)}
21,91;{Institute(DummyIndividual),Chair(DummyIndividual),Book(DummyIndividual)}
21,91;{Institute(DummyIndividual),Chair(DummyIndividual),Manual(DummyIndividual)}
21,91;{Institute(DummyIndividual),Chair(DummyIndividual),Specification(DummyIndividual)}
21,91;{Institute(DummyIndividual),Chair(DummyIndividual),Software(DummyIndividual)}
22,21;{Institute(DummyIndividual),JournalArticle(DummyIndividual),AssistantProfessor(DummyIndividual)}
22,21;{Institute(DummyIndividual),JournalArticle(DummyIndividual),Dean(DummyIndividual)}
22,21;{Institute(DummyIndividual),JournalArticle(DummyIndividual),Professor(DummyIndividual)}
22,21;{Institute(DummyIndividual),JournalArticle(DummyIndividual),FullProfessor(DummyIndividual)}
22,21;{Institute(DummyIndividual),JournalArticle(DummyIndividual),VisitingProfessor(DummyIndividual)}
22,21;{Institute(DummyIndividual),JournalArticle(DummyIndividual),AssociateProfessor(DummyIndividual)}
22,43;{Institute(DummyIndividual),Publication(DummyIndividual),AssistantProfessor(DummyIndividual)}
22,43;{Institute(DummyIndividual),Publication(DummyIndividual),Dean(DummyIndividual)}
22,43;{Institute(DummyIndividual),Publication(DummyIndividual),Professor(DummyIndividual)}
22,43;{Institute(DummyIndividual),Publication(DummyIndividual),FullProfessor(DummyIndividual)}
22,43;{Institute(DummyIndividual),Publication(DummyIndividual),VisitingProfessor(DummyIndividual)}
22,53;{Institute(DummyIndividual),Publication(DummyIndividual),AssociateProfessor(DummyIndividual)}
22,53;{Institute(DummyIndividual),Book(DummyIndividual),Dean(DummyIndividual)}
22,53;{Institute(DummyIndividual),Book(DummyIndividual),Professor(DummyIndividual)}
22,53;{Institute(DummyIndividual),Book(DummyIndividual),FullProfessor(DummyIndividual)}
22,53;{Institute(DummyIndividual),Book(DummyIndividual),VisitingProfessor(DummyIndividual)}
22,53;{Institute(DummyIndividual),Book(DummyIndividual),AssociateProfessor(DummyIndividual)}
22,53;{Institute(DummyIndividual),Dean(DummyIndividual),Manual(DummyIndividual)}
22,53;{Institute(DummyIndividual),Dean(DummyIndividual),Specification(DummyIndividual)}
22,53;{Institute(DummyIndividual),Dean(DummyIndividual),Software(DummyIndividual)}
22,63;{Institute(DummyIndividual),FullProfessor(DummyIndividual),Manual(DummyIndividual)}
22,63;{Institute(DummyIndividual),FullProfessor(DummyIndividual),Specification(DummyIndividual)}
22,63;{Institute(DummyIndividual),FullProfessor(DummyIndividual),Software(DummyIndividual)}
22,63;{Institute(DummyIndividual),Manual(DummyIndividual),AssistantProfessor(DummyIndividual)}
22,63;{Institute(DummyIndividual),Manual(DummyIndividual),Professor(DummyIndividual)}
22,63;{Institute(DummyIndividual),Manual(DummyIndividual),VisitingProfessor(DummyIndividual)}
22,63;{Institute(DummyIndividual),Manual(DummyIndividual),AssociateProfessor(DummyIndividual)}
22,63;{Institute(DummyIndividual),Specification(DummyIndividual),AssistantProfessor(DummyIndividual)}
22,63;{Institute(DummyIndividual),Specification(DummyIndividual),Professor(DummyIndividual)}
22,63;{Institute(DummyIndividual),Specification(DummyIndividual),VisitingProfessor(DummyIndividual)}
22,63;{Institute(DummyIndividual),Specification(DummyIndividual),AssociateProfessor(DummyIndividual)}
22,63;{Institute(DummyIndividual),VisitingProfessor(DummyIndividual),Software(DummyIndividual)}
22,63;{Institute(DummyIndividual),Software(DummyIndividual),AssistantProfessor(DummyIndividual)}
22,63;{Institute(DummyIndividual),Software(DummyIndividual),Professor(DummyIndividual)}
22,63;{Institute(DummyIndividual),Software(DummyIndividual),AssociateProfessor(DummyIndividual)}
22,85;{JournalArticle(DummyIndividual),AssistantProfessor(DummyIndividual),Organization(DummyIndividual)}
22,85;{JournalArticle(DummyIndividual),AssistantProfessor(DummyIndividual),University(DummyIndividual)}
22,85;{JournalArticle(DummyIndividual),AssistantProfessor(DummyIndividual),Department(DummyIndividual)}
22,85;{JournalArticle(DummyIndividual),AssistantProfessor(DummyIndividual),ResearchGroup(DummyIndividual)}
22,96;{JournalArticle(DummyIndividual),Chair(DummyIndividual),Organization(DummyIndividual)}
22,96;{JournalArticle(DummyIndividual),Chair(DummyIndividual),University(DummyIndividual)}
22,96;{JournalArticle(DummyIndividual),Chair(DummyIndividual),Department(DummyIndividual)}
22,96;{JournalArticle(DummyIndividual),Chair(DummyIndividual),ResearchGroup(DummyIndividual)}
23,16;{JournalArticle(DummyIndividual),University(DummyIndividual),Dean(DummyIndividual)}
23,16;{JournalArticle(DummyIndividual),University(DummyIndividual),Professor(DummyIndividual)}
23,16;{JournalArticle(DummyIndividual),University(DummyIndividual),FullProfessor(DummyIndividual)}
23,16;{JournalArticle(DummyIndividual),University(DummyIndividual),VisitingProfessor(DummyIndividual)}
23,16;{JournalArticle(DummyIndividual),University(DummyIndividual),AssociateProfessor(DummyIndividual)}
23,38;{JournalArticle(DummyIndividual),Dean(DummyIndividual),Organization(DummyIndividual)}
23,38;{JournalArticle(DummyIndividual),Dean(DummyIndividual),ResearchGroup(DummyIndividual)}
23,38;{JournalArticle(DummyIndividual),Professor(DummyIndividual),Organization(DummyIndividual)}
23,38;{JournalArticle(DummyIndividual),Professor(DummyIndividual),Department(DummyIndividual)}
23,38;{JournalArticle(DummyIndividual),Professor(DummyIndividual),ResearchGroup(DummyIndividual)}
23,38;{JournalArticle(DummyIndividual),FullProfessor(DummyIndividual),Organization(DummyIndividual)}
23,38;{JournalArticle(DummyIndividual),FullProfessor(DummyIndividual),Department(DummyIndividual)}
23,38;{JournalArticle(DummyIndividual),FullProfessor(DummyIndividual),ResearchGroup(DummyIndividual)}
23,49;{JournalArticle(DummyIndividual),VisitingProfessor(DummyIndividual),Organization(DummyIndividual)}
23,49;{JournalArticle(DummyIndividual),VisitingProfessor(DummyIndividual),Department(DummyIndividual)}
23,49;{JournalArticle(DummyIndividual),VisitingProfessor(DummyIndividual),ResearchGroup(DummyIndividual)}
23,49;{JournalArticle(DummyIndividual),AssociateProfessor(DummyIndividual),Organization(DummyIndividual)}
23,49;{JournalArticle(DummyIndividual),AssociateProfessor(DummyIndividual),Department(DummyIndividual)}
23,49;{JournalArticle(DummyIndividual),AssociateProfessor(DummyIndividual),ResearchGroup(DummyIndividual)}
23,68;{University(DummyIndividual),AssistantProfessor(DummyIndividual),Publication(DummyIndividual)}
23,68;{University(DummyIndividual),AssistantProfessor(DummyIndividual),Book(DummyIndividual)}
23,68;{University(DummyIndividual),AssistantProfessor(DummyIndividual),Manual(DummyIndividual)}
23,68;{University(DummyIndividual),AssistantProfessor(DummyIndividual),Specification(DummyIndividual)}
23,68;{University(DummyIndividual),AssistantProfessor(DummyIndividual),Software(DummyIndividual)}
23,79;{University(DummyIndividual),Chair(DummyIndividual),Publication(DummyIndividual)}
23,79;{University(DummyIndividual),Chair(DummyIndividual),Book(DummyIndividual)}
23,79;{University(DummyIndividual),Chair(DummyIndividual),Manual(DummyIndividual)}
23,79;{University(DummyIndividual),Chair(DummyIndividual),Specification(DummyIndividual)}
23,79;{University(DummyIndividual),Chair(DummyIndividual),Software(DummyIndividual)}
24,32;{University(DummyIndividual),Publication(DummyIndividual),Dean(DummyIndividual)}
24,32;{University(DummyIndividual),Publication(DummyIndividual),Professor(DummyIndividual)}
24,32;{University(DummyIndividual),Publication(DummyIndividual),FullProfessor(DummyIndividual)}
24,32;{University(DummyIndividual),Publication(DummyIndividual),VisitingProfessor(DummyIndividual)}
24,32;{University(DummyIndividual),Publication(DummyIndividual),AssociateProfessor(DummyIndividual)}
24,32;{University(DummyIndividual),Book(DummyIndividual),Dean(DummyIndividual)}
24,32;{University(DummyIndividual),Book(DummyIndividual),Professor(DummyIndividual)}
24,32;{University(DummyIndividual),Book(DummyIndividual),FullProfessor(DummyIndividual)}
24,32;{University(DummyIndividual),Book(DummyIndividual),VisitingProfessor(DummyIndividual)}
24,32;{University(DummyIndividual),Book(DummyIndividual),AssociateProfessor(DummyIndividual)}
24,43;{University(DummyIndividual),Dean(DummyIndividual),Manual(DummyIndividual)}
24,43;{University(DummyIndividual),Dean(DummyIndividual),Specification(DummyIndividual)}
24,43;{University(DummyIndividual),Dean(DummyIndividual),Software(DummyIndividual)}
24,43;{University(DummyIndividual),Manual(DummyIndividual),Professor(DummyIndividual)}
24,43;{University(DummyIndividual),Manual(DummyIndividual),FullProfessor(DummyIndividual)}
24,43;{University(DummyIndividual),Manual(DummyIndividual),VisitingProfessor(DummyIndividual)}
24,43;{University(DummyIndividual),Manual(DummyIndividual),AssociateProfessor(DummyIndividual)}
24,54;{University(DummyIndividual),Specification(DummyIndividual),Professor(DummyIndividual)}
24,54;{University(DummyIndividual),Specification(DummyIndividual),FullProfessor(DummyIndividual)}
24,54;{University(DummyIndividual),Specification(DummyIndividual),VisitingProfessor(DummyIndividual)}
24,54;{University(DummyIndividual),Specification(DummyIndividual),AssociateProfessor(DummyIndividual)}
24,54;{University(DummyIndividual),VisitingProfessor(DummyIndividual),Software(DummyIndividual)}
24,54;{University(DummyIndividual),Software(DummyIndividual),Professor(DummyIndividual)}
24,54;{University(DummyIndividual),Software(DummyIndividual),AssociateProfessor(DummyIndividual)}
24,73;{Publication(DummyIndividual),AssistantProfessor(DummyIndividual),Organization(DummyIndividual)}
24,73;{Publication(DummyIndividual),AssistantProfessor(DummyIndividual),Department(DummyIndividual)}
24,73;{Publication(DummyIndividual),AssistantProfessor(DummyIndividual),ResearchGroup(DummyIndividual)}
24,83;{Publication(DummyIndividual),Chair(DummyIndividual),Department(DummyIndividual)}
25,25;{Publication(DummyIndividual),Dean(DummyIndividual),Organization(DummyIndividual)}
25,25;{Publication(DummyIndividual),Dean(DummyIndividual),ResearchGroup(DummyIndividual)}
25,25;{Publication(DummyIndividual),Professor(DummyIndividual),Organization(DummyIndividual)}
25,25;{Publication(DummyIndividual),Professor(DummyIndividual),Department(DummyIndividual)}
25,25;{Publication(DummyIndividual),Professor(DummyIndividual),ResearchGroup(DummyIndividual)}
25,25;{Publication(DummyIndividual),FullProfessor(DummyIndividual),Organization(DummyIndividual)}
25,25;{Publication(DummyIndividual),FullProfessor(DummyIndividual),Department(DummyIndividual)}
25,36;{Publication(DummyIndividual),FullProfessor(DummyIndividual),ResearchGroup(DummyIndividual)}
25,36;{Publication(DummyIndividual),VisitingProfessor(DummyIndividual),Organization(DummyIndividual)}
25,36;{Publication(DummyIndividual),VisitingProfessor(DummyIndividual),Department(DummyIndividual)}
25,36;{Publication(DummyIndividual),VisitingProfessor(DummyIndividual),ResearchGroup(DummyIndividual)}
25,46;{Publication(DummyIndividual),AssociateProfessor(DummyIndividual),Organization(DummyIndividual)}
25,46;{Publication(DummyIndividual),AssociateProfessor(DummyIndividual),Department(DummyIndividual)}
25,46;{Publication(DummyIndividual),AssociateProfessor(DummyIndividual),ResearchGroup(DummyIndividual)}
25,56;{Book(DummyIndividual),AssistantProfessor(DummyIndividual),Organization(DummyIndividual)}
25,56;{Book(DummyIndividual),AssistantProfessor(DummyIndividual),Department(DummyIndividual)}
25,56;{Book(DummyIndividual),AssistantProfessor(DummyIndividual),ResearchGroup(DummyIndividual)}
25,66;{Book(DummyIndividual),Chair(DummyIndividual),Organization(DummyIndividual)}
25,66;{Book(DummyIndividual),Chair(DummyIndividual),Department(DummyIndividual)}
25,66;{Book(DummyIndividual),Chair(DummyIndividual),ResearchGroup(DummyIndividual)}
25,99;{Book(DummyIndividual),Dean(DummyIndividual),Organization(DummyIndividual)}
25,99;{Book(DummyIndividual),Dean(DummyIndividual),Department(DummyIndividual)}
26,08;{Book(DummyIndividual),Dean(DummyIndividual),ResearchGroup(DummyIndividual)}
26,08;{Book(DummyIndividual),Professor(DummyIndividual),Organization(DummyIndividual)}
26,08;{Book(DummyIndividual),Professor(DummyIndividual),Department(DummyIndividual)}
26,08;{Book(DummyIndividual),Professor(DummyIndividual),ResearchGroup(DummyIndividual)}
26,08;{Book(DummyIndividual),FullProfessor(DummyIndividual),Organization(DummyIndividual)}
26,08;{Book(DummyIndividual),FullProfessor(DummyIndividual),Department(DummyIndividual)}
26,08;{Book(DummyIndividual),FullProfessor(DummyIndividual),ResearchGroup(DummyIndividual)}
26,19;{Book(DummyIndividual),VisitingProfessor(DummyIndividual),Organization(DummyIndividual)}
26,19;{Book(DummyIndividual),VisitingProfessor(DummyIndividual),ResearchGroup(DummyIndividual)}
26,19;{Book(DummyIndividual),AssociateProfessor(DummyIndividual),Organization(DummyIndividual)}
26,19;{Book(DummyIndividual),AssociateProfessor(DummyIndividual),Department(DummyIndividual)}
26,19;{Book(DummyIndividual),AssociateProfessor(DummyIndividual),ResearchGroup(DummyIndividual)}
26,40;{Manual(DummyIndividual),AssistantProfessor(DummyIndividual),Organization(DummyIndividual)}
26,40;{Manual(DummyIndividual),AssistantProfessor(DummyIndividual),Department(DummyIndividual)}
26,40;{Manual(DummyIndividual),AssistantProfessor(DummyIndividual),ResearchGroup(DummyIndividual)}
26,50;{Manual(DummyIndividual),Chair(DummyIndividual),Organization(DummyIndividual)}
26,50;{Manual(DummyIndividual),Chair(DummyIndividual),Department(DummyIndividual)}
26,50;{Manual(DummyIndividual),Chair(DummyIndividual),ResearchGroup(DummyIndividual)}
26,91;{Manual(DummyIndividual),Dean(DummyIndividual),Organization(DummyIndividual)}
26,91;{Manual(DummyIndividual),Dean(DummyIndividual),ResearchGroup(DummyIndividual)}
26,91;{Manual(DummyIndividual),Professor(DummyIndividual),Organization(DummyIndividual)}
26,91;{Manual(DummyIndividual),Professor(DummyIndividual),Department(DummyIndividual)}
26,91;{Manual(DummyIndividual),Professor(DummyIndividual),ResearchGroup(DummyIndividual)}
26,91;{Manual(DummyIndividual),FullProfessor(DummyIndividual),Organization(DummyIndividual)}
26,91;{Manual(DummyIndividual),FullProfessor(DummyIndividual),Department(DummyIndividual)}
26,91;{Manual(DummyIndividual),FullProfessor(DummyIndividual),ResearchGroup(DummyIndividual)}
26,91;{Manual(DummyIndividual),VisitingProfessor(DummyIndividual),Organization(DummyIndividual)}
27,02;{Manual(DummyIndividual),VisitingProfessor(DummyIndividual),Department(DummyIndividual)}
27,02;{Manual(DummyIndividual),VisitingProfessor(DummyIndividual),ResearchGroup(DummyIndividual)}
27,02;{Manual(DummyIndividual),AssociateProfessor(DummyIndividual),Organization(DummyIndividual)}
27,02;{Manual(DummyIndividual),AssociateProfessor(DummyIndividual),Department(DummyIndividual)}
27,02;{Manual(DummyIndividual),AssociateProfessor(DummyIndividual),ResearchGroup(DummyIndividual)}
27,24;{Specification(DummyIndividual),AssistantProfessor(DummyIndividual),Organization(DummyIndividual)}
27,24;{Specification(DummyIndividual),AssistantProfessor(DummyIndividual),Department(DummyIndividual)}
27,24;{Specification(DummyIndividual),AssistantProfessor(DummyIndividual),ResearchGroup(DummyIndividual)}
27,24;{Specification(DummyIndividual),Chair(DummyIndividual),Organization(DummyIndividual)}
27,34;{Specification(DummyIndividual),Chair(DummyIndividual),Department(DummyIndividual)}
27,34;{Specification(DummyIndividual),Chair(DummyIndividual),ResearchGroup(DummyIndividual)}
27,65;{Specification(DummyIndividual),Dean(DummyIndividual),Organization(DummyIndividual)}
27,65;{Specification(DummyIndividual),Dean(DummyIndividual),ResearchGroup(DummyIndividual)}
27,76;{Specification(DummyIndividual),Professor(DummyIndividual),Organization(DummyIndividual)}
27,76;{Specification(DummyIndividual),Professor(DummyIndividual),Department(DummyIndividual)}
27,76;{Specification(DummyIndividual),Professor(DummyIndividual),ResearchGroup(DummyIndividual)}
27,76;{Specification(DummyIndividual),FullProfessor(DummyIndividual),Organization(DummyIndividual)}
27,76;{Specification(DummyIndividual),FullProfessor(DummyIndividual),Department(DummyIndividual)}
27,76;{Specification(DummyIndividual),FullProfessor(DummyIndividual),ResearchGroup(DummyIndividual)}
27,76;{Specification(DummyIndividual),VisitingProfessor(DummyIndividual),Organization(DummyIndividual)}
27,76;{Specification(DummyIndividual),VisitingProfessor(DummyIndividual),Department(DummyIndividual)}
27,76;{Specification(DummyIndividual),VisitingProfessor(DummyIndividual),ResearchGroup(DummyIndividual)}
27,86;{Specification(DummyIndividual),AssociateProfessor(DummyIndividual),Organization(DummyIndividual)}
27,86;{Specification(DummyIndividual),AssociateProfessor(DummyIndividual),Department(DummyIndividual)}
27,86;{Specification(DummyIndividual),AssociateProfessor(DummyIndividual),ResearchGroup(DummyIndividual)}
27,86;{Software(DummyIndividual),Organization(DummyIndividual),AssistantProfessor(DummyIndividual)}
27,97;{Software(DummyIndividual),Organization(DummyIndividual),Chair(DummyIndividual)}
27,97;{Software(DummyIndividual),Organization(DummyIndividual),Dean(DummyIndividual)}
27,97;{Software(DummyIndividual),Organization(DummyIndividual),Professor(DummyIndividual)}
27,97;{Software(DummyIndividual),Organization(DummyIndividual),FullProfessor(DummyIndividual)}
27,97;{Software(DummyIndividual),Organization(DummyIndividual),VisitingProfessor(DummyIndividual)}
27,97;{Software(DummyIndividual),Organization(DummyIndividual),AssociateProfessor(DummyIndividual)}
28,07;{Software(DummyIndividual),AssistantProfessor(DummyIndividual),Department(DummyIndividual)}
28,07;{Software(DummyIndividual),AssistantProfessor(DummyIndividual),ResearchGroup(DummyIndividual)}
28,07;{Software(DummyIndividual),Chair(DummyIndividual),Department(DummyIndividual)}
28,07;{Software(DummyIndividual),Chair(DummyIndividual),ResearchGroup(DummyIndividual)}
28,39;{Software(DummyIndividual),Department(DummyIndividual),Professor(DummyIndividual)}
28,39;{Software(DummyIndividual),Department(DummyIndividual),FullProfessor(DummyIndividual)}
28,39;{Software(DummyIndividual),Department(DummyIndividual),VisitingProfessor(DummyIndividual)}
28,39;{Software(DummyIndividual),Department(DummyIndividual),AssociateProfessor(DummyIndividual)}
28,49;{Software(DummyIndividual),FullProfessor(DummyIndividual),ResearchGroup(DummyIndividual)}
28,59;{Software(DummyIndividual),VisitingProfessor(DummyIndividual),ResearchGroup(DummyIndividual)}
28,59;{Software(DummyIndividual),AssociateProfessor(DummyIndividual),ResearchGroup(DummyIndividual)}
28,59;{Software(DummyIndividual),ResearchGroup(DummyIndividual),Dean(DummyIndividual)}
28,59;{Software(DummyIndividual),ResearchGroup(DummyIndividual),Professor(DummyIndividual)}
