1,01;{GraduateCourse(DummyIndividual),Publication(DummyIndividual),AssociateProfessor(DummyIndividual)}
1,41;{GraduateCourse(DummyIndividual),Publication(DummyIndividual),FullProfessor(DummyIndividual)}
1,78;{Course(DummyIndividual),Book(DummyIndividual),AssistantProfessor(DummyIndividual)}
2,05;{Course(DummyIndividual),AssistantProfessor(DummyIndividual),UnofficialPublication(DummyIndividual)}
2,35;{JournalArticle(DummyIndividual),VisitingProfessor(DummyIndividual),Course(DummyIndividual)}
2,54;{Manual(DummyIndividual),AssistantProfessor(DummyIndividual),GraduateCourse(DummyIndividual)}
8,39;{UnofficialPublication(DummyIndividual),Chair(DummyIndividual),GraduateCourse(DummyIndividual)}
8,39;{UnofficialPublication(DummyIndividual),Chair(DummyIndividual),Course(DummyIndividual)}
8,39;{UnofficialPublication(DummyIndividual),GraduateCourse(DummyIndividual),AssistantProfessor(DummyIndividual)}
8,58;{UnofficialPublication(DummyIndividual),GraduateCourse(DummyIndividual),Dean(DummyIndividual)}
8,58;{UnofficialPublication(DummyIndividual),GraduateCourse(DummyIndividual),Professor(DummyIndividual)}
8,58;{UnofficialPublication(DummyIndividual),GraduateCourse(DummyIndividual),FullProfessor(DummyIndividual)}
8,58;{UnofficialPublication(DummyIndividual),GraduateCourse(DummyIndividual),VisitingProfessor(DummyIndividual)}
8,58;{UnofficialPublication(DummyIndividual),GraduateCourse(DummyIndividual),AssociateProfessor(DummyIndividual)}
8,85;{UnofficialPublication(DummyIndividual),Course(DummyIndividual),Dean(DummyIndividual)}
8,95;{UnofficialPublication(DummyIndividual),Course(DummyIndividual),Professor(DummyIndividual)}
8,95;{UnofficialPublication(DummyIndividual),Course(DummyIndividual),FullProfessor(DummyIndividual)}
8,95;{UnofficialPublication(DummyIndividual),Course(DummyIndividual),VisitingProfessor(DummyIndividual)}
8,95;{UnofficialPublication(DummyIndividual),Course(DummyIndividual),AssociateProfessor(DummyIndividual)}
9,18;{GraduateCourse(DummyIndividual),Article(DummyIndividual),AssistantProfessor(DummyIndividual)}
9,18;{GraduateCourse(DummyIndividual),Article(DummyIndividual),Chair(DummyIndividual)}
9,27;{GraduateCourse(DummyIndividual),Article(DummyIndividual),Dean(DummyIndividual)}
9,27;{GraduateCourse(DummyIndividual),Article(DummyIndividual),Professor(DummyIndividual)}
9,27;{GraduateCourse(DummyIndividual),Article(DummyIndividual),FullProfessor(DummyIndividual)}
9,36;{GraduateCourse(DummyIndividual),Article(DummyIndividual),VisitingProfessor(DummyIndividual)}
9,36;{GraduateCourse(DummyIndividual),Article(DummyIndividual),AssociateProfessor(DummyIndividual)}
11,17;{GraduateCourse(DummyIndividual),ConferencePaper(DummyIndividual),AssistantProfessor(DummyIndividual)}
11,17;{GraduateCourse(DummyIndividual),ConferencePaper(DummyIndividual),Chair(DummyIndividual)}
11,28;{GraduateCourse(DummyIndividual),ConferencePaper(DummyIndividual),Dean(DummyIndividual)}
11,28;{GraduateCourse(DummyIndividual),ConferencePaper(DummyIndividual),Professor(DummyIndividual)}
11,28;{GraduateCourse(DummyIndividual),ConferencePaper(DummyIndividual),FullProfessor(DummyIndividual)}
11,28;{GraduateCourse(DummyIndividual),ConferencePaper(DummyIndividual),VisitingProfessor(DummyIndividual)}
11,28;{GraduateCourse(DummyIndividual),ConferencePaper(DummyIndividual),AssociateProfessor(DummyIndividual)}
11,88;{GraduateCourse(DummyIndividual),AssistantProfessor(DummyIndividual),TechnicalReport(DummyIndividual)}
11,88;{GraduateCourse(DummyIndividual),AssistantProfessor(DummyIndividual),JournalArticle(DummyIndividual)}
11,88;{GraduateCourse(DummyIndividual),AssistantProfessor(DummyIndividual),Publication(DummyIndividual)}
11,88;{GraduateCourse(DummyIndividual),AssistantProfessor(DummyIndividual),Book(DummyIndividual)}
11,99;{GraduateCourse(DummyIndividual),AssistantProfessor(DummyIndividual),Specification(DummyIndividual)}
11,99;{GraduateCourse(DummyIndividual),AssistantProfessor(DummyIndividual),Software(DummyIndividual)}
12,19;{GraduateCourse(DummyIndividual),TechnicalReport(DummyIndividual),Chair(DummyIndividual)}
12,29;{GraduateCourse(DummyIndividual),TechnicalReport(DummyIndividual),Dean(DummyIndividual)}
12,29;{GraduateCourse(DummyIndividual),TechnicalReport(DummyIndividual),Professor(DummyIndividual)}
12,29;{GraduateCourse(DummyIndividual),TechnicalReport(DummyIndividual),FullProfessor(DummyIndividual)}
12,29;{GraduateCourse(DummyIndividual),TechnicalReport(DummyIndividual),VisitingProfessor(DummyIndividual)}
12,29;{GraduateCourse(DummyIndividual),TechnicalReport(DummyIndividual),AssociateProfessor(DummyIndividual)}
12,40;{GraduateCourse(DummyIndividual),Chair(DummyIndividual),JournalArticle(DummyIndividual)}
12,40;{GraduateCourse(DummyIndividual),Chair(DummyIndividual),Publication(DummyIndividual)}
12,40;{GraduateCourse(DummyIndividual),Chair(DummyIndividual),Book(DummyIndividual)}
12,40;{GraduateCourse(DummyIndividual),Chair(DummyIndividual),Manual(DummyIndividual)}
12,40;{GraduateCourse(DummyIndividual),Chair(DummyIndividual),Specification(DummyIndividual)}
12,51;{GraduateCourse(DummyIndividual),Chair(DummyIndividual),Software(DummyIndividual)}
13,32;{GraduateCourse(DummyIndividual),JournalArticle(DummyIndividual),Dean(DummyIndividual)}
13,32;{GraduateCourse(DummyIndividual),JournalArticle(DummyIndividual),Professor(DummyIndividual)}
13,32;{GraduateCourse(DummyIndividual),JournalArticle(DummyIndividual),FullProfessor(DummyIndividual)}
13,32;{GraduateCourse(DummyIndividual),JournalArticle(DummyIndividual),VisitingProfessor(DummyIndividual)}
13,32;{GraduateCourse(DummyIndividual),JournalArticle(DummyIndividual),AssociateProfessor(DummyIndividual)}
13,82;{GraduateCourse(DummyIndividual),Book(DummyIndividual),Dean(DummyIndividual)}
13,82;{GraduateCourse(DummyIndividual),Book(DummyIndividual),Professor(DummyIndividual)}
13,82;{GraduateCourse(DummyIndividual),Book(DummyIndividual),FullProfessor(DummyIndividual)}
13,82;{GraduateCourse(DummyIndividual),Book(DummyIndividual),VisitingProfessor(DummyIndividual)}
13,82;{GraduateCourse(DummyIndividual),Book(DummyIndividual),AssociateProfessor(DummyIndividual)}
14,01;{GraduateCourse(DummyIndividual),Dean(DummyIndividual),Publication(DummyIndividual)}
14,01;{GraduateCourse(DummyIndividual),Dean(DummyIndividual),Manual(DummyIndividual)}
14,01;{GraduateCourse(DummyIndividual),Dean(DummyIndividual),Specification(DummyIndividual)}
14,01;{GraduateCourse(DummyIndividual),Dean(DummyIndividual),Software(DummyIndividual)}
14,21;{GraduateCourse(DummyIndividual),Professor(DummyIndividual),Publication(DummyIndividual)}
14,21;{GraduateCourse(DummyIndividual),Professor(DummyIndividual),Manual(DummyIndividual)}
14,21;{GraduateCourse(DummyIndividual),Professor(DummyIndividual),Specification(DummyIndividual)}
14,31;{GraduateCourse(DummyIndividual),Professor(DummyIndividual),Software(DummyIndividual)}
14,40;{GraduateCourse(DummyIndividual),FullProfessor(DummyIndividual),Manual(DummyIndividual)}
14,40;{GraduateCourse(DummyIndividual),FullProfessor(DummyIndividual),Specification(DummyIndividual)}
14,51;{GraduateCourse(DummyIndividual),FullProfessor(DummyIndividual),Software(DummyIndividual)}
14,66;{GraduateCourse(DummyIndividual),Specification(DummyIndividual),VisitingProfessor(DummyIndividual)}
14,66;{GraduateCourse(DummyIndividual),Specification(DummyIndividual),AssociateProfessor(DummyIndividual)}
14,85;{GraduateCourse(DummyIndividual),VisitingProfessor(DummyIndividual),Publication(DummyIndividual)}
14,85;{GraduateCourse(DummyIndividual),VisitingProfessor(DummyIndividual),Manual(DummyIndividual)}
14,85;{GraduateCourse(DummyIndividual),VisitingProfessor(DummyIndividual),Software(DummyIndividual)}
15,14;{GraduateCourse(DummyIndividual),Software(DummyIndividual),AssociateProfessor(DummyIndividual)}
15,32;{GraduateCourse(DummyIndividual),AssociateProfessor(DummyIndividual),Manual(DummyIndividual)}
15,38;{Course(DummyIndividual),Article(DummyIndividual),AssistantProfessor(DummyIndividual)}
15,38;{Course(DummyIndividual),Article(DummyIndividual),Chair(DummyIndividual)}
15,48;{Course(DummyIndividual),Article(DummyIndividual),Dean(DummyIndividual)}
15,48;{Course(DummyIndividual),Article(DummyIndividual),Professor(DummyIndividual)}
15,48;{Course(DummyIndividual),Article(DummyIndividual),FullProfessor(DummyIndividual)}
15,48;{Course(DummyIndividual),Article(DummyIndividual),VisitingProfessor(DummyIndividual)}
15,48;{Course(DummyIndividual),Article(DummyIndividual),AssociateProfessor(DummyIndividual)}
15,78;{Course(DummyIndividual),ConferencePaper(DummyIndividual),AssistantProfessor(DummyIndividual)}
15,88;{Course(DummyIndividual),ConferencePaper(DummyIndividual),Chair(DummyIndividual)}
15,88;{Course(DummyIndividual),ConferencePaper(DummyIndividual),Dean(DummyIndividual)}
15,98;{Course(DummyIndividual),ConferencePaper(DummyIndividual),Professor(DummyIndividual)}
15,98;{Course(DummyIndividual),ConferencePaper(DummyIndividual),FullProfessor(DummyIndividual)}
15,98;{Course(DummyIndividual),ConferencePaper(DummyIndividual),VisitingProfessor(DummyIndividual)}
15,98;{Course(DummyIndividual),ConferencePaper(DummyIndividual),AssociateProfessor(DummyIndividual)}
16,36;{Course(DummyIndividual),AssistantProfessor(DummyIndividual),TechnicalReport(DummyIndividual)}
16,36;{Course(DummyIndividual),AssistantProfessor(DummyIndividual),JournalArticle(DummyIndividual)}
16,36;{Course(DummyIndividual),AssistantProfessor(DummyIndividual),Publication(DummyIndividual)}
16,46;{Course(DummyIndividual),AssistantProfessor(DummyIndividual),Manual(DummyIndividual)}
16,46;{Course(DummyIndividual),AssistantProfessor(DummyIndividual),Specification(DummyIndividual)}
16,46;{Course(DummyIndividual),AssistantProfessor(DummyIndividual),Software(DummyIndividual)}
16,71;{Course(DummyIndividual),TechnicalReport(DummyIndividual),Chair(DummyIndividual)}
16,81;{Course(DummyIndividual),TechnicalReport(DummyIndividual),Dean(DummyIndividual)}
16,81;{Course(DummyIndividual),TechnicalReport(DummyIndividual),Professor(DummyIndividual)}
16,81;{Course(DummyIndividual),TechnicalReport(DummyIndividual),FullProfessor(DummyIndividual)}
16,81;{Course(DummyIndividual),TechnicalReport(DummyIndividual),VisitingProfessor(DummyIndividual)}
16,91;{Course(DummyIndividual),TechnicalReport(DummyIndividual),AssociateProfessor(DummyIndividual)}
16,91;{Course(DummyIndividual),Chair(DummyIndividual),JournalArticle(DummyIndividual)}
16,91;{Course(DummyIndividual),Chair(DummyIndividual),Publication(DummyIndividual)}
16,91;{Course(DummyIndividual),Chair(DummyIndividual),Book(DummyIndividual)}
17,00;{Course(DummyIndividual),Chair(DummyIndividual),Manual(DummyIndividual)}
17,00;{Course(DummyIndividual),Chair(DummyIndividual),Specification(DummyIndividual)}
17,00;{Course(DummyIndividual),Chair(DummyIndividual),Software(DummyIndividual)}
17,71;{Course(DummyIndividual),JournalArticle(DummyIndividual),Dean(DummyIndividual)}
17,71;{Course(DummyIndividual),JournalArticle(DummyIndividual),Professor(DummyIndividual)}
17,71;{Course(DummyIndividual),JournalArticle(DummyIndividual),FullProfessor(DummyIndividual)}
17,71;{Course(DummyIndividual),JournalArticle(DummyIndividual),AssociateProfessor(DummyIndividual)}
18,13;{Course(DummyIndividual),Book(DummyIndividual),Dean(DummyIndividual)}
18,13;{Course(DummyIndividual),Book(DummyIndividual),Professor(DummyIndividual)}
18,13;{Course(DummyIndividual),Book(DummyIndividual),FullProfessor(DummyIndividual)}
18,13;{Course(DummyIndividual),Book(DummyIndividual),VisitingProfessor(DummyIndividual)}
18,23;{Course(DummyIndividual),Book(DummyIndividual),AssociateProfessor(DummyIndividual)}
18,33;{Course(DummyIndividual),Dean(DummyIndividual),Publication(DummyIndividual)}
18,43;{Course(DummyIndividual),Dean(DummyIndividual),Manual(DummyIndividual)}
18,43;{Course(DummyIndividual),Dean(DummyIndividual),Specification(DummyIndividual)}
18,43;{Course(DummyIndividual),Dean(DummyIndividual),Software(DummyIndividual)}
18,63;{Course(DummyIndividual),Professor(DummyIndividual),Publication(DummyIndividual)}
18,63;{Course(DummyIndividual),Professor(DummyIndividual),Manual(DummyIndividual)}
18,63;{Course(DummyIndividual),Professor(DummyIndividual),Specification(DummyIndividual)}
18,63;{Course(DummyIndividual),Professor(DummyIndividual),Software(DummyIndividual)}
18,80;{Course(DummyIndividual),FullProfessor(DummyIndividual),Publication(DummyIndividual)}
18,80;{Course(DummyIndividual),FullProfessor(DummyIndividual),Manual(DummyIndividual)}
18,80;{Course(DummyIndividual),FullProfessor(DummyIndividual),Specification(DummyIndividual)}
18,80;{Course(DummyIndividual),FullProfessor(DummyIndividual),Software(DummyIndividual)}
19,00;{Course(DummyIndividual),Specification(DummyIndividual),VisitingProfessor(DummyIndividual)}
19,00;{Course(DummyIndividual),Specification(DummyIndividual),AssociateProfessor(DummyIndividual)}
19,10;{Course(DummyIndividual),VisitingProfessor(DummyIndividual),Publication(DummyIndividual)}
19,10;{Course(DummyIndividual),VisitingProfessor(DummyIndividual),Manual(DummyIndividual)}
19,10;{Course(DummyIndividual),VisitingProfessor(DummyIndividual),Software(DummyIndividual)}
19,30;{Course(DummyIndividual),Software(DummyIndividual),AssociateProfessor(DummyIndividual)}
19,39;{Course(DummyIndividual),AssociateProfessor(DummyIndividual),Publication(DummyIndividual)}
19,50;{Course(DummyIndividual),AssociateProfessor(DummyIndividual),Manual(DummyIndividual)}
