0,91;{Publication(DummyIndividual),University(DummyIndividual),AdministrativeStaff(DummyIndividual)}
1,22;{Publication(DummyIndividual),Organization(DummyIndividual),AdministrativeStaff(DummyIndividual)}
1,52;{Publication(DummyIndividual),AdministrativeStaff(DummyIndividual),Institute(DummyIndividual)}
1,97;{Book(DummyIndividual),SystemsStaff(DummyIndividual),Program(DummyIndividual)}
2,27;{Department(DummyIndividual),ClericalStaff(DummyIndividual),ConferencePaper(DummyIndividual)}
2,56;{ConferencePaper(DummyIndividual),Department(DummyIndividual),SystemsStaff(DummyIndividual)}
5,49;{Institute(DummyIndividual),ClericalStaff(DummyIndividual),UnofficialPublication(DummyIndividual)}
5,58;{ResearchGroup(DummyIndividual),ClericalStaff(DummyIndividual),UnofficialPublication(DummyIndividual)}
5,68;{University(DummyIndividual),ClericalStaff(DummyIndividual),UnofficialPublication(DummyIndividual)}
5,88;{College(DummyIndividual),ClericalStaff(DummyIndividual),UnofficialPublication(DummyIndividual)}
5,99;{Organization(DummyIndividual),ClericalStaff(DummyIndividual),UnofficialPublication(DummyIndividual)}
6,10;{Program(DummyIndividual),ClericalStaff(DummyIndividual),UnofficialPublication(DummyIndividual)}
6,20;{Department(DummyIndividual),ClericalStaff(DummyIndividual),UnofficialPublication(DummyIndividual)}
6,30;{TechnicalReport(DummyIndividual),ClericalStaff(DummyIndividual),College(DummyIndividual)}
6,39;{Article(DummyIndividual),ClericalStaff(DummyIndividual),College(DummyIndividual)}
6,59;{Book(DummyIndividual),ClericalStaff(DummyIndividual),College(DummyIndividual)}
6,70;{ConferencePaper(DummyIndividual),ClericalStaff(DummyIndividual),College(DummyIndividual)}
6,70;{Software(DummyIndividual),ClericalStaff(DummyIndividual),College(DummyIndividual)}
6,87;{Specification(DummyIndividual),ClericalStaff(DummyIndividual),College(DummyIndividual)}
6,95;{JournalArticle(DummyIndividual),ClericalStaff(DummyIndividual),College(DummyIndividual)}
7,05;{Manual(DummyIndividual),ClericalStaff(DummyIndividual),College(DummyIndividual)}
7,05;{Publication(DummyIndividual),ClericalStaff(DummyIndividual),College(DummyIndividual)}
7,26;{TechnicalReport(DummyIndividual),ClericalStaff(DummyIndividual),Institute(DummyIndividual)}
7,26;{Article(DummyIndividual),ClericalStaff(DummyIndividual),Institute(DummyIndividual)}
7,37;{Manual(DummyIndividual),ClericalStaff(DummyIndividual),Institute(DummyIndividual)}
7,47;{JournalArticle(DummyIndividual),ClericalStaff(DummyIndividual),Institute(DummyIndividual)}
7,47;{Publication(DummyIndividual),ClericalStaff(DummyIndividual),Institute(DummyIndividual)}
7,57;{Specification(DummyIndividual),ClericalStaff(DummyIndividual),Institute(DummyIndividual)}
7,67;{Software(DummyIndividual),ClericalStaff(DummyIndividual),Institute(DummyIndividual)}
7,85;{Book(DummyIndividual),ClericalStaff(DummyIndividual),Institute(DummyIndividual)}
8,06;{ConferencePaper(DummyIndividual),ClericalStaff(DummyIndividual),Institute(DummyIndividual)}
8,57;{SystemsStaff(DummyIndividual),Program(DummyIndividual),ConferencePaper(DummyIndividual)}
8,77;{AdministrativeStaff(DummyIndividual),Program(DummyIndividual),ConferencePaper(DummyIndividual)}
8,87;{ClericalStaff(DummyIndividual),Program(DummyIndividual),ConferencePaper(DummyIndividual)}
9,33;{AdministrativeStaff(DummyIndividual),Article(DummyIndividual),Organization(DummyIndividual)}
9,33;{AdministrativeStaff(DummyIndividual),Article(DummyIndividual),College(DummyIndividual)}
9,42;{AdministrativeStaff(DummyIndividual),Article(DummyIndividual),Program(DummyIndividual)}
9,42;{AdministrativeStaff(DummyIndividual),Article(DummyIndividual),Institute(DummyIndividual)}
9,42;{AdministrativeStaff(DummyIndividual),Article(DummyIndividual),University(DummyIndividual)}
9,42;{AdministrativeStaff(DummyIndividual),Article(DummyIndividual),Department(DummyIndividual)}
9,53;{AdministrativeStaff(DummyIndividual),Article(DummyIndividual),ResearchGroup(DummyIndividual)}
9,63;{AdministrativeStaff(DummyIndividual),ConferencePaper(DummyIndividual),Organization(DummyIndividual)}
9,63;{AdministrativeStaff(DummyIndividual),ConferencePaper(DummyIndividual),College(DummyIndividual)}
9,63;{AdministrativeStaff(DummyIndividual),ConferencePaper(DummyIndividual),Institute(DummyIndividual)}
9,72;{AdministrativeStaff(DummyIndividual),ConferencePaper(DummyIndividual),University(DummyIndividual)}
9,72;{AdministrativeStaff(DummyIndividual),ConferencePaper(DummyIndividual),Department(DummyIndividual)}
9,72;{AdministrativeStaff(DummyIndividual),ConferencePaper(DummyIndividual),ResearchGroup(DummyIndividual)}
9,72;{AdministrativeStaff(DummyIndividual),UnofficialPublication(DummyIndividual),Organization(DummyIndividual)}
9,72;{AdministrativeStaff(DummyIndividual),UnofficialPublication(DummyIndividual),College(DummyIndividual)}
9,72;{AdministrativeStaff(DummyIndividual),UnofficialPublication(DummyIndividual),Program(DummyIndividual)}
9,72;{AdministrativeStaff(DummyIndividual),UnofficialPublication(DummyIndividual),Institute(DummyIndividual)}
9,82;{AdministrativeStaff(DummyIndividual),UnofficialPublication(DummyIndividual),University(DummyIndividual)}
9,82;{AdministrativeStaff(DummyIndividual),UnofficialPublication(DummyIndividual),Department(DummyIndividual)}
9,82;{AdministrativeStaff(DummyIndividual),UnofficialPublication(DummyIndividual),ResearchGroup(DummyIndividual)}
9,82;{AdministrativeStaff(DummyIndividual),College(DummyIndividual),TechnicalReport(DummyIndividual)}
9,92;{AdministrativeStaff(DummyIndividual),College(DummyIndividual),JournalArticle(DummyIndividual)}
9,92;{AdministrativeStaff(DummyIndividual),College(DummyIndividual),Publication(DummyIndividual)}
9,92;{AdministrativeStaff(DummyIndividual),College(DummyIndividual),Book(DummyIndividual)}
9,92;{AdministrativeStaff(DummyIndividual),College(DummyIndividual),Manual(DummyIndividual)}
9,92;{AdministrativeStaff(DummyIndividual),College(DummyIndividual),Specification(DummyIndividual)}
10,02;{AdministrativeStaff(DummyIndividual),College(DummyIndividual),Software(DummyIndividual)}
10,02;{AdministrativeStaff(DummyIndividual),TechnicalReport(DummyIndividual),Organization(DummyIndividual)}
10,13;{AdministrativeStaff(DummyIndividual),TechnicalReport(DummyIndividual),Program(DummyIndividual)}
10,13;{AdministrativeStaff(DummyIndividual),TechnicalReport(DummyIndividual),Institute(DummyIndividual)}
10,13;{AdministrativeStaff(DummyIndividual),TechnicalReport(DummyIndividual),University(DummyIndividual)}
10,13;{AdministrativeStaff(DummyIndividual),TechnicalReport(DummyIndividual),Department(DummyIndividual)}
10,24;{AdministrativeStaff(DummyIndividual),TechnicalReport(DummyIndividual),ResearchGroup(DummyIndividual)}
10,73;{AdministrativeStaff(DummyIndividual),Program(DummyIndividual),JournalArticle(DummyIndividual)}
10,73;{AdministrativeStaff(DummyIndividual),Program(DummyIndividual),Publication(DummyIndividual)}
10,73;{AdministrativeStaff(DummyIndividual),Program(DummyIndividual),Book(DummyIndividual)}
10,73;{AdministrativeStaff(DummyIndividual),Program(DummyIndividual),Manual(DummyIndividual)}
10,73;{AdministrativeStaff(DummyIndividual),Program(DummyIndividual),Specification(DummyIndividual)}
10,73;{AdministrativeStaff(DummyIndividual),Program(DummyIndividual),Software(DummyIndividual)}
10,83;{AdministrativeStaff(DummyIndividual),Institute(DummyIndividual),JournalArticle(DummyIndividual)}
10,83;{AdministrativeStaff(DummyIndividual),Institute(DummyIndividual),Book(DummyIndividual)}
10,83;{AdministrativeStaff(DummyIndividual),Institute(DummyIndividual),Manual(DummyIndividual)}
10,83;{AdministrativeStaff(DummyIndividual),Institute(DummyIndividual),Specification(DummyIndividual)}
10,83;{AdministrativeStaff(DummyIndividual),Institute(DummyIndividual),Software(DummyIndividual)}
10,83;{AdministrativeStaff(DummyIndividual),JournalArticle(DummyIndividual),Organization(DummyIndividual)}
10,95;{AdministrativeStaff(DummyIndividual),JournalArticle(DummyIndividual),University(DummyIndividual)}
10,95;{AdministrativeStaff(DummyIndividual),JournalArticle(DummyIndividual),Department(DummyIndividual)}
11,04;{AdministrativeStaff(DummyIndividual),JournalArticle(DummyIndividual),ResearchGroup(DummyIndividual)}
11,14;{AdministrativeStaff(DummyIndividual),University(DummyIndividual),Book(DummyIndividual)}
11,14;{AdministrativeStaff(DummyIndividual),University(DummyIndividual),Manual(DummyIndividual)}
11,14;{AdministrativeStaff(DummyIndividual),University(DummyIndividual),Specification(DummyIndividual)}
11,14;{AdministrativeStaff(DummyIndividual),University(DummyIndividual),Software(DummyIndividual)}
11,46;{AdministrativeStaff(DummyIndividual),Publication(DummyIndividual),Department(DummyIndividual)}
11,56;{AdministrativeStaff(DummyIndividual),Publication(DummyIndividual),ResearchGroup(DummyIndividual)}
11,56;{AdministrativeStaff(DummyIndividual),Book(DummyIndividual),Organization(DummyIndividual)}
11,66;{AdministrativeStaff(DummyIndividual),Book(DummyIndividual),Department(DummyIndividual)}
11,66;{AdministrativeStaff(DummyIndividual),Book(DummyIndividual),ResearchGroup(DummyIndividual)}
12,08;{AdministrativeStaff(DummyIndividual),Manual(DummyIndividual),Organization(DummyIndividual)}
12,19;{AdministrativeStaff(DummyIndividual),Manual(DummyIndividual),Department(DummyIndividual)}
12,19;{AdministrativeStaff(DummyIndividual),Manual(DummyIndividual),ResearchGroup(DummyIndividual)}
12,19;{AdministrativeStaff(DummyIndividual),Specification(DummyIndividual),Organization(DummyIndividual)}
12,30;{AdministrativeStaff(DummyIndividual),Specification(DummyIndividual),Department(DummyIndividual)}
12,30;{AdministrativeStaff(DummyIndividual),Specification(DummyIndividual),ResearchGroup(DummyIndividual)}
12,40;{AdministrativeStaff(DummyIndividual),Software(DummyIndividual),Organization(DummyIndividual)}
12,51;{AdministrativeStaff(DummyIndividual),Software(DummyIndividual),Department(DummyIndividual)}
12,61;{AdministrativeStaff(DummyIndividual),Software(DummyIndividual),ResearchGroup(DummyIndividual)}
12,82;{ClericalStaff(DummyIndividual),Organization(DummyIndividual),Article(DummyIndividual)}
12,82;{ClericalStaff(DummyIndividual),Organization(DummyIndividual),ConferencePaper(DummyIndividual)}
12,82;{ClericalStaff(DummyIndividual),Organization(DummyIndividual),TechnicalReport(DummyIndividual)}
12,92;{ClericalStaff(DummyIndividual),Organization(DummyIndividual),JournalArticle(DummyIndividual)}
12,92;{ClericalStaff(DummyIndividual),Organization(DummyIndividual),Publication(DummyIndividual)}
12,92;{ClericalStaff(DummyIndividual),Organization(DummyIndividual),Book(DummyIndividual)}
12,92;{ClericalStaff(DummyIndividual),Organization(DummyIndividual),Manual(DummyIndividual)}
12,92;{ClericalStaff(DummyIndividual),Organization(DummyIndividual),Specification(DummyIndividual)}
12,92;{ClericalStaff(DummyIndividual),Organization(DummyIndividual),Software(DummyIndividual)}
13,12;{ClericalStaff(DummyIndividual),TechnicalReport(DummyIndividual),Program(DummyIndividual)}
13,12;{ClericalStaff(DummyIndividual),TechnicalReport(DummyIndividual),University(DummyIndividual)}
13,12;{ClericalStaff(DummyIndividual),TechnicalReport(DummyIndividual),Department(DummyIndividual)}
13,12;{ClericalStaff(DummyIndividual),TechnicalReport(DummyIndividual),ResearchGroup(DummyIndividual)}
13,65;{ClericalStaff(DummyIndividual),Program(DummyIndividual),Article(DummyIndividual)}
13,65;{ClericalStaff(DummyIndividual),Program(DummyIndividual),JournalArticle(DummyIndividual)}
13,65;{ClericalStaff(DummyIndividual),Program(DummyIndividual),Publication(DummyIndividual)}
13,65;{ClericalStaff(DummyIndividual),Program(DummyIndividual),Book(DummyIndividual)}
13,65;{ClericalStaff(DummyIndividual),Program(DummyIndividual),Manual(DummyIndividual)}
13,65;{ClericalStaff(DummyIndividual),Program(DummyIndividual),Specification(DummyIndividual)}
13,65;{ClericalStaff(DummyIndividual),Program(DummyIndividual),Software(DummyIndividual)}
13,75;{ClericalStaff(DummyIndividual),JournalArticle(DummyIndividual),University(DummyIndividual)}
13,75;{ClericalStaff(DummyIndividual),JournalArticle(DummyIndividual),Department(DummyIndividual)}
13,75;{ClericalStaff(DummyIndividual),JournalArticle(DummyIndividual),ResearchGroup(DummyIndividual)}
13,75;{ClericalStaff(DummyIndividual),University(DummyIndividual),Article(DummyIndividual)}
13,75;{ClericalStaff(DummyIndividual),University(DummyIndividual),ConferencePaper(DummyIndividual)}
13,75;{ClericalStaff(DummyIndividual),University(DummyIndividual),Publication(DummyIndividual)}
13,75;{ClericalStaff(DummyIndividual),University(DummyIndividual),Book(DummyIndividual)}
13,75;{ClericalStaff(DummyIndividual),University(DummyIndividual),Manual(DummyIndividual)}
13,75;{ClericalStaff(DummyIndividual),University(DummyIndividual),Specification(DummyIndividual)}
13,75;{ClericalStaff(DummyIndividual),University(DummyIndividual),Software(DummyIndividual)}
14,02;{ClericalStaff(DummyIndividual),Department(DummyIndividual),Article(DummyIndividual)}
14,02;{ClericalStaff(DummyIndividual),Department(DummyIndividual),Publication(DummyIndividual)}
14,02;{ClericalStaff(DummyIndividual),Department(DummyIndividual),Book(DummyIndividual)}
14,02;{ClericalStaff(DummyIndividual),Department(DummyIndividual),Manual(DummyIndividual)}
14,02;{ClericalStaff(DummyIndividual),Department(DummyIndividual),Specification(DummyIndividual)}
14,02;{ClericalStaff(DummyIndividual),Department(DummyIndividual),Software(DummyIndividual)}
14,02;{ClericalStaff(DummyIndividual),Book(DummyIndividual),ResearchGroup(DummyIndividual)}
14,22;{ClericalStaff(DummyIndividual),Manual(DummyIndividual),ResearchGroup(DummyIndividual)}
14,22;{ClericalStaff(DummyIndividual),Specification(DummyIndividual),ResearchGroup(DummyIndividual)}
14,30;{ClericalStaff(DummyIndividual),Software(DummyIndividual),ResearchGroup(DummyIndividual)}
14,30;{ClericalStaff(DummyIndividual),ResearchGroup(DummyIndividual),Article(DummyIndividual)}
14,30;{ClericalStaff(DummyIndividual),ResearchGroup(DummyIndividual),ConferencePaper(DummyIndividual)}
14,30;{ClericalStaff(DummyIndividual),ResearchGroup(DummyIndividual),Publication(DummyIndividual)}
14,30;{SystemsStaff(DummyIndividual),Article(DummyIndividual),Organization(DummyIndividual)}
14,39;{SystemsStaff(DummyIndividual),Article(DummyIndividual),College(DummyIndividual)}
14,39;{SystemsStaff(DummyIndividual),Article(DummyIndividual),Program(DummyIndividual)}
14,39;{SystemsStaff(DummyIndividual),Article(DummyIndividual),Institute(DummyIndividual)}
14,39;{SystemsStaff(DummyIndividual),Article(DummyIndividual),University(DummyIndividual)}
14,39;{SystemsStaff(DummyIndividual),Article(DummyIndividual),Department(DummyIndividual)}
14,39;{SystemsStaff(DummyIndividual),Article(DummyIndividual),ResearchGroup(DummyIndividual)}
14,39;{SystemsStaff(DummyIndividual),ConferencePaper(DummyIndividual),Organization(DummyIndividual)}
14,39;{SystemsStaff(DummyIndividual),ConferencePaper(DummyIndividual),College(DummyIndividual)}
14,39;{SystemsStaff(DummyIndividual),ConferencePaper(DummyIndividual),Institute(DummyIndividual)}
14,39;{SystemsStaff(DummyIndividual),ConferencePaper(DummyIndividual),University(DummyIndividual)}
14,39;{SystemsStaff(DummyIndividual),ConferencePaper(DummyIndividual),ResearchGroup(DummyIndividual)}
14,39;{SystemsStaff(DummyIndividual),UnofficialPublication(DummyIndividual),Organization(DummyIndividual)}
14,39;{SystemsStaff(DummyIndividual),UnofficialPublication(DummyIndividual),College(DummyIndividual)}
14,50;{SystemsStaff(DummyIndividual),UnofficialPublication(DummyIndividual),Program(DummyIndividual)}
14,50;{SystemsStaff(DummyIndividual),UnofficialPublication(DummyIndividual),Institute(DummyIndividual)}
14,50;{SystemsStaff(DummyIndividual),UnofficialPublication(DummyIndividual),University(DummyIndividual)}
14,50;{SystemsStaff(DummyIndividual),UnofficialPublication(DummyIndividual),Department(DummyIndividual)}
14,50;{SystemsStaff(DummyIndividual),UnofficialPublication(DummyIndividual),ResearchGroup(DummyIndividual)}
14,50;{SystemsStaff(DummyIndividual),College(DummyIndividual),TechnicalReport(DummyIndividual)}
14,50;{SystemsStaff(DummyIndividual),College(DummyIndividual),JournalArticle(DummyIndividual)}
14,50;{SystemsStaff(DummyIndividual),College(DummyIndividual),Publication(DummyIndividual)}
14,50;{SystemsStaff(DummyIndividual),College(DummyIndividual),Book(DummyIndividual)}
14,50;{SystemsStaff(DummyIndividual),College(DummyIndividual),Manual(DummyIndividual)}
14,50;{SystemsStaff(DummyIndividual),College(DummyIndividual),Specification(DummyIndividual)}
14,50;{SystemsStaff(DummyIndividual),College(DummyIndividual),Software(DummyIndividual)}
14,61;{SystemsStaff(DummyIndividual),TechnicalReport(DummyIndividual),Organization(DummyIndividual)}
14,61;{SystemsStaff(DummyIndividual),TechnicalReport(DummyIndividual),Program(DummyIndividual)}
14,61;{SystemsStaff(DummyIndividual),TechnicalReport(DummyIndividual),Institute(DummyIndividual)}
14,61;{SystemsStaff(DummyIndividual),TechnicalReport(DummyIndividual),University(DummyIndividual)}
14,61;{SystemsStaff(DummyIndividual),TechnicalReport(DummyIndividual),Department(DummyIndividual)}
14,61;{SystemsStaff(DummyIndividual),TechnicalReport(DummyIndividual),ResearchGroup(DummyIndividual)}
14,91;{SystemsStaff(DummyIndividual),Program(DummyIndividual),JournalArticle(DummyIndividual)}
14,91;{SystemsStaff(DummyIndividual),Program(DummyIndividual),Publication(DummyIndividual)}
14,91;{SystemsStaff(DummyIndividual),Program(DummyIndividual),Manual(DummyIndividual)}
14,91;{SystemsStaff(DummyIndividual),Program(DummyIndividual),Specification(DummyIndividual)}
14,91;{SystemsStaff(DummyIndividual),Program(DummyIndividual),Software(DummyIndividual)}
14,91;{SystemsStaff(DummyIndividual),Institute(DummyIndividual),JournalArticle(DummyIndividual)}
14,91;{SystemsStaff(DummyIndividual),Institute(DummyIndividual),Publication(DummyIndividual)}
14,91;{SystemsStaff(DummyIndividual),Institute(DummyIndividual),Book(DummyIndividual)}
14,91;{SystemsStaff(DummyIndividual),Institute(DummyIndividual),Manual(DummyIndividual)}
14,91;{SystemsStaff(DummyIndividual),Institute(DummyIndividual),Specification(DummyIndividual)}
14,91;{SystemsStaff(DummyIndividual),Institute(DummyIndividual),Software(DummyIndividual)}
14,91;{SystemsStaff(DummyIndividual),JournalArticle(DummyIndividual),Organization(DummyIndividual)}
14,91;{SystemsStaff(DummyIndividual),JournalArticle(DummyIndividual),University(DummyIndividual)}
14,91;{SystemsStaff(DummyIndividual),JournalArticle(DummyIndividual),Department(DummyIndividual)}
14,91;{SystemsStaff(DummyIndividual),JournalArticle(DummyIndividual),ResearchGroup(DummyIndividual)}
14,91;{SystemsStaff(DummyIndividual),University(DummyIndividual),Publication(DummyIndividual)}
14,91;{SystemsStaff(DummyIndividual),University(DummyIndividual),Book(DummyIndividual)}
14,91;{SystemsStaff(DummyIndividual),University(DummyIndividual),Manual(DummyIndividual)}
14,91;{SystemsStaff(DummyIndividual),University(DummyIndividual),Specification(DummyIndividual)}
14,91;{SystemsStaff(DummyIndividual),University(DummyIndividual),Software(DummyIndividual)}
15,14;{SystemsStaff(DummyIndividual),Publication(DummyIndividual),Organization(DummyIndividual)}
15,14;{SystemsStaff(DummyIndividual),Publication(DummyIndividual),Department(DummyIndividual)}
15,14;{SystemsStaff(DummyIndividual),Publication(DummyIndividual),ResearchGroup(DummyIndividual)}
15,14;{SystemsStaff(DummyIndividual),Book(DummyIndividual),Organization(DummyIndividual)}
15,14;{SystemsStaff(DummyIndividual),Book(DummyIndividual),Department(DummyIndividual)}
15,14;{SystemsStaff(DummyIndividual),Book(DummyIndividual),ResearchGroup(DummyIndividual)}
15,33;{SystemsStaff(DummyIndividual),Manual(DummyIndividual),Organization(DummyIndividual)}
15,33;{SystemsStaff(DummyIndividual),Manual(DummyIndividual),Department(DummyIndividual)}
15,33;{SystemsStaff(DummyIndividual),Manual(DummyIndividual),ResearchGroup(DummyIndividual)}
15,33;{SystemsStaff(DummyIndividual),Specification(DummyIndividual),Organization(DummyIndividual)}
15,43;{SystemsStaff(DummyIndividual),Specification(DummyIndividual),Department(DummyIndividual)}
15,43;{SystemsStaff(DummyIndividual),Specification(DummyIndividual),ResearchGroup(DummyIndividual)}
15,43;{SystemsStaff(DummyIndividual),Software(DummyIndividual),Organization(DummyIndividual)}
15,43;{SystemsStaff(DummyIndividual),Software(DummyIndividual),Department(DummyIndividual)}
15,43;{SystemsStaff(DummyIndividual),Software(DummyIndividual),ResearchGroup(DummyIndividual)}
