1,27;{Research(DummyIndividual),AdministrativeStaff(DummyIndividual),TechnicalReport(DummyIndividual)}
1,81;{Research(DummyIndividual),AdministrativeStaff(DummyIndividual),Article(DummyIndividual)}
2,26;{JournalArticle(DummyIndividual),SystemsStaff(DummyIndividual),Course(DummyIndividual)}
2,70;{JournalArticle(DummyIndividual),Course(DummyIndividual),AdministrativeStaff(DummyIndividual)}
2,98;{JournalArticle(DummyIndividual),Course(DummyIndividual),ClericalStaff(DummyIndividual)}
5,43;{GraduateCourse(DummyIndividual),ClericalStaff(DummyIndividual),ConferencePaper(DummyIndividual)}
5,59;{Research(DummyIndividual),ClericalStaff(DummyIndividual),ConferencePaper(DummyIndividual)}
5,77;{Course(DummyIndividual),ClericalStaff(DummyIndividual),ConferencePaper(DummyIndividual)}
6,05;{Work(DummyIndividual),ClericalStaff(DummyIndividual),ConferencePaper(DummyIndividual)}
6,73;{TechnicalReport(DummyIndividual),SystemsStaff(DummyIndividual),GraduateCourse(DummyIndividual)}
6,80;{ConferencePaper(DummyIndividual),SystemsStaff(DummyIndividual),GraduateCourse(DummyIndividual)}
6,94;{Article(DummyIndividual),SystemsStaff(DummyIndividual),GraduateCourse(DummyIndividual)}
7,25;{JournalArticle(DummyIndividual),SystemsStaff(DummyIndividual),GraduateCourse(DummyIndividual)}
8,18;{AdministrativeStaff(DummyIndividual),ConferencePaper(DummyIndividual),Work(DummyIndividual)}
8,18;{AdministrativeStaff(DummyIndividual),ConferencePaper(DummyIndividual),GraduateCourse(DummyIndividual)}
8,18;{AdministrativeStaff(DummyIndividual),ConferencePaper(DummyIndividual),Course(DummyIndividual)}
8,18;{AdministrativeStaff(DummyIndividual),ConferencePaper(DummyIndividual),Research(DummyIndividual)}
9,10;{AdministrativeStaff(DummyIndividual),TechnicalReport(DummyIndividual),Work(DummyIndividual)}
9,10;{AdministrativeStaff(DummyIndividual),TechnicalReport(DummyIndividual),GraduateCourse(DummyIndividual)}
9,10;{AdministrativeStaff(DummyIndividual),TechnicalReport(DummyIndividual),Course(DummyIndividual)}
9,81;{AdministrativeStaff(DummyIndividual),Work(DummyIndividual),Article(DummyIndividual)}
9,90;{AdministrativeStaff(DummyIndividual),Work(DummyIndividual),JournalArticle(DummyIndividual)}
10,01;{AdministrativeStaff(DummyIndividual),GraduateCourse(DummyIndividual),Article(DummyIndividual)}
10,08;{AdministrativeStaff(DummyIndividual),GraduateCourse(DummyIndividual),JournalArticle(DummyIndividual)}
10,96;{AdministrativeStaff(DummyIndividual),Course(DummyIndividual),Article(DummyIndividual)}
11,14;{AdministrativeStaff(DummyIndividual),Research(DummyIndividual),JournalArticle(DummyIndividual)}
14,31;{TechnicalReport(DummyIndividual),ClericalStaff(DummyIndividual),Work(DummyIndividual)}
14,31;{TechnicalReport(DummyIndividual),ClericalStaff(DummyIndividual),GraduateCourse(DummyIndividual)}
14,31;{TechnicalReport(DummyIndividual),ClericalStaff(DummyIndividual),Course(DummyIndividual)}
14,39;{TechnicalReport(DummyIndividual),ClericalStaff(DummyIndividual),Research(DummyIndividual)}
14,48;{TechnicalReport(DummyIndividual),SystemsStaff(DummyIndividual),Work(DummyIndividual)}
14,48;{TechnicalReport(DummyIndividual),SystemsStaff(DummyIndividual),Course(DummyIndividual)}
14,48;{TechnicalReport(DummyIndividual),SystemsStaff(DummyIndividual),Research(DummyIndividual)}
16,51;{ClericalStaff(DummyIndividual),Work(DummyIndividual),Article(DummyIndividual)}
16,63;{ClericalStaff(DummyIndividual),Work(DummyIndividual),JournalArticle(DummyIndividual)}
16,74;{ClericalStaff(DummyIndividual),GraduateCourse(DummyIndividual),Article(DummyIndividual)}
16,74;{ClericalStaff(DummyIndividual),GraduateCourse(DummyIndividual),JournalArticle(DummyIndividual)}
17,01;{ClericalStaff(DummyIndividual),Course(DummyIndividual),Article(DummyIndividual)}
17,18;{ClericalStaff(DummyIndividual),Research(DummyIndividual),Article(DummyIndividual)}
17,18;{ClericalStaff(DummyIndividual),Research(DummyIndividual),JournalArticle(DummyIndividual)}
17,60;{SystemsStaff(DummyIndividual),Article(DummyIndividual),Work(DummyIndividual)}
17,60;{SystemsStaff(DummyIndividual),Article(DummyIndividual),Course(DummyIndividual)}
17,60;{SystemsStaff(DummyIndividual),Article(DummyIndividual),Research(DummyIndividual)}
17,71;{SystemsStaff(DummyIndividual),ConferencePaper(DummyIndividual),Work(DummyIndividual)}
17,71;{SystemsStaff(DummyIndividual),ConferencePaper(DummyIndividual),Course(DummyIndividual)}
17,71;{SystemsStaff(DummyIndividual),ConferencePaper(DummyIndividual),Research(DummyIndividual)}
18,06;{SystemsStaff(DummyIndividual),JournalArticle(DummyIndividual),Work(DummyIndividual)}
18,06;{SystemsStaff(DummyIndividual),JournalArticle(DummyIndividual),Research(DummyIndividual)}
