1,33;{Research(DummyIndividual),AdministrativeStaff(DummyIndividual),Program(DummyIndividual),AssociateProfessor(DummyIndividual)}
1,89;{Research(DummyIndividual),AdministrativeStaff(DummyIndividual),Program(DummyIndividual),AssistantProfessor(DummyIndividual)}
2,38;{SystemsStaff(DummyIndividual),Course(DummyIndividual),College(DummyIndividual),Professor(DummyIndividual)}
2,80;{FullProfessor(DummyIndividual),Department(DummyIndividual),SystemsStaff(DummyIndividual),Course(DummyIndividual)}
3,26;{Course(DummyIndividual),VisitingProfessor(DummyIndividual),College(DummyIndividual),ClericalStaff(DummyIndividual)}
3,61;{Course(DummyIndividual),VisitingProfessor(DummyIndividual),College(DummyIndividual),AdministrativeStaff(DummyIndividual)}
9,39;{ResearchGroup(DummyIndividual),AssistantProfessor(DummyIndividual),SystemsStaff(DummyIndividual),GraduateCourse(DummyIndividual)}
9,72;{AssociateProfessor(DummyIndividual),Program(DummyIndividual),SystemsStaff(DummyIndividual),GraduateCourse(DummyIndividual)}
9,89;{AssociateProfessor(DummyIndividual),ResearchGroup(DummyIndividual),SystemsStaff(DummyIndividual),GraduateCourse(DummyIndividual)}
10,13;{FullProfessor(DummyIndividual),College(DummyIndividual),SystemsStaff(DummyIndividual),GraduateCourse(DummyIndividual)}
10,31;{FullProfessor(DummyIndividual),University(DummyIndividual),SystemsStaff(DummyIndividual),GraduateCourse(DummyIndividual)}
10,50;{Chair(DummyIndividual),Institute(DummyIndividual),SystemsStaff(DummyIndividual),GraduateCourse(DummyIndividual)}
10,60;{Chair(DummyIndividual),Organization(DummyIndividual),SystemsStaff(DummyIndividual),GraduateCourse(DummyIndividual)}
10,68;{Chair(DummyIndividual),Department(DummyIndividual),SystemsStaff(DummyIndividual),GraduateCourse(DummyIndividual)}
16,75;{VisitingProfessor(DummyIndividual),AdministrativeStaff(DummyIndividual),University(DummyIndividual),Research(DummyIndividual)}
16,75;{Chair(DummyIndividual),AdministrativeStaff(DummyIndividual),University(DummyIndividual),Research(DummyIndividual)}
16,85;{FullProfessor(DummyIndividual),AdministrativeStaff(DummyIndividual),University(DummyIndividual),Research(DummyIndividual)}
16,85;{Dean(DummyIndividual),AdministrativeStaff(DummyIndividual),University(DummyIndividual),Research(DummyIndividual)}
16,95;{Professor(DummyIndividual),AdministrativeStaff(DummyIndividual),University(DummyIndividual),Research(DummyIndividual)}
17,15;{AssistantProfessor(DummyIndividual),AdministrativeStaff(DummyIndividual),University(DummyIndividual),Research(DummyIndividual)}
17,24;{AssociateProfessor(DummyIndividual),AdministrativeStaff(DummyIndividual),University(DummyIndividual),Research(DummyIndividual)}
18,58;{Course(DummyIndividual),AdministrativeStaff(DummyIndividual),Dean(DummyIndividual),ResearchGroup(DummyIndividual)}
18,78;{Research(DummyIndividual),AdministrativeStaff(DummyIndividual),Dean(DummyIndividual),ResearchGroup(DummyIndividual)}
18,88;{Work(DummyIndividual),AdministrativeStaff(DummyIndividual),Dean(DummyIndividual),ResearchGroup(DummyIndividual)}
18,88;{GraduateCourse(DummyIndividual),AdministrativeStaff(DummyIndividual),Dean(DummyIndividual),ResearchGroup(DummyIndividual)}
21,99;{Institute(DummyIndividual),AssistantProfessor(DummyIndividual),SystemsStaff(DummyIndividual),Research(DummyIndividual)}
22,15;{Department(DummyIndividual),AssistantProfessor(DummyIndividual),SystemsStaff(DummyIndividual),Research(DummyIndividual)}
22,33;{Program(DummyIndividual),AssistantProfessor(DummyIndividual),SystemsStaff(DummyIndividual),Research(DummyIndividual)}
22,43;{University(DummyIndividual),AssistantProfessor(DummyIndividual),SystemsStaff(DummyIndividual),Research(DummyIndividual)}
22,64;{College(DummyIndividual),AssistantProfessor(DummyIndividual),SystemsStaff(DummyIndividual),Research(DummyIndividual)}
22,72;{ResearchGroup(DummyIndividual),AssistantProfessor(DummyIndividual),SystemsStaff(DummyIndividual),Research(DummyIndividual)}
22,82;{Organization(DummyIndividual),AssistantProfessor(DummyIndividual),SystemsStaff(DummyIndividual),Research(DummyIndividual)}
29,72;{AdministrativeStaff(DummyIndividual),AssociateProfessor(DummyIndividual),GraduateCourse(DummyIndividual),Program(DummyIndividual)}
30,03;{ClericalStaff(DummyIndividual),AssociateProfessor(DummyIndividual),GraduateCourse(DummyIndividual),Program(DummyIndividual)}
35,23;{AdministrativeStaff(DummyIndividual),Organization(DummyIndividual),AssistantProfessor(DummyIndividual),Work(DummyIndividual)}
35,23;{AdministrativeStaff(DummyIndividual),Organization(DummyIndividual),AssistantProfessor(DummyIndividual),GraduateCourse(DummyIndividual)}
35,32;{AdministrativeStaff(DummyIndividual),Organization(DummyIndividual),AssistantProfessor(DummyIndividual),Course(DummyIndividual)}
35,32;{AdministrativeStaff(DummyIndividual),Organization(DummyIndividual),AssistantProfessor(DummyIndividual),Research(DummyIndividual)}
35,64;{AdministrativeStaff(DummyIndividual),Organization(DummyIndividual),Chair(DummyIndividual),Work(DummyIndividual)}
35,64;{AdministrativeStaff(DummyIndividual),Organization(DummyIndividual),Chair(DummyIndividual),GraduateCourse(DummyIndividual)}
35,64;{AdministrativeStaff(DummyIndividual),Organization(DummyIndividual),Chair(DummyIndividual),Course(DummyIndividual)}
35,64;{AdministrativeStaff(DummyIndividual),Organization(DummyIndividual),Chair(DummyIndividual),Research(DummyIndividual)}
36,35;{AdministrativeStaff(DummyIndividual),Organization(DummyIndividual),Work(DummyIndividual),Dean(DummyIndividual)}
36,35;{AdministrativeStaff(DummyIndividual),Organization(DummyIndividual),Work(DummyIndividual),Professor(DummyIndividual)}
36,35;{AdministrativeStaff(DummyIndividual),Organization(DummyIndividual),Work(DummyIndividual),FullProfessor(DummyIndividual)}
36,35;{AdministrativeStaff(DummyIndividual),Organization(DummyIndividual),Work(DummyIndividual),VisitingProfessor(DummyIndividual)}
36,35;{AdministrativeStaff(DummyIndividual),Organization(DummyIndividual),Work(DummyIndividual),AssociateProfessor(DummyIndividual)}
36,45;{AdministrativeStaff(DummyIndividual),Organization(DummyIndividual),GraduateCourse(DummyIndividual),Dean(DummyIndividual)}
36,45;{AdministrativeStaff(DummyIndividual),Organization(DummyIndividual),GraduateCourse(DummyIndividual),Professor(DummyIndividual)}
36,45;{AdministrativeStaff(DummyIndividual),Organization(DummyIndividual),GraduateCourse(DummyIndividual),FullProfessor(DummyIndividual)}
36,55;{AdministrativeStaff(DummyIndividual),Organization(DummyIndividual),GraduateCourse(DummyIndividual),VisitingProfessor(DummyIndividual)}
36,55;{AdministrativeStaff(DummyIndividual),Organization(DummyIndividual),GraduateCourse(DummyIndividual),AssociateProfessor(DummyIndividual)}
37,56;{AdministrativeStaff(DummyIndividual),Organization(DummyIndividual),Course(DummyIndividual),Dean(DummyIndividual)}
37,56;{AdministrativeStaff(DummyIndividual),Organization(DummyIndividual),Course(DummyIndividual),Professor(DummyIndividual)}
37,56;{AdministrativeStaff(DummyIndividual),Organization(DummyIndividual),Course(DummyIndividual),FullProfessor(DummyIndividual)}
37,66;{AdministrativeStaff(DummyIndividual),Organization(DummyIndividual),Course(DummyIndividual),VisitingProfessor(DummyIndividual)}
37,66;{AdministrativeStaff(DummyIndividual),Organization(DummyIndividual),Course(DummyIndividual),AssociateProfessor(DummyIndividual)}
37,76;{AdministrativeStaff(DummyIndividual),Organization(DummyIndividual),Research(DummyIndividual),Dean(DummyIndividual)}
37,76;{AdministrativeStaff(DummyIndividual),Organization(DummyIndividual),Research(DummyIndividual),Professor(DummyIndividual)}
37,76;{AdministrativeStaff(DummyIndividual),Organization(DummyIndividual),Research(DummyIndividual),FullProfessor(DummyIndividual)}
37,76;{AdministrativeStaff(DummyIndividual),Organization(DummyIndividual),Research(DummyIndividual),VisitingProfessor(DummyIndividual)}
37,76;{AdministrativeStaff(DummyIndividual),Organization(DummyIndividual),Research(DummyIndividual),AssociateProfessor(DummyIndividual)}
43,78;{AdministrativeStaff(DummyIndividual),College(DummyIndividual),AssistantProfessor(DummyIndividual),Work(DummyIndividual)}
43,78;{AdministrativeStaff(DummyIndividual),College(DummyIndividual),AssistantProfessor(DummyIndividual),GraduateCourse(DummyIndividual)}
43,78;{AdministrativeStaff(DummyIndividual),College(DummyIndividual),AssistantProfessor(DummyIndividual),Course(DummyIndividual)}
43,78;{AdministrativeStaff(DummyIndividual),College(DummyIndividual),AssistantProfessor(DummyIndividual),Research(DummyIndividual)}
43,87;{AdministrativeStaff(DummyIndividual),College(DummyIndividual),Chair(DummyIndividual),Work(DummyIndividual)}
43,87;{AdministrativeStaff(DummyIndividual),College(DummyIndividual),Chair(DummyIndividual),GraduateCourse(DummyIndividual)}
43,87;{AdministrativeStaff(DummyIndividual),College(DummyIndividual),Chair(DummyIndividual),Course(DummyIndividual)}
43,87;{AdministrativeStaff(DummyIndividual),College(DummyIndividual),Chair(DummyIndividual),Research(DummyIndividual)}
44,19;{AdministrativeStaff(DummyIndividual),College(DummyIndividual),Work(DummyIndividual),Dean(DummyIndividual)}
44,19;{AdministrativeStaff(DummyIndividual),College(DummyIndividual),Work(DummyIndividual),Professor(DummyIndividual)}
44,19;{AdministrativeStaff(DummyIndividual),College(DummyIndividual),Work(DummyIndividual),FullProfessor(DummyIndividual)}
44,19;{AdministrativeStaff(DummyIndividual),College(DummyIndividual),Work(DummyIndividual),VisitingProfessor(DummyIndividual)}
44,19;{AdministrativeStaff(DummyIndividual),College(DummyIndividual),Work(DummyIndividual),AssociateProfessor(DummyIndividual)}
44,29;{AdministrativeStaff(DummyIndividual),College(DummyIndividual),GraduateCourse(DummyIndividual),Dean(DummyIndividual)}
44,29;{AdministrativeStaff(DummyIndividual),College(DummyIndividual),GraduateCourse(DummyIndividual),Professor(DummyIndividual)}
44,29;{AdministrativeStaff(DummyIndividual),College(DummyIndividual),GraduateCourse(DummyIndividual),FullProfessor(DummyIndividual)}
44,29;{AdministrativeStaff(DummyIndividual),College(DummyIndividual),GraduateCourse(DummyIndividual),VisitingProfessor(DummyIndividual)}
44,39;{AdministrativeStaff(DummyIndividual),College(DummyIndividual),GraduateCourse(DummyIndividual),AssociateProfessor(DummyIndividual)}
44,81;{AdministrativeStaff(DummyIndividual),College(DummyIndividual),Course(DummyIndividual),Dean(DummyIndividual)}
44,81;{AdministrativeStaff(DummyIndividual),College(DummyIndividual),Course(DummyIndividual),Professor(DummyIndividual)}
44,81;{AdministrativeStaff(DummyIndividual),College(DummyIndividual),Course(DummyIndividual),FullProfessor(DummyIndividual)}
44,81;{AdministrativeStaff(DummyIndividual),College(DummyIndividual),Course(DummyIndividual),AssociateProfessor(DummyIndividual)}
44,91;{AdministrativeStaff(DummyIndividual),College(DummyIndividual),Research(DummyIndividual),Dean(DummyIndividual)}
45,01;{AdministrativeStaff(DummyIndividual),College(DummyIndividual),Research(DummyIndividual),Professor(DummyIndividual)}
45,01;{AdministrativeStaff(DummyIndividual),College(DummyIndividual),Research(DummyIndividual),FullProfessor(DummyIndividual)}
45,01;{AdministrativeStaff(DummyIndividual),College(DummyIndividual),Research(DummyIndividual),VisitingProfessor(DummyIndividual)}
45,01;{AdministrativeStaff(DummyIndividual),College(DummyIndividual),Research(DummyIndividual),AssociateProfessor(DummyIndividual)}
47,16;{AdministrativeStaff(DummyIndividual),AssistantProfessor(DummyIndividual),GraduateCourse(DummyIndividual),Program(DummyIndividual)}
47,16;{AdministrativeStaff(DummyIndividual),AssistantProfessor(DummyIndividual),GraduateCourse(DummyIndividual),Institute(DummyIndividual)}
47,16;{AdministrativeStaff(DummyIndividual),AssistantProfessor(DummyIndividual),GraduateCourse(DummyIndividual),University(DummyIndividual)}
47,16;{AdministrativeStaff(DummyIndividual),AssistantProfessor(DummyIndividual),GraduateCourse(DummyIndividual),Department(DummyIndividual)}
47,26;{AdministrativeStaff(DummyIndividual),AssistantProfessor(DummyIndividual),GraduateCourse(DummyIndividual),ResearchGroup(DummyIndividual)}
47,26;{AdministrativeStaff(DummyIndividual),AssistantProfessor(DummyIndividual),Program(DummyIndividual),Work(DummyIndividual)}
47,36;{AdministrativeStaff(DummyIndividual),AssistantProfessor(DummyIndividual),Program(DummyIndividual),Course(DummyIndividual)}
47,45;{AdministrativeStaff(DummyIndividual),AssistantProfessor(DummyIndividual),Institute(DummyIndividual),Work(DummyIndividual)}
47,45;{AdministrativeStaff(DummyIndividual),AssistantProfessor(DummyIndividual),Institute(DummyIndividual),Course(DummyIndividual)}
47,45;{AdministrativeStaff(DummyIndividual),AssistantProfessor(DummyIndividual),Institute(DummyIndividual),Research(DummyIndividual)}
47,66;{AdministrativeStaff(DummyIndividual),AssistantProfessor(DummyIndividual),University(DummyIndividual),Work(DummyIndividual)}
47,66;{AdministrativeStaff(DummyIndividual),AssistantProfessor(DummyIndividual),University(DummyIndividual),Course(DummyIndividual)}
47,96;{AdministrativeStaff(DummyIndividual),AssistantProfessor(DummyIndividual),Course(DummyIndividual),Department(DummyIndividual)}
47,96;{AdministrativeStaff(DummyIndividual),AssistantProfessor(DummyIndividual),Course(DummyIndividual),ResearchGroup(DummyIndividual)}
47,96;{AdministrativeStaff(DummyIndividual),AssistantProfessor(DummyIndividual),Department(DummyIndividual),Work(DummyIndividual)}
47,96;{AdministrativeStaff(DummyIndividual),AssistantProfessor(DummyIndividual),Department(DummyIndividual),Research(DummyIndividual)}
49,26;{AdministrativeStaff(DummyIndividual),AssistantProfessor(DummyIndividual),ResearchGroup(DummyIndividual),Work(DummyIndividual)}
49,36;{AdministrativeStaff(DummyIndividual),AssistantProfessor(DummyIndividual),ResearchGroup(DummyIndividual),Research(DummyIndividual)}
53,32;{AdministrativeStaff(DummyIndividual),Chair(DummyIndividual),GraduateCourse(DummyIndividual),Program(DummyIndividual)}
53,32;{AdministrativeStaff(DummyIndividual),Chair(DummyIndividual),GraduateCourse(DummyIndividual),Institute(DummyIndividual)}
53,32;{AdministrativeStaff(DummyIndividual),Chair(DummyIndividual),GraduateCourse(DummyIndividual),University(DummyIndividual)}
53,32;{AdministrativeStaff(DummyIndividual),Chair(DummyIndividual),GraduateCourse(DummyIndividual),Department(DummyIndividual)}
53,32;{AdministrativeStaff(DummyIndividual),Chair(DummyIndividual),GraduateCourse(DummyIndividual),ResearchGroup(DummyIndividual)}
53,32;{AdministrativeStaff(DummyIndividual),Chair(DummyIndividual),Program(DummyIndividual),Work(DummyIndividual)}
53,32;{AdministrativeStaff(DummyIndividual),Chair(DummyIndividual),Program(DummyIndividual),Course(DummyIndividual)}
53,32;{AdministrativeStaff(DummyIndividual),Chair(DummyIndividual),Program(DummyIndividual),Research(DummyIndividual)}
53,42;{AdministrativeStaff(DummyIndividual),Chair(DummyIndividual),Institute(DummyIndividual),Work(DummyIndividual)}
53,42;{AdministrativeStaff(DummyIndividual),Chair(DummyIndividual),Institute(DummyIndividual),Course(DummyIndividual)}
53,42;{AdministrativeStaff(DummyIndividual),Chair(DummyIndividual),Institute(DummyIndividual),Research(DummyIndividual)}
53,42;{AdministrativeStaff(DummyIndividual),Chair(DummyIndividual),University(DummyIndividual),Work(DummyIndividual)}
53,42;{AdministrativeStaff(DummyIndividual),Chair(DummyIndividual),University(DummyIndividual),Course(DummyIndividual)}
53,53;{AdministrativeStaff(DummyIndividual),Chair(DummyIndividual),Research(DummyIndividual),Department(DummyIndividual)}
53,53;{AdministrativeStaff(DummyIndividual),Chair(DummyIndividual),Research(DummyIndividual),ResearchGroup(DummyIndividual)}
53,53;{AdministrativeStaff(DummyIndividual),Chair(DummyIndividual),Department(DummyIndividual),Work(DummyIndividual)}
53,53;{AdministrativeStaff(DummyIndividual),Chair(DummyIndividual),Department(DummyIndividual),Course(DummyIndividual)}
53,83;{AdministrativeStaff(DummyIndividual),Chair(DummyIndividual),ResearchGroup(DummyIndividual),Work(DummyIndividual)}
53,83;{AdministrativeStaff(DummyIndividual),Chair(DummyIndividual),ResearchGroup(DummyIndividual),Course(DummyIndividual)}
60,32;{AdministrativeStaff(DummyIndividual),GraduateCourse(DummyIndividual),Institute(DummyIndividual),Dean(DummyIndividual)}
60,32;{AdministrativeStaff(DummyIndividual),GraduateCourse(DummyIndividual),Institute(DummyIndividual),Professor(DummyIndividual)}
60,32;{AdministrativeStaff(DummyIndividual),GraduateCourse(DummyIndividual),Institute(DummyIndividual),FullProfessor(DummyIndividual)}
60,32;{AdministrativeStaff(DummyIndividual),GraduateCourse(DummyIndividual),Institute(DummyIndividual),VisitingProfessor(DummyIndividual)}
60,32;{AdministrativeStaff(DummyIndividual),GraduateCourse(DummyIndividual),Institute(DummyIndividual),AssociateProfessor(DummyIndividual)}
60,52;{AdministrativeStaff(DummyIndividual),GraduateCourse(DummyIndividual),University(DummyIndividual),Dean(DummyIndividual)}
60,52;{AdministrativeStaff(DummyIndividual),GraduateCourse(DummyIndividual),University(DummyIndividual),Professor(DummyIndividual)}
60,61;{AdministrativeStaff(DummyIndividual),GraduateCourse(DummyIndividual),University(DummyIndividual),FullProfessor(DummyIndividual)}
60,61;{AdministrativeStaff(DummyIndividual),GraduateCourse(DummyIndividual),University(DummyIndividual),VisitingProfessor(DummyIndividual)}
60,61;{AdministrativeStaff(DummyIndividual),GraduateCourse(DummyIndividual),University(DummyIndividual),AssociateProfessor(DummyIndividual)}
60,70;{AdministrativeStaff(DummyIndividual),GraduateCourse(DummyIndividual),Department(DummyIndividual),Dean(DummyIndividual)}
60,70;{AdministrativeStaff(DummyIndividual),GraduateCourse(DummyIndividual),Department(DummyIndividual),Professor(DummyIndividual)}
60,70;{AdministrativeStaff(DummyIndividual),GraduateCourse(DummyIndividual),Department(DummyIndividual),FullProfessor(DummyIndividual)}
60,70;{AdministrativeStaff(DummyIndividual),GraduateCourse(DummyIndividual),Department(DummyIndividual),VisitingProfessor(DummyIndividual)}
60,70;{AdministrativeStaff(DummyIndividual),GraduateCourse(DummyIndividual),Department(DummyIndividual),AssociateProfessor(DummyIndividual)}
60,81;{AdministrativeStaff(DummyIndividual),GraduateCourse(DummyIndividual),Dean(DummyIndividual),Program(DummyIndividual)}
60,81;{AdministrativeStaff(DummyIndividual),GraduateCourse(DummyIndividual),Professor(DummyIndividual),Program(DummyIndividual)}
60,81;{AdministrativeStaff(DummyIndividual),GraduateCourse(DummyIndividual),Professor(DummyIndividual),ResearchGroup(DummyIndividual)}
60,90;{AdministrativeStaff(DummyIndividual),GraduateCourse(DummyIndividual),FullProfessor(DummyIndividual),Program(DummyIndividual)}
60,90;{AdministrativeStaff(DummyIndividual),GraduateCourse(DummyIndividual),FullProfessor(DummyIndividual),ResearchGroup(DummyIndividual)}
60,90;{AdministrativeStaff(DummyIndividual),GraduateCourse(DummyIndividual),VisitingProfessor(DummyIndividual),Program(DummyIndividual)}
60,90;{AdministrativeStaff(DummyIndividual),GraduateCourse(DummyIndividual),VisitingProfessor(DummyIndividual),ResearchGroup(DummyIndividual)}
61,01;{AdministrativeStaff(DummyIndividual),GraduateCourse(DummyIndividual),AssociateProfessor(DummyIndividual),ResearchGroup(DummyIndividual)}
63,69;{AdministrativeStaff(DummyIndividual),Program(DummyIndividual),Dean(DummyIndividual),Work(DummyIndividual)}
63,69;{AdministrativeStaff(DummyIndividual),Program(DummyIndividual),Dean(DummyIndividual),Course(DummyIndividual)}
63,69;{AdministrativeStaff(DummyIndividual),Program(DummyIndividual),Dean(DummyIndividual),Research(DummyIndividual)}
63,78;{AdministrativeStaff(DummyIndividual),Program(DummyIndividual),Professor(DummyIndividual),Work(DummyIndividual)}
63,78;{AdministrativeStaff(DummyIndividual),Program(DummyIndividual),Professor(DummyIndividual),Course(DummyIndividual)}
63,78;{AdministrativeStaff(DummyIndividual),Program(DummyIndividual),Professor(DummyIndividual),Research(DummyIndividual)}
63,88;{AdministrativeStaff(DummyIndividual),Program(DummyIndividual),FullProfessor(DummyIndividual),Work(DummyIndividual)}
63,88;{AdministrativeStaff(DummyIndividual),Program(DummyIndividual),FullProfessor(DummyIndividual),Course(DummyIndividual)}
63,88;{AdministrativeStaff(DummyIndividual),Program(DummyIndividual),FullProfessor(DummyIndividual),Research(DummyIndividual)}
63,98;{AdministrativeStaff(DummyIndividual),Program(DummyIndividual),VisitingProfessor(DummyIndividual),Work(DummyIndividual)}
64,08;{AdministrativeStaff(DummyIndividual),Program(DummyIndividual),VisitingProfessor(DummyIndividual),Course(DummyIndividual)}
64,08;{AdministrativeStaff(DummyIndividual),Program(DummyIndividual),VisitingProfessor(DummyIndividual),Research(DummyIndividual)}
64,17;{AdministrativeStaff(DummyIndividual),Program(DummyIndividual),AssociateProfessor(DummyIndividual),Work(DummyIndividual)}
64,17;{AdministrativeStaff(DummyIndividual),Program(DummyIndividual),AssociateProfessor(DummyIndividual),Course(DummyIndividual)}
65,07;{AdministrativeStaff(DummyIndividual),Institute(DummyIndividual),Research(DummyIndividual),Dean(DummyIndividual)}
65,07;{AdministrativeStaff(DummyIndividual),Institute(DummyIndividual),Research(DummyIndividual),Professor(DummyIndividual)}
65,07;{AdministrativeStaff(DummyIndividual),Institute(DummyIndividual),Research(DummyIndividual),FullProfessor(DummyIndividual)}
65,18;{AdministrativeStaff(DummyIndividual),Institute(DummyIndividual),Research(DummyIndividual),VisitingProfessor(DummyIndividual)}
65,18;{AdministrativeStaff(DummyIndividual),Institute(DummyIndividual),Research(DummyIndividual),AssociateProfessor(DummyIndividual)}
65,29;{AdministrativeStaff(DummyIndividual),Institute(DummyIndividual),Dean(DummyIndividual),Work(DummyIndividual)}
65,39;{AdministrativeStaff(DummyIndividual),Institute(DummyIndividual),Dean(DummyIndividual),Course(DummyIndividual)}
65,49;{AdministrativeStaff(DummyIndividual),Institute(DummyIndividual),Professor(DummyIndividual),Work(DummyIndividual)}
65,49;{AdministrativeStaff(DummyIndividual),Institute(DummyIndividual),Professor(DummyIndividual),Course(DummyIndividual)}
65,60;{AdministrativeStaff(DummyIndividual),Institute(DummyIndividual),FullProfessor(DummyIndividual),Work(DummyIndividual)}
65,60;{AdministrativeStaff(DummyIndividual),Institute(DummyIndividual),FullProfessor(DummyIndividual),Course(DummyIndividual)}
65,80;{AdministrativeStaff(DummyIndividual),Institute(DummyIndividual),VisitingProfessor(DummyIndividual),Work(DummyIndividual)}
65,90;{AdministrativeStaff(DummyIndividual),Institute(DummyIndividual),VisitingProfessor(DummyIndividual),Course(DummyIndividual)}
66,00;{AdministrativeStaff(DummyIndividual),Institute(DummyIndividual),AssociateProfessor(DummyIndividual),Work(DummyIndividual)}
66,00;{AdministrativeStaff(DummyIndividual),Institute(DummyIndividual),AssociateProfessor(DummyIndividual),Course(DummyIndividual)}
69,64;{AdministrativeStaff(DummyIndividual),University(DummyIndividual),Dean(DummyIndividual),Work(DummyIndividual)}
69,64;{AdministrativeStaff(DummyIndividual),University(DummyIndividual),Dean(DummyIndividual),Course(DummyIndividual)}
69,74;{AdministrativeStaff(DummyIndividual),University(DummyIndividual),Professor(DummyIndividual),Work(DummyIndividual)}
69,74;{AdministrativeStaff(DummyIndividual),University(DummyIndividual),Professor(DummyIndividual),Course(DummyIndividual)}
69,83;{AdministrativeStaff(DummyIndividual),University(DummyIndividual),FullProfessor(DummyIndividual),Work(DummyIndividual)}
69,83;{AdministrativeStaff(DummyIndividual),University(DummyIndividual),FullProfessor(DummyIndividual),Course(DummyIndividual)}
70,05;{AdministrativeStaff(DummyIndividual),University(DummyIndividual),VisitingProfessor(DummyIndividual),Work(DummyIndividual)}
70,05;{AdministrativeStaff(DummyIndividual),University(DummyIndividual),VisitingProfessor(DummyIndividual),Course(DummyIndividual)}
70,14;{AdministrativeStaff(DummyIndividual),University(DummyIndividual),AssociateProfessor(DummyIndividual),Work(DummyIndividual)}
70,14;{AdministrativeStaff(DummyIndividual),University(DummyIndividual),AssociateProfessor(DummyIndividual),Course(DummyIndividual)}
71,60;{AdministrativeStaff(DummyIndividual),Research(DummyIndividual),Department(DummyIndividual),Dean(DummyIndividual)}
71,60;{AdministrativeStaff(DummyIndividual),Research(DummyIndividual),Department(DummyIndividual),Professor(DummyIndividual)}
71,60;{AdministrativeStaff(DummyIndividual),Research(DummyIndividual),Department(DummyIndividual),FullProfessor(DummyIndividual)}
71,60;{AdministrativeStaff(DummyIndividual),Research(DummyIndividual),Department(DummyIndividual),VisitingProfessor(DummyIndividual)}
71,60;{AdministrativeStaff(DummyIndividual),Research(DummyIndividual),Department(DummyIndividual),AssociateProfessor(DummyIndividual)}
71,70;{AdministrativeStaff(DummyIndividual),Research(DummyIndividual),Professor(DummyIndividual),ResearchGroup(DummyIndividual)}
71,70;{AdministrativeStaff(DummyIndividual),Research(DummyIndividual),FullProfessor(DummyIndividual),ResearchGroup(DummyIndividual)}
71,70;{AdministrativeStaff(DummyIndividual),Research(DummyIndividual),VisitingProfessor(DummyIndividual),ResearchGroup(DummyIndividual)}
71,70;{AdministrativeStaff(DummyIndividual),Research(DummyIndividual),AssociateProfessor(DummyIndividual),ResearchGroup(DummyIndividual)}
72,53;{AdministrativeStaff(DummyIndividual),Department(DummyIndividual),Dean(DummyIndividual),Work(DummyIndividual)}
72,53;{AdministrativeStaff(DummyIndividual),Department(DummyIndividual),Dean(DummyIndividual),Course(DummyIndividual)}
72,64;{AdministrativeStaff(DummyIndividual),Department(DummyIndividual),Professor(DummyIndividual),Work(DummyIndividual)}
72,64;{AdministrativeStaff(DummyIndividual),Department(DummyIndividual),Professor(DummyIndividual),Course(DummyIndividual)}
72,64;{AdministrativeStaff(DummyIndividual),Department(DummyIndividual),FullProfessor(DummyIndividual),Work(DummyIndividual)}
72,64;{AdministrativeStaff(DummyIndividual),Department(DummyIndividual),FullProfessor(DummyIndividual),Course(DummyIndividual)}
72,73;{AdministrativeStaff(DummyIndividual),Department(DummyIndividual),VisitingProfessor(DummyIndividual),Work(DummyIndividual)}
72,73;{AdministrativeStaff(DummyIndividual),Department(DummyIndividual),VisitingProfessor(DummyIndividual),Course(DummyIndividual)}
72,83;{AdministrativeStaff(DummyIndividual),Department(DummyIndividual),AssociateProfessor(DummyIndividual),Work(DummyIndividual)}
72,83;{AdministrativeStaff(DummyIndividual),Department(DummyIndividual),AssociateProfessor(DummyIndividual),Course(DummyIndividual)}
79,12;{AdministrativeStaff(DummyIndividual),FullProfessor(DummyIndividual),ResearchGroup(DummyIndividual),Work(DummyIndividual)}
79,12;{AdministrativeStaff(DummyIndividual),FullProfessor(DummyIndividual),ResearchGroup(DummyIndividual),Course(DummyIndividual)}
81,06;{AdministrativeStaff(DummyIndividual),AssociateProfessor(DummyIndividual),Course(DummyIndividual),ResearchGroup(DummyIndividual)}
81,28;{AdministrativeStaff(DummyIndividual),AssociateProfessor(DummyIndividual),ResearchGroup(DummyIndividual),Work(DummyIndividual)}
81,60;{AdministrativeStaff(DummyIndividual),ResearchGroup(DummyIndividual),Professor(DummyIndividual),Work(DummyIndividual)}
81,60;{AdministrativeStaff(DummyIndividual),ResearchGroup(DummyIndividual),Professor(DummyIndividual),Course(DummyIndividual)}
81,60;{AdministrativeStaff(DummyIndividual),ResearchGroup(DummyIndividual),VisitingProfessor(DummyIndividual),Work(DummyIndividual)}
81,60;{AdministrativeStaff(DummyIndividual),ResearchGroup(DummyIndividual),VisitingProfessor(DummyIndividual),Course(DummyIndividual)}
83,30;{AssistantProfessor(DummyIndividual),Organization(DummyIndividual),ClericalStaff(DummyIndividual),Work(DummyIndividual)}
83,30;{AssistantProfessor(DummyIndividual),Organization(DummyIndividual),ClericalStaff(DummyIndividual),GraduateCourse(DummyIndividual)}
83,30;{AssistantProfessor(DummyIndividual),Organization(DummyIndividual),ClericalStaff(DummyIndividual),Course(DummyIndividual)}
83,30;{AssistantProfessor(DummyIndividual),Organization(DummyIndividual),ClericalStaff(DummyIndividual),Research(DummyIndividual)}
83,30;{AssistantProfessor(DummyIndividual),Organization(DummyIndividual),Work(DummyIndividual),SystemsStaff(DummyIndividual)}
83,40;{AssistantProfessor(DummyIndividual),Organization(DummyIndividual),GraduateCourse(DummyIndividual),SystemsStaff(DummyIndividual)}
83,50;{AssistantProfessor(DummyIndividual),Organization(DummyIndividual),Course(DummyIndividual),SystemsStaff(DummyIndividual)}
85,12;{AssistantProfessor(DummyIndividual),College(DummyIndividual),ClericalStaff(DummyIndividual),Work(DummyIndividual)}
85,12;{AssistantProfessor(DummyIndividual),College(DummyIndividual),ClericalStaff(DummyIndividual),GraduateCourse(DummyIndividual)}
85,21;{AssistantProfessor(DummyIndividual),College(DummyIndividual),ClericalStaff(DummyIndividual),Course(DummyIndividual)}
85,21;{AssistantProfessor(DummyIndividual),College(DummyIndividual),ClericalStaff(DummyIndividual),Research(DummyIndividual)}
85,21;{AssistantProfessor(DummyIndividual),College(DummyIndividual),Work(DummyIndividual),SystemsStaff(DummyIndividual)}
85,32;{AssistantProfessor(DummyIndividual),College(DummyIndividual),GraduateCourse(DummyIndividual),SystemsStaff(DummyIndividual)}
85,43;{AssistantProfessor(DummyIndividual),College(DummyIndividual),Course(DummyIndividual),SystemsStaff(DummyIndividual)}
87,75;{AssistantProfessor(DummyIndividual),ClericalStaff(DummyIndividual),GraduateCourse(DummyIndividual),Program(DummyIndividual)}
87,75;{AssistantProfessor(DummyIndividual),ClericalStaff(DummyIndividual),GraduateCourse(DummyIndividual),Institute(DummyIndividual)}
87,75;{AssistantProfessor(DummyIndividual),ClericalStaff(DummyIndividual),GraduateCourse(DummyIndividual),University(DummyIndividual)}
87,75;{AssistantProfessor(DummyIndividual),ClericalStaff(DummyIndividual),GraduateCourse(DummyIndividual),Department(DummyIndividual)}
87,85;{AssistantProfessor(DummyIndividual),ClericalStaff(DummyIndividual),GraduateCourse(DummyIndividual),ResearchGroup(DummyIndividual)}
87,94;{AssistantProfessor(DummyIndividual),ClericalStaff(DummyIndividual),Program(DummyIndividual),Work(DummyIndividual)}
87,94;{AssistantProfessor(DummyIndividual),ClericalStaff(DummyIndividual),Program(DummyIndividual),Course(DummyIndividual)}
87,94;{AssistantProfessor(DummyIndividual),ClericalStaff(DummyIndividual),Program(DummyIndividual),Research(DummyIndividual)}
87,94;{AssistantProfessor(DummyIndividual),ClericalStaff(DummyIndividual),Institute(DummyIndividual),Work(DummyIndividual)}
87,94;{AssistantProfessor(DummyIndividual),ClericalStaff(DummyIndividual),Institute(DummyIndividual),Course(DummyIndividual)}
87,94;{AssistantProfessor(DummyIndividual),ClericalStaff(DummyIndividual),Institute(DummyIndividual),Research(DummyIndividual)}
88,13;{AssistantProfessor(DummyIndividual),ClericalStaff(DummyIndividual),University(DummyIndividual),Work(DummyIndividual)}
88,13;{AssistantProfessor(DummyIndividual),ClericalStaff(DummyIndividual),University(DummyIndividual),Course(DummyIndividual)}
88,13;{AssistantProfessor(DummyIndividual),ClericalStaff(DummyIndividual),University(DummyIndividual),Research(DummyIndividual)}
88,23;{AssistantProfessor(DummyIndividual),ClericalStaff(DummyIndividual),Course(DummyIndividual),Department(DummyIndividual)}
88,23;{AssistantProfessor(DummyIndividual),ClericalStaff(DummyIndividual),Course(DummyIndividual),ResearchGroup(DummyIndividual)}
88,33;{AssistantProfessor(DummyIndividual),ClericalStaff(DummyIndividual),Research(DummyIndividual),Department(DummyIndividual)}
88,43;{AssistantProfessor(DummyIndividual),ClericalStaff(DummyIndividual),Research(DummyIndividual),ResearchGroup(DummyIndividual)}
88,43;{AssistantProfessor(DummyIndividual),ClericalStaff(DummyIndividual),Department(DummyIndividual),Work(DummyIndividual)}
89,05;{AssistantProfessor(DummyIndividual),ClericalStaff(DummyIndividual),ResearchGroup(DummyIndividual),Work(DummyIndividual)}
89,05;{AssistantProfessor(DummyIndividual),SystemsStaff(DummyIndividual),Work(DummyIndividual),Program(DummyIndividual)}
89,15;{AssistantProfessor(DummyIndividual),SystemsStaff(DummyIndividual),Work(DummyIndividual),Institute(DummyIndividual)}
89,15;{AssistantProfessor(DummyIndividual),SystemsStaff(DummyIndividual),Work(DummyIndividual),University(DummyIndividual)}
89,15;{AssistantProfessor(DummyIndividual),SystemsStaff(DummyIndividual),Work(DummyIndividual),Department(DummyIndividual)}
89,15;{AssistantProfessor(DummyIndividual),SystemsStaff(DummyIndividual),Work(DummyIndividual),ResearchGroup(DummyIndividual)}
89,25;{AssistantProfessor(DummyIndividual),SystemsStaff(DummyIndividual),GraduateCourse(DummyIndividual),Program(DummyIndividual)}
89,25;{AssistantProfessor(DummyIndividual),SystemsStaff(DummyIndividual),GraduateCourse(DummyIndividual),Institute(DummyIndividual)}
89,25;{AssistantProfessor(DummyIndividual),SystemsStaff(DummyIndividual),GraduateCourse(DummyIndividual),University(DummyIndividual)}
89,25;{AssistantProfessor(DummyIndividual),SystemsStaff(DummyIndividual),GraduateCourse(DummyIndividual),Department(DummyIndividual)}
89,35;{AssistantProfessor(DummyIndividual),SystemsStaff(DummyIndividual),Program(DummyIndividual),Course(DummyIndividual)}
89,35;{AssistantProfessor(DummyIndividual),SystemsStaff(DummyIndividual),Course(DummyIndividual),Institute(DummyIndividual)}
89,35;{AssistantProfessor(DummyIndividual),SystemsStaff(DummyIndividual),Course(DummyIndividual),University(DummyIndividual)}
89,46;{AssistantProfessor(DummyIndividual),SystemsStaff(DummyIndividual),Course(DummyIndividual),Department(DummyIndividual)}
89,46;{AssistantProfessor(DummyIndividual),SystemsStaff(DummyIndividual),Course(DummyIndividual),ResearchGroup(DummyIndividual)}
101,91;{ClericalStaff(DummyIndividual),Organization(DummyIndividual),Chair(DummyIndividual),Work(DummyIndividual)}
101,91;{ClericalStaff(DummyIndividual),Organization(DummyIndividual),Chair(DummyIndividual),GraduateCourse(DummyIndividual)}
102,01;{ClericalStaff(DummyIndividual),Organization(DummyIndividual),Chair(DummyIndividual),Course(DummyIndividual)}
102,01;{ClericalStaff(DummyIndividual),Organization(DummyIndividual),Chair(DummyIndividual),Research(DummyIndividual)}
102,01;{ClericalStaff(DummyIndividual),Organization(DummyIndividual),Work(DummyIndividual),Dean(DummyIndividual)}
102,01;{ClericalStaff(DummyIndividual),Organization(DummyIndividual),Work(DummyIndividual),Professor(DummyIndividual)}
102,01;{ClericalStaff(DummyIndividual),Organization(DummyIndividual),Work(DummyIndividual),FullProfessor(DummyIndividual)}
102,01;{ClericalStaff(DummyIndividual),Organization(DummyIndividual),Work(DummyIndividual),VisitingProfessor(DummyIndividual)}
102,01;{ClericalStaff(DummyIndividual),Organization(DummyIndividual),Work(DummyIndividual),AssociateProfessor(DummyIndividual)}
102,01;{ClericalStaff(DummyIndividual),Organization(DummyIndividual),GraduateCourse(DummyIndividual),Dean(DummyIndividual)}
102,01;{ClericalStaff(DummyIndividual),Organization(DummyIndividual),GraduateCourse(DummyIndividual),Professor(DummyIndividual)}
102,01;{ClericalStaff(DummyIndividual),Organization(DummyIndividual),GraduateCourse(DummyIndividual),FullProfessor(DummyIndividual)}
102,01;{ClericalStaff(DummyIndividual),Organization(DummyIndividual),GraduateCourse(DummyIndividual),VisitingProfessor(DummyIndividual)}
102,01;{ClericalStaff(DummyIndividual),Organization(DummyIndividual),GraduateCourse(DummyIndividual),AssociateProfessor(DummyIndividual)}
102,20;{ClericalStaff(DummyIndividual),Organization(DummyIndividual),Course(DummyIndividual),Dean(DummyIndividual)}
102,20;{ClericalStaff(DummyIndividual),Organization(DummyIndividual),Course(DummyIndividual),Professor(DummyIndividual)}
102,20;{ClericalStaff(DummyIndividual),Organization(DummyIndividual),Course(DummyIndividual),FullProfessor(DummyIndividual)}
102,20;{ClericalStaff(DummyIndividual),Organization(DummyIndividual),Course(DummyIndividual),VisitingProfessor(DummyIndividual)}
102,20;{ClericalStaff(DummyIndividual),Organization(DummyIndividual),Course(DummyIndividual),AssociateProfessor(DummyIndividual)}
102,20;{ClericalStaff(DummyIndividual),Organization(DummyIndividual),Research(DummyIndividual),Dean(DummyIndividual)}
102,20;{ClericalStaff(DummyIndividual),Organization(DummyIndividual),Research(DummyIndividual),Professor(DummyIndividual)}
102,20;{ClericalStaff(DummyIndividual),Organization(DummyIndividual),Research(DummyIndividual),FullProfessor(DummyIndividual)}
102,31;{ClericalStaff(DummyIndividual),Organization(DummyIndividual),Research(DummyIndividual),VisitingProfessor(DummyIndividual)}
102,31;{ClericalStaff(DummyIndividual),Organization(DummyIndividual),Research(DummyIndividual),AssociateProfessor(DummyIndividual)}
104,93;{ClericalStaff(DummyIndividual),College(DummyIndividual),Chair(DummyIndividual),Work(DummyIndividual)}
104,93;{ClericalStaff(DummyIndividual),College(DummyIndividual),Chair(DummyIndividual),GraduateCourse(DummyIndividual)}
104,93;{ClericalStaff(DummyIndividual),College(DummyIndividual),Chair(DummyIndividual),Course(DummyIndividual)}
104,93;{ClericalStaff(DummyIndividual),College(DummyIndividual),Chair(DummyIndividual),Research(DummyIndividual)}
105,04;{ClericalStaff(DummyIndividual),College(DummyIndividual),Work(DummyIndividual),Dean(DummyIndividual)}
105,04;{ClericalStaff(DummyIndividual),College(DummyIndividual),Work(DummyIndividual),Professor(DummyIndividual)}
105,04;{ClericalStaff(DummyIndividual),College(DummyIndividual),Work(DummyIndividual),FullProfessor(DummyIndividual)}
105,04;{ClericalStaff(DummyIndividual),College(DummyIndividual),Work(DummyIndividual),VisitingProfessor(DummyIndividual)}
105,04;{ClericalStaff(DummyIndividual),College(DummyIndividual),Work(DummyIndividual),AssociateProfessor(DummyIndividual)}
105,04;{ClericalStaff(DummyIndividual),College(DummyIndividual),GraduateCourse(DummyIndividual),Dean(DummyIndividual)}
105,04;{ClericalStaff(DummyIndividual),College(DummyIndividual),GraduateCourse(DummyIndividual),Professor(DummyIndividual)}
105,04;{ClericalStaff(DummyIndividual),College(DummyIndividual),GraduateCourse(DummyIndividual),FullProfessor(DummyIndividual)}
105,04;{ClericalStaff(DummyIndividual),College(DummyIndividual),GraduateCourse(DummyIndividual),VisitingProfessor(DummyIndividual)}
105,04;{ClericalStaff(DummyIndividual),College(DummyIndividual),GraduateCourse(DummyIndividual),AssociateProfessor(DummyIndividual)}
105,25;{ClericalStaff(DummyIndividual),College(DummyIndividual),Course(DummyIndividual),Dean(DummyIndividual)}
105,25;{ClericalStaff(DummyIndividual),College(DummyIndividual),Course(DummyIndividual),Professor(DummyIndividual)}
105,25;{ClericalStaff(DummyIndividual),College(DummyIndividual),Course(DummyIndividual),FullProfessor(DummyIndividual)}
105,25;{ClericalStaff(DummyIndividual),College(DummyIndividual),Course(DummyIndividual),AssociateProfessor(DummyIndividual)}
105,25;{ClericalStaff(DummyIndividual),College(DummyIndividual),Research(DummyIndividual),Dean(DummyIndividual)}
105,25;{ClericalStaff(DummyIndividual),College(DummyIndividual),Research(DummyIndividual),Professor(DummyIndividual)}
105,25;{ClericalStaff(DummyIndividual),College(DummyIndividual),Research(DummyIndividual),FullProfessor(DummyIndividual)}
105,25;{ClericalStaff(DummyIndividual),College(DummyIndividual),Research(DummyIndividual),VisitingProfessor(DummyIndividual)}
105,25;{ClericalStaff(DummyIndividual),College(DummyIndividual),Research(DummyIndividual),AssociateProfessor(DummyIndividual)}
107,18;{ClericalStaff(DummyIndividual),Chair(DummyIndividual),Work(DummyIndividual),Program(DummyIndividual)}
107,18;{ClericalStaff(DummyIndividual),Chair(DummyIndividual),Work(DummyIndividual),Institute(DummyIndividual)}
107,18;{ClericalStaff(DummyIndividual),Chair(DummyIndividual),Work(DummyIndividual),University(DummyIndividual)}
107,18;{ClericalStaff(DummyIndividual),Chair(DummyIndividual),Work(DummyIndividual),Department(DummyIndividual)}
107,18;{ClericalStaff(DummyIndividual),Chair(DummyIndividual),Work(DummyIndividual),ResearchGroup(DummyIndividual)}
107,18;{ClericalStaff(DummyIndividual),Chair(DummyIndividual),GraduateCourse(DummyIndividual),Program(DummyIndividual)}
107,18;{ClericalStaff(DummyIndividual),Chair(DummyIndividual),GraduateCourse(DummyIndividual),Institute(DummyIndividual)}
107,18;{ClericalStaff(DummyIndividual),Chair(DummyIndividual),GraduateCourse(DummyIndividual),University(DummyIndividual)}
107,18;{ClericalStaff(DummyIndividual),Chair(DummyIndividual),GraduateCourse(DummyIndividual),Department(DummyIndividual)}
107,18;{ClericalStaff(DummyIndividual),Chair(DummyIndividual),GraduateCourse(DummyIndividual),ResearchGroup(DummyIndividual)}
107,28;{ClericalStaff(DummyIndividual),Chair(DummyIndividual),Institute(DummyIndividual),Course(DummyIndividual)}
107,28;{ClericalStaff(DummyIndividual),Chair(DummyIndividual),Institute(DummyIndividual),Research(DummyIndividual)}
107,28;{ClericalStaff(DummyIndividual),Chair(DummyIndividual),University(DummyIndividual),Course(DummyIndividual)}
107,28;{ClericalStaff(DummyIndividual),Chair(DummyIndividual),University(DummyIndividual),Research(DummyIndividual)}
107,38;{ClericalStaff(DummyIndividual),Chair(DummyIndividual),Course(DummyIndividual),Program(DummyIndividual)}
107,38;{ClericalStaff(DummyIndividual),Chair(DummyIndividual),Course(DummyIndividual),Department(DummyIndividual)}
107,38;{ClericalStaff(DummyIndividual),Chair(DummyIndividual),Course(DummyIndividual),ResearchGroup(DummyIndividual)}
107,38;{ClericalStaff(DummyIndividual),Chair(DummyIndividual),Research(DummyIndividual),Program(DummyIndividual)}
107,38;{ClericalStaff(DummyIndividual),Chair(DummyIndividual),Research(DummyIndividual),Department(DummyIndividual)}
107,38;{ClericalStaff(DummyIndividual),Chair(DummyIndividual),Research(DummyIndividual),ResearchGroup(DummyIndividual)}
108,61;{ClericalStaff(DummyIndividual),GraduateCourse(DummyIndividual),Program(DummyIndividual),Dean(DummyIndividual)}
108,61;{ClericalStaff(DummyIndividual),GraduateCourse(DummyIndividual),Program(DummyIndividual),Professor(DummyIndividual)}
108,61;{ClericalStaff(DummyIndividual),GraduateCourse(DummyIndividual),Program(DummyIndividual),FullProfessor(DummyIndividual)}
108,61;{ClericalStaff(DummyIndividual),GraduateCourse(DummyIndividual),Program(DummyIndividual),VisitingProfessor(DummyIndividual)}
108,81;{ClericalStaff(DummyIndividual),GraduateCourse(DummyIndividual),University(DummyIndividual),Dean(DummyIndividual)}
108,81;{ClericalStaff(DummyIndividual),GraduateCourse(DummyIndividual),University(DummyIndividual),Professor(DummyIndividual)}
108,81;{ClericalStaff(DummyIndividual),GraduateCourse(DummyIndividual),University(DummyIndividual),FullProfessor(DummyIndividual)}
108,81;{ClericalStaff(DummyIndividual),GraduateCourse(DummyIndividual),University(DummyIndividual),VisitingProfessor(DummyIndividual)}
108,81;{ClericalStaff(DummyIndividual),GraduateCourse(DummyIndividual),University(DummyIndividual),AssociateProfessor(DummyIndividual)}
108,81;{ClericalStaff(DummyIndividual),GraduateCourse(DummyIndividual),Department(DummyIndividual),Dean(DummyIndividual)}
108,90;{ClericalStaff(DummyIndividual),GraduateCourse(DummyIndividual),Department(DummyIndividual),Professor(DummyIndividual)}
108,90;{ClericalStaff(DummyIndividual),GraduateCourse(DummyIndividual),Department(DummyIndividual),FullProfessor(DummyIndividual)}
108,90;{ClericalStaff(DummyIndividual),GraduateCourse(DummyIndividual),Department(DummyIndividual),VisitingProfessor(DummyIndividual)}
108,90;{ClericalStaff(DummyIndividual),GraduateCourse(DummyIndividual),Department(DummyIndividual),AssociateProfessor(DummyIndividual)}
109,00;{ClericalStaff(DummyIndividual),GraduateCourse(DummyIndividual),Dean(DummyIndividual),Institute(DummyIndividual)}
109,00;{ClericalStaff(DummyIndividual),GraduateCourse(DummyIndividual),Dean(DummyIndividual),ResearchGroup(DummyIndividual)}
109,00;{ClericalStaff(DummyIndividual),GraduateCourse(DummyIndividual),Professor(DummyIndividual),Institute(DummyIndividual)}
109,00;{ClericalStaff(DummyIndividual),GraduateCourse(DummyIndividual),Professor(DummyIndividual),ResearchGroup(DummyIndividual)}
109,00;{ClericalStaff(DummyIndividual),GraduateCourse(DummyIndividual),FullProfessor(DummyIndividual),Institute(DummyIndividual)}
109,00;{ClericalStaff(DummyIndividual),GraduateCourse(DummyIndividual),FullProfessor(DummyIndividual),ResearchGroup(DummyIndividual)}
109,11;{ClericalStaff(DummyIndividual),GraduateCourse(DummyIndividual),VisitingProfessor(DummyIndividual),Institute(DummyIndividual)}
109,11;{ClericalStaff(DummyIndividual),GraduateCourse(DummyIndividual),VisitingProfessor(DummyIndividual),ResearchGroup(DummyIndividual)}
109,11;{ClericalStaff(DummyIndividual),GraduateCourse(DummyIndividual),AssociateProfessor(DummyIndividual),Institute(DummyIndividual)}
109,11;{ClericalStaff(DummyIndividual),GraduateCourse(DummyIndividual),AssociateProfessor(DummyIndividual),ResearchGroup(DummyIndividual)}
109,62;{ClericalStaff(DummyIndividual),Program(DummyIndividual),Work(DummyIndividual),Dean(DummyIndividual)}
109,62;{ClericalStaff(DummyIndividual),Program(DummyIndividual),Work(DummyIndividual),Professor(DummyIndividual)}
109,62;{ClericalStaff(DummyIndividual),Program(DummyIndividual),Work(DummyIndividual),FullProfessor(DummyIndividual)}
109,62;{ClericalStaff(DummyIndividual),Program(DummyIndividual),Work(DummyIndividual),VisitingProfessor(DummyIndividual)}
109,62;{ClericalStaff(DummyIndividual),Program(DummyIndividual),Work(DummyIndividual),AssociateProfessor(DummyIndividual)}
109,73;{ClericalStaff(DummyIndividual),Program(DummyIndividual),Course(DummyIndividual),Dean(DummyIndividual)}
109,73;{ClericalStaff(DummyIndividual),Program(DummyIndividual),Course(DummyIndividual),Professor(DummyIndividual)}
109,73;{ClericalStaff(DummyIndividual),Program(DummyIndividual),Course(DummyIndividual),FullProfessor(DummyIndividual)}
109,73;{ClericalStaff(DummyIndividual),Program(DummyIndividual),Course(DummyIndividual),VisitingProfessor(DummyIndividual)}
109,73;{ClericalStaff(DummyIndividual),Program(DummyIndividual),Course(DummyIndividual),AssociateProfessor(DummyIndividual)}
109,83;{ClericalStaff(DummyIndividual),Program(DummyIndividual),Research(DummyIndividual),Dean(DummyIndividual)}
109,83;{ClericalStaff(DummyIndividual),Program(DummyIndividual),Research(DummyIndividual),Professor(DummyIndividual)}
109,83;{ClericalStaff(DummyIndividual),Program(DummyIndividual),Research(DummyIndividual),FullProfessor(DummyIndividual)}
109,83;{ClericalStaff(DummyIndividual),Program(DummyIndividual),Research(DummyIndividual),VisitingProfessor(DummyIndividual)}
109,83;{ClericalStaff(DummyIndividual),Program(DummyIndividual),Research(DummyIndividual),AssociateProfessor(DummyIndividual)}
110,03;{ClericalStaff(DummyIndividual),Institute(DummyIndividual),Work(DummyIndividual),Dean(DummyIndividual)}
110,03;{ClericalStaff(DummyIndividual),Institute(DummyIndividual),Work(DummyIndividual),Professor(DummyIndividual)}
110,03;{ClericalStaff(DummyIndividual),Institute(DummyIndividual),Work(DummyIndividual),FullProfessor(DummyIndividual)}
110,03;{ClericalStaff(DummyIndividual),Institute(DummyIndividual),Work(DummyIndividual),VisitingProfessor(DummyIndividual)}
110,03;{ClericalStaff(DummyIndividual),Institute(DummyIndividual),Work(DummyIndividual),AssociateProfessor(DummyIndividual)}
110,03;{ClericalStaff(DummyIndividual),Institute(DummyIndividual),Course(DummyIndividual),Dean(DummyIndividual)}
110,03;{ClericalStaff(DummyIndividual),Institute(DummyIndividual),Course(DummyIndividual),Professor(DummyIndividual)}
110,03;{ClericalStaff(DummyIndividual),Institute(DummyIndividual),Course(DummyIndividual),FullProfessor(DummyIndividual)}
110,03;{ClericalStaff(DummyIndividual),Institute(DummyIndividual),Course(DummyIndividual),VisitingProfessor(DummyIndividual)}
110,03;{ClericalStaff(DummyIndividual),Institute(DummyIndividual),Course(DummyIndividual),AssociateProfessor(DummyIndividual)}
110,03;{ClericalStaff(DummyIndividual),Institute(DummyIndividual),Research(DummyIndividual),Dean(DummyIndividual)}
110,03;{ClericalStaff(DummyIndividual),Institute(DummyIndividual),Research(DummyIndividual),Professor(DummyIndividual)}
110,13;{ClericalStaff(DummyIndividual),Institute(DummyIndividual),Research(DummyIndividual),FullProfessor(DummyIndividual)}
110,14;{ClericalStaff(DummyIndividual),Institute(DummyIndividual),Research(DummyIndividual),VisitingProfessor(DummyIndividual)}
110,14;{ClericalStaff(DummyIndividual),Institute(DummyIndividual),Research(DummyIndividual),AssociateProfessor(DummyIndividual)}
110,74;{ClericalStaff(DummyIndividual),University(DummyIndividual),Work(DummyIndividual),Dean(DummyIndividual)}
110,74;{ClericalStaff(DummyIndividual),University(DummyIndividual),Work(DummyIndividual),Professor(DummyIndividual)}
110,74;{ClericalStaff(DummyIndividual),University(DummyIndividual),Work(DummyIndividual),FullProfessor(DummyIndividual)}
110,74;{ClericalStaff(DummyIndividual),University(DummyIndividual),Work(DummyIndividual),VisitingProfessor(DummyIndividual)}
110,74;{ClericalStaff(DummyIndividual),University(DummyIndividual),Work(DummyIndividual),AssociateProfessor(DummyIndividual)}
110,74;{ClericalStaff(DummyIndividual),University(DummyIndividual),Course(DummyIndividual),Dean(DummyIndividual)}
110,74;{ClericalStaff(DummyIndividual),University(DummyIndividual),Course(DummyIndividual),Professor(DummyIndividual)}
110,74;{ClericalStaff(DummyIndividual),University(DummyIndividual),Course(DummyIndividual),FullProfessor(DummyIndividual)}
110,74;{ClericalStaff(DummyIndividual),University(DummyIndividual),Course(DummyIndividual),VisitingProfessor(DummyIndividual)}
110,74;{ClericalStaff(DummyIndividual),University(DummyIndividual),Course(DummyIndividual),AssociateProfessor(DummyIndividual)}
110,74;{ClericalStaff(DummyIndividual),University(DummyIndividual),Research(DummyIndividual),Dean(DummyIndividual)}
110,74;{ClericalStaff(DummyIndividual),University(DummyIndividual),Research(DummyIndividual),Professor(DummyIndividual)}
110,74;{ClericalStaff(DummyIndividual),University(DummyIndividual),Research(DummyIndividual),FullProfessor(DummyIndividual)}
110,85;{ClericalStaff(DummyIndividual),University(DummyIndividual),Research(DummyIndividual),VisitingProfessor(DummyIndividual)}
110,85;{ClericalStaff(DummyIndividual),University(DummyIndividual),Research(DummyIndividual),AssociateProfessor(DummyIndividual)}
111,57;{ClericalStaff(DummyIndividual),Research(DummyIndividual),Department(DummyIndividual),Dean(DummyIndividual)}
111,68;{ClericalStaff(DummyIndividual),Research(DummyIndividual),Department(DummyIndividual),Professor(DummyIndividual)}
111,68;{ClericalStaff(DummyIndividual),Research(DummyIndividual),Department(DummyIndividual),FullProfessor(DummyIndividual)}
111,68;{ClericalStaff(DummyIndividual),Research(DummyIndividual),Department(DummyIndividual),VisitingProfessor(DummyIndividual)}
111,68;{ClericalStaff(DummyIndividual),Research(DummyIndividual),Department(DummyIndividual),AssociateProfessor(DummyIndividual)}
111,78;{ClericalStaff(DummyIndividual),Research(DummyIndividual),Dean(DummyIndividual),ResearchGroup(DummyIndividual)}
111,78;{ClericalStaff(DummyIndividual),Research(DummyIndividual),Professor(DummyIndividual),ResearchGroup(DummyIndividual)}
111,78;{ClericalStaff(DummyIndividual),Research(DummyIndividual),FullProfessor(DummyIndividual),ResearchGroup(DummyIndividual)}
111,88;{ClericalStaff(DummyIndividual),Research(DummyIndividual),VisitingProfessor(DummyIndividual),ResearchGroup(DummyIndividual)}
111,88;{ClericalStaff(DummyIndividual),Research(DummyIndividual),AssociateProfessor(DummyIndividual),ResearchGroup(DummyIndividual)}
111,88;{ClericalStaff(DummyIndividual),Department(DummyIndividual),Work(DummyIndividual),Dean(DummyIndividual)}
111,88;{ClericalStaff(DummyIndividual),Department(DummyIndividual),Work(DummyIndividual),Professor(DummyIndividual)}
111,88;{ClericalStaff(DummyIndividual),Department(DummyIndividual),Work(DummyIndividual),FullProfessor(DummyIndividual)}
111,88;{ClericalStaff(DummyIndividual),Department(DummyIndividual),Work(DummyIndividual),VisitingProfessor(DummyIndividual)}
111,88;{ClericalStaff(DummyIndividual),Department(DummyIndividual),Work(DummyIndividual),AssociateProfessor(DummyIndividual)}
111,99;{ClericalStaff(DummyIndividual),Department(DummyIndividual),Course(DummyIndividual),Dean(DummyIndividual)}
111,99;{ClericalStaff(DummyIndividual),Department(DummyIndividual),Course(DummyIndividual),Professor(DummyIndividual)}
111,99;{ClericalStaff(DummyIndividual),Department(DummyIndividual),Course(DummyIndividual),FullProfessor(DummyIndividual)}
111,99;{ClericalStaff(DummyIndividual),Department(DummyIndividual),Course(DummyIndividual),VisitingProfessor(DummyIndividual)}
111,99;{ClericalStaff(DummyIndividual),Department(DummyIndividual),Course(DummyIndividual),AssociateProfessor(DummyIndividual)}
112,99;{ClericalStaff(DummyIndividual),Dean(DummyIndividual),Work(DummyIndividual),ResearchGroup(DummyIndividual)}
112,99;{ClericalStaff(DummyIndividual),Dean(DummyIndividual),Course(DummyIndividual),ResearchGroup(DummyIndividual)}
113,38;{ClericalStaff(DummyIndividual),FullProfessor(DummyIndividual),Work(DummyIndividual),ResearchGroup(DummyIndividual)}
113,38;{ClericalStaff(DummyIndividual),FullProfessor(DummyIndividual),Course(DummyIndividual),ResearchGroup(DummyIndividual)}
114,40;{ClericalStaff(DummyIndividual),AssociateProfessor(DummyIndividual),Work(DummyIndividual),ResearchGroup(DummyIndividual)}
114,40;{ClericalStaff(DummyIndividual),AssociateProfessor(DummyIndividual),Course(DummyIndividual),ResearchGroup(DummyIndividual)}
114,62;{ClericalStaff(DummyIndividual),ResearchGroup(DummyIndividual),Work(DummyIndividual),Professor(DummyIndividual)}
114,62;{ClericalStaff(DummyIndividual),ResearchGroup(DummyIndividual),Work(DummyIndividual),VisitingProfessor(DummyIndividual)}
114,73;{ClericalStaff(DummyIndividual),ResearchGroup(DummyIndividual),Course(DummyIndividual),Professor(DummyIndividual)}
114,73;{ClericalStaff(DummyIndividual),ResearchGroup(DummyIndividual),Course(DummyIndividual),VisitingProfessor(DummyIndividual)}
116,11;{SystemsStaff(DummyIndividual),College(DummyIndividual),Chair(DummyIndividual),Work(DummyIndividual)}
116,11;{SystemsStaff(DummyIndividual),College(DummyIndividual),Chair(DummyIndividual),GraduateCourse(DummyIndividual)}
116,11;{SystemsStaff(DummyIndividual),College(DummyIndividual),Chair(DummyIndividual),Course(DummyIndividual)}
116,11;{SystemsStaff(DummyIndividual),College(DummyIndividual),Chair(DummyIndividual),Research(DummyIndividual)}
116,11;{SystemsStaff(DummyIndividual),College(DummyIndividual),Work(DummyIndividual),Dean(DummyIndividual)}
116,11;{SystemsStaff(DummyIndividual),College(DummyIndividual),Work(DummyIndividual),Professor(DummyIndividual)}
116,11;{SystemsStaff(DummyIndividual),College(DummyIndividual),Work(DummyIndividual),FullProfessor(DummyIndividual)}
116,11;{SystemsStaff(DummyIndividual),College(DummyIndividual),Work(DummyIndividual),VisitingProfessor(DummyIndividual)}
116,11;{SystemsStaff(DummyIndividual),College(DummyIndividual),Work(DummyIndividual),AssociateProfessor(DummyIndividual)}
116,11;{SystemsStaff(DummyIndividual),College(DummyIndividual),GraduateCourse(DummyIndividual),Dean(DummyIndividual)}
116,11;{SystemsStaff(DummyIndividual),College(DummyIndividual),GraduateCourse(DummyIndividual),Professor(DummyIndividual)}
116,11;{SystemsStaff(DummyIndividual),College(DummyIndividual),GraduateCourse(DummyIndividual),VisitingProfessor(DummyIndividual)}
116,11;{SystemsStaff(DummyIndividual),College(DummyIndividual),GraduateCourse(DummyIndividual),AssociateProfessor(DummyIndividual)}
116,20;{SystemsStaff(DummyIndividual),College(DummyIndividual),Course(DummyIndividual),Dean(DummyIndividual)}
116,20;{SystemsStaff(DummyIndividual),College(DummyIndividual),Course(DummyIndividual),FullProfessor(DummyIndividual)}
116,20;{SystemsStaff(DummyIndividual),College(DummyIndividual),Course(DummyIndividual),VisitingProfessor(DummyIndividual)}
116,20;{SystemsStaff(DummyIndividual),College(DummyIndividual),Course(DummyIndividual),AssociateProfessor(DummyIndividual)}
116,20;{SystemsStaff(DummyIndividual),College(DummyIndividual),Research(DummyIndividual),Dean(DummyIndividual)}
116,20;{SystemsStaff(DummyIndividual),College(DummyIndividual),Research(DummyIndividual),Professor(DummyIndividual)}
116,20;{SystemsStaff(DummyIndividual),College(DummyIndividual),Research(DummyIndividual),FullProfessor(DummyIndividual)}
116,20;{SystemsStaff(DummyIndividual),College(DummyIndividual),Research(DummyIndividual),VisitingProfessor(DummyIndividual)}
116,20;{SystemsStaff(DummyIndividual),College(DummyIndividual),Research(DummyIndividual),AssociateProfessor(DummyIndividual)}
116,92;{SystemsStaff(DummyIndividual),Chair(DummyIndividual),Work(DummyIndividual),Organization(DummyIndividual)}
116,92;{SystemsStaff(DummyIndividual),Chair(DummyIndividual),Work(DummyIndividual),Program(DummyIndividual)}
116,92;{SystemsStaff(DummyIndividual),Chair(DummyIndividual),Work(DummyIndividual),Institute(DummyIndividual)}
116,92;{SystemsStaff(DummyIndividual),Chair(DummyIndividual),Work(DummyIndividual),University(DummyIndividual)}
117,02;{SystemsStaff(DummyIndividual),Chair(DummyIndividual),Work(DummyIndividual),Department(DummyIndividual)}
117,02;{SystemsStaff(DummyIndividual),Chair(DummyIndividual),Work(DummyIndividual),ResearchGroup(DummyIndividual)}
117,02;{SystemsStaff(DummyIndividual),Chair(DummyIndividual),GraduateCourse(DummyIndividual),Program(DummyIndividual)}
117,02;{SystemsStaff(DummyIndividual),Chair(DummyIndividual),GraduateCourse(DummyIndividual),University(DummyIndividual)}
117,02;{SystemsStaff(DummyIndividual),Chair(DummyIndividual),GraduateCourse(DummyIndividual),ResearchGroup(DummyIndividual)}
117,02;{SystemsStaff(DummyIndividual),Chair(DummyIndividual),Program(DummyIndividual),Course(DummyIndividual)}
117,02;{SystemsStaff(DummyIndividual),Chair(DummyIndividual),Program(DummyIndividual),Research(DummyIndividual)}
117,02;{SystemsStaff(DummyIndividual),Chair(DummyIndividual),Course(DummyIndividual),Organization(DummyIndividual)}
117,02;{SystemsStaff(DummyIndividual),Chair(DummyIndividual),Course(DummyIndividual),Institute(DummyIndividual)}
117,02;{SystemsStaff(DummyIndividual),Chair(DummyIndividual),Course(DummyIndividual),University(DummyIndividual)}
117,02;{SystemsStaff(DummyIndividual),Chair(DummyIndividual),Course(DummyIndividual),Department(DummyIndividual)}
117,02;{SystemsStaff(DummyIndividual),Chair(DummyIndividual),Course(DummyIndividual),ResearchGroup(DummyIndividual)}
117,02;{SystemsStaff(DummyIndividual),Chair(DummyIndividual),Research(DummyIndividual),Organization(DummyIndividual)}
117,02;{SystemsStaff(DummyIndividual),Chair(DummyIndividual),Research(DummyIndividual),Institute(DummyIndividual)}
117,02;{SystemsStaff(DummyIndividual),Chair(DummyIndividual),Research(DummyIndividual),University(DummyIndividual)}
117,02;{SystemsStaff(DummyIndividual),Chair(DummyIndividual),Research(DummyIndividual),Department(DummyIndividual)}
117,02;{SystemsStaff(DummyIndividual),Chair(DummyIndividual),Research(DummyIndividual),ResearchGroup(DummyIndividual)}
117,70;{SystemsStaff(DummyIndividual),GraduateCourse(DummyIndividual),Organization(DummyIndividual),Dean(DummyIndividual)}
117,70;{SystemsStaff(DummyIndividual),GraduateCourse(DummyIndividual),Organization(DummyIndividual),Professor(DummyIndividual)}
117,70;{SystemsStaff(DummyIndividual),GraduateCourse(DummyIndividual),Organization(DummyIndividual),FullProfessor(DummyIndividual)}
117,70;{SystemsStaff(DummyIndividual),GraduateCourse(DummyIndividual),Organization(DummyIndividual),VisitingProfessor(DummyIndividual)}
117,80;{SystemsStaff(DummyIndividual),GraduateCourse(DummyIndividual),Organization(DummyIndividual),AssociateProfessor(DummyIndividual)}
117,80;{SystemsStaff(DummyIndividual),GraduateCourse(DummyIndividual),Program(DummyIndividual),Dean(DummyIndividual)}
117,80;{SystemsStaff(DummyIndividual),GraduateCourse(DummyIndividual),Program(DummyIndividual),Professor(DummyIndividual)}
117,80;{SystemsStaff(DummyIndividual),GraduateCourse(DummyIndividual),Program(DummyIndividual),FullProfessor(DummyIndividual)}
117,80;{SystemsStaff(DummyIndividual),GraduateCourse(DummyIndividual),Program(DummyIndividual),VisitingProfessor(DummyIndividual)}
117,80;{SystemsStaff(DummyIndividual),GraduateCourse(DummyIndividual),Institute(DummyIndividual),Dean(DummyIndividual)}
117,80;{SystemsStaff(DummyIndividual),GraduateCourse(DummyIndividual),Institute(DummyIndividual),Professor(DummyIndividual)}
117,80;{SystemsStaff(DummyIndividual),GraduateCourse(DummyIndividual),Institute(DummyIndividual),FullProfessor(DummyIndividual)}
117,80;{SystemsStaff(DummyIndividual),GraduateCourse(DummyIndividual),Institute(DummyIndividual),VisitingProfessor(DummyIndividual)}
117,80;{SystemsStaff(DummyIndividual),GraduateCourse(DummyIndividual),Institute(DummyIndividual),AssociateProfessor(DummyIndividual)}
117,80;{SystemsStaff(DummyIndividual),GraduateCourse(DummyIndividual),University(DummyIndividual),Dean(DummyIndividual)}
117,80;{SystemsStaff(DummyIndividual),GraduateCourse(DummyIndividual),University(DummyIndividual),Professor(DummyIndividual)}
117,80;{SystemsStaff(DummyIndividual),GraduateCourse(DummyIndividual),University(DummyIndividual),VisitingProfessor(DummyIndividual)}
117,80;{SystemsStaff(DummyIndividual),GraduateCourse(DummyIndividual),University(DummyIndividual),AssociateProfessor(DummyIndividual)}
117,80;{SystemsStaff(DummyIndividual),GraduateCourse(DummyIndividual),Department(DummyIndividual),Dean(DummyIndividual)}
117,80;{SystemsStaff(DummyIndividual),GraduateCourse(DummyIndividual),Department(DummyIndividual),Professor(DummyIndividual)}
117,80;{SystemsStaff(DummyIndividual),GraduateCourse(DummyIndividual),Department(DummyIndividual),FullProfessor(DummyIndividual)}
117,90;{SystemsStaff(DummyIndividual),GraduateCourse(DummyIndividual),Department(DummyIndividual),VisitingProfessor(DummyIndividual)}
117,90;{SystemsStaff(DummyIndividual),GraduateCourse(DummyIndividual),Department(DummyIndividual),AssociateProfessor(DummyIndividual)}
117,90;{SystemsStaff(DummyIndividual),GraduateCourse(DummyIndividual),ResearchGroup(DummyIndividual),Dean(DummyIndividual)}
117,90;{SystemsStaff(DummyIndividual),GraduateCourse(DummyIndividual),ResearchGroup(DummyIndividual),Professor(DummyIndividual)}
117,90;{SystemsStaff(DummyIndividual),GraduateCourse(DummyIndividual),ResearchGroup(DummyIndividual),FullProfessor(DummyIndividual)}
117,90;{SystemsStaff(DummyIndividual),GraduateCourse(DummyIndividual),ResearchGroup(DummyIndividual),VisitingProfessor(DummyIndividual)}
118,49;{SystemsStaff(DummyIndividual),Program(DummyIndividual),Dean(DummyIndividual),Work(DummyIndividual)}
118,49;{SystemsStaff(DummyIndividual),Program(DummyIndividual),Dean(DummyIndividual),Course(DummyIndividual)}
118,49;{SystemsStaff(DummyIndividual),Program(DummyIndividual),Dean(DummyIndividual),Research(DummyIndividual)}
118,49;{SystemsStaff(DummyIndividual),Program(DummyIndividual),Professor(DummyIndividual),Work(DummyIndividual)}
118,49;{SystemsStaff(DummyIndividual),Program(DummyIndividual),Professor(DummyIndividual),Course(DummyIndividual)}
118,49;{SystemsStaff(DummyIndividual),Program(DummyIndividual),Professor(DummyIndividual),Research(DummyIndividual)}
118,49;{SystemsStaff(DummyIndividual),Program(DummyIndividual),FullProfessor(DummyIndividual),Work(DummyIndividual)}
118,49;{SystemsStaff(DummyIndividual),Program(DummyIndividual),FullProfessor(DummyIndividual),Course(DummyIndividual)}
118,49;{SystemsStaff(DummyIndividual),Program(DummyIndividual),FullProfessor(DummyIndividual),Research(DummyIndividual)}
118,49;{SystemsStaff(DummyIndividual),Program(DummyIndividual),VisitingProfessor(DummyIndividual),Work(DummyIndividual)}
118,59;{SystemsStaff(DummyIndividual),Program(DummyIndividual),VisitingProfessor(DummyIndividual),Course(DummyIndividual)}
118,59;{SystemsStaff(DummyIndividual),Program(DummyIndividual),VisitingProfessor(DummyIndividual),Research(DummyIndividual)}
118,59;{SystemsStaff(DummyIndividual),Program(DummyIndividual),AssociateProfessor(DummyIndividual),Work(DummyIndividual)}
118,59;{SystemsStaff(DummyIndividual),Program(DummyIndividual),AssociateProfessor(DummyIndividual),Course(DummyIndividual)}
118,59;{SystemsStaff(DummyIndividual),Program(DummyIndividual),AssociateProfessor(DummyIndividual),Research(DummyIndividual)}
119,02;{SystemsStaff(DummyIndividual),Institute(DummyIndividual),Research(DummyIndividual),Dean(DummyIndividual)}
119,02;{SystemsStaff(DummyIndividual),Institute(DummyIndividual),Research(DummyIndividual),Professor(DummyIndividual)}
119,02;{SystemsStaff(DummyIndividual),Institute(DummyIndividual),Research(DummyIndividual),FullProfessor(DummyIndividual)}
119,02;{SystemsStaff(DummyIndividual),Institute(DummyIndividual),Research(DummyIndividual),VisitingProfessor(DummyIndividual)}
119,02;{SystemsStaff(DummyIndividual),Institute(DummyIndividual),Research(DummyIndividual),AssociateProfessor(DummyIndividual)}
119,13;{SystemsStaff(DummyIndividual),Institute(DummyIndividual),Dean(DummyIndividual),Work(DummyIndividual)}
119,22;{SystemsStaff(DummyIndividual),Institute(DummyIndividual),Dean(DummyIndividual),Course(DummyIndividual)}
119,22;{SystemsStaff(DummyIndividual),Institute(DummyIndividual),Professor(DummyIndividual),Work(DummyIndividual)}
119,22;{SystemsStaff(DummyIndividual),Institute(DummyIndividual),Professor(DummyIndividual),Course(DummyIndividual)}
119,22;{SystemsStaff(DummyIndividual),Institute(DummyIndividual),FullProfessor(DummyIndividual),Work(DummyIndividual)}
119,22;{SystemsStaff(DummyIndividual),Institute(DummyIndividual),FullProfessor(DummyIndividual),Course(DummyIndividual)}
119,32;{SystemsStaff(DummyIndividual),Institute(DummyIndividual),VisitingProfessor(DummyIndividual),Work(DummyIndividual)}
119,32;{SystemsStaff(DummyIndividual),Institute(DummyIndividual),VisitingProfessor(DummyIndividual),Course(DummyIndividual)}
119,32;{SystemsStaff(DummyIndividual),Institute(DummyIndividual),AssociateProfessor(DummyIndividual),Work(DummyIndividual)}
119,32;{SystemsStaff(DummyIndividual),Institute(DummyIndividual),AssociateProfessor(DummyIndividual),Course(DummyIndividual)}
120,24;{SystemsStaff(DummyIndividual),University(DummyIndividual),Research(DummyIndividual),Dean(DummyIndividual)}
120,24;{SystemsStaff(DummyIndividual),University(DummyIndividual),Research(DummyIndividual),Professor(DummyIndividual)}
120,24;{SystemsStaff(DummyIndividual),University(DummyIndividual),Research(DummyIndividual),FullProfessor(DummyIndividual)}
120,24;{SystemsStaff(DummyIndividual),University(DummyIndividual),Research(DummyIndividual),VisitingProfessor(DummyIndividual)}
120,24;{SystemsStaff(DummyIndividual),University(DummyIndividual),Research(DummyIndividual),AssociateProfessor(DummyIndividual)}
120,24;{SystemsStaff(DummyIndividual),University(DummyIndividual),Dean(DummyIndividual),Work(DummyIndividual)}
120,24;{SystemsStaff(DummyIndividual),University(DummyIndividual),Dean(DummyIndividual),Course(DummyIndividual)}
120,35;{SystemsStaff(DummyIndividual),University(DummyIndividual),Professor(DummyIndividual),Work(DummyIndividual)}
120,35;{SystemsStaff(DummyIndividual),University(DummyIndividual),Professor(DummyIndividual),Course(DummyIndividual)}
120,35;{SystemsStaff(DummyIndividual),University(DummyIndividual),FullProfessor(DummyIndividual),Work(DummyIndividual)}
120,35;{SystemsStaff(DummyIndividual),University(DummyIndividual),FullProfessor(DummyIndividual),Course(DummyIndividual)}
120,35;{SystemsStaff(DummyIndividual),University(DummyIndividual),VisitingProfessor(DummyIndividual),Work(DummyIndividual)}
120,46;{SystemsStaff(DummyIndividual),University(DummyIndividual),VisitingProfessor(DummyIndividual),Course(DummyIndividual)}
120,46;{SystemsStaff(DummyIndividual),University(DummyIndividual),AssociateProfessor(DummyIndividual),Work(DummyIndividual)}
120,46;{SystemsStaff(DummyIndividual),University(DummyIndividual),AssociateProfessor(DummyIndividual),Course(DummyIndividual)}
120,66;{SystemsStaff(DummyIndividual),Research(DummyIndividual),Organization(DummyIndividual),Dean(DummyIndividual)}
120,66;{SystemsStaff(DummyIndividual),Research(DummyIndividual),Organization(DummyIndividual),Professor(DummyIndividual)}
120,66;{SystemsStaff(DummyIndividual),Research(DummyIndividual),Organization(DummyIndividual),FullProfessor(DummyIndividual)}
120,66;{SystemsStaff(DummyIndividual),Research(DummyIndividual),Organization(DummyIndividual),VisitingProfessor(DummyIndividual)}
120,66;{SystemsStaff(DummyIndividual),Research(DummyIndividual),Organization(DummyIndividual),AssociateProfessor(DummyIndividual)}
120,66;{SystemsStaff(DummyIndividual),Research(DummyIndividual),Department(DummyIndividual),Dean(DummyIndividual)}
120,78;{SystemsStaff(DummyIndividual),Research(DummyIndividual),Department(DummyIndividual),Professor(DummyIndividual)}
120,78;{SystemsStaff(DummyIndividual),Research(DummyIndividual),Department(DummyIndividual),FullProfessor(DummyIndividual)}
120,78;{SystemsStaff(DummyIndividual),Research(DummyIndividual),Department(DummyIndividual),VisitingProfessor(DummyIndividual)}
120,78;{SystemsStaff(DummyIndividual),Research(DummyIndividual),Department(DummyIndividual),AssociateProfessor(DummyIndividual)}
120,78;{SystemsStaff(DummyIndividual),Research(DummyIndividual),ResearchGroup(DummyIndividual),Dean(DummyIndividual)}
120,78;{SystemsStaff(DummyIndividual),Research(DummyIndividual),ResearchGroup(DummyIndividual),Professor(DummyIndividual)}
120,78;{SystemsStaff(DummyIndividual),Research(DummyIndividual),ResearchGroup(DummyIndividual),FullProfessor(DummyIndividual)}
120,78;{SystemsStaff(DummyIndividual),Research(DummyIndividual),ResearchGroup(DummyIndividual),VisitingProfessor(DummyIndividual)}
120,78;{SystemsStaff(DummyIndividual),Research(DummyIndividual),ResearchGroup(DummyIndividual),AssociateProfessor(DummyIndividual)}
121,18;{SystemsStaff(DummyIndividual),Dean(DummyIndividual),Organization(DummyIndividual),Work(DummyIndividual)}
121,18;{SystemsStaff(DummyIndividual),Dean(DummyIndividual),Organization(DummyIndividual),Course(DummyIndividual)}
121,28;{SystemsStaff(DummyIndividual),Dean(DummyIndividual),Department(DummyIndividual),Work(DummyIndividual)}
121,28;{SystemsStaff(DummyIndividual),Dean(DummyIndividual),Department(DummyIndividual),Course(DummyIndividual)}
121,28;{SystemsStaff(DummyIndividual),Dean(DummyIndividual),ResearchGroup(DummyIndividual),Work(DummyIndividual)}
121,28;{SystemsStaff(DummyIndividual),Dean(DummyIndividual),ResearchGroup(DummyIndividual),Course(DummyIndividual)}
121,49;{SystemsStaff(DummyIndividual),Professor(DummyIndividual),Organization(DummyIndividual),Work(DummyIndividual)}
121,49;{SystemsStaff(DummyIndividual),Professor(DummyIndividual),Organization(DummyIndividual),Course(DummyIndividual)}
121,60;{SystemsStaff(DummyIndividual),Professor(DummyIndividual),Department(DummyIndividual),Work(DummyIndividual)}
121,60;{SystemsStaff(DummyIndividual),Professor(DummyIndividual),Department(DummyIndividual),Course(DummyIndividual)}
121,60;{SystemsStaff(DummyIndividual),Professor(DummyIndividual),ResearchGroup(DummyIndividual),Work(DummyIndividual)}
121,60;{SystemsStaff(DummyIndividual),Professor(DummyIndividual),ResearchGroup(DummyIndividual),Course(DummyIndividual)}
121,60;{SystemsStaff(DummyIndividual),FullProfessor(DummyIndividual),Organization(DummyIndividual),Work(DummyIndividual)}
121,60;{SystemsStaff(DummyIndividual),FullProfessor(DummyIndividual),Organization(DummyIndividual),Course(DummyIndividual)}
121,60;{SystemsStaff(DummyIndividual),FullProfessor(DummyIndividual),Department(DummyIndividual),Work(DummyIndividual)}
121,60;{SystemsStaff(DummyIndividual),FullProfessor(DummyIndividual),ResearchGroup(DummyIndividual),Work(DummyIndividual)}
121,60;{SystemsStaff(DummyIndividual),FullProfessor(DummyIndividual),ResearchGroup(DummyIndividual),Course(DummyIndividual)}
122,11;{SystemsStaff(DummyIndividual),VisitingProfessor(DummyIndividual),Organization(DummyIndividual),Work(DummyIndividual)}
122,11;{SystemsStaff(DummyIndividual),VisitingProfessor(DummyIndividual),Organization(DummyIndividual),Course(DummyIndividual)}
122,11;{SystemsStaff(DummyIndividual),VisitingProfessor(DummyIndividual),Department(DummyIndividual),Work(DummyIndividual)}
122,11;{SystemsStaff(DummyIndividual),VisitingProfessor(DummyIndividual),Department(DummyIndividual),Course(DummyIndividual)}
122,11;{SystemsStaff(DummyIndividual),VisitingProfessor(DummyIndividual),ResearchGroup(DummyIndividual),Work(DummyIndividual)}
122,11;{SystemsStaff(DummyIndividual),VisitingProfessor(DummyIndividual),ResearchGroup(DummyIndividual),Course(DummyIndividual)}
122,11;{SystemsStaff(DummyIndividual),AssociateProfessor(DummyIndividual),Organization(DummyIndividual),Work(DummyIndividual)}
122,22;{SystemsStaff(DummyIndividual),AssociateProfessor(DummyIndividual),Organization(DummyIndividual),Course(DummyIndividual)}
122,22;{SystemsStaff(DummyIndividual),AssociateProfessor(DummyIndividual),Department(DummyIndividual),Work(DummyIndividual)}
122,22;{SystemsStaff(DummyIndividual),AssociateProfessor(DummyIndividual),Department(DummyIndividual),Course(DummyIndividual)}
122,22;{SystemsStaff(DummyIndividual),AssociateProfessor(DummyIndividual),ResearchGroup(DummyIndividual),Work(DummyIndividual)}
122,22;{SystemsStaff(DummyIndividual),AssociateProfessor(DummyIndividual),ResearchGroup(DummyIndividual),Course(DummyIndividual)}
