0,90;{GraduateCourse(DummyIndividual),Publication(DummyIndividual)}
1,10;{GraduateCourse(DummyIndividual),Specification(DummyIndividual)}
1,29;{GraduateCourse(DummyIndividual),JournalArticle(DummyIndividual)}
1,48;{GraduateCourse(DummyIndividual),TechnicalReport(DummyIndividual)}
1,67;{Course(DummyIndividual),Book(DummyIndividual)}
1,88;{Course(DummyIndividual),Article(DummyIndividual)}
1,97;{Course(DummyIndividual),UnofficialPublication(DummyIndividual)}
2,17;{Software(DummyIndividual),Course(DummyIndividual)}
2,37;{Software(DummyIndividual),GraduateCourse(DummyIndividual)}
3,17;{UnofficialPublication(DummyIndividual),GraduateCourse(DummyIndividual)}
3,48;{TechnicalReport(DummyIndividual),Course(DummyIndividual)}
3,58;{GraduateCourse(DummyIndividual),Article(DummyIndividual)}
3,58;{GraduateCourse(DummyIndividual),ConferencePaper(DummyIndividual)}
4,83;{GraduateCourse(DummyIndividual),Book(DummyIndividual)}
4,83;{GraduateCourse(DummyIndividual),Manual(DummyIndividual)}
4,93;{JournalArticle(DummyIndividual),Course(DummyIndividual)}
5,04;{Course(DummyIndividual),ConferencePaper(DummyIndividual)}
5,15;{Course(DummyIndividual),Publication(DummyIndividual)}
5,25;{Course(DummyIndividual),Manual(DummyIndividual)}
5,25;{Course(DummyIndividual),Specification(DummyIndividual)}
