0,87;{GraduateStudent(DummyIndividual),ClericalStaff(DummyIndividual)}
1,15;{GraduateStudent(DummyIndividual),Director(DummyIndividual)}
1,35;{GraduateStudent(DummyIndividual),AdministrativeStaff(DummyIndividual)}
1,64;{GraduateStudent(DummyIndividual),Faculty(DummyIndividual)}
1,82;{GraduateStudent(DummyIndividual),Employee(DummyIndividual)}
2,10;{UndergraduateStudent(DummyIndividual),Chair(DummyIndividual)}
2,31;{Dean(DummyIndividual),Student(DummyIndividual)}
2,41;{Dean(DummyIndividual),UndergraduateStudent(DummyIndividual)}
2,71;{AssociateProfessor(DummyIndividual),GraduateStudent(DummyIndividual)}
2,81;{Director(DummyIndividual),Student(DummyIndividual)}
3,61;{Director(DummyIndividual),UndergraduateStudent(DummyIndividual)}
3,80;{Student(DummyIndividual),Employee(DummyIndividual)}
5,28;{Student(DummyIndividual),AdministrativeStaff(DummyIndividual)}
5,28;{Student(DummyIndividual),AssistantProfessor(DummyIndividual)}
5,28;{Student(DummyIndividual),Chair(DummyIndividual)}
5,38;{Student(DummyIndividual),ClericalStaff(DummyIndividual)}
5,38;{Student(DummyIndividual),SystemsStaff(DummyIndividual)}
5,38;{Student(DummyIndividual),ResearchAssistant(DummyIndividual)}
5,38;{Student(DummyIndividual),PostDoc(DummyIndividual)}
5,38;{Student(DummyIndividual),Faculty(DummyIndividual)}
5,38;{Student(DummyIndividual),Lecturer(DummyIndividual)}
5,48;{Student(DummyIndividual),Professor(DummyIndividual)}
5,48;{Student(DummyIndividual),FullProfessor(DummyIndividual)}
5,48;{Student(DummyIndividual),VisitingProfessor(DummyIndividual)}
5,48;{Student(DummyIndividual),AssociateProfessor(DummyIndividual)}
5,58;{UndergraduateStudent(DummyIndividual),Employee(DummyIndividual)}
5,58;{UndergraduateStudent(DummyIndividual),AdministrativeStaff(DummyIndividual)}
5,58;{UndergraduateStudent(DummyIndividual),AssistantProfessor(DummyIndividual)}
5,58;{UndergraduateStudent(DummyIndividual),ClericalStaff(DummyIndividual)}
5,67;{UndergraduateStudent(DummyIndividual),SystemsStaff(DummyIndividual)}
5,67;{UndergraduateStudent(DummyIndividual),ResearchAssistant(DummyIndividual)}
5,67;{UndergraduateStudent(DummyIndividual),PostDoc(DummyIndividual)}
5,67;{UndergraduateStudent(DummyIndividual),Faculty(DummyIndividual)}
5,67;{UndergraduateStudent(DummyIndividual),Lecturer(DummyIndividual)}
5,77;{UndergraduateStudent(DummyIndividual),Professor(DummyIndividual)}
5,77;{UndergraduateStudent(DummyIndividual),FullProfessor(DummyIndividual)}
5,77;{UndergraduateStudent(DummyIndividual),VisitingProfessor(DummyIndividual)}
5,88;{UndergraduateStudent(DummyIndividual),AssociateProfessor(DummyIndividual)}
6,08;{Chair(DummyIndividual),GraduateStudent(DummyIndividual)}
6,45;{GraduateStudent(DummyIndividual),AssistantProfessor(DummyIndividual)}
6,45;{GraduateStudent(DummyIndividual),SystemsStaff(DummyIndividual)}
6,45;{GraduateStudent(DummyIndividual),ResearchAssistant(DummyIndividual)}
6,45;{GraduateStudent(DummyIndividual),PostDoc(DummyIndividual)}
6,56;{GraduateStudent(DummyIndividual),Lecturer(DummyIndividual)}
6,56;{GraduateStudent(DummyIndividual),Dean(DummyIndividual)}
6,56;{GraduateStudent(DummyIndividual),Professor(DummyIndividual)}
6,56;{GraduateStudent(DummyIndividual),FullProfessor(DummyIndividual)}
6,66;{GraduateStudent(DummyIndividual),VisitingProfessor(DummyIndividual)}
