0,94;{GraduateStudent(DummyIndividual),GraduateCourse(DummyIndividual),TechnicalReport(DummyIndividual)}
1,43;{GraduateStudent(DummyIndividual),GraduateCourse(DummyIndividual),ConferencePaper(DummyIndividual)}
1,95;{JournalArticle(DummyIndividual),UndergraduateStudent(DummyIndividual),Course(DummyIndividual)}
2,29;{Article(DummyIndividual),UndergraduateStudent(DummyIndividual),GraduateCourse(DummyIndividual)}
5,34;{ConferencePaper(DummyIndividual),Student(DummyIndividual),GraduateCourse(DummyIndividual)}
5,34;{ConferencePaper(DummyIndividual),Student(DummyIndividual),Course(DummyIndividual)}
6,69;{ConferencePaper(DummyIndividual),UndergraduateStudent(DummyIndividual),GraduateCourse(DummyIndividual)}
6,69;{ConferencePaper(DummyIndividual),UndergraduateStudent(DummyIndividual),Course(DummyIndividual)}
7,17;{ConferencePaper(DummyIndividual),GraduateStudent(DummyIndividual),Course(DummyIndividual)}
7,46;{TechnicalReport(DummyIndividual),Student(DummyIndividual),GraduateCourse(DummyIndividual)}
7,46;{TechnicalReport(DummyIndividual),Student(DummyIndividual),Course(DummyIndividual)}
7,55;{TechnicalReport(DummyIndividual),UndergraduateStudent(DummyIndividual),GraduateCourse(DummyIndividual)}
7,55;{TechnicalReport(DummyIndividual),UndergraduateStudent(DummyIndividual),Course(DummyIndividual)}
8,02;{TechnicalReport(DummyIndividual),GraduateStudent(DummyIndividual),Course(DummyIndividual)}
8,40;{GraduateCourse(DummyIndividual),Article(DummyIndividual),Student(DummyIndividual)}
8,50;{GraduateCourse(DummyIndividual),Article(DummyIndividual),GraduateStudent(DummyIndividual)}
9,73;{GraduateCourse(DummyIndividual),JournalArticle(DummyIndividual),Student(DummyIndividual)}
9,73;{GraduateCourse(DummyIndividual),JournalArticle(DummyIndividual),UndergraduateStudent(DummyIndividual)}
9,83;{GraduateCourse(DummyIndividual),JournalArticle(DummyIndividual),GraduateStudent(DummyIndividual)}
10,50;{Course(DummyIndividual),Article(DummyIndividual),Student(DummyIndividual)}
10,50;{Course(DummyIndividual),Article(DummyIndividual),UndergraduateStudent(DummyIndividual)}
10,61;{Course(DummyIndividual),Article(DummyIndividual),GraduateStudent(DummyIndividual)}
11,42;{Course(DummyIndividual),JournalArticle(DummyIndividual),Student(DummyIndividual)}
11,50;{Course(DummyIndividual),JournalArticle(DummyIndividual),GraduateStudent(DummyIndividual)}
