1,04;{SystemsStaff(DummyIndividual),College(DummyIndividual),GraduateStudent(DummyIndividual)}
1,69;{Department(DummyIndividual),UndergraduateStudent(DummyIndividual),SystemsStaff(DummyIndividual)}
2,15;{College(DummyIndividual),UndergraduateStudent(DummyIndividual),AdministrativeStaff(DummyIndividual)}
2,46;{College(DummyIndividual),UndergraduateStudent(DummyIndividual),ClericalStaff(DummyIndividual)}
4,32;{Student(DummyIndividual),SystemsStaff(DummyIndividual),Institute(DummyIndividual)}
4,44;{UndergraduateStudent(DummyIndividual),SystemsStaff(DummyIndividual),Institute(DummyIndividual)}
4,53;{GraduateStudent(DummyIndividual),SystemsStaff(DummyIndividual),Institute(DummyIndividual)}
6,98;{AdministrativeStaff(DummyIndividual),Organization(DummyIndividual),Student(DummyIndividual)}
6,98;{AdministrativeStaff(DummyIndividual),Organization(DummyIndividual),UndergraduateStudent(DummyIndividual)}
7,08;{AdministrativeStaff(DummyIndividual),Organization(DummyIndividual),GraduateStudent(DummyIndividual)}
7,46;{AdministrativeStaff(DummyIndividual),College(DummyIndividual),Student(DummyIndividual)}
7,56;{AdministrativeStaff(DummyIndividual),College(DummyIndividual),GraduateStudent(DummyIndividual)}
8,88;{AdministrativeStaff(DummyIndividual),Program(DummyIndividual),Student(DummyIndividual)}
8,88;{AdministrativeStaff(DummyIndividual),Program(DummyIndividual),UndergraduateStudent(DummyIndividual)}
8,96;{AdministrativeStaff(DummyIndividual),Program(DummyIndividual),GraduateStudent(DummyIndividual)}
8,96;{AdministrativeStaff(DummyIndividual),Institute(DummyIndividual),Student(DummyIndividual)}
8,96;{AdministrativeStaff(DummyIndividual),Institute(DummyIndividual),UndergraduateStudent(DummyIndividual)}
9,06;{AdministrativeStaff(DummyIndividual),Institute(DummyIndividual),GraduateStudent(DummyIndividual)}
9,54;{AdministrativeStaff(DummyIndividual),University(DummyIndividual),Student(DummyIndividual)}
9,54;{AdministrativeStaff(DummyIndividual),University(DummyIndividual),UndergraduateStudent(DummyIndividual)}
9,63;{AdministrativeStaff(DummyIndividual),University(DummyIndividual),GraduateStudent(DummyIndividual)}
10,03;{AdministrativeStaff(DummyIndividual),Department(DummyIndividual),Student(DummyIndividual)}
10,03;{AdministrativeStaff(DummyIndividual),Department(DummyIndividual),UndergraduateStudent(DummyIndividual)}
10,21;{AdministrativeStaff(DummyIndividual),Department(DummyIndividual),GraduateStudent(DummyIndividual)}
10,91;{AdministrativeStaff(DummyIndividual),GraduateStudent(DummyIndividual),ResearchGroup(DummyIndividual)}
11,73;{AdministrativeStaff(DummyIndividual),ResearchGroup(DummyIndividual),Student(DummyIndividual)}
11,73;{AdministrativeStaff(DummyIndividual),ResearchGroup(DummyIndividual),UndergraduateStudent(DummyIndividual)}
11,84;{ClericalStaff(DummyIndividual),Organization(DummyIndividual),Student(DummyIndividual)}
11,84;{ClericalStaff(DummyIndividual),Organization(DummyIndividual),UndergraduateStudent(DummyIndividual)}
11,84;{ClericalStaff(DummyIndividual),Organization(DummyIndividual),GraduateStudent(DummyIndividual)}
11,95;{ClericalStaff(DummyIndividual),College(DummyIndividual),Student(DummyIndividual)}
11,95;{ClericalStaff(DummyIndividual),College(DummyIndividual),GraduateStudent(DummyIndividual)}
13,23;{ClericalStaff(DummyIndividual),Program(DummyIndividual),Student(DummyIndividual)}
13,23;{ClericalStaff(DummyIndividual),Program(DummyIndividual),UndergraduateStudent(DummyIndividual)}
13,23;{ClericalStaff(DummyIndividual),Program(DummyIndividual),GraduateStudent(DummyIndividual)}
13,23;{ClericalStaff(DummyIndividual),Institute(DummyIndividual),Student(DummyIndividual)}
13,34;{ClericalStaff(DummyIndividual),Institute(DummyIndividual),UndergraduateStudent(DummyIndividual)}
13,45;{ClericalStaff(DummyIndividual),Institute(DummyIndividual),GraduateStudent(DummyIndividual)}
13,55;{ClericalStaff(DummyIndividual),University(DummyIndividual),Student(DummyIndividual)}
13,55;{ClericalStaff(DummyIndividual),University(DummyIndividual),UndergraduateStudent(DummyIndividual)}
13,55;{ClericalStaff(DummyIndividual),University(DummyIndividual),GraduateStudent(DummyIndividual)}
13,64;{ClericalStaff(DummyIndividual),Department(DummyIndividual),Student(DummyIndividual)}
13,64;{ClericalStaff(DummyIndividual),Department(DummyIndividual),UndergraduateStudent(DummyIndividual)}
13,64;{ClericalStaff(DummyIndividual),Department(DummyIndividual),GraduateStudent(DummyIndividual)}
13,94;{ClericalStaff(DummyIndividual),GraduateStudent(DummyIndividual),ResearchGroup(DummyIndividual)}
14,16;{ClericalStaff(DummyIndividual),ResearchGroup(DummyIndividual),Student(DummyIndividual)}
14,16;{ClericalStaff(DummyIndividual),ResearchGroup(DummyIndividual),UndergraduateStudent(DummyIndividual)}
14,26;{SystemsStaff(DummyIndividual),Student(DummyIndividual),Organization(DummyIndividual)}
14,26;{SystemsStaff(DummyIndividual),Student(DummyIndividual),College(DummyIndividual)}
14,37;{SystemsStaff(DummyIndividual),Student(DummyIndividual),Program(DummyIndividual)}
14,37;{SystemsStaff(DummyIndividual),Student(DummyIndividual),University(DummyIndividual)}
14,37;{SystemsStaff(DummyIndividual),Student(DummyIndividual),Department(DummyIndividual)}
14,37;{SystemsStaff(DummyIndividual),Student(DummyIndividual),ResearchGroup(DummyIndividual)}
14,47;{SystemsStaff(DummyIndividual),College(DummyIndividual),UndergraduateStudent(DummyIndividual)}
14,47;{SystemsStaff(DummyIndividual),UndergraduateStudent(DummyIndividual),Organization(DummyIndividual)}
14,57;{SystemsStaff(DummyIndividual),UndergraduateStudent(DummyIndividual),Program(DummyIndividual)}
14,57;{SystemsStaff(DummyIndividual),UndergraduateStudent(DummyIndividual),University(DummyIndividual)}
14,57;{SystemsStaff(DummyIndividual),UndergraduateStudent(DummyIndividual),ResearchGroup(DummyIndividual)}
14,78;{SystemsStaff(DummyIndividual),Program(DummyIndividual),GraduateStudent(DummyIndividual)}
14,87;{SystemsStaff(DummyIndividual),University(DummyIndividual),GraduateStudent(DummyIndividual)}
14,98;{SystemsStaff(DummyIndividual),GraduateStudent(DummyIndividual),Organization(DummyIndividual)}
14,98;{SystemsStaff(DummyIndividual),GraduateStudent(DummyIndividual),Department(DummyIndividual)}
15,09;{SystemsStaff(DummyIndividual),GraduateStudent(DummyIndividual),ResearchGroup(DummyIndividual)}
