0,85;{Work(DummyIndividual),AssistantProfessor(DummyIndividual)}
1,06;{Work(DummyIndividual),FullProfessor(DummyIndividual)}
1,45;{Work(DummyIndividual),AssociateProfessor(DummyIndividual)}
1,62;{Work(DummyIndividual),Faculty(DummyIndividual)}
1,82;{Research(DummyIndividual),Lecturer(DummyIndividual)}
2,02;{AdministrativeStaff(DummyIndividual),Research(DummyIndividual)}
2,24;{GraduateCourse(DummyIndividual),Professor(DummyIndividual)}
2,32;{GraduateCourse(DummyIndividual),Chair(DummyIndividual)}
2,42;{GraduateCourse(DummyIndividual),AdministrativeStaff(DummyIndividual)}
2,71;{SystemsStaff(DummyIndividual),Course(DummyIndividual)}
2,99;{Employee(DummyIndividual),GraduateCourse(DummyIndividual)}
3,19;{Employee(DummyIndividual),Work(DummyIndividual)}
3,64;{Employee(DummyIndividual),Course(DummyIndividual)}
3,64;{Employee(DummyIndividual),Research(DummyIndividual)}
5,80;{Director(DummyIndividual),Work(DummyIndividual)}
5,90;{Director(DummyIndividual),GraduateCourse(DummyIndividual)}
5,90;{Director(DummyIndividual),Course(DummyIndividual)}
5,90;{Director(DummyIndividual),Research(DummyIndividual)}
6,30;{AdministrativeStaff(DummyIndividual),Work(DummyIndividual)}
6,30;{AdministrativeStaff(DummyIndividual),Course(DummyIndividual)}
6,53;{AssistantProfessor(DummyIndividual),GraduateCourse(DummyIndividual)}
6,53;{AssistantProfessor(DummyIndividual),Course(DummyIndividual)}
6,53;{AssistantProfessor(DummyIndividual),Research(DummyIndividual)}
6,91;{Chair(DummyIndividual),Work(DummyIndividual)}
6,91;{Chair(DummyIndividual),Course(DummyIndividual)}
6,91;{Chair(DummyIndividual),Research(DummyIndividual)}
7,02;{ClericalStaff(DummyIndividual),Work(DummyIndividual)}
7,02;{ClericalStaff(DummyIndividual),GraduateCourse(DummyIndividual)}
7,02;{ClericalStaff(DummyIndividual),Course(DummyIndividual)}
7,12;{ClericalStaff(DummyIndividual),Research(DummyIndividual)}
7,12;{SystemsStaff(DummyIndividual),Work(DummyIndividual)}
7,12;{SystemsStaff(DummyIndividual),GraduateCourse(DummyIndividual)}
7,12;{SystemsStaff(DummyIndividual),Research(DummyIndividual)}
7,12;{ResearchAssistant(DummyIndividual),Work(DummyIndividual)}
7,12;{ResearchAssistant(DummyIndividual),GraduateCourse(DummyIndividual)}
7,23;{ResearchAssistant(DummyIndividual),Course(DummyIndividual)}
7,23;{ResearchAssistant(DummyIndividual),Research(DummyIndividual)}
7,23;{GraduateCourse(DummyIndividual),PostDoc(DummyIndividual)}
7,23;{GraduateCourse(DummyIndividual),Faculty(DummyIndividual)}
7,23;{GraduateCourse(DummyIndividual),Lecturer(DummyIndividual)}
7,32;{GraduateCourse(DummyIndividual),Dean(DummyIndividual)}
7,32;{GraduateCourse(DummyIndividual),FullProfessor(DummyIndividual)}
7,32;{GraduateCourse(DummyIndividual),VisitingProfessor(DummyIndividual)}
7,32;{GraduateCourse(DummyIndividual),AssociateProfessor(DummyIndividual)}
7,32;{PostDoc(DummyIndividual),Work(DummyIndividual)}
7,42;{PostDoc(DummyIndividual),Course(DummyIndividual)}
7,42;{PostDoc(DummyIndividual),Research(DummyIndividual)}
7,53;{Faculty(DummyIndividual),Course(DummyIndividual)}
7,53;{Faculty(DummyIndividual),Research(DummyIndividual)}
7,70;{Lecturer(DummyIndividual),Work(DummyIndividual)}
7,79;{Lecturer(DummyIndividual),Course(DummyIndividual)}
8,18;{Course(DummyIndividual),Dean(DummyIndividual)}
8,18;{Course(DummyIndividual),Professor(DummyIndividual)}
8,18;{Course(DummyIndividual),FullProfessor(DummyIndividual)}
8,18;{Course(DummyIndividual),VisitingProfessor(DummyIndividual)}
8,18;{Course(DummyIndividual),AssociateProfessor(DummyIndividual)}
8,37;{Research(DummyIndividual),Dean(DummyIndividual)}
8,37;{Research(DummyIndividual),Professor(DummyIndividual)}
8,37;{Research(DummyIndividual),FullProfessor(DummyIndividual)}
8,37;{Research(DummyIndividual),VisitingProfessor(DummyIndividual)}
8,37;{Research(DummyIndividual),AssociateProfessor(DummyIndividual)}
8,70;{Dean(DummyIndividual),Work(DummyIndividual)}
8,80;{Professor(DummyIndividual),Work(DummyIndividual)}
9,29;{VisitingProfessor(DummyIndividual),Work(DummyIndividual)}
