0,69;{AssociateProfessor(DummyIndividual),TechnicalReport(DummyIndividual)}
1,16;{Person(DummyIndividual),Article(DummyIndividual)}
1,55;{FullProfessor(DummyIndividual),JournalArticle(DummyIndividual)}
1,84;{ConferencePaper(DummyIndividual),ClericalStaff(DummyIndividual)}
1,84;{ConferencePaper(DummyIndividual),UndergraduateStudent(DummyIndividual)}
1,93;{Dean(DummyIndividual),ConferencePaper(DummyIndividual)}
2,04;{Article(DummyIndividual),Employee(DummyIndividual)}
2,04;{Article(DummyIndividual),Director(DummyIndividual)}
2,14;{Article(DummyIndividual),Student(DummyIndividual)}
3,92;{Article(DummyIndividual),AdministrativeStaff(DummyIndividual)}
3,92;{Article(DummyIndividual),AssistantProfessor(DummyIndividual)}
3,92;{Article(DummyIndividual),UndergraduateStudent(DummyIndividual)}
3,92;{Article(DummyIndividual),Chair(DummyIndividual)}
4,02;{Article(DummyIndividual),ClericalStaff(DummyIndividual)}
4,02;{Article(DummyIndividual),SystemsStaff(DummyIndividual)}
4,02;{Article(DummyIndividual),ResearchAssistant(DummyIndividual)}
4,02;{Article(DummyIndividual),PostDoc(DummyIndividual)}
4,02;{Article(DummyIndividual),Faculty(DummyIndividual)}
4,02;{Article(DummyIndividual),Lecturer(DummyIndividual)}
4,12;{Article(DummyIndividual),TeachingAssistant(DummyIndividual)}
4,12;{Article(DummyIndividual),Dean(DummyIndividual)}
4,12;{Article(DummyIndividual),GraduateStudent(DummyIndividual)}
4,12;{Article(DummyIndividual),Professor(DummyIndividual)}
4,12;{Article(DummyIndividual),FullProfessor(DummyIndividual)}
4,12;{Article(DummyIndividual),VisitingProfessor(DummyIndividual)}
4,22;{Article(DummyIndividual),AssociateProfessor(DummyIndividual)}
4,22;{ConferencePaper(DummyIndividual),Employee(DummyIndividual)}
4,22;{ConferencePaper(DummyIndividual),Director(DummyIndividual)}
4,22;{ConferencePaper(DummyIndividual),Person(DummyIndividual)}
4,22;{ConferencePaper(DummyIndividual),Student(DummyIndividual)}
4,22;{ConferencePaper(DummyIndividual),AdministrativeStaff(DummyIndividual)}
4,22;{ConferencePaper(DummyIndividual),AssistantProfessor(DummyIndividual)}
4,32;{ConferencePaper(DummyIndividual),Chair(DummyIndividual)}
4,32;{ConferencePaper(DummyIndividual),SystemsStaff(DummyIndividual)}
4,32;{ConferencePaper(DummyIndividual),ResearchAssistant(DummyIndividual)}
4,32;{ConferencePaper(DummyIndividual),PostDoc(DummyIndividual)}
4,32;{ConferencePaper(DummyIndividual),Faculty(DummyIndividual)}
4,41;{ConferencePaper(DummyIndividual),Lecturer(DummyIndividual)}
4,41;{ConferencePaper(DummyIndividual),TeachingAssistant(DummyIndividual)}
4,41;{ConferencePaper(DummyIndividual),GraduateStudent(DummyIndividual)}
4,51;{ConferencePaper(DummyIndividual),Professor(DummyIndividual)}
4,51;{ConferencePaper(DummyIndividual),FullProfessor(DummyIndividual)}
4,51;{ConferencePaper(DummyIndividual),VisitingProfessor(DummyIndividual)}
4,51;{ConferencePaper(DummyIndividual),AssociateProfessor(DummyIndividual)}
5,48;{UndergraduateStudent(DummyIndividual),TechnicalReport(DummyIndividual)}
5,58;{UndergraduateStudent(DummyIndividual),JournalArticle(DummyIndividual)}
5,78;{TechnicalReport(DummyIndividual),Employee(DummyIndividual)}
5,78;{TechnicalReport(DummyIndividual),Director(DummyIndividual)}
5,78;{TechnicalReport(DummyIndividual),Person(DummyIndividual)}
5,78;{TechnicalReport(DummyIndividual),Student(DummyIndividual)}
5,78;{TechnicalReport(DummyIndividual),AdministrativeStaff(DummyIndividual)}
5,88;{TechnicalReport(DummyIndividual),AssistantProfessor(DummyIndividual)}
5,88;{TechnicalReport(DummyIndividual),Chair(DummyIndividual)}
5,88;{TechnicalReport(DummyIndividual),ClericalStaff(DummyIndividual)}
5,88;{TechnicalReport(DummyIndividual),SystemsStaff(DummyIndividual)}
5,88;{TechnicalReport(DummyIndividual),ResearchAssistant(DummyIndividual)}
5,88;{TechnicalReport(DummyIndividual),PostDoc(DummyIndividual)}
5,88;{TechnicalReport(DummyIndividual),Faculty(DummyIndividual)}
5,88;{TechnicalReport(DummyIndividual),Lecturer(DummyIndividual)}
5,97;{TechnicalReport(DummyIndividual),TeachingAssistant(DummyIndividual)}
5,97;{TechnicalReport(DummyIndividual),Dean(DummyIndividual)}
5,97;{TechnicalReport(DummyIndividual),GraduateStudent(DummyIndividual)}
5,97;{TechnicalReport(DummyIndividual),Professor(DummyIndividual)}
5,97;{TechnicalReport(DummyIndividual),FullProfessor(DummyIndividual)}
6,08;{TechnicalReport(DummyIndividual),VisitingProfessor(DummyIndividual)}
6,18;{ClericalStaff(DummyIndividual),JournalArticle(DummyIndividual)}
6,39;{JournalArticle(DummyIndividual),Employee(DummyIndividual)}
6,39;{JournalArticle(DummyIndividual),Director(DummyIndividual)}
6,39;{JournalArticle(DummyIndividual),Person(DummyIndividual)}
6,39;{JournalArticle(DummyIndividual),Student(DummyIndividual)}
6,39;{JournalArticle(DummyIndividual),AdministrativeStaff(DummyIndividual)}
6,49;{JournalArticle(DummyIndividual),AssistantProfessor(DummyIndividual)}
6,49;{JournalArticle(DummyIndividual),Chair(DummyIndividual)}
6,49;{JournalArticle(DummyIndividual),SystemsStaff(DummyIndividual)}
6,49;{JournalArticle(DummyIndividual),ResearchAssistant(DummyIndividual)}
6,49;{JournalArticle(DummyIndividual),PostDoc(DummyIndividual)}
6,49;{JournalArticle(DummyIndividual),Faculty(DummyIndividual)}
6,49;{JournalArticle(DummyIndividual),Lecturer(DummyIndividual)}
6,60;{JournalArticle(DummyIndividual),TeachingAssistant(DummyIndividual)}
6,60;{JournalArticle(DummyIndividual),Dean(DummyIndividual)}
6,60;{JournalArticle(DummyIndividual),GraduateStudent(DummyIndividual)}
6,60;{JournalArticle(DummyIndividual),Professor(DummyIndividual)}
6,60;{JournalArticle(DummyIndividual),VisitingProfessor(DummyIndividual)}
6,70;{JournalArticle(DummyIndividual),AssociateProfessor(DummyIndividual)}
