0,79;{Professor(DummyIndividual),ClericalStaff(DummyIndividual)}
1,17;{Professor(DummyIndividual),AdministrativeStaff(DummyIndividual)}
1,55;{SystemsStaff(DummyIndividual),PostDoc(DummyIndividual)}
1,82;{Lecturer(DummyIndividual),SystemsStaff(DummyIndividual)}
3,59;{AdministrativeStaff(DummyIndividual),AssistantProfessor(DummyIndividual)}
3,59;{AdministrativeStaff(DummyIndividual),Chair(DummyIndividual)}
3,59;{AdministrativeStaff(DummyIndividual),PostDoc(DummyIndividual)}
3,68;{AdministrativeStaff(DummyIndividual),Faculty(DummyIndividual)}
3,68;{AdministrativeStaff(DummyIndividual),Lecturer(DummyIndividual)}
3,81;{AdministrativeStaff(DummyIndividual),Dean(DummyIndividual)}
3,81;{AdministrativeStaff(DummyIndividual),FullProfessor(DummyIndividual)}
3,81;{AdministrativeStaff(DummyIndividual),VisitingProfessor(DummyIndividual)}
3,81;{AdministrativeStaff(DummyIndividual),AssociateProfessor(DummyIndividual)}
3,91;{ClericalStaff(DummyIndividual),AssistantProfessor(DummyIndividual)}
3,91;{ClericalStaff(DummyIndividual),Chair(DummyIndividual)}
4,01;{ClericalStaff(DummyIndividual),PostDoc(DummyIndividual)}
4,01;{ClericalStaff(DummyIndividual),Faculty(DummyIndividual)}
4,01;{ClericalStaff(DummyIndividual),Lecturer(DummyIndividual)}
4,09;{ClericalStaff(DummyIndividual),Dean(DummyIndividual)}
4,09;{ClericalStaff(DummyIndividual),FullProfessor(DummyIndividual)}
4,09;{ClericalStaff(DummyIndividual),VisitingProfessor(DummyIndividual)}
4,19;{ClericalStaff(DummyIndividual),AssociateProfessor(DummyIndividual)}
4,19;{SystemsStaff(DummyIndividual),AssistantProfessor(DummyIndividual)}
4,19;{SystemsStaff(DummyIndividual),Chair(DummyIndividual)}
4,29;{SystemsStaff(DummyIndividual),Faculty(DummyIndividual)}
4,39;{SystemsStaff(DummyIndividual),Dean(DummyIndividual)}
4,39;{SystemsStaff(DummyIndividual),Professor(DummyIndividual)}
4,39;{SystemsStaff(DummyIndividual),FullProfessor(DummyIndividual)}
4,39;{SystemsStaff(DummyIndividual),VisitingProfessor(DummyIndividual)}
4,50;{SystemsStaff(DummyIndividual),AssociateProfessor(DummyIndividual)}
