0,93;{Student(DummyIndividual),Faculty(DummyIndividual)}
1,43;{AssistantProfessor(DummyIndividual),Student(DummyIndividual)}
1,71;{GraduateStudent(DummyIndividual),AssistantProfessor(DummyIndividual)}
1,97;{GraduateStudent(DummyIndividual),FullProfessor(DummyIndividual)}
2,28;{UndergraduateStudent(DummyIndividual),Chair(DummyIndividual)}
2,46;{Dean(DummyIndividual),UndergraduateStudent(DummyIndividual)}
2,73;{Lecturer(DummyIndividual),GraduateStudent(DummyIndividual)}
5,62;{AssistantProfessor(DummyIndividual),UndergraduateStudent(DummyIndividual)}
5,89;{UndergraduateStudent(DummyIndividual),PostDoc(DummyIndividual)}
5,89;{UndergraduateStudent(DummyIndividual),Faculty(DummyIndividual)}
5,89;{UndergraduateStudent(DummyIndividual),Lecturer(DummyIndividual)}
5,99;{UndergraduateStudent(DummyIndividual),Professor(DummyIndividual)}
5,99;{UndergraduateStudent(DummyIndividual),FullProfessor(DummyIndividual)}
5,99;{UndergraduateStudent(DummyIndividual),VisitingProfessor(DummyIndividual)}
5,99;{UndergraduateStudent(DummyIndividual),AssociateProfessor(DummyIndividual)}
6,10;{Chair(DummyIndividual),Student(DummyIndividual)}
6,28;{Chair(DummyIndividual),GraduateStudent(DummyIndividual)}
6,45;{PostDoc(DummyIndividual),Student(DummyIndividual)}
6,56;{PostDoc(DummyIndividual),GraduateStudent(DummyIndividual)}
6,66;{Faculty(DummyIndividual),GraduateStudent(DummyIndividual)}
6,66;{Lecturer(DummyIndividual),Student(DummyIndividual)}
6,97;{Dean(DummyIndividual),Student(DummyIndividual)}
7,08;{Dean(DummyIndividual),GraduateStudent(DummyIndividual)}
7,08;{Professor(DummyIndividual),Student(DummyIndividual)}
7,08;{Professor(DummyIndividual),GraduateStudent(DummyIndividual)}
7,08;{FullProfessor(DummyIndividual),Student(DummyIndividual)}
7,38;{VisitingProfessor(DummyIndividual),Student(DummyIndividual)}
7,38;{VisitingProfessor(DummyIndividual),GraduateStudent(DummyIndividual)}
7,48;{AssociateProfessor(DummyIndividual),Student(DummyIndividual)}
7,48;{AssociateProfessor(DummyIndividual),GraduateStudent(DummyIndividual)}
