0,88;{GraduateStudent(DummyIndividual),Chair(DummyIndividual)}
1,16;{GraduateStudent(DummyIndividual),AdministrativeStaff(DummyIndividual)}
1,53;{GraduateStudent(DummyIndividual),Faculty(DummyIndividual)}
1,79;{GraduateStudent(DummyIndividual),Employee(DummyIndividual)}
2,04;{GraduateStudent(DummyIndividual),FullProfessor(DummyIndividual)}
2,42;{UndergraduateStudent(DummyIndividual),ClericalStaff(DummyIndividual)}
2,63;{Dean(DummyIndividual),Student(DummyIndividual)}
2,63;{Dean(DummyIndividual),UndergraduateStudent(DummyIndividual)}
3,08;{AssociateProfessor(DummyIndividual),GraduateStudent(DummyIndividual)}
3,17;{Student(DummyIndividual),Employee(DummyIndividual)}
3,24;{Student(DummyIndividual),Director(DummyIndividual)}
5,23;{Student(DummyIndividual),AdministrativeStaff(DummyIndividual)}
5,23;{Student(DummyIndividual),AssistantProfessor(DummyIndividual)}
5,30;{Student(DummyIndividual),Chair(DummyIndividual)}
5,30;{Student(DummyIndividual),ClericalStaff(DummyIndividual)}
5,30;{Student(DummyIndividual),SystemsStaff(DummyIndividual)}
5,30;{Student(DummyIndividual),ResearchAssistant(DummyIndividual)}
5,30;{Student(DummyIndividual),PostDoc(DummyIndividual)}
5,41;{Student(DummyIndividual),Faculty(DummyIndividual)}
5,41;{Student(DummyIndividual),Lecturer(DummyIndividual)}
5,52;{Student(DummyIndividual),Professor(DummyIndividual)}
5,52;{Student(DummyIndividual),FullProfessor(DummyIndividual)}
5,52;{Student(DummyIndividual),VisitingProfessor(DummyIndividual)}
5,52;{Student(DummyIndividual),AssociateProfessor(DummyIndividual)}
5,52;{UndergraduateStudent(DummyIndividual),Employee(DummyIndividual)}
5,60;{UndergraduateStudent(DummyIndividual),Director(DummyIndividual)}
5,60;{UndergraduateStudent(DummyIndividual),AdministrativeStaff(DummyIndividual)}
5,60;{UndergraduateStudent(DummyIndividual),AssistantProfessor(DummyIndividual)}
5,60;{UndergraduateStudent(DummyIndividual),Chair(DummyIndividual)}
5,60;{UndergraduateStudent(DummyIndividual),SystemsStaff(DummyIndividual)}
5,70;{UndergraduateStudent(DummyIndividual),ResearchAssistant(DummyIndividual)}
5,70;{UndergraduateStudent(DummyIndividual),PostDoc(DummyIndividual)}
5,70;{UndergraduateStudent(DummyIndividual),Faculty(DummyIndividual)}
5,70;{UndergraduateStudent(DummyIndividual),Lecturer(DummyIndividual)}
5,80;{UndergraduateStudent(DummyIndividual),Professor(DummyIndividual)}
5,80;{UndergraduateStudent(DummyIndividual),FullProfessor(DummyIndividual)}
5,90;{UndergraduateStudent(DummyIndividual),VisitingProfessor(DummyIndividual)}
5,90;{UndergraduateStudent(DummyIndividual),AssociateProfessor(DummyIndividual)}
7,25;{ClericalStaff(DummyIndividual),GraduateStudent(DummyIndividual)}
7,35;{GraduateStudent(DummyIndividual),Director(DummyIndividual)}
7,46;{GraduateStudent(DummyIndividual),AssistantProfessor(DummyIndividual)}
7,46;{GraduateStudent(DummyIndividual),SystemsStaff(DummyIndividual)}
7,46;{GraduateStudent(DummyIndividual),ResearchAssistant(DummyIndividual)}
7,54;{GraduateStudent(DummyIndividual),PostDoc(DummyIndividual)}
7,54;{GraduateStudent(DummyIndividual),Lecturer(DummyIndividual)}
7,62;{GraduateStudent(DummyIndividual),Dean(DummyIndividual)}
7,62;{GraduateStudent(DummyIndividual),Professor(DummyIndividual)}
7,70;{GraduateStudent(DummyIndividual),VisitingProfessor(DummyIndividual)}
