0,60;{Student(DummyIndividual),Faculty(DummyIndividual)}
0,78;{Student(DummyIndividual),AssociateProfessor(DummyIndividual)}
1,09;{Employee(DummyIndividual),Student(DummyIndividual)}
1,39;{GraduateStudent(DummyIndividual),PostDoc(DummyIndividual)}
1,50;{Lecturer(DummyIndividual),GraduateStudent(DummyIndividual)}
1,70;{UndergraduateStudent(DummyIndividual),Chair(DummyIndividual)}
1,89;{Dean(DummyIndividual),UndergraduateStudent(DummyIndividual)}
2,08;{Student(DummyIndividual),Director(DummyIndividual)}
3,49;{Student(DummyIndividual),AdministrativeStaff(DummyIndividual)}
3,49;{Student(DummyIndividual),AssistantProfessor(DummyIndividual)}
3,49;{Student(DummyIndividual),Chair(DummyIndividual)}
3,49;{Student(DummyIndividual),ClericalStaff(DummyIndividual)}
3,49;{Student(DummyIndividual),SystemsStaff(DummyIndividual)}
3,49;{Student(DummyIndividual),ResearchAssistant(DummyIndividual)}
3,60;{Student(DummyIndividual),PostDoc(DummyIndividual)}
3,60;{Student(DummyIndividual),Lecturer(DummyIndividual)}
3,60;{Student(DummyIndividual),Dean(DummyIndividual)}
3,60;{Student(DummyIndividual),Professor(DummyIndividual)}
3,60;{Student(DummyIndividual),FullProfessor(DummyIndividual)}
3,71;{Student(DummyIndividual),VisitingProfessor(DummyIndividual)}
3,71;{UndergraduateStudent(DummyIndividual),Employee(DummyIndividual)}
3,71;{UndergraduateStudent(DummyIndividual),Director(DummyIndividual)}
3,71;{UndergraduateStudent(DummyIndividual),AdministrativeStaff(DummyIndividual)}
3,71;{UndergraduateStudent(DummyIndividual),AssistantProfessor(DummyIndividual)}
3,71;{UndergraduateStudent(DummyIndividual),ClericalStaff(DummyIndividual)}
3,71;{UndergraduateStudent(DummyIndividual),SystemsStaff(DummyIndividual)}
3,79;{UndergraduateStudent(DummyIndividual),ResearchAssistant(DummyIndividual)}
3,79;{UndergraduateStudent(DummyIndividual),PostDoc(DummyIndividual)}
3,79;{UndergraduateStudent(DummyIndividual),Faculty(DummyIndividual)}
3,79;{UndergraduateStudent(DummyIndividual),Lecturer(DummyIndividual)}
3,91;{UndergraduateStudent(DummyIndividual),Professor(DummyIndividual)}
3,91;{UndergraduateStudent(DummyIndividual),FullProfessor(DummyIndividual)}
3,91;{UndergraduateStudent(DummyIndividual),VisitingProfessor(DummyIndividual)}
3,91;{UndergraduateStudent(DummyIndividual),AssociateProfessor(DummyIndividual)}
4,62;{Chair(DummyIndividual),GraduateStudent(DummyIndividual)}
4,94;{GraduateStudent(DummyIndividual),Employee(DummyIndividual)}
4,94;{GraduateStudent(DummyIndividual),Director(DummyIndividual)}
4,94;{GraduateStudent(DummyIndividual),AdministrativeStaff(DummyIndividual)}
4,94;{GraduateStudent(DummyIndividual),AssistantProfessor(DummyIndividual)}
4,94;{GraduateStudent(DummyIndividual),ClericalStaff(DummyIndividual)}
4,94;{GraduateStudent(DummyIndividual),SystemsStaff(DummyIndividual)}
4,94;{GraduateStudent(DummyIndividual),ResearchAssistant(DummyIndividual)}
5,04;{GraduateStudent(DummyIndividual),Faculty(DummyIndividual)}
5,04;{GraduateStudent(DummyIndividual),Dean(DummyIndividual)}
5,04;{GraduateStudent(DummyIndividual),Professor(DummyIndividual)}
5,04;{GraduateStudent(DummyIndividual),FullProfessor(DummyIndividual)}
5,14;{GraduateStudent(DummyIndividual),VisitingProfessor(DummyIndividual)}
5,14;{GraduateStudent(DummyIndividual),AssociateProfessor(DummyIndividual)}
