0,93;{Research(DummyIndividual),AdministrativeStaff(DummyIndividual),TechnicalReport(DummyIndividual)}
1,30;{SystemsStaff(DummyIndividual),Course(DummyIndividual),Article(DummyIndividual)}
1,67;{JournalArticle(DummyIndividual),ClericalStaff(DummyIndividual),Course(DummyIndividual)}
1,85;{JournalArticle(DummyIndividual),ClericalStaff(DummyIndividual),Work(DummyIndividual)}
2,17;{JournalArticle(DummyIndividual),SystemsStaff(DummyIndividual),GraduateCourse(DummyIndividual)}
2,36;{JournalArticle(DummyIndividual),SystemsStaff(DummyIndividual),Research(DummyIndividual)}
4,09;{TechnicalReport(DummyIndividual),GraduateCourse(DummyIndividual),ClericalStaff(DummyIndividual)}
4,25;{ConferencePaper(DummyIndividual),GraduateCourse(DummyIndividual),ClericalStaff(DummyIndividual)}
4,49;{Article(DummyIndividual),GraduateCourse(DummyIndividual),ClericalStaff(DummyIndividual)}
4,73;{JournalArticle(DummyIndividual),GraduateCourse(DummyIndividual),ClericalStaff(DummyIndividual)}
6,56;{TechnicalReport(DummyIndividual),ClericalStaff(DummyIndividual),Work(DummyIndividual)}
6,56;{TechnicalReport(DummyIndividual),ClericalStaff(DummyIndividual),Course(DummyIndividual)}
6,56;{TechnicalReport(DummyIndividual),ClericalStaff(DummyIndividual),Research(DummyIndividual)}
6,56;{TechnicalReport(DummyIndividual),SystemsStaff(DummyIndividual),Work(DummyIndividual)}
6,56;{TechnicalReport(DummyIndividual),SystemsStaff(DummyIndividual),GraduateCourse(DummyIndividual)}
6,66;{TechnicalReport(DummyIndividual),SystemsStaff(DummyIndividual),Course(DummyIndividual)}
6,66;{TechnicalReport(DummyIndividual),SystemsStaff(DummyIndividual),Research(DummyIndividual)}
6,66;{TechnicalReport(DummyIndividual),Work(DummyIndividual),AdministrativeStaff(DummyIndividual)}
6,76;{TechnicalReport(DummyIndividual),GraduateCourse(DummyIndividual),AdministrativeStaff(DummyIndividual)}
7,07;{TechnicalReport(DummyIndividual),Course(DummyIndividual),AdministrativeStaff(DummyIndividual)}
7,63;{Work(DummyIndividual),Article(DummyIndividual),AdministrativeStaff(DummyIndividual)}
7,69;{Work(DummyIndividual),Article(DummyIndividual),ClericalStaff(DummyIndividual)}
7,69;{Work(DummyIndividual),Article(DummyIndividual),SystemsStaff(DummyIndividual)}
7,97;{Work(DummyIndividual),ConferencePaper(DummyIndividual),AdministrativeStaff(DummyIndividual)}
8,07;{Work(DummyIndividual),ConferencePaper(DummyIndividual),ClericalStaff(DummyIndividual)}
8,07;{Work(DummyIndividual),ConferencePaper(DummyIndividual),SystemsStaff(DummyIndividual)}
9,53;{Work(DummyIndividual),JournalArticle(DummyIndividual),AdministrativeStaff(DummyIndividual)}
9,53;{Work(DummyIndividual),JournalArticle(DummyIndividual),SystemsStaff(DummyIndividual)}
10,94;{GraduateCourse(DummyIndividual),Article(DummyIndividual),AdministrativeStaff(DummyIndividual)}
10,94;{GraduateCourse(DummyIndividual),Article(DummyIndividual),SystemsStaff(DummyIndividual)}
11,14;{GraduateCourse(DummyIndividual),ConferencePaper(DummyIndividual),AdministrativeStaff(DummyIndividual)}
11,14;{GraduateCourse(DummyIndividual),ConferencePaper(DummyIndividual),SystemsStaff(DummyIndividual)}
11,65;{GraduateCourse(DummyIndividual),JournalArticle(DummyIndividual),AdministrativeStaff(DummyIndividual)}
11,94;{Course(DummyIndividual),Article(DummyIndividual),AdministrativeStaff(DummyIndividual)}
12,06;{Course(DummyIndividual),Article(DummyIndividual),ClericalStaff(DummyIndividual)}
12,15;{Course(DummyIndividual),ConferencePaper(DummyIndividual),AdministrativeStaff(DummyIndividual)}
12,15;{Course(DummyIndividual),ConferencePaper(DummyIndividual),ClericalStaff(DummyIndividual)}
12,15;{Course(DummyIndividual),ConferencePaper(DummyIndividual),SystemsStaff(DummyIndividual)}
12,45;{Course(DummyIndividual),JournalArticle(DummyIndividual),AdministrativeStaff(DummyIndividual)}
12,45;{Course(DummyIndividual),JournalArticle(DummyIndividual),SystemsStaff(DummyIndividual)}
12,87;{Research(DummyIndividual),Article(DummyIndividual),AdministrativeStaff(DummyIndividual)}
12,87;{Research(DummyIndividual),Article(DummyIndividual),ClericalStaff(DummyIndividual)}
12,87;{Research(DummyIndividual),Article(DummyIndividual),SystemsStaff(DummyIndividual)}
12,97;{Research(DummyIndividual),ConferencePaper(DummyIndividual),AdministrativeStaff(DummyIndividual)}
12,97;{Research(DummyIndividual),ConferencePaper(DummyIndividual),ClericalStaff(DummyIndividual)}
12,97;{Research(DummyIndividual),ConferencePaper(DummyIndividual),SystemsStaff(DummyIndividual)}
13,17;{Research(DummyIndividual),ClericalStaff(DummyIndividual),JournalArticle(DummyIndividual)}
13,28;{Research(DummyIndividual),JournalArticle(DummyIndividual),AdministrativeStaff(DummyIndividual)}
