1,20;{ClericalStaff(DummyIndividual),Publication(DummyIndividual),ResearchGroup(DummyIndividual)}
1,47;{ClericalStaff(DummyIndividual),Publication(DummyIndividual),Organization(DummyIndividual)}
1,87;{SystemsStaff(DummyIndividual),Book(DummyIndividual),College(DummyIndividual)}
2,07;{SystemsStaff(DummyIndividual),College(DummyIndividual),Article(DummyIndividual)}
2,37;{SystemsStaff(DummyIndividual),College(DummyIndividual),UnofficialPublication(DummyIndividual)}
2,78;{JournalArticle(DummyIndividual),Department(DummyIndividual),SystemsStaff(DummyIndividual)}
3,06;{JournalArticle(DummyIndividual),Program(DummyIndividual),AdministrativeStaff(DummyIndividual)}
3,26;{JournalArticle(DummyIndividual),Program(DummyIndividual),ClericalStaff(DummyIndividual)}
5,38;{ConferencePaper(DummyIndividual),ClericalStaff(DummyIndividual),College(DummyIndividual)}
5,46;{Specification(DummyIndividual),ClericalStaff(DummyIndividual),College(DummyIndividual)}
5,77;{Publication(DummyIndividual),ClericalStaff(DummyIndividual),College(DummyIndividual)}
6,07;{Article(DummyIndividual),ClericalStaff(DummyIndividual),College(DummyIndividual)}
6,07;{Software(DummyIndividual),ClericalStaff(DummyIndividual),College(DummyIndividual)}
6,17;{UnofficialPublication(DummyIndividual),ClericalStaff(DummyIndividual),College(DummyIndividual)}
6,41;{Book(DummyIndividual),ClericalStaff(DummyIndividual),College(DummyIndividual)}
6,49;{Manual(DummyIndividual),ClericalStaff(DummyIndividual),College(DummyIndividual)}
6,60;{TechnicalReport(DummyIndividual),ClericalStaff(DummyIndividual),College(DummyIndividual)}
6,81;{JournalArticle(DummyIndividual),ClericalStaff(DummyIndividual),College(DummyIndividual)}
7,09;{ClericalStaff(DummyIndividual),Institute(DummyIndividual),Article(DummyIndividual)}
7,31;{SystemsStaff(DummyIndividual),Institute(DummyIndividual),Article(DummyIndividual)}
7,39;{AdministrativeStaff(DummyIndividual),Institute(DummyIndividual),Article(DummyIndividual)}
7,60;{UnofficialPublication(DummyIndividual),AdministrativeStaff(DummyIndividual),Organization(DummyIndividual)}
7,60;{UnofficialPublication(DummyIndividual),AdministrativeStaff(DummyIndividual),College(DummyIndividual)}
7,74;{UnofficialPublication(DummyIndividual),AdministrativeStaff(DummyIndividual),Program(DummyIndividual)}
7,74;{UnofficialPublication(DummyIndividual),AdministrativeStaff(DummyIndividual),Institute(DummyIndividual)}
7,74;{UnofficialPublication(DummyIndividual),AdministrativeStaff(DummyIndividual),University(DummyIndividual)}
7,74;{UnofficialPublication(DummyIndividual),AdministrativeStaff(DummyIndividual),Department(DummyIndividual)}
7,74;{UnofficialPublication(DummyIndividual),AdministrativeStaff(DummyIndividual),ResearchGroup(DummyIndividual)}
7,74;{UnofficialPublication(DummyIndividual),ClericalStaff(DummyIndividual),Organization(DummyIndividual)}
7,74;{UnofficialPublication(DummyIndividual),ClericalStaff(DummyIndividual),Program(DummyIndividual)}
7,74;{UnofficialPublication(DummyIndividual),ClericalStaff(DummyIndividual),Institute(DummyIndividual)}
7,85;{UnofficialPublication(DummyIndividual),ClericalStaff(DummyIndividual),University(DummyIndividual)}
7,85;{UnofficialPublication(DummyIndividual),ClericalStaff(DummyIndividual),Department(DummyIndividual)}
7,85;{UnofficialPublication(DummyIndividual),ClericalStaff(DummyIndividual),ResearchGroup(DummyIndividual)}
7,85;{UnofficialPublication(DummyIndividual),SystemsStaff(DummyIndividual),Organization(DummyIndividual)}
7,85;{UnofficialPublication(DummyIndividual),SystemsStaff(DummyIndividual),Program(DummyIndividual)}
7,85;{UnofficialPublication(DummyIndividual),SystemsStaff(DummyIndividual),Institute(DummyIndividual)}
7,85;{UnofficialPublication(DummyIndividual),SystemsStaff(DummyIndividual),University(DummyIndividual)}
7,85;{UnofficialPublication(DummyIndividual),SystemsStaff(DummyIndividual),Department(DummyIndividual)}
7,96;{UnofficialPublication(DummyIndividual),SystemsStaff(DummyIndividual),ResearchGroup(DummyIndividual)}
7,96;{AdministrativeStaff(DummyIndividual),Article(DummyIndividual),Organization(DummyIndividual)}
7,96;{AdministrativeStaff(DummyIndividual),Article(DummyIndividual),College(DummyIndividual)}
7,96;{AdministrativeStaff(DummyIndividual),Article(DummyIndividual),Program(DummyIndividual)}
8,09;{AdministrativeStaff(DummyIndividual),Article(DummyIndividual),University(DummyIndividual)}
8,09;{AdministrativeStaff(DummyIndividual),Article(DummyIndividual),Department(DummyIndividual)}
8,09;{AdministrativeStaff(DummyIndividual),Article(DummyIndividual),ResearchGroup(DummyIndividual)}
8,09;{AdministrativeStaff(DummyIndividual),ConferencePaper(DummyIndividual),Organization(DummyIndividual)}
8,09;{AdministrativeStaff(DummyIndividual),ConferencePaper(DummyIndividual),College(DummyIndividual)}
8,09;{AdministrativeStaff(DummyIndividual),ConferencePaper(DummyIndividual),Program(DummyIndividual)}
8,09;{AdministrativeStaff(DummyIndividual),ConferencePaper(DummyIndividual),Institute(DummyIndividual)}
8,09;{AdministrativeStaff(DummyIndividual),ConferencePaper(DummyIndividual),University(DummyIndividual)}
8,20;{AdministrativeStaff(DummyIndividual),ConferencePaper(DummyIndividual),Department(DummyIndividual)}
8,20;{AdministrativeStaff(DummyIndividual),ConferencePaper(DummyIndividual),ResearchGroup(DummyIndividual)}
8,20;{AdministrativeStaff(DummyIndividual),College(DummyIndividual),TechnicalReport(DummyIndividual)}
8,20;{AdministrativeStaff(DummyIndividual),College(DummyIndividual),JournalArticle(DummyIndividual)}
8,20;{AdministrativeStaff(DummyIndividual),College(DummyIndividual),Publication(DummyIndividual)}
8,20;{AdministrativeStaff(DummyIndividual),College(DummyIndividual),Book(DummyIndividual)}
8,20;{AdministrativeStaff(DummyIndividual),College(DummyIndividual),Manual(DummyIndividual)}
8,20;{AdministrativeStaff(DummyIndividual),College(DummyIndividual),Specification(DummyIndividual)}
8,30;{AdministrativeStaff(DummyIndividual),College(DummyIndividual),Software(DummyIndividual)}
8,30;{AdministrativeStaff(DummyIndividual),TechnicalReport(DummyIndividual),Organization(DummyIndividual)}
8,30;{AdministrativeStaff(DummyIndividual),TechnicalReport(DummyIndividual),Program(DummyIndividual)}
8,30;{AdministrativeStaff(DummyIndividual),TechnicalReport(DummyIndividual),Institute(DummyIndividual)}
8,30;{AdministrativeStaff(DummyIndividual),TechnicalReport(DummyIndividual),University(DummyIndividual)}
8,30;{AdministrativeStaff(DummyIndividual),TechnicalReport(DummyIndividual),Department(DummyIndividual)}
8,30;{AdministrativeStaff(DummyIndividual),TechnicalReport(DummyIndividual),ResearchGroup(DummyIndividual)}
8,42;{AdministrativeStaff(DummyIndividual),Institute(DummyIndividual),JournalArticle(DummyIndividual)}
8,42;{AdministrativeStaff(DummyIndividual),Institute(DummyIndividual),Publication(DummyIndividual)}
8,42;{AdministrativeStaff(DummyIndividual),Institute(DummyIndividual),Book(DummyIndividual)}
8,42;{AdministrativeStaff(DummyIndividual),Institute(DummyIndividual),Manual(DummyIndividual)}
8,42;{AdministrativeStaff(DummyIndividual),Institute(DummyIndividual),Specification(DummyIndividual)}
8,42;{AdministrativeStaff(DummyIndividual),Institute(DummyIndividual),Software(DummyIndividual)}
8,42;{AdministrativeStaff(DummyIndividual),JournalArticle(DummyIndividual),Organization(DummyIndividual)}
8,53;{AdministrativeStaff(DummyIndividual),JournalArticle(DummyIndividual),University(DummyIndividual)}
8,53;{AdministrativeStaff(DummyIndividual),JournalArticle(DummyIndividual),Department(DummyIndividual)}
8,53;{AdministrativeStaff(DummyIndividual),JournalArticle(DummyIndividual),ResearchGroup(DummyIndividual)}
8,53;{AdministrativeStaff(DummyIndividual),University(DummyIndividual),Publication(DummyIndividual)}
8,53;{AdministrativeStaff(DummyIndividual),University(DummyIndividual),Book(DummyIndividual)}
8,53;{AdministrativeStaff(DummyIndividual),University(DummyIndividual),Manual(DummyIndividual)}
8,53;{AdministrativeStaff(DummyIndividual),University(DummyIndividual),Specification(DummyIndividual)}
8,53;{AdministrativeStaff(DummyIndividual),University(DummyIndividual),Software(DummyIndividual)}
8,62;{AdministrativeStaff(DummyIndividual),Department(DummyIndividual),Publication(DummyIndividual)}
8,62;{AdministrativeStaff(DummyIndividual),Department(DummyIndividual),Book(DummyIndividual)}
8,62;{AdministrativeStaff(DummyIndividual),Department(DummyIndividual),Manual(DummyIndividual)}
8,62;{AdministrativeStaff(DummyIndividual),Department(DummyIndividual),Specification(DummyIndividual)}
8,62;{AdministrativeStaff(DummyIndividual),Department(DummyIndividual),Software(DummyIndividual)}
8,62;{AdministrativeStaff(DummyIndividual),Publication(DummyIndividual),Organization(DummyIndividual)}
8,72;{AdministrativeStaff(DummyIndividual),Publication(DummyIndividual),Program(DummyIndividual)}
8,72;{AdministrativeStaff(DummyIndividual),Publication(DummyIndividual),ResearchGroup(DummyIndividual)}
8,72;{AdministrativeStaff(DummyIndividual),Book(DummyIndividual),Organization(DummyIndividual)}
8,72;{AdministrativeStaff(DummyIndividual),Book(DummyIndividual),Program(DummyIndividual)}
8,72;{AdministrativeStaff(DummyIndividual),Book(DummyIndividual),ResearchGroup(DummyIndividual)}
8,72;{AdministrativeStaff(DummyIndividual),Manual(DummyIndividual),Organization(DummyIndividual)}
8,72;{AdministrativeStaff(DummyIndividual),Manual(DummyIndividual),Program(DummyIndividual)}
8,72;{AdministrativeStaff(DummyIndividual),Manual(DummyIndividual),ResearchGroup(DummyIndividual)}
8,72;{AdministrativeStaff(DummyIndividual),Specification(DummyIndividual),Organization(DummyIndividual)}
8,83;{AdministrativeStaff(DummyIndividual),Specification(DummyIndividual),Program(DummyIndividual)}
8,83;{AdministrativeStaff(DummyIndividual),Specification(DummyIndividual),ResearchGroup(DummyIndividual)}
8,83;{AdministrativeStaff(DummyIndividual),Software(DummyIndividual),Organization(DummyIndividual)}
8,83;{AdministrativeStaff(DummyIndividual),Software(DummyIndividual),Program(DummyIndividual)}
8,83;{AdministrativeStaff(DummyIndividual),Software(DummyIndividual),ResearchGroup(DummyIndividual)}
8,83;{ClericalStaff(DummyIndividual),Article(DummyIndividual),Organization(DummyIndividual)}
8,83;{ClericalStaff(DummyIndividual),Article(DummyIndividual),Program(DummyIndividual)}
8,83;{ClericalStaff(DummyIndividual),Article(DummyIndividual),University(DummyIndividual)}
8,83;{ClericalStaff(DummyIndividual),Article(DummyIndividual),Department(DummyIndividual)}
8,94;{ClericalStaff(DummyIndividual),Article(DummyIndividual),ResearchGroup(DummyIndividual)}
8,94;{ClericalStaff(DummyIndividual),ConferencePaper(DummyIndividual),Organization(DummyIndividual)}
8,94;{ClericalStaff(DummyIndividual),ConferencePaper(DummyIndividual),Program(DummyIndividual)}
8,94;{ClericalStaff(DummyIndividual),ConferencePaper(DummyIndividual),Institute(DummyIndividual)}
8,94;{ClericalStaff(DummyIndividual),ConferencePaper(DummyIndividual),University(DummyIndividual)}
8,94;{ClericalStaff(DummyIndividual),ConferencePaper(DummyIndividual),Department(DummyIndividual)}
8,94;{ClericalStaff(DummyIndividual),ConferencePaper(DummyIndividual),ResearchGroup(DummyIndividual)}
9,05;{ClericalStaff(DummyIndividual),TechnicalReport(DummyIndividual),Organization(DummyIndividual)}
9,05;{ClericalStaff(DummyIndividual),TechnicalReport(DummyIndividual),Program(DummyIndividual)}
9,05;{ClericalStaff(DummyIndividual),TechnicalReport(DummyIndividual),Institute(DummyIndividual)}
9,05;{ClericalStaff(DummyIndividual),TechnicalReport(DummyIndividual),University(DummyIndividual)}
9,05;{ClericalStaff(DummyIndividual),TechnicalReport(DummyIndividual),Department(DummyIndividual)}
9,05;{ClericalStaff(DummyIndividual),TechnicalReport(DummyIndividual),ResearchGroup(DummyIndividual)}
9,15;{ClericalStaff(DummyIndividual),Institute(DummyIndividual),JournalArticle(DummyIndividual)}
9,15;{ClericalStaff(DummyIndividual),Institute(DummyIndividual),Book(DummyIndividual)}
9,15;{ClericalStaff(DummyIndividual),Institute(DummyIndividual),Manual(DummyIndividual)}
9,15;{ClericalStaff(DummyIndividual),Institute(DummyIndividual),Specification(DummyIndividual)}
9,15;{ClericalStaff(DummyIndividual),Institute(DummyIndividual),Software(DummyIndividual)}
9,26;{ClericalStaff(DummyIndividual),JournalArticle(DummyIndividual),Organization(DummyIndividual)}
9,26;{ClericalStaff(DummyIndividual),JournalArticle(DummyIndividual),University(DummyIndividual)}
9,26;{ClericalStaff(DummyIndividual),JournalArticle(DummyIndividual),Department(DummyIndividual)}
9,26;{ClericalStaff(DummyIndividual),JournalArticle(DummyIndividual),ResearchGroup(DummyIndividual)}
9,26;{ClericalStaff(DummyIndividual),University(DummyIndividual),Publication(DummyIndividual)}
9,26;{ClericalStaff(DummyIndividual),University(DummyIndividual),Book(DummyIndividual)}
9,35;{ClericalStaff(DummyIndividual),University(DummyIndividual),Manual(DummyIndividual)}
9,35;{ClericalStaff(DummyIndividual),University(DummyIndividual),Specification(DummyIndividual)}
9,35;{ClericalStaff(DummyIndividual),University(DummyIndividual),Software(DummyIndividual)}
9,35;{ClericalStaff(DummyIndividual),Department(DummyIndividual),Publication(DummyIndividual)}
9,35;{ClericalStaff(DummyIndividual),Department(DummyIndividual),Book(DummyIndividual)}
9,46;{ClericalStaff(DummyIndividual),Department(DummyIndividual),Manual(DummyIndividual)}
9,46;{ClericalStaff(DummyIndividual),Department(DummyIndividual),Specification(DummyIndividual)}
9,46;{ClericalStaff(DummyIndividual),Department(DummyIndividual),Software(DummyIndividual)}
9,46;{ClericalStaff(DummyIndividual),Publication(DummyIndividual),Program(DummyIndividual)}
9,46;{ClericalStaff(DummyIndividual),Book(DummyIndividual),Organization(DummyIndividual)}
9,46;{ClericalStaff(DummyIndividual),Book(DummyIndividual),Program(DummyIndividual)}
9,46;{ClericalStaff(DummyIndividual),Book(DummyIndividual),ResearchGroup(DummyIndividual)}
9,58;{ClericalStaff(DummyIndividual),Manual(DummyIndividual),Organization(DummyIndividual)}
9,58;{ClericalStaff(DummyIndividual),Manual(DummyIndividual),Program(DummyIndividual)}
9,58;{ClericalStaff(DummyIndividual),Manual(DummyIndividual),ResearchGroup(DummyIndividual)}
9,58;{ClericalStaff(DummyIndividual),Specification(DummyIndividual),Organization(DummyIndividual)}
9,58;{ClericalStaff(DummyIndividual),Specification(DummyIndividual),Program(DummyIndividual)}
9,58;{ClericalStaff(DummyIndividual),Specification(DummyIndividual),ResearchGroup(DummyIndividual)}
9,68;{ClericalStaff(DummyIndividual),Software(DummyIndividual),Organization(DummyIndividual)}
9,68;{ClericalStaff(DummyIndividual),Software(DummyIndividual),Program(DummyIndividual)}
9,68;{ClericalStaff(DummyIndividual),Software(DummyIndividual),ResearchGroup(DummyIndividual)}
9,68;{SystemsStaff(DummyIndividual),Article(DummyIndividual),Organization(DummyIndividual)}
9,68;{SystemsStaff(DummyIndividual),Article(DummyIndividual),Program(DummyIndividual)}
9,68;{SystemsStaff(DummyIndividual),Article(DummyIndividual),University(DummyIndividual)}
9,68;{SystemsStaff(DummyIndividual),Article(DummyIndividual),Department(DummyIndividual)}
9,68;{SystemsStaff(DummyIndividual),Article(DummyIndividual),ResearchGroup(DummyIndividual)}
9,78;{SystemsStaff(DummyIndividual),ConferencePaper(DummyIndividual),Organization(DummyIndividual)}
9,78;{SystemsStaff(DummyIndividual),ConferencePaper(DummyIndividual),College(DummyIndividual)}
9,78;{SystemsStaff(DummyIndividual),ConferencePaper(DummyIndividual),Program(DummyIndividual)}
9,78;{SystemsStaff(DummyIndividual),ConferencePaper(DummyIndividual),Institute(DummyIndividual)}
9,78;{SystemsStaff(DummyIndividual),ConferencePaper(DummyIndividual),University(DummyIndividual)}
9,78;{SystemsStaff(DummyIndividual),ConferencePaper(DummyIndividual),Department(DummyIndividual)}
9,78;{SystemsStaff(DummyIndividual),ConferencePaper(DummyIndividual),ResearchGroup(DummyIndividual)}
9,78;{SystemsStaff(DummyIndividual),College(DummyIndividual),TechnicalReport(DummyIndividual)}
9,78;{SystemsStaff(DummyIndividual),College(DummyIndividual),JournalArticle(DummyIndividual)}
9,78;{SystemsStaff(DummyIndividual),College(DummyIndividual),Publication(DummyIndividual)}
9,88;{SystemsStaff(DummyIndividual),College(DummyIndividual),Manual(DummyIndividual)}
9,88;{SystemsStaff(DummyIndividual),College(DummyIndividual),Specification(DummyIndividual)}
9,88;{SystemsStaff(DummyIndividual),College(DummyIndividual),Software(DummyIndividual)}
9,88;{SystemsStaff(DummyIndividual),TechnicalReport(DummyIndividual),Organization(DummyIndividual)}
9,88;{SystemsStaff(DummyIndividual),TechnicalReport(DummyIndividual),Program(DummyIndividual)}
9,88;{SystemsStaff(DummyIndividual),TechnicalReport(DummyIndividual),Institute(DummyIndividual)}
9,88;{SystemsStaff(DummyIndividual),TechnicalReport(DummyIndividual),University(DummyIndividual)}
9,88;{SystemsStaff(DummyIndividual),TechnicalReport(DummyIndividual),Department(DummyIndividual)}
9,88;{SystemsStaff(DummyIndividual),TechnicalReport(DummyIndividual),ResearchGroup(DummyIndividual)}
10,00;{SystemsStaff(DummyIndividual),Program(DummyIndividual),JournalArticle(DummyIndividual)}
10,00;{SystemsStaff(DummyIndividual),Program(DummyIndividual),Publication(DummyIndividual)}
10,00;{SystemsStaff(DummyIndividual),Program(DummyIndividual),Book(DummyIndividual)}
10,00;{SystemsStaff(DummyIndividual),Program(DummyIndividual),Manual(DummyIndividual)}
10,08;{SystemsStaff(DummyIndividual),Program(DummyIndividual),Specification(DummyIndividual)}
10,08;{SystemsStaff(DummyIndividual),Program(DummyIndividual),Software(DummyIndividual)}
10,08;{SystemsStaff(DummyIndividual),Institute(DummyIndividual),JournalArticle(DummyIndividual)}
10,08;{SystemsStaff(DummyIndividual),Institute(DummyIndividual),Publication(DummyIndividual)}
10,08;{SystemsStaff(DummyIndividual),Institute(DummyIndividual),Book(DummyIndividual)}
10,08;{SystemsStaff(DummyIndividual),Institute(DummyIndividual),Manual(DummyIndividual)}
10,08;{SystemsStaff(DummyIndividual),Institute(DummyIndividual),Specification(DummyIndividual)}
10,08;{SystemsStaff(DummyIndividual),Institute(DummyIndividual),Software(DummyIndividual)}
10,08;{SystemsStaff(DummyIndividual),JournalArticle(DummyIndividual),Organization(DummyIndividual)}
10,19;{SystemsStaff(DummyIndividual),JournalArticle(DummyIndividual),University(DummyIndividual)}
10,19;{SystemsStaff(DummyIndividual),JournalArticle(DummyIndividual),ResearchGroup(DummyIndividual)}
10,19;{SystemsStaff(DummyIndividual),University(DummyIndividual),Publication(DummyIndividual)}
10,19;{SystemsStaff(DummyIndividual),University(DummyIndividual),Book(DummyIndividual)}
10,19;{SystemsStaff(DummyIndividual),University(DummyIndividual),Manual(DummyIndividual)}
10,19;{SystemsStaff(DummyIndividual),University(DummyIndividual),Specification(DummyIndividual)}
10,19;{SystemsStaff(DummyIndividual),University(DummyIndividual),Software(DummyIndividual)}
10,19;{SystemsStaff(DummyIndividual),Publication(DummyIndividual),Organization(DummyIndividual)}
10,31;{SystemsStaff(DummyIndividual),Publication(DummyIndividual),Department(DummyIndividual)}
10,31;{SystemsStaff(DummyIndividual),Publication(DummyIndividual),ResearchGroup(DummyIndividual)}
10,31;{SystemsStaff(DummyIndividual),Book(DummyIndividual),Organization(DummyIndividual)}
10,31;{SystemsStaff(DummyIndividual),Book(DummyIndividual),Department(DummyIndividual)}
10,31;{SystemsStaff(DummyIndividual),Book(DummyIndividual),ResearchGroup(DummyIndividual)}
10,41;{SystemsStaff(DummyIndividual),Manual(DummyIndividual),Organization(DummyIndividual)}
10,41;{SystemsStaff(DummyIndividual),Manual(DummyIndividual),Department(DummyIndividual)}
10,41;{SystemsStaff(DummyIndividual),Manual(DummyIndividual),ResearchGroup(DummyIndividual)}
10,41;{SystemsStaff(DummyIndividual),Specification(DummyIndividual),Organization(DummyIndividual)}
10,41;{SystemsStaff(DummyIndividual),Specification(DummyIndividual),Department(DummyIndividual)}
10,41;{SystemsStaff(DummyIndividual),Specification(DummyIndividual),ResearchGroup(DummyIndividual)}
10,41;{SystemsStaff(DummyIndividual),Software(DummyIndividual),Organization(DummyIndividual)}
10,41;{SystemsStaff(DummyIndividual),Software(DummyIndividual),Department(DummyIndividual)}
10,41;{SystemsStaff(DummyIndividual),Software(DummyIndividual),ResearchGroup(DummyIndividual)}
