1,42;{AssistantProfessor(DummyIndividual),Article(DummyIndividual)}
1,81;{JournalArticle(DummyIndividual),Employee(DummyIndividual)}
1,92;{JournalArticle(DummyIndividual),Professor(DummyIndividual)}
2,03;{JournalArticle(DummyIndividual),PostDoc(DummyIndividual)}
2,32;{SystemsStaff(DummyIndividual),JournalArticle(DummyIndividual)}
2,52;{ConferencePaper(DummyIndividual),Chair(DummyIndividual)}
2,61;{ConferencePaper(DummyIndividual),UndergraduateStudent(DummyIndividual)}
2,72;{Dean(DummyIndividual),ConferencePaper(DummyIndividual)}
2,83;{Article(DummyIndividual),Employee(DummyIndividual)}
2,94;{Article(DummyIndividual),Director(DummyIndividual)}
2,94;{Article(DummyIndividual),Person(DummyIndividual)}
2,94;{Article(DummyIndividual),Student(DummyIndividual)}
2,94;{Article(DummyIndividual),AdministrativeStaff(DummyIndividual)}
2,94;{Article(DummyIndividual),UndergraduateStudent(DummyIndividual)}
2,94;{Article(DummyIndividual),Chair(DummyIndividual)}
3,03;{Article(DummyIndividual),ClericalStaff(DummyIndividual)}
3,03;{Article(DummyIndividual),SystemsStaff(DummyIndividual)}
3,03;{Article(DummyIndividual),ResearchAssistant(DummyIndividual)}
5,91;{Article(DummyIndividual),PostDoc(DummyIndividual)}
5,91;{Article(DummyIndividual),Faculty(DummyIndividual)}
5,91;{Article(DummyIndividual),Lecturer(DummyIndividual)}
5,91;{Article(DummyIndividual),TeachingAssistant(DummyIndividual)}
5,91;{Article(DummyIndividual),Dean(DummyIndividual)}
5,91;{Article(DummyIndividual),GraduateStudent(DummyIndividual)}
5,91;{Article(DummyIndividual),Professor(DummyIndividual)}
6,01;{Article(DummyIndividual),FullProfessor(DummyIndividual)}
6,01;{Article(DummyIndividual),VisitingProfessor(DummyIndividual)}
6,01;{Article(DummyIndividual),AssociateProfessor(DummyIndividual)}
6,01;{ConferencePaper(DummyIndividual),Employee(DummyIndividual)}
6,01;{ConferencePaper(DummyIndividual),Director(DummyIndividual)}
6,01;{ConferencePaper(DummyIndividual),Person(DummyIndividual)}
6,01;{ConferencePaper(DummyIndividual),Student(DummyIndividual)}
6,01;{ConferencePaper(DummyIndividual),AdministrativeStaff(DummyIndividual)}
6,01;{ConferencePaper(DummyIndividual),AssistantProfessor(DummyIndividual)}
6,01;{ConferencePaper(DummyIndividual),ClericalStaff(DummyIndividual)}
6,12;{ConferencePaper(DummyIndividual),SystemsStaff(DummyIndividual)}
6,12;{ConferencePaper(DummyIndividual),ResearchAssistant(DummyIndividual)}
6,12;{ConferencePaper(DummyIndividual),PostDoc(DummyIndividual)}
6,12;{ConferencePaper(DummyIndividual),Faculty(DummyIndividual)}
6,12;{ConferencePaper(DummyIndividual),Lecturer(DummyIndividual)}
6,12;{ConferencePaper(DummyIndividual),TeachingAssistant(DummyIndividual)}
6,12;{ConferencePaper(DummyIndividual),GraduateStudent(DummyIndividual)}
6,12;{ConferencePaper(DummyIndividual),Professor(DummyIndividual)}
6,12;{ConferencePaper(DummyIndividual),FullProfessor(DummyIndividual)}
6,12;{ConferencePaper(DummyIndividual),VisitingProfessor(DummyIndividual)}
6,24;{ConferencePaper(DummyIndividual),AssociateProfessor(DummyIndividual)}
7,03;{UndergraduateStudent(DummyIndividual),TechnicalReport(DummyIndividual)}
7,03;{UndergraduateStudent(DummyIndividual),JournalArticle(DummyIndividual)}
7,03;{TechnicalReport(DummyIndividual),Employee(DummyIndividual)}
7,03;{TechnicalReport(DummyIndividual),Director(DummyIndividual)}
7,15;{TechnicalReport(DummyIndividual),Person(DummyIndividual)}
7,15;{TechnicalReport(DummyIndividual),Student(DummyIndividual)}
7,15;{TechnicalReport(DummyIndividual),AdministrativeStaff(DummyIndividual)}
7,15;{TechnicalReport(DummyIndividual),AssistantProfessor(DummyIndividual)}
7,15;{TechnicalReport(DummyIndividual),Chair(DummyIndividual)}
7,15;{TechnicalReport(DummyIndividual),ClericalStaff(DummyIndividual)}
7,15;{TechnicalReport(DummyIndividual),SystemsStaff(DummyIndividual)}
7,15;{TechnicalReport(DummyIndividual),ResearchAssistant(DummyIndividual)}
7,24;{TechnicalReport(DummyIndividual),PostDoc(DummyIndividual)}
7,24;{TechnicalReport(DummyIndividual),Faculty(DummyIndividual)}
7,24;{TechnicalReport(DummyIndividual),Lecturer(DummyIndividual)}
7,24;{TechnicalReport(DummyIndividual),TeachingAssistant(DummyIndividual)}
7,24;{TechnicalReport(DummyIndividual),Dean(DummyIndividual)}
7,24;{TechnicalReport(DummyIndividual),GraduateStudent(DummyIndividual)}
7,24;{TechnicalReport(DummyIndividual),Professor(DummyIndividual)}
7,24;{TechnicalReport(DummyIndividual),FullProfessor(DummyIndividual)}
7,35;{TechnicalReport(DummyIndividual),VisitingProfessor(DummyIndividual)}
7,35;{Chair(DummyIndividual),JournalArticle(DummyIndividual)}
7,35;{JournalArticle(DummyIndividual),Director(DummyIndividual)}
7,35;{JournalArticle(DummyIndividual),Person(DummyIndividual)}
7,35;{JournalArticle(DummyIndividual),Student(DummyIndividual)}
7,35;{JournalArticle(DummyIndividual),AdministrativeStaff(DummyIndividual)}
7,35;{JournalArticle(DummyIndividual),AssistantProfessor(DummyIndividual)}
7,35;{JournalArticle(DummyIndividual),ClericalStaff(DummyIndividual)}
7,35;{JournalArticle(DummyIndividual),ResearchAssistant(DummyIndividual)}
7,48;{JournalArticle(DummyIndividual),Faculty(DummyIndividual)}
7,48;{JournalArticle(DummyIndividual),Lecturer(DummyIndividual)}
7,48;{JournalArticle(DummyIndividual),TeachingAssistant(DummyIndividual)}
7,48;{JournalArticle(DummyIndividual),Dean(DummyIndividual)}
7,48;{JournalArticle(DummyIndividual),GraduateStudent(DummyIndividual)}
7,48;{JournalArticle(DummyIndividual),FullProfessor(DummyIndividual)}
7,48;{JournalArticle(DummyIndividual),VisitingProfessor(DummyIndividual)}
7,48;{JournalArticle(DummyIndividual),AssociateProfessor(DummyIndividual)}
