1,28;{University(DummyIndividual),GraduateCourse(DummyIndividual),Article(DummyIndividual)}
1,69;{University(DummyIndividual),GraduateCourse(DummyIndividual),ConferencePaper(DummyIndividual)}
2,05;{Course(DummyIndividual),JournalArticle(DummyIndividual),Program(DummyIndividual)}
3,86;{ResearchGroup(DummyIndividual),JournalArticle(DummyIndividual),GraduateCourse(DummyIndividual)}
3,96;{College(DummyIndividual),JournalArticle(DummyIndividual),GraduateCourse(DummyIndividual)}
4,27;{Program(DummyIndividual),JournalArticle(DummyIndividual),GraduateCourse(DummyIndividual)}
4,60;{Institute(DummyIndividual),JournalArticle(DummyIndividual),GraduateCourse(DummyIndividual)}
4,69;{Organization(DummyIndividual),JournalArticle(DummyIndividual),GraduateCourse(DummyIndividual)}
4,91;{Department(DummyIndividual),JournalArticle(DummyIndividual),GraduateCourse(DummyIndividual)}
5,10;{University(DummyIndividual),JournalArticle(DummyIndividual),GraduateCourse(DummyIndividual)}
5,78;{Course(DummyIndividual),JournalArticle(DummyIndividual),Institute(DummyIndividual)}
5,88;{Article(DummyIndividual),College(DummyIndividual),GraduateCourse(DummyIndividual)}
6,00;{Article(DummyIndividual),College(DummyIndividual),Course(DummyIndividual)}
6,00;{Article(DummyIndividual),GraduateCourse(DummyIndividual),Organization(DummyIndividual)}
6,00;{Article(DummyIndividual),GraduateCourse(DummyIndividual),Program(DummyIndividual)}
6,00;{Article(DummyIndividual),GraduateCourse(DummyIndividual),Institute(DummyIndividual)}
6,00;{Article(DummyIndividual),GraduateCourse(DummyIndividual),Department(DummyIndividual)}
6,00;{Article(DummyIndividual),GraduateCourse(DummyIndividual),ResearchGroup(DummyIndividual)}
6,09;{Article(DummyIndividual),Institute(DummyIndividual),Course(DummyIndividual)}
6,09;{Article(DummyIndividual),University(DummyIndividual),Course(DummyIndividual)}
6,09;{Article(DummyIndividual),Course(DummyIndividual),Organization(DummyIndividual)}
6,09;{Article(DummyIndividual),Course(DummyIndividual),Program(DummyIndividual)}
6,09;{Article(DummyIndividual),Course(DummyIndividual),Department(DummyIndividual)}
6,20;{Article(DummyIndividual),Course(DummyIndividual),ResearchGroup(DummyIndividual)}
6,20;{ConferencePaper(DummyIndividual),Organization(DummyIndividual),GraduateCourse(DummyIndividual)}
6,20;{ConferencePaper(DummyIndividual),Organization(DummyIndividual),Course(DummyIndividual)}
6,20;{ConferencePaper(DummyIndividual),College(DummyIndividual),GraduateCourse(DummyIndividual)}
6,29;{ConferencePaper(DummyIndividual),College(DummyIndividual),Course(DummyIndividual)}
6,29;{ConferencePaper(DummyIndividual),Program(DummyIndividual),GraduateCourse(DummyIndividual)}
6,29;{ConferencePaper(DummyIndividual),Program(DummyIndividual),Course(DummyIndividual)}
6,29;{ConferencePaper(DummyIndividual),Institute(DummyIndividual),GraduateCourse(DummyIndividual)}
6,29;{ConferencePaper(DummyIndividual),Institute(DummyIndividual),Course(DummyIndividual)}
6,29;{ConferencePaper(DummyIndividual),University(DummyIndividual),Course(DummyIndividual)}
6,40;{ConferencePaper(DummyIndividual),Department(DummyIndividual),GraduateCourse(DummyIndividual)}
6,40;{ConferencePaper(DummyIndividual),Department(DummyIndividual),Course(DummyIndividual)}
6,40;{ConferencePaper(DummyIndividual),ResearchGroup(DummyIndividual),GraduateCourse(DummyIndividual)}
6,40;{ConferencePaper(DummyIndividual),ResearchGroup(DummyIndividual),Course(DummyIndividual)}
6,40;{TechnicalReport(DummyIndividual),Organization(DummyIndividual),GraduateCourse(DummyIndividual)}
6,50;{TechnicalReport(DummyIndividual),Organization(DummyIndividual),Course(DummyIndividual)}
6,50;{TechnicalReport(DummyIndividual),College(DummyIndividual),GraduateCourse(DummyIndividual)}
6,50;{TechnicalReport(DummyIndividual),College(DummyIndividual),Course(DummyIndividual)}
6,50;{TechnicalReport(DummyIndividual),Program(DummyIndividual),GraduateCourse(DummyIndividual)}
6,50;{TechnicalReport(DummyIndividual),Program(DummyIndividual),Course(DummyIndividual)}
6,50;{TechnicalReport(DummyIndividual),Institute(DummyIndividual),GraduateCourse(DummyIndividual)}
6,61;{TechnicalReport(DummyIndividual),Institute(DummyIndividual),Course(DummyIndividual)}
6,61;{TechnicalReport(DummyIndividual),University(DummyIndividual),Course(DummyIndividual)}
6,61;{TechnicalReport(DummyIndividual),Department(DummyIndividual),GraduateCourse(DummyIndividual)}
6,61;{TechnicalReport(DummyIndividual),Department(DummyIndividual),Course(DummyIndividual)}
6,61;{TechnicalReport(DummyIndividual),ResearchGroup(DummyIndividual),GraduateCourse(DummyIndividual)}
6,73;{TechnicalReport(DummyIndividual),ResearchGroup(DummyIndividual),Course(DummyIndividual)}
6,73;{JournalArticle(DummyIndividual),College(DummyIndividual),Course(DummyIndividual)}
6,73;{JournalArticle(DummyIndividual),University(DummyIndividual),Course(DummyIndividual)}
6,73;{JournalArticle(DummyIndividual),Course(DummyIndividual),Organization(DummyIndividual)}
6,83;{JournalArticle(DummyIndividual),Course(DummyIndividual),Department(DummyIndividual)}
6,83;{JournalArticle(DummyIndividual),Course(DummyIndividual),ResearchGroup(DummyIndividual)}
