1,34;{ClericalStaff(DummyIndividual),Publication(DummyIndividual),Organization(DummyIndividual)}
1,54;{ClericalStaff(DummyIndividual),Publication(DummyIndividual),Program(DummyIndividual)}
1,85;{ClericalStaff(DummyIndividual),Publication(DummyIndividual),ResearchGroup(DummyIndividual)}
2,13;{ClericalStaff(DummyIndividual),Specification(DummyIndividual),College(DummyIndividual)}
2,43;{Book(DummyIndividual),SystemsStaff(DummyIndividual),Institute(DummyIndividual)}
2,84;{University(DummyIndividual),ConferencePaper(DummyIndividual),SystemsStaff(DummyIndividual)}
3,24;{University(DummyIndividual),UnofficialPublication(DummyIndividual),ClericalStaff(DummyIndividual)}
3,62;{University(DummyIndividual),UnofficialPublication(DummyIndividual),AdministrativeStaff(DummyIndividual)}
3,82;{Article(DummyIndividual),AdministrativeStaff(DummyIndividual),Department(DummyIndividual)}
3,82;{Software(DummyIndividual),AdministrativeStaff(DummyIndividual),Department(DummyIndividual)}
4,03;{Manual(DummyIndividual),AdministrativeStaff(DummyIndividual),Department(DummyIndividual)}
4,21;{Publication(DummyIndividual),AdministrativeStaff(DummyIndividual),Department(DummyIndividual)}
4,21;{Specification(DummyIndividual),AdministrativeStaff(DummyIndividual),Department(DummyIndividual)}
4,51;{TechnicalReport(DummyIndividual),AdministrativeStaff(DummyIndividual),Department(DummyIndividual)}
4,61;{UnofficialPublication(DummyIndividual),AdministrativeStaff(DummyIndividual),Department(DummyIndividual)}
4,71;{Book(DummyIndividual),AdministrativeStaff(DummyIndividual),Department(DummyIndividual)}
4,91;{JournalArticle(DummyIndividual),AdministrativeStaff(DummyIndividual),Department(DummyIndividual)}
5,03;{ConferencePaper(DummyIndividual),AdministrativeStaff(DummyIndividual),Department(DummyIndividual)}
5,31;{SystemsStaff(DummyIndividual),College(DummyIndividual),ConferencePaper(DummyIndividual)}
5,51;{AdministrativeStaff(DummyIndividual),College(DummyIndividual),ConferencePaper(DummyIndividual)}
5,70;{ClericalStaff(DummyIndividual),College(DummyIndividual),ConferencePaper(DummyIndividual)}
6,12;{Program(DummyIndividual),ClericalStaff(DummyIndividual),ConferencePaper(DummyIndividual)}
6,20;{ResearchGroup(DummyIndividual),ClericalStaff(DummyIndividual),ConferencePaper(DummyIndividual)}
6,42;{Organization(DummyIndividual),ClericalStaff(DummyIndividual),ConferencePaper(DummyIndividual)}
6,94;{University(DummyIndividual),ClericalStaff(DummyIndividual),ConferencePaper(DummyIndividual)}
6,94;{Institute(DummyIndividual),ClericalStaff(DummyIndividual),ConferencePaper(DummyIndividual)}
7,03;{Department(DummyIndividual),ClericalStaff(DummyIndividual),ConferencePaper(DummyIndividual)}
7,24;{AdministrativeStaff(DummyIndividual),Article(DummyIndividual),Organization(DummyIndividual)}
7,24;{AdministrativeStaff(DummyIndividual),Article(DummyIndividual),College(DummyIndividual)}
7,24;{AdministrativeStaff(DummyIndividual),Article(DummyIndividual),Program(DummyIndividual)}
7,24;{AdministrativeStaff(DummyIndividual),Article(DummyIndividual),Institute(DummyIndividual)}
7,24;{AdministrativeStaff(DummyIndividual),Article(DummyIndividual),University(DummyIndividual)}
7,24;{AdministrativeStaff(DummyIndividual),Article(DummyIndividual),ResearchGroup(DummyIndividual)}
7,35;{AdministrativeStaff(DummyIndividual),ConferencePaper(DummyIndividual),Organization(DummyIndividual)}
7,35;{AdministrativeStaff(DummyIndividual),ConferencePaper(DummyIndividual),Program(DummyIndividual)}
7,35;{AdministrativeStaff(DummyIndividual),ConferencePaper(DummyIndividual),Institute(DummyIndividual)}
7,35;{AdministrativeStaff(DummyIndividual),ConferencePaper(DummyIndividual),University(DummyIndividual)}
7,35;{AdministrativeStaff(DummyIndividual),ConferencePaper(DummyIndividual),ResearchGroup(DummyIndividual)}
7,35;{AdministrativeStaff(DummyIndividual),UnofficialPublication(DummyIndividual),Organization(DummyIndividual)}
7,43;{AdministrativeStaff(DummyIndividual),UnofficialPublication(DummyIndividual),College(DummyIndividual)}
7,43;{AdministrativeStaff(DummyIndividual),UnofficialPublication(DummyIndividual),Program(DummyIndividual)}
7,43;{AdministrativeStaff(DummyIndividual),UnofficialPublication(DummyIndividual),Institute(DummyIndividual)}
7,43;{AdministrativeStaff(DummyIndividual),UnofficialPublication(DummyIndividual),ResearchGroup(DummyIndividual)}
7,43;{AdministrativeStaff(DummyIndividual),College(DummyIndividual),TechnicalReport(DummyIndividual)}
7,43;{AdministrativeStaff(DummyIndividual),College(DummyIndividual),JournalArticle(DummyIndividual)}
7,43;{AdministrativeStaff(DummyIndividual),College(DummyIndividual),Publication(DummyIndividual)}
7,43;{AdministrativeStaff(DummyIndividual),College(DummyIndividual),Book(DummyIndividual)}
7,55;{AdministrativeStaff(DummyIndividual),College(DummyIndividual),Manual(DummyIndividual)}
7,55;{AdministrativeStaff(DummyIndividual),College(DummyIndividual),Specification(DummyIndividual)}
7,55;{AdministrativeStaff(DummyIndividual),College(DummyIndividual),Software(DummyIndividual)}
7,55;{AdministrativeStaff(DummyIndividual),TechnicalReport(DummyIndividual),Organization(DummyIndividual)}
7,55;{AdministrativeStaff(DummyIndividual),TechnicalReport(DummyIndividual),Program(DummyIndividual)}
7,55;{AdministrativeStaff(DummyIndividual),TechnicalReport(DummyIndividual),Institute(DummyIndividual)}
7,55;{AdministrativeStaff(DummyIndividual),TechnicalReport(DummyIndividual),University(DummyIndividual)}
7,55;{AdministrativeStaff(DummyIndividual),TechnicalReport(DummyIndividual),ResearchGroup(DummyIndividual)}
7,65;{AdministrativeStaff(DummyIndividual),Program(DummyIndividual),JournalArticle(DummyIndividual)}
7,65;{AdministrativeStaff(DummyIndividual),Program(DummyIndividual),Publication(DummyIndividual)}
7,65;{AdministrativeStaff(DummyIndividual),Program(DummyIndividual),Book(DummyIndividual)}
7,65;{AdministrativeStaff(DummyIndividual),Program(DummyIndividual),Manual(DummyIndividual)}
7,78;{AdministrativeStaff(DummyIndividual),Program(DummyIndividual),Specification(DummyIndividual)}
7,78;{AdministrativeStaff(DummyIndividual),Program(DummyIndividual),Software(DummyIndividual)}
7,78;{AdministrativeStaff(DummyIndividual),Institute(DummyIndividual),JournalArticle(DummyIndividual)}
7,78;{AdministrativeStaff(DummyIndividual),Institute(DummyIndividual),Publication(DummyIndividual)}
7,87;{AdministrativeStaff(DummyIndividual),Institute(DummyIndividual),Book(DummyIndividual)}
7,87;{AdministrativeStaff(DummyIndividual),Institute(DummyIndividual),Manual(DummyIndividual)}
7,87;{AdministrativeStaff(DummyIndividual),Institute(DummyIndividual),Specification(DummyIndividual)}
7,87;{AdministrativeStaff(DummyIndividual),Institute(DummyIndividual),Software(DummyIndividual)}
7,87;{AdministrativeStaff(DummyIndividual),JournalArticle(DummyIndividual),University(DummyIndividual)}
7,87;{AdministrativeStaff(DummyIndividual),JournalArticle(DummyIndividual),ResearchGroup(DummyIndividual)}
7,96;{AdministrativeStaff(DummyIndividual),Publication(DummyIndividual),Organization(DummyIndividual)}
7,96;{AdministrativeStaff(DummyIndividual),Publication(DummyIndividual),University(DummyIndividual)}
7,96;{AdministrativeStaff(DummyIndividual),Publication(DummyIndividual),ResearchGroup(DummyIndividual)}
7,96;{AdministrativeStaff(DummyIndividual),Book(DummyIndividual),Organization(DummyIndividual)}
7,96;{AdministrativeStaff(DummyIndividual),Book(DummyIndividual),University(DummyIndividual)}
8,08;{AdministrativeStaff(DummyIndividual),Book(DummyIndividual),ResearchGroup(DummyIndividual)}
8,08;{AdministrativeStaff(DummyIndividual),Manual(DummyIndividual),Organization(DummyIndividual)}
8,08;{AdministrativeStaff(DummyIndividual),Manual(DummyIndividual),University(DummyIndividual)}
8,08;{AdministrativeStaff(DummyIndividual),Manual(DummyIndividual),ResearchGroup(DummyIndividual)}
8,08;{AdministrativeStaff(DummyIndividual),Specification(DummyIndividual),Organization(DummyIndividual)}
8,08;{AdministrativeStaff(DummyIndividual),Specification(DummyIndividual),University(DummyIndividual)}
8,20;{AdministrativeStaff(DummyIndividual),Specification(DummyIndividual),ResearchGroup(DummyIndividual)}
8,20;{AdministrativeStaff(DummyIndividual),Software(DummyIndividual),Organization(DummyIndividual)}
8,20;{AdministrativeStaff(DummyIndividual),Software(DummyIndividual),University(DummyIndividual)}
8,20;{AdministrativeStaff(DummyIndividual),Software(DummyIndividual),ResearchGroup(DummyIndividual)}
8,20;{College(DummyIndividual),Article(DummyIndividual),ClericalStaff(DummyIndividual)}
8,20;{College(DummyIndividual),Article(DummyIndividual),SystemsStaff(DummyIndividual)}
8,32;{College(DummyIndividual),TechnicalReport(DummyIndividual),ClericalStaff(DummyIndividual)}
8,32;{College(DummyIndividual),TechnicalReport(DummyIndividual),SystemsStaff(DummyIndividual)}
8,32;{College(DummyIndividual),ClericalStaff(DummyIndividual),UnofficialPublication(DummyIndividual)}
8,45;{College(DummyIndividual),ClericalStaff(DummyIndividual),JournalArticle(DummyIndividual)}
8,45;{College(DummyIndividual),ClericalStaff(DummyIndividual),Publication(DummyIndividual)}
8,45;{College(DummyIndividual),ClericalStaff(DummyIndividual),Book(DummyIndividual)}
8,45;{College(DummyIndividual),ClericalStaff(DummyIndividual),Manual(DummyIndividual)}
8,45;{College(DummyIndividual),ClericalStaff(DummyIndividual),Software(DummyIndividual)}
8,45;{College(DummyIndividual),SystemsStaff(DummyIndividual),UnofficialPublication(DummyIndividual)}
8,45;{College(DummyIndividual),SystemsStaff(DummyIndividual),JournalArticle(DummyIndividual)}
8,45;{College(DummyIndividual),SystemsStaff(DummyIndividual),Publication(DummyIndividual)}
8,54;{College(DummyIndividual),SystemsStaff(DummyIndividual),Book(DummyIndividual)}
8,54;{College(DummyIndividual),SystemsStaff(DummyIndividual),Manual(DummyIndividual)}
8,54;{College(DummyIndividual),SystemsStaff(DummyIndividual),Specification(DummyIndividual)}
8,54;{College(DummyIndividual),SystemsStaff(DummyIndividual),Software(DummyIndividual)}
8,65;{ClericalStaff(DummyIndividual),Article(DummyIndividual),Organization(DummyIndividual)}
8,65;{ClericalStaff(DummyIndividual),Article(DummyIndividual),Program(DummyIndividual)}
8,65;{ClericalStaff(DummyIndividual),Article(DummyIndividual),Institute(DummyIndividual)}
8,77;{ClericalStaff(DummyIndividual),Article(DummyIndividual),University(DummyIndividual)}
8,77;{ClericalStaff(DummyIndividual),Article(DummyIndividual),Department(DummyIndividual)}
8,77;{ClericalStaff(DummyIndividual),Article(DummyIndividual),ResearchGroup(DummyIndividual)}
8,77;{ClericalStaff(DummyIndividual),UnofficialPublication(DummyIndividual),Organization(DummyIndividual)}
8,77;{ClericalStaff(DummyIndividual),UnofficialPublication(DummyIndividual),Program(DummyIndividual)}
8,77;{ClericalStaff(DummyIndividual),UnofficialPublication(DummyIndividual),Institute(DummyIndividual)}
8,77;{ClericalStaff(DummyIndividual),UnofficialPublication(DummyIndividual),Department(DummyIndividual)}
8,87;{ClericalStaff(DummyIndividual),UnofficialPublication(DummyIndividual),ResearchGroup(DummyIndividual)}
8,87;{ClericalStaff(DummyIndividual),TechnicalReport(DummyIndividual),Organization(DummyIndividual)}
8,87;{ClericalStaff(DummyIndividual),TechnicalReport(DummyIndividual),Program(DummyIndividual)}
8,87;{ClericalStaff(DummyIndividual),TechnicalReport(DummyIndividual),Institute(DummyIndividual)}
8,87;{ClericalStaff(DummyIndividual),TechnicalReport(DummyIndividual),University(DummyIndividual)}
8,97;{ClericalStaff(DummyIndividual),TechnicalReport(DummyIndividual),Department(DummyIndividual)}
8,97;{ClericalStaff(DummyIndividual),TechnicalReport(DummyIndividual),ResearchGroup(DummyIndividual)}
8,97;{ClericalStaff(DummyIndividual),Program(DummyIndividual),JournalArticle(DummyIndividual)}
8,97;{ClericalStaff(DummyIndividual),Program(DummyIndividual),Book(DummyIndividual)}
9,09;{ClericalStaff(DummyIndividual),Program(DummyIndividual),Manual(DummyIndividual)}
9,09;{ClericalStaff(DummyIndividual),Program(DummyIndividual),Specification(DummyIndividual)}
9,09;{ClericalStaff(DummyIndividual),Program(DummyIndividual),Software(DummyIndividual)}
9,09;{ClericalStaff(DummyIndividual),Institute(DummyIndividual),JournalArticle(DummyIndividual)}
9,09;{ClericalStaff(DummyIndividual),Institute(DummyIndividual),Publication(DummyIndividual)}
9,09;{ClericalStaff(DummyIndividual),Institute(DummyIndividual),Book(DummyIndividual)}
9,09;{ClericalStaff(DummyIndividual),Institute(DummyIndividual),Manual(DummyIndividual)}
9,09;{ClericalStaff(DummyIndividual),Institute(DummyIndividual),Specification(DummyIndividual)}
9,21;{ClericalStaff(DummyIndividual),Institute(DummyIndividual),Software(DummyIndividual)}
9,21;{ClericalStaff(DummyIndividual),JournalArticle(DummyIndividual),Organization(DummyIndividual)}
9,21;{ClericalStaff(DummyIndividual),JournalArticle(DummyIndividual),University(DummyIndividual)}
9,21;{ClericalStaff(DummyIndividual),JournalArticle(DummyIndividual),Department(DummyIndividual)}
9,21;{ClericalStaff(DummyIndividual),JournalArticle(DummyIndividual),ResearchGroup(DummyIndividual)}
9,21;{ClericalStaff(DummyIndividual),Department(DummyIndividual),Publication(DummyIndividual)}
9,31;{ClericalStaff(DummyIndividual),Department(DummyIndividual),Book(DummyIndividual)}
9,31;{ClericalStaff(DummyIndividual),Department(DummyIndividual),Manual(DummyIndividual)}
9,31;{ClericalStaff(DummyIndividual),Department(DummyIndividual),Specification(DummyIndividual)}
9,31;{ClericalStaff(DummyIndividual),Department(DummyIndividual),Software(DummyIndividual)}
9,31;{ClericalStaff(DummyIndividual),Publication(DummyIndividual),University(DummyIndividual)}
9,31;{ClericalStaff(DummyIndividual),Book(DummyIndividual),Organization(DummyIndividual)}
9,31;{ClericalStaff(DummyIndividual),Book(DummyIndividual),University(DummyIndividual)}
9,31;{ClericalStaff(DummyIndividual),Book(DummyIndividual),ResearchGroup(DummyIndividual)}
9,40;{ClericalStaff(DummyIndividual),Manual(DummyIndividual),Organization(DummyIndividual)}
9,40;{ClericalStaff(DummyIndividual),Manual(DummyIndividual),University(DummyIndividual)}
9,40;{ClericalStaff(DummyIndividual),Manual(DummyIndividual),ResearchGroup(DummyIndividual)}
9,40;{ClericalStaff(DummyIndividual),Specification(DummyIndividual),Organization(DummyIndividual)}
9,51;{ClericalStaff(DummyIndividual),Specification(DummyIndividual),University(DummyIndividual)}
9,51;{ClericalStaff(DummyIndividual),Specification(DummyIndividual),ResearchGroup(DummyIndividual)}
9,51;{ClericalStaff(DummyIndividual),Software(DummyIndividual),Organization(DummyIndividual)}
9,51;{ClericalStaff(DummyIndividual),Software(DummyIndividual),University(DummyIndividual)}
9,51;{ClericalStaff(DummyIndividual),Software(DummyIndividual),ResearchGroup(DummyIndividual)}
9,62;{SystemsStaff(DummyIndividual),Organization(DummyIndividual),Article(DummyIndividual)}
9,62;{SystemsStaff(DummyIndividual),Organization(DummyIndividual),ConferencePaper(DummyIndividual)}
9,62;{SystemsStaff(DummyIndividual),Organization(DummyIndividual),UnofficialPublication(DummyIndividual)}
9,62;{SystemsStaff(DummyIndividual),Organization(DummyIndividual),TechnicalReport(DummyIndividual)}
9,62;{SystemsStaff(DummyIndividual),Organization(DummyIndividual),JournalArticle(DummyIndividual)}
9,62;{SystemsStaff(DummyIndividual),Organization(DummyIndividual),Publication(DummyIndividual)}
9,62;{SystemsStaff(DummyIndividual),Organization(DummyIndividual),Book(DummyIndividual)}
9,62;{SystemsStaff(DummyIndividual),Organization(DummyIndividual),Manual(DummyIndividual)}
9,72;{SystemsStaff(DummyIndividual),Organization(DummyIndividual),Specification(DummyIndividual)}
9,72;{SystemsStaff(DummyIndividual),Organization(DummyIndividual),Software(DummyIndividual)}
9,72;{SystemsStaff(DummyIndividual),UnofficialPublication(DummyIndividual),Program(DummyIndividual)}
9,72;{SystemsStaff(DummyIndividual),UnofficialPublication(DummyIndividual),Institute(DummyIndividual)}
9,72;{SystemsStaff(DummyIndividual),UnofficialPublication(DummyIndividual),University(DummyIndividual)}
9,72;{SystemsStaff(DummyIndividual),UnofficialPublication(DummyIndividual),Department(DummyIndividual)}
9,81;{SystemsStaff(DummyIndividual),UnofficialPublication(DummyIndividual),ResearchGroup(DummyIndividual)}
9,81;{SystemsStaff(DummyIndividual),TechnicalReport(DummyIndividual),Program(DummyIndividual)}
9,81;{SystemsStaff(DummyIndividual),TechnicalReport(DummyIndividual),Institute(DummyIndividual)}
9,81;{SystemsStaff(DummyIndividual),TechnicalReport(DummyIndividual),University(DummyIndividual)}
9,81;{SystemsStaff(DummyIndividual),TechnicalReport(DummyIndividual),Department(DummyIndividual)}
9,90;{SystemsStaff(DummyIndividual),TechnicalReport(DummyIndividual),ResearchGroup(DummyIndividual)}
9,90;{SystemsStaff(DummyIndividual),Program(DummyIndividual),Article(DummyIndividual)}
9,90;{SystemsStaff(DummyIndividual),Program(DummyIndividual),ConferencePaper(DummyIndividual)}
9,90;{SystemsStaff(DummyIndividual),Program(DummyIndividual),JournalArticle(DummyIndividual)}
9,99;{SystemsStaff(DummyIndividual),Program(DummyIndividual),Publication(DummyIndividual)}
9,99;{SystemsStaff(DummyIndividual),Program(DummyIndividual),Book(DummyIndividual)}
9,99;{SystemsStaff(DummyIndividual),Program(DummyIndividual),Manual(DummyIndividual)}
9,99;{SystemsStaff(DummyIndividual),Program(DummyIndividual),Specification(DummyIndividual)}
9,99;{SystemsStaff(DummyIndividual),Program(DummyIndividual),Software(DummyIndividual)}
9,99;{SystemsStaff(DummyIndividual),Institute(DummyIndividual),Article(DummyIndividual)}
9,99;{SystemsStaff(DummyIndividual),Institute(DummyIndividual),ConferencePaper(DummyIndividual)}
9,99;{SystemsStaff(DummyIndividual),Institute(DummyIndividual),JournalArticle(DummyIndividual)}
10,10;{SystemsStaff(DummyIndividual),Institute(DummyIndividual),Publication(DummyIndividual)}
10,10;{SystemsStaff(DummyIndividual),Institute(DummyIndividual),Manual(DummyIndividual)}
10,10;{SystemsStaff(DummyIndividual),Institute(DummyIndividual),Specification(DummyIndividual)}
10,10;{SystemsStaff(DummyIndividual),Institute(DummyIndividual),Software(DummyIndividual)}
10,10;{SystemsStaff(DummyIndividual),JournalArticle(DummyIndividual),University(DummyIndividual)}
10,10;{SystemsStaff(DummyIndividual),JournalArticle(DummyIndividual),Department(DummyIndividual)}
10,20;{SystemsStaff(DummyIndividual),JournalArticle(DummyIndividual),ResearchGroup(DummyIndividual)}
10,20;{SystemsStaff(DummyIndividual),University(DummyIndividual),Article(DummyIndividual)}
10,20;{SystemsStaff(DummyIndividual),University(DummyIndividual),Publication(DummyIndividual)}
10,20;{SystemsStaff(DummyIndividual),University(DummyIndividual),Book(DummyIndividual)}
10,20;{SystemsStaff(DummyIndividual),University(DummyIndividual),Manual(DummyIndividual)}
10,20;{SystemsStaff(DummyIndividual),University(DummyIndividual),Specification(DummyIndividual)}
10,20;{SystemsStaff(DummyIndividual),University(DummyIndividual),Software(DummyIndividual)}
10,31;{SystemsStaff(DummyIndividual),Department(DummyIndividual),Article(DummyIndividual)}
10,31;{SystemsStaff(DummyIndividual),Department(DummyIndividual),ConferencePaper(DummyIndividual)}
10,31;{SystemsStaff(DummyIndividual),Department(DummyIndividual),Publication(DummyIndividual)}
10,31;{SystemsStaff(DummyIndividual),Department(DummyIndividual),Book(DummyIndividual)}
10,31;{SystemsStaff(DummyIndividual),Department(DummyIndividual),Manual(DummyIndividual)}
10,31;{SystemsStaff(DummyIndividual),Department(DummyIndividual),Specification(DummyIndividual)}
10,31;{SystemsStaff(DummyIndividual),Department(DummyIndividual),Software(DummyIndividual)}
10,41;{SystemsStaff(DummyIndividual),Book(DummyIndividual),ResearchGroup(DummyIndividual)}
10,41;{SystemsStaff(DummyIndividual),Manual(DummyIndividual),ResearchGroup(DummyIndividual)}
10,41;{SystemsStaff(DummyIndividual),Specification(DummyIndividual),ResearchGroup(DummyIndividual)}
10,51;{SystemsStaff(DummyIndividual),Software(DummyIndividual),ResearchGroup(DummyIndividual)}
10,51;{SystemsStaff(DummyIndividual),ResearchGroup(DummyIndividual),Article(DummyIndividual)}
10,51;{SystemsStaff(DummyIndividual),ResearchGroup(DummyIndividual),ConferencePaper(DummyIndividual)}
10,51;{SystemsStaff(DummyIndividual),ResearchGroup(DummyIndividual),Publication(DummyIndividual)}
