1,14;{AdministrativeStaff(DummyIndividual),Research(DummyIndividual)}
1,52;{GraduateCourse(DummyIndividual),ClericalStaff(DummyIndividual)}
1,83;{GraduateCourse(DummyIndividual),AdministrativeStaff(DummyIndividual)}
2,12;{GraduateCourse(DummyIndividual),AssociateProfessor(DummyIndividual)}
2,42;{GraduateCourse(DummyIndividual),Employee(DummyIndividual)}
2,60;{GraduateCourse(DummyIndividual),Faculty(DummyIndividual)}
2,90;{GraduateCourse(DummyIndividual),FullProfessor(DummyIndividual)}
3,19;{GraduateCourse(DummyIndividual),Director(DummyIndividual)}
3,40;{GraduateCourse(DummyIndividual),ResearchAssistant(DummyIndividual)}
3,70;{Course(DummyIndividual),AssistantProfessor(DummyIndividual)}
3,90;{Work(DummyIndividual),SystemsStaff(DummyIndividual)}
4,07;{Work(DummyIndividual),PostDoc(DummyIndividual)}
4,27;{Work(DummyIndividual),Professor(DummyIndividual)}
4,48;{VisitingProfessor(DummyIndividual),Work(DummyIndividual)}
4,67;{VisitingProfessor(DummyIndividual),Course(DummyIndividual)}
4,86;{VisitingProfessor(DummyIndividual),GraduateCourse(DummyIndividual)}
4,98;{Employee(DummyIndividual),Work(DummyIndividual)}
4,98;{Employee(DummyIndividual),Course(DummyIndividual)}
4,98;{Employee(DummyIndividual),Research(DummyIndividual)}
5,97;{Director(DummyIndividual),Work(DummyIndividual)}
5,97;{Director(DummyIndividual),Course(DummyIndividual)}
5,97;{Director(DummyIndividual),Research(DummyIndividual)}
7,74;{AdministrativeStaff(DummyIndividual),Work(DummyIndividual)}
7,74;{AdministrativeStaff(DummyIndividual),Course(DummyIndividual)}
7,83;{AssistantProfessor(DummyIndividual),Work(DummyIndividual)}
7,83;{AssistantProfessor(DummyIndividual),GraduateCourse(DummyIndividual)}
7,83;{AssistantProfessor(DummyIndividual),Research(DummyIndividual)}
7,83;{Chair(DummyIndividual),Work(DummyIndividual)}
7,83;{Chair(DummyIndividual),GraduateCourse(DummyIndividual)}
7,83;{Chair(DummyIndividual),Course(DummyIndividual)}
7,83;{Chair(DummyIndividual),Research(DummyIndividual)}
7,94;{ClericalStaff(DummyIndividual),Work(DummyIndividual)}
7,94;{ClericalStaff(DummyIndividual),Course(DummyIndividual)}
7,94;{ClericalStaff(DummyIndividual),Research(DummyIndividual)}
7,94;{SystemsStaff(DummyIndividual),GraduateCourse(DummyIndividual)}
8,03;{SystemsStaff(DummyIndividual),Course(DummyIndividual)}
8,03;{SystemsStaff(DummyIndividual),Research(DummyIndividual)}
8,03;{ResearchAssistant(DummyIndividual),Work(DummyIndividual)}
8,03;{ResearchAssistant(DummyIndividual),Course(DummyIndividual)}
8,03;{ResearchAssistant(DummyIndividual),Research(DummyIndividual)}
8,14;{PostDoc(DummyIndividual),GraduateCourse(DummyIndividual)}
8,14;{PostDoc(DummyIndividual),Course(DummyIndividual)}
8,14;{PostDoc(DummyIndividual),Research(DummyIndividual)}
8,25;{Faculty(DummyIndividual),Work(DummyIndividual)}
8,25;{Faculty(DummyIndividual),Course(DummyIndividual)}
8,25;{Faculty(DummyIndividual),Research(DummyIndividual)}
8,25;{Lecturer(DummyIndividual),Work(DummyIndividual)}
8,25;{Lecturer(DummyIndividual),GraduateCourse(DummyIndividual)}
8,35;{Lecturer(DummyIndividual),Course(DummyIndividual)}
8,35;{Research(DummyIndividual),Dean(DummyIndividual)}
8,35;{Research(DummyIndividual),Professor(DummyIndividual)}
8,35;{Research(DummyIndividual),FullProfessor(DummyIndividual)}
8,35;{Research(DummyIndividual),VisitingProfessor(DummyIndividual)}
8,45;{Research(DummyIndividual),AssociateProfessor(DummyIndividual)}
8,45;{Dean(DummyIndividual),Work(DummyIndividual)}
8,45;{Dean(DummyIndividual),GraduateCourse(DummyIndividual)}
8,45;{Dean(DummyIndividual),Course(DummyIndividual)}
8,55;{Professor(DummyIndividual),GraduateCourse(DummyIndividual)}
8,55;{Professor(DummyIndividual),Course(DummyIndividual)}
8,55;{FullProfessor(DummyIndividual),Work(DummyIndividual)}
8,55;{FullProfessor(DummyIndividual),Course(DummyIndividual)}
8,67;{AssociateProfessor(DummyIndividual),Work(DummyIndividual)}
8,67;{AssociateProfessor(DummyIndividual),Course(DummyIndividual)}
