1,27;{Work(DummyIndividual),AssociateProfessor(DummyIndividual)}
1,54;{Work(DummyIndividual),Faculty(DummyIndividual)}
1,84;{Director(DummyIndividual),Research(DummyIndividual)}
2,04;{GraduateCourse(DummyIndividual),Chair(DummyIndividual)}
2,33;{GraduateCourse(DummyIndividual),AdministrativeStaff(DummyIndividual)}
2,43;{GraduateCourse(DummyIndividual),Director(DummyIndividual)}
2,85;{Course(DummyIndividual),AssistantProfessor(DummyIndividual)}
2,95;{SystemsStaff(DummyIndividual),Course(DummyIndividual)}
3,31;{PostDoc(DummyIndividual),GraduateCourse(DummyIndividual)}
3,63;{PostDoc(DummyIndividual),Work(DummyIndividual)}
4,83;{Director(DummyIndividual),Work(DummyIndividual)}
4,83;{Director(DummyIndividual),Course(DummyIndividual)}
4,83;{AssistantProfessor(DummyIndividual),Work(DummyIndividual)}
4,93;{AssistantProfessor(DummyIndividual),GraduateCourse(DummyIndividual)}
4,93;{AssistantProfessor(DummyIndividual),Research(DummyIndividual)}
4,93;{Chair(DummyIndividual),Work(DummyIndividual)}
4,93;{Chair(DummyIndividual),Course(DummyIndividual)}
4,93;{Chair(DummyIndividual),Research(DummyIndividual)}
6,96;{Work(DummyIndividual),AdministrativeStaff(DummyIndividual)}
6,96;{Work(DummyIndividual),ClericalStaff(DummyIndividual)}
6,96;{Work(DummyIndividual),SystemsStaff(DummyIndividual)}
6,96;{Work(DummyIndividual),ResearchAssistant(DummyIndividual)}
7,04;{Work(DummyIndividual),Lecturer(DummyIndividual)}
7,04;{Work(DummyIndividual),Dean(DummyIndividual)}
7,04;{Work(DummyIndividual),Professor(DummyIndividual)}
7,04;{Work(DummyIndividual),FullProfessor(DummyIndividual)}
7,04;{Work(DummyIndividual),VisitingProfessor(DummyIndividual)}
7,04;{GraduateCourse(DummyIndividual),Employee(DummyIndividual)}
7,13;{GraduateCourse(DummyIndividual),ClericalStaff(DummyIndividual)}
7,13;{GraduateCourse(DummyIndividual),SystemsStaff(DummyIndividual)}
7,13;{GraduateCourse(DummyIndividual),ResearchAssistant(DummyIndividual)}
7,13;{GraduateCourse(DummyIndividual),Faculty(DummyIndividual)}
7,23;{GraduateCourse(DummyIndividual),Lecturer(DummyIndividual)}
7,23;{GraduateCourse(DummyIndividual),Dean(DummyIndividual)}
7,23;{GraduateCourse(DummyIndividual),Professor(DummyIndividual)}
7,23;{GraduateCourse(DummyIndividual),FullProfessor(DummyIndividual)}
7,23;{GraduateCourse(DummyIndividual),VisitingProfessor(DummyIndividual)}
7,23;{GraduateCourse(DummyIndividual),AssociateProfessor(DummyIndividual)}
7,23;{Course(DummyIndividual),Employee(DummyIndividual)}
7,23;{Course(DummyIndividual),AdministrativeStaff(DummyIndividual)}
7,35;{Course(DummyIndividual),ClericalStaff(DummyIndividual)}
7,35;{Course(DummyIndividual),ResearchAssistant(DummyIndividual)}
7,35;{Course(DummyIndividual),PostDoc(DummyIndividual)}
7,35;{Course(DummyIndividual),Faculty(DummyIndividual)}
7,35;{Course(DummyIndividual),Lecturer(DummyIndividual)}
7,35;{Course(DummyIndividual),Dean(DummyIndividual)}
7,35;{Course(DummyIndividual),Professor(DummyIndividual)}
7,45;{Course(DummyIndividual),FullProfessor(DummyIndividual)}
7,45;{Course(DummyIndividual),VisitingProfessor(DummyIndividual)}
7,45;{Course(DummyIndividual),AssociateProfessor(DummyIndividual)}
7,45;{Research(DummyIndividual),Employee(DummyIndividual)}
7,45;{Research(DummyIndividual),AdministrativeStaff(DummyIndividual)}
7,45;{Research(DummyIndividual),ClericalStaff(DummyIndividual)}
7,45;{Research(DummyIndividual),SystemsStaff(DummyIndividual)}
7,56;{Research(DummyIndividual),ResearchAssistant(DummyIndividual)}
7,56;{Research(DummyIndividual),PostDoc(DummyIndividual)}
7,56;{Research(DummyIndividual),Faculty(DummyIndividual)}
7,56;{Research(DummyIndividual),Lecturer(DummyIndividual)}
7,56;{Research(DummyIndividual),Dean(DummyIndividual)}
7,56;{Research(DummyIndividual),Professor(DummyIndividual)}
7,56;{Research(DummyIndividual),FullProfessor(DummyIndividual)}
7,66;{Research(DummyIndividual),VisitingProfessor(DummyIndividual)}
7,66;{Research(DummyIndividual),AssociateProfessor(DummyIndividual)}
