1,05;{Work(DummyIndividual),FullProfessor(DummyIndividual)}
1,44;{Work(DummyIndividual),Faculty(DummyIndividual)}
1,73;{Research(DummyIndividual),Lecturer(DummyIndividual)}
1,84;{AdministrativeStaff(DummyIndividual),Research(DummyIndividual)}
2,04;{GraduateCourse(DummyIndividual),Professor(DummyIndividual)}
2,14;{GraduateCourse(DummyIndividual),Chair(DummyIndividual)}
2,34;{GraduateCourse(DummyIndividual),AdministrativeStaff(DummyIndividual)}
2,63;{SystemsStaff(DummyIndividual),Course(DummyIndividual)}
2,94;{Employee(DummyIndividual),GraduateCourse(DummyIndividual)}
3,13;{Employee(DummyIndividual),Work(DummyIndividual)}
3,23;{Employee(DummyIndividual),Course(DummyIndividual)}
3,23;{Employee(DummyIndividual),Research(DummyIndividual)}
6,65;{Director(DummyIndividual),Work(DummyIndividual)}
6,76;{Director(DummyIndividual),GraduateCourse(DummyIndividual)}
6,76;{Director(DummyIndividual),Course(DummyIndividual)}
6,76;{Director(DummyIndividual),Research(DummyIndividual)}
6,84;{AdministrativeStaff(DummyIndividual),Work(DummyIndividual)}
6,84;{AdministrativeStaff(DummyIndividual),Course(DummyIndividual)}
6,84;{AssistantProfessor(DummyIndividual),GraduateCourse(DummyIndividual)}
6,94;{AssistantProfessor(DummyIndividual),Course(DummyIndividual)}
6,94;{AssistantProfessor(DummyIndividual),Research(DummyIndividual)}
6,94;{Chair(DummyIndividual),Work(DummyIndividual)}
6,94;{Chair(DummyIndividual),Course(DummyIndividual)}
6,94;{Chair(DummyIndividual),Research(DummyIndividual)}
7,07;{ClericalStaff(DummyIndividual),Work(DummyIndividual)}
7,07;{ClericalStaff(DummyIndividual),GraduateCourse(DummyIndividual)}
7,07;{ClericalStaff(DummyIndividual),Course(DummyIndividual)}
7,07;{ClericalStaff(DummyIndividual),Research(DummyIndividual)}
7,07;{SystemsStaff(DummyIndividual),Work(DummyIndividual)}
7,07;{SystemsStaff(DummyIndividual),GraduateCourse(DummyIndividual)}
7,17;{SystemsStaff(DummyIndividual),Research(DummyIndividual)}
7,17;{ResearchAssistant(DummyIndividual),Work(DummyIndividual)}
7,17;{ResearchAssistant(DummyIndividual),GraduateCourse(DummyIndividual)}
7,17;{ResearchAssistant(DummyIndividual),Course(DummyIndividual)}
7,17;{ResearchAssistant(DummyIndividual),Research(DummyIndividual)}
7,17;{GraduateCourse(DummyIndividual),PostDoc(DummyIndividual)}
7,17;{GraduateCourse(DummyIndividual),Faculty(DummyIndividual)}
7,29;{GraduateCourse(DummyIndividual),Lecturer(DummyIndividual)}
7,29;{GraduateCourse(DummyIndividual),Dean(DummyIndividual)}
7,29;{GraduateCourse(DummyIndividual),FullProfessor(DummyIndividual)}
7,29;{GraduateCourse(DummyIndividual),VisitingProfessor(DummyIndividual)}
7,29;{GraduateCourse(DummyIndividual),AssociateProfessor(DummyIndividual)}
7,29;{PostDoc(DummyIndividual),Work(DummyIndividual)}
7,29;{PostDoc(DummyIndividual),Course(DummyIndividual)}
7,39;{PostDoc(DummyIndividual),Research(DummyIndividual)}
7,39;{Faculty(DummyIndividual),Course(DummyIndividual)}
7,39;{Faculty(DummyIndividual),Research(DummyIndividual)}
7,39;{Lecturer(DummyIndividual),Work(DummyIndividual)}
7,39;{Lecturer(DummyIndividual),Course(DummyIndividual)}
7,50;{Course(DummyIndividual),Dean(DummyIndividual)}
7,50;{Course(DummyIndividual),Professor(DummyIndividual)}
7,50;{Course(DummyIndividual),FullProfessor(DummyIndividual)}
7,59;{Course(DummyIndividual),VisitingProfessor(DummyIndividual)}
7,59;{Course(DummyIndividual),AssociateProfessor(DummyIndividual)}
7,59;{Research(DummyIndividual),Dean(DummyIndividual)}
7,59;{Research(DummyIndividual),Professor(DummyIndividual)}
7,59;{Research(DummyIndividual),FullProfessor(DummyIndividual)}
7,59;{Research(DummyIndividual),VisitingProfessor(DummyIndividual)}
7,59;{Research(DummyIndividual),AssociateProfessor(DummyIndividual)}
7,69;{Dean(DummyIndividual),Work(DummyIndividual)}
7,69;{Professor(DummyIndividual),Work(DummyIndividual)}
7,69;{VisitingProfessor(DummyIndividual),Work(DummyIndividual)}
7,81;{AssociateProfessor(DummyIndividual),Work(DummyIndividual)}
