1,19;{Director(DummyIndividual),Research(DummyIndividual)}
1,47;{GraduateCourse(DummyIndividual),ClericalStaff(DummyIndividual)}
1,67;{GraduateCourse(DummyIndividual),Director(DummyIndividual)}
1,84;{GraduateCourse(DummyIndividual),AdministrativeStaff(DummyIndividual)}
2,15;{GraduateCourse(DummyIndividual),AssociateProfessor(DummyIndividual)}
2,35;{GraduateCourse(DummyIndividual),AssistantProfessor(DummyIndividual)}
2,65;{GraduateCourse(DummyIndividual),Faculty(DummyIndividual)}
2,86;{GraduateCourse(DummyIndividual),Employee(DummyIndividual)}
3,07;{GraduateCourse(DummyIndividual),ResearchAssistant(DummyIndividual)}
3,35;{Work(DummyIndividual),SystemsStaff(DummyIndividual)}
3,53;{Work(DummyIndividual),PostDoc(DummyIndividual)}
3,72;{Work(DummyIndividual),Professor(DummyIndividual)}
3,93;{FullProfessor(DummyIndividual),Work(DummyIndividual)}
4,13;{FullProfessor(DummyIndividual),Course(DummyIndividual)}
4,34;{Chair(DummyIndividual),GraduateCourse(DummyIndividual)}
4,34;{Employee(DummyIndividual),Work(DummyIndividual)}
4,43;{Employee(DummyIndividual),Course(DummyIndividual)}
4,43;{Employee(DummyIndividual),Research(DummyIndividual)}
5,26;{Director(DummyIndividual),Work(DummyIndividual)}
5,26;{Director(DummyIndividual),Course(DummyIndividual)}
7,27;{AdministrativeStaff(DummyIndividual),Work(DummyIndividual)}
7,36;{AdministrativeStaff(DummyIndividual),Course(DummyIndividual)}
7,36;{AdministrativeStaff(DummyIndividual),Research(DummyIndividual)}
7,36;{AssistantProfessor(DummyIndividual),Work(DummyIndividual)}
7,36;{AssistantProfessor(DummyIndividual),Course(DummyIndividual)}
7,46;{AssistantProfessor(DummyIndividual),Research(DummyIndividual)}
7,46;{Chair(DummyIndividual),Work(DummyIndividual)}
7,46;{Chair(DummyIndividual),Course(DummyIndividual)}
7,46;{Chair(DummyIndividual),Research(DummyIndividual)}
7,56;{ClericalStaff(DummyIndividual),Work(DummyIndividual)}
7,56;{ClericalStaff(DummyIndividual),Course(DummyIndividual)}
7,56;{ClericalStaff(DummyIndividual),Research(DummyIndividual)}
7,56;{SystemsStaff(DummyIndividual),GraduateCourse(DummyIndividual)}
7,67;{SystemsStaff(DummyIndividual),Course(DummyIndividual)}
7,67;{SystemsStaff(DummyIndividual),Research(DummyIndividual)}
7,67;{ResearchAssistant(DummyIndividual),Work(DummyIndividual)}
7,67;{ResearchAssistant(DummyIndividual),Course(DummyIndividual)}
7,67;{ResearchAssistant(DummyIndividual),Research(DummyIndividual)}
7,78;{PostDoc(DummyIndividual),GraduateCourse(DummyIndividual)}
7,78;{PostDoc(DummyIndividual),Course(DummyIndividual)}
7,78;{PostDoc(DummyIndividual),Research(DummyIndividual)}
7,78;{Faculty(DummyIndividual),Work(DummyIndividual)}
7,78;{Faculty(DummyIndividual),Course(DummyIndividual)}
7,89;{Faculty(DummyIndividual),Research(DummyIndividual)}
7,89;{Lecturer(DummyIndividual),Work(DummyIndividual)}
7,89;{Lecturer(DummyIndividual),GraduateCourse(DummyIndividual)}
7,89;{Lecturer(DummyIndividual),Course(DummyIndividual)}
7,99;{Research(DummyIndividual),Dean(DummyIndividual)}
7,99;{Research(DummyIndividual),Professor(DummyIndividual)}
7,99;{Research(DummyIndividual),FullProfessor(DummyIndividual)}
7,99;{Research(DummyIndividual),VisitingProfessor(DummyIndividual)}
7,99;{Research(DummyIndividual),AssociateProfessor(DummyIndividual)}
7,99;{Dean(DummyIndividual),Work(DummyIndividual)}
8,10;{Dean(DummyIndividual),GraduateCourse(DummyIndividual)}
8,10;{Dean(DummyIndividual),Course(DummyIndividual)}
8,10;{Professor(DummyIndividual),GraduateCourse(DummyIndividual)}
8,10;{Professor(DummyIndividual),Course(DummyIndividual)}
8,10;{FullProfessor(DummyIndividual),GraduateCourse(DummyIndividual)}
8,20;{VisitingProfessor(DummyIndividual),Work(DummyIndividual)}
8,20;{VisitingProfessor(DummyIndividual),GraduateCourse(DummyIndividual)}
8,20;{VisitingProfessor(DummyIndividual),Course(DummyIndividual)}
8,20;{AssociateProfessor(DummyIndividual),Work(DummyIndividual)}
8,20;{AssociateProfessor(DummyIndividual),Course(DummyIndividual)}
