1,47;{Course(DummyIndividual),College(DummyIndividual),Article(DummyIndividual)}
1,75;{Course(DummyIndividual),College(DummyIndividual),JournalArticle(DummyIndividual)}
2,04;{University(DummyIndividual),ConferencePaper(DummyIndividual),Course(DummyIndividual)}
2,43;{University(DummyIndividual),ConferencePaper(DummyIndividual),GraduateCourse(DummyIndividual)}
3,86;{Article(DummyIndividual),GraduateCourse(DummyIndividual),College(DummyIndividual)}
3,96;{JournalArticle(DummyIndividual),GraduateCourse(DummyIndividual),College(DummyIndividual)}
4,17;{TechnicalReport(DummyIndividual),GraduateCourse(DummyIndividual),College(DummyIndividual)}
4,38;{ConferencePaper(DummyIndividual),GraduateCourse(DummyIndividual),College(DummyIndividual)}
4,76;{Organization(DummyIndividual),GraduateCourse(DummyIndividual),JournalArticle(DummyIndividual)}
4,96;{Department(DummyIndividual),GraduateCourse(DummyIndividual),JournalArticle(DummyIndividual)}
5,14;{Program(DummyIndividual),GraduateCourse(DummyIndividual),JournalArticle(DummyIndividual)}
5,62;{University(DummyIndividual),GraduateCourse(DummyIndividual),JournalArticle(DummyIndividual)}
5,83;{ResearchGroup(DummyIndividual),GraduateCourse(DummyIndividual),JournalArticle(DummyIndividual)}
6,03;{Institute(DummyIndividual),GraduateCourse(DummyIndividual),JournalArticle(DummyIndividual)}
6,65;{Course(DummyIndividual),JournalArticle(DummyIndividual),Program(DummyIndividual)}
6,85;{TechnicalReport(DummyIndividual),Organization(DummyIndividual),GraduateCourse(DummyIndividual)}
6,85;{TechnicalReport(DummyIndividual),Organization(DummyIndividual),Course(DummyIndividual)}
6,85;{TechnicalReport(DummyIndividual),College(DummyIndividual),Course(DummyIndividual)}
8,32;{TechnicalReport(DummyIndividual),Program(DummyIndividual),Course(DummyIndividual)}
8,32;{TechnicalReport(DummyIndividual),Institute(DummyIndividual),GraduateCourse(DummyIndividual)}
8,32;{TechnicalReport(DummyIndividual),Institute(DummyIndividual),Course(DummyIndividual)}
8,32;{TechnicalReport(DummyIndividual),University(DummyIndividual),GraduateCourse(DummyIndividual)}
8,43;{TechnicalReport(DummyIndividual),University(DummyIndividual),Course(DummyIndividual)}
8,43;{TechnicalReport(DummyIndividual),Department(DummyIndividual),GraduateCourse(DummyIndividual)}
8,43;{TechnicalReport(DummyIndividual),Department(DummyIndividual),Course(DummyIndividual)}
8,43;{TechnicalReport(DummyIndividual),ResearchGroup(DummyIndividual),GraduateCourse(DummyIndividual)}
8,53;{TechnicalReport(DummyIndividual),ResearchGroup(DummyIndividual),Course(DummyIndividual)}
8,53;{GraduateCourse(DummyIndividual),Organization(DummyIndividual),Article(DummyIndividual)}
8,53;{GraduateCourse(DummyIndividual),Organization(DummyIndividual),ConferencePaper(DummyIndividual)}
8,73;{GraduateCourse(DummyIndividual),Program(DummyIndividual),Article(DummyIndividual)}
8,73;{GraduateCourse(DummyIndividual),Program(DummyIndividual),ConferencePaper(DummyIndividual)}
8,73;{GraduateCourse(DummyIndividual),Institute(DummyIndividual),Article(DummyIndividual)}
8,84;{GraduateCourse(DummyIndividual),Institute(DummyIndividual),ConferencePaper(DummyIndividual)}
8,84;{GraduateCourse(DummyIndividual),University(DummyIndividual),Article(DummyIndividual)}
8,84;{GraduateCourse(DummyIndividual),Department(DummyIndividual),Article(DummyIndividual)}
8,84;{GraduateCourse(DummyIndividual),Department(DummyIndividual),ConferencePaper(DummyIndividual)}
9,15;{GraduateCourse(DummyIndividual),ResearchGroup(DummyIndividual),Article(DummyIndividual)}
9,15;{GraduateCourse(DummyIndividual),ResearchGroup(DummyIndividual),ConferencePaper(DummyIndividual)}
9,15;{JournalArticle(DummyIndividual),Organization(DummyIndividual),Course(DummyIndividual)}
9,26;{JournalArticle(DummyIndividual),Institute(DummyIndividual),Course(DummyIndividual)}
9,26;{JournalArticle(DummyIndividual),University(DummyIndividual),Course(DummyIndividual)}
9,26;{JournalArticle(DummyIndividual),Department(DummyIndividual),Course(DummyIndividual)}
9,38;{Course(DummyIndividual),Organization(DummyIndividual),Article(DummyIndividual)}
9,48;{Course(DummyIndividual),Organization(DummyIndividual),ConferencePaper(DummyIndividual)}
9,48;{Course(DummyIndividual),College(DummyIndividual),ConferencePaper(DummyIndividual)}
9,68;{Course(DummyIndividual),Program(DummyIndividual),Article(DummyIndividual)}
9,68;{Course(DummyIndividual),Program(DummyIndividual),ConferencePaper(DummyIndividual)}
9,68;{Course(DummyIndividual),Institute(DummyIndividual),Article(DummyIndividual)}
9,68;{Course(DummyIndividual),Institute(DummyIndividual),ConferencePaper(DummyIndividual)}
9,79;{Course(DummyIndividual),JournalArticle(DummyIndividual),ResearchGroup(DummyIndividual)}
9,79;{Course(DummyIndividual),University(DummyIndividual),Article(DummyIndividual)}
9,89;{Course(DummyIndividual),Department(DummyIndividual),Article(DummyIndividual)}
9,89;{Course(DummyIndividual),Department(DummyIndividual),ConferencePaper(DummyIndividual)}
10,10;{Course(DummyIndividual),ResearchGroup(DummyIndividual),Article(DummyIndividual)}
10,10;{Course(DummyIndividual),ResearchGroup(DummyIndividual),ConferencePaper(DummyIndividual)}
