1,16;{GraduateCourse(DummyIndividual),Chair(DummyIndividual)}
1,36;{GraduateCourse(DummyIndividual),AdministrativeStaff(DummyIndividual)}
1,56;{GraduateCourse(DummyIndividual),Director(DummyIndividual)}
1,86;{GraduateCourse(DummyIndividual),Faculty(DummyIndividual)}
2,16;{GraduateCourse(DummyIndividual),AssistantProfessor(DummyIndividual)}
2,37;{GraduateCourse(DummyIndividual),FullProfessor(DummyIndividual)}
2,55;{GraduateCourse(DummyIndividual),ResearchAssistant(DummyIndividual)}
2,87;{Work(DummyIndividual),SystemsStaff(DummyIndividual)}
3,07;{Work(DummyIndividual),Employee(DummyIndividual)}
3,17;{Work(DummyIndividual),Lecturer(DummyIndividual)}
3,35;{Work(DummyIndividual),Professor(DummyIndividual)}
3,47;{Work(DummyIndividual),PostDoc(DummyIndividual)}
3,58;{AssociateProfessor(DummyIndividual),Work(DummyIndividual)}
3,79;{AssociateProfessor(DummyIndividual),Course(DummyIndividual)}
3,98;{ClericalStaff(DummyIndividual),GraduateCourse(DummyIndividual)}
5,09;{Director(DummyIndividual),Work(DummyIndividual)}
5,09;{Director(DummyIndividual),Course(DummyIndividual)}
5,09;{AssistantProfessor(DummyIndividual),Work(DummyIndividual)}
5,09;{AssistantProfessor(DummyIndividual),Course(DummyIndividual)}
5,09;{AssistantProfessor(DummyIndividual),Research(DummyIndividual)}
5,19;{Chair(DummyIndividual),Work(DummyIndividual)}
5,19;{Chair(DummyIndividual),Course(DummyIndividual)}
5,19;{Chair(DummyIndividual),Research(DummyIndividual)}
5,19;{SystemsStaff(DummyIndividual),GraduateCourse(DummyIndividual)}
5,19;{SystemsStaff(DummyIndividual),Course(DummyIndividual)}
5,19;{SystemsStaff(DummyIndividual),Research(DummyIndividual)}
5,30;{ResearchAssistant(DummyIndividual),Work(DummyIndividual)}
5,30;{ResearchAssistant(DummyIndividual),Course(DummyIndividual)}
5,30;{ResearchAssistant(DummyIndividual),Research(DummyIndividual)}
5,30;{Work(DummyIndividual),AdministrativeStaff(DummyIndividual)}
5,30;{Work(DummyIndividual),ClericalStaff(DummyIndividual)}
5,30;{Work(DummyIndividual),Faculty(DummyIndividual)}
5,41;{Work(DummyIndividual),Dean(DummyIndividual)}
5,41;{Work(DummyIndividual),FullProfessor(DummyIndividual)}
5,41;{Work(DummyIndividual),VisitingProfessor(DummyIndividual)}
5,41;{GraduateCourse(DummyIndividual),Employee(DummyIndividual)}
7,62;{GraduateCourse(DummyIndividual),PostDoc(DummyIndividual)}
7,62;{GraduateCourse(DummyIndividual),Lecturer(DummyIndividual)}
7,62;{GraduateCourse(DummyIndividual),Dean(DummyIndividual)}
7,72;{GraduateCourse(DummyIndividual),Professor(DummyIndividual)}
7,72;{GraduateCourse(DummyIndividual),VisitingProfessor(DummyIndividual)}
7,72;{GraduateCourse(DummyIndividual),AssociateProfessor(DummyIndividual)}
7,72;{PostDoc(DummyIndividual),Course(DummyIndividual)}
7,72;{PostDoc(DummyIndividual),Research(DummyIndividual)}
7,84;{Lecturer(DummyIndividual),Course(DummyIndividual)}
7,84;{Lecturer(DummyIndividual),Research(DummyIndividual)}
7,84;{Course(DummyIndividual),Employee(DummyIndividual)}
7,84;{Course(DummyIndividual),AdministrativeStaff(DummyIndividual)}
7,84;{Course(DummyIndividual),ClericalStaff(DummyIndividual)}
7,84;{Course(DummyIndividual),Faculty(DummyIndividual)}
7,95;{Course(DummyIndividual),Dean(DummyIndividual)}
7,95;{Course(DummyIndividual),Professor(DummyIndividual)}
7,95;{Course(DummyIndividual),FullProfessor(DummyIndividual)}
7,95;{Course(DummyIndividual),VisitingProfessor(DummyIndividual)}
7,95;{Research(DummyIndividual),Employee(DummyIndividual)}
7,95;{Research(DummyIndividual),AdministrativeStaff(DummyIndividual)}
7,95;{Research(DummyIndividual),ClericalStaff(DummyIndividual)}
7,95;{Research(DummyIndividual),Faculty(DummyIndividual)}
8,05;{Research(DummyIndividual),Dean(DummyIndividual)}
8,05;{Research(DummyIndividual),Professor(DummyIndividual)}
8,05;{Research(DummyIndividual),FullProfessor(DummyIndividual)}
8,05;{Research(DummyIndividual),VisitingProfessor(DummyIndividual)}
8,05;{Research(DummyIndividual),AssociateProfessor(DummyIndividual)}
