1,08;{Work(DummyIndividual),Employee(DummyIndividual)}
1,38;{Work(DummyIndividual),Faculty(DummyIndividual)}
1,78;{AdministrativeStaff(DummyIndividual),Research(DummyIndividual)}
2,00;{GraduateCourse(DummyIndividual),Professor(DummyIndividual)}
2,10;{GraduateCourse(DummyIndividual),ClericalStaff(DummyIndividual)}
2,30;{GraduateCourse(DummyIndividual),AdministrativeStaff(DummyIndividual)}
2,59;{Course(DummyIndividual),AssistantProfessor(DummyIndividual)}
2,80;{SystemsStaff(DummyIndividual),Course(DummyIndividual)}
3,19;{PostDoc(DummyIndividual),Work(DummyIndividual)}
3,37;{PostDoc(DummyIndividual),GraduateCourse(DummyIndividual)}
4,30;{Director(DummyIndividual),GraduateCourse(DummyIndividual)}
4,40;{Director(DummyIndividual),Course(DummyIndividual)}
4,40;{Director(DummyIndividual),Research(DummyIndividual)}
4,40;{AssistantProfessor(DummyIndividual),Work(DummyIndividual)}
4,40;{AssistantProfessor(DummyIndividual),GraduateCourse(DummyIndividual)}
4,40;{AssistantProfessor(DummyIndividual),Research(DummyIndividual)}
4,40;{ClericalStaff(DummyIndividual),Work(DummyIndividual)}
4,40;{ClericalStaff(DummyIndividual),Course(DummyIndividual)}
4,40;{ClericalStaff(DummyIndividual),Research(DummyIndividual)}
6,53;{Work(DummyIndividual),AdministrativeStaff(DummyIndividual)}
6,63;{Work(DummyIndividual),Chair(DummyIndividual)}
6,63;{Work(DummyIndividual),SystemsStaff(DummyIndividual)}
6,63;{Work(DummyIndividual),ResearchAssistant(DummyIndividual)}
6,63;{Work(DummyIndividual),Lecturer(DummyIndividual)}
6,63;{Work(DummyIndividual),Dean(DummyIndividual)}
6,63;{Work(DummyIndividual),Professor(DummyIndividual)}
6,63;{Work(DummyIndividual),FullProfessor(DummyIndividual)}
6,63;{Work(DummyIndividual),VisitingProfessor(DummyIndividual)}
6,74;{Work(DummyIndividual),AssociateProfessor(DummyIndividual)}
6,74;{GraduateCourse(DummyIndividual),Employee(DummyIndividual)}
6,74;{GraduateCourse(DummyIndividual),Chair(DummyIndividual)}
6,85;{GraduateCourse(DummyIndividual),SystemsStaff(DummyIndividual)}
6,85;{GraduateCourse(DummyIndividual),ResearchAssistant(DummyIndividual)}
6,85;{GraduateCourse(DummyIndividual),Faculty(DummyIndividual)}
6,85;{GraduateCourse(DummyIndividual),Lecturer(DummyIndividual)}
6,85;{GraduateCourse(DummyIndividual),Dean(DummyIndividual)}
6,85;{GraduateCourse(DummyIndividual),FullProfessor(DummyIndividual)}
6,93;{GraduateCourse(DummyIndividual),VisitingProfessor(DummyIndividual)}
6,93;{GraduateCourse(DummyIndividual),AssociateProfessor(DummyIndividual)}
6,93;{Course(DummyIndividual),Employee(DummyIndividual)}
6,93;{Course(DummyIndividual),AdministrativeStaff(DummyIndividual)}
6,93;{Course(DummyIndividual),Chair(DummyIndividual)}
6,93;{Course(DummyIndividual),ResearchAssistant(DummyIndividual)}
6,93;{Course(DummyIndividual),PostDoc(DummyIndividual)}
7,03;{Course(DummyIndividual),Faculty(DummyIndividual)}
7,03;{Course(DummyIndividual),Lecturer(DummyIndividual)}
7,03;{Course(DummyIndividual),Dean(DummyIndividual)}
7,03;{Course(DummyIndividual),Professor(DummyIndividual)}
7,03;{Course(DummyIndividual),FullProfessor(DummyIndividual)}
7,03;{Course(DummyIndividual),VisitingProfessor(DummyIndividual)}
7,03;{Course(DummyIndividual),AssociateProfessor(DummyIndividual)}
7,12;{Research(DummyIndividual),Employee(DummyIndividual)}
7,12;{Research(DummyIndividual),Chair(DummyIndividual)}
7,12;{Research(DummyIndividual),SystemsStaff(DummyIndividual)}
7,12;{Research(DummyIndividual),ResearchAssistant(DummyIndividual)}
7,12;{Research(DummyIndividual),PostDoc(DummyIndividual)}
7,12;{Research(DummyIndividual),Faculty(DummyIndividual)}
7,12;{Research(DummyIndividual),Lecturer(DummyIndividual)}
7,12;{Research(DummyIndividual),Dean(DummyIndividual)}
7,23;{Research(DummyIndividual),Professor(DummyIndividual)}
7,23;{Research(DummyIndividual),FullProfessor(DummyIndividual)}
7,23;{Research(DummyIndividual),VisitingProfessor(DummyIndividual)}
7,23;{Research(DummyIndividual),AssociateProfessor(DummyIndividual)}
