1,05;{GraduateStudent(DummyIndividual),Lecturer(DummyIndividual)}
1,25;{GraduateStudent(DummyIndividual),Director(DummyIndividual)}
1,43;{GraduateStudent(DummyIndividual),AdministrativeStaff(DummyIndividual)}
1,64;{GraduateStudent(DummyIndividual),AssociateProfessor(DummyIndividual)}
1,86;{GraduateStudent(DummyIndividual),Employee(DummyIndividual)}
2,06;{GraduateStudent(DummyIndividual),Faculty(DummyIndividual)}
2,29;{GraduateStudent(DummyIndividual),ResearchAssistant(DummyIndividual)}
2,58;{UndergraduateStudent(DummyIndividual),ClericalStaff(DummyIndividual)}
2,68;{Dean(DummyIndividual),Student(DummyIndividual)}
2,79;{Dean(DummyIndividual),UndergraduateStudent(DummyIndividual)}
3,00;{VisitingProfessor(DummyIndividual),GraduateStudent(DummyIndividual)}
3,71;{Director(DummyIndividual),Student(DummyIndividual)}
3,71;{Director(DummyIndividual),UndergraduateStudent(DummyIndividual)}
3,71;{Student(DummyIndividual),Employee(DummyIndividual)}
5,46;{Student(DummyIndividual),AdministrativeStaff(DummyIndividual)}
5,46;{Student(DummyIndividual),AssistantProfessor(DummyIndividual)}
5,46;{Student(DummyIndividual),Chair(DummyIndividual)}
5,46;{Student(DummyIndividual),ClericalStaff(DummyIndividual)}
5,46;{Student(DummyIndividual),SystemsStaff(DummyIndividual)}
5,46;{Student(DummyIndividual),ResearchAssistant(DummyIndividual)}
5,46;{Student(DummyIndividual),PostDoc(DummyIndividual)}
5,57;{Student(DummyIndividual),Faculty(DummyIndividual)}
5,57;{Student(DummyIndividual),Lecturer(DummyIndividual)}
5,57;{Student(DummyIndividual),Professor(DummyIndividual)}
5,57;{Student(DummyIndividual),FullProfessor(DummyIndividual)}
5,57;{Student(DummyIndividual),VisitingProfessor(DummyIndividual)}
5,57;{Student(DummyIndividual),AssociateProfessor(DummyIndividual)}
5,57;{UndergraduateStudent(DummyIndividual),Employee(DummyIndividual)}
5,65;{UndergraduateStudent(DummyIndividual),AdministrativeStaff(DummyIndividual)}
5,65;{UndergraduateStudent(DummyIndividual),AssistantProfessor(DummyIndividual)}
5,65;{UndergraduateStudent(DummyIndividual),Chair(DummyIndividual)}
5,65;{UndergraduateStudent(DummyIndividual),SystemsStaff(DummyIndividual)}
5,65;{UndergraduateStudent(DummyIndividual),ResearchAssistant(DummyIndividual)}
5,65;{UndergraduateStudent(DummyIndividual),PostDoc(DummyIndividual)}
5,65;{UndergraduateStudent(DummyIndividual),Faculty(DummyIndividual)}
5,75;{UndergraduateStudent(DummyIndividual),Lecturer(DummyIndividual)}
5,75;{UndergraduateStudent(DummyIndividual),Professor(DummyIndividual)}
5,75;{UndergraduateStudent(DummyIndividual),FullProfessor(DummyIndividual)}
5,75;{UndergraduateStudent(DummyIndividual),VisitingProfessor(DummyIndividual)}
5,75;{UndergraduateStudent(DummyIndividual),AssociateProfessor(DummyIndividual)}
5,75;{ClericalStaff(DummyIndividual),GraduateStudent(DummyIndividual)}
5,86;{GraduateStudent(DummyIndividual),AssistantProfessor(DummyIndividual)}
5,86;{GraduateStudent(DummyIndividual),SystemsStaff(DummyIndividual)}
5,86;{GraduateStudent(DummyIndividual),PostDoc(DummyIndividual)}
5,86;{GraduateStudent(DummyIndividual),Dean(DummyIndividual)}
5,86;{GraduateStudent(DummyIndividual),Professor(DummyIndividual)}
5,86;{GraduateStudent(DummyIndividual),FullProfessor(DummyIndividual)}
