1,23;{ClericalStaff(DummyIndividual),AssociateProfessor(DummyIndividual)}
1,52;{ClericalStaff(DummyIndividual),AssistantProfessor(DummyIndividual)}
1,84;{ClericalStaff(DummyIndividual),Faculty(DummyIndividual)}
2,01;{ClericalStaff(DummyIndividual),FullProfessor(DummyIndividual)}
2,41;{SystemsStaff(DummyIndividual),PostDoc(DummyIndividual)}
2,51;{SystemsStaff(DummyIndividual),Professor(DummyIndividual)}
2,81;{VisitingProfessor(DummyIndividual),SystemsStaff(DummyIndividual)}
3,11;{VisitingProfessor(DummyIndividual),AdministrativeStaff(DummyIndividual)}
3,41;{VisitingProfessor(DummyIndividual),ClericalStaff(DummyIndividual)}
3,41;{AdministrativeStaff(DummyIndividual),AssistantProfessor(DummyIndividual)}
4,78;{AdministrativeStaff(DummyIndividual),Chair(DummyIndividual)}
4,78;{AdministrativeStaff(DummyIndividual),PostDoc(DummyIndividual)}
4,78;{AdministrativeStaff(DummyIndividual),Faculty(DummyIndividual)}
4,78;{AdministrativeStaff(DummyIndividual),Dean(DummyIndividual)}
4,78;{AdministrativeStaff(DummyIndividual),Professor(DummyIndividual)}
4,78;{AdministrativeStaff(DummyIndividual),FullProfessor(DummyIndividual)}
4,88;{AdministrativeStaff(DummyIndividual),AssociateProfessor(DummyIndividual)}
5,47;{AssistantProfessor(DummyIndividual),SystemsStaff(DummyIndividual)}
5,47;{ClericalStaff(DummyIndividual),Chair(DummyIndividual)}
5,47;{ClericalStaff(DummyIndividual),PostDoc(DummyIndividual)}
5,47;{ClericalStaff(DummyIndividual),Lecturer(DummyIndividual)}
5,59;{ClericalStaff(DummyIndividual),Dean(DummyIndividual)}
5,59;{ClericalStaff(DummyIndividual),Professor(DummyIndividual)}
5,59;{SystemsStaff(DummyIndividual),Chair(DummyIndividual)}
5,59;{SystemsStaff(DummyIndividual),Faculty(DummyIndividual)}
5,59;{SystemsStaff(DummyIndividual),Lecturer(DummyIndividual)}
5,59;{SystemsStaff(DummyIndividual),Dean(DummyIndividual)}
5,59;{SystemsStaff(DummyIndividual),FullProfessor(DummyIndividual)}
5,59;{SystemsStaff(DummyIndividual),AssociateProfessor(DummyIndividual)}
