1,39;{Organization(DummyIndividual),GraduateCourse(DummyIndividual),TechnicalReport(DummyIndividual)}
1,59;{Organization(DummyIndividual),GraduateCourse(DummyIndividual),ConferencePaper(DummyIndividual)}
2,00;{Course(DummyIndividual),Article(DummyIndividual),Institute(DummyIndividual)}
3,85;{Course(DummyIndividual),ConferencePaper(DummyIndividual),Program(DummyIndividual)}
4,14;{GraduateCourse(DummyIndividual),ConferencePaper(DummyIndividual),Program(DummyIndividual)}
5,57;{Article(DummyIndividual),College(DummyIndividual),GraduateCourse(DummyIndividual)}
5,57;{Article(DummyIndividual),College(DummyIndividual),Course(DummyIndividual)}
5,57;{Article(DummyIndividual),GraduateCourse(DummyIndividual),Organization(DummyIndividual)}
5,57;{Article(DummyIndividual),GraduateCourse(DummyIndividual),Program(DummyIndividual)}
5,67;{Article(DummyIndividual),GraduateCourse(DummyIndividual),Institute(DummyIndividual)}
5,67;{Article(DummyIndividual),GraduateCourse(DummyIndividual),University(DummyIndividual)}
5,67;{Article(DummyIndividual),GraduateCourse(DummyIndividual),Department(DummyIndividual)}
5,67;{Article(DummyIndividual),GraduateCourse(DummyIndividual),ResearchGroup(DummyIndividual)}
5,67;{Article(DummyIndividual),Program(DummyIndividual),Course(DummyIndividual)}
5,67;{Article(DummyIndividual),University(DummyIndividual),Course(DummyIndividual)}
5,79;{Article(DummyIndividual),Course(DummyIndividual),Organization(DummyIndividual)}
5,79;{Article(DummyIndividual),Course(DummyIndividual),Department(DummyIndividual)}
5,79;{Article(DummyIndividual),Course(DummyIndividual),ResearchGroup(DummyIndividual)}
5,79;{ConferencePaper(DummyIndividual),Organization(DummyIndividual),Course(DummyIndividual)}
5,89;{ConferencePaper(DummyIndividual),College(DummyIndividual),GraduateCourse(DummyIndividual)}
5,89;{ConferencePaper(DummyIndividual),College(DummyIndividual),Course(DummyIndividual)}
5,89;{ConferencePaper(DummyIndividual),Institute(DummyIndividual),GraduateCourse(DummyIndividual)}
5,89;{ConferencePaper(DummyIndividual),Institute(DummyIndividual),Course(DummyIndividual)}
5,89;{ConferencePaper(DummyIndividual),University(DummyIndividual),GraduateCourse(DummyIndividual)}
5,89;{ConferencePaper(DummyIndividual),University(DummyIndividual),Course(DummyIndividual)}
5,89;{ConferencePaper(DummyIndividual),Department(DummyIndividual),GraduateCourse(DummyIndividual)}
5,89;{ConferencePaper(DummyIndividual),Department(DummyIndividual),Course(DummyIndividual)}
5,89;{ConferencePaper(DummyIndividual),ResearchGroup(DummyIndividual),GraduateCourse(DummyIndividual)}
6,01;{ConferencePaper(DummyIndividual),ResearchGroup(DummyIndividual),Course(DummyIndividual)}
6,01;{TechnicalReport(DummyIndividual),Organization(DummyIndividual),Course(DummyIndividual)}
6,01;{TechnicalReport(DummyIndividual),College(DummyIndividual),GraduateCourse(DummyIndividual)}
6,01;{TechnicalReport(DummyIndividual),College(DummyIndividual),Course(DummyIndividual)}
6,01;{TechnicalReport(DummyIndividual),Program(DummyIndividual),GraduateCourse(DummyIndividual)}
6,01;{TechnicalReport(DummyIndividual),Program(DummyIndividual),Course(DummyIndividual)}
6,01;{TechnicalReport(DummyIndividual),Institute(DummyIndividual),GraduateCourse(DummyIndividual)}
6,01;{TechnicalReport(DummyIndividual),Institute(DummyIndividual),Course(DummyIndividual)}
6,01;{TechnicalReport(DummyIndividual),University(DummyIndividual),GraduateCourse(DummyIndividual)}
6,01;{TechnicalReport(DummyIndividual),University(DummyIndividual),Course(DummyIndividual)}
6,10;{TechnicalReport(DummyIndividual),Department(DummyIndividual),GraduateCourse(DummyIndividual)}
6,10;{TechnicalReport(DummyIndividual),Department(DummyIndividual),Course(DummyIndividual)}
6,10;{TechnicalReport(DummyIndividual),ResearchGroup(DummyIndividual),GraduateCourse(DummyIndividual)}
6,10;{TechnicalReport(DummyIndividual),ResearchGroup(DummyIndividual),Course(DummyIndividual)}
6,10;{JournalArticle(DummyIndividual),College(DummyIndividual),GraduateCourse(DummyIndividual)}
6,10;{JournalArticle(DummyIndividual),College(DummyIndividual),Course(DummyIndividual)}
6,10;{JournalArticle(DummyIndividual),GraduateCourse(DummyIndividual),Organization(DummyIndividual)}
6,10;{JournalArticle(DummyIndividual),GraduateCourse(DummyIndividual),Institute(DummyIndividual)}
6,24;{JournalArticle(DummyIndividual),GraduateCourse(DummyIndividual),University(DummyIndividual)}
6,24;{JournalArticle(DummyIndividual),GraduateCourse(DummyIndividual),Department(DummyIndividual)}
6,24;{JournalArticle(DummyIndividual),GraduateCourse(DummyIndividual),ResearchGroup(DummyIndividual)}
6,24;{JournalArticle(DummyIndividual),Institute(DummyIndividual),Course(DummyIndividual)}
6,24;{JournalArticle(DummyIndividual),University(DummyIndividual),Course(DummyIndividual)}
6,24;{JournalArticle(DummyIndividual),Course(DummyIndividual),Organization(DummyIndividual)}
6,24;{JournalArticle(DummyIndividual),Course(DummyIndividual),Program(DummyIndividual)}
6,33;{JournalArticle(DummyIndividual),Course(DummyIndividual),Department(DummyIndividual)}
6,33;{JournalArticle(DummyIndividual),Course(DummyIndividual),ResearchGroup(DummyIndividual)}
