1,63;{GraduateCourse(DummyIndividual),ResearchGroup(DummyIndividual),TechnicalReport(DummyIndividual)}
2,12;{GraduateCourse(DummyIndividual),ResearchGroup(DummyIndividual),Article(DummyIndividual)}
2,67;{ConferencePaper(DummyIndividual),Department(DummyIndividual),Course(DummyIndividual)}
3,09;{University(DummyIndividual),ConferencePaper(DummyIndividual),GraduateCourse(DummyIndividual)}
5,30;{Article(DummyIndividual),GraduateCourse(DummyIndividual),College(DummyIndividual)}
5,50;{ConferencePaper(DummyIndividual),GraduateCourse(DummyIndividual),College(DummyIndividual)}
5,71;{JournalArticle(DummyIndividual),GraduateCourse(DummyIndividual),College(DummyIndividual)}
6,10;{TechnicalReport(DummyIndividual),GraduateCourse(DummyIndividual),College(DummyIndividual)}
6,41;{TechnicalReport(DummyIndividual),Organization(DummyIndividual),GraduateCourse(DummyIndividual)}
6,41;{TechnicalReport(DummyIndividual),Organization(DummyIndividual),Course(DummyIndividual)}
7,28;{TechnicalReport(DummyIndividual),College(DummyIndividual),Course(DummyIndividual)}
9,36;{TechnicalReport(DummyIndividual),Program(DummyIndividual),GraduateCourse(DummyIndividual)}
10,29;{TechnicalReport(DummyIndividual),Program(DummyIndividual),Course(DummyIndividual)}
10,29;{TechnicalReport(DummyIndividual),Institute(DummyIndividual),GraduateCourse(DummyIndividual)}
10,35;{TechnicalReport(DummyIndividual),Institute(DummyIndividual),Course(DummyIndividual)}
10,43;{TechnicalReport(DummyIndividual),University(DummyIndividual),GraduateCourse(DummyIndividual)}
10,43;{TechnicalReport(DummyIndividual),University(DummyIndividual),Course(DummyIndividual)}
10,43;{TechnicalReport(DummyIndividual),Department(DummyIndividual),GraduateCourse(DummyIndividual)}
10,43;{TechnicalReport(DummyIndividual),Department(DummyIndividual),Course(DummyIndividual)}
10,50;{TechnicalReport(DummyIndividual),ResearchGroup(DummyIndividual),Course(DummyIndividual)}
10,57;{GraduateCourse(DummyIndividual),Organization(DummyIndividual),Article(DummyIndividual)}
10,57;{GraduateCourse(DummyIndividual),Organization(DummyIndividual),ConferencePaper(DummyIndividual)}
10,64;{GraduateCourse(DummyIndividual),Organization(DummyIndividual),JournalArticle(DummyIndividual)}
10,77;{GraduateCourse(DummyIndividual),Program(DummyIndividual),Article(DummyIndividual)}
10,77;{GraduateCourse(DummyIndividual),Program(DummyIndividual),ConferencePaper(DummyIndividual)}
10,77;{GraduateCourse(DummyIndividual),Institute(DummyIndividual),Article(DummyIndividual)}
10,84;{GraduateCourse(DummyIndividual),Institute(DummyIndividual),ConferencePaper(DummyIndividual)}
10,86;{GraduateCourse(DummyIndividual),Institute(DummyIndividual),JournalArticle(DummyIndividual)}
10,86;{GraduateCourse(DummyIndividual),JournalArticle(DummyIndividual),University(DummyIndividual)}
10,92;{GraduateCourse(DummyIndividual),JournalArticle(DummyIndividual),Department(DummyIndividual)}
10,92;{GraduateCourse(DummyIndividual),JournalArticle(DummyIndividual),ResearchGroup(DummyIndividual)}
10,92;{GraduateCourse(DummyIndividual),University(DummyIndividual),Article(DummyIndividual)}
10,92;{GraduateCourse(DummyIndividual),Department(DummyIndividual),Article(DummyIndividual)}
11,00;{GraduateCourse(DummyIndividual),Department(DummyIndividual),ConferencePaper(DummyIndividual)}
11,00;{GraduateCourse(DummyIndividual),ResearchGroup(DummyIndividual),ConferencePaper(DummyIndividual)}
11,11;{JournalArticle(DummyIndividual),College(DummyIndividual),Course(DummyIndividual)}
11,11;{JournalArticle(DummyIndividual),Institute(DummyIndividual),Course(DummyIndividual)}
11,11;{JournalArticle(DummyIndividual),University(DummyIndividual),Course(DummyIndividual)}
11,22;{JournalArticle(DummyIndividual),Course(DummyIndividual),Organization(DummyIndividual)}
11,22;{JournalArticle(DummyIndividual),Course(DummyIndividual),Program(DummyIndividual)}
11,22;{JournalArticle(DummyIndividual),Course(DummyIndividual),Department(DummyIndividual)}
11,22;{JournalArticle(DummyIndividual),Course(DummyIndividual),ResearchGroup(DummyIndividual)}
11,33;{Course(DummyIndividual),Organization(DummyIndividual),Article(DummyIndividual)}
11,33;{Course(DummyIndividual),Organization(DummyIndividual),ConferencePaper(DummyIndividual)}
11,33;{Course(DummyIndividual),College(DummyIndividual),Article(DummyIndividual)}
11,43;{Course(DummyIndividual),College(DummyIndividual),ConferencePaper(DummyIndividual)}
11,43;{Course(DummyIndividual),Program(DummyIndividual),Article(DummyIndividual)}
11,43;{Course(DummyIndividual),Program(DummyIndividual),ConferencePaper(DummyIndividual)}
11,55;{Course(DummyIndividual),Institute(DummyIndividual),Article(DummyIndividual)}
11,55;{Course(DummyIndividual),Institute(DummyIndividual),ConferencePaper(DummyIndividual)}
11,55;{Course(DummyIndividual),University(DummyIndividual),Article(DummyIndividual)}
11,62;{Course(DummyIndividual),University(DummyIndividual),ConferencePaper(DummyIndividual)}
11,62;{Course(DummyIndividual),Department(DummyIndividual),Article(DummyIndividual)}
11,62;{Course(DummyIndividual),ResearchGroup(DummyIndividual),Article(DummyIndividual)}
11,71;{Course(DummyIndividual),ResearchGroup(DummyIndividual),ConferencePaper(DummyIndividual)}
