1,09;{Work(DummyIndividual),AssistantProfessor(DummyIndividual)}
1,36;{Work(DummyIndividual),Faculty(DummyIndividual)}
1,67;{Director(DummyIndividual),Research(DummyIndividual)}
1,96;{GraduateCourse(DummyIndividual),Chair(DummyIndividual)}
2,16;{GraduateCourse(DummyIndividual),AdministrativeStaff(DummyIndividual)}
2,38;{GraduateCourse(DummyIndividual),Director(DummyIndividual)}
2,68;{SystemsStaff(DummyIndividual),Course(DummyIndividual)}
2,90;{AssociateProfessor(DummyIndividual),Work(DummyIndividual)}
3,17;{AssociateProfessor(DummyIndividual),GraduateCourse(DummyIndividual)}
4,30;{Director(DummyIndividual),Work(DummyIndividual)}
4,30;{Director(DummyIndividual),Course(DummyIndividual)}
4,30;{AssistantProfessor(DummyIndividual),GraduateCourse(DummyIndividual)}
4,43;{AssistantProfessor(DummyIndividual),Course(DummyIndividual)}
4,43;{AssistantProfessor(DummyIndividual),Research(DummyIndividual)}
4,43;{Chair(DummyIndividual),Work(DummyIndividual)}
4,48;{Chair(DummyIndividual),Course(DummyIndividual)}
4,48;{Chair(DummyIndividual),Research(DummyIndividual)}
6,48;{Work(DummyIndividual),AdministrativeStaff(DummyIndividual)}
6,48;{Work(DummyIndividual),ClericalStaff(DummyIndividual)}
6,48;{Work(DummyIndividual),SystemsStaff(DummyIndividual)}
6,48;{Work(DummyIndividual),ResearchAssistant(DummyIndividual)}
6,57;{Work(DummyIndividual),PostDoc(DummyIndividual)}
6,57;{Work(DummyIndividual),Lecturer(DummyIndividual)}
6,62;{Work(DummyIndividual),Dean(DummyIndividual)}
6,62;{Work(DummyIndividual),Professor(DummyIndividual)}
6,65;{Work(DummyIndividual),FullProfessor(DummyIndividual)}
6,65;{Work(DummyIndividual),VisitingProfessor(DummyIndividual)}
6,65;{GraduateCourse(DummyIndividual),Employee(DummyIndividual)}
6,73;{GraduateCourse(DummyIndividual),ClericalStaff(DummyIndividual)}
6,77;{GraduateCourse(DummyIndividual),SystemsStaff(DummyIndividual)}
6,77;{GraduateCourse(DummyIndividual),ResearchAssistant(DummyIndividual)}
6,79;{GraduateCourse(DummyIndividual),PostDoc(DummyIndividual)}
6,79;{GraduateCourse(DummyIndividual),Faculty(DummyIndividual)}
6,82;{GraduateCourse(DummyIndividual),Lecturer(DummyIndividual)}
6,82;{GraduateCourse(DummyIndividual),Dean(DummyIndividual)}
6,85;{GraduateCourse(DummyIndividual),Professor(DummyIndividual)}
6,85;{GraduateCourse(DummyIndividual),FullProfessor(DummyIndividual)}
6,85;{GraduateCourse(DummyIndividual),VisitingProfessor(DummyIndividual)}
6,85;{Course(DummyIndividual),Employee(DummyIndividual)}
6,91;{Course(DummyIndividual),AdministrativeStaff(DummyIndividual)}
6,91;{Course(DummyIndividual),ClericalStaff(DummyIndividual)}
6,91;{Course(DummyIndividual),ResearchAssistant(DummyIndividual)}
6,96;{Course(DummyIndividual),PostDoc(DummyIndividual)}
6,96;{Course(DummyIndividual),Faculty(DummyIndividual)}
6,96;{Course(DummyIndividual),Lecturer(DummyIndividual)}
7,01;{Course(DummyIndividual),Dean(DummyIndividual)}
7,01;{Course(DummyIndividual),Professor(DummyIndividual)}
7,04;{Course(DummyIndividual),FullProfessor(DummyIndividual)}
7,04;{Course(DummyIndividual),VisitingProfessor(DummyIndividual)}
7,08;{Course(DummyIndividual),AssociateProfessor(DummyIndividual)}
7,08;{Research(DummyIndividual),Employee(DummyIndividual)}
7,10;{Research(DummyIndividual),AdministrativeStaff(DummyIndividual)}
7,12;{Research(DummyIndividual),ClericalStaff(DummyIndividual)}
7,12;{Research(DummyIndividual),SystemsStaff(DummyIndividual)}
7,16;{Research(DummyIndividual),ResearchAssistant(DummyIndividual)}
7,18;{Research(DummyIndividual),PostDoc(DummyIndividual)}
7,18;{Research(DummyIndividual),Faculty(DummyIndividual)}
7,21;{Research(DummyIndividual),Lecturer(DummyIndividual)}
7,23;{Research(DummyIndividual),Dean(DummyIndividual)}
7,24;{Research(DummyIndividual),Professor(DummyIndividual)}
7,26;{Research(DummyIndividual),FullProfessor(DummyIndividual)}
7,27;{Research(DummyIndividual),VisitingProfessor(DummyIndividual)}
7,27;{Research(DummyIndividual),AssociateProfessor(DummyIndividual)}
