1,37;{GraduateStudent(DummyIndividual),Lecturer(DummyIndividual)}
1,87;{UndergraduateStudent(DummyIndividual),Chair(DummyIndividual)}
2,18;{Dean(DummyIndividual),UndergraduateStudent(DummyIndividual)}
2,48;{AssistantProfessor(DummyIndividual),GraduateStudent(DummyIndividual)}
2,79;{AssistantProfessor(DummyIndividual),Student(DummyIndividual)}
4,27;{Student(DummyIndividual),Chair(DummyIndividual)}
4,27;{Student(DummyIndividual),PostDoc(DummyIndividual)}
4,27;{Student(DummyIndividual),Lecturer(DummyIndividual)}
4,27;{Student(DummyIndividual),Dean(DummyIndividual)}
4,27;{Student(DummyIndividual),Professor(DummyIndividual)}
4,27;{Student(DummyIndividual),FullProfessor(DummyIndividual)}
4,38;{Student(DummyIndividual),VisitingProfessor(DummyIndividual)}
4,38;{Student(DummyIndividual),AssociateProfessor(DummyIndividual)}
4,38;{UndergraduateStudent(DummyIndividual),AssistantProfessor(DummyIndividual)}
4,38;{UndergraduateStudent(DummyIndividual),PostDoc(DummyIndividual)}
4,38;{UndergraduateStudent(DummyIndividual),Faculty(DummyIndividual)}
4,38;{UndergraduateStudent(DummyIndividual),Lecturer(DummyIndividual)}
4,38;{UndergraduateStudent(DummyIndividual),Professor(DummyIndividual)}
4,38;{UndergraduateStudent(DummyIndividual),FullProfessor(DummyIndividual)}
4,38;{UndergraduateStudent(DummyIndividual),VisitingProfessor(DummyIndividual)}
4,50;{UndergraduateStudent(DummyIndividual),AssociateProfessor(DummyIndividual)}
5,23;{Chair(DummyIndividual),GraduateStudent(DummyIndividual)}
5,23;{GraduateStudent(DummyIndividual),PostDoc(DummyIndividual)}
5,23;{GraduateStudent(DummyIndividual),Faculty(DummyIndividual)}
5,23;{GraduateStudent(DummyIndividual),Dean(DummyIndividual)}
5,23;{GraduateStudent(DummyIndividual),Professor(DummyIndividual)}
5,23;{GraduateStudent(DummyIndividual),FullProfessor(DummyIndividual)}
5,23;{GraduateStudent(DummyIndividual),VisitingProfessor(DummyIndividual)}
5,34;{GraduateStudent(DummyIndividual),AssociateProfessor(DummyIndividual)}
