1,40;{GraduateCourse(DummyIndividual),ResearchGroup(DummyIndividual),TechnicalReport(DummyIndividual)}
1,68;{GraduateCourse(DummyIndividual),ResearchGroup(DummyIndividual),Article(DummyIndividual)}
2,20;{University(DummyIndividual),ConferencePaper(DummyIndividual),Course(DummyIndividual)}
2,48;{ConferencePaper(DummyIndividual),Department(DummyIndividual),GraduateCourse(DummyIndividual)}
3,83;{Article(DummyIndividual),GraduateCourse(DummyIndividual),College(DummyIndividual)}
3,93;{ConferencePaper(DummyIndividual),GraduateCourse(DummyIndividual),College(DummyIndividual)}
4,15;{JournalArticle(DummyIndividual),GraduateCourse(DummyIndividual),College(DummyIndividual)}
4,48;{TechnicalReport(DummyIndividual),GraduateCourse(DummyIndividual),College(DummyIndividual)}
4,80;{TechnicalReport(DummyIndividual),Organization(DummyIndividual),GraduateCourse(DummyIndividual)}
4,80;{TechnicalReport(DummyIndividual),Organization(DummyIndividual),Course(DummyIndividual)}
5,53;{TechnicalReport(DummyIndividual),College(DummyIndividual),Course(DummyIndividual)}
6,99;{TechnicalReport(DummyIndividual),Program(DummyIndividual),GraduateCourse(DummyIndividual)}
6,99;{TechnicalReport(DummyIndividual),Program(DummyIndividual),Course(DummyIndividual)}
6,99;{TechnicalReport(DummyIndividual),Institute(DummyIndividual),GraduateCourse(DummyIndividual)}
7,56;{TechnicalReport(DummyIndividual),Institute(DummyIndividual),Course(DummyIndividual)}
7,56;{TechnicalReport(DummyIndividual),University(DummyIndividual),GraduateCourse(DummyIndividual)}
7,56;{TechnicalReport(DummyIndividual),University(DummyIndividual),Course(DummyIndividual)}
7,56;{TechnicalReport(DummyIndividual),Department(DummyIndividual),GraduateCourse(DummyIndividual)}
7,66;{TechnicalReport(DummyIndividual),Department(DummyIndividual),Course(DummyIndividual)}
7,66;{TechnicalReport(DummyIndividual),ResearchGroup(DummyIndividual),Course(DummyIndividual)}
7,66;{GraduateCourse(DummyIndividual),Article(DummyIndividual),Organization(DummyIndividual)}
7,66;{GraduateCourse(DummyIndividual),Article(DummyIndividual),Program(DummyIndividual)}
7,75;{GraduateCourse(DummyIndividual),Article(DummyIndividual),Institute(DummyIndividual)}
7,75;{GraduateCourse(DummyIndividual),Article(DummyIndividual),University(DummyIndividual)}
7,75;{GraduateCourse(DummyIndividual),Article(DummyIndividual),Department(DummyIndividual)}
7,75;{GraduateCourse(DummyIndividual),ConferencePaper(DummyIndividual),Organization(DummyIndividual)}
7,75;{GraduateCourse(DummyIndividual),ConferencePaper(DummyIndividual),Program(DummyIndividual)}
7,75;{GraduateCourse(DummyIndividual),ConferencePaper(DummyIndividual),Institute(DummyIndividual)}
7,75;{GraduateCourse(DummyIndividual),ConferencePaper(DummyIndividual),University(DummyIndividual)}
7,86;{GraduateCourse(DummyIndividual),ConferencePaper(DummyIndividual),ResearchGroup(DummyIndividual)}
7,86;{GraduateCourse(DummyIndividual),Program(DummyIndividual),JournalArticle(DummyIndividual)}
7,86;{GraduateCourse(DummyIndividual),JournalArticle(DummyIndividual),Organization(DummyIndividual)}
7,86;{GraduateCourse(DummyIndividual),JournalArticle(DummyIndividual),University(DummyIndividual)}
7,86;{GraduateCourse(DummyIndividual),JournalArticle(DummyIndividual),Department(DummyIndividual)}
7,97;{GraduateCourse(DummyIndividual),JournalArticle(DummyIndividual),ResearchGroup(DummyIndividual)}
7,97;{JournalArticle(DummyIndividual),College(DummyIndividual),Course(DummyIndividual)}
7,97;{JournalArticle(DummyIndividual),Program(DummyIndividual),Course(DummyIndividual)}
7,97;{JournalArticle(DummyIndividual),University(DummyIndividual),Course(DummyIndividual)}
8,09;{JournalArticle(DummyIndividual),Course(DummyIndividual),Organization(DummyIndividual)}
8,09;{JournalArticle(DummyIndividual),Course(DummyIndividual),Institute(DummyIndividual)}
8,09;{JournalArticle(DummyIndividual),Course(DummyIndividual),Department(DummyIndividual)}
8,09;{JournalArticle(DummyIndividual),Course(DummyIndividual),ResearchGroup(DummyIndividual)}
8,09;{Course(DummyIndividual),Article(DummyIndividual),Organization(DummyIndividual)}
8,09;{Course(DummyIndividual),Article(DummyIndividual),College(DummyIndividual)}
8,09;{Course(DummyIndividual),Article(DummyIndividual),Program(DummyIndividual)}
8,20;{Course(DummyIndividual),Article(DummyIndividual),Institute(DummyIndividual)}
8,20;{Course(DummyIndividual),Article(DummyIndividual),University(DummyIndividual)}
8,20;{Course(DummyIndividual),Article(DummyIndividual),Department(DummyIndividual)}
8,20;{Course(DummyIndividual),Article(DummyIndividual),ResearchGroup(DummyIndividual)}
8,20;{Course(DummyIndividual),ConferencePaper(DummyIndividual),Organization(DummyIndividual)}
8,20;{Course(DummyIndividual),ConferencePaper(DummyIndividual),College(DummyIndividual)}
8,20;{Course(DummyIndividual),ConferencePaper(DummyIndividual),Program(DummyIndividual)}
8,20;{Course(DummyIndividual),ConferencePaper(DummyIndividual),Institute(DummyIndividual)}
8,31;{Course(DummyIndividual),ConferencePaper(DummyIndividual),Department(DummyIndividual)}
8,31;{Course(DummyIndividual),ConferencePaper(DummyIndividual),ResearchGroup(DummyIndividual)}
