1,40;{Organization(DummyIndividual),GraduateCourse(DummyIndividual),TechnicalReport(DummyIndividual)}
1,87;{Course(DummyIndividual),College(DummyIndividual),Article(DummyIndividual)}
2,24;{ConferencePaper(DummyIndividual),Department(DummyIndividual),Course(DummyIndividual)}
2,53;{ConferencePaper(DummyIndividual),College(DummyIndividual),GraduateCourse(DummyIndividual)}
5,59;{TechnicalReport(DummyIndividual),Organization(DummyIndividual),Course(DummyIndividual)}
5,90;{TechnicalReport(DummyIndividual),College(DummyIndividual),GraduateCourse(DummyIndividual)}
5,90;{TechnicalReport(DummyIndividual),College(DummyIndividual),Course(DummyIndividual)}
6,89;{TechnicalReport(DummyIndividual),Program(DummyIndividual),GraduateCourse(DummyIndividual)}
6,89;{TechnicalReport(DummyIndividual),Program(DummyIndividual),Course(DummyIndividual)}
6,89;{TechnicalReport(DummyIndividual),Institute(DummyIndividual),GraduateCourse(DummyIndividual)}
6,99;{TechnicalReport(DummyIndividual),Institute(DummyIndividual),Course(DummyIndividual)}
6,99;{TechnicalReport(DummyIndividual),University(DummyIndividual),GraduateCourse(DummyIndividual)}
6,99;{TechnicalReport(DummyIndividual),University(DummyIndividual),Course(DummyIndividual)}
6,99;{TechnicalReport(DummyIndividual),Department(DummyIndividual),GraduateCourse(DummyIndividual)}
6,99;{TechnicalReport(DummyIndividual),Department(DummyIndividual),Course(DummyIndividual)}
6,99;{TechnicalReport(DummyIndividual),ResearchGroup(DummyIndividual),GraduateCourse(DummyIndividual)}
7,12;{TechnicalReport(DummyIndividual),ResearchGroup(DummyIndividual),Course(DummyIndividual)}
7,95;{GraduateCourse(DummyIndividual),Organization(DummyIndividual),Article(DummyIndividual)}
7,95;{GraduateCourse(DummyIndividual),Organization(DummyIndividual),ConferencePaper(DummyIndividual)}
7,95;{GraduateCourse(DummyIndividual),Organization(DummyIndividual),JournalArticle(DummyIndividual)}
7,95;{GraduateCourse(DummyIndividual),College(DummyIndividual),Article(DummyIndividual)}
7,95;{GraduateCourse(DummyIndividual),College(DummyIndividual),JournalArticle(DummyIndividual)}
8,07;{GraduateCourse(DummyIndividual),Program(DummyIndividual),Article(DummyIndividual)}
8,07;{GraduateCourse(DummyIndividual),Program(DummyIndividual),ConferencePaper(DummyIndividual)}
8,07;{GraduateCourse(DummyIndividual),Program(DummyIndividual),JournalArticle(DummyIndividual)}
8,07;{GraduateCourse(DummyIndividual),Institute(DummyIndividual),Article(DummyIndividual)}
8,07;{GraduateCourse(DummyIndividual),Institute(DummyIndividual),ConferencePaper(DummyIndividual)}
8,07;{GraduateCourse(DummyIndividual),JournalArticle(DummyIndividual),University(DummyIndividual)}
8,07;{GraduateCourse(DummyIndividual),JournalArticle(DummyIndividual),Department(DummyIndividual)}
8,18;{GraduateCourse(DummyIndividual),JournalArticle(DummyIndividual),ResearchGroup(DummyIndividual)}
8,18;{GraduateCourse(DummyIndividual),University(DummyIndividual),Article(DummyIndividual)}
8,18;{GraduateCourse(DummyIndividual),University(DummyIndividual),ConferencePaper(DummyIndividual)}
8,18;{GraduateCourse(DummyIndividual),Department(DummyIndividual),Article(DummyIndividual)}
8,18;{GraduateCourse(DummyIndividual),Department(DummyIndividual),ConferencePaper(DummyIndividual)}
8,28;{GraduateCourse(DummyIndividual),ResearchGroup(DummyIndividual),Article(DummyIndividual)}
8,28;{GraduateCourse(DummyIndividual),ResearchGroup(DummyIndividual),ConferencePaper(DummyIndividual)}
8,28;{JournalArticle(DummyIndividual),College(DummyIndividual),Course(DummyIndividual)}
8,37;{JournalArticle(DummyIndividual),Program(DummyIndividual),Course(DummyIndividual)}
8,37;{JournalArticle(DummyIndividual),University(DummyIndividual),Course(DummyIndividual)}
8,37;{JournalArticle(DummyIndividual),Course(DummyIndividual),Organization(DummyIndividual)}
8,47;{JournalArticle(DummyIndividual),Course(DummyIndividual),Institute(DummyIndividual)}
8,47;{JournalArticle(DummyIndividual),Course(DummyIndividual),Department(DummyIndividual)}
8,47;{JournalArticle(DummyIndividual),Course(DummyIndividual),ResearchGroup(DummyIndividual)}
8,59;{Course(DummyIndividual),Organization(DummyIndividual),Article(DummyIndividual)}
8,59;{Course(DummyIndividual),Organization(DummyIndividual),ConferencePaper(DummyIndividual)}
8,67;{Course(DummyIndividual),College(DummyIndividual),ConferencePaper(DummyIndividual)}
8,67;{Course(DummyIndividual),Program(DummyIndividual),Article(DummyIndividual)}
8,67;{Course(DummyIndividual),Program(DummyIndividual),ConferencePaper(DummyIndividual)}
8,67;{Course(DummyIndividual),Institute(DummyIndividual),Article(DummyIndividual)}
8,79;{Course(DummyIndividual),Institute(DummyIndividual),ConferencePaper(DummyIndividual)}
8,79;{Course(DummyIndividual),University(DummyIndividual),Article(DummyIndividual)}
8,79;{Course(DummyIndividual),University(DummyIndividual),ConferencePaper(DummyIndividual)}
8,79;{Course(DummyIndividual),Department(DummyIndividual),Article(DummyIndividual)}
8,90;{Course(DummyIndividual),ResearchGroup(DummyIndividual),Article(DummyIndividual)}
8,90;{Course(DummyIndividual),ResearchGroup(DummyIndividual),ConferencePaper(DummyIndividual)}
