1,47;{University(DummyIndividual),GraduateCourse(DummyIndividual),Article(DummyIndividual)}
1,87;{JournalArticle(DummyIndividual),Department(DummyIndividual),Course(DummyIndividual)}
2,35;{ConferencePaper(DummyIndividual),Department(DummyIndividual),GraduateCourse(DummyIndividual)}
6,39;{TechnicalReport(DummyIndividual),Organization(DummyIndividual),GraduateCourse(DummyIndividual)}
6,39;{TechnicalReport(DummyIndividual),Organization(DummyIndividual),Course(DummyIndividual)}
6,39;{TechnicalReport(DummyIndividual),College(DummyIndividual),GraduateCourse(DummyIndividual)}
6,80;{TechnicalReport(DummyIndividual),College(DummyIndividual),Course(DummyIndividual)}
6,89;{TechnicalReport(DummyIndividual),Program(DummyIndividual),GraduateCourse(DummyIndividual)}
6,89;{TechnicalReport(DummyIndividual),Program(DummyIndividual),Course(DummyIndividual)}
6,89;{TechnicalReport(DummyIndividual),Institute(DummyIndividual),GraduateCourse(DummyIndividual)}
6,89;{TechnicalReport(DummyIndividual),Institute(DummyIndividual),Course(DummyIndividual)}
6,99;{TechnicalReport(DummyIndividual),University(DummyIndividual),Course(DummyIndividual)}
6,99;{TechnicalReport(DummyIndividual),Department(DummyIndividual),GraduateCourse(DummyIndividual)}
6,99;{TechnicalReport(DummyIndividual),Department(DummyIndividual),Course(DummyIndividual)}
6,99;{TechnicalReport(DummyIndividual),ResearchGroup(DummyIndividual),GraduateCourse(DummyIndividual)}
6,99;{TechnicalReport(DummyIndividual),ResearchGroup(DummyIndividual),Course(DummyIndividual)}
6,99;{GraduateCourse(DummyIndividual),Article(DummyIndividual),Organization(DummyIndividual)}
7,07;{GraduateCourse(DummyIndividual),Article(DummyIndividual),College(DummyIndividual)}
7,07;{GraduateCourse(DummyIndividual),Article(DummyIndividual),Program(DummyIndividual)}
7,07;{GraduateCourse(DummyIndividual),Article(DummyIndividual),Institute(DummyIndividual)}
7,07;{GraduateCourse(DummyIndividual),Article(DummyIndividual),Department(DummyIndividual)}
7,07;{GraduateCourse(DummyIndividual),Article(DummyIndividual),ResearchGroup(DummyIndividual)}
7,15;{GraduateCourse(DummyIndividual),ConferencePaper(DummyIndividual),Organization(DummyIndividual)}
7,15;{GraduateCourse(DummyIndividual),ConferencePaper(DummyIndividual),College(DummyIndividual)}
7,15;{GraduateCourse(DummyIndividual),ConferencePaper(DummyIndividual),Program(DummyIndividual)}
7,15;{GraduateCourse(DummyIndividual),ConferencePaper(DummyIndividual),Institute(DummyIndividual)}
7,15;{GraduateCourse(DummyIndividual),ConferencePaper(DummyIndividual),University(DummyIndividual)}
7,15;{GraduateCourse(DummyIndividual),ConferencePaper(DummyIndividual),ResearchGroup(DummyIndividual)}
8,16;{GraduateCourse(DummyIndividual),College(DummyIndividual),JournalArticle(DummyIndividual)}
8,25;{GraduateCourse(DummyIndividual),Program(DummyIndividual),JournalArticle(DummyIndividual)}
8,25;{GraduateCourse(DummyIndividual),Institute(DummyIndividual),JournalArticle(DummyIndividual)}
8,25;{GraduateCourse(DummyIndividual),JournalArticle(DummyIndividual),Organization(DummyIndividual)}
8,35;{GraduateCourse(DummyIndividual),JournalArticle(DummyIndividual),University(DummyIndividual)}
8,35;{GraduateCourse(DummyIndividual),JournalArticle(DummyIndividual),Department(DummyIndividual)}
8,35;{GraduateCourse(DummyIndividual),JournalArticle(DummyIndividual),ResearchGroup(DummyIndividual)}
8,46;{Course(DummyIndividual),Article(DummyIndividual),Organization(DummyIndividual)}
8,46;{Course(DummyIndividual),Article(DummyIndividual),College(DummyIndividual)}
8,46;{Course(DummyIndividual),Article(DummyIndividual),Program(DummyIndividual)}
8,57;{Course(DummyIndividual),Article(DummyIndividual),Institute(DummyIndividual)}
8,57;{Course(DummyIndividual),Article(DummyIndividual),University(DummyIndividual)}
8,57;{Course(DummyIndividual),Article(DummyIndividual),Department(DummyIndividual)}
8,57;{Course(DummyIndividual),Article(DummyIndividual),ResearchGroup(DummyIndividual)}
8,57;{Course(DummyIndividual),ConferencePaper(DummyIndividual),Organization(DummyIndividual)}
8,68;{Course(DummyIndividual),ConferencePaper(DummyIndividual),College(DummyIndividual)}
8,68;{Course(DummyIndividual),ConferencePaper(DummyIndividual),Program(DummyIndividual)}
8,68;{Course(DummyIndividual),ConferencePaper(DummyIndividual),Institute(DummyIndividual)}
8,68;{Course(DummyIndividual),ConferencePaper(DummyIndividual),University(DummyIndividual)}
8,68;{Course(DummyIndividual),ConferencePaper(DummyIndividual),Department(DummyIndividual)}
8,76;{Course(DummyIndividual),ConferencePaper(DummyIndividual),ResearchGroup(DummyIndividual)}
8,76;{Course(DummyIndividual),College(DummyIndividual),JournalArticle(DummyIndividual)}
8,85;{Course(DummyIndividual),Program(DummyIndividual),JournalArticle(DummyIndividual)}
8,85;{Course(DummyIndividual),Institute(DummyIndividual),JournalArticle(DummyIndividual)}
8,85;{Course(DummyIndividual),JournalArticle(DummyIndividual),Organization(DummyIndividual)}
8,85;{Course(DummyIndividual),JournalArticle(DummyIndividual),University(DummyIndividual)}
8,94;{Course(DummyIndividual),JournalArticle(DummyIndividual),ResearchGroup(DummyIndividual)}
