1,27;{GraduateCourse(DummyIndividual),ResearchGroup(DummyIndividual),TechnicalReport(DummyIndividual)}
1,56;{GraduateCourse(DummyIndividual),ResearchGroup(DummyIndividual),Article(DummyIndividual)}
1,95;{ConferencePaper(DummyIndividual),Department(DummyIndividual),Course(DummyIndividual)}
2,23;{University(DummyIndividual),ConferencePaper(DummyIndividual),GraduateCourse(DummyIndividual)}
5,16;{TechnicalReport(DummyIndividual),Organization(DummyIndividual),GraduateCourse(DummyIndividual)}
5,16;{TechnicalReport(DummyIndividual),Organization(DummyIndividual),Course(DummyIndividual)}
5,26;{TechnicalReport(DummyIndividual),College(DummyIndividual),GraduateCourse(DummyIndividual)}
5,68;{TechnicalReport(DummyIndividual),College(DummyIndividual),Course(DummyIndividual)}
7,38;{TechnicalReport(DummyIndividual),Program(DummyIndividual),GraduateCourse(DummyIndividual)}
7,38;{TechnicalReport(DummyIndividual),Program(DummyIndividual),Course(DummyIndividual)}
7,38;{TechnicalReport(DummyIndividual),Institute(DummyIndividual),GraduateCourse(DummyIndividual)}
7,38;{TechnicalReport(DummyIndividual),Institute(DummyIndividual),Course(DummyIndividual)}
7,38;{TechnicalReport(DummyIndividual),University(DummyIndividual),GraduateCourse(DummyIndividual)}
7,49;{TechnicalReport(DummyIndividual),University(DummyIndividual),Course(DummyIndividual)}
7,49;{TechnicalReport(DummyIndividual),Department(DummyIndividual),GraduateCourse(DummyIndividual)}
7,49;{TechnicalReport(DummyIndividual),Department(DummyIndividual),Course(DummyIndividual)}
7,58;{TechnicalReport(DummyIndividual),ResearchGroup(DummyIndividual),Course(DummyIndividual)}
7,58;{GraduateCourse(DummyIndividual),Organization(DummyIndividual),Article(DummyIndividual)}
7,58;{GraduateCourse(DummyIndividual),Organization(DummyIndividual),ConferencePaper(DummyIndividual)}
7,58;{GraduateCourse(DummyIndividual),Organization(DummyIndividual),JournalArticle(DummyIndividual)}
8,67;{GraduateCourse(DummyIndividual),College(DummyIndividual),Article(DummyIndividual)}
8,67;{GraduateCourse(DummyIndividual),College(DummyIndividual),ConferencePaper(DummyIndividual)}
8,67;{GraduateCourse(DummyIndividual),College(DummyIndividual),JournalArticle(DummyIndividual)}
8,75;{GraduateCourse(DummyIndividual),Program(DummyIndividual),Article(DummyIndividual)}
8,75;{GraduateCourse(DummyIndividual),Program(DummyIndividual),ConferencePaper(DummyIndividual)}
8,75;{GraduateCourse(DummyIndividual),Institute(DummyIndividual),Article(DummyIndividual)}
8,75;{GraduateCourse(DummyIndividual),Institute(DummyIndividual),ConferencePaper(DummyIndividual)}
8,75;{GraduateCourse(DummyIndividual),Institute(DummyIndividual),JournalArticle(DummyIndividual)}
8,86;{GraduateCourse(DummyIndividual),JournalArticle(DummyIndividual),University(DummyIndividual)}
8,86;{GraduateCourse(DummyIndividual),JournalArticle(DummyIndividual),Department(DummyIndividual)}
8,86;{GraduateCourse(DummyIndividual),JournalArticle(DummyIndividual),ResearchGroup(DummyIndividual)}
8,86;{GraduateCourse(DummyIndividual),University(DummyIndividual),Article(DummyIndividual)}
8,86;{GraduateCourse(DummyIndividual),Department(DummyIndividual),Article(DummyIndividual)}
8,96;{GraduateCourse(DummyIndividual),Department(DummyIndividual),ConferencePaper(DummyIndividual)}
8,96;{GraduateCourse(DummyIndividual),ResearchGroup(DummyIndividual),ConferencePaper(DummyIndividual)}
9,05;{JournalArticle(DummyIndividual),College(DummyIndividual),Course(DummyIndividual)}
9,22;{JournalArticle(DummyIndividual),Institute(DummyIndividual),Course(DummyIndividual)}
9,22;{JournalArticle(DummyIndividual),University(DummyIndividual),Course(DummyIndividual)}
9,22;{JournalArticle(DummyIndividual),Course(DummyIndividual),Organization(DummyIndividual)}
9,22;{JournalArticle(DummyIndividual),Course(DummyIndividual),Program(DummyIndividual)}
9,33;{JournalArticle(DummyIndividual),Course(DummyIndividual),Department(DummyIndividual)}
9,33;{JournalArticle(DummyIndividual),Course(DummyIndividual),ResearchGroup(DummyIndividual)}
9,44;{Course(DummyIndividual),Organization(DummyIndividual),Article(DummyIndividual)}
9,44;{Course(DummyIndividual),Organization(DummyIndividual),ConferencePaper(DummyIndividual)}
9,44;{Course(DummyIndividual),College(DummyIndividual),Article(DummyIndividual)}
9,44;{Course(DummyIndividual),College(DummyIndividual),ConferencePaper(DummyIndividual)}
9,54;{Course(DummyIndividual),Program(DummyIndividual),Article(DummyIndividual)}
9,54;{Course(DummyIndividual),Program(DummyIndividual),ConferencePaper(DummyIndividual)}
9,54;{Course(DummyIndividual),Institute(DummyIndividual),Article(DummyIndividual)}
9,54;{Course(DummyIndividual),Institute(DummyIndividual),ConferencePaper(DummyIndividual)}
9,64;{Course(DummyIndividual),University(DummyIndividual),Article(DummyIndividual)}
9,64;{Course(DummyIndividual),University(DummyIndividual),ConferencePaper(DummyIndividual)}
9,64;{Course(DummyIndividual),Department(DummyIndividual),Article(DummyIndividual)}
9,75;{Course(DummyIndividual),ResearchGroup(DummyIndividual),Article(DummyIndividual)}
9,75;{Course(DummyIndividual),ResearchGroup(DummyIndividual),ConferencePaper(DummyIndividual)}
