1,25;{Professor(DummyIndividual),ClericalStaff(DummyIndividual)}
1,55;{Professor(DummyIndividual),AdministrativeStaff(DummyIndividual)}
2,02;{SystemsStaff(DummyIndividual),AssistantProfessor(DummyIndividual)}
2,33;{SystemsStaff(DummyIndividual),PostDoc(DummyIndividual)}
2,63;{AssociateProfessor(DummyIndividual),SystemsStaff(DummyIndividual)}
4,75;{AdministrativeStaff(DummyIndividual),AssistantProfessor(DummyIndividual)}
4,75;{AdministrativeStaff(DummyIndividual),Chair(DummyIndividual)}
4,75;{AdministrativeStaff(DummyIndividual),PostDoc(DummyIndividual)}
4,85;{AdministrativeStaff(DummyIndividual),Faculty(DummyIndividual)}
4,85;{AdministrativeStaff(DummyIndividual),Dean(DummyIndividual)}
4,85;{AdministrativeStaff(DummyIndividual),FullProfessor(DummyIndividual)}
4,85;{AdministrativeStaff(DummyIndividual),VisitingProfessor(DummyIndividual)}
4,85;{AdministrativeStaff(DummyIndividual),AssociateProfessor(DummyIndividual)}
5,69;{AssistantProfessor(DummyIndividual),ClericalStaff(DummyIndividual)}
5,69;{ClericalStaff(DummyIndividual),Chair(DummyIndividual)}
5,69;{ClericalStaff(DummyIndividual),PostDoc(DummyIndividual)}
5,69;{ClericalStaff(DummyIndividual),Faculty(DummyIndividual)}
5,69;{ClericalStaff(DummyIndividual),Lecturer(DummyIndividual)}
5,79;{ClericalStaff(DummyIndividual),Dean(DummyIndividual)}
5,79;{ClericalStaff(DummyIndividual),FullProfessor(DummyIndividual)}
5,79;{ClericalStaff(DummyIndividual),VisitingProfessor(DummyIndividual)}
5,79;{ClericalStaff(DummyIndividual),AssociateProfessor(DummyIndividual)}
5,79;{SystemsStaff(DummyIndividual),Chair(DummyIndividual)}
5,79;{SystemsStaff(DummyIndividual),Faculty(DummyIndividual)}
5,89;{SystemsStaff(DummyIndividual),Lecturer(DummyIndividual)}
5,89;{SystemsStaff(DummyIndividual),Dean(DummyIndividual)}
5,89;{SystemsStaff(DummyIndividual),Professor(DummyIndividual)}
5,89;{SystemsStaff(DummyIndividual),FullProfessor(DummyIndividual)}
5,89;{SystemsStaff(DummyIndividual),VisitingProfessor(DummyIndividual)}
