0,86;{Student(DummyIndividual),Faculty(DummyIndividual)}
1,06;{Student(DummyIndividual),AssociateProfessor(DummyIndividual)}
1,35;{Director(DummyIndividual),Student(DummyIndividual)}
1,65;{GraduateStudent(DummyIndividual),Chair(DummyIndividual)}
1,84;{GraduateStudent(DummyIndividual),AdministrativeStaff(DummyIndividual)}
2,15;{GraduateStudent(DummyIndividual),Director(DummyIndividual)}
2,55;{UndergraduateStudent(DummyIndividual),ClericalStaff(DummyIndividual)}
2,75;{Dean(DummyIndividual),UndergraduateStudent(DummyIndividual)}
3,05;{Employee(DummyIndividual),GraduateStudent(DummyIndividual)}
4,25;{Director(DummyIndividual),UndergraduateStudent(DummyIndividual)}
4,55;{Student(DummyIndividual),Employee(DummyIndividual)}
6,55;{Student(DummyIndividual),AdministrativeStaff(DummyIndividual)}
6,55;{Student(DummyIndividual),AssistantProfessor(DummyIndividual)}
6,55;{Student(DummyIndividual),Chair(DummyIndividual)}
6,67;{Student(DummyIndividual),ClericalStaff(DummyIndividual)}
6,67;{Student(DummyIndividual),SystemsStaff(DummyIndividual)}
6,67;{Student(DummyIndividual),ResearchAssistant(DummyIndividual)}
6,67;{Student(DummyIndividual),PostDoc(DummyIndividual)}
6,77;{Student(DummyIndividual),Lecturer(DummyIndividual)}
6,86;{Student(DummyIndividual),Dean(DummyIndividual)}
6,86;{Student(DummyIndividual),Professor(DummyIndividual)}
6,86;{Student(DummyIndividual),FullProfessor(DummyIndividual)}
6,96;{Student(DummyIndividual),VisitingProfessor(DummyIndividual)}
6,96;{UndergraduateStudent(DummyIndividual),Employee(DummyIndividual)}
7,04;{UndergraduateStudent(DummyIndividual),AdministrativeStaff(DummyIndividual)}
7,04;{UndergraduateStudent(DummyIndividual),AssistantProfessor(DummyIndividual)}
7,04;{UndergraduateStudent(DummyIndividual),Chair(DummyIndividual)}
7,04;{UndergraduateStudent(DummyIndividual),SystemsStaff(DummyIndividual)}
7,04;{UndergraduateStudent(DummyIndividual),ResearchAssistant(DummyIndividual)}
7,17;{UndergraduateStudent(DummyIndividual),PostDoc(DummyIndividual)}
7,17;{UndergraduateStudent(DummyIndividual),Faculty(DummyIndividual)}
7,17;{UndergraduateStudent(DummyIndividual),Lecturer(DummyIndividual)}
7,31;{UndergraduateStudent(DummyIndividual),Professor(DummyIndividual)}
7,44;{UndergraduateStudent(DummyIndividual),FullProfessor(DummyIndividual)}
7,44;{UndergraduateStudent(DummyIndividual),VisitingProfessor(DummyIndividual)}
7,44;{UndergraduateStudent(DummyIndividual),AssociateProfessor(DummyIndividual)}
8,35;{ClericalStaff(DummyIndividual),GraduateStudent(DummyIndividual)}
8,59;{GraduateStudent(DummyIndividual),AssistantProfessor(DummyIndividual)}
8,59;{GraduateStudent(DummyIndividual),SystemsStaff(DummyIndividual)}
8,70;{GraduateStudent(DummyIndividual),ResearchAssistant(DummyIndividual)}
8,70;{GraduateStudent(DummyIndividual),PostDoc(DummyIndividual)}
8,70;{GraduateStudent(DummyIndividual),Faculty(DummyIndividual)}
8,70;{GraduateStudent(DummyIndividual),Lecturer(DummyIndividual)}
8,90;{GraduateStudent(DummyIndividual),Dean(DummyIndividual)}
8,90;{GraduateStudent(DummyIndividual),Professor(DummyIndividual)}
8,90;{GraduateStudent(DummyIndividual),FullProfessor(DummyIndividual)}
8,90;{GraduateStudent(DummyIndividual),VisitingProfessor(DummyIndividual)}
8,90;{GraduateStudent(DummyIndividual),AssociateProfessor(DummyIndividual)}
