0,83;{GraduateStudent(DummyIndividual),Employee(DummyIndividual)}
0,94;{GraduateStudent(DummyIndividual),PostDoc(DummyIndividual)}
1,35;{SystemsStaff(DummyIndividual),GraduateStudent(DummyIndividual)}
1,63;{UndergraduateStudent(DummyIndividual),Chair(DummyIndividual)}
1,83;{Dean(DummyIndividual),Student(DummyIndividual)}
1,92;{Dean(DummyIndividual),UndergraduateStudent(DummyIndividual)}
2,11;{Student(DummyIndividual),Employee(DummyIndividual)}
2,11;{Student(DummyIndividual),Director(DummyIndividual)}
4,33;{Student(DummyIndividual),AdministrativeStaff(DummyIndividual)}
4,33;{Student(DummyIndividual),AssistantProfessor(DummyIndividual)}
4,45;{Student(DummyIndividual),Chair(DummyIndividual)}
4,45;{Student(DummyIndividual),ClericalStaff(DummyIndividual)}
4,45;{Student(DummyIndividual),SystemsStaff(DummyIndividual)}
4,45;{Student(DummyIndividual),ResearchAssistant(DummyIndividual)}
4,55;{Student(DummyIndividual),PostDoc(DummyIndividual)}
4,55;{Student(DummyIndividual),Faculty(DummyIndividual)}
4,55;{Student(DummyIndividual),Lecturer(DummyIndividual)}
4,75;{Student(DummyIndividual),Professor(DummyIndividual)}
4,75;{Student(DummyIndividual),FullProfessor(DummyIndividual)}
4,75;{Student(DummyIndividual),VisitingProfessor(DummyIndividual)}
4,86;{Student(DummyIndividual),AssociateProfessor(DummyIndividual)}
4,86;{UndergraduateStudent(DummyIndividual),Employee(DummyIndividual)}
4,86;{UndergraduateStudent(DummyIndividual),Director(DummyIndividual)}
4,97;{UndergraduateStudent(DummyIndividual),AdministrativeStaff(DummyIndividual)}
4,97;{UndergraduateStudent(DummyIndividual),AssistantProfessor(DummyIndividual)}
4,97;{UndergraduateStudent(DummyIndividual),ClericalStaff(DummyIndividual)}
4,97;{UndergraduateStudent(DummyIndividual),SystemsStaff(DummyIndividual)}
5,05;{UndergraduateStudent(DummyIndividual),ResearchAssistant(DummyIndividual)}
5,05;{UndergraduateStudent(DummyIndividual),PostDoc(DummyIndividual)}
5,05;{UndergraduateStudent(DummyIndividual),Faculty(DummyIndividual)}
5,05;{UndergraduateStudent(DummyIndividual),Lecturer(DummyIndividual)}
5,26;{UndergraduateStudent(DummyIndividual),Professor(DummyIndividual)}
5,26;{UndergraduateStudent(DummyIndividual),FullProfessor(DummyIndividual)}
5,26;{UndergraduateStudent(DummyIndividual),VisitingProfessor(DummyIndividual)}
5,38;{UndergraduateStudent(DummyIndividual),AssociateProfessor(DummyIndividual)}
6,47;{Chair(DummyIndividual),GraduateStudent(DummyIndividual)}
6,96;{GraduateStudent(DummyIndividual),Director(DummyIndividual)}
7,05;{GraduateStudent(DummyIndividual),AdministrativeStaff(DummyIndividual)}
7,05;{GraduateStudent(DummyIndividual),AssistantProfessor(DummyIndividual)}
7,05;{GraduateStudent(DummyIndividual),ClericalStaff(DummyIndividual)}
7,05;{GraduateStudent(DummyIndividual),ResearchAssistant(DummyIndividual)}
7,17;{GraduateStudent(DummyIndividual),Faculty(DummyIndividual)}
7,17;{GraduateStudent(DummyIndividual),Lecturer(DummyIndividual)}
7,17;{GraduateStudent(DummyIndividual),Dean(DummyIndividual)}
7,17;{GraduateStudent(DummyIndividual),Professor(DummyIndividual)}
7,28;{GraduateStudent(DummyIndividual),FullProfessor(DummyIndividual)}
7,28;{GraduateStudent(DummyIndividual),VisitingProfessor(DummyIndividual)}
7,28;{GraduateStudent(DummyIndividual),AssociateProfessor(DummyIndividual)}
