0,90;{Student(DummyIndividual),Faculty(DummyIndividual)}
1,16;{Student(DummyIndividual),AssociateProfessor(DummyIndividual)}
1,55;{FullProfessor(DummyIndividual),Student(DummyIndividual)}
1,97;{GraduateStudent(DummyIndividual),Employee(DummyIndividual)}
1,97;{GraduateStudent(DummyIndividual),PostDoc(DummyIndividual)}
2,26;{AssistantProfessor(DummyIndividual),GraduateStudent(DummyIndividual)}
2,57;{UndergraduateStudent(DummyIndividual),ClericalStaff(DummyIndividual)}
2,77;{Dean(DummyIndividual),UndergraduateStudent(DummyIndividual)}
2,97;{Student(DummyIndividual),Employee(DummyIndividual)}
2,97;{Student(DummyIndividual),Director(DummyIndividual)}
2,97;{Student(DummyIndividual),AdministrativeStaff(DummyIndividual)}
3,08;{Student(DummyIndividual),AssistantProfessor(DummyIndividual)}
3,08;{Student(DummyIndividual),Chair(DummyIndividual)}
3,08;{Student(DummyIndividual),ClericalStaff(DummyIndividual)}
3,08;{Student(DummyIndividual),SystemsStaff(DummyIndividual)}
3,08;{Student(DummyIndividual),ResearchAssistant(DummyIndividual)}
5,56;{Student(DummyIndividual),PostDoc(DummyIndividual)}
5,56;{Student(DummyIndividual),Lecturer(DummyIndividual)}
5,72;{Student(DummyIndividual),Dean(DummyIndividual)}
5,72;{Student(DummyIndividual),Professor(DummyIndividual)}
5,72;{Student(DummyIndividual),VisitingProfessor(DummyIndividual)}
5,83;{UndergraduateStudent(DummyIndividual),Employee(DummyIndividual)}
5,83;{UndergraduateStudent(DummyIndividual),Director(DummyIndividual)}
5,83;{UndergraduateStudent(DummyIndividual),AdministrativeStaff(DummyIndividual)}
5,83;{UndergraduateStudent(DummyIndividual),AssistantProfessor(DummyIndividual)}
5,93;{UndergraduateStudent(DummyIndividual),Chair(DummyIndividual)}
5,93;{UndergraduateStudent(DummyIndividual),SystemsStaff(DummyIndividual)}
5,93;{UndergraduateStudent(DummyIndividual),ResearchAssistant(DummyIndividual)}
5,93;{UndergraduateStudent(DummyIndividual),PostDoc(DummyIndividual)}
6,04;{UndergraduateStudent(DummyIndividual),Faculty(DummyIndividual)}
6,04;{UndergraduateStudent(DummyIndividual),Lecturer(DummyIndividual)}
6,15;{UndergraduateStudent(DummyIndividual),Professor(DummyIndividual)}
6,15;{UndergraduateStudent(DummyIndividual),FullProfessor(DummyIndividual)}
6,24;{UndergraduateStudent(DummyIndividual),VisitingProfessor(DummyIndividual)}
6,24;{UndergraduateStudent(DummyIndividual),AssociateProfessor(DummyIndividual)}
7,46;{ClericalStaff(DummyIndividual),GraduateStudent(DummyIndividual)}
7,96;{GraduateStudent(DummyIndividual),Director(DummyIndividual)}
8,06;{GraduateStudent(DummyIndividual),AdministrativeStaff(DummyIndividual)}
8,06;{GraduateStudent(DummyIndividual),Chair(DummyIndividual)}
8,06;{GraduateStudent(DummyIndividual),SystemsStaff(DummyIndividual)}
8,06;{GraduateStudent(DummyIndividual),ResearchAssistant(DummyIndividual)}
8,19;{GraduateStudent(DummyIndividual),Faculty(DummyIndividual)}
8,19;{GraduateStudent(DummyIndividual),Lecturer(DummyIndividual)}
8,30;{GraduateStudent(DummyIndividual),Dean(DummyIndividual)}
8,30;{GraduateStudent(DummyIndividual),Professor(DummyIndividual)}
8,30;{GraduateStudent(DummyIndividual),FullProfessor(DummyIndividual)}
8,41;{GraduateStudent(DummyIndividual),VisitingProfessor(DummyIndividual)}
8,41;{GraduateStudent(DummyIndividual),AssociateProfessor(DummyIndividual)}
