0,95;{Student(DummyIndividual),Faculty(DummyIndividual)}
1,16;{Student(DummyIndividual),AssociateProfessor(DummyIndividual)}
1,52;{Employee(DummyIndividual),Student(DummyIndividual)}
1,82;{GraduateStudent(DummyIndividual),Chair(DummyIndividual)}
2,02;{GraduateStudent(DummyIndividual),Lecturer(DummyIndividual)}
2,21;{GraduateStudent(DummyIndividual),AdministrativeStaff(DummyIndividual)}
2,42;{GraduateStudent(DummyIndividual),Employee(DummyIndividual)}
2,52;{GraduateStudent(DummyIndividual),AssistantProfessor(DummyIndividual)}
2,82;{UndergraduateStudent(DummyIndividual),ClericalStaff(DummyIndividual)}
3,01;{Dean(DummyIndividual),UndergraduateStudent(DummyIndividual)}
3,31;{SystemsStaff(DummyIndividual),GraduateStudent(DummyIndividual)}
3,42;{Student(DummyIndividual),Director(DummyIndividual)}
5,42;{Student(DummyIndividual),AdministrativeStaff(DummyIndividual)}
5,42;{Student(DummyIndividual),AssistantProfessor(DummyIndividual)}
5,52;{Student(DummyIndividual),Chair(DummyIndividual)}
5,52;{Student(DummyIndividual),ClericalStaff(DummyIndividual)}
5,52;{Student(DummyIndividual),SystemsStaff(DummyIndividual)}
5,52;{Student(DummyIndividual),ResearchAssistant(DummyIndividual)}
5,52;{Student(DummyIndividual),PostDoc(DummyIndividual)}
5,65;{Student(DummyIndividual),Lecturer(DummyIndividual)}
5,77;{Student(DummyIndividual),Dean(DummyIndividual)}
5,77;{Student(DummyIndividual),Professor(DummyIndividual)}
5,77;{Student(DummyIndividual),FullProfessor(DummyIndividual)}
5,77;{Student(DummyIndividual),VisitingProfessor(DummyIndividual)}
6,89;{AssistantProfessor(DummyIndividual),UndergraduateStudent(DummyIndividual)}
7,20;{UndergraduateStudent(DummyIndividual),Employee(DummyIndividual)}
7,20;{UndergraduateStudent(DummyIndividual),Director(DummyIndividual)}
7,31;{UndergraduateStudent(DummyIndividual),AdministrativeStaff(DummyIndividual)}
7,31;{UndergraduateStudent(DummyIndividual),Chair(DummyIndividual)}
7,31;{UndergraduateStudent(DummyIndividual),SystemsStaff(DummyIndividual)}
7,31;{UndergraduateStudent(DummyIndividual),ResearchAssistant(DummyIndividual)}
7,41;{UndergraduateStudent(DummyIndividual),PostDoc(DummyIndividual)}
7,41;{UndergraduateStudent(DummyIndividual),Faculty(DummyIndividual)}
7,41;{UndergraduateStudent(DummyIndividual),Lecturer(DummyIndividual)}
7,51;{UndergraduateStudent(DummyIndividual),Professor(DummyIndividual)}
7,51;{UndergraduateStudent(DummyIndividual),FullProfessor(DummyIndividual)}
7,61;{UndergraduateStudent(DummyIndividual),VisitingProfessor(DummyIndividual)}
7,61;{UndergraduateStudent(DummyIndividual),AssociateProfessor(DummyIndividual)}
8,55;{ClericalStaff(DummyIndividual),GraduateStudent(DummyIndividual)}
9,07;{GraduateStudent(DummyIndividual),Director(DummyIndividual)}
9,17;{GraduateStudent(DummyIndividual),ResearchAssistant(DummyIndividual)}
9,17;{GraduateStudent(DummyIndividual),PostDoc(DummyIndividual)}
9,17;{GraduateStudent(DummyIndividual),Faculty(DummyIndividual)}
9,28;{GraduateStudent(DummyIndividual),Dean(DummyIndividual)}
9,39;{GraduateStudent(DummyIndividual),Professor(DummyIndividual)}
9,39;{GraduateStudent(DummyIndividual),FullProfessor(DummyIndividual)}
9,39;{GraduateStudent(DummyIndividual),VisitingProfessor(DummyIndividual)}
9,39;{GraduateStudent(DummyIndividual),AssociateProfessor(DummyIndividual)}
