0,87;{GraduateStudent(DummyIndividual),Employee(DummyIndividual)}
0,97;{GraduateStudent(DummyIndividual),PostDoc(DummyIndividual)}
1,08;{Lecturer(DummyIndividual),GraduateStudent(DummyIndividual)}
1,66;{UndergraduateStudent(DummyIndividual),Chair(DummyIndividual)}
1,87;{Dean(DummyIndividual),Student(DummyIndividual)}
1,97;{Dean(DummyIndividual),UndergraduateStudent(DummyIndividual)}
2,16;{Student(DummyIndividual),Employee(DummyIndividual)}
4,78;{Student(DummyIndividual),Director(DummyIndividual)}
4,78;{Student(DummyIndividual),AdministrativeStaff(DummyIndividual)}
4,78;{Student(DummyIndividual),AssistantProfessor(DummyIndividual)}
4,88;{Student(DummyIndividual),Chair(DummyIndividual)}
4,88;{Student(DummyIndividual),ClericalStaff(DummyIndividual)}
4,88;{Student(DummyIndividual),SystemsStaff(DummyIndividual)}
4,88;{Student(DummyIndividual),ResearchAssistant(DummyIndividual)}
4,88;{Student(DummyIndividual),PostDoc(DummyIndividual)}
4,99;{Student(DummyIndividual),Faculty(DummyIndividual)}
4,99;{Student(DummyIndividual),Lecturer(DummyIndividual)}
5,10;{Student(DummyIndividual),Professor(DummyIndividual)}
5,10;{Student(DummyIndividual),FullProfessor(DummyIndividual)}
5,10;{Student(DummyIndividual),VisitingProfessor(DummyIndividual)}
5,19;{Student(DummyIndividual),AssociateProfessor(DummyIndividual)}
5,19;{UndergraduateStudent(DummyIndividual),Employee(DummyIndividual)}
5,19;{UndergraduateStudent(DummyIndividual),Director(DummyIndividual)}
5,19;{UndergraduateStudent(DummyIndividual),AdministrativeStaff(DummyIndividual)}
5,31;{UndergraduateStudent(DummyIndividual),AssistantProfessor(DummyIndividual)}
5,31;{UndergraduateStudent(DummyIndividual),ClericalStaff(DummyIndividual)}
5,31;{UndergraduateStudent(DummyIndividual),SystemsStaff(DummyIndividual)}
5,31;{UndergraduateStudent(DummyIndividual),ResearchAssistant(DummyIndividual)}
5,31;{UndergraduateStudent(DummyIndividual),PostDoc(DummyIndividual)}
5,31;{UndergraduateStudent(DummyIndividual),Faculty(DummyIndividual)}
5,42;{UndergraduateStudent(DummyIndividual),Lecturer(DummyIndividual)}
5,49;{UndergraduateStudent(DummyIndividual),Professor(DummyIndividual)}
5,49;{UndergraduateStudent(DummyIndividual),FullProfessor(DummyIndividual)}
5,49;{UndergraduateStudent(DummyIndividual),VisitingProfessor(DummyIndividual)}
5,49;{UndergraduateStudent(DummyIndividual),AssociateProfessor(DummyIndividual)}
6,62;{Chair(DummyIndividual),GraduateStudent(DummyIndividual)}
7,35;{GraduateStudent(DummyIndividual),Director(DummyIndividual)}
7,35;{GraduateStudent(DummyIndividual),AdministrativeStaff(DummyIndividual)}
7,35;{GraduateStudent(DummyIndividual),AssistantProfessor(DummyIndividual)}
7,47;{GraduateStudent(DummyIndividual),ClericalStaff(DummyIndividual)}
7,47;{GraduateStudent(DummyIndividual),SystemsStaff(DummyIndividual)}
7,47;{GraduateStudent(DummyIndividual),ResearchAssistant(DummyIndividual)}
7,47;{GraduateStudent(DummyIndividual),Faculty(DummyIndividual)}
7,56;{GraduateStudent(DummyIndividual),Dean(DummyIndividual)}
7,56;{GraduateStudent(DummyIndividual),Professor(DummyIndividual)}
7,56;{GraduateStudent(DummyIndividual),FullProfessor(DummyIndividual)}
7,70;{GraduateStudent(DummyIndividual),VisitingProfessor(DummyIndividual)}
7,70;{GraduateStudent(DummyIndividual),AssociateProfessor(DummyIndividual)}
