0,77;{Student(DummyIndividual),Faculty(DummyIndividual)}
1,14;{AssistantProfessor(DummyIndividual),Student(DummyIndividual)}
1,66;{GraduateStudent(DummyIndividual),Employee(DummyIndividual)}
1,73;{GraduateStudent(DummyIndividual),PostDoc(DummyIndividual)}
2,02;{SystemsStaff(DummyIndividual),GraduateStudent(DummyIndividual)}
2,45;{UndergraduateStudent(DummyIndividual),Chair(DummyIndividual)}
2,65;{Dean(DummyIndividual),UndergraduateStudent(DummyIndividual)}
2,85;{Student(DummyIndividual),Employee(DummyIndividual)}
2,85;{Student(DummyIndividual),Director(DummyIndividual)}
2,94;{Student(DummyIndividual),AdministrativeStaff(DummyIndividual)}
3,04;{Student(DummyIndividual),Chair(DummyIndividual)}
3,04;{Student(DummyIndividual),ClericalStaff(DummyIndividual)}
3,04;{Student(DummyIndividual),SystemsStaff(DummyIndividual)}
3,04;{Student(DummyIndividual),ResearchAssistant(DummyIndividual)}
6,17;{Student(DummyIndividual),PostDoc(DummyIndividual)}
6,17;{Student(DummyIndividual),Lecturer(DummyIndividual)}
6,37;{Student(DummyIndividual),Dean(DummyIndividual)}
6,37;{Student(DummyIndividual),Professor(DummyIndividual)}
6,37;{Student(DummyIndividual),FullProfessor(DummyIndividual)}
6,45;{Student(DummyIndividual),VisitingProfessor(DummyIndividual)}
6,45;{Student(DummyIndividual),AssociateProfessor(DummyIndividual)}
6,45;{UndergraduateStudent(DummyIndividual),Employee(DummyIndividual)}
6,45;{UndergraduateStudent(DummyIndividual),Director(DummyIndividual)}
6,45;{UndergraduateStudent(DummyIndividual),AdministrativeStaff(DummyIndividual)}
6,56;{UndergraduateStudent(DummyIndividual),AssistantProfessor(DummyIndividual)}
6,56;{UndergraduateStudent(DummyIndividual),ClericalStaff(DummyIndividual)}
6,56;{UndergraduateStudent(DummyIndividual),SystemsStaff(DummyIndividual)}
6,56;{UndergraduateStudent(DummyIndividual),ResearchAssistant(DummyIndividual)}
6,56;{UndergraduateStudent(DummyIndividual),PostDoc(DummyIndividual)}
6,67;{UndergraduateStudent(DummyIndividual),Faculty(DummyIndividual)}
6,67;{UndergraduateStudent(DummyIndividual),Lecturer(DummyIndividual)}
6,77;{UndergraduateStudent(DummyIndividual),Professor(DummyIndividual)}
6,77;{UndergraduateStudent(DummyIndividual),FullProfessor(DummyIndividual)}
6,83;{UndergraduateStudent(DummyIndividual),VisitingProfessor(DummyIndividual)}
6,83;{UndergraduateStudent(DummyIndividual),AssociateProfessor(DummyIndividual)}
7,96;{Chair(DummyIndividual),GraduateStudent(DummyIndividual)}
8,38;{GraduateStudent(DummyIndividual),Director(DummyIndividual)}
8,38;{GraduateStudent(DummyIndividual),AdministrativeStaff(DummyIndividual)}
8,38;{GraduateStudent(DummyIndividual),AssistantProfessor(DummyIndividual)}
8,38;{GraduateStudent(DummyIndividual),ClericalStaff(DummyIndividual)}
8,38;{GraduateStudent(DummyIndividual),ResearchAssistant(DummyIndividual)}
8,50;{GraduateStudent(DummyIndividual),Faculty(DummyIndividual)}
8,50;{GraduateStudent(DummyIndividual),Lecturer(DummyIndividual)}
8,50;{GraduateStudent(DummyIndividual),Dean(DummyIndividual)}
8,61;{GraduateStudent(DummyIndividual),Professor(DummyIndividual)}
8,61;{GraduateStudent(DummyIndividual),FullProfessor(DummyIndividual)}
8,61;{GraduateStudent(DummyIndividual),VisitingProfessor(DummyIndividual)}
8,61;{GraduateStudent(DummyIndividual),AssociateProfessor(DummyIndividual)}
