0,85;{Student(DummyIndividual),Faculty(DummyIndividual)}
1,20;{Student(DummyIndividual),AssociateProfessor(DummyIndividual)}
1,68;{AssistantProfessor(DummyIndividual),Student(DummyIndividual)}
1,97;{GraduateStudent(DummyIndividual),ClericalStaff(DummyIndividual)}
2,17;{GraduateStudent(DummyIndividual),Lecturer(DummyIndividual)}
2,36;{GraduateStudent(DummyIndividual),AdministrativeStaff(DummyIndividual)}
2,66;{GraduateStudent(DummyIndividual),ResearchAssistant(DummyIndividual)}
2,88;{GraduateStudent(DummyIndividual),AssistantProfessor(DummyIndividual)}
3,07;{GraduateStudent(DummyIndividual),FullProfessor(DummyIndividual)}
3,27;{GraduateStudent(DummyIndividual),Director(DummyIndividual)}
3,66;{UndergraduateStudent(DummyIndividual),Chair(DummyIndividual)}
3,77;{Dean(DummyIndividual),UndergraduateStudent(DummyIndividual)}
4,15;{Employee(DummyIndividual),GraduateStudent(DummyIndividual)}
5,25;{Director(DummyIndividual),Student(DummyIndividual)}
5,25;{Director(DummyIndividual),UndergraduateStudent(DummyIndividual)}
5,71;{Student(DummyIndividual),Employee(DummyIndividual)}
7,94;{Student(DummyIndividual),AdministrativeStaff(DummyIndividual)}
7,94;{Student(DummyIndividual),Chair(DummyIndividual)}
7,94;{Student(DummyIndividual),ClericalStaff(DummyIndividual)}
7,94;{Student(DummyIndividual),SystemsStaff(DummyIndividual)}
7,94;{Student(DummyIndividual),ResearchAssistant(DummyIndividual)}
8,04;{Student(DummyIndividual),PostDoc(DummyIndividual)}
8,04;{Student(DummyIndividual),Lecturer(DummyIndividual)}
8,24;{Student(DummyIndividual),Dean(DummyIndividual)}
8,24;{Student(DummyIndividual),Professor(DummyIndividual)}
8,24;{Student(DummyIndividual),FullProfessor(DummyIndividual)}
8,29;{Student(DummyIndividual),VisitingProfessor(DummyIndividual)}
8,41;{AssistantProfessor(DummyIndividual),UndergraduateStudent(DummyIndividual)}
8,70;{UndergraduateStudent(DummyIndividual),Employee(DummyIndividual)}
8,70;{UndergraduateStudent(DummyIndividual),AdministrativeStaff(DummyIndividual)}
8,80;{UndergraduateStudent(DummyIndividual),ClericalStaff(DummyIndividual)}
8,80;{UndergraduateStudent(DummyIndividual),SystemsStaff(DummyIndividual)}
8,80;{UndergraduateStudent(DummyIndividual),ResearchAssistant(DummyIndividual)}
8,90;{UndergraduateStudent(DummyIndividual),PostDoc(DummyIndividual)}
8,90;{UndergraduateStudent(DummyIndividual),Faculty(DummyIndividual)}
8,90;{UndergraduateStudent(DummyIndividual),Lecturer(DummyIndividual)}
9,00;{UndergraduateStudent(DummyIndividual),Professor(DummyIndividual)}
9,00;{UndergraduateStudent(DummyIndividual),FullProfessor(DummyIndividual)}
9,10;{UndergraduateStudent(DummyIndividual),VisitingProfessor(DummyIndividual)}
9,10;{UndergraduateStudent(DummyIndividual),AssociateProfessor(DummyIndividual)}
9,41;{Chair(DummyIndividual),GraduateStudent(DummyIndividual)}
10,92;{GraduateStudent(DummyIndividual),SystemsStaff(DummyIndividual)}
11,05;{GraduateStudent(DummyIndividual),PostDoc(DummyIndividual)}
11,05;{GraduateStudent(DummyIndividual),Faculty(DummyIndividual)}
11,14;{GraduateStudent(DummyIndividual),Dean(DummyIndividual)}
11,14;{GraduateStudent(DummyIndividual),Professor(DummyIndividual)}
11,23;{GraduateStudent(DummyIndividual),VisitingProfessor(DummyIndividual)}
11,23;{GraduateStudent(DummyIndividual),AssociateProfessor(DummyIndividual)}
