1,20;{Professor(DummyIndividual),GraduateCourse(DummyIndividual),Publication(DummyIndividual)}
1,46;{Professor(DummyIndividual),GraduateCourse(DummyIndividual),Specification(DummyIndividual)}
1,99;{Chair(DummyIndividual),Research(DummyIndividual),TechnicalReport(DummyIndividual)}
2,42;{Chair(DummyIndividual),Research(DummyIndividual),Manual(DummyIndividual)}
2,77;{Chair(DummyIndividual),Research(DummyIndividual),ConferencePaper(DummyIndividual)}
3,22;{JournalArticle(DummyIndividual),FullProfessor(DummyIndividual),Course(DummyIndividual)}
3,47;{JournalArticle(DummyIndividual),FullProfessor(DummyIndividual),Work(DummyIndividual)}
3,84;{Article(DummyIndividual),FullProfessor(DummyIndividual),GraduateCourse(DummyIndividual)}
4,25;{Article(DummyIndividual),FullProfessor(DummyIndividual),Research(DummyIndividual)}
15,87;{AssistantProfessor(DummyIndividual),Book(DummyIndividual),Research(DummyIndividual)}
16,05;{Chair(DummyIndividual),Book(DummyIndividual),Research(DummyIndividual)}
16,21;{Professor(DummyIndividual),Book(DummyIndividual),Research(DummyIndividual)}
16,47;{AssociateProfessor(DummyIndividual),Book(DummyIndividual),Research(DummyIndividual)}
16,76;{FullProfessor(DummyIndividual),Book(DummyIndividual),Research(DummyIndividual)}
16,83;{Dean(DummyIndividual),Book(DummyIndividual),Research(DummyIndividual)}
16,90;{VisitingProfessor(DummyIndividual),Book(DummyIndividual),Research(DummyIndividual)}
17,44;{Specification(DummyIndividual),Dean(DummyIndividual),Research(DummyIndividual)}
17,68;{TechnicalReport(DummyIndividual),Dean(DummyIndividual),Research(DummyIndividual)}
17,74;{Manual(DummyIndividual),Dean(DummyIndividual),Research(DummyIndividual)}
17,93;{Article(DummyIndividual),Dean(DummyIndividual),Research(DummyIndividual)}
17,93;{Software(DummyIndividual),Dean(DummyIndividual),Research(DummyIndividual)}
18,06;{UnofficialPublication(DummyIndividual),Dean(DummyIndividual),Research(DummyIndividual)}
18,29;{JournalArticle(DummyIndividual),Dean(DummyIndividual),Research(DummyIndividual)}
18,35;{ConferencePaper(DummyIndividual),Dean(DummyIndividual),Research(DummyIndividual)}
18,46;{Publication(DummyIndividual),Dean(DummyIndividual),Research(DummyIndividual)}
21,12;{Article(DummyIndividual),AssistantProfessor(DummyIndividual),Work(DummyIndividual)}
21,12;{Article(DummyIndividual),AssistantProfessor(DummyIndividual),GraduateCourse(DummyIndividual)}
21,12;{Article(DummyIndividual),AssistantProfessor(DummyIndividual),Course(DummyIndividual)}
21,12;{Article(DummyIndividual),AssistantProfessor(DummyIndividual),Research(DummyIndividual)}
21,76;{Article(DummyIndividual),Chair(DummyIndividual),Work(DummyIndividual)}
21,76;{Article(DummyIndividual),Chair(DummyIndividual),GraduateCourse(DummyIndividual)}
21,76;{Article(DummyIndividual),Chair(DummyIndividual),Course(DummyIndividual)}
21,84;{Article(DummyIndividual),Chair(DummyIndividual),Research(DummyIndividual)}
23,43;{Article(DummyIndividual),GraduateCourse(DummyIndividual),Dean(DummyIndividual)}
23,43;{Article(DummyIndividual),GraduateCourse(DummyIndividual),Professor(DummyIndividual)}
23,52;{Article(DummyIndividual),GraduateCourse(DummyIndividual),VisitingProfessor(DummyIndividual)}
23,52;{Article(DummyIndividual),GraduateCourse(DummyIndividual),AssociateProfessor(DummyIndividual)}
24,33;{Article(DummyIndividual),Course(DummyIndividual),Dean(DummyIndividual)}
24,33;{Article(DummyIndividual),Course(DummyIndividual),Professor(DummyIndividual)}
24,33;{Article(DummyIndividual),Course(DummyIndividual),FullProfessor(DummyIndividual)}
24,33;{Article(DummyIndividual),Course(DummyIndividual),VisitingProfessor(DummyIndividual)}
24,43;{Article(DummyIndividual),Course(DummyIndividual),AssociateProfessor(DummyIndividual)}
24,63;{Article(DummyIndividual),Dean(DummyIndividual),Work(DummyIndividual)}
24,83;{Article(DummyIndividual),Professor(DummyIndividual),Work(DummyIndividual)}
24,83;{Article(DummyIndividual),Professor(DummyIndividual),Research(DummyIndividual)}
24,83;{Article(DummyIndividual),FullProfessor(DummyIndividual),Work(DummyIndividual)}
25,24;{Article(DummyIndividual),VisitingProfessor(DummyIndividual),Work(DummyIndividual)}
25,24;{Article(DummyIndividual),VisitingProfessor(DummyIndividual),Research(DummyIndividual)}
25,51;{Article(DummyIndividual),AssociateProfessor(DummyIndividual),Work(DummyIndividual)}
25,60;{Article(DummyIndividual),AssociateProfessor(DummyIndividual),Research(DummyIndividual)}
31,90;{ConferencePaper(DummyIndividual),AssistantProfessor(DummyIndividual),Work(DummyIndividual)}
31,90;{ConferencePaper(DummyIndividual),AssistantProfessor(DummyIndividual),GraduateCourse(DummyIndividual)}
31,90;{ConferencePaper(DummyIndividual),AssistantProfessor(DummyIndividual),Course(DummyIndividual)}
31,90;{ConferencePaper(DummyIndividual),AssistantProfessor(DummyIndividual),Research(DummyIndividual)}
32,52;{ConferencePaper(DummyIndividual),Work(DummyIndividual),Chair(DummyIndividual)}
32,52;{ConferencePaper(DummyIndividual),Work(DummyIndividual),Dean(DummyIndividual)}
32,52;{ConferencePaper(DummyIndividual),Work(DummyIndividual),Professor(DummyIndividual)}
32,52;{ConferencePaper(DummyIndividual),Work(DummyIndividual),FullProfessor(DummyIndividual)}
32,52;{ConferencePaper(DummyIndividual),Work(DummyIndividual),VisitingProfessor(DummyIndividual)}
32,52;{ConferencePaper(DummyIndividual),Work(DummyIndividual),AssociateProfessor(DummyIndividual)}
32,62;{ConferencePaper(DummyIndividual),GraduateCourse(DummyIndividual),Chair(DummyIndividual)}
32,62;{ConferencePaper(DummyIndividual),GraduateCourse(DummyIndividual),Dean(DummyIndividual)}
32,62;{ConferencePaper(DummyIndividual),GraduateCourse(DummyIndividual),Professor(DummyIndividual)}
32,62;{ConferencePaper(DummyIndividual),GraduateCourse(DummyIndividual),FullProfessor(DummyIndividual)}
32,62;{ConferencePaper(DummyIndividual),GraduateCourse(DummyIndividual),VisitingProfessor(DummyIndividual)}
32,72;{ConferencePaper(DummyIndividual),GraduateCourse(DummyIndividual),AssociateProfessor(DummyIndividual)}
33,43;{ConferencePaper(DummyIndividual),Course(DummyIndividual),Chair(DummyIndividual)}
33,43;{ConferencePaper(DummyIndividual),Course(DummyIndividual),Dean(DummyIndividual)}
33,43;{ConferencePaper(DummyIndividual),Course(DummyIndividual),Professor(DummyIndividual)}
33,43;{ConferencePaper(DummyIndividual),Course(DummyIndividual),FullProfessor(DummyIndividual)}
33,43;{ConferencePaper(DummyIndividual),Course(DummyIndividual),VisitingProfessor(DummyIndividual)}
33,55;{ConferencePaper(DummyIndividual),Course(DummyIndividual),AssociateProfessor(DummyIndividual)}
33,55;{ConferencePaper(DummyIndividual),Research(DummyIndividual),Professor(DummyIndividual)}
33,55;{ConferencePaper(DummyIndividual),Research(DummyIndividual),FullProfessor(DummyIndividual)}
33,65;{ConferencePaper(DummyIndividual),Research(DummyIndividual),VisitingProfessor(DummyIndividual)}
33,65;{ConferencePaper(DummyIndividual),Research(DummyIndividual),AssociateProfessor(DummyIndividual)}
34,67;{UnofficialPublication(DummyIndividual),Work(DummyIndividual),AssistantProfessor(DummyIndividual)}
34,67;{UnofficialPublication(DummyIndividual),Work(DummyIndividual),Chair(DummyIndividual)}
34,76;{UnofficialPublication(DummyIndividual),Work(DummyIndividual),Dean(DummyIndividual)}
34,76;{UnofficialPublication(DummyIndividual),Work(DummyIndividual),Professor(DummyIndividual)}
34,76;{UnofficialPublication(DummyIndividual),Work(DummyIndividual),FullProfessor(DummyIndividual)}
34,76;{UnofficialPublication(DummyIndividual),Work(DummyIndividual),VisitingProfessor(DummyIndividual)}
34,87;{UnofficialPublication(DummyIndividual),Work(DummyIndividual),AssociateProfessor(DummyIndividual)}
34,87;{UnofficialPublication(DummyIndividual),GraduateCourse(DummyIndividual),AssistantProfessor(DummyIndividual)}
34,87;{UnofficialPublication(DummyIndividual),GraduateCourse(DummyIndividual),Chair(DummyIndividual)}
34,98;{UnofficialPublication(DummyIndividual),GraduateCourse(DummyIndividual),Dean(DummyIndividual)}
35,08;{UnofficialPublication(DummyIndividual),GraduateCourse(DummyIndividual),Professor(DummyIndividual)}
35,08;{UnofficialPublication(DummyIndividual),GraduateCourse(DummyIndividual),FullProfessor(DummyIndividual)}
35,08;{UnofficialPublication(DummyIndividual),GraduateCourse(DummyIndividual),VisitingProfessor(DummyIndividual)}
35,08;{UnofficialPublication(DummyIndividual),GraduateCourse(DummyIndividual),AssociateProfessor(DummyIndividual)}
35,19;{UnofficialPublication(DummyIndividual),Course(DummyIndividual),AssistantProfessor(DummyIndividual)}
35,19;{UnofficialPublication(DummyIndividual),Course(DummyIndividual),Chair(DummyIndividual)}
35,29;{UnofficialPublication(DummyIndividual),Course(DummyIndividual),Dean(DummyIndividual)}
35,29;{UnofficialPublication(DummyIndividual),Course(DummyIndividual),Professor(DummyIndividual)}
35,29;{UnofficialPublication(DummyIndividual),Course(DummyIndividual),FullProfessor(DummyIndividual)}
35,39;{UnofficialPublication(DummyIndividual),Course(DummyIndividual),VisitingProfessor(DummyIndividual)}
35,39;{UnofficialPublication(DummyIndividual),Course(DummyIndividual),AssociateProfessor(DummyIndividual)}
35,39;{UnofficialPublication(DummyIndividual),Research(DummyIndividual),AssistantProfessor(DummyIndividual)}
35,48;{UnofficialPublication(DummyIndividual),Research(DummyIndividual),Chair(DummyIndividual)}
35,59;{UnofficialPublication(DummyIndividual),Research(DummyIndividual),Professor(DummyIndividual)}
35,59;{UnofficialPublication(DummyIndividual),Research(DummyIndividual),FullProfessor(DummyIndividual)}
35,59;{UnofficialPublication(DummyIndividual),Research(DummyIndividual),VisitingProfessor(DummyIndividual)}
35,59;{UnofficialPublication(DummyIndividual),Research(DummyIndividual),AssociateProfessor(DummyIndividual)}
37,84;{AssistantProfessor(DummyIndividual),TechnicalReport(DummyIndividual),Work(DummyIndividual)}
37,84;{AssistantProfessor(DummyIndividual),TechnicalReport(DummyIndividual),GraduateCourse(DummyIndividual)}
37,84;{AssistantProfessor(DummyIndividual),TechnicalReport(DummyIndividual),Course(DummyIndividual)}
37,84;{AssistantProfessor(DummyIndividual),TechnicalReport(DummyIndividual),Research(DummyIndividual)}
37,94;{AssistantProfessor(DummyIndividual),Work(DummyIndividual),JournalArticle(DummyIndividual)}
37,94;{AssistantProfessor(DummyIndividual),Work(DummyIndividual),Publication(DummyIndividual)}
37,94;{AssistantProfessor(DummyIndividual),Work(DummyIndividual),Book(DummyIndividual)}
38,04;{AssistantProfessor(DummyIndividual),Work(DummyIndividual),Manual(DummyIndividual)}
38,04;{AssistantProfessor(DummyIndividual),Work(DummyIndividual),Specification(DummyIndividual)}
38,04;{AssistantProfessor(DummyIndividual),Work(DummyIndividual),Software(DummyIndividual)}
38,24;{AssistantProfessor(DummyIndividual),GraduateCourse(DummyIndividual),JournalArticle(DummyIndividual)}
38,24;{AssistantProfessor(DummyIndividual),GraduateCourse(DummyIndividual),Publication(DummyIndividual)}
38,24;{AssistantProfessor(DummyIndividual),GraduateCourse(DummyIndividual),Book(DummyIndividual)}
38,24;{AssistantProfessor(DummyIndividual),GraduateCourse(DummyIndividual),Manual(DummyIndividual)}
38,35;{AssistantProfessor(DummyIndividual),GraduateCourse(DummyIndividual),Specification(DummyIndividual)}
38,35;{AssistantProfessor(DummyIndividual),GraduateCourse(DummyIndividual),Software(DummyIndividual)}
38,45;{AssistantProfessor(DummyIndividual),Course(DummyIndividual),JournalArticle(DummyIndividual)}
38,56;{AssistantProfessor(DummyIndividual),Course(DummyIndividual),Publication(DummyIndividual)}
38,56;{AssistantProfessor(DummyIndividual),Course(DummyIndividual),Book(DummyIndividual)}
38,56;{AssistantProfessor(DummyIndividual),Course(DummyIndividual),Manual(DummyIndividual)}
38,56;{AssistantProfessor(DummyIndividual),Course(DummyIndividual),Specification(DummyIndividual)}
38,56;{AssistantProfessor(DummyIndividual),Course(DummyIndividual),Software(DummyIndividual)}
38,65;{AssistantProfessor(DummyIndividual),Research(DummyIndividual),JournalArticle(DummyIndividual)}
38,65;{AssistantProfessor(DummyIndividual),Research(DummyIndividual),Publication(DummyIndividual)}
38,74;{AssistantProfessor(DummyIndividual),Research(DummyIndividual),Manual(DummyIndividual)}
38,74;{AssistantProfessor(DummyIndividual),Research(DummyIndividual),Specification(DummyIndividual)}
38,74;{AssistantProfessor(DummyIndividual),Research(DummyIndividual),Software(DummyIndividual)}
40,59;{TechnicalReport(DummyIndividual),Work(DummyIndividual),Chair(DummyIndividual)}
40,69;{TechnicalReport(DummyIndividual),Work(DummyIndividual),Dean(DummyIndividual)}
40,69;{TechnicalReport(DummyIndividual),Work(DummyIndividual),Professor(DummyIndividual)}
40,79;{TechnicalReport(DummyIndividual),Work(DummyIndividual),FullProfessor(DummyIndividual)}
40,79;{TechnicalReport(DummyIndividual),Work(DummyIndividual),VisitingProfessor(DummyIndividual)}
40,79;{TechnicalReport(DummyIndividual),Work(DummyIndividual),AssociateProfessor(DummyIndividual)}
40,89;{TechnicalReport(DummyIndividual),GraduateCourse(DummyIndividual),Chair(DummyIndividual)}
40,99;{TechnicalReport(DummyIndividual),GraduateCourse(DummyIndividual),Dean(DummyIndividual)}
41,09;{TechnicalReport(DummyIndividual),GraduateCourse(DummyIndividual),Professor(DummyIndividual)}
41,09;{TechnicalReport(DummyIndividual),GraduateCourse(DummyIndividual),FullProfessor(DummyIndividual)}
41,09;{TechnicalReport(DummyIndividual),GraduateCourse(DummyIndividual),VisitingProfessor(DummyIndividual)}
41,09;{TechnicalReport(DummyIndividual),GraduateCourse(DummyIndividual),AssociateProfessor(DummyIndividual)}
41,81;{TechnicalReport(DummyIndividual),Course(DummyIndividual),Chair(DummyIndividual)}
41,92;{TechnicalReport(DummyIndividual),Course(DummyIndividual),Dean(DummyIndividual)}
41,92;{TechnicalReport(DummyIndividual),Course(DummyIndividual),Professor(DummyIndividual)}
41,92;{TechnicalReport(DummyIndividual),Course(DummyIndividual),FullProfessor(DummyIndividual)}
41,92;{TechnicalReport(DummyIndividual),Course(DummyIndividual),VisitingProfessor(DummyIndividual)}
42,01;{TechnicalReport(DummyIndividual),Course(DummyIndividual),AssociateProfessor(DummyIndividual)}
42,22;{TechnicalReport(DummyIndividual),Research(DummyIndividual),Professor(DummyIndividual)}
42,22;{TechnicalReport(DummyIndividual),Research(DummyIndividual),FullProfessor(DummyIndividual)}
42,22;{TechnicalReport(DummyIndividual),Research(DummyIndividual),VisitingProfessor(DummyIndividual)}
42,22;{TechnicalReport(DummyIndividual),Research(DummyIndividual),AssociateProfessor(DummyIndividual)}
43,65;{Chair(DummyIndividual),Work(DummyIndividual),JournalArticle(DummyIndividual)}
43,65;{Chair(DummyIndividual),Work(DummyIndividual),Publication(DummyIndividual)}
43,65;{Chair(DummyIndividual),Work(DummyIndividual),Book(DummyIndividual)}
43,75;{Chair(DummyIndividual),Work(DummyIndividual),Manual(DummyIndividual)}
43,75;{Chair(DummyIndividual),Work(DummyIndividual),Specification(DummyIndividual)}
43,75;{Chair(DummyIndividual),Work(DummyIndividual),Software(DummyIndividual)}
43,87;{Chair(DummyIndividual),GraduateCourse(DummyIndividual),JournalArticle(DummyIndividual)}
43,96;{Chair(DummyIndividual),GraduateCourse(DummyIndividual),Publication(DummyIndividual)}
43,96;{Chair(DummyIndividual),GraduateCourse(DummyIndividual),Book(DummyIndividual)}
43,96;{Chair(DummyIndividual),GraduateCourse(DummyIndividual),Manual(DummyIndividual)}
44,06;{Chair(DummyIndividual),GraduateCourse(DummyIndividual),Specification(DummyIndividual)}
44,06;{Chair(DummyIndividual),GraduateCourse(DummyIndividual),Software(DummyIndividual)}
44,15;{Chair(DummyIndividual),Course(DummyIndividual),JournalArticle(DummyIndividual)}
44,25;{Chair(DummyIndividual),Course(DummyIndividual),Publication(DummyIndividual)}
44,25;{Chair(DummyIndividual),Course(DummyIndividual),Book(DummyIndividual)}
44,25;{Chair(DummyIndividual),Course(DummyIndividual),Manual(DummyIndividual)}
44,25;{Chair(DummyIndividual),Course(DummyIndividual),Specification(DummyIndividual)}
44,25;{Chair(DummyIndividual),Course(DummyIndividual),Software(DummyIndividual)}
44,37;{Chair(DummyIndividual),Research(DummyIndividual),JournalArticle(DummyIndividual)}
44,46;{Chair(DummyIndividual),Research(DummyIndividual),Publication(DummyIndividual)}
44,46;{Chair(DummyIndividual),Research(DummyIndividual),Specification(DummyIndividual)}
44,46;{Chair(DummyIndividual),Research(DummyIndividual),Software(DummyIndividual)}
50,23;{GraduateCourse(DummyIndividual),JournalArticle(DummyIndividual),Dean(DummyIndividual)}
50,35;{GraduateCourse(DummyIndividual),JournalArticle(DummyIndividual),Professor(DummyIndividual)}
50,35;{GraduateCourse(DummyIndividual),JournalArticle(DummyIndividual),FullProfessor(DummyIndividual)}
50,35;{GraduateCourse(DummyIndividual),JournalArticle(DummyIndividual),VisitingProfessor(DummyIndividual)}
50,35;{GraduateCourse(DummyIndividual),JournalArticle(DummyIndividual),AssociateProfessor(DummyIndividual)}
50,87;{GraduateCourse(DummyIndividual),Publication(DummyIndividual),Dean(DummyIndividual)}
50,87;{GraduateCourse(DummyIndividual),Publication(DummyIndividual),FullProfessor(DummyIndividual)}
50,96;{GraduateCourse(DummyIndividual),Publication(DummyIndividual),VisitingProfessor(DummyIndividual)}
50,96;{GraduateCourse(DummyIndividual),Publication(DummyIndividual),AssociateProfessor(DummyIndividual)}
51,17;{GraduateCourse(DummyIndividual),Book(DummyIndividual),Dean(DummyIndividual)}
51,17;{GraduateCourse(DummyIndividual),Book(DummyIndividual),Professor(DummyIndividual)}
51,17;{GraduateCourse(DummyIndividual),Book(DummyIndividual),FullProfessor(DummyIndividual)}
51,17;{GraduateCourse(DummyIndividual),Book(DummyIndividual),VisitingProfessor(DummyIndividual)}
51,28;{GraduateCourse(DummyIndividual),Book(DummyIndividual),AssociateProfessor(DummyIndividual)}
51,49;{GraduateCourse(DummyIndividual),Dean(DummyIndividual),Manual(DummyIndividual)}
51,49;{GraduateCourse(DummyIndividual),Dean(DummyIndividual),Specification(DummyIndividual)}
51,60;{GraduateCourse(DummyIndividual),Dean(DummyIndividual),Software(DummyIndividual)}
51,92;{GraduateCourse(DummyIndividual),Manual(DummyIndividual),Professor(DummyIndividual)}
51,92;{GraduateCourse(DummyIndividual),Manual(DummyIndividual),FullProfessor(DummyIndividual)}
51,92;{GraduateCourse(DummyIndividual),Manual(DummyIndividual),VisitingProfessor(DummyIndividual)}
51,92;{GraduateCourse(DummyIndividual),Manual(DummyIndividual),AssociateProfessor(DummyIndividual)}
52,13;{GraduateCourse(DummyIndividual),Specification(DummyIndividual),FullProfessor(DummyIndividual)}
52,24;{GraduateCourse(DummyIndividual),Specification(DummyIndividual),VisitingProfessor(DummyIndividual)}
52,24;{GraduateCourse(DummyIndividual),Specification(DummyIndividual),AssociateProfessor(DummyIndividual)}
52,44;{GraduateCourse(DummyIndividual),VisitingProfessor(DummyIndividual),Software(DummyIndividual)}
52,63;{GraduateCourse(DummyIndividual),Software(DummyIndividual),Professor(DummyIndividual)}
52,63;{GraduateCourse(DummyIndividual),Software(DummyIndividual),FullProfessor(DummyIndividual)}
52,63;{GraduateCourse(DummyIndividual),Software(DummyIndividual),AssociateProfessor(DummyIndividual)}
59,24;{JournalArticle(DummyIndividual),Work(DummyIndividual),Dean(DummyIndividual)}
59,24;{JournalArticle(DummyIndividual),Work(DummyIndividual),Professor(DummyIndividual)}
59,24;{JournalArticle(DummyIndividual),Work(DummyIndividual),VisitingProfessor(DummyIndividual)}
59,24;{JournalArticle(DummyIndividual),Work(DummyIndividual),AssociateProfessor(DummyIndividual)}
59,34;{JournalArticle(DummyIndividual),Course(DummyIndividual),Dean(DummyIndividual)}
59,34;{JournalArticle(DummyIndividual),Course(DummyIndividual),Professor(DummyIndividual)}
59,34;{JournalArticle(DummyIndividual),Course(DummyIndividual),VisitingProfessor(DummyIndividual)}
59,46;{JournalArticle(DummyIndividual),Course(DummyIndividual),AssociateProfessor(DummyIndividual)}
59,46;{JournalArticle(DummyIndividual),Research(DummyIndividual),Professor(DummyIndividual)}
59,46;{JournalArticle(DummyIndividual),Research(DummyIndividual),FullProfessor(DummyIndividual)}
59,46;{JournalArticle(DummyIndividual),Research(DummyIndividual),VisitingProfessor(DummyIndividual)}
59,46;{JournalArticle(DummyIndividual),Research(DummyIndividual),AssociateProfessor(DummyIndividual)}
64,30;{Course(DummyIndividual),Publication(DummyIndividual),Dean(DummyIndividual)}
64,30;{Course(DummyIndividual),Publication(DummyIndividual),Professor(DummyIndividual)}
64,41;{Course(DummyIndividual),Publication(DummyIndividual),FullProfessor(DummyIndividual)}
64,41;{Course(DummyIndividual),Publication(DummyIndividual),VisitingProfessor(DummyIndividual)}
64,41;{Course(DummyIndividual),Publication(DummyIndividual),AssociateProfessor(DummyIndividual)}
64,63;{Course(DummyIndividual),Book(DummyIndividual),Dean(DummyIndividual)}
64,63;{Course(DummyIndividual),Book(DummyIndividual),Professor(DummyIndividual)}
64,63;{Course(DummyIndividual),Book(DummyIndividual),FullProfessor(DummyIndividual)}
64,72;{Course(DummyIndividual),Book(DummyIndividual),VisitingProfessor(DummyIndividual)}
64,72;{Course(DummyIndividual),Book(DummyIndividual),AssociateProfessor(DummyIndividual)}
65,02;{Course(DummyIndividual),Dean(DummyIndividual),Manual(DummyIndividual)}
65,02;{Course(DummyIndividual),Dean(DummyIndividual),Specification(DummyIndividual)}
65,02;{Course(DummyIndividual),Dean(DummyIndividual),Software(DummyIndividual)}
65,34;{Course(DummyIndividual),Manual(DummyIndividual),Professor(DummyIndividual)}
65,34;{Course(DummyIndividual),Manual(DummyIndividual),FullProfessor(DummyIndividual)}
65,34;{Course(DummyIndividual),Manual(DummyIndividual),VisitingProfessor(DummyIndividual)}
65,34;{Course(DummyIndividual),Manual(DummyIndividual),AssociateProfessor(DummyIndividual)}
65,55;{Course(DummyIndividual),Specification(DummyIndividual),Professor(DummyIndividual)}
65,55;{Course(DummyIndividual),Specification(DummyIndividual),FullProfessor(DummyIndividual)}
65,66;{Course(DummyIndividual),Specification(DummyIndividual),VisitingProfessor(DummyIndividual)}
65,66;{Course(DummyIndividual),Specification(DummyIndividual),AssociateProfessor(DummyIndividual)}
65,86;{Course(DummyIndividual),VisitingProfessor(DummyIndividual),Software(DummyIndividual)}
66,07;{Course(DummyIndividual),Software(DummyIndividual),Professor(DummyIndividual)}
66,07;{Course(DummyIndividual),Software(DummyIndividual),FullProfessor(DummyIndividual)}
66,07;{Course(DummyIndividual),Software(DummyIndividual),AssociateProfessor(DummyIndividual)}
70,56;{Publication(DummyIndividual),Dean(DummyIndividual),Work(DummyIndividual)}
70,75;{Publication(DummyIndividual),Professor(DummyIndividual),Work(DummyIndividual)}
70,75;{Publication(DummyIndividual),Professor(DummyIndividual),Research(DummyIndividual)}
70,75;{Publication(DummyIndividual),FullProfessor(DummyIndividual),Work(DummyIndividual)}
70,75;{Publication(DummyIndividual),FullProfessor(DummyIndividual),Research(DummyIndividual)}
71,27;{Publication(DummyIndividual),VisitingProfessor(DummyIndividual),Work(DummyIndividual)}
71,27;{Publication(DummyIndividual),VisitingProfessor(DummyIndividual),Research(DummyIndividual)}
71,67;{Publication(DummyIndividual),AssociateProfessor(DummyIndividual),Work(DummyIndividual)}
71,67;{Publication(DummyIndividual),AssociateProfessor(DummyIndividual),Research(DummyIndividual)}
72,19;{Book(DummyIndividual),Work(DummyIndividual),Dean(DummyIndividual)}
72,19;{Book(DummyIndividual),Work(DummyIndividual),Professor(DummyIndividual)}
72,19;{Book(DummyIndividual),Work(DummyIndividual),FullProfessor(DummyIndividual)}
72,19;{Book(DummyIndividual),Work(DummyIndividual),VisitingProfessor(DummyIndividual)}
72,19;{Book(DummyIndividual),Work(DummyIndividual),AssociateProfessor(DummyIndividual)}
73,54;{Dean(DummyIndividual),Work(DummyIndividual),Manual(DummyIndividual)}
73,54;{Dean(DummyIndividual),Work(DummyIndividual),Specification(DummyIndividual)}
73,54;{Dean(DummyIndividual),Work(DummyIndividual),Software(DummyIndividual)}
75,19;{Manual(DummyIndividual),Work(DummyIndividual),Professor(DummyIndividual)}
75,19;{Manual(DummyIndividual),Work(DummyIndividual),FullProfessor(DummyIndividual)}
75,19;{Manual(DummyIndividual),Work(DummyIndividual),VisitingProfessor(DummyIndividual)}
75,30;{Manual(DummyIndividual),Work(DummyIndividual),AssociateProfessor(DummyIndividual)}
75,63;{Manual(DummyIndividual),Research(DummyIndividual),Professor(DummyIndividual)}
75,63;{Manual(DummyIndividual),Research(DummyIndividual),FullProfessor(DummyIndividual)}
75,63;{Manual(DummyIndividual),Research(DummyIndividual),VisitingProfessor(DummyIndividual)}
75,63;{Manual(DummyIndividual),Research(DummyIndividual),AssociateProfessor(DummyIndividual)}
77,65;{Specification(DummyIndividual),Research(DummyIndividual),Professor(DummyIndividual)}
77,65;{Specification(DummyIndividual),Research(DummyIndividual),FullProfessor(DummyIndividual)}
77,65;{Specification(DummyIndividual),Research(DummyIndividual),VisitingProfessor(DummyIndividual)}
77,65;{Specification(DummyIndividual),Research(DummyIndividual),AssociateProfessor(DummyIndividual)}
77,98;{Specification(DummyIndividual),Professor(DummyIndividual),Work(DummyIndividual)}
77,98;{Specification(DummyIndividual),FullProfessor(DummyIndividual),Work(DummyIndividual)}
78,07;{Specification(DummyIndividual),VisitingProfessor(DummyIndividual),Work(DummyIndividual)}
78,17;{Specification(DummyIndividual),AssociateProfessor(DummyIndividual),Work(DummyIndividual)}
78,40;{VisitingProfessor(DummyIndividual),Work(DummyIndividual),Software(DummyIndividual)}
78,40;{VisitingProfessor(DummyIndividual),Research(DummyIndividual),Software(DummyIndividual)}
78,60;{Software(DummyIndividual),Work(DummyIndividual),Professor(DummyIndividual)}
78,60;{Software(DummyIndividual),Work(DummyIndividual),FullProfessor(DummyIndividual)}
78,60;{Software(DummyIndividual),Work(DummyIndividual),AssociateProfessor(DummyIndividual)}
78,60;{Software(DummyIndividual),Research(DummyIndividual),Professor(DummyIndividual)}
78,60;{Software(DummyIndividual),Research(DummyIndividual),FullProfessor(DummyIndividual)}
78,60;{Software(DummyIndividual),Research(DummyIndividual),AssociateProfessor(DummyIndividual)}
