0,81;{Student(DummyIndividual),Faculty(DummyIndividual)}
1,16;{Student(DummyIndividual),AssociateProfessor(DummyIndividual)}
1,55;{AssistantProfessor(DummyIndividual),Student(DummyIndividual)}
1,83;{GraduateStudent(DummyIndividual),ClericalStaff(DummyIndividual)}
2,05;{GraduateStudent(DummyIndividual),AdministrativeStaff(DummyIndividual)}
2,33;{GraduateStudent(DummyIndividual),ResearchAssistant(DummyIndividual)}
2,63;{GraduateStudent(DummyIndividual),AssistantProfessor(DummyIndividual)}
2,84;{GraduateStudent(DummyIndividual),FullProfessor(DummyIndividual)}
3,04;{GraduateStudent(DummyIndividual),Director(DummyIndividual)}
3,35;{UndergraduateStudent(DummyIndividual),Chair(DummyIndividual)}
3,54;{Dean(DummyIndividual),UndergraduateStudent(DummyIndividual)}
3,85;{Employee(DummyIndividual),GraduateStudent(DummyIndividual)}
4,08;{Director(DummyIndividual),Student(DummyIndividual)}
5,08;{Director(DummyIndividual),UndergraduateStudent(DummyIndividual)}
5,49;{Student(DummyIndividual),Employee(DummyIndividual)}
7,65;{Student(DummyIndividual),AdministrativeStaff(DummyIndividual)}
7,65;{Student(DummyIndividual),Chair(DummyIndividual)}
7,65;{Student(DummyIndividual),ClericalStaff(DummyIndividual)}
7,75;{Student(DummyIndividual),SystemsStaff(DummyIndividual)}
7,75;{Student(DummyIndividual),ResearchAssistant(DummyIndividual)}
7,75;{Student(DummyIndividual),PostDoc(DummyIndividual)}
7,75;{Student(DummyIndividual),Lecturer(DummyIndividual)}
7,98;{Student(DummyIndividual),Dean(DummyIndividual)}
7,98;{Student(DummyIndividual),Professor(DummyIndividual)}
7,98;{Student(DummyIndividual),FullProfessor(DummyIndividual)}
7,98;{Student(DummyIndividual),VisitingProfessor(DummyIndividual)}
8,09;{AssistantProfessor(DummyIndividual),UndergraduateStudent(DummyIndividual)}
8,40;{UndergraduateStudent(DummyIndividual),Employee(DummyIndividual)}
8,52;{UndergraduateStudent(DummyIndividual),AdministrativeStaff(DummyIndividual)}
8,52;{UndergraduateStudent(DummyIndividual),ClericalStaff(DummyIndividual)}
8,52;{UndergraduateStudent(DummyIndividual),SystemsStaff(DummyIndividual)}
8,52;{UndergraduateStudent(DummyIndividual),ResearchAssistant(DummyIndividual)}
8,62;{UndergraduateStudent(DummyIndividual),PostDoc(DummyIndividual)}
8,62;{UndergraduateStudent(DummyIndividual),Faculty(DummyIndividual)}
8,62;{UndergraduateStudent(DummyIndividual),Lecturer(DummyIndividual)}
8,73;{UndergraduateStudent(DummyIndividual),Professor(DummyIndividual)}
8,73;{UndergraduateStudent(DummyIndividual),FullProfessor(DummyIndividual)}
8,73;{UndergraduateStudent(DummyIndividual),VisitingProfessor(DummyIndividual)}
8,83;{UndergraduateStudent(DummyIndividual),AssociateProfessor(DummyIndividual)}
9,12;{Chair(DummyIndividual),GraduateStudent(DummyIndividual)}
10,13;{GraduateStudent(DummyIndividual),SystemsStaff(DummyIndividual)}
10,13;{GraduateStudent(DummyIndividual),PostDoc(DummyIndividual)}
10,22;{GraduateStudent(DummyIndividual),Faculty(DummyIndividual)}
10,22;{GraduateStudent(DummyIndividual),Lecturer(DummyIndividual)}
10,32;{GraduateStudent(DummyIndividual),Dean(DummyIndividual)}
10,32;{GraduateStudent(DummyIndividual),Professor(DummyIndividual)}
10,32;{GraduateStudent(DummyIndividual),VisitingProfessor(DummyIndividual)}
10,43;{GraduateStudent(DummyIndividual),AssociateProfessor(DummyIndividual)}
