1,18;{GraduateStudent(DummyIndividual),AdministrativeStaff(DummyIndividual)}
1,49;{GraduateStudent(DummyIndividual),AssociateProfessor(DummyIndividual)}
1,84;{GraduateStudent(DummyIndividual),AssistantProfessor(DummyIndividual)}
2,19;{GraduateStudent(DummyIndividual),Faculty(DummyIndividual)}
2,38;{GraduateStudent(DummyIndividual),Employee(DummyIndividual)}
2,58;{GraduateStudent(DummyIndividual),FullProfessor(DummyIndividual)}
2,78;{GraduateStudent(DummyIndividual),Director(DummyIndividual)}
2,97;{UndergraduateStudent(DummyIndividual),Chair(DummyIndividual)}
3,18;{Dean(DummyIndividual),Student(DummyIndividual)}
3,29;{Dean(DummyIndividual),UndergraduateStudent(DummyIndividual)}
3,57;{VisitingProfessor(DummyIndividual),GraduateStudent(DummyIndividual)}
3,78;{Director(DummyIndividual),Student(DummyIndividual)}
4,90;{Director(DummyIndividual),UndergraduateStudent(DummyIndividual)}
5,19;{Student(DummyIndividual),Employee(DummyIndividual)}
7,42;{Student(DummyIndividual),AdministrativeStaff(DummyIndividual)}
7,42;{Student(DummyIndividual),AssistantProfessor(DummyIndividual)}
7,42;{Student(DummyIndividual),Chair(DummyIndividual)}
7,42;{Student(DummyIndividual),ClericalStaff(DummyIndividual)}
7,42;{Student(DummyIndividual),SystemsStaff(DummyIndividual)}
7,42;{Student(DummyIndividual),ResearchAssistant(DummyIndividual)}
7,53;{Student(DummyIndividual),PostDoc(DummyIndividual)}
7,53;{Student(DummyIndividual),Faculty(DummyIndividual)}
7,53;{Student(DummyIndividual),Lecturer(DummyIndividual)}
7,63;{Student(DummyIndividual),Professor(DummyIndividual)}
7,63;{Student(DummyIndividual),FullProfessor(DummyIndividual)}
7,73;{Student(DummyIndividual),VisitingProfessor(DummyIndividual)}
7,73;{Student(DummyIndividual),AssociateProfessor(DummyIndividual)}
7,84;{AssistantProfessor(DummyIndividual),UndergraduateStudent(DummyIndividual)}
8,17;{UndergraduateStudent(DummyIndividual),Employee(DummyIndividual)}
8,17;{UndergraduateStudent(DummyIndividual),AdministrativeStaff(DummyIndividual)}
8,28;{UndergraduateStudent(DummyIndividual),ClericalStaff(DummyIndividual)}
8,28;{UndergraduateStudent(DummyIndividual),SystemsStaff(DummyIndividual)}
8,28;{UndergraduateStudent(DummyIndividual),ResearchAssistant(DummyIndividual)}
8,28;{UndergraduateStudent(DummyIndividual),PostDoc(DummyIndividual)}
8,37;{UndergraduateStudent(DummyIndividual),Faculty(DummyIndividual)}
8,37;{UndergraduateStudent(DummyIndividual),Lecturer(DummyIndividual)}
8,48;{UndergraduateStudent(DummyIndividual),Professor(DummyIndividual)}
8,48;{UndergraduateStudent(DummyIndividual),FullProfessor(DummyIndividual)}
8,48;{UndergraduateStudent(DummyIndividual),VisitingProfessor(DummyIndividual)}
8,48;{UndergraduateStudent(DummyIndividual),AssociateProfessor(DummyIndividual)}
8,93;{Chair(DummyIndividual),GraduateStudent(DummyIndividual)}
9,54;{GraduateStudent(DummyIndividual),SystemsStaff(DummyIndividual)}
9,65;{GraduateStudent(DummyIndividual),ResearchAssistant(DummyIndividual)}
9,65;{GraduateStudent(DummyIndividual),PostDoc(DummyIndividual)}
9,65;{GraduateStudent(DummyIndividual),Lecturer(DummyIndividual)}
9,76;{GraduateStudent(DummyIndividual),Dean(DummyIndividual)}
9,76;{GraduateStudent(DummyIndividual),Professor(DummyIndividual)}
