0,85;{Student(DummyIndividual),Faculty(DummyIndividual)}
1,23;{Student(DummyIndividual),AssociateProfessor(DummyIndividual)}
1,60;{AssistantProfessor(DummyIndividual),Student(DummyIndividual)}
1,89;{GraduateStudent(DummyIndividual),ClericalStaff(DummyIndividual)}
2,09;{GraduateStudent(DummyIndividual),Lecturer(DummyIndividual)}
2,30;{GraduateStudent(DummyIndividual),AdministrativeStaff(DummyIndividual)}
2,51;{GraduateStudent(DummyIndividual),FullProfessor(DummyIndividual)}
2,81;{GraduateStudent(DummyIndividual),AssistantProfessor(DummyIndividual)}
3,00;{GraduateStudent(DummyIndividual),Director(DummyIndividual)}
3,29;{UndergraduateStudent(DummyIndividual),Chair(DummyIndividual)}
3,39;{Dean(DummyIndividual),UndergraduateStudent(DummyIndividual)}
3,69;{Employee(DummyIndividual),GraduateStudent(DummyIndividual)}
4,71;{Director(DummyIndividual),Student(DummyIndividual)}
4,80;{Director(DummyIndividual),UndergraduateStudent(DummyIndividual)}
5,12;{Student(DummyIndividual),Employee(DummyIndividual)}
7,02;{Student(DummyIndividual),AdministrativeStaff(DummyIndividual)}
7,11;{Student(DummyIndividual),Chair(DummyIndividual)}
7,11;{Student(DummyIndividual),ClericalStaff(DummyIndividual)}
7,11;{Student(DummyIndividual),SystemsStaff(DummyIndividual)}
7,11;{Student(DummyIndividual),ResearchAssistant(DummyIndividual)}
7,11;{Student(DummyIndividual),PostDoc(DummyIndividual)}
7,23;{Student(DummyIndividual),Lecturer(DummyIndividual)}
7,32;{Student(DummyIndividual),Dean(DummyIndividual)}
7,32;{Student(DummyIndividual),Professor(DummyIndividual)}
7,32;{Student(DummyIndividual),FullProfessor(DummyIndividual)}
7,43;{Student(DummyIndividual),VisitingProfessor(DummyIndividual)}
7,54;{AssistantProfessor(DummyIndividual),UndergraduateStudent(DummyIndividual)}
7,83;{UndergraduateStudent(DummyIndividual),Employee(DummyIndividual)}
7,83;{UndergraduateStudent(DummyIndividual),AdministrativeStaff(DummyIndividual)}
7,95;{UndergraduateStudent(DummyIndividual),ClericalStaff(DummyIndividual)}
7,95;{UndergraduateStudent(DummyIndividual),SystemsStaff(DummyIndividual)}
7,95;{UndergraduateStudent(DummyIndividual),ResearchAssistant(DummyIndividual)}
7,95;{UndergraduateStudent(DummyIndividual),PostDoc(DummyIndividual)}
8,07;{UndergraduateStudent(DummyIndividual),Faculty(DummyIndividual)}
8,07;{UndergraduateStudent(DummyIndividual),Lecturer(DummyIndividual)}
8,17;{UndergraduateStudent(DummyIndividual),Professor(DummyIndividual)}
8,17;{UndergraduateStudent(DummyIndividual),FullProfessor(DummyIndividual)}
8,17;{UndergraduateStudent(DummyIndividual),VisitingProfessor(DummyIndividual)}
8,29;{UndergraduateStudent(DummyIndividual),AssociateProfessor(DummyIndividual)}
8,71;{Chair(DummyIndividual),GraduateStudent(DummyIndividual)}
9,76;{GraduateStudent(DummyIndividual),SystemsStaff(DummyIndividual)}
9,76;{GraduateStudent(DummyIndividual),ResearchAssistant(DummyIndividual)}
9,88;{GraduateStudent(DummyIndividual),PostDoc(DummyIndividual)}
9,88;{GraduateStudent(DummyIndividual),Faculty(DummyIndividual)}
9,97;{GraduateStudent(DummyIndividual),Dean(DummyIndividual)}
9,97;{GraduateStudent(DummyIndividual),Professor(DummyIndividual)}
10,08;{GraduateStudent(DummyIndividual),VisitingProfessor(DummyIndividual)}
10,08;{GraduateStudent(DummyIndividual),AssociateProfessor(DummyIndividual)}
