1,11;{GraduateCourse(DummyIndividual),TechnicalReport(DummyIndividual),Student(DummyIndividual)}
1,65;{GraduateCourse(DummyIndividual),Article(DummyIndividual),Student(DummyIndividual)}
2,10;{Course(DummyIndividual),JournalArticle(DummyIndividual),GraduateStudent(DummyIndividual)}
2,47;{ConferencePaper(DummyIndividual),UndergraduateStudent(DummyIndividual),Course(DummyIndividual)}
2,88;{GraduateStudent(DummyIndividual),ConferencePaper(DummyIndividual),GraduateCourse(DummyIndividual)}
6,64;{GraduateCourse(DummyIndividual),JournalArticle(DummyIndividual),UndergraduateStudent(DummyIndividual)}
6,81;{Course(DummyIndividual),JournalArticle(DummyIndividual),UndergraduateStudent(DummyIndividual)}
7,96;{TechnicalReport(DummyIndividual),UndergraduateStudent(DummyIndividual),GraduateCourse(DummyIndividual)}
8,07;{TechnicalReport(DummyIndividual),UndergraduateStudent(DummyIndividual),Course(DummyIndividual)}
9,63;{TechnicalReport(DummyIndividual),GraduateCourse(DummyIndividual),GraduateStudent(DummyIndividual)}
9,91;{TechnicalReport(DummyIndividual),Course(DummyIndividual),Student(DummyIndividual)}
10,15;{TechnicalReport(DummyIndividual),Course(DummyIndividual),GraduateStudent(DummyIndividual)}
11,13;{GraduateCourse(DummyIndividual),Student(DummyIndividual),ConferencePaper(DummyIndividual)}
11,22;{GraduateCourse(DummyIndividual),Student(DummyIndividual),JournalArticle(DummyIndividual)}
12,10;{GraduateCourse(DummyIndividual),UndergraduateStudent(DummyIndividual),Article(DummyIndividual)}
12,10;{GraduateCourse(DummyIndividual),UndergraduateStudent(DummyIndividual),ConferencePaper(DummyIndividual)}
13,36;{GraduateCourse(DummyIndividual),JournalArticle(DummyIndividual),GraduateStudent(DummyIndividual)}
13,85;{GraduateCourse(DummyIndividual),GraduateStudent(DummyIndividual),Article(DummyIndividual)}
15,59;{JournalArticle(DummyIndividual),Course(DummyIndividual),Student(DummyIndividual)}
16,25;{Course(DummyIndividual),Student(DummyIndividual),Article(DummyIndividual)}
16,25;{Course(DummyIndividual),Student(DummyIndividual),ConferencePaper(DummyIndividual)}
16,44;{Course(DummyIndividual),UndergraduateStudent(DummyIndividual),Article(DummyIndividual)}
17,72;{Course(DummyIndividual),GraduateStudent(DummyIndividual),Article(DummyIndividual)}
17,72;{Course(DummyIndividual),GraduateStudent(DummyIndividual),ConferencePaper(DummyIndividual)}
