1,05;{Student(DummyIndividual),Faculty(DummyIndividual)}
1,53;{FullProfessor(DummyIndividual),Student(DummyIndividual)}
1,96;{GraduateStudent(DummyIndividual),Chair(DummyIndividual)}
2,27;{GraduateStudent(DummyIndividual),Lecturer(DummyIndividual)}
2,54;{GraduateStudent(DummyIndividual),AdministrativeStaff(DummyIndividual)}
2,82;{GraduateStudent(DummyIndividual),FullProfessor(DummyIndividual)}
3,19;{GraduateStudent(DummyIndividual),Director(DummyIndividual)}
3,58;{UndergraduateStudent(DummyIndividual),ClericalStaff(DummyIndividual)}
3,77;{Dean(DummyIndividual),UndergraduateStudent(DummyIndividual)}
4,29;{Employee(DummyIndividual),GraduateStudent(DummyIndividual)}
4,48;{Director(DummyIndividual),Student(DummyIndividual)}
5,93;{Director(DummyIndividual),UndergraduateStudent(DummyIndividual)}
6,43;{Student(DummyIndividual),Employee(DummyIndividual)}
9,03;{Student(DummyIndividual),AdministrativeStaff(DummyIndividual)}
9,14;{Student(DummyIndividual),AssistantProfessor(DummyIndividual)}
9,14;{Student(DummyIndividual),Chair(DummyIndividual)}
9,14;{Student(DummyIndividual),ClericalStaff(DummyIndividual)}
9,23;{Student(DummyIndividual),SystemsStaff(DummyIndividual)}
9,23;{Student(DummyIndividual),ResearchAssistant(DummyIndividual)}
9,23;{Student(DummyIndividual),PostDoc(DummyIndividual)}
9,32;{Student(DummyIndividual),Lecturer(DummyIndividual)}
9,46;{Student(DummyIndividual),Dean(DummyIndividual)}
9,46;{Student(DummyIndividual),Professor(DummyIndividual)}
9,46;{Student(DummyIndividual),VisitingProfessor(DummyIndividual)}
9,56;{Student(DummyIndividual),AssociateProfessor(DummyIndividual)}
9,56;{UndergraduateStudent(DummyIndividual),Employee(DummyIndividual)}
9,56;{UndergraduateStudent(DummyIndividual),AdministrativeStaff(DummyIndividual)}
9,67;{UndergraduateStudent(DummyIndividual),AssistantProfessor(DummyIndividual)}
9,67;{UndergraduateStudent(DummyIndividual),Chair(DummyIndividual)}
9,67;{UndergraduateStudent(DummyIndividual),SystemsStaff(DummyIndividual)}
9,67;{UndergraduateStudent(DummyIndividual),ResearchAssistant(DummyIndividual)}
9,76;{UndergraduateStudent(DummyIndividual),PostDoc(DummyIndividual)}
9,76;{UndergraduateStudent(DummyIndividual),Faculty(DummyIndividual)}
9,76;{UndergraduateStudent(DummyIndividual),Lecturer(DummyIndividual)}
9,96;{UndergraduateStudent(DummyIndividual),Professor(DummyIndividual)}
9,96;{UndergraduateStudent(DummyIndividual),FullProfessor(DummyIndividual)}
9,96;{UndergraduateStudent(DummyIndividual),VisitingProfessor(DummyIndividual)}
9,96;{UndergraduateStudent(DummyIndividual),AssociateProfessor(DummyIndividual)}
10,99;{ClericalStaff(DummyIndividual),GraduateStudent(DummyIndividual)}
11,62;{GraduateStudent(DummyIndividual),AssistantProfessor(DummyIndividual)}
11,74;{GraduateStudent(DummyIndividual),SystemsStaff(DummyIndividual)}
11,74;{GraduateStudent(DummyIndividual),ResearchAssistant(DummyIndividual)}
11,74;{GraduateStudent(DummyIndividual),PostDoc(DummyIndividual)}
11,83;{GraduateStudent(DummyIndividual),Faculty(DummyIndividual)}
11,91;{GraduateStudent(DummyIndividual),Dean(DummyIndividual)}
11,91;{GraduateStudent(DummyIndividual),Professor(DummyIndividual)}
12,01;{GraduateStudent(DummyIndividual),VisitingProfessor(DummyIndividual)}
12,01;{GraduateStudent(DummyIndividual),AssociateProfessor(DummyIndividual)}
