1,05;{Research(DummyIndividual),AdministrativeStaff(DummyIndividual),TechnicalReport(DummyIndividual)}
1,46;{Research(DummyIndividual),AdministrativeStaff(DummyIndividual),Article(DummyIndividual)}
1,95;{Research(DummyIndividual),AdministrativeStaff(DummyIndividual),ConferencePaper(DummyIndividual)}
2,33;{SystemsStaff(DummyIndividual),Course(DummyIndividual),JournalArticle(DummyIndividual)}
6,47;{AdministrativeStaff(DummyIndividual),JournalArticle(DummyIndividual),Research(DummyIndividual)}
6,75;{ClericalStaff(DummyIndividual),JournalArticle(DummyIndividual),Research(DummyIndividual)}
7,01;{SystemsStaff(DummyIndividual),JournalArticle(DummyIndividual),Research(DummyIndividual)}
7,82;{Article(DummyIndividual),ClericalStaff(DummyIndividual),Work(DummyIndividual)}
7,82;{Article(DummyIndividual),ClericalStaff(DummyIndividual),GraduateCourse(DummyIndividual)}
7,82;{Article(DummyIndividual),ClericalStaff(DummyIndividual),Course(DummyIndividual)}
7,82;{Article(DummyIndividual),ClericalStaff(DummyIndividual),Research(DummyIndividual)}
7,92;{Article(DummyIndividual),Work(DummyIndividual),AdministrativeStaff(DummyIndividual)}
8,03;{Article(DummyIndividual),Work(DummyIndividual),SystemsStaff(DummyIndividual)}
8,25;{Article(DummyIndividual),GraduateCourse(DummyIndividual),AdministrativeStaff(DummyIndividual)}
8,25;{Article(DummyIndividual),GraduateCourse(DummyIndividual),SystemsStaff(DummyIndividual)}
8,89;{Article(DummyIndividual),Course(DummyIndividual),AdministrativeStaff(DummyIndividual)}
8,89;{Article(DummyIndividual),Course(DummyIndividual),SystemsStaff(DummyIndividual)}
9,19;{Article(DummyIndividual),Research(DummyIndividual),SystemsStaff(DummyIndividual)}
10,32;{ConferencePaper(DummyIndividual),ClericalStaff(DummyIndividual),Work(DummyIndividual)}
10,32;{ConferencePaper(DummyIndividual),ClericalStaff(DummyIndividual),GraduateCourse(DummyIndividual)}
10,32;{ConferencePaper(DummyIndividual),ClericalStaff(DummyIndividual),Course(DummyIndividual)}
10,32;{ConferencePaper(DummyIndividual),ClericalStaff(DummyIndividual),Research(DummyIndividual)}
10,32;{ConferencePaper(DummyIndividual),SystemsStaff(DummyIndividual),Work(DummyIndividual)}
10,32;{ConferencePaper(DummyIndividual),SystemsStaff(DummyIndividual),GraduateCourse(DummyIndividual)}
10,32;{ConferencePaper(DummyIndividual),SystemsStaff(DummyIndividual),Course(DummyIndividual)}
10,32;{ConferencePaper(DummyIndividual),SystemsStaff(DummyIndividual),Research(DummyIndividual)}
10,42;{ConferencePaper(DummyIndividual),Work(DummyIndividual),AdministrativeStaff(DummyIndividual)}
10,73;{ConferencePaper(DummyIndividual),GraduateCourse(DummyIndividual),AdministrativeStaff(DummyIndividual)}
11,21;{ConferencePaper(DummyIndividual),Course(DummyIndividual),AdministrativeStaff(DummyIndividual)}
12,78;{TechnicalReport(DummyIndividual),ClericalStaff(DummyIndividual),Work(DummyIndividual)}
12,78;{TechnicalReport(DummyIndividual),ClericalStaff(DummyIndividual),GraduateCourse(DummyIndividual)}
12,78;{TechnicalReport(DummyIndividual),ClericalStaff(DummyIndividual),Course(DummyIndividual)}
12,78;{TechnicalReport(DummyIndividual),ClericalStaff(DummyIndividual),Research(DummyIndividual)}
12,78;{TechnicalReport(DummyIndividual),SystemsStaff(DummyIndividual),Work(DummyIndividual)}
12,78;{TechnicalReport(DummyIndividual),SystemsStaff(DummyIndividual),GraduateCourse(DummyIndividual)}
12,89;{TechnicalReport(DummyIndividual),SystemsStaff(DummyIndividual),Course(DummyIndividual)}
12,89;{TechnicalReport(DummyIndividual),SystemsStaff(DummyIndividual),Research(DummyIndividual)}
12,89;{TechnicalReport(DummyIndividual),Work(DummyIndividual),AdministrativeStaff(DummyIndividual)}
13,10;{TechnicalReport(DummyIndividual),GraduateCourse(DummyIndividual),AdministrativeStaff(DummyIndividual)}
13,42;{TechnicalReport(DummyIndividual),Course(DummyIndividual),AdministrativeStaff(DummyIndividual)}
14,90;{JournalArticle(DummyIndividual),ClericalStaff(DummyIndividual),Work(DummyIndividual)}
14,97;{JournalArticle(DummyIndividual),ClericalStaff(DummyIndividual),GraduateCourse(DummyIndividual)}
14,97;{JournalArticle(DummyIndividual),ClericalStaff(DummyIndividual),Course(DummyIndividual)}
15,02;{JournalArticle(DummyIndividual),Work(DummyIndividual),AdministrativeStaff(DummyIndividual)}
15,09;{JournalArticle(DummyIndividual),Work(DummyIndividual),SystemsStaff(DummyIndividual)}
15,28;{JournalArticle(DummyIndividual),GraduateCourse(DummyIndividual),AdministrativeStaff(DummyIndividual)}
15,36;{JournalArticle(DummyIndividual),GraduateCourse(DummyIndividual),SystemsStaff(DummyIndividual)}
15,87;{JournalArticle(DummyIndividual),Course(DummyIndividual),AdministrativeStaff(DummyIndividual)}
