1,36;{Employee(DummyIndividual),Student(DummyIndividual)}
1,65;{GraduateStudent(DummyIndividual),PostDoc(DummyIndividual)}
1,95;{AssistantProfessor(DummyIndividual),GraduateStudent(DummyIndividual)}
2,13;{UndergraduateStudent(DummyIndividual),Chair(DummyIndividual)}
2,34;{Dean(DummyIndividual),UndergraduateStudent(DummyIndividual)}
2,54;{Student(DummyIndividual),Director(DummyIndividual)}
2,54;{Student(DummyIndividual),AdministrativeStaff(DummyIndividual)}
5,07;{Student(DummyIndividual),AssistantProfessor(DummyIndividual)}
5,17;{Student(DummyIndividual),Chair(DummyIndividual)}
5,17;{Student(DummyIndividual),ClericalStaff(DummyIndividual)}
5,17;{Student(DummyIndividual),SystemsStaff(DummyIndividual)}
5,17;{Student(DummyIndividual),ResearchAssistant(DummyIndividual)}
5,28;{Student(DummyIndividual),PostDoc(DummyIndividual)}
5,28;{Student(DummyIndividual),Lecturer(DummyIndividual)}
5,38;{Student(DummyIndividual),Dean(DummyIndividual)}
5,48;{Student(DummyIndividual),Professor(DummyIndividual)}
5,48;{Student(DummyIndividual),FullProfessor(DummyIndividual)}
5,48;{Student(DummyIndividual),VisitingProfessor(DummyIndividual)}
5,48;{Student(DummyIndividual),AssociateProfessor(DummyIndividual)}
5,59;{UndergraduateStudent(DummyIndividual),Employee(DummyIndividual)}
5,59;{UndergraduateStudent(DummyIndividual),Director(DummyIndividual)}
5,59;{UndergraduateStudent(DummyIndividual),AdministrativeStaff(DummyIndividual)}
5,59;{UndergraduateStudent(DummyIndividual),AssistantProfessor(DummyIndividual)}
5,68;{UndergraduateStudent(DummyIndividual),ClericalStaff(DummyIndividual)}
5,68;{UndergraduateStudent(DummyIndividual),SystemsStaff(DummyIndividual)}
5,68;{UndergraduateStudent(DummyIndividual),ResearchAssistant(DummyIndividual)}
5,68;{UndergraduateStudent(DummyIndividual),PostDoc(DummyIndividual)}
5,79;{UndergraduateStudent(DummyIndividual),Faculty(DummyIndividual)}
5,79;{UndergraduateStudent(DummyIndividual),Lecturer(DummyIndividual)}
5,90;{UndergraduateStudent(DummyIndividual),Professor(DummyIndividual)}
5,90;{UndergraduateStudent(DummyIndividual),FullProfessor(DummyIndividual)}
6,00;{UndergraduateStudent(DummyIndividual),VisitingProfessor(DummyIndividual)}
6,00;{UndergraduateStudent(DummyIndividual),AssociateProfessor(DummyIndividual)}
7,31;{Chair(DummyIndividual),GraduateStudent(DummyIndividual)}
7,73;{GraduateStudent(DummyIndividual),Employee(DummyIndividual)}
7,73;{GraduateStudent(DummyIndividual),Director(DummyIndividual)}
7,84;{GraduateStudent(DummyIndividual),AdministrativeStaff(DummyIndividual)}
7,84;{GraduateStudent(DummyIndividual),ClericalStaff(DummyIndividual)}
7,84;{GraduateStudent(DummyIndividual),SystemsStaff(DummyIndividual)}
7,84;{GraduateStudent(DummyIndividual),ResearchAssistant(DummyIndividual)}
7,95;{GraduateStudent(DummyIndividual),Faculty(DummyIndividual)}
7,95;{GraduateStudent(DummyIndividual),Lecturer(DummyIndividual)}
8,05;{GraduateStudent(DummyIndividual),Dean(DummyIndividual)}
8,05;{GraduateStudent(DummyIndividual),Professor(DummyIndividual)}
8,05;{GraduateStudent(DummyIndividual),FullProfessor(DummyIndividual)}
8,05;{GraduateStudent(DummyIndividual),VisitingProfessor(DummyIndividual)}
8,05;{GraduateStudent(DummyIndividual),AssociateProfessor(DummyIndividual)}
