1,21;{GraduateStudent(DummyIndividual),Director(DummyIndividual)}
1,41;{GraduateStudent(DummyIndividual),AdministrativeStaff(DummyIndividual)}
1,73;{GraduateStudent(DummyIndividual),AssociateProfessor(DummyIndividual)}
1,92;{GraduateStudent(DummyIndividual),AssistantProfessor(DummyIndividual)}
2,23;{GraduateStudent(DummyIndividual),Faculty(DummyIndividual)}
2,54;{GraduateStudent(DummyIndividual),Employee(DummyIndividual)}
2,72;{GraduateStudent(DummyIndividual),FullProfessor(DummyIndividual)}
3,04;{GraduateStudent(DummyIndividual),ResearchAssistant(DummyIndividual)}
3,33;{UndergraduateStudent(DummyIndividual),ClericalStaff(DummyIndividual)}
3,54;{Dean(DummyIndividual),Student(DummyIndividual)}
3,64;{Dean(DummyIndividual),UndergraduateStudent(DummyIndividual)}
3,92;{VisitingProfessor(DummyIndividual),GraduateStudent(DummyIndividual)}
4,94;{Director(DummyIndividual),Student(DummyIndividual)}
5,01;{Director(DummyIndividual),UndergraduateStudent(DummyIndividual)}
5,52;{Student(DummyIndividual),Employee(DummyIndividual)}
7,82;{Student(DummyIndividual),AdministrativeStaff(DummyIndividual)}
7,82;{Student(DummyIndividual),AssistantProfessor(DummyIndividual)}
7,93;{Student(DummyIndividual),Chair(DummyIndividual)}
7,93;{Student(DummyIndividual),ClericalStaff(DummyIndividual)}
7,93;{Student(DummyIndividual),SystemsStaff(DummyIndividual)}
7,93;{Student(DummyIndividual),ResearchAssistant(DummyIndividual)}
7,93;{Student(DummyIndividual),PostDoc(DummyIndividual)}
7,93;{Student(DummyIndividual),Faculty(DummyIndividual)}
8,05;{Student(DummyIndividual),Lecturer(DummyIndividual)}
8,05;{Student(DummyIndividual),Professor(DummyIndividual)}
8,05;{Student(DummyIndividual),FullProfessor(DummyIndividual)}
8,13;{Student(DummyIndividual),VisitingProfessor(DummyIndividual)}
8,13;{Student(DummyIndividual),AssociateProfessor(DummyIndividual)}
8,13;{AssistantProfessor(DummyIndividual),UndergraduateStudent(DummyIndividual)}
8,54;{UndergraduateStudent(DummyIndividual),Employee(DummyIndividual)}
8,54;{UndergraduateStudent(DummyIndividual),AdministrativeStaff(DummyIndividual)}
8,65;{UndergraduateStudent(DummyIndividual),Chair(DummyIndividual)}
8,65;{UndergraduateStudent(DummyIndividual),SystemsStaff(DummyIndividual)}
8,65;{UndergraduateStudent(DummyIndividual),ResearchAssistant(DummyIndividual)}
8,65;{UndergraduateStudent(DummyIndividual),PostDoc(DummyIndividual)}
8,65;{UndergraduateStudent(DummyIndividual),Faculty(DummyIndividual)}
8,65;{UndergraduateStudent(DummyIndividual),Lecturer(DummyIndividual)}
8,77;{UndergraduateStudent(DummyIndividual),Professor(DummyIndividual)}
8,77;{UndergraduateStudent(DummyIndividual),FullProfessor(DummyIndividual)}
8,89;{UndergraduateStudent(DummyIndividual),VisitingProfessor(DummyIndividual)}
8,89;{UndergraduateStudent(DummyIndividual),AssociateProfessor(DummyIndividual)}
9,57;{ClericalStaff(DummyIndividual),GraduateStudent(DummyIndividual)}
10,00;{GraduateStudent(DummyIndividual),SystemsStaff(DummyIndividual)}
10,00;{GraduateStudent(DummyIndividual),PostDoc(DummyIndividual)}
10,00;{GraduateStudent(DummyIndividual),Lecturer(DummyIndividual)}
10,11;{GraduateStudent(DummyIndividual),Dean(DummyIndividual)}
10,11;{GraduateStudent(DummyIndividual),Professor(DummyIndividual)}
