1,28;{SystemsStaff(DummyIndividual),Course(DummyIndividual),AssistantProfessor(DummyIndividual),Institute(DummyIndividual)}
1,95;{University(DummyIndividual),AssociateProfessor(DummyIndividual),SystemsStaff(DummyIndividual),Work(DummyIndividual)}
2,65;{University(DummyIndividual),Course(DummyIndividual),AssistantProfessor(DummyIndividual),AdministrativeStaff(DummyIndividual)}
3,14;{University(DummyIndividual),Course(DummyIndividual),AssistantProfessor(DummyIndividual),ClericalStaff(DummyIndividual)}
8,20;{Course(DummyIndividual),AssociateProfessor(DummyIndividual),SystemsStaff(DummyIndividual),Program(DummyIndividual)}
8,43;{AssistantProfessor(DummyIndividual),Course(DummyIndividual),SystemsStaff(DummyIndividual),Program(DummyIndividual)}
8,66;{Chair(DummyIndividual),GraduateCourse(DummyIndividual),SystemsStaff(DummyIndividual),Program(DummyIndividual)}
8,97;{Chair(DummyIndividual),Work(DummyIndividual),SystemsStaff(DummyIndividual),Program(DummyIndividual)}
9,23;{Chair(DummyIndividual),Research(DummyIndividual),SystemsStaff(DummyIndividual),Program(DummyIndividual)}
15,47;{Institute(DummyIndividual),AdministrativeStaff(DummyIndividual),GraduateCourse(DummyIndividual),Dean(DummyIndividual)}
15,83;{College(DummyIndividual),AdministrativeStaff(DummyIndividual),GraduateCourse(DummyIndividual),Dean(DummyIndividual)}
15,99;{Program(DummyIndividual),AdministrativeStaff(DummyIndividual),GraduateCourse(DummyIndividual),Dean(DummyIndividual)}
16,23;{University(DummyIndividual),AdministrativeStaff(DummyIndividual),GraduateCourse(DummyIndividual),Dean(DummyIndividual)}
16,30;{ResearchGroup(DummyIndividual),AdministrativeStaff(DummyIndividual),GraduateCourse(DummyIndividual),Dean(DummyIndividual)}
16,38;{Organization(DummyIndividual),AdministrativeStaff(DummyIndividual),GraduateCourse(DummyIndividual),Dean(DummyIndividual)}
16,38;{Department(DummyIndividual),AdministrativeStaff(DummyIndividual),GraduateCourse(DummyIndividual),Dean(DummyIndividual)}
23,06;{Work(DummyIndividual),ClericalStaff(DummyIndividual),Program(DummyIndividual),AssociateProfessor(DummyIndividual)}
23,24;{Research(DummyIndividual),ClericalStaff(DummyIndividual),Program(DummyIndividual),AssociateProfessor(DummyIndividual)}
23,53;{Course(DummyIndividual),ClericalStaff(DummyIndividual),Program(DummyIndividual),AssociateProfessor(DummyIndividual)}
23,80;{GraduateCourse(DummyIndividual),ClericalStaff(DummyIndividual),Program(DummyIndividual),AssociateProfessor(DummyIndividual)}
28,07;{AssociateProfessor(DummyIndividual),SystemsStaff(DummyIndividual),GraduateCourse(DummyIndividual),ResearchGroup(DummyIndividual)}
28,27;{AssistantProfessor(DummyIndividual),SystemsStaff(DummyIndividual),GraduateCourse(DummyIndividual),ResearchGroup(DummyIndividual)}
28,27;{FullProfessor(DummyIndividual),SystemsStaff(DummyIndividual),GraduateCourse(DummyIndividual),ResearchGroup(DummyIndividual)}
28,37;{Dean(DummyIndividual),SystemsStaff(DummyIndividual),GraduateCourse(DummyIndividual),ResearchGroup(DummyIndividual)}
28,37;{VisitingProfessor(DummyIndividual),SystemsStaff(DummyIndividual),GraduateCourse(DummyIndividual),ResearchGroup(DummyIndividual)}
28,47;{Chair(DummyIndividual),SystemsStaff(DummyIndividual),GraduateCourse(DummyIndividual),ResearchGroup(DummyIndividual)}
28,67;{Professor(DummyIndividual),SystemsStaff(DummyIndividual),GraduateCourse(DummyIndividual),ResearchGroup(DummyIndividual)}
30,64;{SystemsStaff(DummyIndividual),Institute(DummyIndividual),AssistantProfessor(DummyIndividual),GraduateCourse(DummyIndividual)}
30,85;{AdministrativeStaff(DummyIndividual),Institute(DummyIndividual),AssistantProfessor(DummyIndividual),GraduateCourse(DummyIndividual)}
31,05;{ClericalStaff(DummyIndividual),Institute(DummyIndividual),AssistantProfessor(DummyIndividual),GraduateCourse(DummyIndividual)}
39,71;{AdministrativeStaff(DummyIndividual),College(DummyIndividual),AssistantProfessor(DummyIndividual),Work(DummyIndividual)}
39,71;{AdministrativeStaff(DummyIndividual),College(DummyIndividual),AssistantProfessor(DummyIndividual),GraduateCourse(DummyIndividual)}
39,71;{AdministrativeStaff(DummyIndividual),College(DummyIndividual),AssistantProfessor(DummyIndividual),Course(DummyIndividual)}
39,71;{AdministrativeStaff(DummyIndividual),College(DummyIndividual),AssistantProfessor(DummyIndividual),Research(DummyIndividual)}
39,81;{AdministrativeStaff(DummyIndividual),College(DummyIndividual),Chair(DummyIndividual),Work(DummyIndividual)}
39,81;{AdministrativeStaff(DummyIndividual),College(DummyIndividual),Chair(DummyIndividual),GraduateCourse(DummyIndividual)}
39,81;{AdministrativeStaff(DummyIndividual),College(DummyIndividual),Chair(DummyIndividual),Course(DummyIndividual)}
39,81;{AdministrativeStaff(DummyIndividual),College(DummyIndividual),Chair(DummyIndividual),Research(DummyIndividual)}
40,20;{AdministrativeStaff(DummyIndividual),College(DummyIndividual),Dean(DummyIndividual),Work(DummyIndividual)}
40,20;{AdministrativeStaff(DummyIndividual),College(DummyIndividual),Dean(DummyIndividual),Course(DummyIndividual)}
40,20;{AdministrativeStaff(DummyIndividual),College(DummyIndividual),Dean(DummyIndividual),Research(DummyIndividual)}
40,30;{AdministrativeStaff(DummyIndividual),College(DummyIndividual),Professor(DummyIndividual),Work(DummyIndividual)}
40,30;{AdministrativeStaff(DummyIndividual),College(DummyIndividual),Professor(DummyIndividual),GraduateCourse(DummyIndividual)}
40,42;{AdministrativeStaff(DummyIndividual),College(DummyIndividual),Professor(DummyIndividual),Course(DummyIndividual)}
40,42;{AdministrativeStaff(DummyIndividual),College(DummyIndividual),Professor(DummyIndividual),Research(DummyIndividual)}
40,51;{AdministrativeStaff(DummyIndividual),College(DummyIndividual),FullProfessor(DummyIndividual),Work(DummyIndividual)}
40,51;{AdministrativeStaff(DummyIndividual),College(DummyIndividual),FullProfessor(DummyIndividual),GraduateCourse(DummyIndividual)}
40,51;{AdministrativeStaff(DummyIndividual),College(DummyIndividual),FullProfessor(DummyIndividual),Course(DummyIndividual)}
40,60;{AdministrativeStaff(DummyIndividual),College(DummyIndividual),FullProfessor(DummyIndividual),Research(DummyIndividual)}
40,60;{AdministrativeStaff(DummyIndividual),College(DummyIndividual),VisitingProfessor(DummyIndividual),Work(DummyIndividual)}
40,60;{AdministrativeStaff(DummyIndividual),College(DummyIndividual),VisitingProfessor(DummyIndividual),GraduateCourse(DummyIndividual)}
40,60;{AdministrativeStaff(DummyIndividual),College(DummyIndividual),VisitingProfessor(DummyIndividual),Course(DummyIndividual)}
40,60;{AdministrativeStaff(DummyIndividual),College(DummyIndividual),VisitingProfessor(DummyIndividual),Research(DummyIndividual)}
40,70;{AdministrativeStaff(DummyIndividual),College(DummyIndividual),AssociateProfessor(DummyIndividual),Work(DummyIndividual)}
40,70;{AdministrativeStaff(DummyIndividual),College(DummyIndividual),AssociateProfessor(DummyIndividual),GraduateCourse(DummyIndividual)}
40,80;{AdministrativeStaff(DummyIndividual),College(DummyIndividual),AssociateProfessor(DummyIndividual),Course(DummyIndividual)}
40,80;{AdministrativeStaff(DummyIndividual),College(DummyIndividual),AssociateProfessor(DummyIndividual),Research(DummyIndividual)}
44,42;{AdministrativeStaff(DummyIndividual),Chair(DummyIndividual),Work(DummyIndividual),Organization(DummyIndividual)}
44,53;{AdministrativeStaff(DummyIndividual),Chair(DummyIndividual),Work(DummyIndividual),Program(DummyIndividual)}
44,53;{AdministrativeStaff(DummyIndividual),Chair(DummyIndividual),Work(DummyIndividual),Institute(DummyIndividual)}
44,62;{AdministrativeStaff(DummyIndividual),Chair(DummyIndividual),Work(DummyIndividual),University(DummyIndividual)}
44,62;{AdministrativeStaff(DummyIndividual),Chair(DummyIndividual),Work(DummyIndividual),Department(DummyIndividual)}
44,72;{AdministrativeStaff(DummyIndividual),Chair(DummyIndividual),Work(DummyIndividual),ResearchGroup(DummyIndividual)}
44,72;{AdministrativeStaff(DummyIndividual),Chair(DummyIndividual),GraduateCourse(DummyIndividual),Organization(DummyIndividual)}
44,82;{AdministrativeStaff(DummyIndividual),Chair(DummyIndividual),GraduateCourse(DummyIndividual),Program(DummyIndividual)}
44,82;{AdministrativeStaff(DummyIndividual),Chair(DummyIndividual),GraduateCourse(DummyIndividual),Institute(DummyIndividual)}
44,92;{AdministrativeStaff(DummyIndividual),Chair(DummyIndividual),GraduateCourse(DummyIndividual),University(DummyIndividual)}
44,92;{AdministrativeStaff(DummyIndividual),Chair(DummyIndividual),GraduateCourse(DummyIndividual),Department(DummyIndividual)}
45,03;{AdministrativeStaff(DummyIndividual),Chair(DummyIndividual),GraduateCourse(DummyIndividual),ResearchGroup(DummyIndividual)}
45,03;{AdministrativeStaff(DummyIndividual),Chair(DummyIndividual),Program(DummyIndividual),Course(DummyIndividual)}
45,03;{AdministrativeStaff(DummyIndividual),Chair(DummyIndividual),Program(DummyIndividual),Research(DummyIndividual)}
45,13;{AdministrativeStaff(DummyIndividual),Chair(DummyIndividual),Institute(DummyIndividual),Course(DummyIndividual)}
45,13;{AdministrativeStaff(DummyIndividual),Chair(DummyIndividual),Institute(DummyIndividual),Research(DummyIndividual)}
45,23;{AdministrativeStaff(DummyIndividual),Chair(DummyIndividual),Course(DummyIndividual),Organization(DummyIndividual)}
45,42;{AdministrativeStaff(DummyIndividual),Chair(DummyIndividual),Course(DummyIndividual),University(DummyIndividual)}
45,42;{AdministrativeStaff(DummyIndividual),Chair(DummyIndividual),Course(DummyIndividual),Department(DummyIndividual)}
45,53;{AdministrativeStaff(DummyIndividual),Chair(DummyIndividual),Course(DummyIndividual),ResearchGroup(DummyIndividual)}
45,53;{AdministrativeStaff(DummyIndividual),Chair(DummyIndividual),Research(DummyIndividual),Organization(DummyIndividual)}
45,64;{AdministrativeStaff(DummyIndividual),Chair(DummyIndividual),Research(DummyIndividual),University(DummyIndividual)}
45,64;{AdministrativeStaff(DummyIndividual),Chair(DummyIndividual),Research(DummyIndividual),Department(DummyIndividual)}
45,74;{AdministrativeStaff(DummyIndividual),Chair(DummyIndividual),Research(DummyIndividual),ResearchGroup(DummyIndividual)}
51,11;{AdministrativeStaff(DummyIndividual),Work(DummyIndividual),AssistantProfessor(DummyIndividual),Organization(DummyIndividual)}
51,20;{AdministrativeStaff(DummyIndividual),Work(DummyIndividual),AssistantProfessor(DummyIndividual),Program(DummyIndividual)}
51,20;{AdministrativeStaff(DummyIndividual),Work(DummyIndividual),AssistantProfessor(DummyIndividual),Institute(DummyIndividual)}
51,20;{AdministrativeStaff(DummyIndividual),Work(DummyIndividual),AssistantProfessor(DummyIndividual),University(DummyIndividual)}
51,20;{AdministrativeStaff(DummyIndividual),Work(DummyIndividual),AssistantProfessor(DummyIndividual),Department(DummyIndividual)}
51,30;{AdministrativeStaff(DummyIndividual),Work(DummyIndividual),AssistantProfessor(DummyIndividual),ResearchGroup(DummyIndividual)}
52,81;{AdministrativeStaff(DummyIndividual),Work(DummyIndividual),Program(DummyIndividual),Dean(DummyIndividual)}
52,81;{AdministrativeStaff(DummyIndividual),Work(DummyIndividual),Program(DummyIndividual),Professor(DummyIndividual)}
52,81;{AdministrativeStaff(DummyIndividual),Work(DummyIndividual),Program(DummyIndividual),FullProfessor(DummyIndividual)}
52,81;{AdministrativeStaff(DummyIndividual),Work(DummyIndividual),Program(DummyIndividual),VisitingProfessor(DummyIndividual)}
52,81;{AdministrativeStaff(DummyIndividual),Work(DummyIndividual),Program(DummyIndividual),AssociateProfessor(DummyIndividual)}
53,01;{AdministrativeStaff(DummyIndividual),Work(DummyIndividual),Institute(DummyIndividual),Dean(DummyIndividual)}
53,01;{AdministrativeStaff(DummyIndividual),Work(DummyIndividual),Institute(DummyIndividual),Professor(DummyIndividual)}
53,11;{AdministrativeStaff(DummyIndividual),Work(DummyIndividual),Institute(DummyIndividual),FullProfessor(DummyIndividual)}
53,11;{AdministrativeStaff(DummyIndividual),Work(DummyIndividual),Institute(DummyIndividual),VisitingProfessor(DummyIndividual)}
53,11;{AdministrativeStaff(DummyIndividual),Work(DummyIndividual),Institute(DummyIndividual),AssociateProfessor(DummyIndividual)}
53,77;{AdministrativeStaff(DummyIndividual),Work(DummyIndividual),Department(DummyIndividual),Dean(DummyIndividual)}
53,77;{AdministrativeStaff(DummyIndividual),Work(DummyIndividual),Department(DummyIndividual),Professor(DummyIndividual)}
53,77;{AdministrativeStaff(DummyIndividual),Work(DummyIndividual),Department(DummyIndividual),FullProfessor(DummyIndividual)}
53,77;{AdministrativeStaff(DummyIndividual),Work(DummyIndividual),Department(DummyIndividual),VisitingProfessor(DummyIndividual)}
53,87;{AdministrativeStaff(DummyIndividual),Work(DummyIndividual),Department(DummyIndividual),AssociateProfessor(DummyIndividual)}
53,96;{AdministrativeStaff(DummyIndividual),Work(DummyIndividual),Dean(DummyIndividual),Organization(DummyIndividual)}
54,08;{AdministrativeStaff(DummyIndividual),Work(DummyIndividual),Dean(DummyIndividual),University(DummyIndividual)}
54,17;{AdministrativeStaff(DummyIndividual),Work(DummyIndividual),Dean(DummyIndividual),ResearchGroup(DummyIndividual)}
54,38;{AdministrativeStaff(DummyIndividual),Work(DummyIndividual),Professor(DummyIndividual),Organization(DummyIndividual)}
54,47;{AdministrativeStaff(DummyIndividual),Work(DummyIndividual),Professor(DummyIndividual),University(DummyIndividual)}
54,58;{AdministrativeStaff(DummyIndividual),Work(DummyIndividual),Professor(DummyIndividual),ResearchGroup(DummyIndividual)}
54,58;{AdministrativeStaff(DummyIndividual),Work(DummyIndividual),FullProfessor(DummyIndividual),Organization(DummyIndividual)}
54,68;{AdministrativeStaff(DummyIndividual),Work(DummyIndividual),FullProfessor(DummyIndividual),University(DummyIndividual)}
54,78;{AdministrativeStaff(DummyIndividual),Work(DummyIndividual),FullProfessor(DummyIndividual),ResearchGroup(DummyIndividual)}
55,19;{AdministrativeStaff(DummyIndividual),Work(DummyIndividual),VisitingProfessor(DummyIndividual),Organization(DummyIndividual)}
55,29;{AdministrativeStaff(DummyIndividual),Work(DummyIndividual),VisitingProfessor(DummyIndividual),University(DummyIndividual)}
55,40;{AdministrativeStaff(DummyIndividual),Work(DummyIndividual),VisitingProfessor(DummyIndividual),ResearchGroup(DummyIndividual)}
55,58;{AdministrativeStaff(DummyIndividual),Work(DummyIndividual),AssociateProfessor(DummyIndividual),Organization(DummyIndividual)}
55,70;{AdministrativeStaff(DummyIndividual),Work(DummyIndividual),AssociateProfessor(DummyIndividual),University(DummyIndividual)}
55,80;{AdministrativeStaff(DummyIndividual),Work(DummyIndividual),AssociateProfessor(DummyIndividual),ResearchGroup(DummyIndividual)}
56,69;{AdministrativeStaff(DummyIndividual),GraduateCourse(DummyIndividual),AssistantProfessor(DummyIndividual),Organization(DummyIndividual)}
56,79;{AdministrativeStaff(DummyIndividual),GraduateCourse(DummyIndividual),AssistantProfessor(DummyIndividual),Program(DummyIndividual)}
56,79;{AdministrativeStaff(DummyIndividual),GraduateCourse(DummyIndividual),AssistantProfessor(DummyIndividual),University(DummyIndividual)}
56,79;{AdministrativeStaff(DummyIndividual),GraduateCourse(DummyIndividual),AssistantProfessor(DummyIndividual),Department(DummyIndividual)}
56,89;{AdministrativeStaff(DummyIndividual),GraduateCourse(DummyIndividual),AssistantProfessor(DummyIndividual),ResearchGroup(DummyIndividual)}
58,00;{AdministrativeStaff(DummyIndividual),GraduateCourse(DummyIndividual),Institute(DummyIndividual),Professor(DummyIndividual)}
58,00;{AdministrativeStaff(DummyIndividual),GraduateCourse(DummyIndividual),Institute(DummyIndividual),FullProfessor(DummyIndividual)}
58,00;{AdministrativeStaff(DummyIndividual),GraduateCourse(DummyIndividual),Institute(DummyIndividual),VisitingProfessor(DummyIndividual)}
58,00;{AdministrativeStaff(DummyIndividual),GraduateCourse(DummyIndividual),Institute(DummyIndividual),AssociateProfessor(DummyIndividual)}
58,30;{AdministrativeStaff(DummyIndividual),GraduateCourse(DummyIndividual),University(DummyIndividual),Professor(DummyIndividual)}
58,30;{AdministrativeStaff(DummyIndividual),GraduateCourse(DummyIndividual),University(DummyIndividual),FullProfessor(DummyIndividual)}
58,40;{AdministrativeStaff(DummyIndividual),GraduateCourse(DummyIndividual),University(DummyIndividual),VisitingProfessor(DummyIndividual)}
58,40;{AdministrativeStaff(DummyIndividual),GraduateCourse(DummyIndividual),University(DummyIndividual),AssociateProfessor(DummyIndividual)}
58,40;{AdministrativeStaff(DummyIndividual),GraduateCourse(DummyIndividual),Department(DummyIndividual),Professor(DummyIndividual)}
58,40;{AdministrativeStaff(DummyIndividual),GraduateCourse(DummyIndividual),Department(DummyIndividual),FullProfessor(DummyIndividual)}
58,40;{AdministrativeStaff(DummyIndividual),GraduateCourse(DummyIndividual),Department(DummyIndividual),VisitingProfessor(DummyIndividual)}
58,40;{AdministrativeStaff(DummyIndividual),GraduateCourse(DummyIndividual),Department(DummyIndividual),AssociateProfessor(DummyIndividual)}
58,49;{AdministrativeStaff(DummyIndividual),GraduateCourse(DummyIndividual),Professor(DummyIndividual),Organization(DummyIndividual)}
58,49;{AdministrativeStaff(DummyIndividual),GraduateCourse(DummyIndividual),Professor(DummyIndividual),Program(DummyIndividual)}
58,49;{AdministrativeStaff(DummyIndividual),GraduateCourse(DummyIndividual),Professor(DummyIndividual),ResearchGroup(DummyIndividual)}
58,61;{AdministrativeStaff(DummyIndividual),GraduateCourse(DummyIndividual),FullProfessor(DummyIndividual),Organization(DummyIndividual)}
58,61;{AdministrativeStaff(DummyIndividual),GraduateCourse(DummyIndividual),FullProfessor(DummyIndividual),Program(DummyIndividual)}
58,61;{AdministrativeStaff(DummyIndividual),GraduateCourse(DummyIndividual),FullProfessor(DummyIndividual),ResearchGroup(DummyIndividual)}
58,61;{AdministrativeStaff(DummyIndividual),GraduateCourse(DummyIndividual),VisitingProfessor(DummyIndividual),Organization(DummyIndividual)}
58,61;{AdministrativeStaff(DummyIndividual),GraduateCourse(DummyIndividual),VisitingProfessor(DummyIndividual),Program(DummyIndividual)}
58,61;{AdministrativeStaff(DummyIndividual),GraduateCourse(DummyIndividual),VisitingProfessor(DummyIndividual),ResearchGroup(DummyIndividual)}
58,61;{AdministrativeStaff(DummyIndividual),GraduateCourse(DummyIndividual),AssociateProfessor(DummyIndividual),Organization(DummyIndividual)}
58,61;{AdministrativeStaff(DummyIndividual),GraduateCourse(DummyIndividual),AssociateProfessor(DummyIndividual),Program(DummyIndividual)}
58,61;{AdministrativeStaff(DummyIndividual),GraduateCourse(DummyIndividual),AssociateProfessor(DummyIndividual),ResearchGroup(DummyIndividual)}
59,03;{AdministrativeStaff(DummyIndividual),Program(DummyIndividual),AssistantProfessor(DummyIndividual),Course(DummyIndividual)}
59,03;{AdministrativeStaff(DummyIndividual),Program(DummyIndividual),AssistantProfessor(DummyIndividual),Research(DummyIndividual)}
59,44;{AdministrativeStaff(DummyIndividual),Program(DummyIndividual),Dean(DummyIndividual),Course(DummyIndividual)}
59,44;{AdministrativeStaff(DummyIndividual),Program(DummyIndividual),Dean(DummyIndividual),Research(DummyIndividual)}
59,55;{AdministrativeStaff(DummyIndividual),Program(DummyIndividual),Professor(DummyIndividual),Course(DummyIndividual)}
59,55;{AdministrativeStaff(DummyIndividual),Program(DummyIndividual),Professor(DummyIndividual),Research(DummyIndividual)}
59,75;{AdministrativeStaff(DummyIndividual),Program(DummyIndividual),FullProfessor(DummyIndividual),Course(DummyIndividual)}
59,75;{AdministrativeStaff(DummyIndividual),Program(DummyIndividual),FullProfessor(DummyIndividual),Research(DummyIndividual)}
59,75;{AdministrativeStaff(DummyIndividual),Program(DummyIndividual),VisitingProfessor(DummyIndividual),Course(DummyIndividual)}
59,75;{AdministrativeStaff(DummyIndividual),Program(DummyIndividual),VisitingProfessor(DummyIndividual),Research(DummyIndividual)}
59,96;{AdministrativeStaff(DummyIndividual),Program(DummyIndividual),AssociateProfessor(DummyIndividual),Course(DummyIndividual)}
59,96;{AdministrativeStaff(DummyIndividual),Program(DummyIndividual),AssociateProfessor(DummyIndividual),Research(DummyIndividual)}
60,67;{AdministrativeStaff(DummyIndividual),Institute(DummyIndividual),AssistantProfessor(DummyIndividual),Course(DummyIndividual)}
60,67;{AdministrativeStaff(DummyIndividual),Institute(DummyIndividual),AssistantProfessor(DummyIndividual),Research(DummyIndividual)}
62,09;{AdministrativeStaff(DummyIndividual),Institute(DummyIndividual),Research(DummyIndividual),Dean(DummyIndividual)}
62,09;{AdministrativeStaff(DummyIndividual),Institute(DummyIndividual),Research(DummyIndividual),Professor(DummyIndividual)}
62,09;{AdministrativeStaff(DummyIndividual),Institute(DummyIndividual),Research(DummyIndividual),FullProfessor(DummyIndividual)}
62,09;{AdministrativeStaff(DummyIndividual),Institute(DummyIndividual),Research(DummyIndividual),VisitingProfessor(DummyIndividual)}
62,09;{AdministrativeStaff(DummyIndividual),Institute(DummyIndividual),Research(DummyIndividual),AssociateProfessor(DummyIndividual)}
62,20;{AdministrativeStaff(DummyIndividual),Institute(DummyIndividual),Dean(DummyIndividual),Course(DummyIndividual)}
62,62;{AdministrativeStaff(DummyIndividual),Institute(DummyIndividual),Professor(DummyIndividual),Course(DummyIndividual)}
62,71;{AdministrativeStaff(DummyIndividual),Institute(DummyIndividual),FullProfessor(DummyIndividual),Course(DummyIndividual)}
63,12;{AdministrativeStaff(DummyIndividual),Institute(DummyIndividual),VisitingProfessor(DummyIndividual),Course(DummyIndividual)}
63,31;{AdministrativeStaff(DummyIndividual),Institute(DummyIndividual),AssociateProfessor(DummyIndividual),Course(DummyIndividual)}
67,73;{AdministrativeStaff(DummyIndividual),Course(DummyIndividual),AssistantProfessor(DummyIndividual),Organization(DummyIndividual)}
67,84;{AdministrativeStaff(DummyIndividual),Course(DummyIndividual),AssistantProfessor(DummyIndividual),Department(DummyIndividual)}
67,84;{AdministrativeStaff(DummyIndividual),Course(DummyIndividual),AssistantProfessor(DummyIndividual),ResearchGroup(DummyIndividual)}
68,77;{AdministrativeStaff(DummyIndividual),Course(DummyIndividual),Department(DummyIndividual),Dean(DummyIndividual)}
68,77;{AdministrativeStaff(DummyIndividual),Course(DummyIndividual),Department(DummyIndividual),Professor(DummyIndividual)}
68,77;{AdministrativeStaff(DummyIndividual),Course(DummyIndividual),Department(DummyIndividual),FullProfessor(DummyIndividual)}
68,77;{AdministrativeStaff(DummyIndividual),Course(DummyIndividual),Department(DummyIndividual),VisitingProfessor(DummyIndividual)}
68,77;{AdministrativeStaff(DummyIndividual),Course(DummyIndividual),Department(DummyIndividual),AssociateProfessor(DummyIndividual)}
68,87;{AdministrativeStaff(DummyIndividual),Course(DummyIndividual),Dean(DummyIndividual),Organization(DummyIndividual)}
68,87;{AdministrativeStaff(DummyIndividual),Course(DummyIndividual),Dean(DummyIndividual),University(DummyIndividual)}
68,87;{AdministrativeStaff(DummyIndividual),Course(DummyIndividual),Dean(DummyIndividual),ResearchGroup(DummyIndividual)}
68,87;{AdministrativeStaff(DummyIndividual),Course(DummyIndividual),Professor(DummyIndividual),Organization(DummyIndividual)}
68,98;{AdministrativeStaff(DummyIndividual),Course(DummyIndividual),Professor(DummyIndividual),University(DummyIndividual)}
68,98;{AdministrativeStaff(DummyIndividual),Course(DummyIndividual),Professor(DummyIndividual),ResearchGroup(DummyIndividual)}
68,98;{AdministrativeStaff(DummyIndividual),Course(DummyIndividual),FullProfessor(DummyIndividual),Organization(DummyIndividual)}
68,98;{AdministrativeStaff(DummyIndividual),Course(DummyIndividual),FullProfessor(DummyIndividual),University(DummyIndividual)}
68,98;{AdministrativeStaff(DummyIndividual),Course(DummyIndividual),FullProfessor(DummyIndividual),ResearchGroup(DummyIndividual)}
69,08;{AdministrativeStaff(DummyIndividual),Course(DummyIndividual),VisitingProfessor(DummyIndividual),Organization(DummyIndividual)}
69,08;{AdministrativeStaff(DummyIndividual),Course(DummyIndividual),VisitingProfessor(DummyIndividual),University(DummyIndividual)}
69,08;{AdministrativeStaff(DummyIndividual),Course(DummyIndividual),VisitingProfessor(DummyIndividual),ResearchGroup(DummyIndividual)}
69,19;{AdministrativeStaff(DummyIndividual),Course(DummyIndividual),AssociateProfessor(DummyIndividual),Organization(DummyIndividual)}
69,19;{AdministrativeStaff(DummyIndividual),Course(DummyIndividual),AssociateProfessor(DummyIndividual),University(DummyIndividual)}
69,19;{AdministrativeStaff(DummyIndividual),Course(DummyIndividual),AssociateProfessor(DummyIndividual),ResearchGroup(DummyIndividual)}
69,60;{AdministrativeStaff(DummyIndividual),Research(DummyIndividual),AssistantProfessor(DummyIndividual),Organization(DummyIndividual)}
69,60;{AdministrativeStaff(DummyIndividual),Research(DummyIndividual),AssistantProfessor(DummyIndividual),University(DummyIndividual)}
69,60;{AdministrativeStaff(DummyIndividual),Research(DummyIndividual),AssistantProfessor(DummyIndividual),Department(DummyIndividual)}
69,70;{AdministrativeStaff(DummyIndividual),Research(DummyIndividual),AssistantProfessor(DummyIndividual),ResearchGroup(DummyIndividual)}
69,89;{AdministrativeStaff(DummyIndividual),Research(DummyIndividual),University(DummyIndividual),Dean(DummyIndividual)}
69,89;{AdministrativeStaff(DummyIndividual),Research(DummyIndividual),University(DummyIndividual),Professor(DummyIndividual)}
69,89;{AdministrativeStaff(DummyIndividual),Research(DummyIndividual),University(DummyIndividual),FullProfessor(DummyIndividual)}
69,99;{AdministrativeStaff(DummyIndividual),Research(DummyIndividual),University(DummyIndividual),VisitingProfessor(DummyIndividual)}
69,99;{AdministrativeStaff(DummyIndividual),Research(DummyIndividual),University(DummyIndividual),AssociateProfessor(DummyIndividual)}
69,99;{AdministrativeStaff(DummyIndividual),Research(DummyIndividual),Department(DummyIndividual),Dean(DummyIndividual)}
69,99;{AdministrativeStaff(DummyIndividual),Research(DummyIndividual),Department(DummyIndividual),Professor(DummyIndividual)}
69,99;{AdministrativeStaff(DummyIndividual),Research(DummyIndividual),Department(DummyIndividual),FullProfessor(DummyIndividual)}
69,99;{AdministrativeStaff(DummyIndividual),Research(DummyIndividual),Department(DummyIndividual),VisitingProfessor(DummyIndividual)}
69,99;{AdministrativeStaff(DummyIndividual),Research(DummyIndividual),Department(DummyIndividual),AssociateProfessor(DummyIndividual)}
70,10;{AdministrativeStaff(DummyIndividual),Research(DummyIndividual),Dean(DummyIndividual),Organization(DummyIndividual)}
70,10;{AdministrativeStaff(DummyIndividual),Research(DummyIndividual),Dean(DummyIndividual),ResearchGroup(DummyIndividual)}
70,10;{AdministrativeStaff(DummyIndividual),Research(DummyIndividual),Professor(DummyIndividual),Organization(DummyIndividual)}
70,10;{AdministrativeStaff(DummyIndividual),Research(DummyIndividual),Professor(DummyIndividual),ResearchGroup(DummyIndividual)}
70,10;{AdministrativeStaff(DummyIndividual),Research(DummyIndividual),FullProfessor(DummyIndividual),Organization(DummyIndividual)}
70,10;{AdministrativeStaff(DummyIndividual),Research(DummyIndividual),FullProfessor(DummyIndividual),ResearchGroup(DummyIndividual)}
70,10;{AdministrativeStaff(DummyIndividual),Research(DummyIndividual),VisitingProfessor(DummyIndividual),Organization(DummyIndividual)}
70,21;{AdministrativeStaff(DummyIndividual),Research(DummyIndividual),VisitingProfessor(DummyIndividual),ResearchGroup(DummyIndividual)}
70,21;{AdministrativeStaff(DummyIndividual),Research(DummyIndividual),AssociateProfessor(DummyIndividual),Organization(DummyIndividual)}
70,21;{AdministrativeStaff(DummyIndividual),Research(DummyIndividual),AssociateProfessor(DummyIndividual),ResearchGroup(DummyIndividual)}
87,47;{ClericalStaff(DummyIndividual),College(DummyIndividual),AssistantProfessor(DummyIndividual),Work(DummyIndividual)}
87,47;{ClericalStaff(DummyIndividual),College(DummyIndividual),AssistantProfessor(DummyIndividual),GraduateCourse(DummyIndividual)}
87,47;{ClericalStaff(DummyIndividual),College(DummyIndividual),AssistantProfessor(DummyIndividual),Course(DummyIndividual)}
87,47;{ClericalStaff(DummyIndividual),College(DummyIndividual),AssistantProfessor(DummyIndividual),Research(DummyIndividual)}
87,47;{ClericalStaff(DummyIndividual),College(DummyIndividual),Chair(DummyIndividual),Work(DummyIndividual)}
87,47;{ClericalStaff(DummyIndividual),College(DummyIndividual),Chair(DummyIndividual),GraduateCourse(DummyIndividual)}
87,58;{ClericalStaff(DummyIndividual),College(DummyIndividual),Chair(DummyIndividual),Course(DummyIndividual)}
87,58;{ClericalStaff(DummyIndividual),College(DummyIndividual),Chair(DummyIndividual),Research(DummyIndividual)}
87,58;{ClericalStaff(DummyIndividual),College(DummyIndividual),Dean(DummyIndividual),Work(DummyIndividual)}
87,58;{ClericalStaff(DummyIndividual),College(DummyIndividual),Dean(DummyIndividual),GraduateCourse(DummyIndividual)}
87,58;{ClericalStaff(DummyIndividual),College(DummyIndividual),Dean(DummyIndividual),Course(DummyIndividual)}
87,58;{ClericalStaff(DummyIndividual),College(DummyIndividual),Dean(DummyIndividual),Research(DummyIndividual)}
87,69;{ClericalStaff(DummyIndividual),College(DummyIndividual),Professor(DummyIndividual),Work(DummyIndividual)}
87,69;{ClericalStaff(DummyIndividual),College(DummyIndividual),Professor(DummyIndividual),GraduateCourse(DummyIndividual)}
87,69;{ClericalStaff(DummyIndividual),College(DummyIndividual),Professor(DummyIndividual),Course(DummyIndividual)}
87,69;{ClericalStaff(DummyIndividual),College(DummyIndividual),Professor(DummyIndividual),Research(DummyIndividual)}
87,69;{ClericalStaff(DummyIndividual),College(DummyIndividual),FullProfessor(DummyIndividual),Work(DummyIndividual)}
87,69;{ClericalStaff(DummyIndividual),College(DummyIndividual),FullProfessor(DummyIndividual),GraduateCourse(DummyIndividual)}
87,69;{ClericalStaff(DummyIndividual),College(DummyIndividual),FullProfessor(DummyIndividual),Course(DummyIndividual)}
87,69;{ClericalStaff(DummyIndividual),College(DummyIndividual),FullProfessor(DummyIndividual),Research(DummyIndividual)}
87,69;{ClericalStaff(DummyIndividual),College(DummyIndividual),VisitingProfessor(DummyIndividual),Work(DummyIndividual)}
87,69;{ClericalStaff(DummyIndividual),College(DummyIndividual),VisitingProfessor(DummyIndividual),GraduateCourse(DummyIndividual)}
87,79;{ClericalStaff(DummyIndividual),College(DummyIndividual),VisitingProfessor(DummyIndividual),Course(DummyIndividual)}
87,79;{ClericalStaff(DummyIndividual),College(DummyIndividual),VisitingProfessor(DummyIndividual),Research(DummyIndividual)}
87,89;{ClericalStaff(DummyIndividual),College(DummyIndividual),AssociateProfessor(DummyIndividual),Work(DummyIndividual)}
87,89;{ClericalStaff(DummyIndividual),College(DummyIndividual),AssociateProfessor(DummyIndividual),GraduateCourse(DummyIndividual)}
87,89;{ClericalStaff(DummyIndividual),College(DummyIndividual),AssociateProfessor(DummyIndividual),Course(DummyIndividual)}
87,89;{ClericalStaff(DummyIndividual),College(DummyIndividual),AssociateProfessor(DummyIndividual),Research(DummyIndividual)}
89,14;{ClericalStaff(DummyIndividual),Chair(DummyIndividual),Organization(DummyIndividual),Work(DummyIndividual)}
89,14;{ClericalStaff(DummyIndividual),Chair(DummyIndividual),Organization(DummyIndividual),GraduateCourse(DummyIndividual)}
89,14;{ClericalStaff(DummyIndividual),Chair(DummyIndividual),Organization(DummyIndividual),Course(DummyIndividual)}
89,14;{ClericalStaff(DummyIndividual),Chair(DummyIndividual),Organization(DummyIndividual),Research(DummyIndividual)}
89,54;{ClericalStaff(DummyIndividual),Chair(DummyIndividual),GraduateCourse(DummyIndividual),Program(DummyIndividual)}
89,54;{ClericalStaff(DummyIndividual),Chair(DummyIndividual),GraduateCourse(DummyIndividual),Institute(DummyIndividual)}
89,54;{ClericalStaff(DummyIndividual),Chair(DummyIndividual),GraduateCourse(DummyIndividual),University(DummyIndividual)}
89,54;{ClericalStaff(DummyIndividual),Chair(DummyIndividual),GraduateCourse(DummyIndividual),Department(DummyIndividual)}
89,54;{ClericalStaff(DummyIndividual),Chair(DummyIndividual),GraduateCourse(DummyIndividual),ResearchGroup(DummyIndividual)}
89,54;{ClericalStaff(DummyIndividual),Chair(DummyIndividual),Program(DummyIndividual),Work(DummyIndividual)}
89,54;{ClericalStaff(DummyIndividual),Chair(DummyIndividual),Program(DummyIndividual),Course(DummyIndividual)}
89,54;{ClericalStaff(DummyIndividual),Chair(DummyIndividual),Program(DummyIndividual),Research(DummyIndividual)}
89,54;{ClericalStaff(DummyIndividual),Chair(DummyIndividual),Institute(DummyIndividual),Work(DummyIndividual)}
89,64;{ClericalStaff(DummyIndividual),Chair(DummyIndividual),Institute(DummyIndividual),Course(DummyIndividual)}
89,64;{ClericalStaff(DummyIndividual),Chair(DummyIndividual),Institute(DummyIndividual),Research(DummyIndividual)}
89,64;{ClericalStaff(DummyIndividual),Chair(DummyIndividual),University(DummyIndividual),Work(DummyIndividual)}
89,74;{ClericalStaff(DummyIndividual),Chair(DummyIndividual),University(DummyIndividual),Course(DummyIndividual)}
89,74;{ClericalStaff(DummyIndividual),Chair(DummyIndividual),University(DummyIndividual),Research(DummyIndividual)}
89,74;{ClericalStaff(DummyIndividual),Chair(DummyIndividual),Course(DummyIndividual),Department(DummyIndividual)}
89,84;{ClericalStaff(DummyIndividual),Chair(DummyIndividual),Course(DummyIndividual),ResearchGroup(DummyIndividual)}
89,84;{ClericalStaff(DummyIndividual),Chair(DummyIndividual),Research(DummyIndividual),Department(DummyIndividual)}
89,84;{ClericalStaff(DummyIndividual),Chair(DummyIndividual),Research(DummyIndividual),ResearchGroup(DummyIndividual)}
89,84;{ClericalStaff(DummyIndividual),Chair(DummyIndividual),Department(DummyIndividual),Work(DummyIndividual)}
90,55;{ClericalStaff(DummyIndividual),Chair(DummyIndividual),ResearchGroup(DummyIndividual),Work(DummyIndividual)}
91,60;{ClericalStaff(DummyIndividual),Work(DummyIndividual),AssistantProfessor(DummyIndividual),Organization(DummyIndividual)}
91,70;{ClericalStaff(DummyIndividual),Work(DummyIndividual),AssistantProfessor(DummyIndividual),Program(DummyIndividual)}
91,70;{ClericalStaff(DummyIndividual),Work(DummyIndividual),AssistantProfessor(DummyIndividual),Institute(DummyIndividual)}
91,70;{ClericalStaff(DummyIndividual),Work(DummyIndividual),AssistantProfessor(DummyIndividual),University(DummyIndividual)}
91,70;{ClericalStaff(DummyIndividual),Work(DummyIndividual),AssistantProfessor(DummyIndividual),Department(DummyIndividual)}
91,70;{ClericalStaff(DummyIndividual),Work(DummyIndividual),AssistantProfessor(DummyIndividual),ResearchGroup(DummyIndividual)}
91,81;{ClericalStaff(DummyIndividual),Work(DummyIndividual),Program(DummyIndividual),Dean(DummyIndividual)}
91,81;{ClericalStaff(DummyIndividual),Work(DummyIndividual),Program(DummyIndividual),Professor(DummyIndividual)}
91,81;{ClericalStaff(DummyIndividual),Work(DummyIndividual),Program(DummyIndividual),FullProfessor(DummyIndividual)}
91,81;{ClericalStaff(DummyIndividual),Work(DummyIndividual),Program(DummyIndividual),VisitingProfessor(DummyIndividual)}
91,81;{ClericalStaff(DummyIndividual),Work(DummyIndividual),Dean(DummyIndividual),Organization(DummyIndividual)}
91,81;{ClericalStaff(DummyIndividual),Work(DummyIndividual),Dean(DummyIndividual),Institute(DummyIndividual)}
91,81;{ClericalStaff(DummyIndividual),Work(DummyIndividual),Dean(DummyIndividual),University(DummyIndividual)}
91,81;{ClericalStaff(DummyIndividual),Work(DummyIndividual),Dean(DummyIndividual),Department(DummyIndividual)}
91,92;{ClericalStaff(DummyIndividual),Work(DummyIndividual),Dean(DummyIndividual),ResearchGroup(DummyIndividual)}
91,92;{ClericalStaff(DummyIndividual),Work(DummyIndividual),Professor(DummyIndividual),Organization(DummyIndividual)}
91,92;{ClericalStaff(DummyIndividual),Work(DummyIndividual),Professor(DummyIndividual),Institute(DummyIndividual)}
91,92;{ClericalStaff(DummyIndividual),Work(DummyIndividual),Professor(DummyIndividual),University(DummyIndividual)}
91,92;{ClericalStaff(DummyIndividual),Work(DummyIndividual),Professor(DummyIndividual),Department(DummyIndividual)}
91,92;{ClericalStaff(DummyIndividual),Work(DummyIndividual),Professor(DummyIndividual),ResearchGroup(DummyIndividual)}
91,92;{ClericalStaff(DummyIndividual),Work(DummyIndividual),FullProfessor(DummyIndividual),Organization(DummyIndividual)}
91,92;{ClericalStaff(DummyIndividual),Work(DummyIndividual),FullProfessor(DummyIndividual),Institute(DummyIndividual)}
91,92;{ClericalStaff(DummyIndividual),Work(DummyIndividual),FullProfessor(DummyIndividual),University(DummyIndividual)}
91,92;{ClericalStaff(DummyIndividual),Work(DummyIndividual),FullProfessor(DummyIndividual),Department(DummyIndividual)}
91,92;{ClericalStaff(DummyIndividual),Work(DummyIndividual),FullProfessor(DummyIndividual),ResearchGroup(DummyIndividual)}
91,92;{ClericalStaff(DummyIndividual),Work(DummyIndividual),VisitingProfessor(DummyIndividual),Organization(DummyIndividual)}
91,92;{ClericalStaff(DummyIndividual),Work(DummyIndividual),VisitingProfessor(DummyIndividual),Institute(DummyIndividual)}
92,01;{ClericalStaff(DummyIndividual),Work(DummyIndividual),VisitingProfessor(DummyIndividual),University(DummyIndividual)}
92,01;{ClericalStaff(DummyIndividual),Work(DummyIndividual),VisitingProfessor(DummyIndividual),Department(DummyIndividual)}
92,01;{ClericalStaff(DummyIndividual),Work(DummyIndividual),VisitingProfessor(DummyIndividual),ResearchGroup(DummyIndividual)}
92,01;{ClericalStaff(DummyIndividual),Work(DummyIndividual),AssociateProfessor(DummyIndividual),Organization(DummyIndividual)}
92,01;{ClericalStaff(DummyIndividual),Work(DummyIndividual),AssociateProfessor(DummyIndividual),Institute(DummyIndividual)}
92,01;{ClericalStaff(DummyIndividual),Work(DummyIndividual),AssociateProfessor(DummyIndividual),University(DummyIndividual)}
92,01;{ClericalStaff(DummyIndividual),Work(DummyIndividual),AssociateProfessor(DummyIndividual),Department(DummyIndividual)}
92,01;{ClericalStaff(DummyIndividual),Work(DummyIndividual),AssociateProfessor(DummyIndividual),ResearchGroup(DummyIndividual)}
92,12;{ClericalStaff(DummyIndividual),GraduateCourse(DummyIndividual),AssistantProfessor(DummyIndividual),Organization(DummyIndividual)}
92,12;{ClericalStaff(DummyIndividual),GraduateCourse(DummyIndividual),AssistantProfessor(DummyIndividual),Program(DummyIndividual)}
92,12;{ClericalStaff(DummyIndividual),GraduateCourse(DummyIndividual),AssistantProfessor(DummyIndividual),University(DummyIndividual)}
92,12;{ClericalStaff(DummyIndividual),GraduateCourse(DummyIndividual),AssistantProfessor(DummyIndividual),Department(DummyIndividual)}
92,12;{ClericalStaff(DummyIndividual),GraduateCourse(DummyIndividual),AssistantProfessor(DummyIndividual),ResearchGroup(DummyIndividual)}
92,32;{ClericalStaff(DummyIndividual),GraduateCourse(DummyIndividual),Program(DummyIndividual),Dean(DummyIndividual)}
92,32;{ClericalStaff(DummyIndividual),GraduateCourse(DummyIndividual),Program(DummyIndividual),Professor(DummyIndividual)}
92,32;{ClericalStaff(DummyIndividual),GraduateCourse(DummyIndividual),Program(DummyIndividual),FullProfessor(DummyIndividual)}
92,43;{ClericalStaff(DummyIndividual),GraduateCourse(DummyIndividual),Program(DummyIndividual),VisitingProfessor(DummyIndividual)}
92,43;{ClericalStaff(DummyIndividual),GraduateCourse(DummyIndividual),Dean(DummyIndividual),Organization(DummyIndividual)}
92,43;{ClericalStaff(DummyIndividual),GraduateCourse(DummyIndividual),Dean(DummyIndividual),Institute(DummyIndividual)}
92,43;{ClericalStaff(DummyIndividual),GraduateCourse(DummyIndividual),Dean(DummyIndividual),University(DummyIndividual)}
92,43;{ClericalStaff(DummyIndividual),GraduateCourse(DummyIndividual),Dean(DummyIndividual),Department(DummyIndividual)}
92,43;{ClericalStaff(DummyIndividual),GraduateCourse(DummyIndividual),Dean(DummyIndividual),ResearchGroup(DummyIndividual)}
92,43;{ClericalStaff(DummyIndividual),GraduateCourse(DummyIndividual),Professor(DummyIndividual),Organization(DummyIndividual)}
92,43;{ClericalStaff(DummyIndividual),GraduateCourse(DummyIndividual),Professor(DummyIndividual),Institute(DummyIndividual)}
92,54;{ClericalStaff(DummyIndividual),GraduateCourse(DummyIndividual),Professor(DummyIndividual),University(DummyIndividual)}
92,54;{ClericalStaff(DummyIndividual),GraduateCourse(DummyIndividual),Professor(DummyIndividual),Department(DummyIndividual)}
92,54;{ClericalStaff(DummyIndividual),GraduateCourse(DummyIndividual),Professor(DummyIndividual),ResearchGroup(DummyIndividual)}
92,54;{ClericalStaff(DummyIndividual),GraduateCourse(DummyIndividual),FullProfessor(DummyIndividual),Organization(DummyIndividual)}
92,54;{ClericalStaff(DummyIndividual),GraduateCourse(DummyIndividual),FullProfessor(DummyIndividual),Institute(DummyIndividual)}
92,54;{ClericalStaff(DummyIndividual),GraduateCourse(DummyIndividual),FullProfessor(DummyIndividual),University(DummyIndividual)}
92,54;{ClericalStaff(DummyIndividual),GraduateCourse(DummyIndividual),FullProfessor(DummyIndividual),Department(DummyIndividual)}
92,54;{ClericalStaff(DummyIndividual),GraduateCourse(DummyIndividual),FullProfessor(DummyIndividual),ResearchGroup(DummyIndividual)}
92,54;{ClericalStaff(DummyIndividual),GraduateCourse(DummyIndividual),VisitingProfessor(DummyIndividual),Organization(DummyIndividual)}
92,54;{ClericalStaff(DummyIndividual),GraduateCourse(DummyIndividual),VisitingProfessor(DummyIndividual),Institute(DummyIndividual)}
92,54;{ClericalStaff(DummyIndividual),GraduateCourse(DummyIndividual),VisitingProfessor(DummyIndividual),University(DummyIndividual)}
92,54;{ClericalStaff(DummyIndividual),GraduateCourse(DummyIndividual),VisitingProfessor(DummyIndividual),Department(DummyIndividual)}
92,54;{ClericalStaff(DummyIndividual),GraduateCourse(DummyIndividual),VisitingProfessor(DummyIndividual),ResearchGroup(DummyIndividual)}
92,64;{ClericalStaff(DummyIndividual),GraduateCourse(DummyIndividual),AssociateProfessor(DummyIndividual),Organization(DummyIndividual)}
92,64;{ClericalStaff(DummyIndividual),GraduateCourse(DummyIndividual),AssociateProfessor(DummyIndividual),Institute(DummyIndividual)}
92,64;{ClericalStaff(DummyIndividual),GraduateCourse(DummyIndividual),AssociateProfessor(DummyIndividual),University(DummyIndividual)}
92,64;{ClericalStaff(DummyIndividual),GraduateCourse(DummyIndividual),AssociateProfessor(DummyIndividual),Department(DummyIndividual)}
92,64;{ClericalStaff(DummyIndividual),GraduateCourse(DummyIndividual),AssociateProfessor(DummyIndividual),ResearchGroup(DummyIndividual)}
93,05;{ClericalStaff(DummyIndividual),Program(DummyIndividual),AssistantProfessor(DummyIndividual),Course(DummyIndividual)}
93,05;{ClericalStaff(DummyIndividual),Program(DummyIndividual),AssistantProfessor(DummyIndividual),Research(DummyIndividual)}
93,70;{ClericalStaff(DummyIndividual),Program(DummyIndividual),Research(DummyIndividual),Dean(DummyIndividual)}
93,70;{ClericalStaff(DummyIndividual),Program(DummyIndividual),Research(DummyIndividual),Professor(DummyIndividual)}
93,70;{ClericalStaff(DummyIndividual),Program(DummyIndividual),Research(DummyIndividual),FullProfessor(DummyIndividual)}
93,70;{ClericalStaff(DummyIndividual),Program(DummyIndividual),Research(DummyIndividual),VisitingProfessor(DummyIndividual)}
93,89;{ClericalStaff(DummyIndividual),Program(DummyIndividual),Dean(DummyIndividual),Course(DummyIndividual)}
93,98;{ClericalStaff(DummyIndividual),Program(DummyIndividual),Professor(DummyIndividual),Course(DummyIndividual)}
93,98;{ClericalStaff(DummyIndividual),Program(DummyIndividual),FullProfessor(DummyIndividual),Course(DummyIndividual)}
94,09;{ClericalStaff(DummyIndividual),Program(DummyIndividual),VisitingProfessor(DummyIndividual),Course(DummyIndividual)}
94,18;{ClericalStaff(DummyIndividual),Institute(DummyIndividual),AssistantProfessor(DummyIndividual),Course(DummyIndividual)}
94,18;{ClericalStaff(DummyIndividual),Institute(DummyIndividual),AssistantProfessor(DummyIndividual),Research(DummyIndividual)}
94,28;{ClericalStaff(DummyIndividual),Institute(DummyIndividual),Dean(DummyIndividual),Course(DummyIndividual)}
94,28;{ClericalStaff(DummyIndividual),Institute(DummyIndividual),Dean(DummyIndividual),Research(DummyIndividual)}
94,28;{ClericalStaff(DummyIndividual),Institute(DummyIndividual),Professor(DummyIndividual),Course(DummyIndividual)}
94,28;{ClericalStaff(DummyIndividual),Institute(DummyIndividual),Professor(DummyIndividual),Research(DummyIndividual)}
94,28;{ClericalStaff(DummyIndividual),Institute(DummyIndividual),FullProfessor(DummyIndividual),Course(DummyIndividual)}
94,28;{ClericalStaff(DummyIndividual),Institute(DummyIndividual),FullProfessor(DummyIndividual),Research(DummyIndividual)}
94,28;{ClericalStaff(DummyIndividual),Institute(DummyIndividual),VisitingProfessor(DummyIndividual),Course(DummyIndividual)}
94,28;{ClericalStaff(DummyIndividual),Institute(DummyIndividual),VisitingProfessor(DummyIndividual),Research(DummyIndividual)}
94,28;{ClericalStaff(DummyIndividual),Institute(DummyIndividual),AssociateProfessor(DummyIndividual),Course(DummyIndividual)}
94,28;{ClericalStaff(DummyIndividual),Institute(DummyIndividual),AssociateProfessor(DummyIndividual),Research(DummyIndividual)}
95,42;{ClericalStaff(DummyIndividual),Course(DummyIndividual),AssistantProfessor(DummyIndividual),Organization(DummyIndividual)}
95,42;{ClericalStaff(DummyIndividual),Course(DummyIndividual),AssistantProfessor(DummyIndividual),Department(DummyIndividual)}
95,42;{ClericalStaff(DummyIndividual),Course(DummyIndividual),AssistantProfessor(DummyIndividual),ResearchGroup(DummyIndividual)}
95,63;{ClericalStaff(DummyIndividual),Course(DummyIndividual),Dean(DummyIndividual),Organization(DummyIndividual)}
95,63;{ClericalStaff(DummyIndividual),Course(DummyIndividual),Dean(DummyIndividual),University(DummyIndividual)}
95,63;{ClericalStaff(DummyIndividual),Course(DummyIndividual),Dean(DummyIndividual),Department(DummyIndividual)}
95,63;{ClericalStaff(DummyIndividual),Course(DummyIndividual),Dean(DummyIndividual),ResearchGroup(DummyIndividual)}
95,63;{ClericalStaff(DummyIndividual),Course(DummyIndividual),Professor(DummyIndividual),Organization(DummyIndividual)}
95,63;{ClericalStaff(DummyIndividual),Course(DummyIndividual),Professor(DummyIndividual),University(DummyIndividual)}
95,74;{ClericalStaff(DummyIndividual),Course(DummyIndividual),Professor(DummyIndividual),Department(DummyIndividual)}
95,74;{ClericalStaff(DummyIndividual),Course(DummyIndividual),Professor(DummyIndividual),ResearchGroup(DummyIndividual)}
95,74;{ClericalStaff(DummyIndividual),Course(DummyIndividual),FullProfessor(DummyIndividual),Organization(DummyIndividual)}
95,74;{ClericalStaff(DummyIndividual),Course(DummyIndividual),FullProfessor(DummyIndividual),University(DummyIndividual)}
95,74;{ClericalStaff(DummyIndividual),Course(DummyIndividual),FullProfessor(DummyIndividual),Department(DummyIndividual)}
95,74;{ClericalStaff(DummyIndividual),Course(DummyIndividual),FullProfessor(DummyIndividual),ResearchGroup(DummyIndividual)}
95,74;{ClericalStaff(DummyIndividual),Course(DummyIndividual),VisitingProfessor(DummyIndividual),Organization(DummyIndividual)}
95,74;{ClericalStaff(DummyIndividual),Course(DummyIndividual),VisitingProfessor(DummyIndividual),University(DummyIndividual)}
95,74;{ClericalStaff(DummyIndividual),Course(DummyIndividual),VisitingProfessor(DummyIndividual),Department(DummyIndividual)}
95,74;{ClericalStaff(DummyIndividual),Course(DummyIndividual),VisitingProfessor(DummyIndividual),ResearchGroup(DummyIndividual)}
95,74;{ClericalStaff(DummyIndividual),Course(DummyIndividual),AssociateProfessor(DummyIndividual),Organization(DummyIndividual)}
95,74;{ClericalStaff(DummyIndividual),Course(DummyIndividual),AssociateProfessor(DummyIndividual),University(DummyIndividual)}
95,84;{ClericalStaff(DummyIndividual),Course(DummyIndividual),AssociateProfessor(DummyIndividual),Department(DummyIndividual)}
95,84;{ClericalStaff(DummyIndividual),Course(DummyIndividual),AssociateProfessor(DummyIndividual),ResearchGroup(DummyIndividual)}
96,03;{ClericalStaff(DummyIndividual),Research(DummyIndividual),AssistantProfessor(DummyIndividual),Organization(DummyIndividual)}
96,03;{ClericalStaff(DummyIndividual),Research(DummyIndividual),AssistantProfessor(DummyIndividual),University(DummyIndividual)}
96,03;{ClericalStaff(DummyIndividual),Research(DummyIndividual),AssistantProfessor(DummyIndividual),Department(DummyIndividual)}
96,03;{ClericalStaff(DummyIndividual),Research(DummyIndividual),AssistantProfessor(DummyIndividual),ResearchGroup(DummyIndividual)}
96,15;{ClericalStaff(DummyIndividual),Research(DummyIndividual),Dean(DummyIndividual),Organization(DummyIndividual)}
96,15;{ClericalStaff(DummyIndividual),Research(DummyIndividual),Dean(DummyIndividual),University(DummyIndividual)}
96,15;{ClericalStaff(DummyIndividual),Research(DummyIndividual),Dean(DummyIndividual),Department(DummyIndividual)}
96,15;{ClericalStaff(DummyIndividual),Research(DummyIndividual),Dean(DummyIndividual),ResearchGroup(DummyIndividual)}
96,26;{ClericalStaff(DummyIndividual),Research(DummyIndividual),Professor(DummyIndividual),Organization(DummyIndividual)}
96,26;{ClericalStaff(DummyIndividual),Research(DummyIndividual),Professor(DummyIndividual),University(DummyIndividual)}
96,26;{ClericalStaff(DummyIndividual),Research(DummyIndividual),Professor(DummyIndividual),Department(DummyIndividual)}
96,26;{ClericalStaff(DummyIndividual),Research(DummyIndividual),Professor(DummyIndividual),ResearchGroup(DummyIndividual)}
96,26;{ClericalStaff(DummyIndividual),Research(DummyIndividual),FullProfessor(DummyIndividual),Organization(DummyIndividual)}
96,26;{ClericalStaff(DummyIndividual),Research(DummyIndividual),FullProfessor(DummyIndividual),University(DummyIndividual)}
96,26;{ClericalStaff(DummyIndividual),Research(DummyIndividual),FullProfessor(DummyIndividual),Department(DummyIndividual)}
96,26;{ClericalStaff(DummyIndividual),Research(DummyIndividual),FullProfessor(DummyIndividual),ResearchGroup(DummyIndividual)}
96,26;{ClericalStaff(DummyIndividual),Research(DummyIndividual),VisitingProfessor(DummyIndividual),Organization(DummyIndividual)}
96,26;{ClericalStaff(DummyIndividual),Research(DummyIndividual),VisitingProfessor(DummyIndividual),University(DummyIndividual)}
96,26;{ClericalStaff(DummyIndividual),Research(DummyIndividual),VisitingProfessor(DummyIndividual),Department(DummyIndividual)}
96,26;{ClericalStaff(DummyIndividual),Research(DummyIndividual),VisitingProfessor(DummyIndividual),ResearchGroup(DummyIndividual)}
96,36;{ClericalStaff(DummyIndividual),Research(DummyIndividual),AssociateProfessor(DummyIndividual),Organization(DummyIndividual)}
96,36;{ClericalStaff(DummyIndividual),Research(DummyIndividual),AssociateProfessor(DummyIndividual),University(DummyIndividual)}
96,36;{ClericalStaff(DummyIndividual),Research(DummyIndividual),AssociateProfessor(DummyIndividual),Department(DummyIndividual)}
96,36;{ClericalStaff(DummyIndividual),Research(DummyIndividual),AssociateProfessor(DummyIndividual),ResearchGroup(DummyIndividual)}
103,47;{SystemsStaff(DummyIndividual),Organization(DummyIndividual),AssistantProfessor(DummyIndividual),Work(DummyIndividual)}
103,47;{SystemsStaff(DummyIndividual),Organization(DummyIndividual),AssistantProfessor(DummyIndividual),GraduateCourse(DummyIndividual)}
103,58;{SystemsStaff(DummyIndividual),Organization(DummyIndividual),AssistantProfessor(DummyIndividual),Course(DummyIndividual)}
103,58;{SystemsStaff(DummyIndividual),Organization(DummyIndividual),AssistantProfessor(DummyIndividual),Research(DummyIndividual)}
103,58;{SystemsStaff(DummyIndividual),Organization(DummyIndividual),Chair(DummyIndividual),Work(DummyIndividual)}
103,58;{SystemsStaff(DummyIndividual),Organization(DummyIndividual),Chair(DummyIndividual),GraduateCourse(DummyIndividual)}
103,58;{SystemsStaff(DummyIndividual),Organization(DummyIndividual),Chair(DummyIndividual),Course(DummyIndividual)}
103,58;{SystemsStaff(DummyIndividual),Organization(DummyIndividual),Chair(DummyIndividual),Research(DummyIndividual)}
103,58;{SystemsStaff(DummyIndividual),Organization(DummyIndividual),Dean(DummyIndividual),Work(DummyIndividual)}
103,58;{SystemsStaff(DummyIndividual),Organization(DummyIndividual),Dean(DummyIndividual),GraduateCourse(DummyIndividual)}
103,68;{SystemsStaff(DummyIndividual),Organization(DummyIndividual),Dean(DummyIndividual),Course(DummyIndividual)}
103,68;{SystemsStaff(DummyIndividual),Organization(DummyIndividual),Dean(DummyIndividual),Research(DummyIndividual)}
103,68;{SystemsStaff(DummyIndividual),Organization(DummyIndividual),Professor(DummyIndividual),Work(DummyIndividual)}
103,68;{SystemsStaff(DummyIndividual),Organization(DummyIndividual),Professor(DummyIndividual),GraduateCourse(DummyIndividual)}
103,68;{SystemsStaff(DummyIndividual),Organization(DummyIndividual),Professor(DummyIndividual),Course(DummyIndividual)}
103,68;{SystemsStaff(DummyIndividual),Organization(DummyIndividual),Professor(DummyIndividual),Research(DummyIndividual)}
103,68;{SystemsStaff(DummyIndividual),Organization(DummyIndividual),FullProfessor(DummyIndividual),Work(DummyIndividual)}
103,68;{SystemsStaff(DummyIndividual),Organization(DummyIndividual),FullProfessor(DummyIndividual),GraduateCourse(DummyIndividual)}
103,68;{SystemsStaff(DummyIndividual),Organization(DummyIndividual),FullProfessor(DummyIndividual),Course(DummyIndividual)}
103,68;{SystemsStaff(DummyIndividual),Organization(DummyIndividual),FullProfessor(DummyIndividual),Research(DummyIndividual)}
103,68;{SystemsStaff(DummyIndividual),Organization(DummyIndividual),VisitingProfessor(DummyIndividual),Work(DummyIndividual)}
103,68;{SystemsStaff(DummyIndividual),Organization(DummyIndividual),VisitingProfessor(DummyIndividual),GraduateCourse(DummyIndividual)}
103,78;{SystemsStaff(DummyIndividual),Organization(DummyIndividual),VisitingProfessor(DummyIndividual),Course(DummyIndividual)}
103,78;{SystemsStaff(DummyIndividual),Organization(DummyIndividual),VisitingProfessor(DummyIndividual),Research(DummyIndividual)}
103,78;{SystemsStaff(DummyIndividual),Organization(DummyIndividual),AssociateProfessor(DummyIndividual),Work(DummyIndividual)}
103,78;{SystemsStaff(DummyIndividual),Organization(DummyIndividual),AssociateProfessor(DummyIndividual),GraduateCourse(DummyIndividual)}
103,78;{SystemsStaff(DummyIndividual),Organization(DummyIndividual),AssociateProfessor(DummyIndividual),Course(DummyIndividual)}
103,78;{SystemsStaff(DummyIndividual),Organization(DummyIndividual),AssociateProfessor(DummyIndividual),Research(DummyIndividual)}
104,80;{SystemsStaff(DummyIndividual),College(DummyIndividual),AssistantProfessor(DummyIndividual),Work(DummyIndividual)}
104,80;{SystemsStaff(DummyIndividual),College(DummyIndividual),AssistantProfessor(DummyIndividual),GraduateCourse(DummyIndividual)}
104,80;{SystemsStaff(DummyIndividual),College(DummyIndividual),AssistantProfessor(DummyIndividual),Course(DummyIndividual)}
104,90;{SystemsStaff(DummyIndividual),College(DummyIndividual),AssistantProfessor(DummyIndividual),Research(DummyIndividual)}
104,90;{SystemsStaff(DummyIndividual),College(DummyIndividual),Chair(DummyIndividual),Work(DummyIndividual)}
104,90;{SystemsStaff(DummyIndividual),College(DummyIndividual),Chair(DummyIndividual),GraduateCourse(DummyIndividual)}
104,90;{SystemsStaff(DummyIndividual),College(DummyIndividual),Chair(DummyIndividual),Course(DummyIndividual)}
104,90;{SystemsStaff(DummyIndividual),College(DummyIndividual),Chair(DummyIndividual),Research(DummyIndividual)}
104,90;{SystemsStaff(DummyIndividual),College(DummyIndividual),Dean(DummyIndividual),Work(DummyIndividual)}
104,90;{SystemsStaff(DummyIndividual),College(DummyIndividual),Dean(DummyIndividual),GraduateCourse(DummyIndividual)}
104,99;{SystemsStaff(DummyIndividual),College(DummyIndividual),Dean(DummyIndividual),Course(DummyIndividual)}
104,99;{SystemsStaff(DummyIndividual),College(DummyIndividual),Dean(DummyIndividual),Research(DummyIndividual)}
104,99;{SystemsStaff(DummyIndividual),College(DummyIndividual),Professor(DummyIndividual),Work(DummyIndividual)}
104,99;{SystemsStaff(DummyIndividual),College(DummyIndividual),Professor(DummyIndividual),GraduateCourse(DummyIndividual)}
104,99;{SystemsStaff(DummyIndividual),College(DummyIndividual),Professor(DummyIndividual),Course(DummyIndividual)}
104,99;{SystemsStaff(DummyIndividual),College(DummyIndividual),Professor(DummyIndividual),Research(DummyIndividual)}
104,99;{SystemsStaff(DummyIndividual),College(DummyIndividual),FullProfessor(DummyIndividual),Work(DummyIndividual)}
104,99;{SystemsStaff(DummyIndividual),College(DummyIndividual),FullProfessor(DummyIndividual),GraduateCourse(DummyIndividual)}
104,99;{SystemsStaff(DummyIndividual),College(DummyIndividual),FullProfessor(DummyIndividual),Course(DummyIndividual)}
104,99;{SystemsStaff(DummyIndividual),College(DummyIndividual),FullProfessor(DummyIndividual),Research(DummyIndividual)}
104,99;{SystemsStaff(DummyIndividual),College(DummyIndividual),VisitingProfessor(DummyIndividual),Work(DummyIndividual)}
104,99;{SystemsStaff(DummyIndividual),College(DummyIndividual),VisitingProfessor(DummyIndividual),GraduateCourse(DummyIndividual)}
104,99;{SystemsStaff(DummyIndividual),College(DummyIndividual),VisitingProfessor(DummyIndividual),Course(DummyIndividual)}
105,10;{SystemsStaff(DummyIndividual),College(DummyIndividual),VisitingProfessor(DummyIndividual),Research(DummyIndividual)}
105,10;{SystemsStaff(DummyIndividual),College(DummyIndividual),AssociateProfessor(DummyIndividual),Work(DummyIndividual)}
105,10;{SystemsStaff(DummyIndividual),College(DummyIndividual),AssociateProfessor(DummyIndividual),GraduateCourse(DummyIndividual)}
105,10;{SystemsStaff(DummyIndividual),College(DummyIndividual),AssociateProfessor(DummyIndividual),Course(DummyIndividual)}
105,10;{SystemsStaff(DummyIndividual),College(DummyIndividual),AssociateProfessor(DummyIndividual),Research(DummyIndividual)}
105,29;{SystemsStaff(DummyIndividual),AssistantProfessor(DummyIndividual),Work(DummyIndividual),Program(DummyIndividual)}
105,29;{SystemsStaff(DummyIndividual),AssistantProfessor(DummyIndividual),Work(DummyIndividual),Institute(DummyIndividual)}
105,29;{SystemsStaff(DummyIndividual),AssistantProfessor(DummyIndividual),Work(DummyIndividual),University(DummyIndividual)}
105,29;{SystemsStaff(DummyIndividual),AssistantProfessor(DummyIndividual),Work(DummyIndividual),Department(DummyIndividual)}
105,41;{SystemsStaff(DummyIndividual),AssistantProfessor(DummyIndividual),Work(DummyIndividual),ResearchGroup(DummyIndividual)}
105,41;{SystemsStaff(DummyIndividual),AssistantProfessor(DummyIndividual),GraduateCourse(DummyIndividual),Program(DummyIndividual)}
105,41;{SystemsStaff(DummyIndividual),AssistantProfessor(DummyIndividual),GraduateCourse(DummyIndividual),University(DummyIndividual)}
105,41;{SystemsStaff(DummyIndividual),AssistantProfessor(DummyIndividual),GraduateCourse(DummyIndividual),Department(DummyIndividual)}
105,41;{SystemsStaff(DummyIndividual),AssistantProfessor(DummyIndividual),Program(DummyIndividual),Research(DummyIndividual)}
105,51;{SystemsStaff(DummyIndividual),AssistantProfessor(DummyIndividual),Course(DummyIndividual),University(DummyIndividual)}
105,51;{SystemsStaff(DummyIndividual),AssistantProfessor(DummyIndividual),Course(DummyIndividual),Department(DummyIndividual)}
105,51;{SystemsStaff(DummyIndividual),AssistantProfessor(DummyIndividual),Course(DummyIndividual),ResearchGroup(DummyIndividual)}
105,51;{SystemsStaff(DummyIndividual),AssistantProfessor(DummyIndividual),Research(DummyIndividual),Institute(DummyIndividual)}
105,51;{SystemsStaff(DummyIndividual),AssistantProfessor(DummyIndividual),Research(DummyIndividual),University(DummyIndividual)}
105,51;{SystemsStaff(DummyIndividual),AssistantProfessor(DummyIndividual),Research(DummyIndividual),Department(DummyIndividual)}
105,51;{SystemsStaff(DummyIndividual),AssistantProfessor(DummyIndividual),Research(DummyIndividual),ResearchGroup(DummyIndividual)}
106,71;{SystemsStaff(DummyIndividual),Chair(DummyIndividual),Work(DummyIndividual),Institute(DummyIndividual)}
106,71;{SystemsStaff(DummyIndividual),Chair(DummyIndividual),Work(DummyIndividual),University(DummyIndividual)}
106,71;{SystemsStaff(DummyIndividual),Chair(DummyIndividual),Work(DummyIndividual),Department(DummyIndividual)}
106,71;{SystemsStaff(DummyIndividual),Chair(DummyIndividual),Work(DummyIndividual),ResearchGroup(DummyIndividual)}
106,82;{SystemsStaff(DummyIndividual),Chair(DummyIndividual),GraduateCourse(DummyIndividual),Institute(DummyIndividual)}
106,82;{SystemsStaff(DummyIndividual),Chair(DummyIndividual),GraduateCourse(DummyIndividual),University(DummyIndividual)}
106,82;{SystemsStaff(DummyIndividual),Chair(DummyIndividual),GraduateCourse(DummyIndividual),Department(DummyIndividual)}
106,82;{SystemsStaff(DummyIndividual),Chair(DummyIndividual),Program(DummyIndividual),Course(DummyIndividual)}
106,93;{SystemsStaff(DummyIndividual),Chair(DummyIndividual),Course(DummyIndividual),Institute(DummyIndividual)}
106,93;{SystemsStaff(DummyIndividual),Chair(DummyIndividual),Course(DummyIndividual),University(DummyIndividual)}
106,93;{SystemsStaff(DummyIndividual),Chair(DummyIndividual),Course(DummyIndividual),Department(DummyIndividual)}
106,93;{SystemsStaff(DummyIndividual),Chair(DummyIndividual),Course(DummyIndividual),ResearchGroup(DummyIndividual)}
106,93;{SystemsStaff(DummyIndividual),Chair(DummyIndividual),Research(DummyIndividual),Institute(DummyIndividual)}
106,93;{SystemsStaff(DummyIndividual),Chair(DummyIndividual),Research(DummyIndividual),University(DummyIndividual)}
106,93;{SystemsStaff(DummyIndividual),Chair(DummyIndividual),Research(DummyIndividual),Department(DummyIndividual)}
106,93;{SystemsStaff(DummyIndividual),Chair(DummyIndividual),Research(DummyIndividual),ResearchGroup(DummyIndividual)}
108,15;{SystemsStaff(DummyIndividual),GraduateCourse(DummyIndividual),Program(DummyIndividual),Dean(DummyIndividual)}
108,24;{SystemsStaff(DummyIndividual),GraduateCourse(DummyIndividual),Program(DummyIndividual),Professor(DummyIndividual)}
108,24;{SystemsStaff(DummyIndividual),GraduateCourse(DummyIndividual),Program(DummyIndividual),FullProfessor(DummyIndividual)}
108,24;{SystemsStaff(DummyIndividual),GraduateCourse(DummyIndividual),Program(DummyIndividual),VisitingProfessor(DummyIndividual)}
108,24;{SystemsStaff(DummyIndividual),GraduateCourse(DummyIndividual),Program(DummyIndividual),AssociateProfessor(DummyIndividual)}
108,24;{SystemsStaff(DummyIndividual),GraduateCourse(DummyIndividual),Dean(DummyIndividual),Institute(DummyIndividual)}
108,24;{SystemsStaff(DummyIndividual),GraduateCourse(DummyIndividual),Dean(DummyIndividual),University(DummyIndividual)}
108,24;{SystemsStaff(DummyIndividual),GraduateCourse(DummyIndividual),Dean(DummyIndividual),Department(DummyIndividual)}
108,34;{SystemsStaff(DummyIndividual),GraduateCourse(DummyIndividual),Professor(DummyIndividual),Institute(DummyIndividual)}
108,34;{SystemsStaff(DummyIndividual),GraduateCourse(DummyIndividual),Professor(DummyIndividual),University(DummyIndividual)}
108,34;{SystemsStaff(DummyIndividual),GraduateCourse(DummyIndividual),Professor(DummyIndividual),Department(DummyIndividual)}
108,34;{SystemsStaff(DummyIndividual),GraduateCourse(DummyIndividual),FullProfessor(DummyIndividual),Institute(DummyIndividual)}
108,34;{SystemsStaff(DummyIndividual),GraduateCourse(DummyIndividual),FullProfessor(DummyIndividual),University(DummyIndividual)}
108,34;{SystemsStaff(DummyIndividual),GraduateCourse(DummyIndividual),FullProfessor(DummyIndividual),Department(DummyIndividual)}
108,34;{SystemsStaff(DummyIndividual),GraduateCourse(DummyIndividual),VisitingProfessor(DummyIndividual),Institute(DummyIndividual)}
108,34;{SystemsStaff(DummyIndividual),GraduateCourse(DummyIndividual),VisitingProfessor(DummyIndividual),University(DummyIndividual)}
108,34;{SystemsStaff(DummyIndividual),GraduateCourse(DummyIndividual),VisitingProfessor(DummyIndividual),Department(DummyIndividual)}
108,34;{SystemsStaff(DummyIndividual),GraduateCourse(DummyIndividual),AssociateProfessor(DummyIndividual),Institute(DummyIndividual)}
108,34;{SystemsStaff(DummyIndividual),GraduateCourse(DummyIndividual),AssociateProfessor(DummyIndividual),University(DummyIndividual)}
108,44;{SystemsStaff(DummyIndividual),GraduateCourse(DummyIndividual),AssociateProfessor(DummyIndividual),Department(DummyIndividual)}
108,83;{SystemsStaff(DummyIndividual),Program(DummyIndividual),Work(DummyIndividual),Dean(DummyIndividual)}
108,83;{SystemsStaff(DummyIndividual),Program(DummyIndividual),Work(DummyIndividual),Professor(DummyIndividual)}
108,83;{SystemsStaff(DummyIndividual),Program(DummyIndividual),Work(DummyIndividual),FullProfessor(DummyIndividual)}
108,83;{SystemsStaff(DummyIndividual),Program(DummyIndividual),Work(DummyIndividual),VisitingProfessor(DummyIndividual)}
108,83;{SystemsStaff(DummyIndividual),Program(DummyIndividual),Work(DummyIndividual),AssociateProfessor(DummyIndividual)}
108,83;{SystemsStaff(DummyIndividual),Program(DummyIndividual),Course(DummyIndividual),Dean(DummyIndividual)}
108,83;{SystemsStaff(DummyIndividual),Program(DummyIndividual),Course(DummyIndividual),Professor(DummyIndividual)}
108,83;{SystemsStaff(DummyIndividual),Program(DummyIndividual),Course(DummyIndividual),FullProfessor(DummyIndividual)}
108,83;{SystemsStaff(DummyIndividual),Program(DummyIndividual),Course(DummyIndividual),VisitingProfessor(DummyIndividual)}
108,83;{SystemsStaff(DummyIndividual),Program(DummyIndividual),Research(DummyIndividual),Dean(DummyIndividual)}
108,83;{SystemsStaff(DummyIndividual),Program(DummyIndividual),Research(DummyIndividual),Professor(DummyIndividual)}
108,93;{SystemsStaff(DummyIndividual),Program(DummyIndividual),Research(DummyIndividual),FullProfessor(DummyIndividual)}
108,93;{SystemsStaff(DummyIndividual),Program(DummyIndividual),Research(DummyIndividual),VisitingProfessor(DummyIndividual)}
108,93;{SystemsStaff(DummyIndividual),Program(DummyIndividual),Research(DummyIndividual),AssociateProfessor(DummyIndividual)}
108,93;{SystemsStaff(DummyIndividual),Institute(DummyIndividual),Work(DummyIndividual),Dean(DummyIndividual)}
108,93;{SystemsStaff(DummyIndividual),Institute(DummyIndividual),Work(DummyIndividual),Professor(DummyIndividual)}
108,93;{SystemsStaff(DummyIndividual),Institute(DummyIndividual),Work(DummyIndividual),FullProfessor(DummyIndividual)}
108,93;{SystemsStaff(DummyIndividual),Institute(DummyIndividual),Work(DummyIndividual),VisitingProfessor(DummyIndividual)}
108,93;{SystemsStaff(DummyIndividual),Institute(DummyIndividual),Work(DummyIndividual),AssociateProfessor(DummyIndividual)}
108,93;{SystemsStaff(DummyIndividual),Institute(DummyIndividual),Course(DummyIndividual),Dean(DummyIndividual)}
108,93;{SystemsStaff(DummyIndividual),Institute(DummyIndividual),Course(DummyIndividual),Professor(DummyIndividual)}
108,93;{SystemsStaff(DummyIndividual),Institute(DummyIndividual),Course(DummyIndividual),FullProfessor(DummyIndividual)}
109,04;{SystemsStaff(DummyIndividual),Institute(DummyIndividual),Course(DummyIndividual),VisitingProfessor(DummyIndividual)}
109,04;{SystemsStaff(DummyIndividual),Institute(DummyIndividual),Course(DummyIndividual),AssociateProfessor(DummyIndividual)}
109,04;{SystemsStaff(DummyIndividual),Institute(DummyIndividual),Research(DummyIndividual),Dean(DummyIndividual)}
109,04;{SystemsStaff(DummyIndividual),Institute(DummyIndividual),Research(DummyIndividual),Professor(DummyIndividual)}
109,04;{SystemsStaff(DummyIndividual),Institute(DummyIndividual),Research(DummyIndividual),FullProfessor(DummyIndividual)}
109,04;{SystemsStaff(DummyIndividual),Institute(DummyIndividual),Research(DummyIndividual),VisitingProfessor(DummyIndividual)}
109,04;{SystemsStaff(DummyIndividual),Institute(DummyIndividual),Research(DummyIndividual),AssociateProfessor(DummyIndividual)}
109,61;{SystemsStaff(DummyIndividual),University(DummyIndividual),Work(DummyIndividual),Dean(DummyIndividual)}
109,61;{SystemsStaff(DummyIndividual),University(DummyIndividual),Work(DummyIndividual),Professor(DummyIndividual)}
109,61;{SystemsStaff(DummyIndividual),University(DummyIndividual),Work(DummyIndividual),FullProfessor(DummyIndividual)}
109,72;{SystemsStaff(DummyIndividual),University(DummyIndividual),Work(DummyIndividual),VisitingProfessor(DummyIndividual)}
109,72;{SystemsStaff(DummyIndividual),University(DummyIndividual),Course(DummyIndividual),Dean(DummyIndividual)}
109,72;{SystemsStaff(DummyIndividual),University(DummyIndividual),Course(DummyIndividual),Professor(DummyIndividual)}
109,72;{SystemsStaff(DummyIndividual),University(DummyIndividual),Course(DummyIndividual),FullProfessor(DummyIndividual)}
109,72;{SystemsStaff(DummyIndividual),University(DummyIndividual),Course(DummyIndividual),VisitingProfessor(DummyIndividual)}
109,72;{SystemsStaff(DummyIndividual),University(DummyIndividual),Course(DummyIndividual),AssociateProfessor(DummyIndividual)}
109,72;{SystemsStaff(DummyIndividual),University(DummyIndividual),Research(DummyIndividual),Dean(DummyIndividual)}
109,72;{SystemsStaff(DummyIndividual),University(DummyIndividual),Research(DummyIndividual),Professor(DummyIndividual)}
109,72;{SystemsStaff(DummyIndividual),University(DummyIndividual),Research(DummyIndividual),FullProfessor(DummyIndividual)}
109,72;{SystemsStaff(DummyIndividual),University(DummyIndividual),Research(DummyIndividual),VisitingProfessor(DummyIndividual)}
109,72;{SystemsStaff(DummyIndividual),University(DummyIndividual),Research(DummyIndividual),AssociateProfessor(DummyIndividual)}
111,15;{SystemsStaff(DummyIndividual),Course(DummyIndividual),Department(DummyIndividual),Dean(DummyIndividual)}
111,15;{SystemsStaff(DummyIndividual),Course(DummyIndividual),Department(DummyIndividual),Professor(DummyIndividual)}
111,15;{SystemsStaff(DummyIndividual),Course(DummyIndividual),Department(DummyIndividual),FullProfessor(DummyIndividual)}
111,15;{SystemsStaff(DummyIndividual),Course(DummyIndividual),Department(DummyIndividual),VisitingProfessor(DummyIndividual)}
111,15;{SystemsStaff(DummyIndividual),Course(DummyIndividual),Department(DummyIndividual),AssociateProfessor(DummyIndividual)}
111,36;{SystemsStaff(DummyIndividual),Course(DummyIndividual),Dean(DummyIndividual),ResearchGroup(DummyIndividual)}
111,45;{SystemsStaff(DummyIndividual),Course(DummyIndividual),Professor(DummyIndividual),ResearchGroup(DummyIndividual)}
111,45;{SystemsStaff(DummyIndividual),Course(DummyIndividual),FullProfessor(DummyIndividual),ResearchGroup(DummyIndividual)}
111,56;{SystemsStaff(DummyIndividual),Course(DummyIndividual),VisitingProfessor(DummyIndividual),ResearchGroup(DummyIndividual)}
111,65;{SystemsStaff(DummyIndividual),Course(DummyIndividual),AssociateProfessor(DummyIndividual),ResearchGroup(DummyIndividual)}
112,54;{SystemsStaff(DummyIndividual),Research(DummyIndividual),Department(DummyIndividual),Dean(DummyIndividual)}
112,54;{SystemsStaff(DummyIndividual),Research(DummyIndividual),Department(DummyIndividual),Professor(DummyIndividual)}
112,54;{SystemsStaff(DummyIndividual),Research(DummyIndividual),Department(DummyIndividual),FullProfessor(DummyIndividual)}
112,54;{SystemsStaff(DummyIndividual),Research(DummyIndividual),Department(DummyIndividual),VisitingProfessor(DummyIndividual)}
112,54;{SystemsStaff(DummyIndividual),Research(DummyIndividual),Department(DummyIndividual),AssociateProfessor(DummyIndividual)}
112,65;{SystemsStaff(DummyIndividual),Research(DummyIndividual),Dean(DummyIndividual),ResearchGroup(DummyIndividual)}
112,75;{SystemsStaff(DummyIndividual),Research(DummyIndividual),Professor(DummyIndividual),ResearchGroup(DummyIndividual)}
112,75;{SystemsStaff(DummyIndividual),Research(DummyIndividual),FullProfessor(DummyIndividual),ResearchGroup(DummyIndividual)}
112,96;{SystemsStaff(DummyIndividual),Research(DummyIndividual),VisitingProfessor(DummyIndividual),ResearchGroup(DummyIndividual)}
112,96;{SystemsStaff(DummyIndividual),Research(DummyIndividual),AssociateProfessor(DummyIndividual),ResearchGroup(DummyIndividual)}
113,05;{SystemsStaff(DummyIndividual),Department(DummyIndividual),Work(DummyIndividual),Dean(DummyIndividual)}
113,05;{SystemsStaff(DummyIndividual),Department(DummyIndividual),Work(DummyIndividual),Professor(DummyIndividual)}
113,05;{SystemsStaff(DummyIndividual),Department(DummyIndividual),Work(DummyIndividual),FullProfessor(DummyIndividual)}
113,05;{SystemsStaff(DummyIndividual),Department(DummyIndividual),Work(DummyIndividual),VisitingProfessor(DummyIndividual)}
113,05;{SystemsStaff(DummyIndividual),Department(DummyIndividual),Work(DummyIndividual),AssociateProfessor(DummyIndividual)}
113,96;{SystemsStaff(DummyIndividual),Dean(DummyIndividual),Work(DummyIndividual),ResearchGroup(DummyIndividual)}
114,36;{SystemsStaff(DummyIndividual),FullProfessor(DummyIndividual),Work(DummyIndividual),ResearchGroup(DummyIndividual)}
115,06;{SystemsStaff(DummyIndividual),VisitingProfessor(DummyIndividual),Work(DummyIndividual),ResearchGroup(DummyIndividual)}
115,37;{SystemsStaff(DummyIndividual),ResearchGroup(DummyIndividual),Work(DummyIndividual),Professor(DummyIndividual)}
115,37;{SystemsStaff(DummyIndividual),ResearchGroup(DummyIndividual),Work(DummyIndividual),AssociateProfessor(DummyIndividual)}
