0,86;{Student(DummyIndividual),Faculty(DummyIndividual)}
1,33;{AssistantProfessor(DummyIndividual),Student(DummyIndividual)}
1,72;{GraduateStudent(DummyIndividual),AssistantProfessor(DummyIndividual)}
2,10;{UndergraduateStudent(DummyIndividual),Chair(DummyIndividual)}
2,31;{Dean(DummyIndividual),UndergraduateStudent(DummyIndividual)}
2,71;{Professor(DummyIndividual),GraduateStudent(DummyIndividual)}
4,81;{Student(DummyIndividual),Chair(DummyIndividual)}
4,81;{Student(DummyIndividual),PostDoc(DummyIndividual)}
4,89;{Student(DummyIndividual),Lecturer(DummyIndividual)}
4,99;{Student(DummyIndividual),Dean(DummyIndividual)}
4,99;{Student(DummyIndividual),Professor(DummyIndividual)}
4,99;{Student(DummyIndividual),FullProfessor(DummyIndividual)}
5,08;{Student(DummyIndividual),VisitingProfessor(DummyIndividual)}
5,08;{Student(DummyIndividual),AssociateProfessor(DummyIndividual)}
6,03;{AssistantProfessor(DummyIndividual),UndergraduateStudent(DummyIndividual)}
6,44;{UndergraduateStudent(DummyIndividual),PostDoc(DummyIndividual)}
6,54;{UndergraduateStudent(DummyIndividual),Faculty(DummyIndividual)}
6,54;{UndergraduateStudent(DummyIndividual),Lecturer(DummyIndividual)}
6,66;{UndergraduateStudent(DummyIndividual),Professor(DummyIndividual)}
6,66;{UndergraduateStudent(DummyIndividual),FullProfessor(DummyIndividual)}
6,77;{UndergraduateStudent(DummyIndividual),VisitingProfessor(DummyIndividual)}
6,77;{UndergraduateStudent(DummyIndividual),AssociateProfessor(DummyIndividual)}
7,26;{Chair(DummyIndividual),GraduateStudent(DummyIndividual)}
7,48;{GraduateStudent(DummyIndividual),PostDoc(DummyIndividual)}
7,48;{GraduateStudent(DummyIndividual),Faculty(DummyIndividual)}
7,48;{GraduateStudent(DummyIndividual),Lecturer(DummyIndividual)}
7,57;{GraduateStudent(DummyIndividual),Dean(DummyIndividual)}
7,57;{GraduateStudent(DummyIndividual),FullProfessor(DummyIndividual)}
7,57;{GraduateStudent(DummyIndividual),VisitingProfessor(DummyIndividual)}
7,68;{GraduateStudent(DummyIndividual),AssociateProfessor(DummyIndividual)}
