0,94;{Work(DummyIndividual),AssistantProfessor(DummyIndividual)}
1,41;{Work(DummyIndividual),AssociateProfessor(DummyIndividual)}
1,68;{Work(DummyIndividual),Faculty(DummyIndividual)}
1,99;{Research(DummyIndividual),Lecturer(DummyIndividual)}
2,09;{Director(DummyIndividual),Research(DummyIndividual)}
2,39;{GraduateCourse(DummyIndividual),Chair(DummyIndividual)}
2,59;{GraduateCourse(DummyIndividual),Director(DummyIndividual)}
2,76;{GraduateCourse(DummyIndividual),AdministrativeStaff(DummyIndividual)}
3,07;{SystemsStaff(DummyIndividual),Course(DummyIndividual)}
3,41;{Employee(DummyIndividual),Work(DummyIndividual)}
3,60;{Employee(DummyIndividual),GraduateCourse(DummyIndividual)}
5,05;{Director(DummyIndividual),Work(DummyIndividual)}
5,16;{Director(DummyIndividual),Course(DummyIndividual)}
5,44;{AssistantProfessor(DummyIndividual),GraduateCourse(DummyIndividual)}
5,53;{AssistantProfessor(DummyIndividual),Course(DummyIndividual)}
5,53;{AssistantProfessor(DummyIndividual),Research(DummyIndividual)}
5,95;{Chair(DummyIndividual),Work(DummyIndividual)}
6,06;{Chair(DummyIndividual),Course(DummyIndividual)}
6,06;{Chair(DummyIndividual),Research(DummyIndividual)}
8,27;{Work(DummyIndividual),AdministrativeStaff(DummyIndividual)}
8,37;{Work(DummyIndividual),ClericalStaff(DummyIndividual)}
8,37;{Work(DummyIndividual),SystemsStaff(DummyIndividual)}
8,37;{Work(DummyIndividual),ResearchAssistant(DummyIndividual)}
8,37;{Work(DummyIndividual),PostDoc(DummyIndividual)}
8,45;{Work(DummyIndividual),Lecturer(DummyIndividual)}
8,57;{Work(DummyIndividual),Dean(DummyIndividual)}
8,57;{Work(DummyIndividual),Professor(DummyIndividual)}
8,57;{Work(DummyIndividual),FullProfessor(DummyIndividual)}
8,57;{Work(DummyIndividual),VisitingProfessor(DummyIndividual)}
8,79;{GraduateCourse(DummyIndividual),ClericalStaff(DummyIndividual)}
8,79;{GraduateCourse(DummyIndividual),SystemsStaff(DummyIndividual)}
8,79;{GraduateCourse(DummyIndividual),ResearchAssistant(DummyIndividual)}
8,79;{GraduateCourse(DummyIndividual),PostDoc(DummyIndividual)}
8,79;{GraduateCourse(DummyIndividual),Faculty(DummyIndividual)}
8,79;{GraduateCourse(DummyIndividual),Lecturer(DummyIndividual)}
8,88;{GraduateCourse(DummyIndividual),Dean(DummyIndividual)}
8,98;{GraduateCourse(DummyIndividual),Professor(DummyIndividual)}
8,98;{GraduateCourse(DummyIndividual),FullProfessor(DummyIndividual)}
8,98;{GraduateCourse(DummyIndividual),VisitingProfessor(DummyIndividual)}
9,08;{GraduateCourse(DummyIndividual),AssociateProfessor(DummyIndividual)}
9,29;{Lecturer(DummyIndividual),Course(DummyIndividual)}
9,53;{Course(DummyIndividual),Employee(DummyIndividual)}
9,64;{Course(DummyIndividual),AdministrativeStaff(DummyIndividual)}
9,74;{Course(DummyIndividual),ClericalStaff(DummyIndividual)}
9,74;{Course(DummyIndividual),ResearchAssistant(DummyIndividual)}
9,74;{Course(DummyIndividual),PostDoc(DummyIndividual)}
9,74;{Course(DummyIndividual),Faculty(DummyIndividual)}
9,86;{Course(DummyIndividual),Dean(DummyIndividual)}
9,86;{Course(DummyIndividual),Professor(DummyIndividual)}
9,86;{Course(DummyIndividual),FullProfessor(DummyIndividual)}
9,86;{Course(DummyIndividual),VisitingProfessor(DummyIndividual)}
9,86;{Course(DummyIndividual),AssociateProfessor(DummyIndividual)}
9,96;{Research(DummyIndividual),Employee(DummyIndividual)}
9,96;{Research(DummyIndividual),AdministrativeStaff(DummyIndividual)}
9,96;{Research(DummyIndividual),ClericalStaff(DummyIndividual)}
9,96;{Research(DummyIndividual),SystemsStaff(DummyIndividual)}
9,96;{Research(DummyIndividual),ResearchAssistant(DummyIndividual)}
10,09;{Research(DummyIndividual),PostDoc(DummyIndividual)}
10,09;{Research(DummyIndividual),Faculty(DummyIndividual)}
10,19;{Research(DummyIndividual),Dean(DummyIndividual)}
10,19;{Research(DummyIndividual),Professor(DummyIndividual)}
10,19;{Research(DummyIndividual),FullProfessor(DummyIndividual)}
10,29;{Research(DummyIndividual),VisitingProfessor(DummyIndividual)}
10,29;{Research(DummyIndividual),AssociateProfessor(DummyIndividual)}
