1,08;{Chair(DummyIndividual),Publication(DummyIndividual),Program(DummyIndividual)}
1,45;{Chair(DummyIndividual),Publication(DummyIndividual),ResearchGroup(DummyIndividual)}
1,95;{Organization(DummyIndividual),VisitingProfessor(DummyIndividual),JournalArticle(DummyIndividual)}
2,14;{Organization(DummyIndividual),VisitingProfessor(DummyIndividual),Software(DummyIndividual)}
2,35;{Dean(DummyIndividual),Department(DummyIndividual),ConferencePaper(DummyIndividual)}
2,75;{Organization(DummyIndividual),VisitingProfessor(DummyIndividual),Article(DummyIndividual)}
2,95;{Organization(DummyIndividual),VisitingProfessor(DummyIndividual),Book(DummyIndividual)}
3,24;{Organization(DummyIndividual),VisitingProfessor(DummyIndividual),UnofficialPublication(DummyIndividual)}
3,47;{University(DummyIndividual),FullProfessor(DummyIndividual),TechnicalReport(DummyIndividual)}
3,79;{University(DummyIndividual),FullProfessor(DummyIndividual),Specification(DummyIndividual)}
4,00;{University(DummyIndividual),FullProfessor(DummyIndividual),Manual(DummyIndividual)}
4,31;{University(DummyIndividual),FullProfessor(DummyIndividual),Publication(DummyIndividual)}
5,41;{AssociateProfessor(DummyIndividual),Article(DummyIndividual),Program(DummyIndividual)}
5,71;{Professor(DummyIndividual),Article(DummyIndividual),Program(DummyIndividual)}
6,00;{VisitingProfessor(DummyIndividual),Article(DummyIndividual),Program(DummyIndividual)}
6,17;{AssistantProfessor(DummyIndividual),Article(DummyIndividual),Program(DummyIndividual)}
6,17;{FullProfessor(DummyIndividual),Article(DummyIndividual),Program(DummyIndividual)}
6,27;{Dean(DummyIndividual),Article(DummyIndividual),Program(DummyIndividual)}
6,47;{Chair(DummyIndividual),Article(DummyIndividual),Program(DummyIndividual)}
8,06;{Institute(DummyIndividual),ConferencePaper(DummyIndividual),AssistantProfessor(DummyIndividual)}
8,15;{ResearchGroup(DummyIndividual),ConferencePaper(DummyIndividual),AssistantProfessor(DummyIndividual)}
8,46;{College(DummyIndividual),ConferencePaper(DummyIndividual),AssistantProfessor(DummyIndividual)}
8,86;{University(DummyIndividual),ConferencePaper(DummyIndividual),AssistantProfessor(DummyIndividual)}
9,16;{Organization(DummyIndividual),ConferencePaper(DummyIndividual),AssistantProfessor(DummyIndividual)}
9,35;{Program(DummyIndividual),ConferencePaper(DummyIndividual),AssistantProfessor(DummyIndividual)}
9,48;{Department(DummyIndividual),ConferencePaper(DummyIndividual),AssistantProfessor(DummyIndividual)}
11,17;{Manual(DummyIndividual),AssistantProfessor(DummyIndividual),Program(DummyIndividual)}
11,44;{Publication(DummyIndividual),AssistantProfessor(DummyIndividual),Program(DummyIndividual)}
11,64;{Specification(DummyIndividual),AssistantProfessor(DummyIndividual),Program(DummyIndividual)}
11,84;{Software(DummyIndividual),AssistantProfessor(DummyIndividual),Program(DummyIndividual)}
11,96;{UnofficialPublication(DummyIndividual),AssistantProfessor(DummyIndividual),Program(DummyIndividual)}
12,16;{Book(DummyIndividual),AssistantProfessor(DummyIndividual),Program(DummyIndividual)}
12,37;{TechnicalReport(DummyIndividual),AssistantProfessor(DummyIndividual),Program(DummyIndividual)}
12,57;{JournalArticle(DummyIndividual),AssistantProfessor(DummyIndividual),Program(DummyIndividual)}
18,97;{Article(DummyIndividual),Organization(DummyIndividual),AssistantProfessor(DummyIndividual)}
18,97;{Article(DummyIndividual),Organization(DummyIndividual),Chair(DummyIndividual)}
19,19;{Article(DummyIndividual),Organization(DummyIndividual),Dean(DummyIndividual)}
19,19;{Article(DummyIndividual),Organization(DummyIndividual),Professor(DummyIndividual)}
19,19;{Article(DummyIndividual),Organization(DummyIndividual),FullProfessor(DummyIndividual)}
19,19;{Article(DummyIndividual),Organization(DummyIndividual),AssociateProfessor(DummyIndividual)}
20,43;{Article(DummyIndividual),College(DummyIndividual),AssistantProfessor(DummyIndividual)}
20,44;{Article(DummyIndividual),College(DummyIndividual),Chair(DummyIndividual)}
20,54;{Article(DummyIndividual),College(DummyIndividual),Dean(DummyIndividual)}
20,54;{Article(DummyIndividual),College(DummyIndividual),Professor(DummyIndividual)}
20,54;{Article(DummyIndividual),College(DummyIndividual),FullProfessor(DummyIndividual)}
20,54;{Article(DummyIndividual),College(DummyIndividual),VisitingProfessor(DummyIndividual)}
20,54;{Article(DummyIndividual),College(DummyIndividual),AssociateProfessor(DummyIndividual)}
20,64;{Article(DummyIndividual),AssistantProfessor(DummyIndividual),Institute(DummyIndividual)}
20,64;{Article(DummyIndividual),AssistantProfessor(DummyIndividual),University(DummyIndividual)}
20,64;{Article(DummyIndividual),AssistantProfessor(DummyIndividual),Department(DummyIndividual)}
20,73;{Article(DummyIndividual),AssistantProfessor(DummyIndividual),ResearchGroup(DummyIndividual)}
21,05;{Article(DummyIndividual),Chair(DummyIndividual),Institute(DummyIndividual)}
21,05;{Article(DummyIndividual),Chair(DummyIndividual),University(DummyIndividual)}
21,05;{Article(DummyIndividual),Chair(DummyIndividual),Department(DummyIndividual)}
21,05;{Article(DummyIndividual),Chair(DummyIndividual),ResearchGroup(DummyIndividual)}
22,20;{Article(DummyIndividual),Institute(DummyIndividual),Dean(DummyIndividual)}
22,31;{Article(DummyIndividual),Institute(DummyIndividual),Professor(DummyIndividual)}
22,31;{Article(DummyIndividual),Institute(DummyIndividual),FullProfessor(DummyIndividual)}
22,31;{Article(DummyIndividual),Institute(DummyIndividual),VisitingProfessor(DummyIndividual)}
22,31;{Article(DummyIndividual),Institute(DummyIndividual),AssociateProfessor(DummyIndividual)}
22,41;{Article(DummyIndividual),University(DummyIndividual),Dean(DummyIndividual)}
22,41;{Article(DummyIndividual),University(DummyIndividual),Professor(DummyIndividual)}
22,41;{Article(DummyIndividual),University(DummyIndividual),FullProfessor(DummyIndividual)}
22,41;{Article(DummyIndividual),University(DummyIndividual),VisitingProfessor(DummyIndividual)}
22,41;{Article(DummyIndividual),University(DummyIndividual),AssociateProfessor(DummyIndividual)}
22,64;{Article(DummyIndividual),Department(DummyIndividual),Dean(DummyIndividual)}
22,64;{Article(DummyIndividual),Department(DummyIndividual),Professor(DummyIndividual)}
22,64;{Article(DummyIndividual),Department(DummyIndividual),FullProfessor(DummyIndividual)}
22,64;{Article(DummyIndividual),Department(DummyIndividual),VisitingProfessor(DummyIndividual)}
22,64;{Article(DummyIndividual),Department(DummyIndividual),AssociateProfessor(DummyIndividual)}
22,95;{Article(DummyIndividual),Dean(DummyIndividual),ResearchGroup(DummyIndividual)}
23,26;{Article(DummyIndividual),VisitingProfessor(DummyIndividual),ResearchGroup(DummyIndividual)}
23,36;{Article(DummyIndividual),AssociateProfessor(DummyIndividual),ResearchGroup(DummyIndividual)}
23,46;{Article(DummyIndividual),ResearchGroup(DummyIndividual),Professor(DummyIndividual)}
23,46;{Article(DummyIndividual),ResearchGroup(DummyIndividual),FullProfessor(DummyIndividual)}
24,29;{Organization(DummyIndividual),ConferencePaper(DummyIndividual),Chair(DummyIndividual)}
24,29;{Organization(DummyIndividual),ConferencePaper(DummyIndividual),Dean(DummyIndividual)}
24,29;{Organization(DummyIndividual),ConferencePaper(DummyIndividual),Professor(DummyIndividual)}
24,29;{Organization(DummyIndividual),ConferencePaper(DummyIndividual),FullProfessor(DummyIndividual)}
24,29;{Organization(DummyIndividual),ConferencePaper(DummyIndividual),VisitingProfessor(DummyIndividual)}
24,29;{Organization(DummyIndividual),ConferencePaper(DummyIndividual),AssociateProfessor(DummyIndividual)}
24,41;{Organization(DummyIndividual),UnofficialPublication(DummyIndividual),AssistantProfessor(DummyIndividual)}
24,41;{Organization(DummyIndividual),UnofficialPublication(DummyIndividual),Chair(DummyIndividual)}
24,41;{Organization(DummyIndividual),UnofficialPublication(DummyIndividual),Dean(DummyIndividual)}
24,41;{Organization(DummyIndividual),UnofficialPublication(DummyIndividual),Professor(DummyIndividual)}
24,41;{Organization(DummyIndividual),UnofficialPublication(DummyIndividual),FullProfessor(DummyIndividual)}
24,41;{Organization(DummyIndividual),UnofficialPublication(DummyIndividual),AssociateProfessor(DummyIndividual)}
24,51;{Organization(DummyIndividual),AssistantProfessor(DummyIndividual),TechnicalReport(DummyIndividual)}
24,51;{Organization(DummyIndividual),AssistantProfessor(DummyIndividual),JournalArticle(DummyIndividual)}
24,51;{Organization(DummyIndividual),AssistantProfessor(DummyIndividual),Publication(DummyIndividual)}
24,51;{Organization(DummyIndividual),AssistantProfessor(DummyIndividual),Book(DummyIndividual)}
24,51;{Organization(DummyIndividual),AssistantProfessor(DummyIndividual),Manual(DummyIndividual)}
24,51;{Organization(DummyIndividual),AssistantProfessor(DummyIndividual),Specification(DummyIndividual)}
24,51;{Organization(DummyIndividual),AssistantProfessor(DummyIndividual),Software(DummyIndividual)}
24,61;{Organization(DummyIndividual),TechnicalReport(DummyIndividual),Chair(DummyIndividual)}
24,61;{Organization(DummyIndividual),TechnicalReport(DummyIndividual),Dean(DummyIndividual)}
24,61;{Organization(DummyIndividual),TechnicalReport(DummyIndividual),Professor(DummyIndividual)}
24,61;{Organization(DummyIndividual),TechnicalReport(DummyIndividual),FullProfessor(DummyIndividual)}
24,61;{Organization(DummyIndividual),TechnicalReport(DummyIndividual),VisitingProfessor(DummyIndividual)}
24,61;{Organization(DummyIndividual),TechnicalReport(DummyIndividual),AssociateProfessor(DummyIndividual)}
24,72;{Organization(DummyIndividual),Chair(DummyIndividual),JournalArticle(DummyIndividual)}
24,72;{Organization(DummyIndividual),Chair(DummyIndividual),Publication(DummyIndividual)}
24,72;{Organization(DummyIndividual),Chair(DummyIndividual),Book(DummyIndividual)}
24,72;{Organization(DummyIndividual),Chair(DummyIndividual),Manual(DummyIndividual)}
24,72;{Organization(DummyIndividual),Chair(DummyIndividual),Specification(DummyIndividual)}
24,72;{Organization(DummyIndividual),Chair(DummyIndividual),Software(DummyIndividual)}
25,21;{Organization(DummyIndividual),JournalArticle(DummyIndividual),Dean(DummyIndividual)}
25,21;{Organization(DummyIndividual),JournalArticle(DummyIndividual),Professor(DummyIndividual)}
25,21;{Organization(DummyIndividual),JournalArticle(DummyIndividual),FullProfessor(DummyIndividual)}
25,21;{Organization(DummyIndividual),JournalArticle(DummyIndividual),AssociateProfessor(DummyIndividual)}
25,42;{Organization(DummyIndividual),Book(DummyIndividual),Dean(DummyIndividual)}
25,42;{Organization(DummyIndividual),Book(DummyIndividual),Professor(DummyIndividual)}
25,42;{Organization(DummyIndividual),Book(DummyIndividual),FullProfessor(DummyIndividual)}
25,42;{Organization(DummyIndividual),Book(DummyIndividual),AssociateProfessor(DummyIndividual)}
25,52;{Organization(DummyIndividual),Dean(DummyIndividual),Publication(DummyIndividual)}
25,52;{Organization(DummyIndividual),Dean(DummyIndividual),Manual(DummyIndividual)}
25,52;{Organization(DummyIndividual),Dean(DummyIndividual),Specification(DummyIndividual)}
25,52;{Organization(DummyIndividual),Dean(DummyIndividual),Software(DummyIndividual)}
25,61;{Organization(DummyIndividual),Professor(DummyIndividual),Publication(DummyIndividual)}
25,61;{Organization(DummyIndividual),Professor(DummyIndividual),Manual(DummyIndividual)}
25,61;{Organization(DummyIndividual),Professor(DummyIndividual),Specification(DummyIndividual)}
25,61;{Organization(DummyIndividual),Professor(DummyIndividual),Software(DummyIndividual)}
25,73;{Organization(DummyIndividual),FullProfessor(DummyIndividual),Publication(DummyIndividual)}
25,73;{Organization(DummyIndividual),FullProfessor(DummyIndividual),Manual(DummyIndividual)}
25,73;{Organization(DummyIndividual),FullProfessor(DummyIndividual),Specification(DummyIndividual)}
25,73;{Organization(DummyIndividual),FullProfessor(DummyIndividual),Software(DummyIndividual)}
25,73;{Organization(DummyIndividual),Manual(DummyIndividual),VisitingProfessor(DummyIndividual)}
25,73;{Organization(DummyIndividual),Manual(DummyIndividual),AssociateProfessor(DummyIndividual)}
25,73;{Organization(DummyIndividual),Specification(DummyIndividual),VisitingProfessor(DummyIndividual)}
25,73;{Organization(DummyIndividual),Specification(DummyIndividual),AssociateProfessor(DummyIndividual)}
25,73;{Organization(DummyIndividual),VisitingProfessor(DummyIndividual),Publication(DummyIndividual)}
25,73;{Organization(DummyIndividual),Software(DummyIndividual),AssociateProfessor(DummyIndividual)}
25,82;{Organization(DummyIndividual),AssociateProfessor(DummyIndividual),Publication(DummyIndividual)}
26,77;{ConferencePaper(DummyIndividual),College(DummyIndividual),Chair(DummyIndividual)}
26,77;{ConferencePaper(DummyIndividual),College(DummyIndividual),Dean(DummyIndividual)}
26,87;{ConferencePaper(DummyIndividual),College(DummyIndividual),Professor(DummyIndividual)}
26,87;{ConferencePaper(DummyIndividual),College(DummyIndividual),FullProfessor(DummyIndividual)}
26,87;{ConferencePaper(DummyIndividual),College(DummyIndividual),VisitingProfessor(DummyIndividual)}
26,87;{ConferencePaper(DummyIndividual),College(DummyIndividual),AssociateProfessor(DummyIndividual)}
26,97;{ConferencePaper(DummyIndividual),Chair(DummyIndividual),Program(DummyIndividual)}
26,97;{ConferencePaper(DummyIndividual),Chair(DummyIndividual),Institute(DummyIndividual)}
26,97;{ConferencePaper(DummyIndividual),Chair(DummyIndividual),University(DummyIndividual)}
26,97;{ConferencePaper(DummyIndividual),Chair(DummyIndividual),Department(DummyIndividual)}
26,97;{ConferencePaper(DummyIndividual),Chair(DummyIndividual),ResearchGroup(DummyIndividual)}
27,28;{ConferencePaper(DummyIndividual),Program(DummyIndividual),Dean(DummyIndividual)}
27,28;{ConferencePaper(DummyIndividual),Program(DummyIndividual),Professor(DummyIndividual)}
27,28;{ConferencePaper(DummyIndividual),Program(DummyIndividual),FullProfessor(DummyIndividual)}
27,38;{ConferencePaper(DummyIndividual),Program(DummyIndividual),VisitingProfessor(DummyIndividual)}
27,38;{ConferencePaper(DummyIndividual),Program(DummyIndividual),AssociateProfessor(DummyIndividual)}
27,38;{ConferencePaper(DummyIndividual),Institute(DummyIndividual),Dean(DummyIndividual)}
27,38;{ConferencePaper(DummyIndividual),Institute(DummyIndividual),Professor(DummyIndividual)}
27,38;{ConferencePaper(DummyIndividual),Institute(DummyIndividual),FullProfessor(DummyIndividual)}
27,38;{ConferencePaper(DummyIndividual),Institute(DummyIndividual),VisitingProfessor(DummyIndividual)}
27,38;{ConferencePaper(DummyIndividual),Institute(DummyIndividual),AssociateProfessor(DummyIndividual)}
27,59;{ConferencePaper(DummyIndividual),University(DummyIndividual),Dean(DummyIndividual)}
27,59;{ConferencePaper(DummyIndividual),University(DummyIndividual),Professor(DummyIndividual)}
27,59;{ConferencePaper(DummyIndividual),University(DummyIndividual),FullProfessor(DummyIndividual)}
27,59;{ConferencePaper(DummyIndividual),University(DummyIndividual),VisitingProfessor(DummyIndividual)}
27,59;{ConferencePaper(DummyIndividual),University(DummyIndividual),AssociateProfessor(DummyIndividual)}
27,80;{ConferencePaper(DummyIndividual),Dean(DummyIndividual),ResearchGroup(DummyIndividual)}
27,90;{ConferencePaper(DummyIndividual),Professor(DummyIndividual),Department(DummyIndividual)}
27,90;{ConferencePaper(DummyIndividual),Professor(DummyIndividual),ResearchGroup(DummyIndividual)}
27,90;{ConferencePaper(DummyIndividual),FullProfessor(DummyIndividual),Department(DummyIndividual)}
27,90;{ConferencePaper(DummyIndividual),FullProfessor(DummyIndividual),ResearchGroup(DummyIndividual)}
28,01;{ConferencePaper(DummyIndividual),VisitingProfessor(DummyIndividual),Department(DummyIndividual)}
28,11;{ConferencePaper(DummyIndividual),VisitingProfessor(DummyIndividual),ResearchGroup(DummyIndividual)}
28,11;{ConferencePaper(DummyIndividual),AssociateProfessor(DummyIndividual),Department(DummyIndividual)}
28,11;{ConferencePaper(DummyIndividual),AssociateProfessor(DummyIndividual),ResearchGroup(DummyIndividual)}
28,32;{UnofficialPublication(DummyIndividual),College(DummyIndividual),AssistantProfessor(DummyIndividual)}
28,43;{UnofficialPublication(DummyIndividual),College(DummyIndividual),Chair(DummyIndividual)}
28,43;{UnofficialPublication(DummyIndividual),College(DummyIndividual),Dean(DummyIndividual)}
28,43;{UnofficialPublication(DummyIndividual),College(DummyIndividual),Professor(DummyIndividual)}
28,43;{UnofficialPublication(DummyIndividual),College(DummyIndividual),FullProfessor(DummyIndividual)}
28,43;{UnofficialPublication(DummyIndividual),College(DummyIndividual),VisitingProfessor(DummyIndividual)}
28,43;{UnofficialPublication(DummyIndividual),College(DummyIndividual),AssociateProfessor(DummyIndividual)}
28,43;{UnofficialPublication(DummyIndividual),AssistantProfessor(DummyIndividual),Institute(DummyIndividual)}
28,43;{UnofficialPublication(DummyIndividual),AssistantProfessor(DummyIndividual),University(DummyIndividual)}
28,43;{UnofficialPublication(DummyIndividual),AssistantProfessor(DummyIndividual),Department(DummyIndividual)}
28,43;{UnofficialPublication(DummyIndividual),AssistantProfessor(DummyIndividual),ResearchGroup(DummyIndividual)}
28,53;{UnofficialPublication(DummyIndividual),Chair(DummyIndividual),Program(DummyIndividual)}
28,53;{UnofficialPublication(DummyIndividual),Chair(DummyIndividual),Institute(DummyIndividual)}
28,53;{UnofficialPublication(DummyIndividual),Chair(DummyIndividual),University(DummyIndividual)}
28,53;{UnofficialPublication(DummyIndividual),Chair(DummyIndividual),Department(DummyIndividual)}
28,53;{UnofficialPublication(DummyIndividual),Chair(DummyIndividual),ResearchGroup(DummyIndividual)}
28,84;{UnofficialPublication(DummyIndividual),Program(DummyIndividual),Dean(DummyIndividual)}
28,84;{UnofficialPublication(DummyIndividual),Program(DummyIndividual),Professor(DummyIndividual)}
28,84;{UnofficialPublication(DummyIndividual),Program(DummyIndividual),FullProfessor(DummyIndividual)}
28,84;{UnofficialPublication(DummyIndividual),Program(DummyIndividual),VisitingProfessor(DummyIndividual)}
28,84;{UnofficialPublication(DummyIndividual),Program(DummyIndividual),AssociateProfessor(DummyIndividual)}
28,84;{UnofficialPublication(DummyIndividual),Institute(DummyIndividual),Dean(DummyIndividual)}
28,95;{UnofficialPublication(DummyIndividual),Institute(DummyIndividual),Professor(DummyIndividual)}
28,95;{UnofficialPublication(DummyIndividual),Institute(DummyIndividual),FullProfessor(DummyIndividual)}
28,95;{UnofficialPublication(DummyIndividual),Institute(DummyIndividual),VisitingProfessor(DummyIndividual)}
28,95;{UnofficialPublication(DummyIndividual),Institute(DummyIndividual),AssociateProfessor(DummyIndividual)}
29,06;{UnofficialPublication(DummyIndividual),University(DummyIndividual),Dean(DummyIndividual)}
29,06;{UnofficialPublication(DummyIndividual),University(DummyIndividual),Professor(DummyIndividual)}
29,18;{UnofficialPublication(DummyIndividual),University(DummyIndividual),FullProfessor(DummyIndividual)}
29,18;{UnofficialPublication(DummyIndividual),University(DummyIndividual),VisitingProfessor(DummyIndividual)}
29,18;{UnofficialPublication(DummyIndividual),University(DummyIndividual),AssociateProfessor(DummyIndividual)}
29,28;{UnofficialPublication(DummyIndividual),Department(DummyIndividual),Dean(DummyIndividual)}
29,28;{UnofficialPublication(DummyIndividual),Department(DummyIndividual),Professor(DummyIndividual)}
29,28;{UnofficialPublication(DummyIndividual),Department(DummyIndividual),FullProfessor(DummyIndividual)}
29,39;{UnofficialPublication(DummyIndividual),Department(DummyIndividual),VisitingProfessor(DummyIndividual)}
29,39;{UnofficialPublication(DummyIndividual),Department(DummyIndividual),AssociateProfessor(DummyIndividual)}
29,49;{UnofficialPublication(DummyIndividual),Dean(DummyIndividual),ResearchGroup(DummyIndividual)}
29,49;{UnofficialPublication(DummyIndividual),Professor(DummyIndividual),ResearchGroup(DummyIndividual)}
29,59;{UnofficialPublication(DummyIndividual),FullProfessor(DummyIndividual),ResearchGroup(DummyIndividual)}
29,71;{UnofficialPublication(DummyIndividual),VisitingProfessor(DummyIndividual),ResearchGroup(DummyIndividual)}
29,71;{UnofficialPublication(DummyIndividual),AssociateProfessor(DummyIndividual),ResearchGroup(DummyIndividual)}
30,45;{College(DummyIndividual),TechnicalReport(DummyIndividual),AssistantProfessor(DummyIndividual)}
30,45;{College(DummyIndividual),TechnicalReport(DummyIndividual),Chair(DummyIndividual)}
30,45;{College(DummyIndividual),TechnicalReport(DummyIndividual),Dean(DummyIndividual)}
30,45;{College(DummyIndividual),TechnicalReport(DummyIndividual),Professor(DummyIndividual)}
30,45;{College(DummyIndividual),TechnicalReport(DummyIndividual),FullProfessor(DummyIndividual)}
30,55;{College(DummyIndividual),TechnicalReport(DummyIndividual),VisitingProfessor(DummyIndividual)}
30,55;{College(DummyIndividual),TechnicalReport(DummyIndividual),AssociateProfessor(DummyIndividual)}
30,55;{College(DummyIndividual),JournalArticle(DummyIndividual),AssistantProfessor(DummyIndividual)}
30,55;{College(DummyIndividual),JournalArticle(DummyIndividual),Chair(DummyIndividual)}
30,55;{College(DummyIndividual),JournalArticle(DummyIndividual),Dean(DummyIndividual)}
30,55;{College(DummyIndividual),JournalArticle(DummyIndividual),Professor(DummyIndividual)}
30,55;{College(DummyIndividual),JournalArticle(DummyIndividual),FullProfessor(DummyIndividual)}
30,55;{College(DummyIndividual),JournalArticle(DummyIndividual),VisitingProfessor(DummyIndividual)}
30,65;{College(DummyIndividual),JournalArticle(DummyIndividual),AssociateProfessor(DummyIndividual)}
30,65;{College(DummyIndividual),Publication(DummyIndividual),AssistantProfessor(DummyIndividual)}
30,65;{College(DummyIndividual),Publication(DummyIndividual),Chair(DummyIndividual)}
30,65;{College(DummyIndividual),Publication(DummyIndividual),Dean(DummyIndividual)}
30,65;{College(DummyIndividual),Publication(DummyIndividual),Professor(DummyIndividual)}
30,65;{College(DummyIndividual),Publication(DummyIndividual),FullProfessor(DummyIndividual)}
30,65;{College(DummyIndividual),Publication(DummyIndividual),VisitingProfessor(DummyIndividual)}
30,76;{College(DummyIndividual),Publication(DummyIndividual),AssociateProfessor(DummyIndividual)}
30,76;{College(DummyIndividual),Book(DummyIndividual),AssistantProfessor(DummyIndividual)}
30,76;{College(DummyIndividual),Book(DummyIndividual),Chair(DummyIndividual)}
30,76;{College(DummyIndividual),Book(DummyIndividual),Dean(DummyIndividual)}
30,76;{College(DummyIndividual),Book(DummyIndividual),Professor(DummyIndividual)}
30,76;{College(DummyIndividual),Book(DummyIndividual),FullProfessor(DummyIndividual)}
30,76;{College(DummyIndividual),Book(DummyIndividual),VisitingProfessor(DummyIndividual)}
30,76;{College(DummyIndividual),Book(DummyIndividual),AssociateProfessor(DummyIndividual)}
30,76;{College(DummyIndividual),Manual(DummyIndividual),AssistantProfessor(DummyIndividual)}
30,76;{College(DummyIndividual),Manual(DummyIndividual),Chair(DummyIndividual)}
30,76;{College(DummyIndividual),Manual(DummyIndividual),Dean(DummyIndividual)}
30,76;{College(DummyIndividual),Manual(DummyIndividual),Professor(DummyIndividual)}
30,76;{College(DummyIndividual),Manual(DummyIndividual),FullProfessor(DummyIndividual)}
30,85;{College(DummyIndividual),Manual(DummyIndividual),VisitingProfessor(DummyIndividual)}
30,86;{College(DummyIndividual),Manual(DummyIndividual),AssociateProfessor(DummyIndividual)}
30,86;{College(DummyIndividual),Specification(DummyIndividual),AssistantProfessor(DummyIndividual)}
30,86;{College(DummyIndividual),Specification(DummyIndividual),Chair(DummyIndividual)}
30,86;{College(DummyIndividual),Specification(DummyIndividual),Dean(DummyIndividual)}
30,86;{College(DummyIndividual),Specification(DummyIndividual),Professor(DummyIndividual)}
30,86;{College(DummyIndividual),Specification(DummyIndividual),FullProfessor(DummyIndividual)}
30,86;{College(DummyIndividual),Specification(DummyIndividual),VisitingProfessor(DummyIndividual)}
30,86;{College(DummyIndividual),Specification(DummyIndividual),AssociateProfessor(DummyIndividual)}
30,86;{College(DummyIndividual),Software(DummyIndividual),AssistantProfessor(DummyIndividual)}
30,86;{College(DummyIndividual),Software(DummyIndividual),Chair(DummyIndividual)}
30,86;{College(DummyIndividual),Software(DummyIndividual),Dean(DummyIndividual)}
30,86;{College(DummyIndividual),Software(DummyIndividual),Professor(DummyIndividual)}
30,86;{College(DummyIndividual),Software(DummyIndividual),FullProfessor(DummyIndividual)}
30,86;{College(DummyIndividual),Software(DummyIndividual),VisitingProfessor(DummyIndividual)}
30,86;{College(DummyIndividual),Software(DummyIndividual),AssociateProfessor(DummyIndividual)}
30,96;{AssistantProfessor(DummyIndividual),TechnicalReport(DummyIndividual),Institute(DummyIndividual)}
30,96;{AssistantProfessor(DummyIndividual),TechnicalReport(DummyIndividual),University(DummyIndividual)}
30,96;{AssistantProfessor(DummyIndividual),TechnicalReport(DummyIndividual),Department(DummyIndividual)}
30,96;{AssistantProfessor(DummyIndividual),TechnicalReport(DummyIndividual),ResearchGroup(DummyIndividual)}
30,96;{AssistantProfessor(DummyIndividual),JournalArticle(DummyIndividual),Institute(DummyIndividual)}
30,96;{AssistantProfessor(DummyIndividual),JournalArticle(DummyIndividual),University(DummyIndividual)}
30,96;{AssistantProfessor(DummyIndividual),JournalArticle(DummyIndividual),Department(DummyIndividual)}
31,07;{AssistantProfessor(DummyIndividual),JournalArticle(DummyIndividual),ResearchGroup(DummyIndividual)}
31,07;{AssistantProfessor(DummyIndividual),Publication(DummyIndividual),Institute(DummyIndividual)}
31,07;{AssistantProfessor(DummyIndividual),Publication(DummyIndividual),University(DummyIndividual)}
31,16;{AssistantProfessor(DummyIndividual),Publication(DummyIndividual),Department(DummyIndividual)}
31,16;{AssistantProfessor(DummyIndividual),Publication(DummyIndividual),ResearchGroup(DummyIndividual)}
31,16;{AssistantProfessor(DummyIndividual),Book(DummyIndividual),Institute(DummyIndividual)}
31,16;{AssistantProfessor(DummyIndividual),Book(DummyIndividual),University(DummyIndividual)}
31,16;{AssistantProfessor(DummyIndividual),Book(DummyIndividual),Department(DummyIndividual)}
31,16;{AssistantProfessor(DummyIndividual),Book(DummyIndividual),ResearchGroup(DummyIndividual)}
31,16;{AssistantProfessor(DummyIndividual),Manual(DummyIndividual),Institute(DummyIndividual)}
31,16;{AssistantProfessor(DummyIndividual),Manual(DummyIndividual),University(DummyIndividual)}
31,16;{AssistantProfessor(DummyIndividual),Manual(DummyIndividual),Department(DummyIndividual)}
31,16;{AssistantProfessor(DummyIndividual),Manual(DummyIndividual),ResearchGroup(DummyIndividual)}
31,16;{AssistantProfessor(DummyIndividual),Specification(DummyIndividual),Institute(DummyIndividual)}
31,16;{AssistantProfessor(DummyIndividual),Specification(DummyIndividual),University(DummyIndividual)}
31,16;{AssistantProfessor(DummyIndividual),Specification(DummyIndividual),Department(DummyIndividual)}
31,16;{AssistantProfessor(DummyIndividual),Specification(DummyIndividual),ResearchGroup(DummyIndividual)}
31,26;{AssistantProfessor(DummyIndividual),Software(DummyIndividual),Institute(DummyIndividual)}
31,26;{AssistantProfessor(DummyIndividual),Software(DummyIndividual),University(DummyIndividual)}
31,26;{AssistantProfessor(DummyIndividual),Software(DummyIndividual),Department(DummyIndividual)}
31,26;{AssistantProfessor(DummyIndividual),Software(DummyIndividual),ResearchGroup(DummyIndividual)}
32,30;{TechnicalReport(DummyIndividual),Chair(DummyIndividual),Program(DummyIndividual)}
32,30;{TechnicalReport(DummyIndividual),Chair(DummyIndividual),Institute(DummyIndividual)}
32,30;{TechnicalReport(DummyIndividual),Chair(DummyIndividual),University(DummyIndividual)}
32,40;{TechnicalReport(DummyIndividual),Chair(DummyIndividual),Department(DummyIndividual)}
32,40;{TechnicalReport(DummyIndividual),Chair(DummyIndividual),ResearchGroup(DummyIndividual)}
32,71;{TechnicalReport(DummyIndividual),Program(DummyIndividual),Dean(DummyIndividual)}
32,71;{TechnicalReport(DummyIndividual),Program(DummyIndividual),Professor(DummyIndividual)}
32,71;{TechnicalReport(DummyIndividual),Program(DummyIndividual),FullProfessor(DummyIndividual)}
32,71;{TechnicalReport(DummyIndividual),Program(DummyIndividual),VisitingProfessor(DummyIndividual)}
32,71;{TechnicalReport(DummyIndividual),Program(DummyIndividual),AssociateProfessor(DummyIndividual)}
32,71;{TechnicalReport(DummyIndividual),Institute(DummyIndividual),Dean(DummyIndividual)}
32,71;{TechnicalReport(DummyIndividual),Institute(DummyIndividual),Professor(DummyIndividual)}
32,71;{TechnicalReport(DummyIndividual),Institute(DummyIndividual),FullProfessor(DummyIndividual)}
32,71;{TechnicalReport(DummyIndividual),Institute(DummyIndividual),VisitingProfessor(DummyIndividual)}
32,71;{TechnicalReport(DummyIndividual),Institute(DummyIndividual),AssociateProfessor(DummyIndividual)}
32,83;{TechnicalReport(DummyIndividual),University(DummyIndividual),Dean(DummyIndividual)}
32,83;{TechnicalReport(DummyIndividual),University(DummyIndividual),Professor(DummyIndividual)}
32,83;{TechnicalReport(DummyIndividual),University(DummyIndividual),VisitingProfessor(DummyIndividual)}
32,83;{TechnicalReport(DummyIndividual),University(DummyIndividual),AssociateProfessor(DummyIndividual)}
33,04;{TechnicalReport(DummyIndividual),Department(DummyIndividual),Dean(DummyIndividual)}
33,04;{TechnicalReport(DummyIndividual),Department(DummyIndividual),Professor(DummyIndividual)}
33,04;{TechnicalReport(DummyIndividual),Department(DummyIndividual),FullProfessor(DummyIndividual)}
33,04;{TechnicalReport(DummyIndividual),Department(DummyIndividual),VisitingProfessor(DummyIndividual)}
33,04;{TechnicalReport(DummyIndividual),Department(DummyIndividual),AssociateProfessor(DummyIndividual)}
33,14;{TechnicalReport(DummyIndividual),Dean(DummyIndividual),ResearchGroup(DummyIndividual)}
33,35;{TechnicalReport(DummyIndividual),VisitingProfessor(DummyIndividual),ResearchGroup(DummyIndividual)}
33,45;{TechnicalReport(DummyIndividual),AssociateProfessor(DummyIndividual),ResearchGroup(DummyIndividual)}
33,45;{TechnicalReport(DummyIndividual),ResearchGroup(DummyIndividual),Professor(DummyIndividual)}
33,45;{TechnicalReport(DummyIndividual),ResearchGroup(DummyIndividual),FullProfessor(DummyIndividual)}
33,45;{Chair(DummyIndividual),Program(DummyIndividual),JournalArticle(DummyIndividual)}
33,45;{Chair(DummyIndividual),Program(DummyIndividual),Book(DummyIndividual)}
33,45;{Chair(DummyIndividual),Program(DummyIndividual),Manual(DummyIndividual)}
33,45;{Chair(DummyIndividual),Program(DummyIndividual),Specification(DummyIndividual)}
33,45;{Chair(DummyIndividual),Program(DummyIndividual),Software(DummyIndividual)}
33,45;{Chair(DummyIndividual),JournalArticle(DummyIndividual),Institute(DummyIndividual)}
33,45;{Chair(DummyIndividual),JournalArticle(DummyIndividual),University(DummyIndividual)}
33,45;{Chair(DummyIndividual),JournalArticle(DummyIndividual),Department(DummyIndividual)}
33,45;{Chair(DummyIndividual),JournalArticle(DummyIndividual),ResearchGroup(DummyIndividual)}
33,56;{Chair(DummyIndividual),Publication(DummyIndividual),Institute(DummyIndividual)}
33,56;{Chair(DummyIndividual),Publication(DummyIndividual),University(DummyIndividual)}
33,56;{Chair(DummyIndividual),Publication(DummyIndividual),Department(DummyIndividual)}
33,56;{Chair(DummyIndividual),Book(DummyIndividual),Institute(DummyIndividual)}
33,56;{Chair(DummyIndividual),Book(DummyIndividual),University(DummyIndividual)}
33,56;{Chair(DummyIndividual),Book(DummyIndividual),Department(DummyIndividual)}
33,66;{Chair(DummyIndividual),Book(DummyIndividual),ResearchGroup(DummyIndividual)}
33,66;{Chair(DummyIndividual),Manual(DummyIndividual),Institute(DummyIndividual)}
33,66;{Chair(DummyIndividual),Manual(DummyIndividual),University(DummyIndividual)}
33,66;{Chair(DummyIndividual),Manual(DummyIndividual),Department(DummyIndividual)}
33,66;{Chair(DummyIndividual),Manual(DummyIndividual),ResearchGroup(DummyIndividual)}
33,66;{Chair(DummyIndividual),Specification(DummyIndividual),Institute(DummyIndividual)}
33,66;{Chair(DummyIndividual),Specification(DummyIndividual),University(DummyIndividual)}
33,66;{Chair(DummyIndividual),Specification(DummyIndividual),Department(DummyIndividual)}
33,66;{Chair(DummyIndividual),Specification(DummyIndividual),ResearchGroup(DummyIndividual)}
33,66;{Chair(DummyIndividual),Software(DummyIndividual),Institute(DummyIndividual)}
33,66;{Chair(DummyIndividual),Software(DummyIndividual),University(DummyIndividual)}
33,66;{Chair(DummyIndividual),Software(DummyIndividual),Department(DummyIndividual)}
33,66;{Chair(DummyIndividual),Software(DummyIndividual),ResearchGroup(DummyIndividual)}
39,73;{Program(DummyIndividual),JournalArticle(DummyIndividual),Dean(DummyIndividual)}
39,73;{Program(DummyIndividual),JournalArticle(DummyIndividual),Professor(DummyIndividual)}
39,73;{Program(DummyIndividual),JournalArticle(DummyIndividual),FullProfessor(DummyIndividual)}
39,73;{Program(DummyIndividual),JournalArticle(DummyIndividual),VisitingProfessor(DummyIndividual)}
39,73;{Program(DummyIndividual),JournalArticle(DummyIndividual),AssociateProfessor(DummyIndividual)}
40,15;{Program(DummyIndividual),Book(DummyIndividual),Dean(DummyIndividual)}
40,15;{Program(DummyIndividual),Book(DummyIndividual),Professor(DummyIndividual)}
40,15;{Program(DummyIndividual),Book(DummyIndividual),FullProfessor(DummyIndividual)}
40,26;{Program(DummyIndividual),Book(DummyIndividual),VisitingProfessor(DummyIndividual)}
40,26;{Program(DummyIndividual),Book(DummyIndividual),AssociateProfessor(DummyIndividual)}
40,36;{Program(DummyIndividual),Dean(DummyIndividual),Publication(DummyIndividual)}
40,36;{Program(DummyIndividual),Dean(DummyIndividual),Manual(DummyIndividual)}
40,36;{Program(DummyIndividual),Dean(DummyIndividual),Specification(DummyIndividual)}
40,36;{Program(DummyIndividual),Dean(DummyIndividual),Software(DummyIndividual)}
40,45;{Program(DummyIndividual),Professor(DummyIndividual),Publication(DummyIndividual)}
40,45;{Program(DummyIndividual),Professor(DummyIndividual),Manual(DummyIndividual)}
40,45;{Program(DummyIndividual),Professor(DummyIndividual),Specification(DummyIndividual)}
40,45;{Program(DummyIndividual),Professor(DummyIndividual),Software(DummyIndividual)}
40,45;{Program(DummyIndividual),FullProfessor(DummyIndividual),Publication(DummyIndividual)}
40,45;{Program(DummyIndividual),FullProfessor(DummyIndividual),Manual(DummyIndividual)}
40,45;{Program(DummyIndividual),FullProfessor(DummyIndividual),Specification(DummyIndividual)}
40,45;{Program(DummyIndividual),FullProfessor(DummyIndividual),Software(DummyIndividual)}
40,45;{Program(DummyIndividual),Manual(DummyIndividual),VisitingProfessor(DummyIndividual)}
40,55;{Program(DummyIndividual),Manual(DummyIndividual),AssociateProfessor(DummyIndividual)}
40,58;{Program(DummyIndividual),Specification(DummyIndividual),VisitingProfessor(DummyIndividual)}
40,58;{Program(DummyIndividual),Specification(DummyIndividual),AssociateProfessor(DummyIndividual)}
40,58;{Program(DummyIndividual),VisitingProfessor(DummyIndividual),Publication(DummyIndividual)}
40,58;{Program(DummyIndividual),VisitingProfessor(DummyIndividual),Software(DummyIndividual)}
40,58;{Program(DummyIndividual),Software(DummyIndividual),AssociateProfessor(DummyIndividual)}
40,58;{Program(DummyIndividual),AssociateProfessor(DummyIndividual),Publication(DummyIndividual)}
40,68;{Institute(DummyIndividual),JournalArticle(DummyIndividual),Dean(DummyIndividual)}
40,80;{Institute(DummyIndividual),JournalArticle(DummyIndividual),Professor(DummyIndividual)}
40,80;{Institute(DummyIndividual),JournalArticle(DummyIndividual),FullProfessor(DummyIndividual)}
40,80;{Institute(DummyIndividual),JournalArticle(DummyIndividual),VisitingProfessor(DummyIndividual)}
40,80;{Institute(DummyIndividual),JournalArticle(DummyIndividual),AssociateProfessor(DummyIndividual)}
40,91;{Institute(DummyIndividual),Publication(DummyIndividual),Dean(DummyIndividual)}
40,91;{Institute(DummyIndividual),Publication(DummyIndividual),Professor(DummyIndividual)}
40,91;{Institute(DummyIndividual),Publication(DummyIndividual),FullProfessor(DummyIndividual)}
40,91;{Institute(DummyIndividual),Publication(DummyIndividual),VisitingProfessor(DummyIndividual)}
40,91;{Institute(DummyIndividual),Publication(DummyIndividual),AssociateProfessor(DummyIndividual)}
40,91;{Institute(DummyIndividual),Book(DummyIndividual),Dean(DummyIndividual)}
40,91;{Institute(DummyIndividual),Book(DummyIndividual),Professor(DummyIndividual)}
40,91;{Institute(DummyIndividual),Book(DummyIndividual),FullProfessor(DummyIndividual)}
40,91;{Institute(DummyIndividual),Book(DummyIndividual),VisitingProfessor(DummyIndividual)}
40,91;{Institute(DummyIndividual),Book(DummyIndividual),AssociateProfessor(DummyIndividual)}
40,91;{Institute(DummyIndividual),Manual(DummyIndividual),Dean(DummyIndividual)}
40,91;{Institute(DummyIndividual),Manual(DummyIndividual),Professor(DummyIndividual)}
40,91;{Institute(DummyIndividual),Manual(DummyIndividual),FullProfessor(DummyIndividual)}
40,91;{Institute(DummyIndividual),Manual(DummyIndividual),VisitingProfessor(DummyIndividual)}
40,91;{Institute(DummyIndividual),Manual(DummyIndividual),AssociateProfessor(DummyIndividual)}
40,91;{Institute(DummyIndividual),Specification(DummyIndividual),Dean(DummyIndividual)}
40,91;{Institute(DummyIndividual),Specification(DummyIndividual),Professor(DummyIndividual)}
41,01;{Institute(DummyIndividual),Specification(DummyIndividual),FullProfessor(DummyIndividual)}
41,01;{Institute(DummyIndividual),Specification(DummyIndividual),VisitingProfessor(DummyIndividual)}
41,01;{Institute(DummyIndividual),Specification(DummyIndividual),AssociateProfessor(DummyIndividual)}
41,01;{Institute(DummyIndividual),Software(DummyIndividual),Dean(DummyIndividual)}
41,01;{Institute(DummyIndividual),Software(DummyIndividual),Professor(DummyIndividual)}
41,01;{Institute(DummyIndividual),Software(DummyIndividual),FullProfessor(DummyIndividual)}
41,01;{Institute(DummyIndividual),Software(DummyIndividual),VisitingProfessor(DummyIndividual)}
41,01;{Institute(DummyIndividual),Software(DummyIndividual),AssociateProfessor(DummyIndividual)}
42,60;{JournalArticle(DummyIndividual),University(DummyIndividual),Dean(DummyIndividual)}
42,60;{JournalArticle(DummyIndividual),University(DummyIndividual),Professor(DummyIndividual)}
42,60;{JournalArticle(DummyIndividual),University(DummyIndividual),FullProfessor(DummyIndividual)}
42,60;{JournalArticle(DummyIndividual),University(DummyIndividual),VisitingProfessor(DummyIndividual)}
42,60;{JournalArticle(DummyIndividual),University(DummyIndividual),AssociateProfessor(DummyIndividual)}
42,80;{JournalArticle(DummyIndividual),Department(DummyIndividual),Dean(DummyIndividual)}
42,80;{JournalArticle(DummyIndividual),Department(DummyIndividual),Professor(DummyIndividual)}
42,80;{JournalArticle(DummyIndividual),Department(DummyIndividual),FullProfessor(DummyIndividual)}
42,80;{JournalArticle(DummyIndividual),Department(DummyIndividual),VisitingProfessor(DummyIndividual)}
42,80;{JournalArticle(DummyIndividual),Department(DummyIndividual),AssociateProfessor(DummyIndividual)}
42,91;{JournalArticle(DummyIndividual),Dean(DummyIndividual),ResearchGroup(DummyIndividual)}
43,01;{JournalArticle(DummyIndividual),FullProfessor(DummyIndividual),ResearchGroup(DummyIndividual)}
43,11;{JournalArticle(DummyIndividual),AssociateProfessor(DummyIndividual),ResearchGroup(DummyIndividual)}
43,11;{JournalArticle(DummyIndividual),ResearchGroup(DummyIndividual),Professor(DummyIndividual)}
43,11;{JournalArticle(DummyIndividual),ResearchGroup(DummyIndividual),VisitingProfessor(DummyIndividual)}
44,77;{University(DummyIndividual),Book(DummyIndividual),Dean(DummyIndividual)}
44,77;{University(DummyIndividual),Book(DummyIndividual),Professor(DummyIndividual)}
44,77;{University(DummyIndividual),Book(DummyIndividual),FullProfessor(DummyIndividual)}
44,77;{University(DummyIndividual),Book(DummyIndividual),VisitingProfessor(DummyIndividual)}
44,77;{University(DummyIndividual),Book(DummyIndividual),AssociateProfessor(DummyIndividual)}
44,87;{University(DummyIndividual),Dean(DummyIndividual),Publication(DummyIndividual)}
44,87;{University(DummyIndividual),Dean(DummyIndividual),Manual(DummyIndividual)}
44,87;{University(DummyIndividual),Dean(DummyIndividual),Specification(DummyIndividual)}
44,87;{University(DummyIndividual),Dean(DummyIndividual),Software(DummyIndividual)}
44,98;{University(DummyIndividual),Professor(DummyIndividual),Publication(DummyIndividual)}
44,98;{University(DummyIndividual),Professor(DummyIndividual),Manual(DummyIndividual)}
44,98;{University(DummyIndividual),Professor(DummyIndividual),Specification(DummyIndividual)}
44,98;{University(DummyIndividual),Professor(DummyIndividual),Software(DummyIndividual)}
44,98;{University(DummyIndividual),FullProfessor(DummyIndividual),Software(DummyIndividual)}
44,98;{University(DummyIndividual),Manual(DummyIndividual),VisitingProfessor(DummyIndividual)}
44,98;{University(DummyIndividual),Manual(DummyIndividual),AssociateProfessor(DummyIndividual)}
44,98;{University(DummyIndividual),Specification(DummyIndividual),VisitingProfessor(DummyIndividual)}
44,98;{University(DummyIndividual),Specification(DummyIndividual),AssociateProfessor(DummyIndividual)}
44,98;{University(DummyIndividual),VisitingProfessor(DummyIndividual),Publication(DummyIndividual)}
45,08;{University(DummyIndividual),VisitingProfessor(DummyIndividual),Software(DummyIndividual)}
45,08;{University(DummyIndividual),Software(DummyIndividual),AssociateProfessor(DummyIndividual)}
45,08;{University(DummyIndividual),AssociateProfessor(DummyIndividual),Publication(DummyIndividual)}
47,49;{Department(DummyIndividual),Publication(DummyIndividual),Dean(DummyIndividual)}
47,49;{Department(DummyIndividual),Publication(DummyIndividual),Professor(DummyIndividual)}
47,49;{Department(DummyIndividual),Publication(DummyIndividual),FullProfessor(DummyIndividual)}
47,49;{Department(DummyIndividual),Publication(DummyIndividual),VisitingProfessor(DummyIndividual)}
47,49;{Department(DummyIndividual),Publication(DummyIndividual),AssociateProfessor(DummyIndividual)}
47,49;{Department(DummyIndividual),Book(DummyIndividual),Dean(DummyIndividual)}
47,49;{Department(DummyIndividual),Book(DummyIndividual),Professor(DummyIndividual)}
47,49;{Department(DummyIndividual),Book(DummyIndividual),FullProfessor(DummyIndividual)}
47,49;{Department(DummyIndividual),Book(DummyIndividual),VisitingProfessor(DummyIndividual)}
47,49;{Department(DummyIndividual),Book(DummyIndividual),AssociateProfessor(DummyIndividual)}
47,49;{Department(DummyIndividual),Manual(DummyIndividual),Dean(DummyIndividual)}
47,60;{Department(DummyIndividual),Manual(DummyIndividual),Professor(DummyIndividual)}
47,60;{Department(DummyIndividual),Manual(DummyIndividual),FullProfessor(DummyIndividual)}
47,60;{Department(DummyIndividual),Manual(DummyIndividual),VisitingProfessor(DummyIndividual)}
47,60;{Department(DummyIndividual),Manual(DummyIndividual),AssociateProfessor(DummyIndividual)}
47,60;{Department(DummyIndividual),Specification(DummyIndividual),Dean(DummyIndividual)}
47,60;{Department(DummyIndividual),Specification(DummyIndividual),Professor(DummyIndividual)}
47,60;{Department(DummyIndividual),Specification(DummyIndividual),FullProfessor(DummyIndividual)}
47,60;{Department(DummyIndividual),Specification(DummyIndividual),VisitingProfessor(DummyIndividual)}
47,60;{Department(DummyIndividual),Specification(DummyIndividual),AssociateProfessor(DummyIndividual)}
47,60;{Department(DummyIndividual),Software(DummyIndividual),Dean(DummyIndividual)}
47,60;{Department(DummyIndividual),Software(DummyIndividual),Professor(DummyIndividual)}
47,60;{Department(DummyIndividual),Software(DummyIndividual),FullProfessor(DummyIndividual)}
47,60;{Department(DummyIndividual),Software(DummyIndividual),VisitingProfessor(DummyIndividual)}
47,60;{Department(DummyIndividual),Software(DummyIndividual),AssociateProfessor(DummyIndividual)}
48,74;{Book(DummyIndividual),Dean(DummyIndividual),ResearchGroup(DummyIndividual)}
48,83;{Book(DummyIndividual),Professor(DummyIndividual),ResearchGroup(DummyIndividual)}
48,83;{Book(DummyIndividual),FullProfessor(DummyIndividual),ResearchGroup(DummyIndividual)}
48,96;{Book(DummyIndividual),VisitingProfessor(DummyIndividual),ResearchGroup(DummyIndividual)}
48,96;{Book(DummyIndividual),AssociateProfessor(DummyIndividual),ResearchGroup(DummyIndividual)}
49,80;{Dean(DummyIndividual),Publication(DummyIndividual),ResearchGroup(DummyIndividual)}
49,80;{Dean(DummyIndividual),Manual(DummyIndividual),ResearchGroup(DummyIndividual)}
49,89;{Dean(DummyIndividual),Specification(DummyIndividual),ResearchGroup(DummyIndividual)}
49,89;{Dean(DummyIndividual),Software(DummyIndividual),ResearchGroup(DummyIndividual)}
51,78;{Manual(DummyIndividual),VisitingProfessor(DummyIndividual),ResearchGroup(DummyIndividual)}
51,88;{Manual(DummyIndividual),AssociateProfessor(DummyIndividual),ResearchGroup(DummyIndividual)}
51,88;{Manual(DummyIndividual),ResearchGroup(DummyIndividual),Professor(DummyIndividual)}
51,88;{Manual(DummyIndividual),ResearchGroup(DummyIndividual),FullProfessor(DummyIndividual)}
53,13;{Specification(DummyIndividual),VisitingProfessor(DummyIndividual),ResearchGroup(DummyIndividual)}
53,13;{Specification(DummyIndividual),AssociateProfessor(DummyIndividual),ResearchGroup(DummyIndividual)}
53,13;{Specification(DummyIndividual),ResearchGroup(DummyIndividual),Professor(DummyIndividual)}
53,24;{Specification(DummyIndividual),ResearchGroup(DummyIndividual),FullProfessor(DummyIndividual)}
53,24;{VisitingProfessor(DummyIndividual),Publication(DummyIndividual),ResearchGroup(DummyIndividual)}
53,24;{VisitingProfessor(DummyIndividual),Software(DummyIndividual),ResearchGroup(DummyIndividual)}
54,49;{Software(DummyIndividual),FullProfessor(DummyIndividual),ResearchGroup(DummyIndividual)}
54,61;{Software(DummyIndividual),AssociateProfessor(DummyIndividual),ResearchGroup(DummyIndividual)}
54,61;{Software(DummyIndividual),ResearchGroup(DummyIndividual),Professor(DummyIndividual)}
54,72;{AssociateProfessor(DummyIndividual),Publication(DummyIndividual),ResearchGroup(DummyIndividual)}
56,52;{ResearchGroup(DummyIndividual),Professor(DummyIndividual),Publication(DummyIndividual)}
56,61;{ResearchGroup(DummyIndividual),FullProfessor(DummyIndividual),Publication(DummyIndividual)}
