1,00;{GraduateCourse(DummyIndividual),Publication(DummyIndividual)}
1,17;{GraduateCourse(DummyIndividual),Specification(DummyIndividual)}
1,55;{GraduateCourse(DummyIndividual),TechnicalReport(DummyIndividual)}
1,75;{GraduateCourse(DummyIndividual),Article(DummyIndividual)}
2,04;{GraduateCourse(DummyIndividual),Manual(DummyIndividual)}
2,25;{Course(DummyIndividual),Book(DummyIndividual)}
2,54;{Course(DummyIndividual),JournalArticle(DummyIndividual)}
2,64;{Course(DummyIndividual),UnofficialPublication(DummyIndividual)}
2,94;{Software(DummyIndividual),Course(DummyIndividual)}
3,26;{Software(DummyIndividual),GraduateCourse(DummyIndividual)}
4,27;{UnofficialPublication(DummyIndividual),GraduateCourse(DummyIndividual)}
4,67;{TechnicalReport(DummyIndividual),Course(DummyIndividual)}
6,39;{GraduateCourse(DummyIndividual),ConferencePaper(DummyIndividual)}
6,52;{GraduateCourse(DummyIndividual),JournalArticle(DummyIndividual)}
6,52;{GraduateCourse(DummyIndividual),Book(DummyIndividual)}
7,02;{Course(DummyIndividual),Article(DummyIndividual)}
7,02;{Course(DummyIndividual),ConferencePaper(DummyIndividual)}
7,22;{Course(DummyIndividual),Publication(DummyIndividual)}
7,22;{Course(DummyIndividual),Manual(DummyIndividual)}
7,22;{Course(DummyIndividual),Specification(DummyIndividual)}
