0,94;{GraduateCourse(DummyIndividual),Publication(DummyIndividual)}
1,14;{GraduateCourse(DummyIndividual),Specification(DummyIndividual)}
1,41;{GraduateCourse(DummyIndividual),JournalArticle(DummyIndividual)}
1,70;{GraduateCourse(DummyIndividual),TechnicalReport(DummyIndividual)}
1,92;{GraduateCourse(DummyIndividual),Article(DummyIndividual)}
2,12;{GraduateCourse(DummyIndividual),ConferencePaper(DummyIndividual)}
2,42;{Course(DummyIndividual),Book(DummyIndividual)}
2,71;{Course(DummyIndividual),UnofficialPublication(DummyIndividual)}
3,03;{Software(DummyIndividual),Course(DummyIndividual)}
3,34;{Manual(DummyIndividual),GraduateCourse(DummyIndividual)}
4,54;{Article(DummyIndividual),Course(DummyIndividual)}
5,05;{ConferencePaper(DummyIndividual),Course(DummyIndividual)}
5,42;{UnofficialPublication(DummyIndividual),GraduateCourse(DummyIndividual)}
6,01;{TechnicalReport(DummyIndividual),Course(DummyIndividual)}
8,25;{GraduateCourse(DummyIndividual),Book(DummyIndividual)}
8,35;{GraduateCourse(DummyIndividual),Software(DummyIndividual)}
8,66;{JournalArticle(DummyIndividual),Course(DummyIndividual)}
9,06;{Course(DummyIndividual),Publication(DummyIndividual)}
9,06;{Course(DummyIndividual),Manual(DummyIndividual)}
9,17;{Course(DummyIndividual),Specification(DummyIndividual)}
