0,85;{AssociateProfessor(DummyIndividual),TechnicalReport(DummyIndividual)}
1,35;{Person(DummyIndividual),JournalArticle(DummyIndividual)}
1,79;{PostDoc(DummyIndividual),Article(DummyIndividual)}
2,24;{ConferencePaper(DummyIndividual),ClericalStaff(DummyIndividual)}
2,30;{ConferencePaper(DummyIndividual),UndergraduateStudent(DummyIndividual)}
2,45;{Dean(DummyIndividual),ConferencePaper(DummyIndividual)}
2,55;{Article(DummyIndividual),Employee(DummyIndividual)}
2,65;{Article(DummyIndividual),Director(DummyIndividual)}
2,65;{Article(DummyIndividual),Person(DummyIndividual)}
2,65;{Article(DummyIndividual),Student(DummyIndividual)}
5,42;{Article(DummyIndividual),AdministrativeStaff(DummyIndividual)}
5,42;{Article(DummyIndividual),AssistantProfessor(DummyIndividual)}
5,42;{Article(DummyIndividual),UndergraduateStudent(DummyIndividual)}
5,42;{Article(DummyIndividual),Chair(DummyIndividual)}
5,42;{Article(DummyIndividual),ClericalStaff(DummyIndividual)}
5,53;{Article(DummyIndividual),SystemsStaff(DummyIndividual)}
5,53;{Article(DummyIndividual),ResearchAssistant(DummyIndividual)}
5,53;{Article(DummyIndividual),Faculty(DummyIndividual)}
5,63;{Article(DummyIndividual),Lecturer(DummyIndividual)}
5,74;{Article(DummyIndividual),TeachingAssistant(DummyIndividual)}
5,74;{Article(DummyIndividual),Dean(DummyIndividual)}
5,74;{Article(DummyIndividual),GraduateStudent(DummyIndividual)}
5,74;{Article(DummyIndividual),Professor(DummyIndividual)}
5,74;{Article(DummyIndividual),FullProfessor(DummyIndividual)}
5,74;{Article(DummyIndividual),VisitingProfessor(DummyIndividual)}
5,84;{Article(DummyIndividual),AssociateProfessor(DummyIndividual)}
5,84;{ConferencePaper(DummyIndividual),Employee(DummyIndividual)}
5,84;{ConferencePaper(DummyIndividual),Director(DummyIndividual)}
5,84;{ConferencePaper(DummyIndividual),Person(DummyIndividual)}
5,94;{ConferencePaper(DummyIndividual),Student(DummyIndividual)}
5,94;{ConferencePaper(DummyIndividual),AdministrativeStaff(DummyIndividual)}
5,94;{ConferencePaper(DummyIndividual),AssistantProfessor(DummyIndividual)}
5,94;{ConferencePaper(DummyIndividual),Chair(DummyIndividual)}
6,04;{ConferencePaper(DummyIndividual),SystemsStaff(DummyIndividual)}
6,04;{ConferencePaper(DummyIndividual),ResearchAssistant(DummyIndividual)}
6,04;{ConferencePaper(DummyIndividual),PostDoc(DummyIndividual)}
6,04;{ConferencePaper(DummyIndividual),Faculty(DummyIndividual)}
6,14;{ConferencePaper(DummyIndividual),Lecturer(DummyIndividual)}
6,26;{ConferencePaper(DummyIndividual),TeachingAssistant(DummyIndividual)}
6,26;{ConferencePaper(DummyIndividual),GraduateStudent(DummyIndividual)}
6,26;{ConferencePaper(DummyIndividual),Professor(DummyIndividual)}
6,26;{ConferencePaper(DummyIndividual),FullProfessor(DummyIndividual)}
6,26;{ConferencePaper(DummyIndividual),VisitingProfessor(DummyIndividual)}
6,36;{ConferencePaper(DummyIndividual),AssociateProfessor(DummyIndividual)}
7,14;{UndergraduateStudent(DummyIndividual),TechnicalReport(DummyIndividual)}
7,24;{UndergraduateStudent(DummyIndividual),JournalArticle(DummyIndividual)}
7,57;{TechnicalReport(DummyIndividual),Employee(DummyIndividual)}
7,57;{TechnicalReport(DummyIndividual),Director(DummyIndividual)}
7,57;{TechnicalReport(DummyIndividual),Person(DummyIndividual)}
7,57;{TechnicalReport(DummyIndividual),Student(DummyIndividual)}
7,68;{TechnicalReport(DummyIndividual),AdministrativeStaff(DummyIndividual)}
7,68;{TechnicalReport(DummyIndividual),AssistantProfessor(DummyIndividual)}
7,68;{TechnicalReport(DummyIndividual),Chair(DummyIndividual)}
7,68;{TechnicalReport(DummyIndividual),ClericalStaff(DummyIndividual)}
7,68;{TechnicalReport(DummyIndividual),SystemsStaff(DummyIndividual)}
7,68;{TechnicalReport(DummyIndividual),ResearchAssistant(DummyIndividual)}
7,79;{TechnicalReport(DummyIndividual),PostDoc(DummyIndividual)}
7,79;{TechnicalReport(DummyIndividual),Faculty(DummyIndividual)}
7,79;{TechnicalReport(DummyIndividual),Lecturer(DummyIndividual)}
7,87;{TechnicalReport(DummyIndividual),TeachingAssistant(DummyIndividual)}
7,87;{TechnicalReport(DummyIndividual),Dean(DummyIndividual)}
7,98;{TechnicalReport(DummyIndividual),GraduateStudent(DummyIndividual)}
7,98;{TechnicalReport(DummyIndividual),Professor(DummyIndividual)}
7,98;{TechnicalReport(DummyIndividual),FullProfessor(DummyIndividual)}
7,98;{TechnicalReport(DummyIndividual),VisitingProfessor(DummyIndividual)}
8,32;{ClericalStaff(DummyIndividual),JournalArticle(DummyIndividual)}
8,52;{JournalArticle(DummyIndividual),Employee(DummyIndividual)}
8,52;{JournalArticle(DummyIndividual),Director(DummyIndividual)}
8,52;{JournalArticle(DummyIndividual),Student(DummyIndividual)}
8,65;{JournalArticle(DummyIndividual),AdministrativeStaff(DummyIndividual)}
8,65;{JournalArticle(DummyIndividual),AssistantProfessor(DummyIndividual)}
8,65;{JournalArticle(DummyIndividual),Chair(DummyIndividual)}
8,65;{JournalArticle(DummyIndividual),SystemsStaff(DummyIndividual)}
8,65;{JournalArticle(DummyIndividual),ResearchAssistant(DummyIndividual)}
8,78;{JournalArticle(DummyIndividual),PostDoc(DummyIndividual)}
8,78;{JournalArticle(DummyIndividual),Faculty(DummyIndividual)}
8,78;{JournalArticle(DummyIndividual),Lecturer(DummyIndividual)}
8,90;{JournalArticle(DummyIndividual),TeachingAssistant(DummyIndividual)}
8,90;{JournalArticle(DummyIndividual),Dean(DummyIndividual)}
8,90;{JournalArticle(DummyIndividual),GraduateStudent(DummyIndividual)}
8,90;{JournalArticle(DummyIndividual),Professor(DummyIndividual)}
9,00;{JournalArticle(DummyIndividual),FullProfessor(DummyIndividual)}
9,00;{JournalArticle(DummyIndividual),VisitingProfessor(DummyIndividual)}
9,00;{JournalArticle(DummyIndividual),AssociateProfessor(DummyIndividual)}
