1,16;{Student(DummyIndividual),AssociateProfessor(DummyIndividual)}
1,43;{FullProfessor(DummyIndividual),Student(DummyIndividual)}
1,82;{GraduateStudent(DummyIndividual),Employee(DummyIndividual)}
1,82;{GraduateStudent(DummyIndividual),PostDoc(DummyIndividual)}
2,03;{Lecturer(DummyIndividual),GraduateStudent(DummyIndividual)}
2,33;{UndergraduateStudent(DummyIndividual),ClericalStaff(DummyIndividual)}
2,54;{Dean(DummyIndividual),UndergraduateStudent(DummyIndividual)}
2,74;{Student(DummyIndividual),Employee(DummyIndividual)}
2,74;{Student(DummyIndividual),Director(DummyIndividual)}
5,25;{Student(DummyIndividual),AdministrativeStaff(DummyIndividual)}
5,25;{Student(DummyIndividual),AssistantProfessor(DummyIndividual)}
5,36;{Student(DummyIndividual),Chair(DummyIndividual)}
5,36;{Student(DummyIndividual),ClericalStaff(DummyIndividual)}
5,36;{Student(DummyIndividual),SystemsStaff(DummyIndividual)}
5,36;{Student(DummyIndividual),ResearchAssistant(DummyIndividual)}
5,36;{Student(DummyIndividual),PostDoc(DummyIndividual)}
5,47;{Student(DummyIndividual),Lecturer(DummyIndividual)}
5,57;{Student(DummyIndividual),Dean(DummyIndividual)}
5,57;{Student(DummyIndividual),Professor(DummyIndividual)}
5,67;{Student(DummyIndividual),VisitingProfessor(DummyIndividual)}
5,67;{UndergraduateStudent(DummyIndividual),Employee(DummyIndividual)}
5,67;{UndergraduateStudent(DummyIndividual),Director(DummyIndividual)}
5,74;{UndergraduateStudent(DummyIndividual),AdministrativeStaff(DummyIndividual)}
5,74;{UndergraduateStudent(DummyIndividual),AssistantProfessor(DummyIndividual)}
5,83;{UndergraduateStudent(DummyIndividual),Chair(DummyIndividual)}
5,83;{UndergraduateStudent(DummyIndividual),SystemsStaff(DummyIndividual)}
5,83;{UndergraduateStudent(DummyIndividual),ResearchAssistant(DummyIndividual)}
5,83;{UndergraduateStudent(DummyIndividual),PostDoc(DummyIndividual)}
5,94;{UndergraduateStudent(DummyIndividual),Faculty(DummyIndividual)}
5,94;{UndergraduateStudent(DummyIndividual),Lecturer(DummyIndividual)}
6,06;{UndergraduateStudent(DummyIndividual),Professor(DummyIndividual)}
6,06;{UndergraduateStudent(DummyIndividual),FullProfessor(DummyIndividual)}
6,06;{UndergraduateStudent(DummyIndividual),VisitingProfessor(DummyIndividual)}
6,18;{UndergraduateStudent(DummyIndividual),AssociateProfessor(DummyIndividual)}
7,20;{ClericalStaff(DummyIndividual),GraduateStudent(DummyIndividual)}
7,65;{GraduateStudent(DummyIndividual),Director(DummyIndividual)}
7,74;{GraduateStudent(DummyIndividual),AdministrativeStaff(DummyIndividual)}
7,74;{GraduateStudent(DummyIndividual),AssistantProfessor(DummyIndividual)}
7,74;{GraduateStudent(DummyIndividual),Chair(DummyIndividual)}
7,74;{GraduateStudent(DummyIndividual),SystemsStaff(DummyIndividual)}
7,87;{GraduateStudent(DummyIndividual),ResearchAssistant(DummyIndividual)}
7,87;{GraduateStudent(DummyIndividual),Faculty(DummyIndividual)}
7,97;{GraduateStudent(DummyIndividual),Dean(DummyIndividual)}
7,97;{GraduateStudent(DummyIndividual),Professor(DummyIndividual)}
7,97;{GraduateStudent(DummyIndividual),FullProfessor(DummyIndividual)}
7,97;{GraduateStudent(DummyIndividual),VisitingProfessor(DummyIndividual)}
8,11;{GraduateStudent(DummyIndividual),AssociateProfessor(DummyIndividual)}
