0,82;{AdministrativeStaff(DummyIndividual),Research(DummyIndividual)}
1,12;{GraduateCourse(DummyIndividual),Professor(DummyIndividual)}
1,23;{GraduateCourse(DummyIndividual),Chair(DummyIndividual)}
1,53;{GraduateCourse(DummyIndividual),AdministrativeStaff(DummyIndividual)}
1,82;{GraduateCourse(DummyIndividual),Faculty(DummyIndividual)}
2,15;{GraduateCourse(DummyIndividual),Employee(DummyIndividual)}
2,35;{GraduateCourse(DummyIndividual),ResearchAssistant(DummyIndividual)}
2,66;{Course(DummyIndividual),AssistantProfessor(DummyIndividual)}
2,84;{Work(DummyIndividual),SystemsStaff(DummyIndividual)}
3,02;{Work(DummyIndividual),PostDoc(DummyIndividual)}
3,19;{Work(DummyIndividual),Lecturer(DummyIndividual)}
3,46;{AssociateProfessor(DummyIndividual),Work(DummyIndividual)}
3,70;{AssociateProfessor(DummyIndividual),Course(DummyIndividual)}
3,91;{Director(DummyIndividual),GraduateCourse(DummyIndividual)}
5,39;{AssistantProfessor(DummyIndividual),Work(DummyIndividual)}
5,39;{AssistantProfessor(DummyIndividual),GraduateCourse(DummyIndividual)}
5,46;{AssistantProfessor(DummyIndividual),Research(DummyIndividual)}
5,85;{Chair(DummyIndividual),Work(DummyIndividual)}
5,95;{Chair(DummyIndividual),Course(DummyIndividual)}
5,95;{Chair(DummyIndividual),Research(DummyIndividual)}
6,27;{SystemsStaff(DummyIndividual),GraduateCourse(DummyIndividual)}
6,36;{SystemsStaff(DummyIndividual),Course(DummyIndividual)}
6,36;{SystemsStaff(DummyIndividual),Research(DummyIndividual)}
6,67;{ResearchAssistant(DummyIndividual),Work(DummyIndividual)}
6,76;{ResearchAssistant(DummyIndividual),Course(DummyIndividual)}
6,76;{ResearchAssistant(DummyIndividual),Research(DummyIndividual)}
6,87;{Work(DummyIndividual),Employee(DummyIndividual)}
6,87;{Work(DummyIndividual),Director(DummyIndividual)}
9,06;{Work(DummyIndividual),AdministrativeStaff(DummyIndividual)}
9,06;{Work(DummyIndividual),ClericalStaff(DummyIndividual)}
9,15;{Work(DummyIndividual),Faculty(DummyIndividual)}
9,15;{Work(DummyIndividual),Dean(DummyIndividual)}
9,26;{Work(DummyIndividual),Professor(DummyIndividual)}
9,26;{Work(DummyIndividual),FullProfessor(DummyIndividual)}
9,26;{Work(DummyIndividual),VisitingProfessor(DummyIndividual)}
9,37;{GraduateCourse(DummyIndividual),ClericalStaff(DummyIndividual)}
9,37;{GraduateCourse(DummyIndividual),PostDoc(DummyIndividual)}
9,47;{GraduateCourse(DummyIndividual),Lecturer(DummyIndividual)}
9,58;{GraduateCourse(DummyIndividual),Dean(DummyIndividual)}
9,58;{GraduateCourse(DummyIndividual),FullProfessor(DummyIndividual)}
9,58;{GraduateCourse(DummyIndividual),VisitingProfessor(DummyIndividual)}
9,67;{GraduateCourse(DummyIndividual),AssociateProfessor(DummyIndividual)}
9,88;{PostDoc(DummyIndividual),Course(DummyIndividual)}
9,99;{PostDoc(DummyIndividual),Research(DummyIndividual)}
10,44;{Lecturer(DummyIndividual),Course(DummyIndividual)}
10,44;{Lecturer(DummyIndividual),Research(DummyIndividual)}
10,64;{Course(DummyIndividual),Employee(DummyIndividual)}
10,64;{Course(DummyIndividual),Director(DummyIndividual)}
10,64;{Course(DummyIndividual),AdministrativeStaff(DummyIndividual)}
10,74;{Course(DummyIndividual),ClericalStaff(DummyIndividual)}
10,74;{Course(DummyIndividual),Faculty(DummyIndividual)}
10,83;{Course(DummyIndividual),Dean(DummyIndividual)}
10,83;{Course(DummyIndividual),Professor(DummyIndividual)}
10,83;{Course(DummyIndividual),FullProfessor(DummyIndividual)}
10,94;{Course(DummyIndividual),VisitingProfessor(DummyIndividual)}
10,94;{Research(DummyIndividual),Employee(DummyIndividual)}
10,94;{Research(DummyIndividual),Director(DummyIndividual)}
11,04;{Research(DummyIndividual),ClericalStaff(DummyIndividual)}
11,14;{Research(DummyIndividual),Faculty(DummyIndividual)}
11,24;{Research(DummyIndividual),Dean(DummyIndividual)}
11,24;{Research(DummyIndividual),Professor(DummyIndividual)}
11,24;{Research(DummyIndividual),FullProfessor(DummyIndividual)}
11,35;{Research(DummyIndividual),VisitingProfessor(DummyIndividual)}
11,35;{Research(DummyIndividual),AssociateProfessor(DummyIndividual)}
