1,23;{GraduateStudent(DummyIndividual),GraduateCourse(DummyIndividual),AssociateProfessor(DummyIndividual)}
1,66;{GraduateStudent(DummyIndividual),GraduateCourse(DummyIndividual),AssistantProfessor(DummyIndividual)}
2,33;{FullProfessor(DummyIndividual),UndergraduateStudent(DummyIndividual),Course(DummyIndividual)}
2,94;{FullProfessor(DummyIndividual),UndergraduateStudent(DummyIndividual),GraduateCourse(DummyIndividual)}
9,81;{AssistantProfessor(DummyIndividual),Student(DummyIndividual),GraduateCourse(DummyIndividual)}
9,90;{AssistantProfessor(DummyIndividual),Student(DummyIndividual),Course(DummyIndividual)}
10,63;{AssistantProfessor(DummyIndividual),UndergraduateStudent(DummyIndividual),GraduateCourse(DummyIndividual)}
10,63;{AssistantProfessor(DummyIndividual),UndergraduateStudent(DummyIndividual),Course(DummyIndividual)}
12,38;{AssistantProfessor(DummyIndividual),GraduateStudent(DummyIndividual),Course(DummyIndividual)}
16,70;{GraduateCourse(DummyIndividual),Chair(DummyIndividual),Student(DummyIndividual)}
16,82;{GraduateCourse(DummyIndividual),Chair(DummyIndividual),UndergraduateStudent(DummyIndividual)}
17,03;{GraduateCourse(DummyIndividual),Chair(DummyIndividual),GraduateStudent(DummyIndividual)}
18,16;{GraduateCourse(DummyIndividual),Dean(DummyIndividual),Student(DummyIndividual)}
18,16;{GraduateCourse(DummyIndividual),Dean(DummyIndividual),UndergraduateStudent(DummyIndividual)}
18,16;{GraduateCourse(DummyIndividual),Dean(DummyIndividual),GraduateStudent(DummyIndividual)}
18,55;{GraduateCourse(DummyIndividual),GraduateStudent(DummyIndividual),Professor(DummyIndividual)}
18,55;{GraduateCourse(DummyIndividual),GraduateStudent(DummyIndividual),FullProfessor(DummyIndividual)}
18,63;{GraduateCourse(DummyIndividual),GraduateStudent(DummyIndividual),VisitingProfessor(DummyIndividual)}
18,63;{GraduateCourse(DummyIndividual),Professor(DummyIndividual),Student(DummyIndividual)}
18,63;{GraduateCourse(DummyIndividual),Professor(DummyIndividual),UndergraduateStudent(DummyIndividual)}
18,63;{GraduateCourse(DummyIndividual),FullProfessor(DummyIndividual),Student(DummyIndividual)}
18,85;{GraduateCourse(DummyIndividual),VisitingProfessor(DummyIndividual),Student(DummyIndividual)}
18,85;{GraduateCourse(DummyIndividual),VisitingProfessor(DummyIndividual),UndergraduateStudent(DummyIndividual)}
18,95;{GraduateCourse(DummyIndividual),AssociateProfessor(DummyIndividual),Student(DummyIndividual)}
18,95;{GraduateCourse(DummyIndividual),AssociateProfessor(DummyIndividual),UndergraduateStudent(DummyIndividual)}
19,54;{Course(DummyIndividual),Chair(DummyIndividual),Student(DummyIndividual)}
19,64;{Course(DummyIndividual),Chair(DummyIndividual),UndergraduateStudent(DummyIndividual)}
19,95;{Course(DummyIndividual),Chair(DummyIndividual),GraduateStudent(DummyIndividual)}
20,81;{Course(DummyIndividual),Dean(DummyIndividual),Student(DummyIndividual)}
20,81;{Course(DummyIndividual),Dean(DummyIndividual),UndergraduateStudent(DummyIndividual)}
20,81;{Course(DummyIndividual),Dean(DummyIndividual),GraduateStudent(DummyIndividual)}
21,20;{Course(DummyIndividual),GraduateStudent(DummyIndividual),Professor(DummyIndividual)}
21,20;{Course(DummyIndividual),GraduateStudent(DummyIndividual),FullProfessor(DummyIndividual)}
21,20;{Course(DummyIndividual),GraduateStudent(DummyIndividual),VisitingProfessor(DummyIndividual)}
21,29;{Course(DummyIndividual),GraduateStudent(DummyIndividual),AssociateProfessor(DummyIndividual)}
21,29;{Course(DummyIndividual),Professor(DummyIndividual),Student(DummyIndividual)}
21,29;{Course(DummyIndividual),Professor(DummyIndividual),UndergraduateStudent(DummyIndividual)}
21,29;{Course(DummyIndividual),FullProfessor(DummyIndividual),Student(DummyIndividual)}
21,48;{Course(DummyIndividual),VisitingProfessor(DummyIndividual),Student(DummyIndividual)}
21,48;{Course(DummyIndividual),VisitingProfessor(DummyIndividual),UndergraduateStudent(DummyIndividual)}
21,58;{Course(DummyIndividual),AssociateProfessor(DummyIndividual),Student(DummyIndividual)}
21,58;{Course(DummyIndividual),AssociateProfessor(DummyIndividual),UndergraduateStudent(DummyIndividual)}
