1,09;{Organization(DummyIndividual),AdministrativeStaff(DummyIndividual),JournalArticle(DummyIndividual)}
1,45;{ClericalStaff(DummyIndividual),Publication(DummyIndividual),Organization(DummyIndividual)}
1,71;{ClericalStaff(DummyIndividual),Publication(DummyIndividual),Institute(DummyIndividual)}
1,94;{ClericalStaff(DummyIndividual),Publication(DummyIndividual),ResearchGroup(DummyIndividual)}
2,33;{SystemsStaff(DummyIndividual),Book(DummyIndividual),College(DummyIndividual)}
2,63;{SystemsStaff(DummyIndividual),College(DummyIndividual),UnofficialPublication(DummyIndividual)}
2,85;{University(DummyIndividual),Software(DummyIndividual),SystemsStaff(DummyIndividual)}
3,23;{ConferencePaper(DummyIndividual),Department(DummyIndividual),ClericalStaff(DummyIndividual)}
3,70;{ConferencePaper(DummyIndividual),Department(DummyIndividual),AdministrativeStaff(DummyIndividual)}
6,37;{Specification(DummyIndividual),ClericalStaff(DummyIndividual),College(DummyIndividual)}
6,47;{JournalArticle(DummyIndividual),ClericalStaff(DummyIndividual),College(DummyIndividual)}
6,47;{Publication(DummyIndividual),ClericalStaff(DummyIndividual),College(DummyIndividual)}
6,69;{Manual(DummyIndividual),ClericalStaff(DummyIndividual),College(DummyIndividual)}
6,85;{Article(DummyIndividual),ClericalStaff(DummyIndividual),College(DummyIndividual)}
6,90;{Software(DummyIndividual),ClericalStaff(DummyIndividual),College(DummyIndividual)}
7,03;{UnofficialPublication(DummyIndividual),ClericalStaff(DummyIndividual),College(DummyIndividual)}
7,23;{Book(DummyIndividual),ClericalStaff(DummyIndividual),College(DummyIndividual)}
7,54;{TechnicalReport(DummyIndividual),ClericalStaff(DummyIndividual),College(DummyIndividual)}
7,75;{ConferencePaper(DummyIndividual),ClericalStaff(DummyIndividual),College(DummyIndividual)}
8,87;{SystemsStaff(DummyIndividual),Institute(DummyIndividual),ConferencePaper(DummyIndividual)}
9,18;{AdministrativeStaff(DummyIndividual),Institute(DummyIndividual),ConferencePaper(DummyIndividual)}
9,39;{ClericalStaff(DummyIndividual),Institute(DummyIndividual),ConferencePaper(DummyIndividual)}
12,02;{UnofficialPublication(DummyIndividual),AdministrativeStaff(DummyIndividual),Organization(DummyIndividual)}
12,12;{UnofficialPublication(DummyIndividual),AdministrativeStaff(DummyIndividual),College(DummyIndividual)}
12,12;{UnofficialPublication(DummyIndividual),AdministrativeStaff(DummyIndividual),Program(DummyIndividual)}
12,12;{UnofficialPublication(DummyIndividual),AdministrativeStaff(DummyIndividual),Institute(DummyIndividual)}
12,12;{UnofficialPublication(DummyIndividual),AdministrativeStaff(DummyIndividual),University(DummyIndividual)}
12,12;{UnofficialPublication(DummyIndividual),AdministrativeStaff(DummyIndividual),Department(DummyIndividual)}
12,12;{UnofficialPublication(DummyIndividual),AdministrativeStaff(DummyIndividual),ResearchGroup(DummyIndividual)}
12,47;{UnofficialPublication(DummyIndividual),ClericalStaff(DummyIndividual),Organization(DummyIndividual)}
12,47;{UnofficialPublication(DummyIndividual),ClericalStaff(DummyIndividual),Program(DummyIndividual)}
12,57;{UnofficialPublication(DummyIndividual),ClericalStaff(DummyIndividual),Institute(DummyIndividual)}
12,57;{UnofficialPublication(DummyIndividual),ClericalStaff(DummyIndividual),University(DummyIndividual)}
12,57;{UnofficialPublication(DummyIndividual),ClericalStaff(DummyIndividual),Department(DummyIndividual)}
12,57;{UnofficialPublication(DummyIndividual),ClericalStaff(DummyIndividual),ResearchGroup(DummyIndividual)}
12,57;{UnofficialPublication(DummyIndividual),SystemsStaff(DummyIndividual),Organization(DummyIndividual)}
12,57;{UnofficialPublication(DummyIndividual),SystemsStaff(DummyIndividual),Program(DummyIndividual)}
12,57;{UnofficialPublication(DummyIndividual),SystemsStaff(DummyIndividual),Institute(DummyIndividual)}
12,57;{UnofficialPublication(DummyIndividual),SystemsStaff(DummyIndividual),University(DummyIndividual)}
12,57;{UnofficialPublication(DummyIndividual),SystemsStaff(DummyIndividual),Department(DummyIndividual)}
12,68;{UnofficialPublication(DummyIndividual),SystemsStaff(DummyIndividual),ResearchGroup(DummyIndividual)}
15,98;{AdministrativeStaff(DummyIndividual),Organization(DummyIndividual),Article(DummyIndividual)}
15,98;{AdministrativeStaff(DummyIndividual),Organization(DummyIndividual),ConferencePaper(DummyIndividual)}
15,98;{AdministrativeStaff(DummyIndividual),Organization(DummyIndividual),TechnicalReport(DummyIndividual)}
16,08;{AdministrativeStaff(DummyIndividual),Organization(DummyIndividual),Publication(DummyIndividual)}
16,08;{AdministrativeStaff(DummyIndividual),Organization(DummyIndividual),Book(DummyIndividual)}
16,19;{AdministrativeStaff(DummyIndividual),Organization(DummyIndividual),Manual(DummyIndividual)}
16,19;{AdministrativeStaff(DummyIndividual),Organization(DummyIndividual),Specification(DummyIndividual)}
16,19;{AdministrativeStaff(DummyIndividual),Organization(DummyIndividual),Software(DummyIndividual)}
16,19;{AdministrativeStaff(DummyIndividual),College(DummyIndividual),Article(DummyIndividual)}
16,30;{AdministrativeStaff(DummyIndividual),College(DummyIndividual),ConferencePaper(DummyIndividual)}
16,30;{AdministrativeStaff(DummyIndividual),College(DummyIndividual),TechnicalReport(DummyIndividual)}
16,30;{AdministrativeStaff(DummyIndividual),College(DummyIndividual),JournalArticle(DummyIndividual)}
16,40;{AdministrativeStaff(DummyIndividual),College(DummyIndividual),Publication(DummyIndividual)}
16,40;{AdministrativeStaff(DummyIndividual),College(DummyIndividual),Book(DummyIndividual)}
16,50;{AdministrativeStaff(DummyIndividual),College(DummyIndividual),Manual(DummyIndividual)}
16,50;{AdministrativeStaff(DummyIndividual),College(DummyIndividual),Specification(DummyIndividual)}
16,50;{AdministrativeStaff(DummyIndividual),College(DummyIndividual),Software(DummyIndividual)}
16,62;{AdministrativeStaff(DummyIndividual),TechnicalReport(DummyIndividual),Program(DummyIndividual)}
16,62;{AdministrativeStaff(DummyIndividual),TechnicalReport(DummyIndividual),Institute(DummyIndividual)}
16,62;{AdministrativeStaff(DummyIndividual),TechnicalReport(DummyIndividual),University(DummyIndividual)}
16,62;{AdministrativeStaff(DummyIndividual),TechnicalReport(DummyIndividual),Department(DummyIndividual)}
16,62;{AdministrativeStaff(DummyIndividual),TechnicalReport(DummyIndividual),ResearchGroup(DummyIndividual)}
17,03;{AdministrativeStaff(DummyIndividual),Program(DummyIndividual),Article(DummyIndividual)}
17,03;{AdministrativeStaff(DummyIndividual),Program(DummyIndividual),ConferencePaper(DummyIndividual)}
17,14;{AdministrativeStaff(DummyIndividual),Program(DummyIndividual),JournalArticle(DummyIndividual)}
17,14;{AdministrativeStaff(DummyIndividual),Program(DummyIndividual),Publication(DummyIndividual)}
17,14;{AdministrativeStaff(DummyIndividual),Program(DummyIndividual),Book(DummyIndividual)}
17,14;{AdministrativeStaff(DummyIndividual),Program(DummyIndividual),Manual(DummyIndividual)}
17,14;{AdministrativeStaff(DummyIndividual),Program(DummyIndividual),Specification(DummyIndividual)}
17,14;{AdministrativeStaff(DummyIndividual),Program(DummyIndividual),Software(DummyIndividual)}
17,14;{AdministrativeStaff(DummyIndividual),Institute(DummyIndividual),Article(DummyIndividual)}
17,35;{AdministrativeStaff(DummyIndividual),Institute(DummyIndividual),JournalArticle(DummyIndividual)}
17,35;{AdministrativeStaff(DummyIndividual),Institute(DummyIndividual),Publication(DummyIndividual)}
17,35;{AdministrativeStaff(DummyIndividual),Institute(DummyIndividual),Book(DummyIndividual)}
17,44;{AdministrativeStaff(DummyIndividual),Institute(DummyIndividual),Manual(DummyIndividual)}
17,44;{AdministrativeStaff(DummyIndividual),Institute(DummyIndividual),Specification(DummyIndividual)}
17,44;{AdministrativeStaff(DummyIndividual),Institute(DummyIndividual),Software(DummyIndividual)}
17,54;{AdministrativeStaff(DummyIndividual),JournalArticle(DummyIndividual),University(DummyIndividual)}
17,54;{AdministrativeStaff(DummyIndividual),JournalArticle(DummyIndividual),Department(DummyIndividual)}
17,54;{AdministrativeStaff(DummyIndividual),JournalArticle(DummyIndividual),ResearchGroup(DummyIndividual)}
17,54;{AdministrativeStaff(DummyIndividual),University(DummyIndividual),Article(DummyIndividual)}
17,54;{AdministrativeStaff(DummyIndividual),University(DummyIndividual),ConferencePaper(DummyIndividual)}
17,66;{AdministrativeStaff(DummyIndividual),University(DummyIndividual),Publication(DummyIndividual)}
17,66;{AdministrativeStaff(DummyIndividual),University(DummyIndividual),Book(DummyIndividual)}
17,66;{AdministrativeStaff(DummyIndividual),University(DummyIndividual),Manual(DummyIndividual)}
17,66;{AdministrativeStaff(DummyIndividual),University(DummyIndividual),Specification(DummyIndividual)}
17,66;{AdministrativeStaff(DummyIndividual),University(DummyIndividual),Software(DummyIndividual)}
17,86;{AdministrativeStaff(DummyIndividual),Department(DummyIndividual),Article(DummyIndividual)}
17,97;{AdministrativeStaff(DummyIndividual),Department(DummyIndividual),Publication(DummyIndividual)}
17,97;{AdministrativeStaff(DummyIndividual),Department(DummyIndividual),Book(DummyIndividual)}
17,97;{AdministrativeStaff(DummyIndividual),Department(DummyIndividual),Manual(DummyIndividual)}
17,97;{AdministrativeStaff(DummyIndividual),Department(DummyIndividual),Specification(DummyIndividual)}
17,97;{AdministrativeStaff(DummyIndividual),Department(DummyIndividual),Software(DummyIndividual)}
18,08;{AdministrativeStaff(DummyIndividual),Book(DummyIndividual),ResearchGroup(DummyIndividual)}
18,17;{AdministrativeStaff(DummyIndividual),Manual(DummyIndividual),ResearchGroup(DummyIndividual)}
18,17;{AdministrativeStaff(DummyIndividual),Specification(DummyIndividual),ResearchGroup(DummyIndividual)}
18,28;{AdministrativeStaff(DummyIndividual),Software(DummyIndividual),ResearchGroup(DummyIndividual)}
18,28;{AdministrativeStaff(DummyIndividual),ResearchGroup(DummyIndividual),Article(DummyIndividual)}
18,28;{AdministrativeStaff(DummyIndividual),ResearchGroup(DummyIndividual),ConferencePaper(DummyIndividual)}
18,51;{AdministrativeStaff(DummyIndividual),ResearchGroup(DummyIndividual),Publication(DummyIndividual)}
18,60;{ClericalStaff(DummyIndividual),Organization(DummyIndividual),Article(DummyIndividual)}
18,60;{ClericalStaff(DummyIndividual),Organization(DummyIndividual),ConferencePaper(DummyIndividual)}
18,60;{ClericalStaff(DummyIndividual),Organization(DummyIndividual),TechnicalReport(DummyIndividual)}
18,70;{ClericalStaff(DummyIndividual),Organization(DummyIndividual),JournalArticle(DummyIndividual)}
18,70;{ClericalStaff(DummyIndividual),Organization(DummyIndividual),Book(DummyIndividual)}
18,70;{ClericalStaff(DummyIndividual),Organization(DummyIndividual),Manual(DummyIndividual)}
18,70;{ClericalStaff(DummyIndividual),Organization(DummyIndividual),Specification(DummyIndividual)}
18,70;{ClericalStaff(DummyIndividual),Organization(DummyIndividual),Software(DummyIndividual)}
18,81;{ClericalStaff(DummyIndividual),TechnicalReport(DummyIndividual),Program(DummyIndividual)}
18,81;{ClericalStaff(DummyIndividual),TechnicalReport(DummyIndividual),Institute(DummyIndividual)}
18,91;{ClericalStaff(DummyIndividual),TechnicalReport(DummyIndividual),University(DummyIndividual)}
18,91;{ClericalStaff(DummyIndividual),TechnicalReport(DummyIndividual),Department(DummyIndividual)}
18,91;{ClericalStaff(DummyIndividual),TechnicalReport(DummyIndividual),ResearchGroup(DummyIndividual)}
19,33;{ClericalStaff(DummyIndividual),Program(DummyIndividual),Article(DummyIndividual)}
19,33;{ClericalStaff(DummyIndividual),Program(DummyIndividual),ConferencePaper(DummyIndividual)}
19,33;{ClericalStaff(DummyIndividual),Program(DummyIndividual),JournalArticle(DummyIndividual)}
19,44;{ClericalStaff(DummyIndividual),Program(DummyIndividual),Publication(DummyIndividual)}
19,44;{ClericalStaff(DummyIndividual),Program(DummyIndividual),Book(DummyIndividual)}
19,44;{ClericalStaff(DummyIndividual),Program(DummyIndividual),Manual(DummyIndividual)}
19,44;{ClericalStaff(DummyIndividual),Program(DummyIndividual),Specification(DummyIndividual)}
19,44;{ClericalStaff(DummyIndividual),Program(DummyIndividual),Software(DummyIndividual)}
19,44;{ClericalStaff(DummyIndividual),Institute(DummyIndividual),Article(DummyIndividual)}
19,44;{ClericalStaff(DummyIndividual),Institute(DummyIndividual),JournalArticle(DummyIndividual)}
19,44;{ClericalStaff(DummyIndividual),Institute(DummyIndividual),Book(DummyIndividual)}
19,44;{ClericalStaff(DummyIndividual),Institute(DummyIndividual),Manual(DummyIndividual)}
19,44;{ClericalStaff(DummyIndividual),Institute(DummyIndividual),Specification(DummyIndividual)}
19,44;{ClericalStaff(DummyIndividual),Institute(DummyIndividual),Software(DummyIndividual)}
19,56;{ClericalStaff(DummyIndividual),JournalArticle(DummyIndividual),University(DummyIndividual)}
19,56;{ClericalStaff(DummyIndividual),JournalArticle(DummyIndividual),Department(DummyIndividual)}
19,56;{ClericalStaff(DummyIndividual),JournalArticle(DummyIndividual),ResearchGroup(DummyIndividual)}
19,56;{ClericalStaff(DummyIndividual),University(DummyIndividual),Article(DummyIndividual)}
19,56;{ClericalStaff(DummyIndividual),University(DummyIndividual),ConferencePaper(DummyIndividual)}
19,56;{ClericalStaff(DummyIndividual),University(DummyIndividual),Publication(DummyIndividual)}
19,56;{ClericalStaff(DummyIndividual),University(DummyIndividual),Book(DummyIndividual)}
19,56;{ClericalStaff(DummyIndividual),University(DummyIndividual),Manual(DummyIndividual)}
19,56;{ClericalStaff(DummyIndividual),University(DummyIndividual),Specification(DummyIndividual)}
19,66;{ClericalStaff(DummyIndividual),University(DummyIndividual),Software(DummyIndividual)}
19,86;{ClericalStaff(DummyIndividual),Department(DummyIndividual),Article(DummyIndividual)}
19,86;{ClericalStaff(DummyIndividual),Department(DummyIndividual),Publication(DummyIndividual)}
19,86;{ClericalStaff(DummyIndividual),Department(DummyIndividual),Book(DummyIndividual)}
19,86;{ClericalStaff(DummyIndividual),Department(DummyIndividual),Manual(DummyIndividual)}
19,86;{ClericalStaff(DummyIndividual),Department(DummyIndividual),Specification(DummyIndividual)}
19,86;{ClericalStaff(DummyIndividual),Department(DummyIndividual),Software(DummyIndividual)}
19,86;{ClericalStaff(DummyIndividual),Book(DummyIndividual),ResearchGroup(DummyIndividual)}
20,08;{ClericalStaff(DummyIndividual),Manual(DummyIndividual),ResearchGroup(DummyIndividual)}
20,08;{ClericalStaff(DummyIndividual),Specification(DummyIndividual),ResearchGroup(DummyIndividual)}
20,18;{ClericalStaff(DummyIndividual),Software(DummyIndividual),ResearchGroup(DummyIndividual)}
20,29;{ClericalStaff(DummyIndividual),ResearchGroup(DummyIndividual),Article(DummyIndividual)}
20,29;{ClericalStaff(DummyIndividual),ResearchGroup(DummyIndividual),ConferencePaper(DummyIndividual)}
20,29;{SystemsStaff(DummyIndividual),Article(DummyIndividual),Organization(DummyIndividual)}
20,29;{SystemsStaff(DummyIndividual),Article(DummyIndividual),College(DummyIndividual)}
20,29;{SystemsStaff(DummyIndividual),Article(DummyIndividual),Program(DummyIndividual)}
20,29;{SystemsStaff(DummyIndividual),Article(DummyIndividual),Institute(DummyIndividual)}
20,29;{SystemsStaff(DummyIndividual),Article(DummyIndividual),University(DummyIndividual)}
20,29;{SystemsStaff(DummyIndividual),Article(DummyIndividual),Department(DummyIndividual)}
20,29;{SystemsStaff(DummyIndividual),Article(DummyIndividual),ResearchGroup(DummyIndividual)}
20,41;{SystemsStaff(DummyIndividual),Organization(DummyIndividual),ConferencePaper(DummyIndividual)}
20,41;{SystemsStaff(DummyIndividual),Organization(DummyIndividual),TechnicalReport(DummyIndividual)}
20,41;{SystemsStaff(DummyIndividual),Organization(DummyIndividual),JournalArticle(DummyIndividual)}
20,41;{SystemsStaff(DummyIndividual),Organization(DummyIndividual),Publication(DummyIndividual)}
20,41;{SystemsStaff(DummyIndividual),Organization(DummyIndividual),Book(DummyIndividual)}
20,41;{SystemsStaff(DummyIndividual),Organization(DummyIndividual),Manual(DummyIndividual)}
20,41;{SystemsStaff(DummyIndividual),Organization(DummyIndividual),Specification(DummyIndividual)}
20,41;{SystemsStaff(DummyIndividual),Organization(DummyIndividual),Software(DummyIndividual)}
20,51;{SystemsStaff(DummyIndividual),ConferencePaper(DummyIndividual),College(DummyIndividual)}
20,51;{SystemsStaff(DummyIndividual),ConferencePaper(DummyIndividual),Program(DummyIndividual)}
20,51;{SystemsStaff(DummyIndividual),ConferencePaper(DummyIndividual),University(DummyIndividual)}
20,51;{SystemsStaff(DummyIndividual),ConferencePaper(DummyIndividual),Department(DummyIndividual)}
20,51;{SystemsStaff(DummyIndividual),ConferencePaper(DummyIndividual),ResearchGroup(DummyIndividual)}
20,61;{SystemsStaff(DummyIndividual),College(DummyIndividual),TechnicalReport(DummyIndividual)}
20,61;{SystemsStaff(DummyIndividual),College(DummyIndividual),JournalArticle(DummyIndividual)}
20,61;{SystemsStaff(DummyIndividual),College(DummyIndividual),Publication(DummyIndividual)}
20,61;{SystemsStaff(DummyIndividual),College(DummyIndividual),Manual(DummyIndividual)}
20,61;{SystemsStaff(DummyIndividual),College(DummyIndividual),Specification(DummyIndividual)}
20,61;{SystemsStaff(DummyIndividual),College(DummyIndividual),Software(DummyIndividual)}
20,72;{SystemsStaff(DummyIndividual),TechnicalReport(DummyIndividual),Program(DummyIndividual)}
20,72;{SystemsStaff(DummyIndividual),TechnicalReport(DummyIndividual),Institute(DummyIndividual)}
20,72;{SystemsStaff(DummyIndividual),TechnicalReport(DummyIndividual),University(DummyIndividual)}
20,83;{SystemsStaff(DummyIndividual),TechnicalReport(DummyIndividual),Department(DummyIndividual)}
20,83;{SystemsStaff(DummyIndividual),TechnicalReport(DummyIndividual),ResearchGroup(DummyIndividual)}
21,23;{SystemsStaff(DummyIndividual),Program(DummyIndividual),JournalArticle(DummyIndividual)}
21,23;{SystemsStaff(DummyIndividual),Program(DummyIndividual),Publication(DummyIndividual)}
21,33;{SystemsStaff(DummyIndividual),Program(DummyIndividual),Book(DummyIndividual)}
21,33;{SystemsStaff(DummyIndividual),Program(DummyIndividual),Manual(DummyIndividual)}
21,33;{SystemsStaff(DummyIndividual),Program(DummyIndividual),Specification(DummyIndividual)}
21,33;{SystemsStaff(DummyIndividual),Program(DummyIndividual),Software(DummyIndividual)}
21,33;{SystemsStaff(DummyIndividual),Institute(DummyIndividual),JournalArticle(DummyIndividual)}
21,33;{SystemsStaff(DummyIndividual),Institute(DummyIndividual),Publication(DummyIndividual)}
21,33;{SystemsStaff(DummyIndividual),Institute(DummyIndividual),Book(DummyIndividual)}
21,33;{SystemsStaff(DummyIndividual),Institute(DummyIndividual),Manual(DummyIndividual)}
21,33;{SystemsStaff(DummyIndividual),Institute(DummyIndividual),Specification(DummyIndividual)}
21,33;{SystemsStaff(DummyIndividual),Institute(DummyIndividual),Software(DummyIndividual)}
21,55;{SystemsStaff(DummyIndividual),JournalArticle(DummyIndividual),University(DummyIndividual)}
21,55;{SystemsStaff(DummyIndividual),JournalArticle(DummyIndividual),Department(DummyIndividual)}
21,55;{SystemsStaff(DummyIndividual),JournalArticle(DummyIndividual),ResearchGroup(DummyIndividual)}
21,55;{SystemsStaff(DummyIndividual),University(DummyIndividual),Publication(DummyIndividual)}
21,55;{SystemsStaff(DummyIndividual),University(DummyIndividual),Book(DummyIndividual)}
21,55;{SystemsStaff(DummyIndividual),University(DummyIndividual),Manual(DummyIndividual)}
21,55;{SystemsStaff(DummyIndividual),University(DummyIndividual),Specification(DummyIndividual)}
21,76;{SystemsStaff(DummyIndividual),Department(DummyIndividual),Publication(DummyIndividual)}
21,76;{SystemsStaff(DummyIndividual),Department(DummyIndividual),Book(DummyIndividual)}
21,76;{SystemsStaff(DummyIndividual),Department(DummyIndividual),Manual(DummyIndividual)}
21,76;{SystemsStaff(DummyIndividual),Department(DummyIndividual),Specification(DummyIndividual)}
21,76;{SystemsStaff(DummyIndividual),Department(DummyIndividual),Software(DummyIndividual)}
21,87;{SystemsStaff(DummyIndividual),Book(DummyIndividual),ResearchGroup(DummyIndividual)}
22,17;{SystemsStaff(DummyIndividual),Manual(DummyIndividual),ResearchGroup(DummyIndividual)}
22,17;{SystemsStaff(DummyIndividual),Specification(DummyIndividual),ResearchGroup(DummyIndividual)}
22,38;{SystemsStaff(DummyIndividual),ResearchGroup(DummyIndividual),Publication(DummyIndividual)}
22,38;{SystemsStaff(DummyIndividual),ResearchGroup(DummyIndividual),Software(DummyIndividual)}
