1,00;{AdministrativeStaff(DummyIndividual),Institute(DummyIndividual),Student(DummyIndividual)}
1,60;{SystemsStaff(DummyIndividual),University(DummyIndividual),GraduateStudent(DummyIndividual)}
1,96;{SystemsStaff(DummyIndividual),GraduateStudent(DummyIndividual),Program(DummyIndividual)}
2,37;{Department(DummyIndividual),UndergraduateStudent(DummyIndividual),SystemsStaff(DummyIndividual)}
2,77;{Department(DummyIndividual),UndergraduateStudent(DummyIndividual),AdministrativeStaff(DummyIndividual)}
3,08;{Department(DummyIndividual),UndergraduateStudent(DummyIndividual),ClericalStaff(DummyIndividual)}
5,92;{Student(DummyIndividual),SystemsStaff(DummyIndividual),Institute(DummyIndividual)}
6,22;{UndergraduateStudent(DummyIndividual),SystemsStaff(DummyIndividual),Institute(DummyIndividual)}
6,33;{GraduateStudent(DummyIndividual),SystemsStaff(DummyIndividual),Institute(DummyIndividual)}
6,93;{SystemsStaff(DummyIndividual),University(DummyIndividual),UndergraduateStudent(DummyIndividual)}
7,12;{AdministrativeStaff(DummyIndividual),University(DummyIndividual),UndergraduateStudent(DummyIndividual)}
7,43;{ClericalStaff(DummyIndividual),University(DummyIndividual),UndergraduateStudent(DummyIndividual)}
9,71;{AdministrativeStaff(DummyIndividual),Student(DummyIndividual),Organization(DummyIndividual)}
9,71;{AdministrativeStaff(DummyIndividual),Student(DummyIndividual),College(DummyIndividual)}
9,90;{AdministrativeStaff(DummyIndividual),Student(DummyIndividual),Program(DummyIndividual)}
9,90;{AdministrativeStaff(DummyIndividual),Student(DummyIndividual),University(DummyIndividual)}
10,00;{AdministrativeStaff(DummyIndividual),Student(DummyIndividual),Department(DummyIndividual)}
10,10;{AdministrativeStaff(DummyIndividual),Student(DummyIndividual),ResearchGroup(DummyIndividual)}
10,93;{AdministrativeStaff(DummyIndividual),College(DummyIndividual),UndergraduateStudent(DummyIndividual)}
11,04;{AdministrativeStaff(DummyIndividual),College(DummyIndividual),GraduateStudent(DummyIndividual)}
11,47;{AdministrativeStaff(DummyIndividual),UndergraduateStudent(DummyIndividual),Organization(DummyIndividual)}
11,57;{AdministrativeStaff(DummyIndividual),UndergraduateStudent(DummyIndividual),Program(DummyIndividual)}
11,57;{AdministrativeStaff(DummyIndividual),UndergraduateStudent(DummyIndividual),Institute(DummyIndividual)}
11,78;{AdministrativeStaff(DummyIndividual),UndergraduateStudent(DummyIndividual),ResearchGroup(DummyIndividual)}
13,38;{AdministrativeStaff(DummyIndividual),Program(DummyIndividual),GraduateStudent(DummyIndividual)}
13,59;{AdministrativeStaff(DummyIndividual),Institute(DummyIndividual),GraduateStudent(DummyIndividual)}
14,55;{AdministrativeStaff(DummyIndividual),University(DummyIndividual),GraduateStudent(DummyIndividual)}
16,28;{AdministrativeStaff(DummyIndividual),GraduateStudent(DummyIndividual),Organization(DummyIndividual)}
16,37;{AdministrativeStaff(DummyIndividual),GraduateStudent(DummyIndividual),Department(DummyIndividual)}
16,47;{AdministrativeStaff(DummyIndividual),GraduateStudent(DummyIndividual),ResearchGroup(DummyIndividual)}
18,49;{ClericalStaff(DummyIndividual),Student(DummyIndividual),Organization(DummyIndividual)}
18,50;{ClericalStaff(DummyIndividual),Student(DummyIndividual),College(DummyIndividual)}
18,60;{ClericalStaff(DummyIndividual),Student(DummyIndividual),Program(DummyIndividual)}
18,60;{ClericalStaff(DummyIndividual),Student(DummyIndividual),Institute(DummyIndividual)}
18,60;{ClericalStaff(DummyIndividual),Student(DummyIndividual),University(DummyIndividual)}
18,69;{ClericalStaff(DummyIndividual),Student(DummyIndividual),Department(DummyIndividual)}
18,83;{ClericalStaff(DummyIndividual),Student(DummyIndividual),ResearchGroup(DummyIndividual)}
19,23;{ClericalStaff(DummyIndividual),College(DummyIndividual),UndergraduateStudent(DummyIndividual)}
19,23;{ClericalStaff(DummyIndividual),College(DummyIndividual),GraduateStudent(DummyIndividual)}
19,33;{ClericalStaff(DummyIndividual),UndergraduateStudent(DummyIndividual),Organization(DummyIndividual)}
19,41;{ClericalStaff(DummyIndividual),UndergraduateStudent(DummyIndividual),Program(DummyIndividual)}
19,41;{ClericalStaff(DummyIndividual),UndergraduateStudent(DummyIndividual),Institute(DummyIndividual)}
19,51;{ClericalStaff(DummyIndividual),UndergraduateStudent(DummyIndividual),ResearchGroup(DummyIndividual)}
19,90;{ClericalStaff(DummyIndividual),Program(DummyIndividual),GraduateStudent(DummyIndividual)}
20,10;{ClericalStaff(DummyIndividual),Institute(DummyIndividual),GraduateStudent(DummyIndividual)}
20,29;{ClericalStaff(DummyIndividual),University(DummyIndividual),GraduateStudent(DummyIndividual)}
20,49;{ClericalStaff(DummyIndividual),GraduateStudent(DummyIndividual),Organization(DummyIndividual)}
20,59;{ClericalStaff(DummyIndividual),GraduateStudent(DummyIndividual),Department(DummyIndividual)}
20,68;{ClericalStaff(DummyIndividual),GraduateStudent(DummyIndividual),ResearchGroup(DummyIndividual)}
21,23;{SystemsStaff(DummyIndividual),Student(DummyIndividual),Organization(DummyIndividual)}
21,23;{SystemsStaff(DummyIndividual),Student(DummyIndividual),College(DummyIndividual)}
21,33;{SystemsStaff(DummyIndividual),Student(DummyIndividual),Program(DummyIndividual)}
21,33;{SystemsStaff(DummyIndividual),Student(DummyIndividual),University(DummyIndividual)}
21,33;{SystemsStaff(DummyIndividual),Student(DummyIndividual),Department(DummyIndividual)}
21,43;{SystemsStaff(DummyIndividual),Student(DummyIndividual),ResearchGroup(DummyIndividual)}
21,52;{SystemsStaff(DummyIndividual),College(DummyIndividual),UndergraduateStudent(DummyIndividual)}
21,52;{SystemsStaff(DummyIndividual),College(DummyIndividual),GraduateStudent(DummyIndividual)}
21,52;{SystemsStaff(DummyIndividual),UndergraduateStudent(DummyIndividual),Organization(DummyIndividual)}
21,64;{SystemsStaff(DummyIndividual),UndergraduateStudent(DummyIndividual),Program(DummyIndividual)}
21,75;{SystemsStaff(DummyIndividual),UndergraduateStudent(DummyIndividual),ResearchGroup(DummyIndividual)}
22,07;{SystemsStaff(DummyIndividual),GraduateStudent(DummyIndividual),Organization(DummyIndividual)}
22,18;{SystemsStaff(DummyIndividual),GraduateStudent(DummyIndividual),Department(DummyIndividual)}
22,29;{SystemsStaff(DummyIndividual),GraduateStudent(DummyIndividual),ResearchGroup(DummyIndividual)}
