0,94;{AdministrativeStaff(DummyIndividual),Lecturer(DummyIndividual)}
1,48;{ClericalStaff(DummyIndividual),Faculty(DummyIndividual)}
1,81;{ClericalStaff(DummyIndividual),AssistantProfessor(DummyIndividual)}
2,12;{ClericalStaff(DummyIndividual),FullProfessor(DummyIndividual)}
2,50;{SystemsStaff(DummyIndividual),PostDoc(DummyIndividual)}
2,59;{SystemsStaff(DummyIndividual),Professor(DummyIndividual)}
2,97;{AssociateProfessor(DummyIndividual),SystemsStaff(DummyIndividual)}
3,33;{VisitingProfessor(DummyIndividual),AdministrativeStaff(DummyIndividual)}
3,58;{VisitingProfessor(DummyIndividual),ClericalStaff(DummyIndividual)}
3,81;{AdministrativeStaff(DummyIndividual),AssistantProfessor(DummyIndividual)}
5,63;{AdministrativeStaff(DummyIndividual),Chair(DummyIndividual)}
5,67;{AdministrativeStaff(DummyIndividual),PostDoc(DummyIndividual)}
5,77;{AdministrativeStaff(DummyIndividual),Faculty(DummyIndividual)}
5,88;{AdministrativeStaff(DummyIndividual),Dean(DummyIndividual)}
5,94;{AdministrativeStaff(DummyIndividual),Professor(DummyIndividual)}
5,94;{AdministrativeStaff(DummyIndividual),FullProfessor(DummyIndividual)}
5,94;{AdministrativeStaff(DummyIndividual),AssociateProfessor(DummyIndividual)}
7,17;{AssistantProfessor(DummyIndividual),SystemsStaff(DummyIndividual)}
7,61;{ClericalStaff(DummyIndividual),Chair(DummyIndividual)}
7,67;{ClericalStaff(DummyIndividual),PostDoc(DummyIndividual)}
7,67;{ClericalStaff(DummyIndividual),Lecturer(DummyIndividual)}
7,82;{ClericalStaff(DummyIndividual),Dean(DummyIndividual)}
7,82;{ClericalStaff(DummyIndividual),Professor(DummyIndividual)}
7,88;{ClericalStaff(DummyIndividual),AssociateProfessor(DummyIndividual)}
7,97;{SystemsStaff(DummyIndividual),Chair(DummyIndividual)}
8,14;{SystemsStaff(DummyIndividual),Faculty(DummyIndividual)}
8,17;{SystemsStaff(DummyIndividual),Lecturer(DummyIndividual)}
8,25;{SystemsStaff(DummyIndividual),Dean(DummyIndividual)}
8,29;{SystemsStaff(DummyIndividual),FullProfessor(DummyIndividual)}
8,29;{SystemsStaff(DummyIndividual),VisitingProfessor(DummyIndividual)}
