1,19;{FullProfessor(DummyIndividual),Student(DummyIndividual)}
1,59;{GraduateStudent(DummyIndividual),Employee(DummyIndividual)}
1,59;{GraduateStudent(DummyIndividual),PostDoc(DummyIndividual)}
1,81;{Lecturer(DummyIndividual),GraduateStudent(DummyIndividual)}
2,10;{UndergraduateStudent(DummyIndividual),ClericalStaff(DummyIndividual)}
2,32;{Dean(DummyIndividual),UndergraduateStudent(DummyIndividual)}
2,53;{Student(DummyIndividual),Employee(DummyIndividual)}
2,53;{Student(DummyIndividual),Director(DummyIndividual)}
4,70;{Student(DummyIndividual),AdministrativeStaff(DummyIndividual)}
4,81;{Student(DummyIndividual),AssistantProfessor(DummyIndividual)}
4,81;{Student(DummyIndividual),Chair(DummyIndividual)}
4,81;{Student(DummyIndividual),ClericalStaff(DummyIndividual)}
4,81;{Student(DummyIndividual),SystemsStaff(DummyIndividual)}
4,81;{Student(DummyIndividual),ResearchAssistant(DummyIndividual)}
4,81;{Student(DummyIndividual),PostDoc(DummyIndividual)}
4,92;{Student(DummyIndividual),Lecturer(DummyIndividual)}
5,03;{Student(DummyIndividual),Dean(DummyIndividual)}
5,03;{Student(DummyIndividual),Professor(DummyIndividual)}
5,03;{Student(DummyIndividual),VisitingProfessor(DummyIndividual)}
5,03;{Student(DummyIndividual),AssociateProfessor(DummyIndividual)}
5,12;{UndergraduateStudent(DummyIndividual),Employee(DummyIndividual)}
5,12;{UndergraduateStudent(DummyIndividual),Director(DummyIndividual)}
5,12;{UndergraduateStudent(DummyIndividual),AdministrativeStaff(DummyIndividual)}
5,12;{UndergraduateStudent(DummyIndividual),AssistantProfessor(DummyIndividual)}
5,12;{UndergraduateStudent(DummyIndividual),Chair(DummyIndividual)}
5,12;{UndergraduateStudent(DummyIndividual),SystemsStaff(DummyIndividual)}
5,24;{UndergraduateStudent(DummyIndividual),ResearchAssistant(DummyIndividual)}
5,24;{UndergraduateStudent(DummyIndividual),PostDoc(DummyIndividual)}
5,24;{UndergraduateStudent(DummyIndividual),Faculty(DummyIndividual)}
5,24;{UndergraduateStudent(DummyIndividual),Lecturer(DummyIndividual)}
5,34;{UndergraduateStudent(DummyIndividual),Professor(DummyIndividual)}
5,34;{UndergraduateStudent(DummyIndividual),FullProfessor(DummyIndividual)}
5,34;{UndergraduateStudent(DummyIndividual),VisitingProfessor(DummyIndividual)}
5,44;{UndergraduateStudent(DummyIndividual),AssociateProfessor(DummyIndividual)}
6,34;{ClericalStaff(DummyIndividual),GraduateStudent(DummyIndividual)}
6,87;{GraduateStudent(DummyIndividual),Director(DummyIndividual)}
6,87;{GraduateStudent(DummyIndividual),AdministrativeStaff(DummyIndividual)}
6,97;{GraduateStudent(DummyIndividual),AssistantProfessor(DummyIndividual)}
6,97;{GraduateStudent(DummyIndividual),Chair(DummyIndividual)}
6,97;{GraduateStudent(DummyIndividual),SystemsStaff(DummyIndividual)}
6,97;{GraduateStudent(DummyIndividual),ResearchAssistant(DummyIndividual)}
6,97;{GraduateStudent(DummyIndividual),Faculty(DummyIndividual)}
7,09;{GraduateStudent(DummyIndividual),Dean(DummyIndividual)}
7,09;{GraduateStudent(DummyIndividual),Professor(DummyIndividual)}
7,18;{GraduateStudent(DummyIndividual),FullProfessor(DummyIndividual)}
7,18;{GraduateStudent(DummyIndividual),VisitingProfessor(DummyIndividual)}
7,18;{GraduateStudent(DummyIndividual),AssociateProfessor(DummyIndividual)}
