1,17;{JournalArticle(DummyIndividual),GraduateCourse(DummyIndividual),FullProfessor(DummyIndividual)}
1,65;{Course(DummyIndividual),Book(DummyIndividual),AssistantProfessor(DummyIndividual)}
2,12;{Course(DummyIndividual),AssistantProfessor(DummyIndividual),UnofficialPublication(DummyIndividual)}
2,41;{Manual(DummyIndividual),AssociateProfessor(DummyIndividual),Course(DummyIndividual)}
2,80;{Manual(DummyIndividual),AssistantProfessor(DummyIndividual),GraduateCourse(DummyIndividual)}
4,67;{Chair(DummyIndividual),GraduateCourse(DummyIndividual),ConferencePaper(DummyIndividual)}
4,67;{FullProfessor(DummyIndividual),GraduateCourse(DummyIndividual),ConferencePaper(DummyIndividual)}
4,88;{AssistantProfessor(DummyIndividual),GraduateCourse(DummyIndividual),ConferencePaper(DummyIndividual)}
5,08;{AssociateProfessor(DummyIndividual),GraduateCourse(DummyIndividual),ConferencePaper(DummyIndividual)}
5,18;{VisitingProfessor(DummyIndividual),GraduateCourse(DummyIndividual),ConferencePaper(DummyIndividual)}
5,25;{Dean(DummyIndividual),GraduateCourse(DummyIndividual),ConferencePaper(DummyIndividual)}
5,48;{Professor(DummyIndividual),GraduateCourse(DummyIndividual),ConferencePaper(DummyIndividual)}
5,85;{TechnicalReport(DummyIndividual),GraduateCourse(DummyIndividual),Chair(DummyIndividual)}
6,25;{JournalArticle(DummyIndividual),GraduateCourse(DummyIndividual),Chair(DummyIndividual)}
6,25;{Publication(DummyIndividual),GraduateCourse(DummyIndividual),Chair(DummyIndividual)}
6,44;{Specification(DummyIndividual),GraduateCourse(DummyIndividual),Chair(DummyIndividual)}
6,54;{Software(DummyIndividual),GraduateCourse(DummyIndividual),Chair(DummyIndividual)}
6,83;{Article(DummyIndividual),GraduateCourse(DummyIndividual),Chair(DummyIndividual)}
6,94;{UnofficialPublication(DummyIndividual),GraduateCourse(DummyIndividual),Chair(DummyIndividual)}
7,05;{Book(DummyIndividual),GraduateCourse(DummyIndividual),Chair(DummyIndividual)}
7,16;{Manual(DummyIndividual),GraduateCourse(DummyIndividual),Chair(DummyIndividual)}
8,73;{GraduateCourse(DummyIndividual),Book(DummyIndividual),AssociateProfessor(DummyIndividual)}
8,93;{Course(DummyIndividual),Book(DummyIndividual),AssociateProfessor(DummyIndividual)}
9,89;{UnofficialPublication(DummyIndividual),Chair(DummyIndividual),Course(DummyIndividual)}
10,09;{UnofficialPublication(DummyIndividual),GraduateCourse(DummyIndividual),AssistantProfessor(DummyIndividual)}
10,29;{UnofficialPublication(DummyIndividual),GraduateCourse(DummyIndividual),Dean(DummyIndividual)}
10,29;{UnofficialPublication(DummyIndividual),GraduateCourse(DummyIndividual),Professor(DummyIndividual)}
10,29;{UnofficialPublication(DummyIndividual),GraduateCourse(DummyIndividual),FullProfessor(DummyIndividual)}
10,29;{UnofficialPublication(DummyIndividual),GraduateCourse(DummyIndividual),VisitingProfessor(DummyIndividual)}
10,40;{UnofficialPublication(DummyIndividual),GraduateCourse(DummyIndividual),AssociateProfessor(DummyIndividual)}
10,90;{UnofficialPublication(DummyIndividual),Course(DummyIndividual),Dean(DummyIndividual)}
11,00;{UnofficialPublication(DummyIndividual),Course(DummyIndividual),Professor(DummyIndividual)}
11,00;{UnofficialPublication(DummyIndividual),Course(DummyIndividual),FullProfessor(DummyIndividual)}
11,00;{UnofficialPublication(DummyIndividual),Course(DummyIndividual),VisitingProfessor(DummyIndividual)}
11,00;{UnofficialPublication(DummyIndividual),Course(DummyIndividual),AssociateProfessor(DummyIndividual)}
11,95;{GraduateCourse(DummyIndividual),Article(DummyIndividual),AssistantProfessor(DummyIndividual)}
12,15;{GraduateCourse(DummyIndividual),Article(DummyIndividual),Dean(DummyIndividual)}
12,15;{GraduateCourse(DummyIndividual),Article(DummyIndividual),Professor(DummyIndividual)}
12,15;{GraduateCourse(DummyIndividual),Article(DummyIndividual),FullProfessor(DummyIndividual)}
12,25;{GraduateCourse(DummyIndividual),Article(DummyIndividual),VisitingProfessor(DummyIndividual)}
12,25;{GraduateCourse(DummyIndividual),Article(DummyIndividual),AssociateProfessor(DummyIndividual)}
13,45;{GraduateCourse(DummyIndividual),AssistantProfessor(DummyIndividual),TechnicalReport(DummyIndividual)}
13,55;{GraduateCourse(DummyIndividual),AssistantProfessor(DummyIndividual),JournalArticle(DummyIndividual)}
13,55;{GraduateCourse(DummyIndividual),AssistantProfessor(DummyIndividual),Publication(DummyIndividual)}
13,55;{GraduateCourse(DummyIndividual),AssistantProfessor(DummyIndividual),Book(DummyIndividual)}
13,65;{GraduateCourse(DummyIndividual),AssistantProfessor(DummyIndividual),Specification(DummyIndividual)}
13,65;{GraduateCourse(DummyIndividual),AssistantProfessor(DummyIndividual),Software(DummyIndividual)}
13,82;{GraduateCourse(DummyIndividual),TechnicalReport(DummyIndividual),Dean(DummyIndividual)}
13,82;{GraduateCourse(DummyIndividual),TechnicalReport(DummyIndividual),Professor(DummyIndividual)}
13,82;{GraduateCourse(DummyIndividual),TechnicalReport(DummyIndividual),FullProfessor(DummyIndividual)}
13,82;{GraduateCourse(DummyIndividual),TechnicalReport(DummyIndividual),VisitingProfessor(DummyIndividual)}
13,82;{GraduateCourse(DummyIndividual),TechnicalReport(DummyIndividual),AssociateProfessor(DummyIndividual)}
14,92;{GraduateCourse(DummyIndividual),JournalArticle(DummyIndividual),Dean(DummyIndividual)}
14,92;{GraduateCourse(DummyIndividual),JournalArticle(DummyIndividual),Professor(DummyIndividual)}
14,92;{GraduateCourse(DummyIndividual),JournalArticle(DummyIndividual),VisitingProfessor(DummyIndividual)}
14,92;{GraduateCourse(DummyIndividual),JournalArticle(DummyIndividual),AssociateProfessor(DummyIndividual)}
15,45;{GraduateCourse(DummyIndividual),Book(DummyIndividual),Dean(DummyIndividual)}
15,45;{GraduateCourse(DummyIndividual),Book(DummyIndividual),Professor(DummyIndividual)}
15,45;{GraduateCourse(DummyIndividual),Book(DummyIndividual),FullProfessor(DummyIndividual)}
15,55;{GraduateCourse(DummyIndividual),Book(DummyIndividual),VisitingProfessor(DummyIndividual)}
15,66;{GraduateCourse(DummyIndividual),Dean(DummyIndividual),Publication(DummyIndividual)}
15,66;{GraduateCourse(DummyIndividual),Dean(DummyIndividual),Manual(DummyIndividual)}
15,66;{GraduateCourse(DummyIndividual),Dean(DummyIndividual),Specification(DummyIndividual)}
15,66;{GraduateCourse(DummyIndividual),Dean(DummyIndividual),Software(DummyIndividual)}
15,86;{GraduateCourse(DummyIndividual),Professor(DummyIndividual),Publication(DummyIndividual)}
15,86;{GraduateCourse(DummyIndividual),Professor(DummyIndividual),Manual(DummyIndividual)}
15,86;{GraduateCourse(DummyIndividual),Professor(DummyIndividual),Specification(DummyIndividual)}
15,86;{GraduateCourse(DummyIndividual),Professor(DummyIndividual),Software(DummyIndividual)}
15,86;{GraduateCourse(DummyIndividual),FullProfessor(DummyIndividual),Publication(DummyIndividual)}
15,86;{GraduateCourse(DummyIndividual),FullProfessor(DummyIndividual),Manual(DummyIndividual)}
15,86;{GraduateCourse(DummyIndividual),FullProfessor(DummyIndividual),Specification(DummyIndividual)}
15,86;{GraduateCourse(DummyIndividual),FullProfessor(DummyIndividual),Software(DummyIndividual)}
15,96;{GraduateCourse(DummyIndividual),Specification(DummyIndividual),VisitingProfessor(DummyIndividual)}
15,96;{GraduateCourse(DummyIndividual),Specification(DummyIndividual),AssociateProfessor(DummyIndividual)}
15,96;{GraduateCourse(DummyIndividual),VisitingProfessor(DummyIndividual),Publication(DummyIndividual)}
15,96;{GraduateCourse(DummyIndividual),VisitingProfessor(DummyIndividual),Manual(DummyIndividual)}
15,96;{GraduateCourse(DummyIndividual),VisitingProfessor(DummyIndividual),Software(DummyIndividual)}
15,96;{GraduateCourse(DummyIndividual),Software(DummyIndividual),AssociateProfessor(DummyIndividual)}
15,96;{GraduateCourse(DummyIndividual),AssociateProfessor(DummyIndividual),Publication(DummyIndividual)}
15,96;{GraduateCourse(DummyIndividual),AssociateProfessor(DummyIndividual),Manual(DummyIndividual)}
16,17;{Course(DummyIndividual),Article(DummyIndividual),AssistantProfessor(DummyIndividual)}
16,17;{Course(DummyIndividual),Article(DummyIndividual),Chair(DummyIndividual)}
16,17;{Course(DummyIndividual),Article(DummyIndividual),Dean(DummyIndividual)}
16,17;{Course(DummyIndividual),Article(DummyIndividual),Professor(DummyIndividual)}
16,17;{Course(DummyIndividual),Article(DummyIndividual),FullProfessor(DummyIndividual)}
16,17;{Course(DummyIndividual),Article(DummyIndividual),VisitingProfessor(DummyIndividual)}
16,17;{Course(DummyIndividual),Article(DummyIndividual),AssociateProfessor(DummyIndividual)}
16,47;{Course(DummyIndividual),ConferencePaper(DummyIndividual),AssistantProfessor(DummyIndividual)}
16,47;{Course(DummyIndividual),ConferencePaper(DummyIndividual),Chair(DummyIndividual)}
16,47;{Course(DummyIndividual),ConferencePaper(DummyIndividual),Dean(DummyIndividual)}
16,47;{Course(DummyIndividual),ConferencePaper(DummyIndividual),Professor(DummyIndividual)}
16,47;{Course(DummyIndividual),ConferencePaper(DummyIndividual),FullProfessor(DummyIndividual)}
16,47;{Course(DummyIndividual),ConferencePaper(DummyIndividual),VisitingProfessor(DummyIndividual)}
16,47;{Course(DummyIndividual),ConferencePaper(DummyIndividual),AssociateProfessor(DummyIndividual)}
16,67;{Course(DummyIndividual),AssistantProfessor(DummyIndividual),TechnicalReport(DummyIndividual)}
16,67;{Course(DummyIndividual),AssistantProfessor(DummyIndividual),JournalArticle(DummyIndividual)}
16,67;{Course(DummyIndividual),AssistantProfessor(DummyIndividual),Publication(DummyIndividual)}
16,77;{Course(DummyIndividual),AssistantProfessor(DummyIndividual),Manual(DummyIndividual)}
16,77;{Course(DummyIndividual),AssistantProfessor(DummyIndividual),Specification(DummyIndividual)}
16,77;{Course(DummyIndividual),AssistantProfessor(DummyIndividual),Software(DummyIndividual)}
16,86;{Course(DummyIndividual),TechnicalReport(DummyIndividual),Chair(DummyIndividual)}
16,86;{Course(DummyIndividual),TechnicalReport(DummyIndividual),Dean(DummyIndividual)}
16,86;{Course(DummyIndividual),TechnicalReport(DummyIndividual),Professor(DummyIndividual)}
16,86;{Course(DummyIndividual),TechnicalReport(DummyIndividual),FullProfessor(DummyIndividual)}
16,86;{Course(DummyIndividual),TechnicalReport(DummyIndividual),VisitingProfessor(DummyIndividual)}
16,86;{Course(DummyIndividual),TechnicalReport(DummyIndividual),AssociateProfessor(DummyIndividual)}
16,86;{Course(DummyIndividual),Chair(DummyIndividual),JournalArticle(DummyIndividual)}
16,86;{Course(DummyIndividual),Chair(DummyIndividual),Publication(DummyIndividual)}
16,86;{Course(DummyIndividual),Chair(DummyIndividual),Book(DummyIndividual)}
16,86;{Course(DummyIndividual),Chair(DummyIndividual),Manual(DummyIndividual)}
16,97;{Course(DummyIndividual),Chair(DummyIndividual),Specification(DummyIndividual)}
16,97;{Course(DummyIndividual),Chair(DummyIndividual),Software(DummyIndividual)}
17,89;{Course(DummyIndividual),JournalArticle(DummyIndividual),Dean(DummyIndividual)}
17,89;{Course(DummyIndividual),JournalArticle(DummyIndividual),Professor(DummyIndividual)}
17,89;{Course(DummyIndividual),JournalArticle(DummyIndividual),FullProfessor(DummyIndividual)}
17,89;{Course(DummyIndividual),JournalArticle(DummyIndividual),VisitingProfessor(DummyIndividual)}
17,89;{Course(DummyIndividual),JournalArticle(DummyIndividual),AssociateProfessor(DummyIndividual)}
18,19;{Course(DummyIndividual),Book(DummyIndividual),Dean(DummyIndividual)}
18,19;{Course(DummyIndividual),Book(DummyIndividual),Professor(DummyIndividual)}
18,19;{Course(DummyIndividual),Book(DummyIndividual),FullProfessor(DummyIndividual)}
18,19;{Course(DummyIndividual),Book(DummyIndividual),VisitingProfessor(DummyIndividual)}
18,29;{Course(DummyIndividual),Dean(DummyIndividual),Publication(DummyIndividual)}
18,29;{Course(DummyIndividual),Dean(DummyIndividual),Manual(DummyIndividual)}
18,29;{Course(DummyIndividual),Dean(DummyIndividual),Specification(DummyIndividual)}
18,29;{Course(DummyIndividual),Dean(DummyIndividual),Software(DummyIndividual)}
18,39;{Course(DummyIndividual),Professor(DummyIndividual),Publication(DummyIndividual)}
18,39;{Course(DummyIndividual),Professor(DummyIndividual),Manual(DummyIndividual)}
18,39;{Course(DummyIndividual),Professor(DummyIndividual),Specification(DummyIndividual)}
18,39;{Course(DummyIndividual),Professor(DummyIndividual),Software(DummyIndividual)}
18,39;{Course(DummyIndividual),FullProfessor(DummyIndividual),Publication(DummyIndividual)}
18,39;{Course(DummyIndividual),FullProfessor(DummyIndividual),Manual(DummyIndividual)}
18,50;{Course(DummyIndividual),FullProfessor(DummyIndividual),Specification(DummyIndividual)}
18,50;{Course(DummyIndividual),FullProfessor(DummyIndividual),Software(DummyIndividual)}
18,50;{Course(DummyIndividual),Specification(DummyIndividual),VisitingProfessor(DummyIndividual)}
18,50;{Course(DummyIndividual),Specification(DummyIndividual),AssociateProfessor(DummyIndividual)}
18,50;{Course(DummyIndividual),VisitingProfessor(DummyIndividual),Publication(DummyIndividual)}
18,50;{Course(DummyIndividual),VisitingProfessor(DummyIndividual),Manual(DummyIndividual)}
18,50;{Course(DummyIndividual),VisitingProfessor(DummyIndividual),Software(DummyIndividual)}
18,50;{Course(DummyIndividual),Software(DummyIndividual),AssociateProfessor(DummyIndividual)}
18,50;{Course(DummyIndividual),AssociateProfessor(DummyIndividual),Publication(DummyIndividual)}
