0,83;{GraduateStudent(DummyIndividual),Employee(DummyIndividual)}
0,93;{GraduateStudent(DummyIndividual),PostDoc(DummyIndividual)}
1,24;{SystemsStaff(DummyIndividual),GraduateStudent(DummyIndividual)}
1,56;{UndergraduateStudent(DummyIndividual),ClericalStaff(DummyIndividual)}
1,75;{Dean(DummyIndividual),Student(DummyIndividual)}
1,85;{Dean(DummyIndividual),UndergraduateStudent(DummyIndividual)}
2,06;{Student(DummyIndividual),Employee(DummyIndividual)}
4,34;{Student(DummyIndividual),Director(DummyIndividual)}
4,34;{Student(DummyIndividual),AdministrativeStaff(DummyIndividual)}
4,47;{Student(DummyIndividual),AssistantProfessor(DummyIndividual)}
4,47;{Student(DummyIndividual),Chair(DummyIndividual)}
4,47;{Student(DummyIndividual),ClericalStaff(DummyIndividual)}
4,47;{Student(DummyIndividual),SystemsStaff(DummyIndividual)}
4,47;{Student(DummyIndividual),ResearchAssistant(DummyIndividual)}
4,57;{Student(DummyIndividual),PostDoc(DummyIndividual)}
4,57;{Student(DummyIndividual),Faculty(DummyIndividual)}
4,57;{Student(DummyIndividual),Lecturer(DummyIndividual)}
4,66;{Student(DummyIndividual),Professor(DummyIndividual)}
4,66;{Student(DummyIndividual),FullProfessor(DummyIndividual)}
4,77;{Student(DummyIndividual),VisitingProfessor(DummyIndividual)}
4,77;{Student(DummyIndividual),AssociateProfessor(DummyIndividual)}
4,77;{UndergraduateStudent(DummyIndividual),Employee(DummyIndividual)}
4,77;{UndergraduateStudent(DummyIndividual),Director(DummyIndividual)}
4,87;{UndergraduateStudent(DummyIndividual),AdministrativeStaff(DummyIndividual)}
4,87;{UndergraduateStudent(DummyIndividual),AssistantProfessor(DummyIndividual)}
4,87;{UndergraduateStudent(DummyIndividual),Chair(DummyIndividual)}
4,87;{UndergraduateStudent(DummyIndividual),SystemsStaff(DummyIndividual)}
4,87;{UndergraduateStudent(DummyIndividual),ResearchAssistant(DummyIndividual)}
4,99;{UndergraduateStudent(DummyIndividual),PostDoc(DummyIndividual)}
4,99;{UndergraduateStudent(DummyIndividual),Faculty(DummyIndividual)}
4,99;{UndergraduateStudent(DummyIndividual),Lecturer(DummyIndividual)}
5,08;{UndergraduateStudent(DummyIndividual),Professor(DummyIndividual)}
5,08;{UndergraduateStudent(DummyIndividual),FullProfessor(DummyIndividual)}
5,20;{UndergraduateStudent(DummyIndividual),VisitingProfessor(DummyIndividual)}
5,20;{UndergraduateStudent(DummyIndividual),AssociateProfessor(DummyIndividual)}
6,23;{ClericalStaff(DummyIndividual),GraduateStudent(DummyIndividual)}
6,73;{GraduateStudent(DummyIndividual),Director(DummyIndividual)}
6,73;{GraduateStudent(DummyIndividual),AdministrativeStaff(DummyIndividual)}
6,73;{GraduateStudent(DummyIndividual),AssistantProfessor(DummyIndividual)}
6,73;{GraduateStudent(DummyIndividual),Chair(DummyIndividual)}
6,73;{GraduateStudent(DummyIndividual),ResearchAssistant(DummyIndividual)}
6,84;{GraduateStudent(DummyIndividual),Faculty(DummyIndividual)}
6,84;{GraduateStudent(DummyIndividual),Lecturer(DummyIndividual)}
6,84;{GraduateStudent(DummyIndividual),Dean(DummyIndividual)}
6,84;{GraduateStudent(DummyIndividual),Professor(DummyIndividual)}
6,84;{GraduateStudent(DummyIndividual),FullProfessor(DummyIndividual)}
6,96;{GraduateStudent(DummyIndividual),VisitingProfessor(DummyIndividual)}
6,96;{GraduateStudent(DummyIndividual),AssociateProfessor(DummyIndividual)}
