1,47;{AssistantProfessor(DummyIndividual),GraduateStudent(DummyIndividual)}
1,86;{UndergraduateStudent(DummyIndividual),Chair(DummyIndividual)}
2,05;{Dean(DummyIndividual),Student(DummyIndividual)}
2,18;{Dean(DummyIndividual),UndergraduateStudent(DummyIndividual)}
2,36;{Student(DummyIndividual),Employee(DummyIndividual)}
2,46;{Student(DummyIndividual),Director(DummyIndividual)}
5,08;{Student(DummyIndividual),AdministrativeStaff(DummyIndividual)}
5,08;{Student(DummyIndividual),AssistantProfessor(DummyIndividual)}
5,18;{Student(DummyIndividual),Chair(DummyIndividual)}
5,18;{Student(DummyIndividual),ClericalStaff(DummyIndividual)}
5,18;{Student(DummyIndividual),SystemsStaff(DummyIndividual)}
5,18;{Student(DummyIndividual),ResearchAssistant(DummyIndividual)}
5,18;{Student(DummyIndividual),PostDoc(DummyIndividual)}
5,29;{Student(DummyIndividual),Faculty(DummyIndividual)}
5,29;{Student(DummyIndividual),Lecturer(DummyIndividual)}
5,47;{Student(DummyIndividual),Professor(DummyIndividual)}
5,47;{Student(DummyIndividual),FullProfessor(DummyIndividual)}
5,56;{Student(DummyIndividual),VisitingProfessor(DummyIndividual)}
5,56;{Student(DummyIndividual),AssociateProfessor(DummyIndividual)}
5,56;{UndergraduateStudent(DummyIndividual),Employee(DummyIndividual)}
5,65;{UndergraduateStudent(DummyIndividual),Director(DummyIndividual)}
5,65;{UndergraduateStudent(DummyIndividual),AdministrativeStaff(DummyIndividual)}
5,65;{UndergraduateStudent(DummyIndividual),AssistantProfessor(DummyIndividual)}
5,77;{UndergraduateStudent(DummyIndividual),ClericalStaff(DummyIndividual)}
5,77;{UndergraduateStudent(DummyIndividual),SystemsStaff(DummyIndividual)}
5,77;{UndergraduateStudent(DummyIndividual),ResearchAssistant(DummyIndividual)}
5,77;{UndergraduateStudent(DummyIndividual),PostDoc(DummyIndividual)}
5,87;{UndergraduateStudent(DummyIndividual),Faculty(DummyIndividual)}
5,87;{UndergraduateStudent(DummyIndividual),Lecturer(DummyIndividual)}
5,98;{UndergraduateStudent(DummyIndividual),Professor(DummyIndividual)}
6,07;{UndergraduateStudent(DummyIndividual),FullProfessor(DummyIndividual)}
6,07;{UndergraduateStudent(DummyIndividual),VisitingProfessor(DummyIndividual)}
6,07;{UndergraduateStudent(DummyIndividual),AssociateProfessor(DummyIndividual)}
7,35;{Chair(DummyIndividual),GraduateStudent(DummyIndividual)}
7,98;{GraduateStudent(DummyIndividual),Employee(DummyIndividual)}
7,98;{GraduateStudent(DummyIndividual),Director(DummyIndividual)}
7,98;{GraduateStudent(DummyIndividual),AdministrativeStaff(DummyIndividual)}
8,09;{GraduateStudent(DummyIndividual),ClericalStaff(DummyIndividual)}
8,09;{GraduateStudent(DummyIndividual),SystemsStaff(DummyIndividual)}
8,09;{GraduateStudent(DummyIndividual),ResearchAssistant(DummyIndividual)}
8,19;{GraduateStudent(DummyIndividual),Faculty(DummyIndividual)}
8,19;{GraduateStudent(DummyIndividual),Lecturer(DummyIndividual)}
8,27;{GraduateStudent(DummyIndividual),Dean(DummyIndividual)}
8,27;{GraduateStudent(DummyIndividual),Professor(DummyIndividual)}
8,27;{GraduateStudent(DummyIndividual),FullProfessor(DummyIndividual)}
8,27;{GraduateStudent(DummyIndividual),VisitingProfessor(DummyIndividual)}
8,27;{GraduateStudent(DummyIndividual),AssociateProfessor(DummyIndividual)}
