1,25;{Research(DummyIndividual),AdministrativeStaff(DummyIndividual),TechnicalReport(DummyIndividual)}
1,76;{Research(DummyIndividual),AdministrativeStaff(DummyIndividual),ConferencePaper(DummyIndividual)}
2,30;{SystemsStaff(DummyIndividual),Course(DummyIndividual),Article(DummyIndividual)}
2,70;{JournalArticle(DummyIndividual),ClericalStaff(DummyIndividual),Course(DummyIndividual)}
3,04;{JournalArticle(DummyIndividual),ClericalStaff(DummyIndividual),Work(DummyIndividual)}
3,48;{JournalArticle(DummyIndividual),SystemsStaff(DummyIndividual),Research(DummyIndividual)}
3,88;{JournalArticle(DummyIndividual),SystemsStaff(DummyIndividual),GraduateCourse(DummyIndividual)}
10,57;{ConferencePaper(DummyIndividual),ClericalStaff(DummyIndividual),Work(DummyIndividual)}
10,57;{ConferencePaper(DummyIndividual),ClericalStaff(DummyIndividual),GraduateCourse(DummyIndividual)}
10,57;{ConferencePaper(DummyIndividual),ClericalStaff(DummyIndividual),Course(DummyIndividual)}
10,57;{ConferencePaper(DummyIndividual),ClericalStaff(DummyIndividual),Research(DummyIndividual)}
10,66;{ConferencePaper(DummyIndividual),SystemsStaff(DummyIndividual),Work(DummyIndividual)}
10,66;{ConferencePaper(DummyIndividual),SystemsStaff(DummyIndividual),GraduateCourse(DummyIndividual)}
10,66;{ConferencePaper(DummyIndividual),SystemsStaff(DummyIndividual),Course(DummyIndividual)}
10,66;{ConferencePaper(DummyIndividual),SystemsStaff(DummyIndividual),Research(DummyIndividual)}
10,75;{ConferencePaper(DummyIndividual),Work(DummyIndividual),AdministrativeStaff(DummyIndividual)}
10,96;{ConferencePaper(DummyIndividual),GraduateCourse(DummyIndividual),AdministrativeStaff(DummyIndividual)}
11,43;{ConferencePaper(DummyIndividual),Course(DummyIndividual),AdministrativeStaff(DummyIndividual)}
13,95;{TechnicalReport(DummyIndividual),ClericalStaff(DummyIndividual),Work(DummyIndividual)}
13,95;{TechnicalReport(DummyIndividual),ClericalStaff(DummyIndividual),GraduateCourse(DummyIndividual)}
13,95;{TechnicalReport(DummyIndividual),ClericalStaff(DummyIndividual),Course(DummyIndividual)}
13,95;{TechnicalReport(DummyIndividual),ClericalStaff(DummyIndividual),Research(DummyIndividual)}
14,00;{TechnicalReport(DummyIndividual),SystemsStaff(DummyIndividual),Work(DummyIndividual)}
14,00;{TechnicalReport(DummyIndividual),SystemsStaff(DummyIndividual),GraduateCourse(DummyIndividual)}
14,00;{TechnicalReport(DummyIndividual),SystemsStaff(DummyIndividual),Course(DummyIndividual)}
14,00;{TechnicalReport(DummyIndividual),SystemsStaff(DummyIndividual),Research(DummyIndividual)}
14,08;{TechnicalReport(DummyIndividual),Work(DummyIndividual),AdministrativeStaff(DummyIndividual)}
14,29;{TechnicalReport(DummyIndividual),GraduateCourse(DummyIndividual),AdministrativeStaff(DummyIndividual)}
14,72;{TechnicalReport(DummyIndividual),Course(DummyIndividual),AdministrativeStaff(DummyIndividual)}
15,85;{Work(DummyIndividual),Article(DummyIndividual),AdministrativeStaff(DummyIndividual)}
15,85;{Work(DummyIndividual),Article(DummyIndividual),ClericalStaff(DummyIndividual)}
15,85;{Work(DummyIndividual),Article(DummyIndividual),SystemsStaff(DummyIndividual)}
20,40;{Work(DummyIndividual),JournalArticle(DummyIndividual),AdministrativeStaff(DummyIndividual)}
20,40;{Work(DummyIndividual),JournalArticle(DummyIndividual),SystemsStaff(DummyIndividual)}
21,79;{GraduateCourse(DummyIndividual),Article(DummyIndividual),AdministrativeStaff(DummyIndividual)}
21,79;{GraduateCourse(DummyIndividual),Article(DummyIndividual),ClericalStaff(DummyIndividual)}
21,79;{GraduateCourse(DummyIndividual),Article(DummyIndividual),SystemsStaff(DummyIndividual)}
22,38;{GraduateCourse(DummyIndividual),ClericalStaff(DummyIndividual),JournalArticle(DummyIndividual)}
22,83;{GraduateCourse(DummyIndividual),JournalArticle(DummyIndividual),AdministrativeStaff(DummyIndividual)}
23,60;{Course(DummyIndividual),Article(DummyIndividual),AdministrativeStaff(DummyIndividual)}
23,70;{Course(DummyIndividual),Article(DummyIndividual),ClericalStaff(DummyIndividual)}
24,70;{Course(DummyIndividual),JournalArticle(DummyIndividual),AdministrativeStaff(DummyIndividual)}
24,77;{Course(DummyIndividual),JournalArticle(DummyIndividual),SystemsStaff(DummyIndividual)}
25,56;{Research(DummyIndividual),Article(DummyIndividual),AdministrativeStaff(DummyIndividual)}
25,56;{Research(DummyIndividual),Article(DummyIndividual),ClericalStaff(DummyIndividual)}
25,56;{Research(DummyIndividual),Article(DummyIndividual),SystemsStaff(DummyIndividual)}
26,16;{Research(DummyIndividual),ClericalStaff(DummyIndividual),JournalArticle(DummyIndividual)}
26,59;{Research(DummyIndividual),JournalArticle(DummyIndividual),AdministrativeStaff(DummyIndividual)}
