1,02;{GraduateStudent(DummyIndividual),PostDoc(DummyIndividual)}
1,53;{SystemsStaff(DummyIndividual),GraduateStudent(DummyIndividual)}
1,94;{UndergraduateStudent(DummyIndividual),ClericalStaff(DummyIndividual)}
2,22;{Dean(DummyIndividual),Student(DummyIndividual)}
2,30;{Dean(DummyIndividual),UndergraduateStudent(DummyIndividual)}
2,56;{Student(DummyIndividual),Employee(DummyIndividual)}
5,31;{Student(DummyIndividual),Director(DummyIndividual)}
5,42;{Student(DummyIndividual),AdministrativeStaff(DummyIndividual)}
5,42;{Student(DummyIndividual),AssistantProfessor(DummyIndividual)}
5,53;{Student(DummyIndividual),Chair(DummyIndividual)}
5,53;{Student(DummyIndividual),ClericalStaff(DummyIndividual)}
5,53;{Student(DummyIndividual),SystemsStaff(DummyIndividual)}
5,53;{Student(DummyIndividual),ResearchAssistant(DummyIndividual)}
5,64;{Student(DummyIndividual),PostDoc(DummyIndividual)}
5,64;{Student(DummyIndividual),Faculty(DummyIndividual)}
5,64;{Student(DummyIndividual),Lecturer(DummyIndividual)}
5,84;{Student(DummyIndividual),Professor(DummyIndividual)}
5,84;{Student(DummyIndividual),FullProfessor(DummyIndividual)}
5,92;{Student(DummyIndividual),VisitingProfessor(DummyIndividual)}
5,95;{Student(DummyIndividual),AssociateProfessor(DummyIndividual)}
5,95;{UndergraduateStudent(DummyIndividual),Employee(DummyIndividual)}
5,95;{UndergraduateStudent(DummyIndividual),Director(DummyIndividual)}
6,06;{UndergraduateStudent(DummyIndividual),AdministrativeStaff(DummyIndividual)}
6,06;{UndergraduateStudent(DummyIndividual),AssistantProfessor(DummyIndividual)}
6,06;{UndergraduateStudent(DummyIndividual),Chair(DummyIndividual)}
6,18;{UndergraduateStudent(DummyIndividual),SystemsStaff(DummyIndividual)}
6,18;{UndergraduateStudent(DummyIndividual),ResearchAssistant(DummyIndividual)}
6,25;{UndergraduateStudent(DummyIndividual),PostDoc(DummyIndividual)}
6,25;{UndergraduateStudent(DummyIndividual),Faculty(DummyIndividual)}
6,25;{UndergraduateStudent(DummyIndividual),Lecturer(DummyIndividual)}
6,41;{UndergraduateStudent(DummyIndividual),Professor(DummyIndividual)}
6,49;{UndergraduateStudent(DummyIndividual),FullProfessor(DummyIndividual)}
6,49;{UndergraduateStudent(DummyIndividual),VisitingProfessor(DummyIndividual)}
6,59;{UndergraduateStudent(DummyIndividual),AssociateProfessor(DummyIndividual)}
7,78;{ClericalStaff(DummyIndividual),GraduateStudent(DummyIndividual)}
8,47;{GraduateStudent(DummyIndividual),Director(DummyIndividual)}
8,58;{GraduateStudent(DummyIndividual),AdministrativeStaff(DummyIndividual)}
8,58;{GraduateStudent(DummyIndividual),AssistantProfessor(DummyIndividual)}
8,58;{GraduateStudent(DummyIndividual),Chair(DummyIndividual)}
8,65;{GraduateStudent(DummyIndividual),ResearchAssistant(DummyIndividual)}
8,65;{GraduateStudent(DummyIndividual),Faculty(DummyIndividual)}
8,65;{GraduateStudent(DummyIndividual),Lecturer(DummyIndividual)}
8,74;{GraduateStudent(DummyIndividual),Dean(DummyIndividual)}
8,74;{GraduateStudent(DummyIndividual),Professor(DummyIndividual)}
8,85;{GraduateStudent(DummyIndividual),FullProfessor(DummyIndividual)}
8,85;{GraduateStudent(DummyIndividual),VisitingProfessor(DummyIndividual)}
8,85;{GraduateStudent(DummyIndividual),AssociateProfessor(DummyIndividual)}
