0,97;{AdministrativeStaff(DummyIndividual),Lecturer(DummyIndividual)}
1,48;{Chair(DummyIndividual),AdministrativeStaff(DummyIndividual)}
2,02;{SystemsStaff(DummyIndividual),AssistantProfessor(DummyIndividual)}
2,37;{SystemsStaff(DummyIndividual),PostDoc(DummyIndividual)}
2,61;{SystemsStaff(DummyIndividual),Professor(DummyIndividual)}
2,94;{Dean(DummyIndividual),ClericalStaff(DummyIndividual)}
3,35;{Dean(DummyIndividual),SystemsStaff(DummyIndividual)}
6,56;{AdministrativeStaff(DummyIndividual),AssistantProfessor(DummyIndividual)}
6,63;{AdministrativeStaff(DummyIndividual),PostDoc(DummyIndividual)}
6,88;{AdministrativeStaff(DummyIndividual),Dean(DummyIndividual)}
6,99;{AdministrativeStaff(DummyIndividual),Professor(DummyIndividual)}
7,06;{AdministrativeStaff(DummyIndividual),FullProfessor(DummyIndividual)}
7,13;{AdministrativeStaff(DummyIndividual),VisitingProfessor(DummyIndividual)}
7,21;{AdministrativeStaff(DummyIndividual),AssociateProfessor(DummyIndividual)}
8,22;{AssistantProfessor(DummyIndividual),ClericalStaff(DummyIndividual)}
8,73;{ClericalStaff(DummyIndividual),Chair(DummyIndividual)}
8,82;{ClericalStaff(DummyIndividual),PostDoc(DummyIndividual)}
8,92;{ClericalStaff(DummyIndividual),Faculty(DummyIndividual)}
8,92;{ClericalStaff(DummyIndividual),Lecturer(DummyIndividual)}
9,13;{ClericalStaff(DummyIndividual),Professor(DummyIndividual)}
9,13;{ClericalStaff(DummyIndividual),FullProfessor(DummyIndividual)}
9,24;{ClericalStaff(DummyIndividual),VisitingProfessor(DummyIndividual)}
9,33;{ClericalStaff(DummyIndividual),AssociateProfessor(DummyIndividual)}
9,45;{SystemsStaff(DummyIndividual),Chair(DummyIndividual)}
9,60;{SystemsStaff(DummyIndividual),Faculty(DummyIndividual)}
9,60;{SystemsStaff(DummyIndividual),Lecturer(DummyIndividual)}
9,77;{SystemsStaff(DummyIndividual),FullProfessor(DummyIndividual)}
9,87;{SystemsStaff(DummyIndividual),VisitingProfessor(DummyIndividual)}
9,95;{SystemsStaff(DummyIndividual),AssociateProfessor(DummyIndividual)}
