1,63;{AdministrativeStaff(DummyIndividual),AssistantProfessor(DummyIndividual)}
2,16;{AdministrativeStaff(DummyIndividual),FullProfessor(DummyIndividual)}
2,58;{SystemsStaff(DummyIndividual),PostDoc(DummyIndividual)}
2,85;{SystemsStaff(DummyIndividual),Professor(DummyIndividual)}
3,05;{SystemsStaff(DummyIndividual),Lecturer(DummyIndividual)}
3,46;{AssociateProfessor(DummyIndividual),SystemsStaff(DummyIndividual)}
3,81;{Chair(DummyIndividual),ClericalStaff(DummyIndividual)}
4,14;{Chair(DummyIndividual),AdministrativeStaff(DummyIndividual)}
4,50;{AdministrativeStaff(DummyIndividual),PostDoc(DummyIndividual)}
4,60;{AdministrativeStaff(DummyIndividual),Lecturer(DummyIndividual)}
4,78;{AdministrativeStaff(DummyIndividual),Dean(DummyIndividual)}
4,86;{AdministrativeStaff(DummyIndividual),Professor(DummyIndividual)}
6,92;{AdministrativeStaff(DummyIndividual),VisitingProfessor(DummyIndividual)}
7,00;{AdministrativeStaff(DummyIndividual),AssociateProfessor(DummyIndividual)}
8,34;{AssistantProfessor(DummyIndividual),ClericalStaff(DummyIndividual)}
8,41;{AssistantProfessor(DummyIndividual),SystemsStaff(DummyIndividual)}
8,88;{ClericalStaff(DummyIndividual),PostDoc(DummyIndividual)}
8,96;{ClericalStaff(DummyIndividual),Faculty(DummyIndividual)}
9,04;{ClericalStaff(DummyIndividual),Lecturer(DummyIndividual)}
9,16;{ClericalStaff(DummyIndividual),Dean(DummyIndividual)}
9,23;{ClericalStaff(DummyIndividual),Professor(DummyIndividual)}
9,23;{ClericalStaff(DummyIndividual),FullProfessor(DummyIndividual)}
9,40;{ClericalStaff(DummyIndividual),VisitingProfessor(DummyIndividual)}
9,40;{ClericalStaff(DummyIndividual),AssociateProfessor(DummyIndividual)}
9,63;{SystemsStaff(DummyIndividual),Chair(DummyIndividual)}
9,76;{SystemsStaff(DummyIndividual),Faculty(DummyIndividual)}
9,89;{SystemsStaff(DummyIndividual),Dean(DummyIndividual)}
9,89;{SystemsStaff(DummyIndividual),FullProfessor(DummyIndividual)}
10,00;{SystemsStaff(DummyIndividual),VisitingProfessor(DummyIndividual)}
