0,98;{Professor(DummyIndividual),ClericalStaff(DummyIndividual)}
1,45;{Professor(DummyIndividual),AdministrativeStaff(DummyIndividual)}
2,07;{SystemsStaff(DummyIndividual),AssistantProfessor(DummyIndividual)}
2,46;{SystemsStaff(DummyIndividual),PostDoc(DummyIndividual)}
2,77;{SystemsStaff(DummyIndividual),Lecturer(DummyIndividual)}
3,32;{AssociateProfessor(DummyIndividual),SystemsStaff(DummyIndividual)}
7,40;{AdministrativeStaff(DummyIndividual),AssistantProfessor(DummyIndividual)}
7,47;{AdministrativeStaff(DummyIndividual),Chair(DummyIndividual)}
7,67;{AdministrativeStaff(DummyIndividual),PostDoc(DummyIndividual)}
7,81;{AdministrativeStaff(DummyIndividual),Lecturer(DummyIndividual)}
7,98;{AdministrativeStaff(DummyIndividual),Dean(DummyIndividual)}
8,06;{AdministrativeStaff(DummyIndividual),FullProfessor(DummyIndividual)}
8,18;{AdministrativeStaff(DummyIndividual),VisitingProfessor(DummyIndividual)}
8,27;{AdministrativeStaff(DummyIndividual),AssociateProfessor(DummyIndividual)}
9,64;{AssistantProfessor(DummyIndividual),ClericalStaff(DummyIndividual)}
10,24;{ClericalStaff(DummyIndividual),Chair(DummyIndividual)}
10,34;{ClericalStaff(DummyIndividual),PostDoc(DummyIndividual)}
10,34;{ClericalStaff(DummyIndividual),Faculty(DummyIndividual)}
10,46;{ClericalStaff(DummyIndividual),Lecturer(DummyIndividual)}
10,66;{ClericalStaff(DummyIndividual),Dean(DummyIndividual)}
10,66;{ClericalStaff(DummyIndividual),FullProfessor(DummyIndividual)}
10,75;{ClericalStaff(DummyIndividual),VisitingProfessor(DummyIndividual)}
10,85;{ClericalStaff(DummyIndividual),AssociateProfessor(DummyIndividual)}
11,04;{SystemsStaff(DummyIndividual),Chair(DummyIndividual)}
11,25;{SystemsStaff(DummyIndividual),Faculty(DummyIndividual)}
11,34;{SystemsStaff(DummyIndividual),Dean(DummyIndividual)}
11,44;{SystemsStaff(DummyIndividual),Professor(DummyIndividual)}
11,55;{SystemsStaff(DummyIndividual),FullProfessor(DummyIndividual)}
11,55;{SystemsStaff(DummyIndividual),VisitingProfessor(DummyIndividual)}
