2,19;{DummyClass(DummyIndividual)}
0,95;{Course(DummyIndividual),Book(DummyIndividual),Professor(DummyIndividual)}
1,35;{Course(DummyIndividual),Professor(DummyIndividual),UnofficialPublication(DummyIndividual)}
1,66;{Work(DummyIndividual),UnofficialPublication(DummyIndividual),Dean(DummyIndividual)}
2,02;{Work(DummyIndividual),UnofficialPublication(DummyIndividual),VisitingProfessor(DummyIndividual)}
2,55;{GraduateCourse(DummyIndividual),Chair(DummyIndividual),Publication(DummyIndividual)}
2,86;{JournalArticle(DummyIndividual),Research(DummyIndividual),AssociateProfessor(DummyIndividual)}
3,06;{JournalArticle(DummyIndividual),Research(DummyIndividual),AssistantProfessor(DummyIndividual)}
3,24;{JournalArticle(DummyIndividual),Research(DummyIndividual),FullProfessor(DummyIndividual)}
5,09;{TechnicalReport(DummyIndividual),Chair(DummyIndividual),Research(DummyIndividual)}
5,30;{Publication(DummyIndividual),Chair(DummyIndividual),Research(DummyIndividual)}
5,30;{Specification(DummyIndividual),Chair(DummyIndividual),Research(DummyIndividual)}
5,40;{Article(DummyIndividual),Chair(DummyIndividual),Research(DummyIndividual)}
5,50;{ConferencePaper(DummyIndividual),Chair(DummyIndividual),Research(DummyIndividual)}
5,69;{Book(DummyIndividual),Chair(DummyIndividual),Research(DummyIndividual)}
5,69;{Manual(DummyIndividual),Chair(DummyIndividual),Research(DummyIndividual)}
5,78;{JournalArticle(DummyIndividual),Chair(DummyIndividual),Research(DummyIndividual)}
5,88;{UnofficialPublication(DummyIndividual),Chair(DummyIndividual),Research(DummyIndividual)}
5,99;{Software(DummyIndividual),Chair(DummyIndividual),Research(DummyIndividual)}
6,18;{Course(DummyIndividual),Chair(DummyIndividual),Book(DummyIndividual)}
6,57;{GraduateCourse(DummyIndividual),Chair(DummyIndividual),Book(DummyIndividual)}
6,86;{Work(DummyIndividual),Chair(DummyIndividual),Book(DummyIndividual)}
7,17;{Professor(DummyIndividual),Book(DummyIndividual),GraduateCourse(DummyIndividual)}
7,27;{Dean(DummyIndividual),Book(DummyIndividual),GraduateCourse(DummyIndividual)}
7,37;{VisitingProfessor(DummyIndividual),Book(DummyIndividual),GraduateCourse(DummyIndividual)}
7,58;{AssociateProfessor(DummyIndividual),Book(DummyIndividual),GraduateCourse(DummyIndividual)}
7,68;{FullProfessor(DummyIndividual),Book(DummyIndividual),GraduateCourse(DummyIndividual)}
7,78;{AssistantProfessor(DummyIndividual),Book(DummyIndividual),GraduateCourse(DummyIndividual)}
8,18;{AssistantProfessor(DummyIndividual),Article(DummyIndividual),Work(DummyIndividual)}
8,18;{AssistantProfessor(DummyIndividual),Article(DummyIndividual),GraduateCourse(DummyIndividual)}
8,30;{AssistantProfessor(DummyIndividual),Article(DummyIndividual),Course(DummyIndividual)}
8,30;{AssistantProfessor(DummyIndividual),Article(DummyIndividual),Research(DummyIndividual)}
8,30;{AssistantProfessor(DummyIndividual),ConferencePaper(DummyIndividual),Work(DummyIndividual)}
8,30;{AssistantProfessor(DummyIndividual),ConferencePaper(DummyIndividual),GraduateCourse(DummyIndividual)}
8,30;{AssistantProfessor(DummyIndividual),ConferencePaper(DummyIndividual),Course(DummyIndividual)}
8,30;{AssistantProfessor(DummyIndividual),ConferencePaper(DummyIndividual),Research(DummyIndividual)}
8,30;{AssistantProfessor(DummyIndividual),UnofficialPublication(DummyIndividual),Work(DummyIndividual)}
8,30;{AssistantProfessor(DummyIndividual),UnofficialPublication(DummyIndividual),GraduateCourse(DummyIndividual)}
8,30;{AssistantProfessor(DummyIndividual),UnofficialPublication(DummyIndividual),Course(DummyIndividual)}
8,39;{AssistantProfessor(DummyIndividual),UnofficialPublication(DummyIndividual),Research(DummyIndividual)}
8,39;{AssistantProfessor(DummyIndividual),TechnicalReport(DummyIndividual),Work(DummyIndividual)}
8,39;{AssistantProfessor(DummyIndividual),TechnicalReport(DummyIndividual),GraduateCourse(DummyIndividual)}
8,39;{AssistantProfessor(DummyIndividual),TechnicalReport(DummyIndividual),Course(DummyIndividual)}
8,39;{AssistantProfessor(DummyIndividual),TechnicalReport(DummyIndividual),Research(DummyIndividual)}
8,49;{AssistantProfessor(DummyIndividual),GraduateCourse(DummyIndividual),JournalArticle(DummyIndividual)}
8,49;{AssistantProfessor(DummyIndividual),GraduateCourse(DummyIndividual),Publication(DummyIndividual)}
8,49;{AssistantProfessor(DummyIndividual),GraduateCourse(DummyIndividual),Manual(DummyIndividual)}
8,49;{AssistantProfessor(DummyIndividual),GraduateCourse(DummyIndividual),Specification(DummyIndividual)}
8,49;{AssistantProfessor(DummyIndividual),GraduateCourse(DummyIndividual),Software(DummyIndividual)}
8,49;{AssistantProfessor(DummyIndividual),JournalArticle(DummyIndividual),Work(DummyIndividual)}
8,49;{AssistantProfessor(DummyIndividual),JournalArticle(DummyIndividual),Course(DummyIndividual)}
8,59;{AssistantProfessor(DummyIndividual),Course(DummyIndividual),Publication(DummyIndividual)}
8,59;{AssistantProfessor(DummyIndividual),Course(DummyIndividual),Book(DummyIndividual)}
8,59;{AssistantProfessor(DummyIndividual),Course(DummyIndividual),Manual(DummyIndividual)}
8,59;{AssistantProfessor(DummyIndividual),Course(DummyIndividual),Specification(DummyIndividual)}
8,59;{AssistantProfessor(DummyIndividual),Course(DummyIndividual),Software(DummyIndividual)}
8,59;{AssistantProfessor(DummyIndividual),Publication(DummyIndividual),Work(DummyIndividual)}
8,59;{AssistantProfessor(DummyIndividual),Publication(DummyIndividual),Research(DummyIndividual)}
8,69;{AssistantProfessor(DummyIndividual),Book(DummyIndividual),Work(DummyIndividual)}
8,69;{AssistantProfessor(DummyIndividual),Book(DummyIndividual),Research(DummyIndividual)}
8,69;{AssistantProfessor(DummyIndividual),Manual(DummyIndividual),Work(DummyIndividual)}
8,69;{AssistantProfessor(DummyIndividual),Manual(DummyIndividual),Research(DummyIndividual)}
8,69;{AssistantProfessor(DummyIndividual),Specification(DummyIndividual),Work(DummyIndividual)}
8,69;{AssistantProfessor(DummyIndividual),Specification(DummyIndividual),Research(DummyIndividual)}
8,81;{AssistantProfessor(DummyIndividual),Software(DummyIndividual),Work(DummyIndividual)}
8,81;{AssistantProfessor(DummyIndividual),Software(DummyIndividual),Research(DummyIndividual)}
8,81;{Chair(DummyIndividual),Article(DummyIndividual),Work(DummyIndividual)}
8,81;{Chair(DummyIndividual),Article(DummyIndividual),GraduateCourse(DummyIndividual)}
8,81;{Chair(DummyIndividual),Article(DummyIndividual),Course(DummyIndividual)}
8,81;{Chair(DummyIndividual),ConferencePaper(DummyIndividual),Work(DummyIndividual)}
8,81;{Chair(DummyIndividual),ConferencePaper(DummyIndividual),GraduateCourse(DummyIndividual)}
8,81;{Chair(DummyIndividual),ConferencePaper(DummyIndividual),Course(DummyIndividual)}
8,92;{Chair(DummyIndividual),UnofficialPublication(DummyIndividual),Work(DummyIndividual)}
8,92;{Chair(DummyIndividual),UnofficialPublication(DummyIndividual),GraduateCourse(DummyIndividual)}
8,92;{Chair(DummyIndividual),UnofficialPublication(DummyIndividual),Course(DummyIndividual)}
8,92;{Chair(DummyIndividual),TechnicalReport(DummyIndividual),Work(DummyIndividual)}
8,92;{Chair(DummyIndividual),TechnicalReport(DummyIndividual),GraduateCourse(DummyIndividual)}
8,92;{Chair(DummyIndividual),TechnicalReport(DummyIndividual),Course(DummyIndividual)}
9,02;{Chair(DummyIndividual),Work(DummyIndividual),JournalArticle(DummyIndividual)}
9,02;{Chair(DummyIndividual),Work(DummyIndividual),Publication(DummyIndividual)}
9,02;{Chair(DummyIndividual),Work(DummyIndividual),Manual(DummyIndividual)}
9,02;{Chair(DummyIndividual),Work(DummyIndividual),Specification(DummyIndividual)}
9,02;{Chair(DummyIndividual),Work(DummyIndividual),Software(DummyIndividual)}
9,02;{Chair(DummyIndividual),GraduateCourse(DummyIndividual),JournalArticle(DummyIndividual)}
9,02;{Chair(DummyIndividual),GraduateCourse(DummyIndividual),Manual(DummyIndividual)}
9,02;{Chair(DummyIndividual),GraduateCourse(DummyIndividual),Specification(DummyIndividual)}
9,12;{Chair(DummyIndividual),GraduateCourse(DummyIndividual),Software(DummyIndividual)}
9,12;{Chair(DummyIndividual),JournalArticle(DummyIndividual),Course(DummyIndividual)}
9,12;{Chair(DummyIndividual),Course(DummyIndividual),Publication(DummyIndividual)}
9,12;{Chair(DummyIndividual),Course(DummyIndividual),Manual(DummyIndividual)}
9,12;{Chair(DummyIndividual),Course(DummyIndividual),Specification(DummyIndividual)}
9,23;{Chair(DummyIndividual),Course(DummyIndividual),Software(DummyIndividual)}
9,33;{Book(DummyIndividual),Work(DummyIndividual),Dean(DummyIndividual)}
9,33;{Book(DummyIndividual),Work(DummyIndividual),Professor(DummyIndividual)}
9,33;{Book(DummyIndividual),Work(DummyIndividual),FullProfessor(DummyIndividual)}
9,33;{Book(DummyIndividual),Work(DummyIndividual),VisitingProfessor(DummyIndividual)}
9,33;{Book(DummyIndividual),Work(DummyIndividual),AssociateProfessor(DummyIndividual)}
9,44;{Book(DummyIndividual),Course(DummyIndividual),Dean(DummyIndividual)}
9,44;{Book(DummyIndividual),Course(DummyIndividual),FullProfessor(DummyIndividual)}
9,44;{Book(DummyIndividual),Course(DummyIndividual),VisitingProfessor(DummyIndividual)}
9,44;{Book(DummyIndividual),Course(DummyIndividual),AssociateProfessor(DummyIndividual)}
9,44;{Book(DummyIndividual),Research(DummyIndividual),Dean(DummyIndividual)}
9,44;{Book(DummyIndividual),Research(DummyIndividual),Professor(DummyIndividual)}
9,44;{Book(DummyIndividual),Research(DummyIndividual),FullProfessor(DummyIndividual)}
9,44;{Book(DummyIndividual),Research(DummyIndividual),VisitingProfessor(DummyIndividual)}
9,44;{Book(DummyIndividual),Research(DummyIndividual),AssociateProfessor(DummyIndividual)}
9,55;{Dean(DummyIndividual),Article(DummyIndividual),Work(DummyIndividual)}
9,55;{Dean(DummyIndividual),Article(DummyIndividual),GraduateCourse(DummyIndividual)}
9,55;{Dean(DummyIndividual),Article(DummyIndividual),Course(DummyIndividual)}
9,55;{Dean(DummyIndividual),Article(DummyIndividual),Research(DummyIndividual)}
9,55;{Dean(DummyIndividual),ConferencePaper(DummyIndividual),Work(DummyIndividual)}
9,55;{Dean(DummyIndividual),ConferencePaper(DummyIndividual),GraduateCourse(DummyIndividual)}
9,55;{Dean(DummyIndividual),ConferencePaper(DummyIndividual),Course(DummyIndividual)}
9,65;{Dean(DummyIndividual),ConferencePaper(DummyIndividual),Research(DummyIndividual)}
9,65;{Dean(DummyIndividual),TechnicalReport(DummyIndividual),Work(DummyIndividual)}
9,65;{Dean(DummyIndividual),TechnicalReport(DummyIndividual),GraduateCourse(DummyIndividual)}
9,65;{Dean(DummyIndividual),TechnicalReport(DummyIndividual),Course(DummyIndividual)}
9,65;{Dean(DummyIndividual),TechnicalReport(DummyIndividual),Research(DummyIndividual)}
9,65;{Dean(DummyIndividual),Work(DummyIndividual),JournalArticle(DummyIndividual)}
9,65;{Dean(DummyIndividual),Work(DummyIndividual),Publication(DummyIndividual)}
9,65;{Dean(DummyIndividual),Work(DummyIndividual),Manual(DummyIndividual)}
9,76;{Dean(DummyIndividual),Work(DummyIndividual),Specification(DummyIndividual)}
9,76;{Dean(DummyIndividual),Work(DummyIndividual),Software(DummyIndividual)}
9,76;{Dean(DummyIndividual),GraduateCourse(DummyIndividual),UnofficialPublication(DummyIndividual)}
9,76;{Dean(DummyIndividual),GraduateCourse(DummyIndividual),JournalArticle(DummyIndividual)}
9,76;{Dean(DummyIndividual),GraduateCourse(DummyIndividual),Publication(DummyIndividual)}
9,76;{Dean(DummyIndividual),GraduateCourse(DummyIndividual),Manual(DummyIndividual)}
9,76;{Dean(DummyIndividual),GraduateCourse(DummyIndividual),Specification(DummyIndividual)}
9,76;{Dean(DummyIndividual),GraduateCourse(DummyIndividual),Software(DummyIndividual)}
9,76;{Dean(DummyIndividual),JournalArticle(DummyIndividual),Course(DummyIndividual)}
9,86;{Dean(DummyIndividual),JournalArticle(DummyIndividual),Research(DummyIndividual)}
9,86;{Dean(DummyIndividual),Course(DummyIndividual),UnofficialPublication(DummyIndividual)}
9,86;{Dean(DummyIndividual),Course(DummyIndividual),Publication(DummyIndividual)}
9,86;{Dean(DummyIndividual),Course(DummyIndividual),Manual(DummyIndividual)}
9,86;{Dean(DummyIndividual),Course(DummyIndividual),Specification(DummyIndividual)}
9,86;{Dean(DummyIndividual),Course(DummyIndividual),Software(DummyIndividual)}
9,86;{Dean(DummyIndividual),Research(DummyIndividual),UnofficialPublication(DummyIndividual)}
9,86;{Dean(DummyIndividual),Research(DummyIndividual),Publication(DummyIndividual)}
9,86;{Dean(DummyIndividual),Research(DummyIndividual),Manual(DummyIndividual)}
9,86;{Dean(DummyIndividual),Research(DummyIndividual),Specification(DummyIndividual)}
9,86;{Dean(DummyIndividual),Research(DummyIndividual),Software(DummyIndividual)}
9,96;{Professor(DummyIndividual),Article(DummyIndividual),Work(DummyIndividual)}
9,96;{Professor(DummyIndividual),Article(DummyIndividual),GraduateCourse(DummyIndividual)}
9,96;{Professor(DummyIndividual),Article(DummyIndividual),Course(DummyIndividual)}
9,96;{Professor(DummyIndividual),Article(DummyIndividual),Research(DummyIndividual)}
9,96;{Professor(DummyIndividual),ConferencePaper(DummyIndividual),Work(DummyIndividual)}
10,06;{Professor(DummyIndividual),ConferencePaper(DummyIndividual),GraduateCourse(DummyIndividual)}
10,06;{Professor(DummyIndividual),ConferencePaper(DummyIndividual),Course(DummyIndividual)}
10,06;{Professor(DummyIndividual),ConferencePaper(DummyIndividual),Research(DummyIndividual)}
10,06;{Professor(DummyIndividual),UnofficialPublication(DummyIndividual),Work(DummyIndividual)}
10,06;{Professor(DummyIndividual),UnofficialPublication(DummyIndividual),GraduateCourse(DummyIndividual)}
10,06;{Professor(DummyIndividual),UnofficialPublication(DummyIndividual),Research(DummyIndividual)}
10,06;{Professor(DummyIndividual),TechnicalReport(DummyIndividual),Work(DummyIndividual)}
10,06;{Professor(DummyIndividual),TechnicalReport(DummyIndividual),GraduateCourse(DummyIndividual)}
10,16;{Professor(DummyIndividual),TechnicalReport(DummyIndividual),Course(DummyIndividual)}
10,16;{Professor(DummyIndividual),TechnicalReport(DummyIndividual),Research(DummyIndividual)}
10,16;{Professor(DummyIndividual),GraduateCourse(DummyIndividual),JournalArticle(DummyIndividual)}
10,16;{Professor(DummyIndividual),GraduateCourse(DummyIndividual),Publication(DummyIndividual)}
10,16;{Professor(DummyIndividual),GraduateCourse(DummyIndividual),Manual(DummyIndividual)}
10,16;{Professor(DummyIndividual),GraduateCourse(DummyIndividual),Specification(DummyIndividual)}
10,16;{Professor(DummyIndividual),GraduateCourse(DummyIndividual),Software(DummyIndividual)}
10,25;{Professor(DummyIndividual),JournalArticle(DummyIndividual),Work(DummyIndividual)}
10,25;{Professor(DummyIndividual),JournalArticle(DummyIndividual),Course(DummyIndividual)}
10,25;{Professor(DummyIndividual),JournalArticle(DummyIndividual),Research(DummyIndividual)}
10,25;{Professor(DummyIndividual),Course(DummyIndividual),Publication(DummyIndividual)}
10,25;{Professor(DummyIndividual),Course(DummyIndividual),Manual(DummyIndividual)}
10,25;{Professor(DummyIndividual),Course(DummyIndividual),Specification(DummyIndividual)}
10,25;{Professor(DummyIndividual),Course(DummyIndividual),Software(DummyIndividual)}
10,25;{Professor(DummyIndividual),Publication(DummyIndividual),Work(DummyIndividual)}
10,25;{Professor(DummyIndividual),Publication(DummyIndividual),Research(DummyIndividual)}
10,35;{Professor(DummyIndividual),Manual(DummyIndividual),Work(DummyIndividual)}
10,35;{Professor(DummyIndividual),Manual(DummyIndividual),Research(DummyIndividual)}
10,35;{Professor(DummyIndividual),Specification(DummyIndividual),Work(DummyIndividual)}
10,35;{Professor(DummyIndividual),Specification(DummyIndividual),Research(DummyIndividual)}
10,35;{Professor(DummyIndividual),Software(DummyIndividual),Work(DummyIndividual)}
10,35;{Professor(DummyIndividual),Software(DummyIndividual),Research(DummyIndividual)}
10,35;{FullProfessor(DummyIndividual),Article(DummyIndividual),Work(DummyIndividual)}
10,35;{FullProfessor(DummyIndividual),Article(DummyIndividual),GraduateCourse(DummyIndividual)}
10,45;{FullProfessor(DummyIndividual),Article(DummyIndividual),Course(DummyIndividual)}
10,45;{FullProfessor(DummyIndividual),Article(DummyIndividual),Research(DummyIndividual)}
10,45;{FullProfessor(DummyIndividual),ConferencePaper(DummyIndividual),Work(DummyIndividual)}
10,45;{FullProfessor(DummyIndividual),ConferencePaper(DummyIndividual),GraduateCourse(DummyIndividual)}
10,45;{FullProfessor(DummyIndividual),ConferencePaper(DummyIndividual),Course(DummyIndividual)}
10,45;{FullProfessor(DummyIndividual),ConferencePaper(DummyIndividual),Research(DummyIndividual)}
10,45;{FullProfessor(DummyIndividual),UnofficialPublication(DummyIndividual),Work(DummyIndividual)}
10,45;{FullProfessor(DummyIndividual),UnofficialPublication(DummyIndividual),GraduateCourse(DummyIndividual)}
10,45;{FullProfessor(DummyIndividual),UnofficialPublication(DummyIndividual),Course(DummyIndividual)}
10,45;{FullProfessor(DummyIndividual),UnofficialPublication(DummyIndividual),Research(DummyIndividual)}
10,55;{FullProfessor(DummyIndividual),TechnicalReport(DummyIndividual),Work(DummyIndividual)}
10,55;{FullProfessor(DummyIndividual),TechnicalReport(DummyIndividual),GraduateCourse(DummyIndividual)}
10,55;{FullProfessor(DummyIndividual),TechnicalReport(DummyIndividual),Course(DummyIndividual)}
10,55;{FullProfessor(DummyIndividual),TechnicalReport(DummyIndividual),Research(DummyIndividual)}
10,55;{FullProfessor(DummyIndividual),GraduateCourse(DummyIndividual),JournalArticle(DummyIndividual)}
10,55;{FullProfessor(DummyIndividual),GraduateCourse(DummyIndividual),Publication(DummyIndividual)}
10,55;{FullProfessor(DummyIndividual),GraduateCourse(DummyIndividual),Manual(DummyIndividual)}
10,55;{FullProfessor(DummyIndividual),GraduateCourse(DummyIndividual),Specification(DummyIndividual)}
10,55;{FullProfessor(DummyIndividual),GraduateCourse(DummyIndividual),Software(DummyIndividual)}
10,65;{FullProfessor(DummyIndividual),JournalArticle(DummyIndividual),Work(DummyIndividual)}
10,65;{FullProfessor(DummyIndividual),JournalArticle(DummyIndividual),Course(DummyIndividual)}
10,65;{FullProfessor(DummyIndividual),Course(DummyIndividual),Publication(DummyIndividual)}
10,65;{FullProfessor(DummyIndividual),Course(DummyIndividual),Manual(DummyIndividual)}
10,65;{FullProfessor(DummyIndividual),Course(DummyIndividual),Specification(DummyIndividual)}
10,65;{FullProfessor(DummyIndividual),Course(DummyIndividual),Software(DummyIndividual)}
10,65;{FullProfessor(DummyIndividual),Publication(DummyIndividual),Work(DummyIndividual)}
10,65;{FullProfessor(DummyIndividual),Publication(DummyIndividual),Research(DummyIndividual)}
10,65;{FullProfessor(DummyIndividual),Manual(DummyIndividual),Work(DummyIndividual)}
10,65;{FullProfessor(DummyIndividual),Manual(DummyIndividual),Research(DummyIndividual)}
10,65;{FullProfessor(DummyIndividual),Specification(DummyIndividual),Work(DummyIndividual)}
10,65;{FullProfessor(DummyIndividual),Specification(DummyIndividual),Research(DummyIndividual)}
10,65;{FullProfessor(DummyIndividual),Software(DummyIndividual),Work(DummyIndividual)}
10,65;{FullProfessor(DummyIndividual),Software(DummyIndividual),Research(DummyIndividual)}
10,77;{VisitingProfessor(DummyIndividual),Article(DummyIndividual),Work(DummyIndividual)}
10,77;{VisitingProfessor(DummyIndividual),Article(DummyIndividual),GraduateCourse(DummyIndividual)}
10,77;{VisitingProfessor(DummyIndividual),Article(DummyIndividual),Course(DummyIndividual)}
10,77;{VisitingProfessor(DummyIndividual),Article(DummyIndividual),Research(DummyIndividual)}
10,77;{VisitingProfessor(DummyIndividual),ConferencePaper(DummyIndividual),Work(DummyIndividual)}
10,77;{VisitingProfessor(DummyIndividual),ConferencePaper(DummyIndividual),GraduateCourse(DummyIndividual)}
10,77;{VisitingProfessor(DummyIndividual),ConferencePaper(DummyIndividual),Course(DummyIndividual)}
10,77;{VisitingProfessor(DummyIndividual),ConferencePaper(DummyIndividual),Research(DummyIndividual)}
10,77;{VisitingProfessor(DummyIndividual),TechnicalReport(DummyIndividual),Work(DummyIndividual)}
10,77;{VisitingProfessor(DummyIndividual),TechnicalReport(DummyIndividual),GraduateCourse(DummyIndividual)}
10,77;{VisitingProfessor(DummyIndividual),TechnicalReport(DummyIndividual),Course(DummyIndividual)}
10,77;{VisitingProfessor(DummyIndividual),TechnicalReport(DummyIndividual),Research(DummyIndividual)}
10,87;{VisitingProfessor(DummyIndividual),Work(DummyIndividual),JournalArticle(DummyIndividual)}
10,87;{VisitingProfessor(DummyIndividual),Work(DummyIndividual),Publication(DummyIndividual)}
10,87;{VisitingProfessor(DummyIndividual),Work(DummyIndividual),Manual(DummyIndividual)}
10,87;{VisitingProfessor(DummyIndividual),Work(DummyIndividual),Specification(DummyIndividual)}
10,87;{VisitingProfessor(DummyIndividual),Work(DummyIndividual),Software(DummyIndividual)}
10,87;{VisitingProfessor(DummyIndividual),GraduateCourse(DummyIndividual),UnofficialPublication(DummyIndividual)}
10,87;{VisitingProfessor(DummyIndividual),GraduateCourse(DummyIndividual),JournalArticle(DummyIndividual)}
10,87;{VisitingProfessor(DummyIndividual),GraduateCourse(DummyIndividual),Publication(DummyIndividual)}
10,87;{VisitingProfessor(DummyIndividual),GraduateCourse(DummyIndividual),Manual(DummyIndividual)}
10,87;{VisitingProfessor(DummyIndividual),GraduateCourse(DummyIndividual),Specification(DummyIndividual)}
10,87;{VisitingProfessor(DummyIndividual),GraduateCourse(DummyIndividual),Software(DummyIndividual)}
10,87;{VisitingProfessor(DummyIndividual),JournalArticle(DummyIndividual),Course(DummyIndividual)}
10,99;{VisitingProfessor(DummyIndividual),JournalArticle(DummyIndividual),Research(DummyIndividual)}
10,99;{VisitingProfessor(DummyIndividual),Course(DummyIndividual),UnofficialPublication(DummyIndividual)}
10,99;{VisitingProfessor(DummyIndividual),Course(DummyIndividual),Publication(DummyIndividual)}
10,99;{VisitingProfessor(DummyIndividual),Course(DummyIndividual),Manual(DummyIndividual)}
10,99;{VisitingProfessor(DummyIndividual),Course(DummyIndividual),Specification(DummyIndividual)}
10,99;{VisitingProfessor(DummyIndividual),Course(DummyIndividual),Software(DummyIndividual)}
10,99;{VisitingProfessor(DummyIndividual),Research(DummyIndividual),UnofficialPublication(DummyIndividual)}
10,99;{VisitingProfessor(DummyIndividual),Research(DummyIndividual),Publication(DummyIndividual)}
10,99;{VisitingProfessor(DummyIndividual),Research(DummyIndividual),Manual(DummyIndividual)}
10,99;{VisitingProfessor(DummyIndividual),Research(DummyIndividual),Specification(DummyIndividual)}
10,99;{VisitingProfessor(DummyIndividual),Research(DummyIndividual),Software(DummyIndividual)}
11,09;{AssociateProfessor(DummyIndividual),Article(DummyIndividual),Work(DummyIndividual)}
11,09;{AssociateProfessor(DummyIndividual),Article(DummyIndividual),GraduateCourse(DummyIndividual)}
11,09;{AssociateProfessor(DummyIndividual),Article(DummyIndividual),Course(DummyIndividual)}
11,09;{AssociateProfessor(DummyIndividual),Article(DummyIndividual),Research(DummyIndividual)}
11,09;{AssociateProfessor(DummyIndividual),ConferencePaper(DummyIndividual),Work(DummyIndividual)}
11,09;{AssociateProfessor(DummyIndividual),ConferencePaper(DummyIndividual),GraduateCourse(DummyIndividual)}
11,09;{AssociateProfessor(DummyIndividual),ConferencePaper(DummyIndividual),Course(DummyIndividual)}
11,09;{AssociateProfessor(DummyIndividual),ConferencePaper(DummyIndividual),Research(DummyIndividual)}
11,09;{AssociateProfessor(DummyIndividual),UnofficialPublication(DummyIndividual),Work(DummyIndividual)}
11,09;{AssociateProfessor(DummyIndividual),UnofficialPublication(DummyIndividual),GraduateCourse(DummyIndividual)}
11,09;{AssociateProfessor(DummyIndividual),UnofficialPublication(DummyIndividual),Course(DummyIndividual)}
11,19;{AssociateProfessor(DummyIndividual),UnofficialPublication(DummyIndividual),Research(DummyIndividual)}
11,19;{AssociateProfessor(DummyIndividual),TechnicalReport(DummyIndividual),Work(DummyIndividual)}
11,19;{AssociateProfessor(DummyIndividual),TechnicalReport(DummyIndividual),GraduateCourse(DummyIndividual)}
11,19;{AssociateProfessor(DummyIndividual),TechnicalReport(DummyIndividual),Course(DummyIndividual)}
11,19;{AssociateProfessor(DummyIndividual),TechnicalReport(DummyIndividual),Research(DummyIndividual)}
11,19;{AssociateProfessor(DummyIndividual),GraduateCourse(DummyIndividual),JournalArticle(DummyIndividual)}
11,19;{AssociateProfessor(DummyIndividual),GraduateCourse(DummyIndividual),Publication(DummyIndividual)}
11,19;{AssociateProfessor(DummyIndividual),GraduateCourse(DummyIndividual),Manual(DummyIndividual)}
11,19;{AssociateProfessor(DummyIndividual),GraduateCourse(DummyIndividual),Specification(DummyIndividual)}
11,19;{AssociateProfessor(DummyIndividual),GraduateCourse(DummyIndividual),Software(DummyIndividual)}
11,29;{AssociateProfessor(DummyIndividual),JournalArticle(DummyIndividual),Work(DummyIndividual)}
11,29;{AssociateProfessor(DummyIndividual),JournalArticle(DummyIndividual),Course(DummyIndividual)}
11,29;{AssociateProfessor(DummyIndividual),Course(DummyIndividual),Publication(DummyIndividual)}
11,29;{AssociateProfessor(DummyIndividual),Course(DummyIndividual),Manual(DummyIndividual)}
11,29;{AssociateProfessor(DummyIndividual),Course(DummyIndividual),Specification(DummyIndividual)}
11,29;{AssociateProfessor(DummyIndividual),Course(DummyIndividual),Software(DummyIndividual)}
11,29;{AssociateProfessor(DummyIndividual),Publication(DummyIndividual),Work(DummyIndividual)}
11,29;{AssociateProfessor(DummyIndividual),Publication(DummyIndividual),Research(DummyIndividual)}
11,41;{AssociateProfessor(DummyIndividual),Manual(DummyIndividual),Work(DummyIndividual)}
11,41;{AssociateProfessor(DummyIndividual),Manual(DummyIndividual),Research(DummyIndividual)}
11,41;{AssociateProfessor(DummyIndividual),Specification(DummyIndividual),Work(DummyIndividual)}
11,41;{AssociateProfessor(DummyIndividual),Specification(DummyIndividual),Research(DummyIndividual)}
11,41;{AssociateProfessor(DummyIndividual),Software(DummyIndividual),Work(DummyIndividual)}
11,41;{AssociateProfessor(DummyIndividual),Software(DummyIndividual),Research(DummyIndividual)}
