2,51;{DummyClass(DummyIndividual)}
0,93;{Course(DummyIndividual),AssistantProfessor(DummyIndividual),Book(DummyIndividual)}
1,31;{Course(DummyIndividual),AssistantProfessor(DummyIndividual),UnofficialPublication(DummyIndividual)}
1,69;{Course(DummyIndividual),AssistantProfessor(DummyIndividual),Article(DummyIndividual)}
2,09;{Course(DummyIndividual),AssistantProfessor(DummyIndividual),JournalArticle(DummyIndividual)}
2,40;{Course(DummyIndividual),AssistantProfessor(DummyIndividual),ConferencePaper(DummyIndividual)}
2,81;{Professor(DummyIndividual),GraduateCourse(DummyIndividual),Publication(DummyIndividual)}
3,01;{Professor(DummyIndividual),GraduateCourse(DummyIndividual),Specification(DummyIndividual)}
3,21;{Professor(DummyIndividual),GraduateCourse(DummyIndividual),TechnicalReport(DummyIndividual)}
3,42;{Professor(DummyIndividual),GraduateCourse(DummyIndividual),Manual(DummyIndividual)}
3,61;{Professor(DummyIndividual),GraduateCourse(DummyIndividual),Software(DummyIndividual)}
5,51;{Course(DummyIndividual),ConferencePaper(DummyIndividual),Chair(DummyIndividual)}
5,72;{GraduateCourse(DummyIndividual),ConferencePaper(DummyIndividual),Chair(DummyIndividual)}
5,80;{Research(DummyIndividual),ConferencePaper(DummyIndividual),Chair(DummyIndividual)}
5,90;{Work(DummyIndividual),ConferencePaper(DummyIndividual),Chair(DummyIndividual)}
8,45;{Article(DummyIndividual),AssistantProfessor(DummyIndividual),Work(DummyIndividual)}
8,45;{Article(DummyIndividual),AssistantProfessor(DummyIndividual),GraduateCourse(DummyIndividual)}
8,45;{Article(DummyIndividual),AssistantProfessor(DummyIndividual),Research(DummyIndividual)}
8,73;{Article(DummyIndividual),Chair(DummyIndividual),Work(DummyIndividual)}
8,73;{Article(DummyIndividual),Chair(DummyIndividual),GraduateCourse(DummyIndividual)}
8,83;{Article(DummyIndividual),Chair(DummyIndividual),Course(DummyIndividual)}
8,83;{Article(DummyIndividual),Chair(DummyIndividual),Research(DummyIndividual)}
9,38;{Article(DummyIndividual),Research(DummyIndividual),Dean(DummyIndividual)}
9,44;{Article(DummyIndividual),Research(DummyIndividual),Professor(DummyIndividual)}
9,44;{Article(DummyIndividual),Research(DummyIndividual),FullProfessor(DummyIndividual)}
9,44;{Article(DummyIndividual),Research(DummyIndividual),VisitingProfessor(DummyIndividual)}
9,44;{Article(DummyIndividual),Research(DummyIndividual),AssociateProfessor(DummyIndividual)}
9,67;{Article(DummyIndividual),Dean(DummyIndividual),Work(DummyIndividual)}
9,67;{Article(DummyIndividual),Dean(DummyIndividual),GraduateCourse(DummyIndividual)}
9,75;{Article(DummyIndividual),Dean(DummyIndividual),Course(DummyIndividual)}
9,90;{Article(DummyIndividual),Professor(DummyIndividual),Work(DummyIndividual)}
9,90;{Article(DummyIndividual),Professor(DummyIndividual),GraduateCourse(DummyIndividual)}
10,01;{Article(DummyIndividual),Professor(DummyIndividual),Course(DummyIndividual)}
10,16;{Article(DummyIndividual),FullProfessor(DummyIndividual),Work(DummyIndividual)}
10,16;{Article(DummyIndividual),FullProfessor(DummyIndividual),GraduateCourse(DummyIndividual)}
10,23;{Article(DummyIndividual),FullProfessor(DummyIndividual),Course(DummyIndividual)}
10,39;{Article(DummyIndividual),VisitingProfessor(DummyIndividual),Work(DummyIndividual)}
10,49;{Article(DummyIndividual),VisitingProfessor(DummyIndividual),GraduateCourse(DummyIndividual)}
10,49;{Article(DummyIndividual),VisitingProfessor(DummyIndividual),Course(DummyIndividual)}
10,70;{Article(DummyIndividual),AssociateProfessor(DummyIndividual),Work(DummyIndividual)}
10,70;{Article(DummyIndividual),AssociateProfessor(DummyIndividual),GraduateCourse(DummyIndividual)}
10,78;{Article(DummyIndividual),AssociateProfessor(DummyIndividual),Course(DummyIndividual)}
11,28;{ConferencePaper(DummyIndividual),Work(DummyIndividual),AssistantProfessor(DummyIndividual)}
11,28;{ConferencePaper(DummyIndividual),Work(DummyIndividual),Dean(DummyIndividual)}
11,28;{ConferencePaper(DummyIndividual),Work(DummyIndividual),Professor(DummyIndividual)}
11,28;{ConferencePaper(DummyIndividual),Work(DummyIndividual),FullProfessor(DummyIndividual)}
11,28;{ConferencePaper(DummyIndividual),Work(DummyIndividual),VisitingProfessor(DummyIndividual)}
11,28;{ConferencePaper(DummyIndividual),Work(DummyIndividual),AssociateProfessor(DummyIndividual)}
11,28;{ConferencePaper(DummyIndividual),GraduateCourse(DummyIndividual),AssistantProfessor(DummyIndividual)}
11,28;{ConferencePaper(DummyIndividual),GraduateCourse(DummyIndividual),Dean(DummyIndividual)}
11,28;{ConferencePaper(DummyIndividual),GraduateCourse(DummyIndividual),Professor(DummyIndividual)}
11,39;{ConferencePaper(DummyIndividual),GraduateCourse(DummyIndividual),FullProfessor(DummyIndividual)}
11,39;{ConferencePaper(DummyIndividual),GraduateCourse(DummyIndividual),VisitingProfessor(DummyIndividual)}
11,39;{ConferencePaper(DummyIndividual),GraduateCourse(DummyIndividual),AssociateProfessor(DummyIndividual)}
11,49;{ConferencePaper(DummyIndividual),Course(DummyIndividual),Dean(DummyIndividual)}
11,49;{ConferencePaper(DummyIndividual),Course(DummyIndividual),Professor(DummyIndividual)}
11,49;{ConferencePaper(DummyIndividual),Course(DummyIndividual),FullProfessor(DummyIndividual)}
11,49;{ConferencePaper(DummyIndividual),Course(DummyIndividual),VisitingProfessor(DummyIndividual)}
11,49;{ConferencePaper(DummyIndividual),Course(DummyIndividual),AssociateProfessor(DummyIndividual)}
11,49;{ConferencePaper(DummyIndividual),Research(DummyIndividual),AssistantProfessor(DummyIndividual)}
11,49;{ConferencePaper(DummyIndividual),Research(DummyIndividual),Dean(DummyIndividual)}
11,49;{ConferencePaper(DummyIndividual),Research(DummyIndividual),Professor(DummyIndividual)}
11,49;{ConferencePaper(DummyIndividual),Research(DummyIndividual),FullProfessor(DummyIndividual)}
11,49;{ConferencePaper(DummyIndividual),Research(DummyIndividual),VisitingProfessor(DummyIndividual)}
11,49;{ConferencePaper(DummyIndividual),Research(DummyIndividual),AssociateProfessor(DummyIndividual)}
11,92;{UnofficialPublication(DummyIndividual),AssistantProfessor(DummyIndividual),Work(DummyIndividual)}
11,92;{UnofficialPublication(DummyIndividual),AssistantProfessor(DummyIndividual),GraduateCourse(DummyIndividual)}
11,92;{UnofficialPublication(DummyIndividual),AssistantProfessor(DummyIndividual),Research(DummyIndividual)}
11,92;{UnofficialPublication(DummyIndividual),Chair(DummyIndividual),Work(DummyIndividual)}
11,92;{UnofficialPublication(DummyIndividual),Chair(DummyIndividual),GraduateCourse(DummyIndividual)}
11,92;{UnofficialPublication(DummyIndividual),Chair(DummyIndividual),Course(DummyIndividual)}
11,92;{UnofficialPublication(DummyIndividual),Chair(DummyIndividual),Research(DummyIndividual)}
12,01;{UnofficialPublication(DummyIndividual),GraduateCourse(DummyIndividual),Dean(DummyIndividual)}
12,01;{UnofficialPublication(DummyIndividual),GraduateCourse(DummyIndividual),Professor(DummyIndividual)}
12,01;{UnofficialPublication(DummyIndividual),GraduateCourse(DummyIndividual),FullProfessor(DummyIndividual)}
12,01;{UnofficialPublication(DummyIndividual),GraduateCourse(DummyIndividual),VisitingProfessor(DummyIndividual)}
12,01;{UnofficialPublication(DummyIndividual),GraduateCourse(DummyIndividual),AssociateProfessor(DummyIndividual)}
12,12;{UnofficialPublication(DummyIndividual),Research(DummyIndividual),Dean(DummyIndividual)}
12,12;{UnofficialPublication(DummyIndividual),Research(DummyIndividual),Professor(DummyIndividual)}
12,12;{UnofficialPublication(DummyIndividual),Research(DummyIndividual),FullProfessor(DummyIndividual)}
12,12;{UnofficialPublication(DummyIndividual),Research(DummyIndividual),VisitingProfessor(DummyIndividual)}
12,12;{UnofficialPublication(DummyIndividual),Research(DummyIndividual),AssociateProfessor(DummyIndividual)}
12,22;{UnofficialPublication(DummyIndividual),Dean(DummyIndividual),Work(DummyIndividual)}
12,22;{UnofficialPublication(DummyIndividual),Dean(DummyIndividual),Course(DummyIndividual)}
12,22;{UnofficialPublication(DummyIndividual),Professor(DummyIndividual),Work(DummyIndividual)}
12,22;{UnofficialPublication(DummyIndividual),Professor(DummyIndividual),Course(DummyIndividual)}
12,22;{UnofficialPublication(DummyIndividual),FullProfessor(DummyIndividual),Work(DummyIndividual)}
12,22;{UnofficialPublication(DummyIndividual),FullProfessor(DummyIndividual),Course(DummyIndividual)}
12,33;{UnofficialPublication(DummyIndividual),VisitingProfessor(DummyIndividual),Work(DummyIndividual)}
12,33;{UnofficialPublication(DummyIndividual),VisitingProfessor(DummyIndividual),Course(DummyIndividual)}
12,33;{UnofficialPublication(DummyIndividual),AssociateProfessor(DummyIndividual),Work(DummyIndividual)}
12,33;{UnofficialPublication(DummyIndividual),AssociateProfessor(DummyIndividual),Course(DummyIndividual)}
12,44;{TechnicalReport(DummyIndividual),AssistantProfessor(DummyIndividual),Work(DummyIndividual)}
12,44;{TechnicalReport(DummyIndividual),AssistantProfessor(DummyIndividual),GraduateCourse(DummyIndividual)}
12,44;{TechnicalReport(DummyIndividual),AssistantProfessor(DummyIndividual),Course(DummyIndividual)}
12,44;{TechnicalReport(DummyIndividual),AssistantProfessor(DummyIndividual),Research(DummyIndividual)}
12,54;{TechnicalReport(DummyIndividual),Chair(DummyIndividual),Work(DummyIndividual)}
12,54;{TechnicalReport(DummyIndividual),Chair(DummyIndividual),GraduateCourse(DummyIndividual)}
12,54;{TechnicalReport(DummyIndividual),Chair(DummyIndividual),Course(DummyIndividual)}
12,54;{TechnicalReport(DummyIndividual),Chair(DummyIndividual),Research(DummyIndividual)}
12,76;{TechnicalReport(DummyIndividual),Research(DummyIndividual),Dean(DummyIndividual)}
12,76;{TechnicalReport(DummyIndividual),Research(DummyIndividual),Professor(DummyIndividual)}
12,76;{TechnicalReport(DummyIndividual),Research(DummyIndividual),FullProfessor(DummyIndividual)}
12,76;{TechnicalReport(DummyIndividual),Research(DummyIndividual),VisitingProfessor(DummyIndividual)}
12,76;{TechnicalReport(DummyIndividual),Research(DummyIndividual),AssociateProfessor(DummyIndividual)}
12,87;{TechnicalReport(DummyIndividual),Dean(DummyIndividual),Work(DummyIndividual)}
12,87;{TechnicalReport(DummyIndividual),Dean(DummyIndividual),GraduateCourse(DummyIndividual)}
12,87;{TechnicalReport(DummyIndividual),Dean(DummyIndividual),Course(DummyIndividual)}
12,87;{TechnicalReport(DummyIndividual),Professor(DummyIndividual),Work(DummyIndividual)}
12,87;{TechnicalReport(DummyIndividual),Professor(DummyIndividual),Course(DummyIndividual)}
12,87;{TechnicalReport(DummyIndividual),FullProfessor(DummyIndividual),Work(DummyIndividual)}
12,87;{TechnicalReport(DummyIndividual),FullProfessor(DummyIndividual),GraduateCourse(DummyIndividual)}
12,87;{TechnicalReport(DummyIndividual),FullProfessor(DummyIndividual),Course(DummyIndividual)}
12,97;{TechnicalReport(DummyIndividual),VisitingProfessor(DummyIndividual),Work(DummyIndividual)}
12,97;{TechnicalReport(DummyIndividual),VisitingProfessor(DummyIndividual),GraduateCourse(DummyIndividual)}
12,97;{TechnicalReport(DummyIndividual),VisitingProfessor(DummyIndividual),Course(DummyIndividual)}
12,97;{TechnicalReport(DummyIndividual),AssociateProfessor(DummyIndividual),Work(DummyIndividual)}
12,97;{TechnicalReport(DummyIndividual),AssociateProfessor(DummyIndividual),GraduateCourse(DummyIndividual)}
12,97;{TechnicalReport(DummyIndividual),AssociateProfessor(DummyIndividual),Course(DummyIndividual)}
13,18;{JournalArticle(DummyIndividual),Chair(DummyIndividual),Work(DummyIndividual)}
13,18;{JournalArticle(DummyIndividual),Chair(DummyIndividual),GraduateCourse(DummyIndividual)}
13,18;{JournalArticle(DummyIndividual),Chair(DummyIndividual),Course(DummyIndividual)}
13,18;{JournalArticle(DummyIndividual),Chair(DummyIndividual),Research(DummyIndividual)}
13,18;{JournalArticle(DummyIndividual),Work(DummyIndividual),AssistantProfessor(DummyIndividual)}
13,18;{JournalArticle(DummyIndividual),Work(DummyIndividual),Dean(DummyIndividual)}
13,18;{JournalArticle(DummyIndividual),Work(DummyIndividual),Professor(DummyIndividual)}
13,18;{JournalArticle(DummyIndividual),Work(DummyIndividual),FullProfessor(DummyIndividual)}
13,18;{JournalArticle(DummyIndividual),Work(DummyIndividual),VisitingProfessor(DummyIndividual)}
13,18;{JournalArticle(DummyIndividual),Work(DummyIndividual),AssociateProfessor(DummyIndividual)}
13,28;{JournalArticle(DummyIndividual),GraduateCourse(DummyIndividual),AssistantProfessor(DummyIndividual)}
13,28;{JournalArticle(DummyIndividual),GraduateCourse(DummyIndividual),Dean(DummyIndividual)}
13,28;{JournalArticle(DummyIndividual),GraduateCourse(DummyIndividual),Professor(DummyIndividual)}
13,28;{JournalArticle(DummyIndividual),GraduateCourse(DummyIndividual),FullProfessor(DummyIndividual)}
13,28;{JournalArticle(DummyIndividual),GraduateCourse(DummyIndividual),VisitingProfessor(DummyIndividual)}
13,28;{JournalArticle(DummyIndividual),GraduateCourse(DummyIndividual),AssociateProfessor(DummyIndividual)}
13,28;{JournalArticle(DummyIndividual),Course(DummyIndividual),Dean(DummyIndividual)}
13,39;{JournalArticle(DummyIndividual),Course(DummyIndividual),Professor(DummyIndividual)}
13,39;{JournalArticle(DummyIndividual),Course(DummyIndividual),FullProfessor(DummyIndividual)}
13,39;{JournalArticle(DummyIndividual),Course(DummyIndividual),VisitingProfessor(DummyIndividual)}
13,39;{JournalArticle(DummyIndividual),Course(DummyIndividual),AssociateProfessor(DummyIndividual)}
13,39;{JournalArticle(DummyIndividual),Research(DummyIndividual),AssistantProfessor(DummyIndividual)}
13,39;{JournalArticle(DummyIndividual),Research(DummyIndividual),Dean(DummyIndividual)}
13,39;{JournalArticle(DummyIndividual),Research(DummyIndividual),Professor(DummyIndividual)}
13,39;{JournalArticle(DummyIndividual),Research(DummyIndividual),FullProfessor(DummyIndividual)}
13,39;{JournalArticle(DummyIndividual),Research(DummyIndividual),VisitingProfessor(DummyIndividual)}
13,39;{JournalArticle(DummyIndividual),Research(DummyIndividual),AssociateProfessor(DummyIndividual)}
13,72;{Publication(DummyIndividual),AssistantProfessor(DummyIndividual),Work(DummyIndividual)}
13,72;{Publication(DummyIndividual),AssistantProfessor(DummyIndividual),GraduateCourse(DummyIndividual)}
13,72;{Publication(DummyIndividual),AssistantProfessor(DummyIndividual),Course(DummyIndividual)}
13,72;{Publication(DummyIndividual),AssistantProfessor(DummyIndividual),Research(DummyIndividual)}
13,72;{Publication(DummyIndividual),Chair(DummyIndividual),Work(DummyIndividual)}
13,72;{Publication(DummyIndividual),Chair(DummyIndividual),GraduateCourse(DummyIndividual)}
13,72;{Publication(DummyIndividual),Chair(DummyIndividual),Course(DummyIndividual)}
13,72;{Publication(DummyIndividual),Chair(DummyIndividual),Research(DummyIndividual)}
13,92;{Publication(DummyIndividual),Research(DummyIndividual),Dean(DummyIndividual)}
13,92;{Publication(DummyIndividual),Research(DummyIndividual),Professor(DummyIndividual)}
13,92;{Publication(DummyIndividual),Research(DummyIndividual),FullProfessor(DummyIndividual)}
13,92;{Publication(DummyIndividual),Research(DummyIndividual),VisitingProfessor(DummyIndividual)}
13,92;{Publication(DummyIndividual),Research(DummyIndividual),AssociateProfessor(DummyIndividual)}
14,03;{Publication(DummyIndividual),Dean(DummyIndividual),Work(DummyIndividual)}
14,03;{Publication(DummyIndividual),Dean(DummyIndividual),GraduateCourse(DummyIndividual)}
14,03;{Publication(DummyIndividual),Dean(DummyIndividual),Course(DummyIndividual)}
14,03;{Publication(DummyIndividual),Professor(DummyIndividual),Work(DummyIndividual)}
14,03;{Publication(DummyIndividual),Professor(DummyIndividual),Course(DummyIndividual)}
14,03;{Publication(DummyIndividual),FullProfessor(DummyIndividual),Work(DummyIndividual)}
14,03;{Publication(DummyIndividual),FullProfessor(DummyIndividual),GraduateCourse(DummyIndividual)}
14,03;{Publication(DummyIndividual),FullProfessor(DummyIndividual),Course(DummyIndividual)}
14,13;{Publication(DummyIndividual),VisitingProfessor(DummyIndividual),Work(DummyIndividual)}
14,13;{Publication(DummyIndividual),VisitingProfessor(DummyIndividual),GraduateCourse(DummyIndividual)}
14,13;{Publication(DummyIndividual),VisitingProfessor(DummyIndividual),Course(DummyIndividual)}
14,13;{Publication(DummyIndividual),AssociateProfessor(DummyIndividual),Work(DummyIndividual)}
14,13;{Publication(DummyIndividual),AssociateProfessor(DummyIndividual),GraduateCourse(DummyIndividual)}
14,13;{Publication(DummyIndividual),AssociateProfessor(DummyIndividual),Course(DummyIndividual)}
14,22;{Book(DummyIndividual),AssistantProfessor(DummyIndividual),Work(DummyIndividual)}
14,22;{Book(DummyIndividual),AssistantProfessor(DummyIndividual),GraduateCourse(DummyIndividual)}
14,22;{Book(DummyIndividual),AssistantProfessor(DummyIndividual),Research(DummyIndividual)}
14,33;{Book(DummyIndividual),Chair(DummyIndividual),Work(DummyIndividual)}
14,33;{Book(DummyIndividual),Chair(DummyIndividual),GraduateCourse(DummyIndividual)}
14,33;{Book(DummyIndividual),Chair(DummyIndividual),Course(DummyIndividual)}
14,33;{Book(DummyIndividual),Chair(DummyIndividual),Research(DummyIndividual)}
14,43;{Book(DummyIndividual),GraduateCourse(DummyIndividual),Dean(DummyIndividual)}
14,43;{Book(DummyIndividual),GraduateCourse(DummyIndividual),Professor(DummyIndividual)}
14,43;{Book(DummyIndividual),GraduateCourse(DummyIndividual),FullProfessor(DummyIndividual)}
14,43;{Book(DummyIndividual),GraduateCourse(DummyIndividual),VisitingProfessor(DummyIndividual)}
14,43;{Book(DummyIndividual),GraduateCourse(DummyIndividual),AssociateProfessor(DummyIndividual)}
14,53;{Book(DummyIndividual),Research(DummyIndividual),Dean(DummyIndividual)}
14,53;{Book(DummyIndividual),Research(DummyIndividual),Professor(DummyIndividual)}
14,53;{Book(DummyIndividual),Research(DummyIndividual),FullProfessor(DummyIndividual)}
14,53;{Book(DummyIndividual),Research(DummyIndividual),VisitingProfessor(DummyIndividual)}
14,53;{Book(DummyIndividual),Research(DummyIndividual),AssociateProfessor(DummyIndividual)}
14,64;{Book(DummyIndividual),Dean(DummyIndividual),Work(DummyIndividual)}
14,64;{Book(DummyIndividual),Dean(DummyIndividual),Course(DummyIndividual)}
14,64;{Book(DummyIndividual),Professor(DummyIndividual),Work(DummyIndividual)}
14,64;{Book(DummyIndividual),Professor(DummyIndividual),Course(DummyIndividual)}
14,64;{Book(DummyIndividual),FullProfessor(DummyIndividual),Work(DummyIndividual)}
14,64;{Book(DummyIndividual),FullProfessor(DummyIndividual),Course(DummyIndividual)}
14,64;{Book(DummyIndividual),VisitingProfessor(DummyIndividual),Work(DummyIndividual)}
14,64;{Book(DummyIndividual),VisitingProfessor(DummyIndividual),Course(DummyIndividual)}
14,75;{Book(DummyIndividual),AssociateProfessor(DummyIndividual),Work(DummyIndividual)}
14,75;{Book(DummyIndividual),AssociateProfessor(DummyIndividual),Course(DummyIndividual)}
14,85;{Manual(DummyIndividual),AssistantProfessor(DummyIndividual),Work(DummyIndividual)}
14,85;{Manual(DummyIndividual),AssistantProfessor(DummyIndividual),GraduateCourse(DummyIndividual)}
14,85;{Manual(DummyIndividual),AssistantProfessor(DummyIndividual),Course(DummyIndividual)}
14,85;{Manual(DummyIndividual),AssistantProfessor(DummyIndividual),Research(DummyIndividual)}
14,85;{Manual(DummyIndividual),Chair(DummyIndividual),Work(DummyIndividual)}
14,85;{Manual(DummyIndividual),Chair(DummyIndividual),GraduateCourse(DummyIndividual)}
14,85;{Manual(DummyIndividual),Chair(DummyIndividual),Course(DummyIndividual)}
14,85;{Manual(DummyIndividual),Chair(DummyIndividual),Research(DummyIndividual)}
15,06;{Manual(DummyIndividual),Research(DummyIndividual),Dean(DummyIndividual)}
15,06;{Manual(DummyIndividual),Research(DummyIndividual),Professor(DummyIndividual)}
15,06;{Manual(DummyIndividual),Research(DummyIndividual),FullProfessor(DummyIndividual)}
15,17;{Manual(DummyIndividual),Research(DummyIndividual),VisitingProfessor(DummyIndividual)}
15,17;{Manual(DummyIndividual),Research(DummyIndividual),AssociateProfessor(DummyIndividual)}
15,17;{Manual(DummyIndividual),Dean(DummyIndividual),Work(DummyIndividual)}
15,17;{Manual(DummyIndividual),Dean(DummyIndividual),GraduateCourse(DummyIndividual)}
15,17;{Manual(DummyIndividual),Dean(DummyIndividual),Course(DummyIndividual)}
15,17;{Manual(DummyIndividual),Professor(DummyIndividual),Work(DummyIndividual)}
15,17;{Manual(DummyIndividual),Professor(DummyIndividual),Course(DummyIndividual)}
15,28;{Manual(DummyIndividual),FullProfessor(DummyIndividual),Work(DummyIndividual)}
15,28;{Manual(DummyIndividual),FullProfessor(DummyIndividual),GraduateCourse(DummyIndividual)}
15,28;{Manual(DummyIndividual),FullProfessor(DummyIndividual),Course(DummyIndividual)}
15,28;{Manual(DummyIndividual),VisitingProfessor(DummyIndividual),Work(DummyIndividual)}
15,28;{Manual(DummyIndividual),VisitingProfessor(DummyIndividual),GraduateCourse(DummyIndividual)}
15,28;{Manual(DummyIndividual),VisitingProfessor(DummyIndividual),Course(DummyIndividual)}
15,28;{Manual(DummyIndividual),AssociateProfessor(DummyIndividual),Work(DummyIndividual)}
15,28;{Manual(DummyIndividual),AssociateProfessor(DummyIndividual),GraduateCourse(DummyIndividual)}
15,28;{Manual(DummyIndividual),AssociateProfessor(DummyIndividual),Course(DummyIndividual)}
15,49;{Specification(DummyIndividual),AssistantProfessor(DummyIndividual),Work(DummyIndividual)}
15,49;{Specification(DummyIndividual),AssistantProfessor(DummyIndividual),GraduateCourse(DummyIndividual)}
15,49;{Specification(DummyIndividual),AssistantProfessor(DummyIndividual),Course(DummyIndividual)}
15,49;{Specification(DummyIndividual),AssistantProfessor(DummyIndividual),Research(DummyIndividual)}
15,58;{Specification(DummyIndividual),Chair(DummyIndividual),Work(DummyIndividual)}
15,58;{Specification(DummyIndividual),Chair(DummyIndividual),GraduateCourse(DummyIndividual)}
15,58;{Specification(DummyIndividual),Chair(DummyIndividual),Course(DummyIndividual)}
15,58;{Specification(DummyIndividual),Chair(DummyIndividual),Research(DummyIndividual)}
15,78;{Specification(DummyIndividual),Research(DummyIndividual),Dean(DummyIndividual)}
15,78;{Specification(DummyIndividual),Research(DummyIndividual),Professor(DummyIndividual)}
15,78;{Specification(DummyIndividual),Research(DummyIndividual),FullProfessor(DummyIndividual)}
15,78;{Specification(DummyIndividual),Research(DummyIndividual),VisitingProfessor(DummyIndividual)}
15,78;{Specification(DummyIndividual),Research(DummyIndividual),AssociateProfessor(DummyIndividual)}
15,89;{Specification(DummyIndividual),Dean(DummyIndividual),Work(DummyIndividual)}
15,89;{Specification(DummyIndividual),Dean(DummyIndividual),GraduateCourse(DummyIndividual)}
15,89;{Specification(DummyIndividual),Dean(DummyIndividual),Course(DummyIndividual)}
15,89;{Specification(DummyIndividual),Professor(DummyIndividual),Work(DummyIndividual)}
15,89;{Specification(DummyIndividual),Professor(DummyIndividual),Course(DummyIndividual)}
15,89;{Specification(DummyIndividual),FullProfessor(DummyIndividual),Work(DummyIndividual)}
15,89;{Specification(DummyIndividual),FullProfessor(DummyIndividual),GraduateCourse(DummyIndividual)}
15,89;{Specification(DummyIndividual),FullProfessor(DummyIndividual),Course(DummyIndividual)}
15,89;{Specification(DummyIndividual),VisitingProfessor(DummyIndividual),Work(DummyIndividual)}
15,89;{Specification(DummyIndividual),VisitingProfessor(DummyIndividual),GraduateCourse(DummyIndividual)}
15,89;{Specification(DummyIndividual),VisitingProfessor(DummyIndividual),Course(DummyIndividual)}
15,98;{Specification(DummyIndividual),AssociateProfessor(DummyIndividual),Work(DummyIndividual)}
15,98;{Specification(DummyIndividual),AssociateProfessor(DummyIndividual),GraduateCourse(DummyIndividual)}
15,98;{Specification(DummyIndividual),AssociateProfessor(DummyIndividual),Course(DummyIndividual)}
16,09;{Software(DummyIndividual),AssistantProfessor(DummyIndividual),Work(DummyIndividual)}
16,09;{Software(DummyIndividual),AssistantProfessor(DummyIndividual),GraduateCourse(DummyIndividual)}
16,09;{Software(DummyIndividual),AssistantProfessor(DummyIndividual),Course(DummyIndividual)}
16,09;{Software(DummyIndividual),AssistantProfessor(DummyIndividual),Research(DummyIndividual)}
16,09;{Software(DummyIndividual),Chair(DummyIndividual),Work(DummyIndividual)}
16,20;{Software(DummyIndividual),Chair(DummyIndividual),GraduateCourse(DummyIndividual)}
16,20;{Software(DummyIndividual),Chair(DummyIndividual),Course(DummyIndividual)}
16,20;{Software(DummyIndividual),Chair(DummyIndividual),Research(DummyIndividual)}
16,31;{Software(DummyIndividual),Research(DummyIndividual),Dean(DummyIndividual)}
16,31;{Software(DummyIndividual),Research(DummyIndividual),Professor(DummyIndividual)}
16,31;{Software(DummyIndividual),Research(DummyIndividual),FullProfessor(DummyIndividual)}
16,40;{Software(DummyIndividual),Research(DummyIndividual),VisitingProfessor(DummyIndividual)}
16,40;{Software(DummyIndividual),Research(DummyIndividual),AssociateProfessor(DummyIndividual)}
16,40;{Software(DummyIndividual),Dean(DummyIndividual),Work(DummyIndividual)}
16,40;{Software(DummyIndividual),Dean(DummyIndividual),GraduateCourse(DummyIndividual)}
16,40;{Software(DummyIndividual),Dean(DummyIndividual),Course(DummyIndividual)}
16,40;{Software(DummyIndividual),Professor(DummyIndividual),Work(DummyIndividual)}
16,40;{Software(DummyIndividual),Professor(DummyIndividual),Course(DummyIndividual)}
16,50;{Software(DummyIndividual),FullProfessor(DummyIndividual),Work(DummyIndividual)}
16,50;{Software(DummyIndividual),FullProfessor(DummyIndividual),GraduateCourse(DummyIndividual)}
16,50;{Software(DummyIndividual),FullProfessor(DummyIndividual),Course(DummyIndividual)}
16,50;{Software(DummyIndividual),VisitingProfessor(DummyIndividual),Work(DummyIndividual)}
16,50;{Software(DummyIndividual),VisitingProfessor(DummyIndividual),GraduateCourse(DummyIndividual)}
16,50;{Software(DummyIndividual),VisitingProfessor(DummyIndividual),Course(DummyIndividual)}
16,50;{Software(DummyIndividual),AssociateProfessor(DummyIndividual),Work(DummyIndividual)}
16,50;{Software(DummyIndividual),AssociateProfessor(DummyIndividual),GraduateCourse(DummyIndividual)}
16,50;{Software(DummyIndividual),AssociateProfessor(DummyIndividual),Course(DummyIndividual)}
