1,23;{DummyClass(DummyIndividual)}
1,04;{JournalArticle(DummyIndividual),Course(DummyIndividual),UndergraduateStudent(DummyIndividual)}
1,71;{GraduateStudent(DummyIndividual),GraduateCourse(DummyIndividual),TechnicalReport(DummyIndividual)}
1,97;{GraduateStudent(DummyIndividual),GraduateCourse(DummyIndividual),Article(DummyIndividual)}
2,23;{GraduateStudent(DummyIndividual),GraduateCourse(DummyIndividual),JournalArticle(DummyIndividual)}
2,53;{GraduateStudent(DummyIndividual),GraduateCourse(DummyIndividual),ConferencePaper(DummyIndividual)}
4,10;{Article(DummyIndividual),Student(DummyIndividual),GraduateCourse(DummyIndividual)}
4,21;{Article(DummyIndividual),Student(DummyIndividual),Course(DummyIndividual)}
4,21;{Article(DummyIndividual),UndergraduateStudent(DummyIndividual),GraduateCourse(DummyIndividual)}
4,21;{Article(DummyIndividual),UndergraduateStudent(DummyIndividual),Course(DummyIndividual)}
4,21;{Article(DummyIndividual),GraduateStudent(DummyIndividual),Course(DummyIndividual)}
4,21;{ConferencePaper(DummyIndividual),Student(DummyIndividual),GraduateCourse(DummyIndividual)}
4,33;{ConferencePaper(DummyIndividual),Student(DummyIndividual),Course(DummyIndividual)}
4,33;{ConferencePaper(DummyIndividual),UndergraduateStudent(DummyIndividual),GraduateCourse(DummyIndividual)}
4,33;{ConferencePaper(DummyIndividual),UndergraduateStudent(DummyIndividual),Course(DummyIndividual)}
4,33;{ConferencePaper(DummyIndividual),GraduateStudent(DummyIndividual),Course(DummyIndividual)}
5,34;{UndergraduateStudent(DummyIndividual),TechnicalReport(DummyIndividual),GraduateCourse(DummyIndividual)}
5,34;{UndergraduateStudent(DummyIndividual),TechnicalReport(DummyIndividual),Course(DummyIndividual)}
5,34;{UndergraduateStudent(DummyIndividual),GraduateCourse(DummyIndividual),JournalArticle(DummyIndividual)}
5,43;{TechnicalReport(DummyIndividual),Student(DummyIndividual),GraduateCourse(DummyIndividual)}
5,43;{TechnicalReport(DummyIndividual),Student(DummyIndividual),Course(DummyIndividual)}
5,43;{TechnicalReport(DummyIndividual),GraduateStudent(DummyIndividual),Course(DummyIndividual)}
5,53;{JournalArticle(DummyIndividual),Student(DummyIndividual),GraduateCourse(DummyIndividual)}
5,53;{JournalArticle(DummyIndividual),Student(DummyIndividual),Course(DummyIndividual)}
5,53;{JournalArticle(DummyIndividual),GraduateStudent(DummyIndividual),Course(DummyIndividual)}
