4,02;{DummyClass(DummyIndividual)}
1,09;{Course(DummyIndividual),AssistantProfessor(DummyIndividual),Book(DummyIndividual)}
1,48;{Course(DummyIndividual),AssistantProfessor(DummyIndividual),UnofficialPublication(DummyIndividual)}
1,95;{Course(DummyIndividual),AssistantProfessor(DummyIndividual),Article(DummyIndividual)}
2,41;{Course(DummyIndividual),AssistantProfessor(DummyIndividual),JournalArticle(DummyIndividual)}
2,78;{Course(DummyIndividual),AssistantProfessor(DummyIndividual),Manual(DummyIndividual)}
3,16;{Course(DummyIndividual),AssistantProfessor(DummyIndividual),Software(DummyIndividual)}
3,53;{FullProfessor(DummyIndividual),Work(DummyIndividual),TechnicalReport(DummyIndividual)}
3,83;{FullProfessor(DummyIndividual),Work(DummyIndividual),ConferencePaper(DummyIndividual)}
4,33;{Professor(DummyIndividual),GraduateCourse(DummyIndividual),Publication(DummyIndividual)}
4,54;{Professor(DummyIndividual),GraduateCourse(DummyIndividual),Specification(DummyIndividual)}
7,17;{VisitingProfessor(DummyIndividual),ConferencePaper(DummyIndividual),GraduateCourse(DummyIndividual)}
7,25;{Dean(DummyIndividual),ConferencePaper(DummyIndividual),GraduateCourse(DummyIndividual)}
7,48;{Chair(DummyIndividual),ConferencePaper(DummyIndividual),GraduateCourse(DummyIndividual)}
7,54;{FullProfessor(DummyIndividual),ConferencePaper(DummyIndividual),GraduateCourse(DummyIndividual)}
7,72;{AssociateProfessor(DummyIndividual),ConferencePaper(DummyIndividual),GraduateCourse(DummyIndividual)}
7,81;{Professor(DummyIndividual),ConferencePaper(DummyIndividual),GraduateCourse(DummyIndividual)}
7,81;{AssistantProfessor(DummyIndividual),ConferencePaper(DummyIndividual),GraduateCourse(DummyIndividual)}
9,68;{Research(DummyIndividual),JournalArticle(DummyIndividual),FullProfessor(DummyIndividual)}
9,89;{Course(DummyIndividual),JournalArticle(DummyIndividual),FullProfessor(DummyIndividual)}
10,09;{GraduateCourse(DummyIndividual),JournalArticle(DummyIndividual),FullProfessor(DummyIndividual)}
10,30;{Work(DummyIndividual),JournalArticle(DummyIndividual),FullProfessor(DummyIndividual)}
13,59;{Article(DummyIndividual),AssistantProfessor(DummyIndividual),Work(DummyIndividual)}
13,59;{Article(DummyIndividual),AssistantProfessor(DummyIndividual),GraduateCourse(DummyIndividual)}
13,70;{Article(DummyIndividual),AssistantProfessor(DummyIndividual),Research(DummyIndividual)}
13,80;{Article(DummyIndividual),Chair(DummyIndividual),Work(DummyIndividual)}
13,80;{Article(DummyIndividual),Chair(DummyIndividual),GraduateCourse(DummyIndividual)}
13,80;{Article(DummyIndividual),Chair(DummyIndividual),Course(DummyIndividual)}
13,80;{Article(DummyIndividual),Chair(DummyIndividual),Research(DummyIndividual)}
14,25;{Article(DummyIndividual),GraduateCourse(DummyIndividual),Dean(DummyIndividual)}
14,35;{Article(DummyIndividual),GraduateCourse(DummyIndividual),Professor(DummyIndividual)}
14,35;{Article(DummyIndividual),GraduateCourse(DummyIndividual),FullProfessor(DummyIndividual)}
14,35;{Article(DummyIndividual),GraduateCourse(DummyIndividual),VisitingProfessor(DummyIndividual)}
14,35;{Article(DummyIndividual),GraduateCourse(DummyIndividual),AssociateProfessor(DummyIndividual)}
15,05;{Article(DummyIndividual),Course(DummyIndividual),Dean(DummyIndividual)}
15,05;{Article(DummyIndividual),Course(DummyIndividual),Professor(DummyIndividual)}
15,05;{Article(DummyIndividual),Course(DummyIndividual),FullProfessor(DummyIndividual)}
15,05;{Article(DummyIndividual),Course(DummyIndividual),VisitingProfessor(DummyIndividual)}
15,05;{Article(DummyIndividual),Course(DummyIndividual),AssociateProfessor(DummyIndividual)}
15,27;{Article(DummyIndividual),Research(DummyIndividual),Dean(DummyIndividual)}
15,38;{Article(DummyIndividual),Research(DummyIndividual),Professor(DummyIndividual)}
15,38;{Article(DummyIndividual),Research(DummyIndividual),FullProfessor(DummyIndividual)}
15,38;{Article(DummyIndividual),Research(DummyIndividual),VisitingProfessor(DummyIndividual)}
15,38;{Article(DummyIndividual),Research(DummyIndividual),AssociateProfessor(DummyIndividual)}
15,58;{Article(DummyIndividual),Dean(DummyIndividual),Work(DummyIndividual)}
15,69;{Article(DummyIndividual),Professor(DummyIndividual),Work(DummyIndividual)}
15,79;{Article(DummyIndividual),FullProfessor(DummyIndividual),Work(DummyIndividual)}
16,01;{Article(DummyIndividual),VisitingProfessor(DummyIndividual),Work(DummyIndividual)}
16,10;{Article(DummyIndividual),AssociateProfessor(DummyIndividual),Work(DummyIndividual)}
16,33;{ConferencePaper(DummyIndividual),AssistantProfessor(DummyIndividual),Work(DummyIndividual)}
16,43;{ConferencePaper(DummyIndividual),AssistantProfessor(DummyIndividual),Course(DummyIndividual)}
16,43;{ConferencePaper(DummyIndividual),AssistantProfessor(DummyIndividual),Research(DummyIndividual)}
16,53;{ConferencePaper(DummyIndividual),Chair(DummyIndividual),Work(DummyIndividual)}
16,53;{ConferencePaper(DummyIndividual),Chair(DummyIndividual),Course(DummyIndividual)}
16,53;{ConferencePaper(DummyIndividual),Chair(DummyIndividual),Research(DummyIndividual)}
17,23;{ConferencePaper(DummyIndividual),Course(DummyIndividual),Dean(DummyIndividual)}
17,23;{ConferencePaper(DummyIndividual),Course(DummyIndividual),Professor(DummyIndividual)}
17,33;{ConferencePaper(DummyIndividual),Course(DummyIndividual),FullProfessor(DummyIndividual)}
17,33;{ConferencePaper(DummyIndividual),Course(DummyIndividual),VisitingProfessor(DummyIndividual)}
17,33;{ConferencePaper(DummyIndividual),Course(DummyIndividual),AssociateProfessor(DummyIndividual)}
17,33;{ConferencePaper(DummyIndividual),Research(DummyIndividual),Dean(DummyIndividual)}
17,33;{ConferencePaper(DummyIndividual),Research(DummyIndividual),Professor(DummyIndividual)}
17,33;{ConferencePaper(DummyIndividual),Research(DummyIndividual),FullProfessor(DummyIndividual)}
17,33;{ConferencePaper(DummyIndividual),Research(DummyIndividual),VisitingProfessor(DummyIndividual)}
17,33;{ConferencePaper(DummyIndividual),Research(DummyIndividual),AssociateProfessor(DummyIndividual)}
17,54;{ConferencePaper(DummyIndividual),Dean(DummyIndividual),Work(DummyIndividual)}
17,54;{ConferencePaper(DummyIndividual),Professor(DummyIndividual),Work(DummyIndividual)}
17,95;{ConferencePaper(DummyIndividual),VisitingProfessor(DummyIndividual),Work(DummyIndividual)}
17,95;{ConferencePaper(DummyIndividual),AssociateProfessor(DummyIndividual),Work(DummyIndividual)}
18,48;{UnofficialPublication(DummyIndividual),AssistantProfessor(DummyIndividual),Work(DummyIndividual)}
18,48;{UnofficialPublication(DummyIndividual),AssistantProfessor(DummyIndividual),GraduateCourse(DummyIndividual)}
18,59;{UnofficialPublication(DummyIndividual),AssistantProfessor(DummyIndividual),Research(DummyIndividual)}
18,68;{UnofficialPublication(DummyIndividual),Chair(DummyIndividual),Work(DummyIndividual)}
18,68;{UnofficialPublication(DummyIndividual),Chair(DummyIndividual),GraduateCourse(DummyIndividual)}
18,68;{UnofficialPublication(DummyIndividual),Chair(DummyIndividual),Course(DummyIndividual)}
18,68;{UnofficialPublication(DummyIndividual),Chair(DummyIndividual),Research(DummyIndividual)}
18,90;{UnofficialPublication(DummyIndividual),GraduateCourse(DummyIndividual),Dean(DummyIndividual)}
18,90;{UnofficialPublication(DummyIndividual),GraduateCourse(DummyIndividual),Professor(DummyIndividual)}
18,90;{UnofficialPublication(DummyIndividual),GraduateCourse(DummyIndividual),FullProfessor(DummyIndividual)}
18,90;{UnofficialPublication(DummyIndividual),GraduateCourse(DummyIndividual),VisitingProfessor(DummyIndividual)}
18,90;{UnofficialPublication(DummyIndividual),GraduateCourse(DummyIndividual),AssociateProfessor(DummyIndividual)}
19,21;{UnofficialPublication(DummyIndividual),Research(DummyIndividual),Dean(DummyIndividual)}
19,33;{UnofficialPublication(DummyIndividual),Research(DummyIndividual),Professor(DummyIndividual)}
19,33;{UnofficialPublication(DummyIndividual),Research(DummyIndividual),FullProfessor(DummyIndividual)}
19,33;{UnofficialPublication(DummyIndividual),Research(DummyIndividual),VisitingProfessor(DummyIndividual)}
19,33;{UnofficialPublication(DummyIndividual),Research(DummyIndividual),AssociateProfessor(DummyIndividual)}
19,43;{UnofficialPublication(DummyIndividual),Dean(DummyIndividual),Work(DummyIndividual)}
19,43;{UnofficialPublication(DummyIndividual),Dean(DummyIndividual),Course(DummyIndividual)}
19,52;{UnofficialPublication(DummyIndividual),Professor(DummyIndividual),Work(DummyIndividual)}
19,52;{UnofficialPublication(DummyIndividual),Professor(DummyIndividual),Course(DummyIndividual)}
19,62;{UnofficialPublication(DummyIndividual),FullProfessor(DummyIndividual),Work(DummyIndividual)}
19,74;{UnofficialPublication(DummyIndividual),FullProfessor(DummyIndividual),Course(DummyIndividual)}
19,94;{UnofficialPublication(DummyIndividual),VisitingProfessor(DummyIndividual),Work(DummyIndividual)}
19,94;{UnofficialPublication(DummyIndividual),VisitingProfessor(DummyIndividual),Course(DummyIndividual)}
19,94;{UnofficialPublication(DummyIndividual),AssociateProfessor(DummyIndividual),Work(DummyIndividual)}
19,94;{UnofficialPublication(DummyIndividual),AssociateProfessor(DummyIndividual),Course(DummyIndividual)}
20,35;{TechnicalReport(DummyIndividual),AssistantProfessor(DummyIndividual),Work(DummyIndividual)}
20,35;{TechnicalReport(DummyIndividual),AssistantProfessor(DummyIndividual),GraduateCourse(DummyIndividual)}
20,35;{TechnicalReport(DummyIndividual),AssistantProfessor(DummyIndividual),Course(DummyIndividual)}
20,35;{TechnicalReport(DummyIndividual),AssistantProfessor(DummyIndividual),Research(DummyIndividual)}
20,43;{TechnicalReport(DummyIndividual),Chair(DummyIndividual),Work(DummyIndividual)}
20,43;{TechnicalReport(DummyIndividual),Chair(DummyIndividual),GraduateCourse(DummyIndividual)}
20,51;{TechnicalReport(DummyIndividual),Chair(DummyIndividual),Course(DummyIndividual)}
20,51;{TechnicalReport(DummyIndividual),Chair(DummyIndividual),Research(DummyIndividual)}
20,71;{TechnicalReport(DummyIndividual),GraduateCourse(DummyIndividual),Dean(DummyIndividual)}
20,71;{TechnicalReport(DummyIndividual),GraduateCourse(DummyIndividual),Professor(DummyIndividual)}
20,71;{TechnicalReport(DummyIndividual),GraduateCourse(DummyIndividual),FullProfessor(DummyIndividual)}
20,71;{TechnicalReport(DummyIndividual),GraduateCourse(DummyIndividual),VisitingProfessor(DummyIndividual)}
20,82;{TechnicalReport(DummyIndividual),GraduateCourse(DummyIndividual),AssociateProfessor(DummyIndividual)}
21,30;{TechnicalReport(DummyIndividual),Course(DummyIndividual),Dean(DummyIndividual)}
21,30;{TechnicalReport(DummyIndividual),Course(DummyIndividual),Professor(DummyIndividual)}
21,30;{TechnicalReport(DummyIndividual),Course(DummyIndividual),FullProfessor(DummyIndividual)}
21,30;{TechnicalReport(DummyIndividual),Course(DummyIndividual),VisitingProfessor(DummyIndividual)}
21,30;{TechnicalReport(DummyIndividual),Course(DummyIndividual),AssociateProfessor(DummyIndividual)}
21,30;{TechnicalReport(DummyIndividual),Research(DummyIndividual),Dean(DummyIndividual)}
21,30;{TechnicalReport(DummyIndividual),Research(DummyIndividual),Professor(DummyIndividual)}
21,41;{TechnicalReport(DummyIndividual),Research(DummyIndividual),FullProfessor(DummyIndividual)}
21,41;{TechnicalReport(DummyIndividual),Research(DummyIndividual),VisitingProfessor(DummyIndividual)}
21,41;{TechnicalReport(DummyIndividual),Research(DummyIndividual),AssociateProfessor(DummyIndividual)}
21,62;{TechnicalReport(DummyIndividual),Dean(DummyIndividual),Work(DummyIndividual)}
21,62;{TechnicalReport(DummyIndividual),Professor(DummyIndividual),Work(DummyIndividual)}
22,06;{TechnicalReport(DummyIndividual),VisitingProfessor(DummyIndividual),Work(DummyIndividual)}
22,15;{TechnicalReport(DummyIndividual),AssociateProfessor(DummyIndividual),Work(DummyIndividual)}
22,66;{JournalArticle(DummyIndividual),Chair(DummyIndividual),Work(DummyIndividual)}
22,66;{JournalArticle(DummyIndividual),Chair(DummyIndividual),GraduateCourse(DummyIndividual)}
22,66;{JournalArticle(DummyIndividual),Chair(DummyIndividual),Course(DummyIndividual)}
22,66;{JournalArticle(DummyIndividual),Chair(DummyIndividual),Research(DummyIndividual)}
22,87;{JournalArticle(DummyIndividual),Work(DummyIndividual),AssistantProfessor(DummyIndividual)}
22,87;{JournalArticle(DummyIndividual),Work(DummyIndividual),Dean(DummyIndividual)}
22,87;{JournalArticle(DummyIndividual),Work(DummyIndividual),Professor(DummyIndividual)}
22,97;{JournalArticle(DummyIndividual),Work(DummyIndividual),VisitingProfessor(DummyIndividual)}
22,97;{JournalArticle(DummyIndividual),Work(DummyIndividual),AssociateProfessor(DummyIndividual)}
22,97;{JournalArticle(DummyIndividual),GraduateCourse(DummyIndividual),AssistantProfessor(DummyIndividual)}
22,97;{JournalArticle(DummyIndividual),GraduateCourse(DummyIndividual),Dean(DummyIndividual)}
22,97;{JournalArticle(DummyIndividual),GraduateCourse(DummyIndividual),Professor(DummyIndividual)}
22,97;{JournalArticle(DummyIndividual),GraduateCourse(DummyIndividual),VisitingProfessor(DummyIndividual)}
22,97;{JournalArticle(DummyIndividual),GraduateCourse(DummyIndividual),AssociateProfessor(DummyIndividual)}
23,27;{JournalArticle(DummyIndividual),Course(DummyIndividual),Dean(DummyIndividual)}
23,27;{JournalArticle(DummyIndividual),Course(DummyIndividual),Professor(DummyIndividual)}
23,27;{JournalArticle(DummyIndividual),Course(DummyIndividual),VisitingProfessor(DummyIndividual)}
23,27;{JournalArticle(DummyIndividual),Course(DummyIndividual),AssociateProfessor(DummyIndividual)}
23,27;{JournalArticle(DummyIndividual),Research(DummyIndividual),AssistantProfessor(DummyIndividual)}
23,27;{JournalArticle(DummyIndividual),Research(DummyIndividual),Dean(DummyIndividual)}
23,27;{JournalArticle(DummyIndividual),Research(DummyIndividual),Professor(DummyIndividual)}
23,27;{JournalArticle(DummyIndividual),Research(DummyIndividual),VisitingProfessor(DummyIndividual)}
23,27;{JournalArticle(DummyIndividual),Research(DummyIndividual),AssociateProfessor(DummyIndividual)}
24,03;{Publication(DummyIndividual),AssistantProfessor(DummyIndividual),Work(DummyIndividual)}
24,03;{Publication(DummyIndividual),AssistantProfessor(DummyIndividual),GraduateCourse(DummyIndividual)}
24,03;{Publication(DummyIndividual),AssistantProfessor(DummyIndividual),Course(DummyIndividual)}
24,03;{Publication(DummyIndividual),AssistantProfessor(DummyIndividual),Research(DummyIndividual)}
24,14;{Publication(DummyIndividual),Chair(DummyIndividual),Work(DummyIndividual)}
24,14;{Publication(DummyIndividual),Chair(DummyIndividual),GraduateCourse(DummyIndividual)}
24,24;{Publication(DummyIndividual),Chair(DummyIndividual),Course(DummyIndividual)}
24,24;{Publication(DummyIndividual),Chair(DummyIndividual),Research(DummyIndividual)}
24,64;{Publication(DummyIndividual),Research(DummyIndividual),Dean(DummyIndividual)}
24,64;{Publication(DummyIndividual),Research(DummyIndividual),Professor(DummyIndividual)}
24,64;{Publication(DummyIndividual),Research(DummyIndividual),FullProfessor(DummyIndividual)}
24,64;{Publication(DummyIndividual),Research(DummyIndividual),VisitingProfessor(DummyIndividual)}
24,64;{Publication(DummyIndividual),Research(DummyIndividual),AssociateProfessor(DummyIndividual)}
24,75;{Publication(DummyIndividual),Dean(DummyIndividual),Work(DummyIndividual)}
24,75;{Publication(DummyIndividual),Dean(DummyIndividual),GraduateCourse(DummyIndividual)}
24,75;{Publication(DummyIndividual),Dean(DummyIndividual),Course(DummyIndividual)}
24,75;{Publication(DummyIndividual),Professor(DummyIndividual),Work(DummyIndividual)}
24,75;{Publication(DummyIndividual),Professor(DummyIndividual),Course(DummyIndividual)}
24,86;{Publication(DummyIndividual),FullProfessor(DummyIndividual),Work(DummyIndividual)}
24,86;{Publication(DummyIndividual),FullProfessor(DummyIndividual),GraduateCourse(DummyIndividual)}
24,86;{Publication(DummyIndividual),FullProfessor(DummyIndividual),Course(DummyIndividual)}
24,86;{Publication(DummyIndividual),VisitingProfessor(DummyIndividual),Work(DummyIndividual)}
24,86;{Publication(DummyIndividual),VisitingProfessor(DummyIndividual),GraduateCourse(DummyIndividual)}
24,86;{Publication(DummyIndividual),VisitingProfessor(DummyIndividual),Course(DummyIndividual)}
24,96;{Publication(DummyIndividual),AssociateProfessor(DummyIndividual),Work(DummyIndividual)}
24,96;{Publication(DummyIndividual),AssociateProfessor(DummyIndividual),GraduateCourse(DummyIndividual)}
24,96;{Publication(DummyIndividual),AssociateProfessor(DummyIndividual),Course(DummyIndividual)}
25,28;{Book(DummyIndividual),AssistantProfessor(DummyIndividual),Work(DummyIndividual)}
25,28;{Book(DummyIndividual),AssistantProfessor(DummyIndividual),GraduateCourse(DummyIndividual)}
25,28;{Book(DummyIndividual),AssistantProfessor(DummyIndividual),Research(DummyIndividual)}
25,38;{Book(DummyIndividual),Chair(DummyIndividual),Work(DummyIndividual)}
25,38;{Book(DummyIndividual),Chair(DummyIndividual),GraduateCourse(DummyIndividual)}
25,38;{Book(DummyIndividual),Chair(DummyIndividual),Course(DummyIndividual)}
25,38;{Book(DummyIndividual),Chair(DummyIndividual),Research(DummyIndividual)}
25,47;{Book(DummyIndividual),GraduateCourse(DummyIndividual),Dean(DummyIndividual)}
25,47;{Book(DummyIndividual),GraduateCourse(DummyIndividual),Professor(DummyIndividual)}
25,47;{Book(DummyIndividual),GraduateCourse(DummyIndividual),FullProfessor(DummyIndividual)}
25,59;{Book(DummyIndividual),GraduateCourse(DummyIndividual),VisitingProfessor(DummyIndividual)}
25,59;{Book(DummyIndividual),GraduateCourse(DummyIndividual),AssociateProfessor(DummyIndividual)}
25,79;{Book(DummyIndividual),Research(DummyIndividual),Dean(DummyIndividual)}
25,79;{Book(DummyIndividual),Research(DummyIndividual),Professor(DummyIndividual)}
25,79;{Book(DummyIndividual),Research(DummyIndividual),FullProfessor(DummyIndividual)}
25,79;{Book(DummyIndividual),Research(DummyIndividual),VisitingProfessor(DummyIndividual)}
25,79;{Book(DummyIndividual),Research(DummyIndividual),AssociateProfessor(DummyIndividual)}
25,89;{Book(DummyIndividual),Dean(DummyIndividual),Work(DummyIndividual)}
25,89;{Book(DummyIndividual),Dean(DummyIndividual),Course(DummyIndividual)}
25,99;{Book(DummyIndividual),Professor(DummyIndividual),Work(DummyIndividual)}
26,00;{Book(DummyIndividual),Professor(DummyIndividual),Course(DummyIndividual)}
26,00;{Book(DummyIndividual),FullProfessor(DummyIndividual),Work(DummyIndividual)}
26,00;{Book(DummyIndividual),FullProfessor(DummyIndividual),Course(DummyIndividual)}
26,00;{Book(DummyIndividual),VisitingProfessor(DummyIndividual),Work(DummyIndividual)}
26,10;{Book(DummyIndividual),VisitingProfessor(DummyIndividual),Course(DummyIndividual)}
26,10;{Book(DummyIndividual),AssociateProfessor(DummyIndividual),Work(DummyIndividual)}
26,10;{Book(DummyIndividual),AssociateProfessor(DummyIndividual),Course(DummyIndividual)}
26,42;{Manual(DummyIndividual),Chair(DummyIndividual),Work(DummyIndividual)}
26,42;{Manual(DummyIndividual),Chair(DummyIndividual),GraduateCourse(DummyIndividual)}
26,42;{Manual(DummyIndividual),Chair(DummyIndividual),Course(DummyIndividual)}
26,42;{Manual(DummyIndividual),Chair(DummyIndividual),Research(DummyIndividual)}
26,53;{Manual(DummyIndividual),Work(DummyIndividual),AssistantProfessor(DummyIndividual)}
26,53;{Manual(DummyIndividual),Work(DummyIndividual),Dean(DummyIndividual)}
26,53;{Manual(DummyIndividual),Work(DummyIndividual),Professor(DummyIndividual)}
26,63;{Manual(DummyIndividual),Work(DummyIndividual),FullProfessor(DummyIndividual)}
26,63;{Manual(DummyIndividual),Work(DummyIndividual),VisitingProfessor(DummyIndividual)}
26,63;{Manual(DummyIndividual),Work(DummyIndividual),AssociateProfessor(DummyIndividual)}
26,63;{Manual(DummyIndividual),GraduateCourse(DummyIndividual),AssistantProfessor(DummyIndividual)}
26,63;{Manual(DummyIndividual),GraduateCourse(DummyIndividual),Dean(DummyIndividual)}
26,63;{Manual(DummyIndividual),GraduateCourse(DummyIndividual),Professor(DummyIndividual)}
26,63;{Manual(DummyIndividual),GraduateCourse(DummyIndividual),FullProfessor(DummyIndividual)}
26,63;{Manual(DummyIndividual),GraduateCourse(DummyIndividual),VisitingProfessor(DummyIndividual)}
26,63;{Manual(DummyIndividual),GraduateCourse(DummyIndividual),AssociateProfessor(DummyIndividual)}
26,85;{Manual(DummyIndividual),Course(DummyIndividual),Dean(DummyIndividual)}
26,85;{Manual(DummyIndividual),Course(DummyIndividual),Professor(DummyIndividual)}
26,85;{Manual(DummyIndividual),Course(DummyIndividual),FullProfessor(DummyIndividual)}
26,85;{Manual(DummyIndividual),Course(DummyIndividual),VisitingProfessor(DummyIndividual)}
26,85;{Manual(DummyIndividual),Course(DummyIndividual),AssociateProfessor(DummyIndividual)}
26,85;{Manual(DummyIndividual),Research(DummyIndividual),AssistantProfessor(DummyIndividual)}
26,85;{Manual(DummyIndividual),Research(DummyIndividual),Dean(DummyIndividual)}
26,85;{Manual(DummyIndividual),Research(DummyIndividual),Professor(DummyIndividual)}
26,85;{Manual(DummyIndividual),Research(DummyIndividual),FullProfessor(DummyIndividual)}
26,85;{Manual(DummyIndividual),Research(DummyIndividual),VisitingProfessor(DummyIndividual)}
26,85;{Manual(DummyIndividual),Research(DummyIndividual),AssociateProfessor(DummyIndividual)}
27,47;{Specification(DummyIndividual),AssistantProfessor(DummyIndividual),Work(DummyIndividual)}
27,47;{Specification(DummyIndividual),AssistantProfessor(DummyIndividual),GraduateCourse(DummyIndividual)}
27,47;{Specification(DummyIndividual),AssistantProfessor(DummyIndividual),Course(DummyIndividual)}
27,47;{Specification(DummyIndividual),AssistantProfessor(DummyIndividual),Research(DummyIndividual)}
27,59;{Specification(DummyIndividual),Chair(DummyIndividual),Work(DummyIndividual)}
27,59;{Specification(DummyIndividual),Chair(DummyIndividual),GraduateCourse(DummyIndividual)}
27,59;{Specification(DummyIndividual),Chair(DummyIndividual),Course(DummyIndividual)}
27,59;{Specification(DummyIndividual),Chair(DummyIndividual),Research(DummyIndividual)}
28,01;{Specification(DummyIndividual),Research(DummyIndividual),Dean(DummyIndividual)}
28,01;{Specification(DummyIndividual),Research(DummyIndividual),Professor(DummyIndividual)}
28,01;{Specification(DummyIndividual),Research(DummyIndividual),FullProfessor(DummyIndividual)}
28,01;{Specification(DummyIndividual),Research(DummyIndividual),VisitingProfessor(DummyIndividual)}
28,01;{Specification(DummyIndividual),Research(DummyIndividual),AssociateProfessor(DummyIndividual)}
28,10;{Specification(DummyIndividual),Dean(DummyIndividual),Work(DummyIndividual)}
28,10;{Specification(DummyIndividual),Dean(DummyIndividual),GraduateCourse(DummyIndividual)}
28,10;{Specification(DummyIndividual),Dean(DummyIndividual),Course(DummyIndividual)}
28,22;{Specification(DummyIndividual),Professor(DummyIndividual),Work(DummyIndividual)}
28,22;{Specification(DummyIndividual),Professor(DummyIndividual),Course(DummyIndividual)}
28,22;{Specification(DummyIndividual),FullProfessor(DummyIndividual),Work(DummyIndividual)}
28,22;{Specification(DummyIndividual),FullProfessor(DummyIndividual),GraduateCourse(DummyIndividual)}
28,22;{Specification(DummyIndividual),FullProfessor(DummyIndividual),Course(DummyIndividual)}
28,22;{Specification(DummyIndividual),VisitingProfessor(DummyIndividual),Work(DummyIndividual)}
28,22;{Specification(DummyIndividual),VisitingProfessor(DummyIndividual),GraduateCourse(DummyIndividual)}
28,22;{Specification(DummyIndividual),VisitingProfessor(DummyIndividual),Course(DummyIndividual)}
28,32;{Specification(DummyIndividual),AssociateProfessor(DummyIndividual),Work(DummyIndividual)}
28,32;{Specification(DummyIndividual),AssociateProfessor(DummyIndividual),GraduateCourse(DummyIndividual)}
28,32;{Specification(DummyIndividual),AssociateProfessor(DummyIndividual),Course(DummyIndividual)}
28,62;{Software(DummyIndividual),Chair(DummyIndividual),Work(DummyIndividual)}
28,72;{Software(DummyIndividual),Chair(DummyIndividual),GraduateCourse(DummyIndividual)}
28,72;{Software(DummyIndividual),Chair(DummyIndividual),Course(DummyIndividual)}
28,72;{Software(DummyIndividual),Chair(DummyIndividual),Research(DummyIndividual)}
28,84;{Software(DummyIndividual),Work(DummyIndividual),AssistantProfessor(DummyIndividual)}
28,84;{Software(DummyIndividual),Work(DummyIndividual),Dean(DummyIndividual)}
28,84;{Software(DummyIndividual),Work(DummyIndividual),Professor(DummyIndividual)}
28,84;{Software(DummyIndividual),Work(DummyIndividual),FullProfessor(DummyIndividual)}
28,84;{Software(DummyIndividual),Work(DummyIndividual),VisitingProfessor(DummyIndividual)}
28,84;{Software(DummyIndividual),Work(DummyIndividual),AssociateProfessor(DummyIndividual)}
28,84;{Software(DummyIndividual),GraduateCourse(DummyIndividual),AssistantProfessor(DummyIndividual)}
28,84;{Software(DummyIndividual),GraduateCourse(DummyIndividual),Dean(DummyIndividual)}
28,84;{Software(DummyIndividual),GraduateCourse(DummyIndividual),Professor(DummyIndividual)}
28,84;{Software(DummyIndividual),GraduateCourse(DummyIndividual),FullProfessor(DummyIndividual)}
28,84;{Software(DummyIndividual),GraduateCourse(DummyIndividual),VisitingProfessor(DummyIndividual)}
28,84;{Software(DummyIndividual),GraduateCourse(DummyIndividual),AssociateProfessor(DummyIndividual)}
29,05;{Software(DummyIndividual),Course(DummyIndividual),Dean(DummyIndividual)}
29,05;{Software(DummyIndividual),Course(DummyIndividual),Professor(DummyIndividual)}
29,05;{Software(DummyIndividual),Course(DummyIndividual),FullProfessor(DummyIndividual)}
29,05;{Software(DummyIndividual),Course(DummyIndividual),VisitingProfessor(DummyIndividual)}
29,05;{Software(DummyIndividual),Course(DummyIndividual),AssociateProfessor(DummyIndividual)}
29,05;{Software(DummyIndividual),Research(DummyIndividual),AssistantProfessor(DummyIndividual)}
29,05;{Software(DummyIndividual),Research(DummyIndividual),Dean(DummyIndividual)}
29,15;{Software(DummyIndividual),Research(DummyIndividual),Professor(DummyIndividual)}
29,15;{Software(DummyIndividual),Research(DummyIndividual),FullProfessor(DummyIndividual)}
29,15;{Software(DummyIndividual),Research(DummyIndividual),VisitingProfessor(DummyIndividual)}
29,15;{Software(DummyIndividual),Research(DummyIndividual),AssociateProfessor(DummyIndividual)}
