2,24;{DummyClass(DummyIndividual)}
1,10;{Course(DummyIndividual),AssistantProfessor(DummyIndividual),Book(DummyIndividual)}
1,56;{Course(DummyIndividual),AssistantProfessor(DummyIndividual),UnofficialPublication(DummyIndividual)}
2,04;{Course(DummyIndividual),AssistantProfessor(DummyIndividual),ConferencePaper(DummyIndividual)}
2,67;{Professor(DummyIndividual),GraduateCourse(DummyIndividual),Publication(DummyIndividual)}
2,74;{Professor(DummyIndividual),GraduateCourse(DummyIndividual),Specification(DummyIndividual)}
2,95;{Chair(DummyIndividual),GraduateCourse(DummyIndividual),JournalArticle(DummyIndividual)}
3,28;{Chair(DummyIndividual),Research(DummyIndividual),TechnicalReport(DummyIndividual)}
3,60;{Chair(DummyIndividual),Research(DummyIndividual),Article(DummyIndividual)}
3,80;{Chair(DummyIndividual),Research(DummyIndividual),Software(DummyIndividual)}
4,02;{Chair(DummyIndividual),Research(DummyIndividual),Manual(DummyIndividual)}
7,89;{Course(DummyIndividual),ConferencePaper(DummyIndividual),Chair(DummyIndividual)}
8,11;{GraduateCourse(DummyIndividual),ConferencePaper(DummyIndividual),Chair(DummyIndividual)}
8,21;{Research(DummyIndividual),ConferencePaper(DummyIndividual),Chair(DummyIndividual)}
8,43;{Work(DummyIndividual),ConferencePaper(DummyIndividual),Chair(DummyIndividual)}
16,02;{Article(DummyIndividual),AssistantProfessor(DummyIndividual),Work(DummyIndividual)}
16,02;{Article(DummyIndividual),AssistantProfessor(DummyIndividual),GraduateCourse(DummyIndividual)}
16,14;{Article(DummyIndividual),AssistantProfessor(DummyIndividual),Course(DummyIndividual)}
16,14;{Article(DummyIndividual),AssistantProfessor(DummyIndividual),Research(DummyIndividual)}
16,75;{Article(DummyIndividual),Chair(DummyIndividual),Work(DummyIndividual)}
16,75;{Article(DummyIndividual),Chair(DummyIndividual),GraduateCourse(DummyIndividual)}
16,86;{Article(DummyIndividual),Chair(DummyIndividual),Course(DummyIndividual)}
17,27;{Article(DummyIndividual),GraduateCourse(DummyIndividual),Dean(DummyIndividual)}
17,27;{Article(DummyIndividual),GraduateCourse(DummyIndividual),Professor(DummyIndividual)}
17,38;{Article(DummyIndividual),GraduateCourse(DummyIndividual),FullProfessor(DummyIndividual)}
17,38;{Article(DummyIndividual),GraduateCourse(DummyIndividual),VisitingProfessor(DummyIndividual)}
17,38;{Article(DummyIndividual),GraduateCourse(DummyIndividual),AssociateProfessor(DummyIndividual)}
18,24;{Article(DummyIndividual),Course(DummyIndividual),Dean(DummyIndividual)}
18,24;{Article(DummyIndividual),Course(DummyIndividual),Professor(DummyIndividual)}
18,24;{Article(DummyIndividual),Course(DummyIndividual),FullProfessor(DummyIndividual)}
18,24;{Article(DummyIndividual),Course(DummyIndividual),VisitingProfessor(DummyIndividual)}
18,24;{Article(DummyIndividual),Course(DummyIndividual),AssociateProfessor(DummyIndividual)}
18,72;{Article(DummyIndividual),Dean(DummyIndividual),Work(DummyIndividual)}
18,82;{Article(DummyIndividual),Dean(DummyIndividual),Research(DummyIndividual)}
19,26;{Article(DummyIndividual),Professor(DummyIndividual),Work(DummyIndividual)}
19,37;{Article(DummyIndividual),Professor(DummyIndividual),Research(DummyIndividual)}
19,80;{Article(DummyIndividual),FullProfessor(DummyIndividual),Work(DummyIndividual)}
19,91;{Article(DummyIndividual),FullProfessor(DummyIndividual),Research(DummyIndividual)}
20,42;{Article(DummyIndividual),VisitingProfessor(DummyIndividual),Work(DummyIndividual)}
20,52;{Article(DummyIndividual),VisitingProfessor(DummyIndividual),Research(DummyIndividual)}
21,06;{Article(DummyIndividual),AssociateProfessor(DummyIndividual),Work(DummyIndividual)}
21,16;{Article(DummyIndividual),AssociateProfessor(DummyIndividual),Research(DummyIndividual)}
22,43;{ConferencePaper(DummyIndividual),Work(DummyIndividual),AssistantProfessor(DummyIndividual)}
22,43;{ConferencePaper(DummyIndividual),Work(DummyIndividual),Dean(DummyIndividual)}
22,52;{ConferencePaper(DummyIndividual),Work(DummyIndividual),Professor(DummyIndividual)}
22,52;{ConferencePaper(DummyIndividual),Work(DummyIndividual),FullProfessor(DummyIndividual)}
22,52;{ConferencePaper(DummyIndividual),Work(DummyIndividual),VisitingProfessor(DummyIndividual)}
22,52;{ConferencePaper(DummyIndividual),Work(DummyIndividual),AssociateProfessor(DummyIndividual)}
22,52;{ConferencePaper(DummyIndividual),GraduateCourse(DummyIndividual),AssistantProfessor(DummyIndividual)}
22,52;{ConferencePaper(DummyIndividual),GraduateCourse(DummyIndividual),Dean(DummyIndividual)}
22,64;{ConferencePaper(DummyIndividual),GraduateCourse(DummyIndividual),Professor(DummyIndividual)}
22,64;{ConferencePaper(DummyIndividual),GraduateCourse(DummyIndividual),FullProfessor(DummyIndividual)}
22,64;{ConferencePaper(DummyIndividual),GraduateCourse(DummyIndividual),VisitingProfessor(DummyIndividual)}
22,64;{ConferencePaper(DummyIndividual),GraduateCourse(DummyIndividual),AssociateProfessor(DummyIndividual)}
22,92;{ConferencePaper(DummyIndividual),Course(DummyIndividual),Dean(DummyIndividual)}
23,03;{ConferencePaper(DummyIndividual),Course(DummyIndividual),Professor(DummyIndividual)}
23,03;{ConferencePaper(DummyIndividual),Course(DummyIndividual),FullProfessor(DummyIndividual)}
23,03;{ConferencePaper(DummyIndividual),Course(DummyIndividual),VisitingProfessor(DummyIndividual)}
23,03;{ConferencePaper(DummyIndividual),Course(DummyIndividual),AssociateProfessor(DummyIndividual)}
23,03;{ConferencePaper(DummyIndividual),Research(DummyIndividual),AssistantProfessor(DummyIndividual)}
23,03;{ConferencePaper(DummyIndividual),Research(DummyIndividual),Dean(DummyIndividual)}
23,03;{ConferencePaper(DummyIndividual),Research(DummyIndividual),Professor(DummyIndividual)}
23,13;{ConferencePaper(DummyIndividual),Research(DummyIndividual),FullProfessor(DummyIndividual)}
23,13;{ConferencePaper(DummyIndividual),Research(DummyIndividual),VisitingProfessor(DummyIndividual)}
23,13;{ConferencePaper(DummyIndividual),Research(DummyIndividual),AssociateProfessor(DummyIndividual)}
24,19;{UnofficialPublication(DummyIndividual),AssistantProfessor(DummyIndividual),Work(DummyIndividual)}
24,19;{UnofficialPublication(DummyIndividual),AssistantProfessor(DummyIndividual),GraduateCourse(DummyIndividual)}
24,19;{UnofficialPublication(DummyIndividual),AssistantProfessor(DummyIndividual),Research(DummyIndividual)}
24,40;{UnofficialPublication(DummyIndividual),Chair(DummyIndividual),Work(DummyIndividual)}
24,40;{UnofficialPublication(DummyIndividual),Chair(DummyIndividual),GraduateCourse(DummyIndividual)}
24,40;{UnofficialPublication(DummyIndividual),Chair(DummyIndividual),Course(DummyIndividual)}
24,40;{UnofficialPublication(DummyIndividual),Chair(DummyIndividual),Research(DummyIndividual)}
24,71;{UnofficialPublication(DummyIndividual),GraduateCourse(DummyIndividual),Dean(DummyIndividual)}
24,71;{UnofficialPublication(DummyIndividual),GraduateCourse(DummyIndividual),Professor(DummyIndividual)}
24,71;{UnofficialPublication(DummyIndividual),GraduateCourse(DummyIndividual),FullProfessor(DummyIndividual)}
24,71;{UnofficialPublication(DummyIndividual),GraduateCourse(DummyIndividual),VisitingProfessor(DummyIndividual)}
24,82;{UnofficialPublication(DummyIndividual),GraduateCourse(DummyIndividual),AssociateProfessor(DummyIndividual)}
25,25;{UnofficialPublication(DummyIndividual),Research(DummyIndividual),Dean(DummyIndividual)}
25,25;{UnofficialPublication(DummyIndividual),Research(DummyIndividual),Professor(DummyIndividual)}
25,25;{UnofficialPublication(DummyIndividual),Research(DummyIndividual),FullProfessor(DummyIndividual)}
25,25;{UnofficialPublication(DummyIndividual),Research(DummyIndividual),VisitingProfessor(DummyIndividual)}
25,36;{UnofficialPublication(DummyIndividual),Research(DummyIndividual),AssociateProfessor(DummyIndividual)}
25,59;{UnofficialPublication(DummyIndividual),Dean(DummyIndividual),Work(DummyIndividual)}
25,59;{UnofficialPublication(DummyIndividual),Dean(DummyIndividual),Course(DummyIndividual)}
25,67;{UnofficialPublication(DummyIndividual),Professor(DummyIndividual),Work(DummyIndividual)}
25,67;{UnofficialPublication(DummyIndividual),Professor(DummyIndividual),Course(DummyIndividual)}
25,67;{UnofficialPublication(DummyIndividual),FullProfessor(DummyIndividual),Work(DummyIndividual)}
25,67;{UnofficialPublication(DummyIndividual),FullProfessor(DummyIndividual),Course(DummyIndividual)}
25,88;{UnofficialPublication(DummyIndividual),VisitingProfessor(DummyIndividual),Work(DummyIndividual)}
25,88;{UnofficialPublication(DummyIndividual),VisitingProfessor(DummyIndividual),Course(DummyIndividual)}
25,99;{UnofficialPublication(DummyIndividual),AssociateProfessor(DummyIndividual),Work(DummyIndividual)}
25,99;{UnofficialPublication(DummyIndividual),AssociateProfessor(DummyIndividual),Course(DummyIndividual)}
26,73;{TechnicalReport(DummyIndividual),AssistantProfessor(DummyIndividual),Work(DummyIndividual)}
26,84;{TechnicalReport(DummyIndividual),AssistantProfessor(DummyIndividual),GraduateCourse(DummyIndividual)}
26,84;{TechnicalReport(DummyIndividual),AssistantProfessor(DummyIndividual),Course(DummyIndividual)}
26,84;{TechnicalReport(DummyIndividual),AssistantProfessor(DummyIndividual),Research(DummyIndividual)}
26,92;{TechnicalReport(DummyIndividual),Chair(DummyIndividual),Work(DummyIndividual)}
26,92;{TechnicalReport(DummyIndividual),Chair(DummyIndividual),GraduateCourse(DummyIndividual)}
26,92;{TechnicalReport(DummyIndividual),Chair(DummyIndividual),Course(DummyIndividual)}
27,22;{TechnicalReport(DummyIndividual),GraduateCourse(DummyIndividual),Dean(DummyIndividual)}
27,22;{TechnicalReport(DummyIndividual),GraduateCourse(DummyIndividual),Professor(DummyIndividual)}
27,22;{TechnicalReport(DummyIndividual),GraduateCourse(DummyIndividual),FullProfessor(DummyIndividual)}
27,22;{TechnicalReport(DummyIndividual),GraduateCourse(DummyIndividual),VisitingProfessor(DummyIndividual)}
27,22;{TechnicalReport(DummyIndividual),GraduateCourse(DummyIndividual),AssociateProfessor(DummyIndividual)}
27,96;{TechnicalReport(DummyIndividual),Course(DummyIndividual),Dean(DummyIndividual)}
27,96;{TechnicalReport(DummyIndividual),Course(DummyIndividual),Professor(DummyIndividual)}
27,96;{TechnicalReport(DummyIndividual),Course(DummyIndividual),FullProfessor(DummyIndividual)}
27,96;{TechnicalReport(DummyIndividual),Course(DummyIndividual),VisitingProfessor(DummyIndividual)}
27,96;{TechnicalReport(DummyIndividual),Course(DummyIndividual),AssociateProfessor(DummyIndividual)}
28,28;{TechnicalReport(DummyIndividual),Dean(DummyIndividual),Work(DummyIndividual)}
28,28;{TechnicalReport(DummyIndividual),Dean(DummyIndividual),Research(DummyIndividual)}
28,38;{TechnicalReport(DummyIndividual),Professor(DummyIndividual),Work(DummyIndividual)}
28,38;{TechnicalReport(DummyIndividual),Professor(DummyIndividual),Research(DummyIndividual)}
28,38;{TechnicalReport(DummyIndividual),FullProfessor(DummyIndividual),Work(DummyIndividual)}
28,49;{TechnicalReport(DummyIndividual),FullProfessor(DummyIndividual),Research(DummyIndividual)}
28,59;{TechnicalReport(DummyIndividual),VisitingProfessor(DummyIndividual),Work(DummyIndividual)}
28,59;{TechnicalReport(DummyIndividual),VisitingProfessor(DummyIndividual),Research(DummyIndividual)}
28,78;{TechnicalReport(DummyIndividual),AssociateProfessor(DummyIndividual),Work(DummyIndividual)}
28,78;{TechnicalReport(DummyIndividual),AssociateProfessor(DummyIndividual),Research(DummyIndividual)}
29,52;{JournalArticle(DummyIndividual),AssistantProfessor(DummyIndividual),Work(DummyIndividual)}
29,52;{JournalArticle(DummyIndividual),AssistantProfessor(DummyIndividual),GraduateCourse(DummyIndividual)}
29,52;{JournalArticle(DummyIndividual),AssistantProfessor(DummyIndividual),Course(DummyIndividual)}
29,52;{JournalArticle(DummyIndividual),AssistantProfessor(DummyIndividual),Research(DummyIndividual)}
29,74;{JournalArticle(DummyIndividual),Chair(DummyIndividual),Work(DummyIndividual)}
29,74;{JournalArticle(DummyIndividual),Chair(DummyIndividual),Course(DummyIndividual)}
29,74;{JournalArticle(DummyIndividual),Chair(DummyIndividual),Research(DummyIndividual)}
30,53;{JournalArticle(DummyIndividual),Research(DummyIndividual),Dean(DummyIndividual)}
30,53;{JournalArticle(DummyIndividual),Research(DummyIndividual),Professor(DummyIndividual)}
30,53;{JournalArticle(DummyIndividual),Research(DummyIndividual),FullProfessor(DummyIndividual)}
30,63;{JournalArticle(DummyIndividual),Research(DummyIndividual),VisitingProfessor(DummyIndividual)}
30,63;{JournalArticle(DummyIndividual),Research(DummyIndividual),AssociateProfessor(DummyIndividual)}
30,94;{JournalArticle(DummyIndividual),Dean(DummyIndividual),Work(DummyIndividual)}
30,94;{JournalArticle(DummyIndividual),Dean(DummyIndividual),GraduateCourse(DummyIndividual)}
30,94;{JournalArticle(DummyIndividual),Dean(DummyIndividual),Course(DummyIndividual)}
31,05;{JournalArticle(DummyIndividual),Professor(DummyIndividual),Work(DummyIndividual)}
31,05;{JournalArticle(DummyIndividual),Professor(DummyIndividual),GraduateCourse(DummyIndividual)}
31,05;{JournalArticle(DummyIndividual),Professor(DummyIndividual),Course(DummyIndividual)}
31,05;{JournalArticle(DummyIndividual),FullProfessor(DummyIndividual),Work(DummyIndividual)}
31,16;{JournalArticle(DummyIndividual),FullProfessor(DummyIndividual),GraduateCourse(DummyIndividual)}
31,16;{JournalArticle(DummyIndividual),FullProfessor(DummyIndividual),Course(DummyIndividual)}
31,36;{JournalArticle(DummyIndividual),VisitingProfessor(DummyIndividual),Work(DummyIndividual)}
31,36;{JournalArticle(DummyIndividual),VisitingProfessor(DummyIndividual),GraduateCourse(DummyIndividual)}
31,36;{JournalArticle(DummyIndividual),VisitingProfessor(DummyIndividual),Course(DummyIndividual)}
31,48;{JournalArticle(DummyIndividual),AssociateProfessor(DummyIndividual),Work(DummyIndividual)}
31,48;{JournalArticle(DummyIndividual),AssociateProfessor(DummyIndividual),GraduateCourse(DummyIndividual)}
31,48;{JournalArticle(DummyIndividual),AssociateProfessor(DummyIndividual),Course(DummyIndividual)}
32,41;{Publication(DummyIndividual),AssistantProfessor(DummyIndividual),Work(DummyIndividual)}
32,51;{Publication(DummyIndividual),AssistantProfessor(DummyIndividual),GraduateCourse(DummyIndividual)}
32,51;{Publication(DummyIndividual),AssistantProfessor(DummyIndividual),Course(DummyIndividual)}
32,51;{Publication(DummyIndividual),AssistantProfessor(DummyIndividual),Research(DummyIndividual)}
32,72;{Publication(DummyIndividual),Chair(DummyIndividual),Work(DummyIndividual)}
32,72;{Publication(DummyIndividual),Chair(DummyIndividual),GraduateCourse(DummyIndividual)}
32,72;{Publication(DummyIndividual),Chair(DummyIndividual),Course(DummyIndividual)}
32,72;{Publication(DummyIndividual),Chair(DummyIndividual),Research(DummyIndividual)}
33,04;{Publication(DummyIndividual),GraduateCourse(DummyIndividual),Dean(DummyIndividual)}
33,04;{Publication(DummyIndividual),GraduateCourse(DummyIndividual),FullProfessor(DummyIndividual)}
33,04;{Publication(DummyIndividual),GraduateCourse(DummyIndividual),VisitingProfessor(DummyIndividual)}
33,04;{Publication(DummyIndividual),GraduateCourse(DummyIndividual),AssociateProfessor(DummyIndividual)}
33,79;{Publication(DummyIndividual),Course(DummyIndividual),Dean(DummyIndividual)}
33,79;{Publication(DummyIndividual),Course(DummyIndividual),Professor(DummyIndividual)}
33,79;{Publication(DummyIndividual),Course(DummyIndividual),FullProfessor(DummyIndividual)}
33,89;{Publication(DummyIndividual),Course(DummyIndividual),VisitingProfessor(DummyIndividual)}
33,89;{Publication(DummyIndividual),Course(DummyIndividual),AssociateProfessor(DummyIndividual)}
34,18;{Publication(DummyIndividual),Dean(DummyIndividual),Work(DummyIndividual)}
34,18;{Publication(DummyIndividual),Dean(DummyIndividual),Research(DummyIndividual)}
34,30;{Publication(DummyIndividual),Professor(DummyIndividual),Work(DummyIndividual)}
34,30;{Publication(DummyIndividual),Professor(DummyIndividual),Research(DummyIndividual)}
34,30;{Publication(DummyIndividual),FullProfessor(DummyIndividual),Work(DummyIndividual)}
34,30;{Publication(DummyIndividual),FullProfessor(DummyIndividual),Research(DummyIndividual)}
34,40;{Publication(DummyIndividual),VisitingProfessor(DummyIndividual),Work(DummyIndividual)}
34,40;{Publication(DummyIndividual),VisitingProfessor(DummyIndividual),Research(DummyIndividual)}
34,62;{Publication(DummyIndividual),AssociateProfessor(DummyIndividual),Work(DummyIndividual)}
34,62;{Publication(DummyIndividual),AssociateProfessor(DummyIndividual),Research(DummyIndividual)}
35,35;{Book(DummyIndividual),AssistantProfessor(DummyIndividual),Work(DummyIndividual)}
35,35;{Book(DummyIndividual),AssistantProfessor(DummyIndividual),GraduateCourse(DummyIndividual)}
35,46;{Book(DummyIndividual),AssistantProfessor(DummyIndividual),Research(DummyIndividual)}
35,63;{Book(DummyIndividual),Chair(DummyIndividual),Work(DummyIndividual)}
35,63;{Book(DummyIndividual),Chair(DummyIndividual),GraduateCourse(DummyIndividual)}
35,63;{Book(DummyIndividual),Chair(DummyIndividual),Course(DummyIndividual)}
35,63;{Book(DummyIndividual),Chair(DummyIndividual),Research(DummyIndividual)}
35,96;{Book(DummyIndividual),GraduateCourse(DummyIndividual),Dean(DummyIndividual)}
35,96;{Book(DummyIndividual),GraduateCourse(DummyIndividual),Professor(DummyIndividual)}
35,96;{Book(DummyIndividual),GraduateCourse(DummyIndividual),FullProfessor(DummyIndividual)}
35,96;{Book(DummyIndividual),GraduateCourse(DummyIndividual),VisitingProfessor(DummyIndividual)}
35,96;{Book(DummyIndividual),GraduateCourse(DummyIndividual),AssociateProfessor(DummyIndividual)}
36,59;{Book(DummyIndividual),Research(DummyIndividual),Dean(DummyIndividual)}
36,59;{Book(DummyIndividual),Research(DummyIndividual),Professor(DummyIndividual)}
36,59;{Book(DummyIndividual),Research(DummyIndividual),FullProfessor(DummyIndividual)}
36,70;{Book(DummyIndividual),Research(DummyIndividual),VisitingProfessor(DummyIndividual)}
36,70;{Book(DummyIndividual),Research(DummyIndividual),AssociateProfessor(DummyIndividual)}
36,90;{Book(DummyIndividual),Dean(DummyIndividual),Work(DummyIndividual)}
36,90;{Book(DummyIndividual),Dean(DummyIndividual),Course(DummyIndividual)}
37,02;{Book(DummyIndividual),Professor(DummyIndividual),Work(DummyIndividual)}
37,02;{Book(DummyIndividual),Professor(DummyIndividual),Course(DummyIndividual)}
37,02;{Book(DummyIndividual),FullProfessor(DummyIndividual),Work(DummyIndividual)}
37,02;{Book(DummyIndividual),FullProfessor(DummyIndividual),Course(DummyIndividual)}
37,23;{Book(DummyIndividual),VisitingProfessor(DummyIndividual),Work(DummyIndividual)}
37,32;{Book(DummyIndividual),VisitingProfessor(DummyIndividual),Course(DummyIndividual)}
37,43;{Book(DummyIndividual),AssociateProfessor(DummyIndividual),Work(DummyIndividual)}
37,43;{Book(DummyIndividual),AssociateProfessor(DummyIndividual),Course(DummyIndividual)}
38,36;{Manual(DummyIndividual),AssistantProfessor(DummyIndividual),Work(DummyIndividual)}
38,36;{Manual(DummyIndividual),AssistantProfessor(DummyIndividual),GraduateCourse(DummyIndividual)}
38,47;{Manual(DummyIndividual),AssistantProfessor(DummyIndividual),Course(DummyIndividual)}
38,47;{Manual(DummyIndividual),AssistantProfessor(DummyIndividual),Research(DummyIndividual)}
38,69;{Manual(DummyIndividual),Chair(DummyIndividual),Work(DummyIndividual)}
38,69;{Manual(DummyIndividual),Chair(DummyIndividual),GraduateCourse(DummyIndividual)}
38,69;{Manual(DummyIndividual),Chair(DummyIndividual),Course(DummyIndividual)}
39,02;{Manual(DummyIndividual),GraduateCourse(DummyIndividual),Dean(DummyIndividual)}
39,02;{Manual(DummyIndividual),GraduateCourse(DummyIndividual),Professor(DummyIndividual)}
39,11;{Manual(DummyIndividual),GraduateCourse(DummyIndividual),FullProfessor(DummyIndividual)}
39,11;{Manual(DummyIndividual),GraduateCourse(DummyIndividual),VisitingProfessor(DummyIndividual)}
39,11;{Manual(DummyIndividual),GraduateCourse(DummyIndividual),AssociateProfessor(DummyIndividual)}
39,82;{Manual(DummyIndividual),Course(DummyIndividual),Dean(DummyIndividual)}
39,93;{Manual(DummyIndividual),Course(DummyIndividual),Professor(DummyIndividual)}
39,93;{Manual(DummyIndividual),Course(DummyIndividual),FullProfessor(DummyIndividual)}
39,93;{Manual(DummyIndividual),Course(DummyIndividual),VisitingProfessor(DummyIndividual)}
39,93;{Manual(DummyIndividual),Course(DummyIndividual),AssociateProfessor(DummyIndividual)}
40,25;{Manual(DummyIndividual),Dean(DummyIndividual),Work(DummyIndividual)}
40,25;{Manual(DummyIndividual),Dean(DummyIndividual),Research(DummyIndividual)}
40,36;{Manual(DummyIndividual),Professor(DummyIndividual),Work(DummyIndividual)}
40,36;{Manual(DummyIndividual),Professor(DummyIndividual),Research(DummyIndividual)}
40,46;{Manual(DummyIndividual),FullProfessor(DummyIndividual),Work(DummyIndividual)}
40,46;{Manual(DummyIndividual),FullProfessor(DummyIndividual),Research(DummyIndividual)}
40,57;{Manual(DummyIndividual),VisitingProfessor(DummyIndividual),Work(DummyIndividual)}
40,57;{Manual(DummyIndividual),VisitingProfessor(DummyIndividual),Research(DummyIndividual)}
40,67;{Manual(DummyIndividual),AssociateProfessor(DummyIndividual),Work(DummyIndividual)}
40,67;{Manual(DummyIndividual),AssociateProfessor(DummyIndividual),Research(DummyIndividual)}
41,70;{Specification(DummyIndividual),AssistantProfessor(DummyIndividual),Work(DummyIndividual)}
41,80;{Specification(DummyIndividual),AssistantProfessor(DummyIndividual),GraduateCourse(DummyIndividual)}
41,80;{Specification(DummyIndividual),AssistantProfessor(DummyIndividual),Course(DummyIndividual)}
41,80;{Specification(DummyIndividual),AssistantProfessor(DummyIndividual),Research(DummyIndividual)}
42,00;{Specification(DummyIndividual),Chair(DummyIndividual),Work(DummyIndividual)}
42,00;{Specification(DummyIndividual),Chair(DummyIndividual),GraduateCourse(DummyIndividual)}
42,11;{Specification(DummyIndividual),Chair(DummyIndividual),Course(DummyIndividual)}
42,11;{Specification(DummyIndividual),Chair(DummyIndividual),Research(DummyIndividual)}
43,14;{Specification(DummyIndividual),Research(DummyIndividual),Dean(DummyIndividual)}
43,14;{Specification(DummyIndividual),Research(DummyIndividual),Professor(DummyIndividual)}
43,14;{Specification(DummyIndividual),Research(DummyIndividual),FullProfessor(DummyIndividual)}
43,14;{Specification(DummyIndividual),Research(DummyIndividual),VisitingProfessor(DummyIndividual)}
43,23;{Specification(DummyIndividual),Research(DummyIndividual),AssociateProfessor(DummyIndividual)}
43,44;{Specification(DummyIndividual),Dean(DummyIndividual),Work(DummyIndividual)}
43,54;{Specification(DummyIndividual),Dean(DummyIndividual),GraduateCourse(DummyIndividual)}
43,54;{Specification(DummyIndividual),Dean(DummyIndividual),Course(DummyIndividual)}
43,64;{Specification(DummyIndividual),Professor(DummyIndividual),Work(DummyIndividual)}
43,64;{Specification(DummyIndividual),Professor(DummyIndividual),Course(DummyIndividual)}
43,64;{Specification(DummyIndividual),FullProfessor(DummyIndividual),Work(DummyIndividual)}
43,76;{Specification(DummyIndividual),FullProfessor(DummyIndividual),GraduateCourse(DummyIndividual)}
43,76;{Specification(DummyIndividual),FullProfessor(DummyIndividual),Course(DummyIndividual)}
43,85;{Specification(DummyIndividual),VisitingProfessor(DummyIndividual),Work(DummyIndividual)}
43,85;{Specification(DummyIndividual),VisitingProfessor(DummyIndividual),GraduateCourse(DummyIndividual)}
43,85;{Specification(DummyIndividual),VisitingProfessor(DummyIndividual),Course(DummyIndividual)}
44,07;{Specification(DummyIndividual),AssociateProfessor(DummyIndividual),Work(DummyIndividual)}
44,07;{Specification(DummyIndividual),AssociateProfessor(DummyIndividual),GraduateCourse(DummyIndividual)}
44,07;{Specification(DummyIndividual),AssociateProfessor(DummyIndividual),Course(DummyIndividual)}
45,18;{Software(DummyIndividual),AssistantProfessor(DummyIndividual),Work(DummyIndividual)}
45,18;{Software(DummyIndividual),AssistantProfessor(DummyIndividual),GraduateCourse(DummyIndividual)}
45,18;{Software(DummyIndividual),AssistantProfessor(DummyIndividual),Course(DummyIndividual)}
45,18;{Software(DummyIndividual),AssistantProfessor(DummyIndividual),Research(DummyIndividual)}
45,39;{Software(DummyIndividual),Chair(DummyIndividual),Work(DummyIndividual)}
45,49;{Software(DummyIndividual),Chair(DummyIndividual),GraduateCourse(DummyIndividual)}
45,49;{Software(DummyIndividual),Chair(DummyIndividual),Course(DummyIndividual)}
45,82;{Software(DummyIndividual),GraduateCourse(DummyIndividual),Dean(DummyIndividual)}
45,82;{Software(DummyIndividual),GraduateCourse(DummyIndividual),Professor(DummyIndividual)}
45,82;{Software(DummyIndividual),GraduateCourse(DummyIndividual),FullProfessor(DummyIndividual)}
45,93;{Software(DummyIndividual),GraduateCourse(DummyIndividual),VisitingProfessor(DummyIndividual)}
45,93;{Software(DummyIndividual),GraduateCourse(DummyIndividual),AssociateProfessor(DummyIndividual)}
46,77;{Software(DummyIndividual),Course(DummyIndividual),Dean(DummyIndividual)}
46,77;{Software(DummyIndividual),Course(DummyIndividual),Professor(DummyIndividual)}
46,77;{Software(DummyIndividual),Course(DummyIndividual),FullProfessor(DummyIndividual)}
46,77;{Software(DummyIndividual),Course(DummyIndividual),VisitingProfessor(DummyIndividual)}
46,77;{Software(DummyIndividual),Course(DummyIndividual),AssociateProfessor(DummyIndividual)}
47,17;{Software(DummyIndividual),Dean(DummyIndividual),Work(DummyIndividual)}
47,17;{Software(DummyIndividual),Dean(DummyIndividual),Research(DummyIndividual)}
47,26;{Software(DummyIndividual),Professor(DummyIndividual),Work(DummyIndividual)}
47,26;{Software(DummyIndividual),Professor(DummyIndividual),Research(DummyIndividual)}
47,37;{Software(DummyIndividual),FullProfessor(DummyIndividual),Work(DummyIndividual)}
47,37;{Software(DummyIndividual),FullProfessor(DummyIndividual),Research(DummyIndividual)}
47,57;{Software(DummyIndividual),VisitingProfessor(DummyIndividual),Work(DummyIndividual)}
47,57;{Software(DummyIndividual),VisitingProfessor(DummyIndividual),Research(DummyIndividual)}
47,57;{Software(DummyIndividual),AssociateProfessor(DummyIndividual),Work(DummyIndividual)}
47,69;{Software(DummyIndividual),AssociateProfessor(DummyIndividual),Research(DummyIndividual)}
