1,35;{publicationResearch(a,jack),AdministrativeStaff(jack)}
1,73;{SystemsStaff(jack),publicationResearch(a,jack)}
2,16;{SystemsStaff(jack),ConferencePaper(a)}
2,56;{SystemsStaff(jack),publicationAuthor(a,s1635206053834)}
3,08;{teacherOf(jack,a),softwareVersion(a,jack)}
3,38;{Book(a),FullProfessor(jack)}
3,79;{Book(a),teacherOf(jack,a)}
4,21;{Book(a),SystemsStaff(jack)}
4,54;{Book(a),Lecturer(jack)}
4,94;{tenured(s1635206053834,a),publicationAuthor(s1635206053834,a)}
5,36;{AssistantProfessor(jack),softwareDocumentation(jack,a)}
5,67;{AssistantProfessor(jack),softwareDocumentation(jack,s1635206053834)}
5,99;{tenured(s1635206053834,a),Book(a)}
6,42;{headOf(s1635206053834,jack),orgPublication(jack,s1635206053834)}
6,63;{Software(a),worksFor(s1635206053834,a)}
6,83;{Software(a),headOf(s1635206053834,jack)}
7,24;{Director(jack),publicationDate(a,s1635206053834)}
7,51;{publicationResearch(s1635206053834,a),AssociateProfessor(jack)}
7,72;{publicationResearch(s1635206053834,a),Director(jack)}
7,82;{publicationResearch(s1635206053834,a),advisor(a,s1635206053834)}
8,13;{Dean(jack),JournalArticle(a)}
8,36;{TechnicalReport(a),Dean(jack)}
8,67;{tenured(jack,a),softwareDocumentation(s1635206053834,jack)}
8,88;{tenured(jack,a),TechnicalReport(a)}
9,20;{tenured(jack,a),publicationResearch(s1635206053834,a)}
9,53;{tenured(jack,a),publicationDate(s1635206053834,jack)}
9,83;{tenured(jack,a),orgPublication(s1635206053834,a)}
10,16;{tenured(jack,a),Specification(a)}
10,47;{tenured(jack,a),softwareDocumentation(a,s1635206053834)}
10,79;{tenured(jack,a),Software(a)}
11,10;{tenured(jack,a),publicationDate(s1635206053834,a)}
11,32;{tenured(jack,a),publicationDate(a,jack)}
11,74;{advisor(jack,s1635206053834),Article(a)}
11,84;{advisor(jack,s1635206053834),softwareDocumentation(s1635206053834,a)}
12,27;{softwareVersion(s1635206053834,a),Faculty(jack)}
12,38;{tenured(jack,s1635206053834),softwareVersion(s1635206053834,a)}
12,57;{publicationResearch(s1635206053834,jack),tenured(jack,s1635206053834)}
12,69;{publicationResearch(s1635206053834,jack),teacherOf(s1635206053834,a)}
12,89;{publicationResearch(s1635206053834,jack),advisor(a,jack)}
13,01;{publicationResearch(s1635206053834,jack),worksFor(jack,a)}
13,31;{advisor(s1635206053834,jack),publicationResearch(s1635206053834,jack)}
13,53;{advisor(s1635206053834,jack),orgPublication(jack,a)}
13,94;{UnofficialPublication(a),headOf(s1635206053834,a)}
14,23;{publicationResearch(a,s1635206053834),Chair(jack)}
14,66;{softwareVersion(a,s1635206053834),Professor(jack)}
14,85;{softwareVersion(a,s1635206053834),ResearchAssistant(jack)}
15,17;{softwareVersion(a,s1635206053834),headOf(jack,s1635206053834)}
15,48;{softwareVersion(a,s1635206053834),VisitingProfessor(jack)}
15,70;{softwareVersion(a,s1635206053834),headOf(jack,a)}
16,11;{softwareVersion(s1635206053834,jack),tenured(s1635206053834,jack)}
16,32;{softwareVersion(s1635206053834,jack),teacherOf(jack,s1635206053834)}
16,53;{softwareVersion(s1635206053834,jack),teacherOf(s1635206053834,jack)}
16,75;{softwareVersion(s1635206053834,jack),ClericalStaff(jack)}
17,05;{softwareVersion(s1635206053834,jack),worksFor(s1635206053834,jack)}
17,37;{softwareVersion(s1635206053834,jack),PostDoc(jack)}
17,58;{softwareVersion(s1635206053834,jack),advisor(jack,s1635206053834)}
17,90;{softwareVersion(s1635206053834,jack),advisor(s1635206053834,jack)}
18,21;{softwareVersion(s1635206053834,jack),worksFor(jack,s1635206053834)}
18,54;{softwareVersion(s1635206053834,jack),tenured(jack,a)}
18,84;{softwareVersion(s1635206053834,jack),tenured(s1635206053834,a)}
19,25;{softwareVersion(s1635206053834,jack),AssistantProfessor(jack)}
29,27;{Article(a),AssociateProfessor(jack)}
29,38;{Article(a),Lecturer(jack)}
29,38;{Article(a),Dean(jack)}
29,50;{Article(a),Chair(jack)}
29,50;{Article(a),ClericalStaff(jack)}
29,70;{Article(a),AssistantProfessor(jack)}
29,70;{Article(a),FullProfessor(jack)}
29,91;{Article(a),ResearchAssistant(jack)}
29,91;{Article(a),Professor(jack)}
29,91;{Article(a),PostDoc(jack)}
30,02;{Article(a),VisitingProfessor(jack)}
30,11;{Article(a),SystemsStaff(jack)}
30,11;{Article(a),Faculty(jack)}
30,11;{Article(a),AdministrativeStaff(jack)}
30,11;{Article(a),Director(jack)}
30,22;{Specification(a),AssociateProfessor(jack)}
30,34;{Specification(a),Lecturer(jack)}
30,34;{Specification(a),Dean(jack)}
30,43;{Specification(a),Chair(jack)}
30,43;{Specification(a),ClericalStaff(jack)}
30,55;{Specification(a),AssistantProfessor(jack)}
30,65;{Specification(a),FullProfessor(jack)}
30,75;{Specification(a),ResearchAssistant(jack)}
30,75;{Specification(a),Professor(jack)}
30,75;{Specification(a),PostDoc(jack)}
30,84;{Specification(a),VisitingProfessor(jack)}
30,84;{Specification(a),SystemsStaff(jack)}
30,84;{Specification(a),Faculty(jack)}
30,84;{Specification(a),AdministrativeStaff(jack)}
30,95;{Specification(a),Director(jack)}
41,34;{AssociateProfessor(jack),TechnicalReport(a)}
41,34;{AssociateProfessor(jack),UnofficialPublication(a)}
41,45;{AssociateProfessor(jack),Software(a)}
41,45;{AssociateProfessor(jack),Manual(a)}
41,55;{AssociateProfessor(jack),Book(a)}
41,66;{AssociateProfessor(jack),ConferencePaper(a)}
41,87;{AssociateProfessor(jack),JournalArticle(a)}
42,07;{Lecturer(jack),TechnicalReport(a)}
42,18;{Lecturer(jack),UnofficialPublication(a)}
42,27;{Lecturer(jack),Software(a)}
42,27;{Lecturer(jack),Manual(a)}
42,38;{Lecturer(jack),ConferencePaper(a)}
42,58;{Lecturer(jack),JournalArticle(a)}
42,89;{Dean(jack),UnofficialPublication(a)}
43,00;{Dean(jack),Software(a)}
43,00;{Dean(jack),Manual(a)}
43,10;{Dean(jack),Book(a)}
43,21;{Dean(jack),ConferencePaper(a)}
43,73;{TechnicalReport(a),Chair(jack)}
43,73;{TechnicalReport(a),ClericalStaff(jack)}
44,04;{TechnicalReport(a),AssistantProfessor(jack)}
44,04;{TechnicalReport(a),FullProfessor(jack)}
44,23;{TechnicalReport(a),ResearchAssistant(jack)}
44,35;{TechnicalReport(a),Professor(jack)}
44,35;{TechnicalReport(a),PostDoc(jack)}
44,45;{TechnicalReport(a),VisitingProfessor(jack)}
44,45;{TechnicalReport(a),SystemsStaff(jack)}
44,45;{TechnicalReport(a),Faculty(jack)}
44,45;{TechnicalReport(a),AdministrativeStaff(jack)}
44,55;{TechnicalReport(a),Director(jack)}
44,65;{Chair(jack),UnofficialPublication(a)}
44,75;{Chair(jack),Software(a)}
44,86;{Chair(jack),Manual(a)}
44,86;{Chair(jack),Book(a)}
44,96;{Chair(jack),ConferencePaper(a)}
45,28;{Chair(jack),JournalArticle(a)}
45,48;{ClericalStaff(jack),UnofficialPublication(a)}
45,58;{ClericalStaff(jack),Software(a)}
45,68;{ClericalStaff(jack),Manual(a)}
45,68;{ClericalStaff(jack),Book(a)}
45,78;{ClericalStaff(jack),ConferencePaper(a)}
46,00;{ClericalStaff(jack),JournalArticle(a)}
46,52;{Book(a),AssistantProfessor(jack)}
46,72;{Book(a),ResearchAssistant(jack)}
46,72;{Book(a),Professor(jack)}
46,82;{Book(a),PostDoc(jack)}
46,92;{Book(a),VisitingProfessor(jack)}
46,92;{Book(a),Faculty(jack)}
46,92;{Book(a),AdministrativeStaff(jack)}
47,04;{Book(a),Director(jack)}
47,14;{AssistantProfessor(jack),UnofficialPublication(a)}
47,25;{AssistantProfessor(jack),Software(a)}
47,35;{AssistantProfessor(jack),Manual(a)}
47,48;{AssistantProfessor(jack),ConferencePaper(a)}
47,68;{AssistantProfessor(jack),JournalArticle(a)}
48,00;{FullProfessor(jack),UnofficialPublication(a)}
48,09;{FullProfessor(jack),Software(a)}
48,09;{FullProfessor(jack),Manual(a)}
48,20;{FullProfessor(jack),ConferencePaper(a)}
48,52;{FullProfessor(jack),JournalArticle(a)}
49,25;{ConferencePaper(a),ResearchAssistant(jack)}
49,35;{ConferencePaper(a),Professor(jack)}
49,35;{ConferencePaper(a),PostDoc(jack)}
49,46;{ConferencePaper(a),VisitingProfessor(jack)}
49,55;{ConferencePaper(a),Faculty(jack)}
49,55;{ConferencePaper(a),AdministrativeStaff(jack)}
49,55;{ConferencePaper(a),Director(jack)}
49,76;{ResearchAssistant(jack),UnofficialPublication(a)}
49,87;{ResearchAssistant(jack),Software(a)}
49,87;{ResearchAssistant(jack),Manual(a)}
50,29;{ResearchAssistant(jack),JournalArticle(a)}
50,61;{Professor(jack),UnofficialPublication(a)}
50,71;{Professor(jack),Software(a)}
50,71;{Professor(jack),Manual(a)}
51,01;{Professor(jack),JournalArticle(a)}
51,30;{PostDoc(jack),UnofficialPublication(a)}
51,41;{PostDoc(jack),Software(a)}
51,41;{PostDoc(jack),Manual(a)}
51,84;{PostDoc(jack),JournalArticle(a)}
52,75;{JournalArticle(a),VisitingProfessor(jack)}
52,75;{JournalArticle(a),SystemsStaff(jack)}
52,85;{JournalArticle(a),Faculty(jack)}
52,85;{JournalArticle(a),AdministrativeStaff(jack)}
52,85;{JournalArticle(a),Director(jack)}
53,07;{VisitingProfessor(jack),UnofficialPublication(a)}
53,17;{VisitingProfessor(jack),Software(a)}
53,17;{VisitingProfessor(jack),Manual(a)}
53,79;{SystemsStaff(jack),UnofficialPublication(a)}
53,90;{SystemsStaff(jack),Software(a)}
53,90;{SystemsStaff(jack),Manual(a)}
54,42;{Faculty(jack),UnofficialPublication(a)}
54,52;{Faculty(jack),Software(a)}
54,52;{Faculty(jack),Manual(a)}
55,15;{AdministrativeStaff(jack),UnofficialPublication(a)}
55,25;{AdministrativeStaff(jack),Software(a)}
55,25;{AdministrativeStaff(jack),Manual(a)}
55,96;{Director(jack),UnofficialPublication(a)}
56,07;{Director(jack),Software(a)}
56,07;{Director(jack),Manual(a)}
20,08;{headOf(s1635206053834,jack),Article(a),GraduateStudent(a)}
20,49;{advisor(a,s1635206053834),Article(a),GraduateStudent(a)}
21,39;{tenured(jack,a),Article(a),GraduateStudent(a)}
21,91;{tenured(s1635206053834,a),Article(a),GraduateStudent(a)}
22,42;{teacherOf(jack,a),Article(a),GraduateStudent(a)}
23,85;{worksFor(s1635206053834,a),Article(a),GraduateStudent(a)}
24,05;{headOf(s1635206053834,a),Article(a),GraduateStudent(a)}
24,98;{headOf(jack,s1635206053834),Article(a),GraduateStudent(a)}
25,28;{headOf(jack,a),Article(a),GraduateStudent(a)}
25,69;{worksFor(s1635206053834,jack),Article(a),GraduateStudent(a)}
26,10;{worksFor(jack,a),Article(a),GraduateStudent(a)}
26,30;{advisor(a,jack),Article(a),GraduateStudent(a)}
26,50;{tenured(jack,s1635206053834),Article(a),GraduateStudent(a)}
26,83;{teacherOf(s1635206053834,a),Article(a),GraduateStudent(a)}
27,03;{advisor(s1635206053834,jack),Article(a),GraduateStudent(a)}
27,86;{teacherOf(s1635206053834,jack),Article(a),GraduateStudent(a)}
28,46;{tenured(s1635206053834,jack),Article(a),GraduateStudent(a)}
28,65;{worksFor(jack,s1635206053834),Article(a),GraduateStudent(a)}
28,87;{teacherOf(jack,s1635206053834),Article(a),GraduateStudent(a)}
31,16;{softwareVersion(s1635206053834,jack),AssociateProfessor(jack),Organization(jack)}
31,76;{softwareVersion(a,s1635206053834),AssociateProfessor(jack),Organization(jack)}
32,18;{softwareDocumentation(jack,a),AssociateProfessor(jack),Organization(jack)}
33,10;{softwareVersion(s1635206053834,a),AssociateProfessor(jack),Organization(jack)}
33,42;{orgPublication(jack,a),AssociateProfessor(jack),Organization(jack)}
34,12;{softwareDocumentation(a,jack),AssociateProfessor(jack),Organization(jack)}
34,33;{publicationResearch(a,jack),AssociateProfessor(jack),Organization(jack)}
34,52;{publicationDate(s1635206053834,jack),AssociateProfessor(jack),Organization(jack)}
34,72;{orgPublication(a,s1635206053834),AssociateProfessor(jack),Organization(jack)}
35,23;{softwareDocumentation(s1635206053834,jack),AssociateProfessor(jack),Organization(jack)}
35,33;{publicationAuthor(a,jack),AssociateProfessor(jack),Organization(jack)}
35,65;{publicationResearch(s1635206053834,jack),AssociateProfessor(jack),Organization(jack)}
36,36;{softwareDocumentation(jack,s1635206053834),AssociateProfessor(jack),Organization(jack)}
36,86;{softwareVersion(a,jack),AssociateProfessor(jack),Organization(jack)}
37,09;{softwareDocumentation(a,s1635206053834),AssociateProfessor(jack),Organization(jack)}
37,38;{publicationAuthor(s1635206053834,jack),AssociateProfessor(jack),Organization(jack)}
37,69;{orgPublication(s1635206053834,a),AssociateProfessor(jack),Organization(jack)}
38,01;{publicationAuthor(s1635206053834,a),AssociateProfessor(jack),Organization(jack)}
38,31;{orgPublication(jack,s1635206053834),AssociateProfessor(jack),Organization(jack)}
38,83;{publicationResearch(a,s1635206053834),AssociateProfessor(jack),Organization(jack)}
39,03;{publicationDate(s1635206053834,a),AssociateProfessor(jack),Organization(jack)}
39,42;{publicationDate(a,jack),AssociateProfessor(jack),Organization(jack)}
39,63;{softwareDocumentation(s1635206053834,a),AssociateProfessor(jack),Organization(jack)}
39,63;{publicationDate(a,s1635206053834),AssociateProfessor(jack),Organization(jack)}
40,04;{publicationAuthor(a,s1635206053834),AssociateProfessor(jack),Organization(jack)}
