1,02;{Chair(DummyIndividual),AdministrativeStaff(DummyIndividual)}
1,44;{SystemsStaff(DummyIndividual),PostDoc(DummyIndividual)}
1,83;{Dean(DummyIndividual),ClericalStaff(DummyIndividual)}
2,11;{Lecturer(DummyIndividual),SystemsStaff(DummyIndividual)}
4,02;{AdministrativeStaff(DummyIndividual),AssistantProfessor(DummyIndividual)}
4,12;{AdministrativeStaff(DummyIndividual),PostDoc(DummyIndividual)}
4,12;{AdministrativeStaff(DummyIndividual),Faculty(DummyIndividual)}
4,12;{AdministrativeStaff(DummyIndividual),Lecturer(DummyIndividual)}
4,12;{AdministrativeStaff(DummyIndividual),Dean(DummyIndividual)}
4,12;{AdministrativeStaff(DummyIndividual),Professor(DummyIndividual)}
4,12;{AdministrativeStaff(DummyIndividual),FullProfessor(DummyIndividual)}
4,12;{AdministrativeStaff(DummyIndividual),VisitingProfessor(DummyIndividual)}
4,12;{AdministrativeStaff(DummyIndividual),AssociateProfessor(DummyIndividual)}
4,24;{ClericalStaff(DummyIndividual),AssistantProfessor(DummyIndividual)}
4,24;{ClericalStaff(DummyIndividual),Chair(DummyIndividual)}
4,24;{ClericalStaff(DummyIndividual),PostDoc(DummyIndividual)}
4,24;{ClericalStaff(DummyIndividual),Faculty(DummyIndividual)}
4,24;{ClericalStaff(DummyIndividual),Lecturer(DummyIndividual)}
4,24;{ClericalStaff(DummyIndividual),Professor(DummyIndividual)}
4,24;{ClericalStaff(DummyIndividual),FullProfessor(DummyIndividual)}
4,24;{ClericalStaff(DummyIndividual),VisitingProfessor(DummyIndividual)}
4,33;{ClericalStaff(DummyIndividual),AssociateProfessor(DummyIndividual)}
4,33;{SystemsStaff(DummyIndividual),AssistantProfessor(DummyIndividual)}
4,33;{SystemsStaff(DummyIndividual),Chair(DummyIndividual)}
4,33;{SystemsStaff(DummyIndividual),Faculty(DummyIndividual)}
4,33;{SystemsStaff(DummyIndividual),Dean(DummyIndividual)}
4,33;{SystemsStaff(DummyIndividual),Professor(DummyIndividual)}
4,33;{SystemsStaff(DummyIndividual),FullProfessor(DummyIndividual)}
4,33;{SystemsStaff(DummyIndividual),VisitingProfessor(DummyIndividual)}
4,33;{SystemsStaff(DummyIndividual),AssociateProfessor(DummyIndividual)}
