0,89;{ConferencePaper(DummyIndividual),TeachingAssistant(DummyIndividual)}
0,98;{ConferencePaper(DummyIndividual),Faculty(DummyIndividual)}
1,37;{Employee(DummyIndividual),TechnicalReport(DummyIndividual)}
1,56;{Employee(DummyIndividual),ConferencePaper(DummyIndividual)}
1,97;{PostDoc(DummyIndividual),Article(DummyIndividual)}
2,33;{AssociateProfessor(DummyIndividual),JournalArticle(DummyIndividual)}
2,55;{Article(DummyIndividual),Employee(DummyIndividual)}
2,55;{Article(DummyIndividual),Director(DummyIndividual)}
5,47;{Article(DummyIndividual),Person(DummyIndividual)}
5,47;{Article(DummyIndividual),Student(DummyIndividual)}
5,60;{Article(DummyIndividual),AdministrativeStaff(DummyIndividual)}
5,60;{Article(DummyIndividual),AssistantProfessor(DummyIndividual)}
5,60;{Article(DummyIndividual),UndergraduateStudent(DummyIndividual)}
5,60;{Article(DummyIndividual),Chair(DummyIndividual)}
5,68;{Article(DummyIndividual),ClericalStaff(DummyIndividual)}
5,68;{Article(DummyIndividual),SystemsStaff(DummyIndividual)}
5,68;{Article(DummyIndividual),ResearchAssistant(DummyIndividual)}
5,68;{Article(DummyIndividual),Faculty(DummyIndividual)}
5,74;{Article(DummyIndividual),Lecturer(DummyIndividual)}
5,74;{Article(DummyIndividual),TeachingAssistant(DummyIndividual)}
5,79;{Article(DummyIndividual),Dean(DummyIndividual)}
5,79;{Article(DummyIndividual),GraduateStudent(DummyIndividual)}
5,79;{Article(DummyIndividual),Professor(DummyIndividual)}
5,79;{Article(DummyIndividual),FullProfessor(DummyIndividual)}
5,90;{Article(DummyIndividual),VisitingProfessor(DummyIndividual)}
5,90;{Article(DummyIndividual),AssociateProfessor(DummyIndividual)}
5,90;{ConferencePaper(DummyIndividual),Director(DummyIndividual)}
5,90;{ConferencePaper(DummyIndividual),Person(DummyIndividual)}
5,90;{ConferencePaper(DummyIndividual),Student(DummyIndividual)}
5,90;{ConferencePaper(DummyIndividual),AdministrativeStaff(DummyIndividual)}
6,00;{ConferencePaper(DummyIndividual),AssistantProfessor(DummyIndividual)}
6,00;{ConferencePaper(DummyIndividual),UndergraduateStudent(DummyIndividual)}
6,00;{ConferencePaper(DummyIndividual),Chair(DummyIndividual)}
6,00;{ConferencePaper(DummyIndividual),ClericalStaff(DummyIndividual)}
6,10;{ConferencePaper(DummyIndividual),SystemsStaff(DummyIndividual)}
6,10;{ConferencePaper(DummyIndividual),ResearchAssistant(DummyIndividual)}
6,10;{ConferencePaper(DummyIndividual),PostDoc(DummyIndividual)}
6,10;{ConferencePaper(DummyIndividual),Lecturer(DummyIndividual)}
6,10;{ConferencePaper(DummyIndividual),Dean(DummyIndividual)}
6,10;{ConferencePaper(DummyIndividual),GraduateStudent(DummyIndividual)}
6,20;{ConferencePaper(DummyIndividual),Professor(DummyIndividual)}
6,20;{ConferencePaper(DummyIndividual),FullProfessor(DummyIndividual)}
6,20;{ConferencePaper(DummyIndividual),VisitingProfessor(DummyIndividual)}
6,20;{ConferencePaper(DummyIndividual),AssociateProfessor(DummyIndividual)}
6,20;{TechnicalReport(DummyIndividual),Director(DummyIndividual)}
6,20;{TechnicalReport(DummyIndividual),Person(DummyIndividual)}
6,31;{TechnicalReport(DummyIndividual),Student(DummyIndividual)}
6,31;{TechnicalReport(DummyIndividual),AdministrativeStaff(DummyIndividual)}
6,31;{TechnicalReport(DummyIndividual),AssistantProfessor(DummyIndividual)}
6,31;{TechnicalReport(DummyIndividual),UndergraduateStudent(DummyIndividual)}
6,31;{TechnicalReport(DummyIndividual),Chair(DummyIndividual)}
6,31;{TechnicalReport(DummyIndividual),ClericalStaff(DummyIndividual)}
6,31;{TechnicalReport(DummyIndividual),SystemsStaff(DummyIndividual)}
6,41;{TechnicalReport(DummyIndividual),ResearchAssistant(DummyIndividual)}
6,41;{TechnicalReport(DummyIndividual),PostDoc(DummyIndividual)}
6,41;{TechnicalReport(DummyIndividual),Faculty(DummyIndividual)}
6,41;{TechnicalReport(DummyIndividual),Lecturer(DummyIndividual)}
6,41;{TechnicalReport(DummyIndividual),TeachingAssistant(DummyIndividual)}
6,41;{TechnicalReport(DummyIndividual),Dean(DummyIndividual)}
6,52;{TechnicalReport(DummyIndividual),GraduateStudent(DummyIndividual)}
6,52;{TechnicalReport(DummyIndividual),Professor(DummyIndividual)}
6,52;{TechnicalReport(DummyIndividual),FullProfessor(DummyIndividual)}
6,52;{TechnicalReport(DummyIndividual),VisitingProfessor(DummyIndividual)}
6,52;{TechnicalReport(DummyIndividual),AssociateProfessor(DummyIndividual)}
6,52;{JournalArticle(DummyIndividual),Employee(DummyIndividual)}
6,62;{JournalArticle(DummyIndividual),Director(DummyIndividual)}
6,62;{JournalArticle(DummyIndividual),Person(DummyIndividual)}
6,62;{JournalArticle(DummyIndividual),Student(DummyIndividual)}
6,62;{JournalArticle(DummyIndividual),AdministrativeStaff(DummyIndividual)}
6,62;{JournalArticle(DummyIndividual),AssistantProfessor(DummyIndividual)}
6,62;{JournalArticle(DummyIndividual),UndergraduateStudent(DummyIndividual)}
6,74;{JournalArticle(DummyIndividual),Chair(DummyIndividual)}
6,74;{JournalArticle(DummyIndividual),ClericalStaff(DummyIndividual)}
6,74;{JournalArticle(DummyIndividual),SystemsStaff(DummyIndividual)}
6,74;{JournalArticle(DummyIndividual),ResearchAssistant(DummyIndividual)}
6,74;{JournalArticle(DummyIndividual),PostDoc(DummyIndividual)}
6,82;{JournalArticle(DummyIndividual),Faculty(DummyIndividual)}
6,82;{JournalArticle(DummyIndividual),Lecturer(DummyIndividual)}
6,82;{JournalArticle(DummyIndividual),TeachingAssistant(DummyIndividual)}
6,82;{JournalArticle(DummyIndividual),Dean(DummyIndividual)}
6,82;{JournalArticle(DummyIndividual),GraduateStudent(DummyIndividual)}
6,82;{JournalArticle(DummyIndividual),Professor(DummyIndividual)}
6,91;{JournalArticle(DummyIndividual),FullProfessor(DummyIndividual)}
6,91;{JournalArticle(DummyIndividual),VisitingProfessor(DummyIndividual)}
