1,12;{GraduateCourse(DummyIndividual),Publication(DummyIndividual)}
1,34;{GraduateCourse(DummyIndividual),Specification(DummyIndividual)}
1,69;{GraduateCourse(DummyIndividual),JournalArticle(DummyIndividual)}
1,99;{GraduateCourse(DummyIndividual),TechnicalReport(DummyIndividual)}
2,24;{GraduateCourse(DummyIndividual),Manual(DummyIndividual)}
2,47;{GraduateCourse(DummyIndividual),ConferencePaper(DummyIndividual)}
2,75;{Course(DummyIndividual),Book(DummyIndividual)}
2,96;{Course(DummyIndividual),Article(DummyIndividual)}
3,15;{Course(DummyIndividual),UnofficialPublication(DummyIndividual)}
3,44;{Software(DummyIndividual),Course(DummyIndividual)}
3,84;{Software(DummyIndividual),GraduateCourse(DummyIndividual)}
4,63;{Article(DummyIndividual),GraduateCourse(DummyIndividual)}
4,63;{ConferencePaper(DummyIndividual),Course(DummyIndividual)}
4,63;{UnofficialPublication(DummyIndividual),GraduateCourse(DummyIndividual)}
4,71;{TechnicalReport(DummyIndividual),Course(DummyIndividual)}
6,30;{GraduateCourse(DummyIndividual),Book(DummyIndividual)}
6,38;{JournalArticle(DummyIndividual),Course(DummyIndividual)}
6,38;{Course(DummyIndividual),Publication(DummyIndividual)}
6,46;{Course(DummyIndividual),Manual(DummyIndividual)}
6,46;{Course(DummyIndividual),Specification(DummyIndividual)}
