0,96;{University(DummyIndividual),GraduateCourse(DummyIndividual),TechnicalReport(DummyIndividual)}
1,38;{University(DummyIndividual),GraduateCourse(DummyIndividual),Article(DummyIndividual)}
1,78;{University(DummyIndividual),GraduateCourse(DummyIndividual),ConferencePaper(DummyIndividual)}
2,28;{JournalArticle(DummyIndividual),Department(DummyIndividual),Course(DummyIndividual)}
2,75;{JournalArticle(DummyIndividual),Department(DummyIndividual),GraduateCourse(DummyIndividual)}
5,49;{ConferencePaper(DummyIndividual),Organization(DummyIndividual),GraduateCourse(DummyIndividual)}
5,49;{ConferencePaper(DummyIndividual),Organization(DummyIndividual),Course(DummyIndividual)}
6,02;{ConferencePaper(DummyIndividual),College(DummyIndividual),GraduateCourse(DummyIndividual)}
6,02;{ConferencePaper(DummyIndividual),College(DummyIndividual),Course(DummyIndividual)}
7,72;{ConferencePaper(DummyIndividual),Program(DummyIndividual),GraduateCourse(DummyIndividual)}
7,72;{ConferencePaper(DummyIndividual),Program(DummyIndividual),Course(DummyIndividual)}
7,72;{ConferencePaper(DummyIndividual),Institute(DummyIndividual),GraduateCourse(DummyIndividual)}
7,72;{ConferencePaper(DummyIndividual),Institute(DummyIndividual),Course(DummyIndividual)}
7,85;{ConferencePaper(DummyIndividual),University(DummyIndividual),Course(DummyIndividual)}
7,85;{ConferencePaper(DummyIndividual),Department(DummyIndividual),GraduateCourse(DummyIndividual)}
7,85;{ConferencePaper(DummyIndividual),Department(DummyIndividual),Course(DummyIndividual)}
7,95;{ConferencePaper(DummyIndividual),ResearchGroup(DummyIndividual),GraduateCourse(DummyIndividual)}
7,95;{ConferencePaper(DummyIndividual),ResearchGroup(DummyIndividual),Course(DummyIndividual)}
7,95;{TechnicalReport(DummyIndividual),Organization(DummyIndividual),GraduateCourse(DummyIndividual)}
7,95;{TechnicalReport(DummyIndividual),Organization(DummyIndividual),Course(DummyIndividual)}
8,08;{TechnicalReport(DummyIndividual),College(DummyIndividual),GraduateCourse(DummyIndividual)}
8,08;{TechnicalReport(DummyIndividual),College(DummyIndividual),Course(DummyIndividual)}
8,08;{TechnicalReport(DummyIndividual),Program(DummyIndividual),GraduateCourse(DummyIndividual)}
8,08;{TechnicalReport(DummyIndividual),Program(DummyIndividual),Course(DummyIndividual)}
8,08;{TechnicalReport(DummyIndividual),Institute(DummyIndividual),GraduateCourse(DummyIndividual)}
8,17;{TechnicalReport(DummyIndividual),Institute(DummyIndividual),Course(DummyIndividual)}
8,17;{TechnicalReport(DummyIndividual),University(DummyIndividual),Course(DummyIndividual)}
8,17;{TechnicalReport(DummyIndividual),Department(DummyIndividual),GraduateCourse(DummyIndividual)}
8,17;{TechnicalReport(DummyIndividual),Department(DummyIndividual),Course(DummyIndividual)}
8,28;{TechnicalReport(DummyIndividual),ResearchGroup(DummyIndividual),GraduateCourse(DummyIndividual)}
8,28;{TechnicalReport(DummyIndividual),ResearchGroup(DummyIndividual),Course(DummyIndividual)}
9,21;{GraduateCourse(DummyIndividual),Organization(DummyIndividual),Article(DummyIndividual)}
9,31;{GraduateCourse(DummyIndividual),Organization(DummyIndividual),JournalArticle(DummyIndividual)}
9,31;{GraduateCourse(DummyIndividual),College(DummyIndividual),Article(DummyIndividual)}
9,44;{GraduateCourse(DummyIndividual),College(DummyIndividual),JournalArticle(DummyIndividual)}
9,44;{GraduateCourse(DummyIndividual),Program(DummyIndividual),Article(DummyIndividual)}
9,44;{GraduateCourse(DummyIndividual),Program(DummyIndividual),JournalArticle(DummyIndividual)}
9,53;{GraduateCourse(DummyIndividual),Institute(DummyIndividual),Article(DummyIndividual)}
9,53;{GraduateCourse(DummyIndividual),Institute(DummyIndividual),JournalArticle(DummyIndividual)}
9,53;{GraduateCourse(DummyIndividual),University(DummyIndividual),JournalArticle(DummyIndividual)}
9,53;{GraduateCourse(DummyIndividual),Department(DummyIndividual),Article(DummyIndividual)}
9,53;{GraduateCourse(DummyIndividual),ResearchGroup(DummyIndividual),Article(DummyIndividual)}
9,64;{GraduateCourse(DummyIndividual),ResearchGroup(DummyIndividual),JournalArticle(DummyIndividual)}
9,64;{Course(DummyIndividual),Organization(DummyIndividual),Article(DummyIndividual)}
9,64;{Course(DummyIndividual),Organization(DummyIndividual),JournalArticle(DummyIndividual)}
9,64;{Course(DummyIndividual),College(DummyIndividual),Article(DummyIndividual)}
9,64;{Course(DummyIndividual),College(DummyIndividual),JournalArticle(DummyIndividual)}
9,75;{Course(DummyIndividual),Program(DummyIndividual),Article(DummyIndividual)}
9,75;{Course(DummyIndividual),Program(DummyIndividual),JournalArticle(DummyIndividual)}
9,75;{Course(DummyIndividual),Institute(DummyIndividual),Article(DummyIndividual)}
9,75;{Course(DummyIndividual),Institute(DummyIndividual),JournalArticle(DummyIndividual)}
9,75;{Course(DummyIndividual),University(DummyIndividual),Article(DummyIndividual)}
9,84;{Course(DummyIndividual),University(DummyIndividual),JournalArticle(DummyIndividual)}
9,87;{Course(DummyIndividual),Department(DummyIndividual),Article(DummyIndividual)}
9,87;{Course(DummyIndividual),ResearchGroup(DummyIndividual),Article(DummyIndividual)}
9,87;{Course(DummyIndividual),ResearchGroup(DummyIndividual),JournalArticle(DummyIndividual)}
