1,09;{GraduateCourse(DummyIndividual),JournalArticle(DummyIndividual),Program(DummyIndividual)}
1,67;{GraduateCourse(DummyIndividual),ResearchGroup(DummyIndividual),TechnicalReport(DummyIndividual)}
1,93;{GraduateCourse(DummyIndividual),ResearchGroup(DummyIndividual),Article(DummyIndividual)}
2,41;{Organization(DummyIndividual),ConferencePaper(DummyIndividual),Course(DummyIndividual)}
2,73;{University(DummyIndividual),ConferencePaper(DummyIndividual),GraduateCourse(DummyIndividual)}
6,15;{TechnicalReport(DummyIndividual),Organization(DummyIndividual),GraduateCourse(DummyIndividual)}
6,15;{TechnicalReport(DummyIndividual),Organization(DummyIndividual),Course(DummyIndividual)}
6,15;{TechnicalReport(DummyIndividual),College(DummyIndividual),GraduateCourse(DummyIndividual)}
6,64;{TechnicalReport(DummyIndividual),College(DummyIndividual),Course(DummyIndividual)}
8,36;{TechnicalReport(DummyIndividual),Program(DummyIndividual),GraduateCourse(DummyIndividual)}
8,36;{TechnicalReport(DummyIndividual),Program(DummyIndividual),Course(DummyIndividual)}
8,36;{TechnicalReport(DummyIndividual),Institute(DummyIndividual),GraduateCourse(DummyIndividual)}
8,46;{TechnicalReport(DummyIndividual),Institute(DummyIndividual),Course(DummyIndividual)}
8,46;{TechnicalReport(DummyIndividual),University(DummyIndividual),GraduateCourse(DummyIndividual)}
8,46;{TechnicalReport(DummyIndividual),University(DummyIndividual),Course(DummyIndividual)}
8,46;{TechnicalReport(DummyIndividual),Department(DummyIndividual),GraduateCourse(DummyIndividual)}
8,56;{TechnicalReport(DummyIndividual),Department(DummyIndividual),Course(DummyIndividual)}
8,56;{TechnicalReport(DummyIndividual),ResearchGroup(DummyIndividual),Course(DummyIndividual)}
8,56;{GraduateCourse(DummyIndividual),Organization(DummyIndividual),Article(DummyIndividual)}
8,56;{GraduateCourse(DummyIndividual),Organization(DummyIndividual),ConferencePaper(DummyIndividual)}
8,68;{GraduateCourse(DummyIndividual),Organization(DummyIndividual),JournalArticle(DummyIndividual)}
9,69;{GraduateCourse(DummyIndividual),College(DummyIndividual),Article(DummyIndividual)}
9,77;{GraduateCourse(DummyIndividual),College(DummyIndividual),ConferencePaper(DummyIndividual)}
9,77;{GraduateCourse(DummyIndividual),College(DummyIndividual),JournalArticle(DummyIndividual)}
9,77;{GraduateCourse(DummyIndividual),Program(DummyIndividual),Article(DummyIndividual)}
9,77;{GraduateCourse(DummyIndividual),Program(DummyIndividual),ConferencePaper(DummyIndividual)}
9,77;{GraduateCourse(DummyIndividual),Institute(DummyIndividual),Article(DummyIndividual)}
9,77;{GraduateCourse(DummyIndividual),Institute(DummyIndividual),ConferencePaper(DummyIndividual)}
9,88;{GraduateCourse(DummyIndividual),Institute(DummyIndividual),JournalArticle(DummyIndividual)}
9,88;{GraduateCourse(DummyIndividual),JournalArticle(DummyIndividual),University(DummyIndividual)}
9,88;{GraduateCourse(DummyIndividual),JournalArticle(DummyIndividual),Department(DummyIndividual)}
9,88;{GraduateCourse(DummyIndividual),JournalArticle(DummyIndividual),ResearchGroup(DummyIndividual)}
9,88;{GraduateCourse(DummyIndividual),University(DummyIndividual),Article(DummyIndividual)}
9,99;{GraduateCourse(DummyIndividual),Department(DummyIndividual),Article(DummyIndividual)}
9,99;{GraduateCourse(DummyIndividual),Department(DummyIndividual),ConferencePaper(DummyIndividual)}
9,99;{GraduateCourse(DummyIndividual),ResearchGroup(DummyIndividual),ConferencePaper(DummyIndividual)}
10,12;{JournalArticle(DummyIndividual),College(DummyIndividual),Course(DummyIndividual)}
10,23;{JournalArticle(DummyIndividual),Institute(DummyIndividual),Course(DummyIndividual)}
10,23;{JournalArticle(DummyIndividual),University(DummyIndividual),Course(DummyIndividual)}
10,23;{JournalArticle(DummyIndividual),Course(DummyIndividual),Organization(DummyIndividual)}
10,23;{JournalArticle(DummyIndividual),Course(DummyIndividual),Program(DummyIndividual)}
10,23;{JournalArticle(DummyIndividual),Course(DummyIndividual),Department(DummyIndividual)}
10,23;{JournalArticle(DummyIndividual),Course(DummyIndividual),ResearchGroup(DummyIndividual)}
10,44;{Course(DummyIndividual),Organization(DummyIndividual),Article(DummyIndividual)}
10,44;{Course(DummyIndividual),College(DummyIndividual),Article(DummyIndividual)}
10,44;{Course(DummyIndividual),College(DummyIndividual),ConferencePaper(DummyIndividual)}
10,56;{Course(DummyIndividual),Program(DummyIndividual),Article(DummyIndividual)}
10,56;{Course(DummyIndividual),Program(DummyIndividual),ConferencePaper(DummyIndividual)}
10,56;{Course(DummyIndividual),Institute(DummyIndividual),Article(DummyIndividual)}
10,56;{Course(DummyIndividual),Institute(DummyIndividual),ConferencePaper(DummyIndividual)}
10,67;{Course(DummyIndividual),University(DummyIndividual),Article(DummyIndividual)}
10,67;{Course(DummyIndividual),University(DummyIndividual),ConferencePaper(DummyIndividual)}
10,67;{Course(DummyIndividual),Department(DummyIndividual),Article(DummyIndividual)}
10,67;{Course(DummyIndividual),Department(DummyIndividual),ConferencePaper(DummyIndividual)}
10,76;{Course(DummyIndividual),ResearchGroup(DummyIndividual),Article(DummyIndividual)}
10,76;{Course(DummyIndividual),ResearchGroup(DummyIndividual),ConferencePaper(DummyIndividual)}
