1,13;{GraduateCourse(DummyIndividual),JournalArticle(DummyIndividual),Program(DummyIndividual)}
1,62;{Organization(DummyIndividual),GraduateCourse(DummyIndividual),TechnicalReport(DummyIndividual)}
1,97;{Organization(DummyIndividual),GraduateCourse(DummyIndividual),ConferencePaper(DummyIndividual)}
2,38;{Course(DummyIndividual),Article(DummyIndividual),University(DummyIndividual)}
4,19;{Course(DummyIndividual),ConferencePaper(DummyIndividual),Program(DummyIndividual)}
4,57;{GraduateCourse(DummyIndividual),ConferencePaper(DummyIndividual),Program(DummyIndividual)}
4,75;{Article(DummyIndividual),College(DummyIndividual),GraduateCourse(DummyIndividual)}
4,75;{Article(DummyIndividual),College(DummyIndividual),Course(DummyIndividual)}
6,73;{Article(DummyIndividual),GraduateCourse(DummyIndividual),Organization(DummyIndividual)}
6,73;{Article(DummyIndividual),GraduateCourse(DummyIndividual),Program(DummyIndividual)}
6,83;{Article(DummyIndividual),GraduateCourse(DummyIndividual),Institute(DummyIndividual)}
6,83;{Article(DummyIndividual),GraduateCourse(DummyIndividual),University(DummyIndividual)}
6,83;{Article(DummyIndividual),GraduateCourse(DummyIndividual),Department(DummyIndividual)}
6,83;{Article(DummyIndividual),GraduateCourse(DummyIndividual),ResearchGroup(DummyIndividual)}
6,93;{Article(DummyIndividual),Program(DummyIndividual),Course(DummyIndividual)}
6,93;{Article(DummyIndividual),Institute(DummyIndividual),Course(DummyIndividual)}
6,93;{Article(DummyIndividual),Course(DummyIndividual),Organization(DummyIndividual)}
6,93;{Article(DummyIndividual),Course(DummyIndividual),Department(DummyIndividual)}
7,04;{Article(DummyIndividual),Course(DummyIndividual),ResearchGroup(DummyIndividual)}
7,13;{ConferencePaper(DummyIndividual),Organization(DummyIndividual),Course(DummyIndividual)}
7,13;{ConferencePaper(DummyIndividual),College(DummyIndividual),GraduateCourse(DummyIndividual)}
7,13;{ConferencePaper(DummyIndividual),College(DummyIndividual),Course(DummyIndividual)}
7,23;{ConferencePaper(DummyIndividual),Institute(DummyIndividual),GraduateCourse(DummyIndividual)}
7,23;{ConferencePaper(DummyIndividual),Institute(DummyIndividual),Course(DummyIndividual)}
7,23;{ConferencePaper(DummyIndividual),University(DummyIndividual),GraduateCourse(DummyIndividual)}
7,23;{ConferencePaper(DummyIndividual),University(DummyIndividual),Course(DummyIndividual)}
7,34;{ConferencePaper(DummyIndividual),Department(DummyIndividual),GraduateCourse(DummyIndividual)}
7,34;{ConferencePaper(DummyIndividual),Department(DummyIndividual),Course(DummyIndividual)}
7,44;{ConferencePaper(DummyIndividual),ResearchGroup(DummyIndividual),GraduateCourse(DummyIndividual)}
7,44;{ConferencePaper(DummyIndividual),ResearchGroup(DummyIndividual),Course(DummyIndividual)}
7,44;{TechnicalReport(DummyIndividual),Organization(DummyIndividual),Course(DummyIndividual)}
7,44;{TechnicalReport(DummyIndividual),College(DummyIndividual),GraduateCourse(DummyIndividual)}
7,52;{TechnicalReport(DummyIndividual),College(DummyIndividual),Course(DummyIndividual)}
7,52;{TechnicalReport(DummyIndividual),Program(DummyIndividual),GraduateCourse(DummyIndividual)}
7,52;{TechnicalReport(DummyIndividual),Program(DummyIndividual),Course(DummyIndividual)}
7,52;{TechnicalReport(DummyIndividual),Institute(DummyIndividual),GraduateCourse(DummyIndividual)}
7,52;{TechnicalReport(DummyIndividual),Institute(DummyIndividual),Course(DummyIndividual)}
7,64;{TechnicalReport(DummyIndividual),University(DummyIndividual),GraduateCourse(DummyIndividual)}
7,64;{TechnicalReport(DummyIndividual),University(DummyIndividual),Course(DummyIndividual)}
7,64;{TechnicalReport(DummyIndividual),Department(DummyIndividual),GraduateCourse(DummyIndividual)}
7,64;{TechnicalReport(DummyIndividual),Department(DummyIndividual),Course(DummyIndividual)}
7,71;{TechnicalReport(DummyIndividual),ResearchGroup(DummyIndividual),GraduateCourse(DummyIndividual)}
7,71;{TechnicalReport(DummyIndividual),ResearchGroup(DummyIndividual),Course(DummyIndividual)}
7,71;{JournalArticle(DummyIndividual),College(DummyIndividual),GraduateCourse(DummyIndividual)}
7,71;{JournalArticle(DummyIndividual),College(DummyIndividual),Course(DummyIndividual)}
7,71;{JournalArticle(DummyIndividual),GraduateCourse(DummyIndividual),Organization(DummyIndividual)}
7,79;{JournalArticle(DummyIndividual),GraduateCourse(DummyIndividual),Institute(DummyIndividual)}
7,79;{JournalArticle(DummyIndividual),GraduateCourse(DummyIndividual),University(DummyIndividual)}
7,79;{JournalArticle(DummyIndividual),GraduateCourse(DummyIndividual),Department(DummyIndividual)}
7,79;{JournalArticle(DummyIndividual),GraduateCourse(DummyIndividual),ResearchGroup(DummyIndividual)}
7,79;{JournalArticle(DummyIndividual),Institute(DummyIndividual),Course(DummyIndividual)}
7,79;{JournalArticle(DummyIndividual),University(DummyIndividual),Course(DummyIndividual)}
7,92;{JournalArticle(DummyIndividual),Course(DummyIndividual),Organization(DummyIndividual)}
7,92;{JournalArticle(DummyIndividual),Course(DummyIndividual),Program(DummyIndividual)}
7,92;{JournalArticle(DummyIndividual),Course(DummyIndividual),Department(DummyIndividual)}
7,92;{JournalArticle(DummyIndividual),Course(DummyIndividual),ResearchGroup(DummyIndividual)}
