1,23;{University(DummyIndividual),GraduateCourse(DummyIndividual),TechnicalReport(DummyIndividual)}
1,63;{University(DummyIndividual),GraduateCourse(DummyIndividual),ConferencePaper(DummyIndividual)}
2,06;{Course(DummyIndividual),Article(DummyIndividual),Institute(DummyIndividual)}
2,51;{JournalArticle(DummyIndividual),Department(DummyIndividual),Course(DummyIndividual)}
2,84;{JournalArticle(DummyIndividual),Institute(DummyIndividual),GraduateCourse(DummyIndividual)}
6,46;{ConferencePaper(DummyIndividual),Organization(DummyIndividual),GraduateCourse(DummyIndividual)}
6,46;{ConferencePaper(DummyIndividual),Organization(DummyIndividual),Course(DummyIndividual)}
7,05;{ConferencePaper(DummyIndividual),College(DummyIndividual),GraduateCourse(DummyIndividual)}
7,05;{ConferencePaper(DummyIndividual),College(DummyIndividual),Course(DummyIndividual)}
8,95;{ConferencePaper(DummyIndividual),Program(DummyIndividual),GraduateCourse(DummyIndividual)}
8,95;{ConferencePaper(DummyIndividual),Program(DummyIndividual),Course(DummyIndividual)}
9,05;{ConferencePaper(DummyIndividual),Institute(DummyIndividual),GraduateCourse(DummyIndividual)}
9,05;{ConferencePaper(DummyIndividual),Institute(DummyIndividual),Course(DummyIndividual)}
9,05;{ConferencePaper(DummyIndividual),University(DummyIndividual),Course(DummyIndividual)}
9,16;{ConferencePaper(DummyIndividual),Department(DummyIndividual),GraduateCourse(DummyIndividual)}
9,16;{ConferencePaper(DummyIndividual),Department(DummyIndividual),Course(DummyIndividual)}
9,27;{ConferencePaper(DummyIndividual),ResearchGroup(DummyIndividual),GraduateCourse(DummyIndividual)}
9,27;{ConferencePaper(DummyIndividual),ResearchGroup(DummyIndividual),Course(DummyIndividual)}
9,27;{TechnicalReport(DummyIndividual),Organization(DummyIndividual),GraduateCourse(DummyIndividual)}
9,27;{TechnicalReport(DummyIndividual),Organization(DummyIndividual),Course(DummyIndividual)}
9,37;{TechnicalReport(DummyIndividual),College(DummyIndividual),GraduateCourse(DummyIndividual)}
9,37;{TechnicalReport(DummyIndividual),College(DummyIndividual),Course(DummyIndividual)}
9,37;{TechnicalReport(DummyIndividual),Program(DummyIndividual),GraduateCourse(DummyIndividual)}
9,49;{TechnicalReport(DummyIndividual),Program(DummyIndividual),Course(DummyIndividual)}
9,49;{TechnicalReport(DummyIndividual),Institute(DummyIndividual),GraduateCourse(DummyIndividual)}
9,49;{TechnicalReport(DummyIndividual),Institute(DummyIndividual),Course(DummyIndividual)}
9,59;{TechnicalReport(DummyIndividual),University(DummyIndividual),Course(DummyIndividual)}
9,59;{TechnicalReport(DummyIndividual),Department(DummyIndividual),GraduateCourse(DummyIndividual)}
9,59;{TechnicalReport(DummyIndividual),Department(DummyIndividual),Course(DummyIndividual)}
9,71;{TechnicalReport(DummyIndividual),ResearchGroup(DummyIndividual),GraduateCourse(DummyIndividual)}
9,71;{TechnicalReport(DummyIndividual),ResearchGroup(DummyIndividual),Course(DummyIndividual)}
9,71;{GraduateCourse(DummyIndividual),Article(DummyIndividual),Organization(DummyIndividual)}
9,71;{GraduateCourse(DummyIndividual),Article(DummyIndividual),College(DummyIndividual)}
9,80;{GraduateCourse(DummyIndividual),Article(DummyIndividual),Program(DummyIndividual)}
9,80;{GraduateCourse(DummyIndividual),Article(DummyIndividual),Institute(DummyIndividual)}
9,80;{GraduateCourse(DummyIndividual),Article(DummyIndividual),University(DummyIndividual)}
9,87;{GraduateCourse(DummyIndividual),Article(DummyIndividual),Department(DummyIndividual)}
9,87;{GraduateCourse(DummyIndividual),Article(DummyIndividual),ResearchGroup(DummyIndividual)}
9,94;{GraduateCourse(DummyIndividual),College(DummyIndividual),JournalArticle(DummyIndividual)}
10,98;{GraduateCourse(DummyIndividual),Program(DummyIndividual),JournalArticle(DummyIndividual)}
10,98;{GraduateCourse(DummyIndividual),JournalArticle(DummyIndividual),Organization(DummyIndividual)}
10,98;{GraduateCourse(DummyIndividual),JournalArticle(DummyIndividual),University(DummyIndividual)}
11,06;{GraduateCourse(DummyIndividual),JournalArticle(DummyIndividual),Department(DummyIndividual)}
11,06;{GraduateCourse(DummyIndividual),JournalArticle(DummyIndividual),ResearchGroup(DummyIndividual)}
11,06;{Course(DummyIndividual),Article(DummyIndividual),Organization(DummyIndividual)}
11,06;{Course(DummyIndividual),Article(DummyIndividual),College(DummyIndividual)}
11,16;{Course(DummyIndividual),Article(DummyIndividual),Program(DummyIndividual)}
11,16;{Course(DummyIndividual),Article(DummyIndividual),University(DummyIndividual)}
11,16;{Course(DummyIndividual),Article(DummyIndividual),Department(DummyIndividual)}
11,16;{Course(DummyIndividual),Article(DummyIndividual),ResearchGroup(DummyIndividual)}
11,16;{Course(DummyIndividual),College(DummyIndividual),JournalArticle(DummyIndividual)}
11,27;{Course(DummyIndividual),Program(DummyIndividual),JournalArticle(DummyIndividual)}
11,27;{Course(DummyIndividual),JournalArticle(DummyIndividual),Organization(DummyIndividual)}
11,27;{Course(DummyIndividual),JournalArticle(DummyIndividual),Institute(DummyIndividual)}
11,27;{Course(DummyIndividual),JournalArticle(DummyIndividual),University(DummyIndividual)}
11,38;{Course(DummyIndividual),JournalArticle(DummyIndividual),ResearchGroup(DummyIndividual)}
