1,05;{GraduateStudent(DummyIndividual),Chair(DummyIndividual)}
1,29;{GraduateStudent(DummyIndividual),Lecturer(DummyIndividual)}
1,75;{GraduateStudent(DummyIndividual),AssociateProfessor(DummyIndividual)}
2,05;{GraduateStudent(DummyIndividual),AssistantProfessor(DummyIndividual)}
2,40;{GraduateStudent(DummyIndividual),Faculty(DummyIndividual)}
2,79;{Dean(DummyIndividual),UndergraduateStudent(DummyIndividual)}
2,87;{Dean(DummyIndividual),Student(DummyIndividual)}
3,29;{PostDoc(DummyIndividual),GraduateStudent(DummyIndividual)}
5,38;{Student(DummyIndividual),AssistantProfessor(DummyIndividual)}
5,38;{Student(DummyIndividual),Chair(DummyIndividual)}
5,44;{Student(DummyIndividual),PostDoc(DummyIndividual)}
5,44;{Student(DummyIndividual),Faculty(DummyIndividual)}
5,44;{Student(DummyIndividual),Lecturer(DummyIndividual)}
5,44;{Student(DummyIndividual),Professor(DummyIndividual)}
5,53;{Student(DummyIndividual),FullProfessor(DummyIndividual)}
5,53;{Student(DummyIndividual),VisitingProfessor(DummyIndividual)}
5,53;{Student(DummyIndividual),AssociateProfessor(DummyIndividual)}
6,60;{AssistantProfessor(DummyIndividual),UndergraduateStudent(DummyIndividual)}
6,67;{UndergraduateStudent(DummyIndividual),Chair(DummyIndividual)}
6,67;{UndergraduateStudent(DummyIndividual),PostDoc(DummyIndividual)}
6,75;{UndergraduateStudent(DummyIndividual),Faculty(DummyIndividual)}
6,75;{UndergraduateStudent(DummyIndividual),Lecturer(DummyIndividual)}
6,75;{UndergraduateStudent(DummyIndividual),Professor(DummyIndividual)}
6,75;{UndergraduateStudent(DummyIndividual),FullProfessor(DummyIndividual)}
6,83;{UndergraduateStudent(DummyIndividual),VisitingProfessor(DummyIndividual)}
6,83;{UndergraduateStudent(DummyIndividual),AssociateProfessor(DummyIndividual)}
6,83;{GraduateStudent(DummyIndividual),Dean(DummyIndividual)}
6,92;{GraduateStudent(DummyIndividual),Professor(DummyIndividual)}
6,92;{GraduateStudent(DummyIndividual),FullProfessor(DummyIndividual)}
6,92;{GraduateStudent(DummyIndividual),VisitingProfessor(DummyIndividual)}
