0,93;{GraduateStudent(DummyIndividual),Employee(DummyIndividual)}
1,12;{GraduateStudent(DummyIndividual),PostDoc(DummyIndividual)}
1,38;{Lecturer(DummyIndividual),GraduateStudent(DummyIndividual)}
1,80;{UndergraduateStudent(DummyIndividual),ClericalStaff(DummyIndividual)}
1,98;{Dean(DummyIndividual),Student(DummyIndividual)}
2,03;{Dean(DummyIndividual),UndergraduateStudent(DummyIndividual)}
2,13;{Student(DummyIndividual),Employee(DummyIndividual)}
4,85;{Student(DummyIndividual),Director(DummyIndividual)}
4,85;{Student(DummyIndividual),AdministrativeStaff(DummyIndividual)}
4,85;{Student(DummyIndividual),AssistantProfessor(DummyIndividual)}
4,97;{Student(DummyIndividual),Chair(DummyIndividual)}
4,97;{Student(DummyIndividual),ClericalStaff(DummyIndividual)}
4,97;{Student(DummyIndividual),SystemsStaff(DummyIndividual)}
4,97;{Student(DummyIndividual),ResearchAssistant(DummyIndividual)}
4,97;{Student(DummyIndividual),PostDoc(DummyIndividual)}
5,09;{Student(DummyIndividual),Faculty(DummyIndividual)}
5,09;{Student(DummyIndividual),Lecturer(DummyIndividual)}
5,09;{Student(DummyIndividual),Professor(DummyIndividual)}
5,09;{Student(DummyIndividual),FullProfessor(DummyIndividual)}
5,19;{Student(DummyIndividual),VisitingProfessor(DummyIndividual)}
5,19;{Student(DummyIndividual),AssociateProfessor(DummyIndividual)}
5,19;{UndergraduateStudent(DummyIndividual),Employee(DummyIndividual)}
5,19;{UndergraduateStudent(DummyIndividual),Director(DummyIndividual)}
5,31;{UndergraduateStudent(DummyIndividual),AdministrativeStaff(DummyIndividual)}
5,31;{UndergraduateStudent(DummyIndividual),AssistantProfessor(DummyIndividual)}
5,31;{UndergraduateStudent(DummyIndividual),Chair(DummyIndividual)}
5,31;{UndergraduateStudent(DummyIndividual),SystemsStaff(DummyIndividual)}
5,31;{UndergraduateStudent(DummyIndividual),ResearchAssistant(DummyIndividual)}
5,39;{UndergraduateStudent(DummyIndividual),PostDoc(DummyIndividual)}
5,39;{UndergraduateStudent(DummyIndividual),Faculty(DummyIndividual)}
5,39;{UndergraduateStudent(DummyIndividual),Lecturer(DummyIndividual)}
5,39;{UndergraduateStudent(DummyIndividual),Professor(DummyIndividual)}
5,39;{UndergraduateStudent(DummyIndividual),FullProfessor(DummyIndividual)}
5,39;{UndergraduateStudent(DummyIndividual),VisitingProfessor(DummyIndividual)}
5,49;{UndergraduateStudent(DummyIndividual),AssociateProfessor(DummyIndividual)}
6,43;{ClericalStaff(DummyIndividual),GraduateStudent(DummyIndividual)}
6,43;{GraduateStudent(DummyIndividual),Director(DummyIndividual)}
6,43;{GraduateStudent(DummyIndividual),AdministrativeStaff(DummyIndividual)}
6,52;{GraduateStudent(DummyIndividual),AssistantProfessor(DummyIndividual)}
6,52;{GraduateStudent(DummyIndividual),Chair(DummyIndividual)}
6,52;{GraduateStudent(DummyIndividual),SystemsStaff(DummyIndividual)}
6,52;{GraduateStudent(DummyIndividual),ResearchAssistant(DummyIndividual)}
6,52;{GraduateStudent(DummyIndividual),Faculty(DummyIndividual)}
6,62;{GraduateStudent(DummyIndividual),Dean(DummyIndividual)}
6,62;{GraduateStudent(DummyIndividual),Professor(DummyIndividual)}
6,62;{GraduateStudent(DummyIndividual),FullProfessor(DummyIndividual)}
6,62;{GraduateStudent(DummyIndividual),VisitingProfessor(DummyIndividual)}
6,62;{GraduateStudent(DummyIndividual),AssociateProfessor(DummyIndividual)}
