1,05;{AdministrativeStaff(DummyIndividual),Research(DummyIndividual)}
1,35;{GraduateCourse(DummyIndividual),Professor(DummyIndividual)}
1,55;{GraduateCourse(DummyIndividual),ClericalStaff(DummyIndividual)}
1,78;{GraduateCourse(DummyIndividual),AdministrativeStaff(DummyIndividual)}
2,08;{GraduateCourse(DummyIndividual),AssociateProfessor(DummyIndividual)}
2,29;{GraduateCourse(DummyIndividual),Employee(DummyIndividual)}
2,48;{GraduateCourse(DummyIndividual),Faculty(DummyIndividual)}
2,69;{GraduateCourse(DummyIndividual),FullProfessor(DummyIndividual)}
2,77;{GraduateCourse(DummyIndividual),Director(DummyIndividual)}
2,99;{GraduateCourse(DummyIndividual),ResearchAssistant(DummyIndividual)}
3,20;{Course(DummyIndividual),AssistantProfessor(DummyIndividual)}
3,40;{Work(DummyIndividual),SystemsStaff(DummyIndividual)}
3,49;{Work(DummyIndividual),PostDoc(DummyIndividual)}
3,74;{Work(DummyIndividual),Lecturer(DummyIndividual)}
4,05;{VisitingProfessor(DummyIndividual),Work(DummyIndividual)}
4,28;{VisitingProfessor(DummyIndividual),Course(DummyIndividual)}
4,59;{Chair(DummyIndividual),GraduateCourse(DummyIndividual)}
4,59;{Employee(DummyIndividual),Work(DummyIndividual)}
4,71;{Employee(DummyIndividual),Course(DummyIndividual)}
4,71;{Employee(DummyIndividual),Research(DummyIndividual)}
5,97;{Director(DummyIndividual),Work(DummyIndividual)}
5,97;{Director(DummyIndividual),Course(DummyIndividual)}
5,97;{Director(DummyIndividual),Research(DummyIndividual)}
8,09;{AdministrativeStaff(DummyIndividual),Work(DummyIndividual)}
8,09;{AdministrativeStaff(DummyIndividual),Course(DummyIndividual)}
8,09;{AssistantProfessor(DummyIndividual),Work(DummyIndividual)}
8,09;{AssistantProfessor(DummyIndividual),GraduateCourse(DummyIndividual)}
8,09;{AssistantProfessor(DummyIndividual),Research(DummyIndividual)}
8,19;{Chair(DummyIndividual),Work(DummyIndividual)}
8,19;{Chair(DummyIndividual),Course(DummyIndividual)}
8,19;{Chair(DummyIndividual),Research(DummyIndividual)}
8,19;{ClericalStaff(DummyIndividual),Work(DummyIndividual)}
8,19;{ClericalStaff(DummyIndividual),Course(DummyIndividual)}
8,19;{ClericalStaff(DummyIndividual),Research(DummyIndividual)}
8,30;{SystemsStaff(DummyIndividual),GraduateCourse(DummyIndividual)}
8,30;{SystemsStaff(DummyIndividual),Course(DummyIndividual)}
8,30;{SystemsStaff(DummyIndividual),Research(DummyIndividual)}
8,30;{ResearchAssistant(DummyIndividual),Work(DummyIndividual)}
8,42;{ResearchAssistant(DummyIndividual),Course(DummyIndividual)}
8,42;{ResearchAssistant(DummyIndividual),Research(DummyIndividual)}
8,42;{PostDoc(DummyIndividual),GraduateCourse(DummyIndividual)}
8,42;{PostDoc(DummyIndividual),Course(DummyIndividual)}
8,42;{PostDoc(DummyIndividual),Research(DummyIndividual)}
8,53;{Faculty(DummyIndividual),Work(DummyIndividual)}
8,53;{Faculty(DummyIndividual),Course(DummyIndividual)}
8,53;{Faculty(DummyIndividual),Research(DummyIndividual)}
8,66;{Lecturer(DummyIndividual),GraduateCourse(DummyIndividual)}
8,66;{Lecturer(DummyIndividual),Course(DummyIndividual)}
8,66;{Lecturer(DummyIndividual),Research(DummyIndividual)}
8,76;{Research(DummyIndividual),Dean(DummyIndividual)}
8,76;{Research(DummyIndividual),Professor(DummyIndividual)}
8,76;{Research(DummyIndividual),FullProfessor(DummyIndividual)}
8,86;{Research(DummyIndividual),VisitingProfessor(DummyIndividual)}
8,86;{Research(DummyIndividual),AssociateProfessor(DummyIndividual)}
8,99;{Dean(DummyIndividual),Work(DummyIndividual)}
8,99;{Dean(DummyIndividual),GraduateCourse(DummyIndividual)}
8,99;{Dean(DummyIndividual),Course(DummyIndividual)}
8,99;{Professor(DummyIndividual),Work(DummyIndividual)}
8,99;{Professor(DummyIndividual),Course(DummyIndividual)}
9,09;{FullProfessor(DummyIndividual),Work(DummyIndividual)}
9,09;{FullProfessor(DummyIndividual),Course(DummyIndividual)}
9,09;{VisitingProfessor(DummyIndividual),GraduateCourse(DummyIndividual)}
9,09;{AssociateProfessor(DummyIndividual),Work(DummyIndividual)}
9,19;{AssociateProfessor(DummyIndividual),Course(DummyIndividual)}
