1,03;{GraduateCourse(DummyIndividual),JournalArticle(DummyIndividual),Institute(DummyIndividual)}
1,55;{Organization(DummyIndividual),GraduateCourse(DummyIndividual),TechnicalReport(DummyIndividual)}
1,83;{Organization(DummyIndividual),GraduateCourse(DummyIndividual),Article(DummyIndividual)}
2,34;{University(DummyIndividual),ConferencePaper(DummyIndividual),Course(DummyIndividual)}
2,75;{ConferencePaper(DummyIndividual),Department(DummyIndividual),GraduateCourse(DummyIndividual)}
4,22;{Article(DummyIndividual),GraduateCourse(DummyIndividual),College(DummyIndividual)}
4,43;{ConferencePaper(DummyIndividual),GraduateCourse(DummyIndividual),College(DummyIndividual)}
4,53;{JournalArticle(DummyIndividual),GraduateCourse(DummyIndividual),College(DummyIndividual)}
4,95;{TechnicalReport(DummyIndividual),GraduateCourse(DummyIndividual),College(DummyIndividual)}
5,17;{TechnicalReport(DummyIndividual),Organization(DummyIndividual),Course(DummyIndividual)}
5,87;{TechnicalReport(DummyIndividual),College(DummyIndividual),Course(DummyIndividual)}
7,61;{TechnicalReport(DummyIndividual),Program(DummyIndividual),GraduateCourse(DummyIndividual)}
7,72;{TechnicalReport(DummyIndividual),Program(DummyIndividual),Course(DummyIndividual)}
7,72;{TechnicalReport(DummyIndividual),Institute(DummyIndividual),GraduateCourse(DummyIndividual)}
8,37;{TechnicalReport(DummyIndividual),Institute(DummyIndividual),Course(DummyIndividual)}
8,48;{TechnicalReport(DummyIndividual),University(DummyIndividual),GraduateCourse(DummyIndividual)}
8,48;{TechnicalReport(DummyIndividual),University(DummyIndividual),Course(DummyIndividual)}
8,48;{TechnicalReport(DummyIndividual),Department(DummyIndividual),GraduateCourse(DummyIndividual)}
8,48;{TechnicalReport(DummyIndividual),Department(DummyIndividual),Course(DummyIndividual)}
8,60;{TechnicalReport(DummyIndividual),ResearchGroup(DummyIndividual),GraduateCourse(DummyIndividual)}
8,60;{TechnicalReport(DummyIndividual),ResearchGroup(DummyIndividual),Course(DummyIndividual)}
8,60;{GraduateCourse(DummyIndividual),Article(DummyIndividual),Program(DummyIndividual)}
8,60;{GraduateCourse(DummyIndividual),Article(DummyIndividual),Institute(DummyIndividual)}
8,60;{GraduateCourse(DummyIndividual),Article(DummyIndividual),University(DummyIndividual)}
8,60;{GraduateCourse(DummyIndividual),Article(DummyIndividual),Department(DummyIndividual)}
8,69;{GraduateCourse(DummyIndividual),Article(DummyIndividual),ResearchGroup(DummyIndividual)}
8,69;{GraduateCourse(DummyIndividual),ConferencePaper(DummyIndividual),Organization(DummyIndividual)}
8,69;{GraduateCourse(DummyIndividual),ConferencePaper(DummyIndividual),Program(DummyIndividual)}
8,69;{GraduateCourse(DummyIndividual),ConferencePaper(DummyIndividual),Institute(DummyIndividual)}
8,69;{GraduateCourse(DummyIndividual),ConferencePaper(DummyIndividual),University(DummyIndividual)}
8,80;{GraduateCourse(DummyIndividual),ConferencePaper(DummyIndividual),ResearchGroup(DummyIndividual)}
8,80;{GraduateCourse(DummyIndividual),Program(DummyIndividual),JournalArticle(DummyIndividual)}
8,80;{GraduateCourse(DummyIndividual),JournalArticle(DummyIndividual),Organization(DummyIndividual)}
8,89;{GraduateCourse(DummyIndividual),JournalArticle(DummyIndividual),University(DummyIndividual)}
8,90;{GraduateCourse(DummyIndividual),JournalArticle(DummyIndividual),Department(DummyIndividual)}
8,90;{GraduateCourse(DummyIndividual),JournalArticle(DummyIndividual),ResearchGroup(DummyIndividual)}
8,90;{JournalArticle(DummyIndividual),College(DummyIndividual),Course(DummyIndividual)}
9,03;{JournalArticle(DummyIndividual),Program(DummyIndividual),Course(DummyIndividual)}
9,03;{JournalArticle(DummyIndividual),University(DummyIndividual),Course(DummyIndividual)}
9,03;{JournalArticle(DummyIndividual),Course(DummyIndividual),Organization(DummyIndividual)}
9,15;{JournalArticle(DummyIndividual),Course(DummyIndividual),Institute(DummyIndividual)}
9,15;{JournalArticle(DummyIndividual),Course(DummyIndividual),Department(DummyIndividual)}
9,15;{JournalArticle(DummyIndividual),Course(DummyIndividual),ResearchGroup(DummyIndividual)}
9,15;{Course(DummyIndividual),Article(DummyIndividual),Organization(DummyIndividual)}
9,26;{Course(DummyIndividual),Article(DummyIndividual),College(DummyIndividual)}
9,26;{Course(DummyIndividual),Article(DummyIndividual),Program(DummyIndividual)}
9,26;{Course(DummyIndividual),Article(DummyIndividual),Institute(DummyIndividual)}
9,26;{Course(DummyIndividual),Article(DummyIndividual),University(DummyIndividual)}
9,35;{Course(DummyIndividual),Article(DummyIndividual),Department(DummyIndividual)}
9,35;{Course(DummyIndividual),Article(DummyIndividual),ResearchGroup(DummyIndividual)}
9,35;{Course(DummyIndividual),ConferencePaper(DummyIndividual),Organization(DummyIndividual)}
9,35;{Course(DummyIndividual),ConferencePaper(DummyIndividual),College(DummyIndividual)}
9,35;{Course(DummyIndividual),ConferencePaper(DummyIndividual),Program(DummyIndividual)}
9,35;{Course(DummyIndividual),ConferencePaper(DummyIndividual),Institute(DummyIndividual)}
9,45;{Course(DummyIndividual),ConferencePaper(DummyIndividual),Department(DummyIndividual)}
9,45;{Course(DummyIndividual),ConferencePaper(DummyIndividual),ResearchGroup(DummyIndividual)}
