1,07;{University(DummyIndividual),GraduateCourse(DummyIndividual),TechnicalReport(DummyIndividual)}
1,64;{Course(DummyIndividual),Article(DummyIndividual),Program(DummyIndividual)}
1,84;{Course(DummyIndividual),JournalArticle(DummyIndividual),Program(DummyIndividual)}
2,40;{ConferencePaper(DummyIndividual),Department(DummyIndividual),Course(DummyIndividual)}
2,83;{ConferencePaper(DummyIndividual),Department(DummyIndividual),GraduateCourse(DummyIndividual)}
6,17;{GraduateCourse(DummyIndividual),JournalArticle(DummyIndividual),Institute(DummyIndividual)}
6,36;{Course(DummyIndividual),JournalArticle(DummyIndividual),Institute(DummyIndividual)}
6,68;{TechnicalReport(DummyIndividual),Organization(DummyIndividual),GraduateCourse(DummyIndividual)}
6,68;{TechnicalReport(DummyIndividual),Organization(DummyIndividual),Course(DummyIndividual)}
6,68;{TechnicalReport(DummyIndividual),College(DummyIndividual),GraduateCourse(DummyIndividual)}
6,68;{TechnicalReport(DummyIndividual),College(DummyIndividual),Course(DummyIndividual)}
8,28;{TechnicalReport(DummyIndividual),Program(DummyIndividual),GraduateCourse(DummyIndividual)}
8,28;{TechnicalReport(DummyIndividual),Program(DummyIndividual),Course(DummyIndividual)}
8,36;{TechnicalReport(DummyIndividual),Institute(DummyIndividual),GraduateCourse(DummyIndividual)}
8,39;{TechnicalReport(DummyIndividual),Institute(DummyIndividual),Course(DummyIndividual)}
8,39;{TechnicalReport(DummyIndividual),University(DummyIndividual),Course(DummyIndividual)}
8,39;{TechnicalReport(DummyIndividual),Department(DummyIndividual),GraduateCourse(DummyIndividual)}
8,50;{TechnicalReport(DummyIndividual),Department(DummyIndividual),Course(DummyIndividual)}
8,50;{TechnicalReport(DummyIndividual),ResearchGroup(DummyIndividual),GraduateCourse(DummyIndividual)}
8,50;{TechnicalReport(DummyIndividual),ResearchGroup(DummyIndividual),Course(DummyIndividual)}
8,63;{GraduateCourse(DummyIndividual),Article(DummyIndividual),Organization(DummyIndividual)}
8,63;{GraduateCourse(DummyIndividual),Article(DummyIndividual),College(DummyIndividual)}
8,63;{GraduateCourse(DummyIndividual),Article(DummyIndividual),Program(DummyIndividual)}
8,63;{GraduateCourse(DummyIndividual),Article(DummyIndividual),Institute(DummyIndividual)}
8,63;{GraduateCourse(DummyIndividual),Article(DummyIndividual),University(DummyIndividual)}
8,71;{GraduateCourse(DummyIndividual),Article(DummyIndividual),Department(DummyIndividual)}
8,71;{GraduateCourse(DummyIndividual),Article(DummyIndividual),ResearchGroup(DummyIndividual)}
8,71;{GraduateCourse(DummyIndividual),ConferencePaper(DummyIndividual),Organization(DummyIndividual)}
8,71;{GraduateCourse(DummyIndividual),ConferencePaper(DummyIndividual),College(DummyIndividual)}
8,71;{GraduateCourse(DummyIndividual),ConferencePaper(DummyIndividual),Program(DummyIndividual)}
8,71;{GraduateCourse(DummyIndividual),ConferencePaper(DummyIndividual),Institute(DummyIndividual)}
8,71;{GraduateCourse(DummyIndividual),ConferencePaper(DummyIndividual),University(DummyIndividual)}
8,83;{GraduateCourse(DummyIndividual),ConferencePaper(DummyIndividual),ResearchGroup(DummyIndividual)}
9,93;{GraduateCourse(DummyIndividual),College(DummyIndividual),JournalArticle(DummyIndividual)}
9,93;{GraduateCourse(DummyIndividual),Program(DummyIndividual),JournalArticle(DummyIndividual)}
9,93;{GraduateCourse(DummyIndividual),JournalArticle(DummyIndividual),Organization(DummyIndividual)}
10,04;{GraduateCourse(DummyIndividual),JournalArticle(DummyIndividual),University(DummyIndividual)}
10,04;{GraduateCourse(DummyIndividual),JournalArticle(DummyIndividual),Department(DummyIndividual)}
10,04;{GraduateCourse(DummyIndividual),JournalArticle(DummyIndividual),ResearchGroup(DummyIndividual)}
10,15;{JournalArticle(DummyIndividual),College(DummyIndividual),Course(DummyIndividual)}
10,29;{JournalArticle(DummyIndividual),University(DummyIndividual),Course(DummyIndividual)}
10,29;{JournalArticle(DummyIndividual),Course(DummyIndividual),Organization(DummyIndividual)}
10,29;{JournalArticle(DummyIndividual),Course(DummyIndividual),Department(DummyIndividual)}
10,29;{JournalArticle(DummyIndividual),Course(DummyIndividual),ResearchGroup(DummyIndividual)}
10,40;{Course(DummyIndividual),Article(DummyIndividual),Organization(DummyIndividual)}
10,40;{Course(DummyIndividual),Article(DummyIndividual),College(DummyIndividual)}
10,40;{Course(DummyIndividual),Article(DummyIndividual),Institute(DummyIndividual)}
10,40;{Course(DummyIndividual),Article(DummyIndividual),University(DummyIndividual)}
10,51;{Course(DummyIndividual),Article(DummyIndividual),Department(DummyIndividual)}
10,51;{Course(DummyIndividual),Article(DummyIndividual),ResearchGroup(DummyIndividual)}
10,51;{Course(DummyIndividual),ConferencePaper(DummyIndividual),Organization(DummyIndividual)}
10,51;{Course(DummyIndividual),ConferencePaper(DummyIndividual),College(DummyIndividual)}
10,51;{Course(DummyIndividual),ConferencePaper(DummyIndividual),Program(DummyIndividual)}
10,51;{Course(DummyIndividual),ConferencePaper(DummyIndividual),Institute(DummyIndividual)}
10,63;{Course(DummyIndividual),ConferencePaper(DummyIndividual),University(DummyIndividual)}
10,63;{Course(DummyIndividual),ConferencePaper(DummyIndividual),ResearchGroup(DummyIndividual)}
