1,13;{GraduateCourse(DummyIndividual),Institute(DummyIndividual),TechnicalReport(DummyIndividual)}
1,55;{GraduateCourse(DummyIndividual),Institute(DummyIndividual),ConferencePaper(DummyIndividual)}
2,01;{Course(DummyIndividual),Article(DummyIndividual),University(DummyIndividual)}
2,36;{JournalArticle(DummyIndividual),Organization(DummyIndividual),Course(DummyIndividual)}
2,83;{JournalArticle(DummyIndividual),Organization(DummyIndividual),GraduateCourse(DummyIndividual)}
6,73;{ConferencePaper(DummyIndividual),Organization(DummyIndividual),GraduateCourse(DummyIndividual)}
6,73;{ConferencePaper(DummyIndividual),Organization(DummyIndividual),Course(DummyIndividual)}
7,47;{ConferencePaper(DummyIndividual),College(DummyIndividual),GraduateCourse(DummyIndividual)}
7,47;{ConferencePaper(DummyIndividual),College(DummyIndividual),Course(DummyIndividual)}
7,47;{ConferencePaper(DummyIndividual),Program(DummyIndividual),GraduateCourse(DummyIndividual)}
7,47;{ConferencePaper(DummyIndividual),Program(DummyIndividual),Course(DummyIndividual)}
7,59;{ConferencePaper(DummyIndividual),Institute(DummyIndividual),Course(DummyIndividual)}
7,59;{ConferencePaper(DummyIndividual),University(DummyIndividual),GraduateCourse(DummyIndividual)}
7,59;{ConferencePaper(DummyIndividual),University(DummyIndividual),Course(DummyIndividual)}
7,59;{ConferencePaper(DummyIndividual),Department(DummyIndividual),GraduateCourse(DummyIndividual)}
7,59;{ConferencePaper(DummyIndividual),Department(DummyIndividual),Course(DummyIndividual)}
7,72;{ConferencePaper(DummyIndividual),ResearchGroup(DummyIndividual),GraduateCourse(DummyIndividual)}
7,72;{ConferencePaper(DummyIndividual),ResearchGroup(DummyIndividual),Course(DummyIndividual)}
7,72;{TechnicalReport(DummyIndividual),Organization(DummyIndividual),GraduateCourse(DummyIndividual)}
7,72;{TechnicalReport(DummyIndividual),Organization(DummyIndividual),Course(DummyIndividual)}
7,72;{TechnicalReport(DummyIndividual),College(DummyIndividual),GraduateCourse(DummyIndividual)}
7,72;{TechnicalReport(DummyIndividual),College(DummyIndividual),Course(DummyIndividual)}
7,85;{TechnicalReport(DummyIndividual),Program(DummyIndividual),GraduateCourse(DummyIndividual)}
7,85;{TechnicalReport(DummyIndividual),Program(DummyIndividual),Course(DummyIndividual)}
7,85;{TechnicalReport(DummyIndividual),Institute(DummyIndividual),Course(DummyIndividual)}
7,85;{TechnicalReport(DummyIndividual),University(DummyIndividual),GraduateCourse(DummyIndividual)}
7,85;{TechnicalReport(DummyIndividual),University(DummyIndividual),Course(DummyIndividual)}
7,85;{TechnicalReport(DummyIndividual),Department(DummyIndividual),GraduateCourse(DummyIndividual)}
7,97;{TechnicalReport(DummyIndividual),Department(DummyIndividual),Course(DummyIndividual)}
7,97;{TechnicalReport(DummyIndividual),ResearchGroup(DummyIndividual),GraduateCourse(DummyIndividual)}
7,97;{TechnicalReport(DummyIndividual),ResearchGroup(DummyIndividual),Course(DummyIndividual)}
9,24;{GraduateCourse(DummyIndividual),Organization(DummyIndividual),Article(DummyIndividual)}
9,24;{GraduateCourse(DummyIndividual),College(DummyIndividual),Article(DummyIndividual)}
9,37;{GraduateCourse(DummyIndividual),College(DummyIndividual),JournalArticle(DummyIndividual)}
9,37;{GraduateCourse(DummyIndividual),Program(DummyIndividual),Article(DummyIndividual)}
9,37;{GraduateCourse(DummyIndividual),Program(DummyIndividual),JournalArticle(DummyIndividual)}
9,52;{GraduateCourse(DummyIndividual),Institute(DummyIndividual),Article(DummyIndividual)}
9,52;{GraduateCourse(DummyIndividual),Institute(DummyIndividual),JournalArticle(DummyIndividual)}
9,52;{GraduateCourse(DummyIndividual),University(DummyIndividual),Article(DummyIndividual)}
9,52;{GraduateCourse(DummyIndividual),University(DummyIndividual),JournalArticle(DummyIndividual)}
9,52;{GraduateCourse(DummyIndividual),Department(DummyIndividual),Article(DummyIndividual)}
9,60;{GraduateCourse(DummyIndividual),Department(DummyIndividual),JournalArticle(DummyIndividual)}
9,60;{GraduateCourse(DummyIndividual),ResearchGroup(DummyIndividual),Article(DummyIndividual)}
9,60;{GraduateCourse(DummyIndividual),ResearchGroup(DummyIndividual),JournalArticle(DummyIndividual)}
9,72;{Course(DummyIndividual),Organization(DummyIndividual),Article(DummyIndividual)}
9,72;{Course(DummyIndividual),College(DummyIndividual),Article(DummyIndividual)}
9,72;{Course(DummyIndividual),College(DummyIndividual),JournalArticle(DummyIndividual)}
9,86;{Course(DummyIndividual),Program(DummyIndividual),Article(DummyIndividual)}
9,86;{Course(DummyIndividual),Program(DummyIndividual),JournalArticle(DummyIndividual)}
9,86;{Course(DummyIndividual),Institute(DummyIndividual),Article(DummyIndividual)}
9,97;{Course(DummyIndividual),Institute(DummyIndividual),JournalArticle(DummyIndividual)}
9,97;{Course(DummyIndividual),University(DummyIndividual),JournalArticle(DummyIndividual)}
9,97;{Course(DummyIndividual),Department(DummyIndividual),Article(DummyIndividual)}
9,97;{Course(DummyIndividual),Department(DummyIndividual),JournalArticle(DummyIndividual)}
10,10;{Course(DummyIndividual),ResearchGroup(DummyIndividual),Article(DummyIndividual)}
10,10;{Course(DummyIndividual),ResearchGroup(DummyIndividual),JournalArticle(DummyIndividual)}
