1,11;{AdministrativeStaff(DummyIndividual),AssociateProfessor(DummyIndividual)}
1,67;{AdministrativeStaff(DummyIndividual),Faculty(DummyIndividual)}
1,95;{SystemsStaff(DummyIndividual),AssistantProfessor(DummyIndividual)}
2,27;{SystemsStaff(DummyIndividual),PostDoc(DummyIndividual)}
2,38;{SystemsStaff(DummyIndividual),Professor(DummyIndividual)}
2,50;{SystemsStaff(DummyIndividual),Lecturer(DummyIndividual)}
2,80;{FullProfessor(DummyIndividual),SystemsStaff(DummyIndividual)}
3,08;{VisitingProfessor(DummyIndividual),AdministrativeStaff(DummyIndividual)}
3,39;{VisitingProfessor(DummyIndividual),ClericalStaff(DummyIndividual)}
3,39;{AdministrativeStaff(DummyIndividual),AssistantProfessor(DummyIndividual)}
5,00;{AdministrativeStaff(DummyIndividual),Chair(DummyIndividual)}
5,10;{AdministrativeStaff(DummyIndividual),PostDoc(DummyIndividual)}
5,10;{AdministrativeStaff(DummyIndividual),Lecturer(DummyIndividual)}
5,10;{AdministrativeStaff(DummyIndividual),Dean(DummyIndividual)}
5,10;{AdministrativeStaff(DummyIndividual),Professor(DummyIndividual)}
5,10;{AdministrativeStaff(DummyIndividual),FullProfessor(DummyIndividual)}
5,91;{AssistantProfessor(DummyIndividual),ClericalStaff(DummyIndividual)}
5,91;{ClericalStaff(DummyIndividual),Chair(DummyIndividual)}
5,91;{ClericalStaff(DummyIndividual),PostDoc(DummyIndividual)}
6,02;{ClericalStaff(DummyIndividual),Faculty(DummyIndividual)}
6,02;{ClericalStaff(DummyIndividual),Lecturer(DummyIndividual)}
6,02;{ClericalStaff(DummyIndividual),Dean(DummyIndividual)}
6,02;{ClericalStaff(DummyIndividual),Professor(DummyIndividual)}
6,02;{ClericalStaff(DummyIndividual),FullProfessor(DummyIndividual)}
6,13;{ClericalStaff(DummyIndividual),AssociateProfessor(DummyIndividual)}
6,13;{SystemsStaff(DummyIndividual),Chair(DummyIndividual)}
6,13;{SystemsStaff(DummyIndividual),Faculty(DummyIndividual)}
6,13;{SystemsStaff(DummyIndividual),Dean(DummyIndividual)}
6,23;{SystemsStaff(DummyIndividual),VisitingProfessor(DummyIndividual)}
6,23;{SystemsStaff(DummyIndividual),AssociateProfessor(DummyIndividual)}
