1,08;{ClericalStaff(DummyIndividual),Publication(DummyIndividual),Program(DummyIndividual)}
1,45;{ClericalStaff(DummyIndividual),Publication(DummyIndividual),ResearchGroup(DummyIndividual)}
1,75;{ClericalStaff(DummyIndividual),Publication(DummyIndividual),Organization(DummyIndividual)}
2,25;{SystemsStaff(DummyIndividual),Book(DummyIndividual),College(DummyIndividual)}
2,56;{SystemsStaff(DummyIndividual),College(DummyIndividual),Article(DummyIndividual)}
2,82;{SystemsStaff(DummyIndividual),College(DummyIndividual),UnofficialPublication(DummyIndividual)}
3,09;{JournalArticle(DummyIndividual),Department(DummyIndividual),SystemsStaff(DummyIndividual)}
3,40;{JournalArticle(DummyIndividual),Institute(DummyIndividual),AdministrativeStaff(DummyIndividual)}
3,72;{JournalArticle(DummyIndividual),Institute(DummyIndividual),ClericalStaff(DummyIndividual)}
6,14;{Specification(DummyIndividual),ClericalStaff(DummyIndividual),College(DummyIndividual)}
6,45;{Publication(DummyIndividual),ClericalStaff(DummyIndividual),College(DummyIndividual)}
6,66;{Manual(DummyIndividual),ClericalStaff(DummyIndividual),College(DummyIndividual)}
6,66;{Software(DummyIndividual),ClericalStaff(DummyIndividual),College(DummyIndividual)}
6,99;{Article(DummyIndividual),ClericalStaff(DummyIndividual),College(DummyIndividual)}
7,20;{UnofficialPublication(DummyIndividual),ClericalStaff(DummyIndividual),College(DummyIndividual)}
7,41;{Book(DummyIndividual),ClericalStaff(DummyIndividual),College(DummyIndividual)}
7,77;{TechnicalReport(DummyIndividual),ClericalStaff(DummyIndividual),College(DummyIndividual)}
8,09;{JournalArticle(DummyIndividual),ClericalStaff(DummyIndividual),College(DummyIndividual)}
8,16;{ConferencePaper(DummyIndividual),ClericalStaff(DummyIndividual),College(DummyIndividual)}
8,47;{ClericalStaff(DummyIndividual),Program(DummyIndividual),Article(DummyIndividual)}
8,86;{SystemsStaff(DummyIndividual),Program(DummyIndividual),Article(DummyIndividual)}
9,07;{AdministrativeStaff(DummyIndividual),Program(DummyIndividual),Article(DummyIndividual)}
9,26;{UnofficialPublication(DummyIndividual),AdministrativeStaff(DummyIndividual),Organization(DummyIndividual)}
9,26;{UnofficialPublication(DummyIndividual),AdministrativeStaff(DummyIndividual),College(DummyIndividual)}
9,26;{UnofficialPublication(DummyIndividual),AdministrativeStaff(DummyIndividual),Program(DummyIndividual)}
9,26;{UnofficialPublication(DummyIndividual),AdministrativeStaff(DummyIndividual),Institute(DummyIndividual)}
9,36;{UnofficialPublication(DummyIndividual),AdministrativeStaff(DummyIndividual),University(DummyIndividual)}
9,36;{UnofficialPublication(DummyIndividual),AdministrativeStaff(DummyIndividual),Department(DummyIndividual)}
9,36;{UnofficialPublication(DummyIndividual),AdministrativeStaff(DummyIndividual),ResearchGroup(DummyIndividual)}
9,36;{UnofficialPublication(DummyIndividual),ClericalStaff(DummyIndividual),Organization(DummyIndividual)}
9,36;{UnofficialPublication(DummyIndividual),ClericalStaff(DummyIndividual),Program(DummyIndividual)}
9,36;{UnofficialPublication(DummyIndividual),ClericalStaff(DummyIndividual),Institute(DummyIndividual)}
9,36;{UnofficialPublication(DummyIndividual),ClericalStaff(DummyIndividual),University(DummyIndividual)}
9,45;{UnofficialPublication(DummyIndividual),ClericalStaff(DummyIndividual),Department(DummyIndividual)}
9,45;{UnofficialPublication(DummyIndividual),ClericalStaff(DummyIndividual),ResearchGroup(DummyIndividual)}
9,45;{UnofficialPublication(DummyIndividual),SystemsStaff(DummyIndividual),Organization(DummyIndividual)}
9,45;{UnofficialPublication(DummyIndividual),SystemsStaff(DummyIndividual),Program(DummyIndividual)}
9,45;{UnofficialPublication(DummyIndividual),SystemsStaff(DummyIndividual),Institute(DummyIndividual)}
9,45;{UnofficialPublication(DummyIndividual),SystemsStaff(DummyIndividual),University(DummyIndividual)}
9,45;{UnofficialPublication(DummyIndividual),SystemsStaff(DummyIndividual),Department(DummyIndividual)}
9,56;{UnofficialPublication(DummyIndividual),SystemsStaff(DummyIndividual),ResearchGroup(DummyIndividual)}
9,56;{AdministrativeStaff(DummyIndividual),Article(DummyIndividual),Organization(DummyIndividual)}
9,56;{AdministrativeStaff(DummyIndividual),Article(DummyIndividual),College(DummyIndividual)}
9,67;{AdministrativeStaff(DummyIndividual),Article(DummyIndividual),Institute(DummyIndividual)}
9,67;{AdministrativeStaff(DummyIndividual),Article(DummyIndividual),University(DummyIndividual)}
9,67;{AdministrativeStaff(DummyIndividual),Article(DummyIndividual),Department(DummyIndividual)}
9,67;{AdministrativeStaff(DummyIndividual),Article(DummyIndividual),ResearchGroup(DummyIndividual)}
9,67;{AdministrativeStaff(DummyIndividual),ConferencePaper(DummyIndividual),Organization(DummyIndividual)}
9,67;{AdministrativeStaff(DummyIndividual),ConferencePaper(DummyIndividual),College(DummyIndividual)}
9,81;{AdministrativeStaff(DummyIndividual),ConferencePaper(DummyIndividual),Program(DummyIndividual)}
9,81;{AdministrativeStaff(DummyIndividual),ConferencePaper(DummyIndividual),Institute(DummyIndividual)}
9,81;{AdministrativeStaff(DummyIndividual),ConferencePaper(DummyIndividual),University(DummyIndividual)}
9,81;{AdministrativeStaff(DummyIndividual),ConferencePaper(DummyIndividual),Department(DummyIndividual)}
9,81;{AdministrativeStaff(DummyIndividual),ConferencePaper(DummyIndividual),ResearchGroup(DummyIndividual)}
9,81;{AdministrativeStaff(DummyIndividual),College(DummyIndividual),TechnicalReport(DummyIndividual)}
9,81;{AdministrativeStaff(DummyIndividual),College(DummyIndividual),JournalArticle(DummyIndividual)}
9,92;{AdministrativeStaff(DummyIndividual),College(DummyIndividual),Publication(DummyIndividual)}
9,92;{AdministrativeStaff(DummyIndividual),College(DummyIndividual),Book(DummyIndividual)}
9,92;{AdministrativeStaff(DummyIndividual),College(DummyIndividual),Manual(DummyIndividual)}
9,92;{AdministrativeStaff(DummyIndividual),College(DummyIndividual),Specification(DummyIndividual)}
9,92;{AdministrativeStaff(DummyIndividual),College(DummyIndividual),Software(DummyIndividual)}
10,00;{AdministrativeStaff(DummyIndividual),TechnicalReport(DummyIndividual),Organization(DummyIndividual)}
10,00;{AdministrativeStaff(DummyIndividual),TechnicalReport(DummyIndividual),Program(DummyIndividual)}
10,00;{AdministrativeStaff(DummyIndividual),TechnicalReport(DummyIndividual),Institute(DummyIndividual)}
10,00;{AdministrativeStaff(DummyIndividual),TechnicalReport(DummyIndividual),University(DummyIndividual)}
10,00;{AdministrativeStaff(DummyIndividual),TechnicalReport(DummyIndividual),Department(DummyIndividual)}
10,11;{AdministrativeStaff(DummyIndividual),TechnicalReport(DummyIndividual),ResearchGroup(DummyIndividual)}
10,11;{AdministrativeStaff(DummyIndividual),Program(DummyIndividual),JournalArticle(DummyIndividual)}
10,11;{AdministrativeStaff(DummyIndividual),Program(DummyIndividual),Publication(DummyIndividual)}
10,20;{AdministrativeStaff(DummyIndividual),Program(DummyIndividual),Book(DummyIndividual)}
10,20;{AdministrativeStaff(DummyIndividual),Program(DummyIndividual),Manual(DummyIndividual)}
10,20;{AdministrativeStaff(DummyIndividual),Program(DummyIndividual),Specification(DummyIndividual)}
10,20;{AdministrativeStaff(DummyIndividual),Program(DummyIndividual),Software(DummyIndividual)}
10,33;{AdministrativeStaff(DummyIndividual),JournalArticle(DummyIndividual),Organization(DummyIndividual)}
10,33;{AdministrativeStaff(DummyIndividual),JournalArticle(DummyIndividual),University(DummyIndividual)}
10,33;{AdministrativeStaff(DummyIndividual),JournalArticle(DummyIndividual),Department(DummyIndividual)}
10,33;{AdministrativeStaff(DummyIndividual),JournalArticle(DummyIndividual),ResearchGroup(DummyIndividual)}
10,41;{AdministrativeStaff(DummyIndividual),University(DummyIndividual),Publication(DummyIndividual)}
10,41;{AdministrativeStaff(DummyIndividual),University(DummyIndividual),Book(DummyIndividual)}
10,41;{AdministrativeStaff(DummyIndividual),University(DummyIndividual),Manual(DummyIndividual)}
10,41;{AdministrativeStaff(DummyIndividual),University(DummyIndividual),Specification(DummyIndividual)}
10,50;{AdministrativeStaff(DummyIndividual),University(DummyIndividual),Software(DummyIndividual)}
10,50;{AdministrativeStaff(DummyIndividual),Department(DummyIndividual),Publication(DummyIndividual)}
10,50;{AdministrativeStaff(DummyIndividual),Department(DummyIndividual),Book(DummyIndividual)}
10,50;{AdministrativeStaff(DummyIndividual),Department(DummyIndividual),Manual(DummyIndividual)}
10,62;{AdministrativeStaff(DummyIndividual),Department(DummyIndividual),Specification(DummyIndividual)}
10,62;{AdministrativeStaff(DummyIndividual),Department(DummyIndividual),Software(DummyIndividual)}
10,62;{AdministrativeStaff(DummyIndividual),Publication(DummyIndividual),Organization(DummyIndividual)}
10,72;{AdministrativeStaff(DummyIndividual),Publication(DummyIndividual),Institute(DummyIndividual)}
10,72;{AdministrativeStaff(DummyIndividual),Publication(DummyIndividual),ResearchGroup(DummyIndividual)}
10,72;{AdministrativeStaff(DummyIndividual),Book(DummyIndividual),Organization(DummyIndividual)}
10,72;{AdministrativeStaff(DummyIndividual),Book(DummyIndividual),Institute(DummyIndividual)}
10,72;{AdministrativeStaff(DummyIndividual),Book(DummyIndividual),ResearchGroup(DummyIndividual)}
10,85;{AdministrativeStaff(DummyIndividual),Manual(DummyIndividual),Organization(DummyIndividual)}
10,85;{AdministrativeStaff(DummyIndividual),Manual(DummyIndividual),Institute(DummyIndividual)}
10,85;{AdministrativeStaff(DummyIndividual),Manual(DummyIndividual),ResearchGroup(DummyIndividual)}
10,85;{AdministrativeStaff(DummyIndividual),Specification(DummyIndividual),Organization(DummyIndividual)}
10,85;{AdministrativeStaff(DummyIndividual),Specification(DummyIndividual),Institute(DummyIndividual)}
10,85;{AdministrativeStaff(DummyIndividual),Specification(DummyIndividual),ResearchGroup(DummyIndividual)}
10,93;{AdministrativeStaff(DummyIndividual),Software(DummyIndividual),Organization(DummyIndividual)}
10,93;{AdministrativeStaff(DummyIndividual),Software(DummyIndividual),Institute(DummyIndividual)}
10,93;{AdministrativeStaff(DummyIndividual),Software(DummyIndividual),ResearchGroup(DummyIndividual)}
10,93;{ClericalStaff(DummyIndividual),Article(DummyIndividual),Organization(DummyIndividual)}
10,93;{ClericalStaff(DummyIndividual),Article(DummyIndividual),Institute(DummyIndividual)}
10,93;{ClericalStaff(DummyIndividual),Article(DummyIndividual),University(DummyIndividual)}
11,07;{ClericalStaff(DummyIndividual),Article(DummyIndividual),Department(DummyIndividual)}
11,07;{ClericalStaff(DummyIndividual),Article(DummyIndividual),ResearchGroup(DummyIndividual)}
11,07;{ClericalStaff(DummyIndividual),ConferencePaper(DummyIndividual),Organization(DummyIndividual)}
11,07;{ClericalStaff(DummyIndividual),ConferencePaper(DummyIndividual),Program(DummyIndividual)}
11,07;{ClericalStaff(DummyIndividual),ConferencePaper(DummyIndividual),Institute(DummyIndividual)}
11,07;{ClericalStaff(DummyIndividual),ConferencePaper(DummyIndividual),University(DummyIndividual)}
11,17;{ClericalStaff(DummyIndividual),ConferencePaper(DummyIndividual),Department(DummyIndividual)}
11,17;{ClericalStaff(DummyIndividual),ConferencePaper(DummyIndividual),ResearchGroup(DummyIndividual)}
11,17;{ClericalStaff(DummyIndividual),TechnicalReport(DummyIndividual),Organization(DummyIndividual)}
11,17;{ClericalStaff(DummyIndividual),TechnicalReport(DummyIndividual),Program(DummyIndividual)}
11,17;{ClericalStaff(DummyIndividual),TechnicalReport(DummyIndividual),Institute(DummyIndividual)}
11,30;{ClericalStaff(DummyIndividual),TechnicalReport(DummyIndividual),University(DummyIndividual)}
11,30;{ClericalStaff(DummyIndividual),TechnicalReport(DummyIndividual),Department(DummyIndividual)}
11,30;{ClericalStaff(DummyIndividual),TechnicalReport(DummyIndividual),ResearchGroup(DummyIndividual)}
11,41;{ClericalStaff(DummyIndividual),Program(DummyIndividual),JournalArticle(DummyIndividual)}
11,41;{ClericalStaff(DummyIndividual),Program(DummyIndividual),Book(DummyIndividual)}
11,41;{ClericalStaff(DummyIndividual),Program(DummyIndividual),Manual(DummyIndividual)}
11,41;{ClericalStaff(DummyIndividual),Program(DummyIndividual),Specification(DummyIndividual)}
11,41;{ClericalStaff(DummyIndividual),Program(DummyIndividual),Software(DummyIndividual)}
11,54;{ClericalStaff(DummyIndividual),JournalArticle(DummyIndividual),Organization(DummyIndividual)}
11,54;{ClericalStaff(DummyIndividual),JournalArticle(DummyIndividual),University(DummyIndividual)}
11,54;{ClericalStaff(DummyIndividual),JournalArticle(DummyIndividual),Department(DummyIndividual)}
11,64;{ClericalStaff(DummyIndividual),JournalArticle(DummyIndividual),ResearchGroup(DummyIndividual)}
11,64;{ClericalStaff(DummyIndividual),University(DummyIndividual),Publication(DummyIndividual)}
11,64;{ClericalStaff(DummyIndividual),University(DummyIndividual),Book(DummyIndividual)}
11,64;{ClericalStaff(DummyIndividual),University(DummyIndividual),Manual(DummyIndividual)}
11,64;{ClericalStaff(DummyIndividual),University(DummyIndividual),Specification(DummyIndividual)}
11,74;{ClericalStaff(DummyIndividual),University(DummyIndividual),Software(DummyIndividual)}
11,74;{ClericalStaff(DummyIndividual),Department(DummyIndividual),Publication(DummyIndividual)}
11,84;{ClericalStaff(DummyIndividual),Department(DummyIndividual),Book(DummyIndividual)}
11,84;{ClericalStaff(DummyIndividual),Department(DummyIndividual),Manual(DummyIndividual)}
11,84;{ClericalStaff(DummyIndividual),Department(DummyIndividual),Specification(DummyIndividual)}
11,84;{ClericalStaff(DummyIndividual),Department(DummyIndividual),Software(DummyIndividual)}
11,84;{ClericalStaff(DummyIndividual),Publication(DummyIndividual),Institute(DummyIndividual)}
11,84;{ClericalStaff(DummyIndividual),Book(DummyIndividual),Organization(DummyIndividual)}
11,95;{ClericalStaff(DummyIndividual),Book(DummyIndividual),Institute(DummyIndividual)}
11,95;{ClericalStaff(DummyIndividual),Book(DummyIndividual),ResearchGroup(DummyIndividual)}
11,95;{ClericalStaff(DummyIndividual),Manual(DummyIndividual),Organization(DummyIndividual)}
12,06;{ClericalStaff(DummyIndividual),Manual(DummyIndividual),Institute(DummyIndividual)}
12,06;{ClericalStaff(DummyIndividual),Manual(DummyIndividual),ResearchGroup(DummyIndividual)}
12,06;{ClericalStaff(DummyIndividual),Specification(DummyIndividual),Organization(DummyIndividual)}
12,06;{ClericalStaff(DummyIndividual),Specification(DummyIndividual),Institute(DummyIndividual)}
12,06;{ClericalStaff(DummyIndividual),Specification(DummyIndividual),ResearchGroup(DummyIndividual)}
12,15;{ClericalStaff(DummyIndividual),Software(DummyIndividual),Organization(DummyIndividual)}
12,15;{ClericalStaff(DummyIndividual),Software(DummyIndividual),Institute(DummyIndividual)}
12,15;{ClericalStaff(DummyIndividual),Software(DummyIndividual),ResearchGroup(DummyIndividual)}
12,27;{SystemsStaff(DummyIndividual),Article(DummyIndividual),Organization(DummyIndividual)}
12,27;{SystemsStaff(DummyIndividual),Article(DummyIndividual),Institute(DummyIndividual)}
12,27;{SystemsStaff(DummyIndividual),Article(DummyIndividual),University(DummyIndividual)}
12,27;{SystemsStaff(DummyIndividual),Article(DummyIndividual),Department(DummyIndividual)}
12,27;{SystemsStaff(DummyIndividual),Article(DummyIndividual),ResearchGroup(DummyIndividual)}
12,38;{SystemsStaff(DummyIndividual),ConferencePaper(DummyIndividual),Organization(DummyIndividual)}
12,38;{SystemsStaff(DummyIndividual),ConferencePaper(DummyIndividual),College(DummyIndividual)}
12,38;{SystemsStaff(DummyIndividual),ConferencePaper(DummyIndividual),Program(DummyIndividual)}
12,38;{SystemsStaff(DummyIndividual),ConferencePaper(DummyIndividual),Institute(DummyIndividual)}
12,38;{SystemsStaff(DummyIndividual),ConferencePaper(DummyIndividual),University(DummyIndividual)}
12,48;{SystemsStaff(DummyIndividual),ConferencePaper(DummyIndividual),Department(DummyIndividual)}
12,48;{SystemsStaff(DummyIndividual),ConferencePaper(DummyIndividual),ResearchGroup(DummyIndividual)}
12,48;{SystemsStaff(DummyIndividual),College(DummyIndividual),TechnicalReport(DummyIndividual)}
12,48;{SystemsStaff(DummyIndividual),College(DummyIndividual),JournalArticle(DummyIndividual)}
12,48;{SystemsStaff(DummyIndividual),College(DummyIndividual),Publication(DummyIndividual)}
12,58;{SystemsStaff(DummyIndividual),College(DummyIndividual),Manual(DummyIndividual)}
12,58;{SystemsStaff(DummyIndividual),College(DummyIndividual),Specification(DummyIndividual)}
12,58;{SystemsStaff(DummyIndividual),College(DummyIndividual),Software(DummyIndividual)}
12,71;{SystemsStaff(DummyIndividual),TechnicalReport(DummyIndividual),Organization(DummyIndividual)}
12,71;{SystemsStaff(DummyIndividual),TechnicalReport(DummyIndividual),Program(DummyIndividual)}
12,71;{SystemsStaff(DummyIndividual),TechnicalReport(DummyIndividual),Institute(DummyIndividual)}
12,71;{SystemsStaff(DummyIndividual),TechnicalReport(DummyIndividual),University(DummyIndividual)}
12,81;{SystemsStaff(DummyIndividual),TechnicalReport(DummyIndividual),Department(DummyIndividual)}
12,81;{SystemsStaff(DummyIndividual),TechnicalReport(DummyIndividual),ResearchGroup(DummyIndividual)}
12,93;{SystemsStaff(DummyIndividual),Program(DummyIndividual),JournalArticle(DummyIndividual)}
12,93;{SystemsStaff(DummyIndividual),Program(DummyIndividual),Publication(DummyIndividual)}
13,02;{SystemsStaff(DummyIndividual),Program(DummyIndividual),Book(DummyIndividual)}
13,02;{SystemsStaff(DummyIndividual),Program(DummyIndividual),Manual(DummyIndividual)}
13,02;{SystemsStaff(DummyIndividual),Program(DummyIndividual),Specification(DummyIndividual)}
13,02;{SystemsStaff(DummyIndividual),Program(DummyIndividual),Software(DummyIndividual)}
13,02;{SystemsStaff(DummyIndividual),Institute(DummyIndividual),JournalArticle(DummyIndividual)}
13,12;{SystemsStaff(DummyIndividual),Institute(DummyIndividual),Publication(DummyIndividual)}
13,12;{SystemsStaff(DummyIndividual),Institute(DummyIndividual),Book(DummyIndividual)}
13,12;{SystemsStaff(DummyIndividual),Institute(DummyIndividual),Manual(DummyIndividual)}
13,12;{SystemsStaff(DummyIndividual),Institute(DummyIndividual),Specification(DummyIndividual)}
13,12;{SystemsStaff(DummyIndividual),Institute(DummyIndividual),Software(DummyIndividual)}
13,12;{SystemsStaff(DummyIndividual),JournalArticle(DummyIndividual),Organization(DummyIndividual)}
13,23;{SystemsStaff(DummyIndividual),JournalArticle(DummyIndividual),University(DummyIndividual)}
13,23;{SystemsStaff(DummyIndividual),JournalArticle(DummyIndividual),ResearchGroup(DummyIndividual)}
13,23;{SystemsStaff(DummyIndividual),University(DummyIndividual),Publication(DummyIndividual)}
13,23;{SystemsStaff(DummyIndividual),University(DummyIndividual),Book(DummyIndividual)}
13,23;{SystemsStaff(DummyIndividual),University(DummyIndividual),Manual(DummyIndividual)}
13,23;{SystemsStaff(DummyIndividual),University(DummyIndividual),Specification(DummyIndividual)}
13,23;{SystemsStaff(DummyIndividual),University(DummyIndividual),Software(DummyIndividual)}
13,35;{SystemsStaff(DummyIndividual),Publication(DummyIndividual),Organization(DummyIndividual)}
13,35;{SystemsStaff(DummyIndividual),Publication(DummyIndividual),Department(DummyIndividual)}
13,35;{SystemsStaff(DummyIndividual),Publication(DummyIndividual),ResearchGroup(DummyIndividual)}
13,35;{SystemsStaff(DummyIndividual),Book(DummyIndividual),Organization(DummyIndividual)}
13,35;{SystemsStaff(DummyIndividual),Book(DummyIndividual),Department(DummyIndividual)}
13,35;{SystemsStaff(DummyIndividual),Book(DummyIndividual),ResearchGroup(DummyIndividual)}
13,45;{SystemsStaff(DummyIndividual),Manual(DummyIndividual),Organization(DummyIndividual)}
13,45;{SystemsStaff(DummyIndividual),Manual(DummyIndividual),Department(DummyIndividual)}
13,45;{SystemsStaff(DummyIndividual),Manual(DummyIndividual),ResearchGroup(DummyIndividual)}
13,45;{SystemsStaff(DummyIndividual),Specification(DummyIndividual),Organization(DummyIndividual)}
13,45;{SystemsStaff(DummyIndividual),Specification(DummyIndividual),Department(DummyIndividual)}
13,56;{SystemsStaff(DummyIndividual),Specification(DummyIndividual),ResearchGroup(DummyIndividual)}
13,56;{SystemsStaff(DummyIndividual),Software(DummyIndividual),Organization(DummyIndividual)}
13,56;{SystemsStaff(DummyIndividual),Software(DummyIndividual),Department(DummyIndividual)}
13,56;{SystemsStaff(DummyIndividual),Software(DummyIndividual),ResearchGroup(DummyIndividual)}
