0,88;{GraduateStudent(DummyIndividual),Chair(DummyIndividual)}
1,18;{GraduateStudent(DummyIndividual),Lecturer(DummyIndividual)}
1,40;{GraduateStudent(DummyIndividual),AdministrativeStaff(DummyIndividual)}
1,62;{GraduateStudent(DummyIndividual),AssociateProfessor(DummyIndividual)}
2,06;{GraduateStudent(DummyIndividual),AssistantProfessor(DummyIndividual)}
2,29;{GraduateStudent(DummyIndividual),Faculty(DummyIndividual)}
2,60;{GraduateStudent(DummyIndividual),ResearchAssistant(DummyIndividual)}
2,90;{UndergraduateStudent(DummyIndividual),ClericalStaff(DummyIndividual)}
3,11;{Dean(DummyIndividual),Student(DummyIndividual)}
3,20;{Dean(DummyIndividual),UndergraduateStudent(DummyIndividual)}
3,50;{Employee(DummyIndividual),GraduateStudent(DummyIndividual)}
3,61;{Student(DummyIndividual),Employee(DummyIndividual)}
3,61;{Student(DummyIndividual),Director(DummyIndividual)}
6,13;{Student(DummyIndividual),AdministrativeStaff(DummyIndividual)}
6,13;{Student(DummyIndividual),AssistantProfessor(DummyIndividual)}
6,13;{Student(DummyIndividual),Chair(DummyIndividual)}
6,13;{Student(DummyIndividual),ClericalStaff(DummyIndividual)}
6,24;{Student(DummyIndividual),SystemsStaff(DummyIndividual)}
6,24;{Student(DummyIndividual),ResearchAssistant(DummyIndividual)}
6,24;{Student(DummyIndividual),PostDoc(DummyIndividual)}
6,34;{Student(DummyIndividual),Faculty(DummyIndividual)}
6,34;{Student(DummyIndividual),Lecturer(DummyIndividual)}
6,58;{Student(DummyIndividual),Professor(DummyIndividual)}
6,58;{Student(DummyIndividual),FullProfessor(DummyIndividual)}
6,66;{Student(DummyIndividual),VisitingProfessor(DummyIndividual)}
6,66;{Student(DummyIndividual),AssociateProfessor(DummyIndividual)}
7,88;{AssistantProfessor(DummyIndividual),UndergraduateStudent(DummyIndividual)}
8,42;{UndergraduateStudent(DummyIndividual),Employee(DummyIndividual)}
8,52;{UndergraduateStudent(DummyIndividual),Director(DummyIndividual)}
8,52;{UndergraduateStudent(DummyIndividual),AdministrativeStaff(DummyIndividual)}
8,61;{UndergraduateStudent(DummyIndividual),Chair(DummyIndividual)}
8,61;{UndergraduateStudent(DummyIndividual),SystemsStaff(DummyIndividual)}
8,61;{UndergraduateStudent(DummyIndividual),ResearchAssistant(DummyIndividual)}
8,70;{UndergraduateStudent(DummyIndividual),PostDoc(DummyIndividual)}
8,82;{UndergraduateStudent(DummyIndividual),Faculty(DummyIndividual)}
8,82;{UndergraduateStudent(DummyIndividual),Lecturer(DummyIndividual)}
9,05;{UndergraduateStudent(DummyIndividual),Professor(DummyIndividual)}
9,05;{UndergraduateStudent(DummyIndividual),FullProfessor(DummyIndividual)}
9,13;{UndergraduateStudent(DummyIndividual),VisitingProfessor(DummyIndividual)}
9,13;{UndergraduateStudent(DummyIndividual),AssociateProfessor(DummyIndividual)}
10,47;{ClericalStaff(DummyIndividual),GraduateStudent(DummyIndividual)}
11,78;{GraduateStudent(DummyIndividual),Director(DummyIndividual)}
11,87;{GraduateStudent(DummyIndividual),SystemsStaff(DummyIndividual)}
12,00;{GraduateStudent(DummyIndividual),PostDoc(DummyIndividual)}
12,12;{GraduateStudent(DummyIndividual),Dean(DummyIndividual)}
12,23;{GraduateStudent(DummyIndividual),Professor(DummyIndividual)}
12,23;{GraduateStudent(DummyIndividual),FullProfessor(DummyIndividual)}
12,23;{GraduateStudent(DummyIndividual),VisitingProfessor(DummyIndividual)}
