1,05;{ClericalStaff(DummyIndividual),Publication(DummyIndividual),Program(DummyIndividual)}
1,44;{ClericalStaff(DummyIndividual),Publication(DummyIndividual),ResearchGroup(DummyIndividual)}
1,75;{ClericalStaff(DummyIndividual),Publication(DummyIndividual),Organization(DummyIndividual)}
2,23;{SystemsStaff(DummyIndividual),Book(DummyIndividual),College(DummyIndividual)}
2,54;{SystemsStaff(DummyIndividual),College(DummyIndividual),UnofficialPublication(DummyIndividual)}
2,92;{JournalArticle(DummyIndividual),Department(DummyIndividual),SystemsStaff(DummyIndividual)}
3,33;{JournalArticle(DummyIndividual),Department(DummyIndividual),AdministrativeStaff(DummyIndividual)}
3,73;{JournalArticle(DummyIndividual),Department(DummyIndividual),ClericalStaff(DummyIndividual)}
7,17;{Specification(DummyIndividual),ClericalStaff(DummyIndividual),College(DummyIndividual)}
7,47;{Publication(DummyIndividual),ClericalStaff(DummyIndividual),College(DummyIndividual)}
7,66;{Manual(DummyIndividual),ClericalStaff(DummyIndividual),College(DummyIndividual)}
7,66;{Software(DummyIndividual),ClericalStaff(DummyIndividual),College(DummyIndividual)}
7,87;{Article(DummyIndividual),ClericalStaff(DummyIndividual),College(DummyIndividual)}
8,08;{UnofficialPublication(DummyIndividual),ClericalStaff(DummyIndividual),College(DummyIndividual)}
8,19;{Book(DummyIndividual),ClericalStaff(DummyIndividual),College(DummyIndividual)}
8,47;{TechnicalReport(DummyIndividual),ClericalStaff(DummyIndividual),College(DummyIndividual)}
8,67;{JournalArticle(DummyIndividual),ClericalStaff(DummyIndividual),College(DummyIndividual)}
8,67;{ConferencePaper(DummyIndividual),ClericalStaff(DummyIndividual),College(DummyIndividual)}
10,59;{SystemsStaff(DummyIndividual),Program(DummyIndividual),ConferencePaper(DummyIndividual)}
10,99;{AdministrativeStaff(DummyIndividual),Program(DummyIndividual),ConferencePaper(DummyIndividual)}
11,19;{ClericalStaff(DummyIndividual),Program(DummyIndividual),ConferencePaper(DummyIndividual)}
13,85;{UnofficialPublication(DummyIndividual),AdministrativeStaff(DummyIndividual),Organization(DummyIndividual)}
13,85;{UnofficialPublication(DummyIndividual),AdministrativeStaff(DummyIndividual),College(DummyIndividual)}
13,85;{UnofficialPublication(DummyIndividual),AdministrativeStaff(DummyIndividual),Program(DummyIndividual)}
13,85;{UnofficialPublication(DummyIndividual),AdministrativeStaff(DummyIndividual),Institute(DummyIndividual)}
13,95;{UnofficialPublication(DummyIndividual),AdministrativeStaff(DummyIndividual),University(DummyIndividual)}
13,95;{UnofficialPublication(DummyIndividual),AdministrativeStaff(DummyIndividual),Department(DummyIndividual)}
13,95;{UnofficialPublication(DummyIndividual),AdministrativeStaff(DummyIndividual),ResearchGroup(DummyIndividual)}
14,30;{UnofficialPublication(DummyIndividual),ClericalStaff(DummyIndividual),Organization(DummyIndividual)}
14,30;{UnofficialPublication(DummyIndividual),ClericalStaff(DummyIndividual),Program(DummyIndividual)}
14,38;{UnofficialPublication(DummyIndividual),ClericalStaff(DummyIndividual),Institute(DummyIndividual)}
14,38;{UnofficialPublication(DummyIndividual),ClericalStaff(DummyIndividual),University(DummyIndividual)}
14,38;{UnofficialPublication(DummyIndividual),ClericalStaff(DummyIndividual),Department(DummyIndividual)}
14,38;{UnofficialPublication(DummyIndividual),ClericalStaff(DummyIndividual),ResearchGroup(DummyIndividual)}
14,38;{UnofficialPublication(DummyIndividual),SystemsStaff(DummyIndividual),Organization(DummyIndividual)}
14,38;{UnofficialPublication(DummyIndividual),SystemsStaff(DummyIndividual),Program(DummyIndividual)}
14,38;{UnofficialPublication(DummyIndividual),SystemsStaff(DummyIndividual),Institute(DummyIndividual)}
14,38;{UnofficialPublication(DummyIndividual),SystemsStaff(DummyIndividual),University(DummyIndividual)}
14,38;{UnofficialPublication(DummyIndividual),SystemsStaff(DummyIndividual),Department(DummyIndividual)}
14,48;{UnofficialPublication(DummyIndividual),SystemsStaff(DummyIndividual),ResearchGroup(DummyIndividual)}
18,74;{AdministrativeStaff(DummyIndividual),Organization(DummyIndividual),Article(DummyIndividual)}
18,74;{AdministrativeStaff(DummyIndividual),Organization(DummyIndividual),ConferencePaper(DummyIndividual)}
18,83;{AdministrativeStaff(DummyIndividual),Organization(DummyIndividual),TechnicalReport(DummyIndividual)}
18,95;{AdministrativeStaff(DummyIndividual),Organization(DummyIndividual),JournalArticle(DummyIndividual)}
19,03;{AdministrativeStaff(DummyIndividual),Organization(DummyIndividual),Publication(DummyIndividual)}
19,03;{AdministrativeStaff(DummyIndividual),Organization(DummyIndividual),Book(DummyIndividual)}
19,03;{AdministrativeStaff(DummyIndividual),Organization(DummyIndividual),Manual(DummyIndividual)}
19,03;{AdministrativeStaff(DummyIndividual),Organization(DummyIndividual),Specification(DummyIndividual)}
19,12;{AdministrativeStaff(DummyIndividual),Organization(DummyIndividual),Software(DummyIndividual)}
19,12;{AdministrativeStaff(DummyIndividual),ConferencePaper(DummyIndividual),College(DummyIndividual)}
19,12;{AdministrativeStaff(DummyIndividual),ConferencePaper(DummyIndividual),Institute(DummyIndividual)}
19,12;{AdministrativeStaff(DummyIndividual),ConferencePaper(DummyIndividual),University(DummyIndividual)}
19,23;{AdministrativeStaff(DummyIndividual),ConferencePaper(DummyIndividual),Department(DummyIndividual)}
19,23;{AdministrativeStaff(DummyIndividual),ConferencePaper(DummyIndividual),ResearchGroup(DummyIndividual)}
19,23;{AdministrativeStaff(DummyIndividual),College(DummyIndividual),Article(DummyIndividual)}
19,23;{AdministrativeStaff(DummyIndividual),College(DummyIndividual),TechnicalReport(DummyIndividual)}
19,35;{AdministrativeStaff(DummyIndividual),College(DummyIndividual),JournalArticle(DummyIndividual)}
19,44;{AdministrativeStaff(DummyIndividual),College(DummyIndividual),Publication(DummyIndividual)}
19,44;{AdministrativeStaff(DummyIndividual),College(DummyIndividual),Book(DummyIndividual)}
19,55;{AdministrativeStaff(DummyIndividual),College(DummyIndividual),Manual(DummyIndividual)}
19,55;{AdministrativeStaff(DummyIndividual),College(DummyIndividual),Specification(DummyIndividual)}
19,55;{AdministrativeStaff(DummyIndividual),College(DummyIndividual),Software(DummyIndividual)}
19,66;{AdministrativeStaff(DummyIndividual),TechnicalReport(DummyIndividual),Program(DummyIndividual)}
19,78;{AdministrativeStaff(DummyIndividual),TechnicalReport(DummyIndividual),Institute(DummyIndividual)}
19,78;{AdministrativeStaff(DummyIndividual),TechnicalReport(DummyIndividual),University(DummyIndividual)}
19,78;{AdministrativeStaff(DummyIndividual),TechnicalReport(DummyIndividual),Department(DummyIndividual)}
19,78;{AdministrativeStaff(DummyIndividual),TechnicalReport(DummyIndividual),ResearchGroup(DummyIndividual)}
20,38;{AdministrativeStaff(DummyIndividual),Program(DummyIndividual),Article(DummyIndividual)}
20,70;{AdministrativeStaff(DummyIndividual),Program(DummyIndividual),JournalArticle(DummyIndividual)}
20,80;{AdministrativeStaff(DummyIndividual),Program(DummyIndividual),Publication(DummyIndividual)}
20,80;{AdministrativeStaff(DummyIndividual),Program(DummyIndividual),Book(DummyIndividual)}
20,91;{AdministrativeStaff(DummyIndividual),Program(DummyIndividual),Manual(DummyIndividual)}
20,91;{AdministrativeStaff(DummyIndividual),Program(DummyIndividual),Specification(DummyIndividual)}
20,91;{AdministrativeStaff(DummyIndividual),Program(DummyIndividual),Software(DummyIndividual)}
21,01;{AdministrativeStaff(DummyIndividual),Institute(DummyIndividual),Article(DummyIndividual)}
21,12;{AdministrativeStaff(DummyIndividual),Institute(DummyIndividual),JournalArticle(DummyIndividual)}
21,12;{AdministrativeStaff(DummyIndividual),Institute(DummyIndividual),Publication(DummyIndividual)}
21,22;{AdministrativeStaff(DummyIndividual),Institute(DummyIndividual),Book(DummyIndividual)}
21,22;{AdministrativeStaff(DummyIndividual),Institute(DummyIndividual),Manual(DummyIndividual)}
21,22;{AdministrativeStaff(DummyIndividual),Institute(DummyIndividual),Specification(DummyIndividual)}
21,34;{AdministrativeStaff(DummyIndividual),Institute(DummyIndividual),Software(DummyIndividual)}
21,44;{AdministrativeStaff(DummyIndividual),University(DummyIndividual),Article(DummyIndividual)}
21,64;{AdministrativeStaff(DummyIndividual),University(DummyIndividual),JournalArticle(DummyIndividual)}
21,64;{AdministrativeStaff(DummyIndividual),University(DummyIndividual),Publication(DummyIndividual)}
21,64;{AdministrativeStaff(DummyIndividual),University(DummyIndividual),Book(DummyIndividual)}
21,75;{AdministrativeStaff(DummyIndividual),University(DummyIndividual),Manual(DummyIndividual)}
21,75;{AdministrativeStaff(DummyIndividual),University(DummyIndividual),Specification(DummyIndividual)}
21,75;{AdministrativeStaff(DummyIndividual),University(DummyIndividual),Software(DummyIndividual)}
22,19;{AdministrativeStaff(DummyIndividual),Department(DummyIndividual),Article(DummyIndividual)}
22,39;{AdministrativeStaff(DummyIndividual),Department(DummyIndividual),Publication(DummyIndividual)}
22,39;{AdministrativeStaff(DummyIndividual),Department(DummyIndividual),Book(DummyIndividual)}
22,39;{AdministrativeStaff(DummyIndividual),Department(DummyIndividual),Manual(DummyIndividual)}
22,49;{AdministrativeStaff(DummyIndividual),Department(DummyIndividual),Specification(DummyIndividual)}
22,49;{AdministrativeStaff(DummyIndividual),Department(DummyIndividual),Software(DummyIndividual)}
22,49;{AdministrativeStaff(DummyIndividual),Book(DummyIndividual),ResearchGroup(DummyIndividual)}
22,80;{AdministrativeStaff(DummyIndividual),Manual(DummyIndividual),ResearchGroup(DummyIndividual)}
22,80;{AdministrativeStaff(DummyIndividual),Specification(DummyIndividual),ResearchGroup(DummyIndividual)}
22,89;{AdministrativeStaff(DummyIndividual),Software(DummyIndividual),ResearchGroup(DummyIndividual)}
23,02;{AdministrativeStaff(DummyIndividual),ResearchGroup(DummyIndividual),Article(DummyIndividual)}
23,31;{AdministrativeStaff(DummyIndividual),ResearchGroup(DummyIndividual),JournalArticle(DummyIndividual)}
23,43;{AdministrativeStaff(DummyIndividual),ResearchGroup(DummyIndividual),Publication(DummyIndividual)}
23,64;{ClericalStaff(DummyIndividual),Organization(DummyIndividual),Article(DummyIndividual)}
23,76;{ClericalStaff(DummyIndividual),Organization(DummyIndividual),ConferencePaper(DummyIndividual)}
23,76;{ClericalStaff(DummyIndividual),Organization(DummyIndividual),TechnicalReport(DummyIndividual)}
23,86;{ClericalStaff(DummyIndividual),Organization(DummyIndividual),JournalArticle(DummyIndividual)}
23,98;{ClericalStaff(DummyIndividual),Organization(DummyIndividual),Book(DummyIndividual)}
23,98;{ClericalStaff(DummyIndividual),Organization(DummyIndividual),Manual(DummyIndividual)}
23,98;{ClericalStaff(DummyIndividual),Organization(DummyIndividual),Specification(DummyIndividual)}
24,09;{ClericalStaff(DummyIndividual),Organization(DummyIndividual),Software(DummyIndividual)}
24,09;{ClericalStaff(DummyIndividual),ConferencePaper(DummyIndividual),Institute(DummyIndividual)}
24,09;{ClericalStaff(DummyIndividual),ConferencePaper(DummyIndividual),University(DummyIndividual)}
24,09;{ClericalStaff(DummyIndividual),ConferencePaper(DummyIndividual),Department(DummyIndividual)}
24,19;{ClericalStaff(DummyIndividual),ConferencePaper(DummyIndividual),ResearchGroup(DummyIndividual)}
24,39;{ClericalStaff(DummyIndividual),TechnicalReport(DummyIndividual),Program(DummyIndividual)}
24,39;{ClericalStaff(DummyIndividual),TechnicalReport(DummyIndividual),Institute(DummyIndividual)}
24,39;{ClericalStaff(DummyIndividual),TechnicalReport(DummyIndividual),University(DummyIndividual)}
24,39;{ClericalStaff(DummyIndividual),TechnicalReport(DummyIndividual),Department(DummyIndividual)}
24,39;{ClericalStaff(DummyIndividual),TechnicalReport(DummyIndividual),ResearchGroup(DummyIndividual)}
25,45;{ClericalStaff(DummyIndividual),Program(DummyIndividual),Article(DummyIndividual)}
25,45;{ClericalStaff(DummyIndividual),Program(DummyIndividual),JournalArticle(DummyIndividual)}
25,56;{ClericalStaff(DummyIndividual),Program(DummyIndividual),Book(DummyIndividual)}
25,56;{ClericalStaff(DummyIndividual),Program(DummyIndividual),Manual(DummyIndividual)}
25,56;{ClericalStaff(DummyIndividual),Program(DummyIndividual),Specification(DummyIndividual)}
25,56;{ClericalStaff(DummyIndividual),Program(DummyIndividual),Software(DummyIndividual)}
25,56;{ClericalStaff(DummyIndividual),Institute(DummyIndividual),Article(DummyIndividual)}
25,56;{ClericalStaff(DummyIndividual),Institute(DummyIndividual),JournalArticle(DummyIndividual)}
25,56;{ClericalStaff(DummyIndividual),Institute(DummyIndividual),Publication(DummyIndividual)}
25,67;{ClericalStaff(DummyIndividual),Institute(DummyIndividual),Book(DummyIndividual)}
25,67;{ClericalStaff(DummyIndividual),Institute(DummyIndividual),Manual(DummyIndividual)}
25,67;{ClericalStaff(DummyIndividual),Institute(DummyIndividual),Specification(DummyIndividual)}
25,67;{ClericalStaff(DummyIndividual),Institute(DummyIndividual),Software(DummyIndividual)}
25,83;{ClericalStaff(DummyIndividual),University(DummyIndividual),Article(DummyIndividual)}
25,83;{ClericalStaff(DummyIndividual),University(DummyIndividual),JournalArticle(DummyIndividual)}
25,95;{ClericalStaff(DummyIndividual),University(DummyIndividual),Publication(DummyIndividual)}
25,95;{ClericalStaff(DummyIndividual),University(DummyIndividual),Book(DummyIndividual)}
25,95;{ClericalStaff(DummyIndividual),University(DummyIndividual),Manual(DummyIndividual)}
25,95;{ClericalStaff(DummyIndividual),University(DummyIndividual),Specification(DummyIndividual)}
25,95;{ClericalStaff(DummyIndividual),University(DummyIndividual),Software(DummyIndividual)}
26,58;{ClericalStaff(DummyIndividual),Department(DummyIndividual),Article(DummyIndividual)}
26,58;{ClericalStaff(DummyIndividual),Department(DummyIndividual),Publication(DummyIndividual)}
26,58;{ClericalStaff(DummyIndividual),Department(DummyIndividual),Book(DummyIndividual)}
26,58;{ClericalStaff(DummyIndividual),Department(DummyIndividual),Manual(DummyIndividual)}
26,68;{ClericalStaff(DummyIndividual),Department(DummyIndividual),Specification(DummyIndividual)}
26,68;{ClericalStaff(DummyIndividual),Department(DummyIndividual),Software(DummyIndividual)}
26,68;{ClericalStaff(DummyIndividual),Book(DummyIndividual),ResearchGroup(DummyIndividual)}
27,10;{ClericalStaff(DummyIndividual),Manual(DummyIndividual),ResearchGroup(DummyIndividual)}
27,10;{ClericalStaff(DummyIndividual),Specification(DummyIndividual),ResearchGroup(DummyIndividual)}
27,30;{ClericalStaff(DummyIndividual),Software(DummyIndividual),ResearchGroup(DummyIndividual)}
27,51;{ClericalStaff(DummyIndividual),ResearchGroup(DummyIndividual),Article(DummyIndividual)}
27,51;{ClericalStaff(DummyIndividual),ResearchGroup(DummyIndividual),JournalArticle(DummyIndividual)}
27,51;{SystemsStaff(DummyIndividual),Article(DummyIndividual),Organization(DummyIndividual)}
27,51;{SystemsStaff(DummyIndividual),Article(DummyIndividual),College(DummyIndividual)}
27,51;{SystemsStaff(DummyIndividual),Article(DummyIndividual),Program(DummyIndividual)}
27,62;{SystemsStaff(DummyIndividual),Article(DummyIndividual),Institute(DummyIndividual)}
27,62;{SystemsStaff(DummyIndividual),Article(DummyIndividual),University(DummyIndividual)}
27,62;{SystemsStaff(DummyIndividual),Article(DummyIndividual),Department(DummyIndividual)}
27,62;{SystemsStaff(DummyIndividual),Article(DummyIndividual),ResearchGroup(DummyIndividual)}
28,05;{SystemsStaff(DummyIndividual),ConferencePaper(DummyIndividual),Organization(DummyIndividual)}
28,05;{SystemsStaff(DummyIndividual),ConferencePaper(DummyIndividual),College(DummyIndividual)}
28,05;{SystemsStaff(DummyIndividual),ConferencePaper(DummyIndividual),Institute(DummyIndividual)}
28,05;{SystemsStaff(DummyIndividual),ConferencePaper(DummyIndividual),University(DummyIndividual)}
28,05;{SystemsStaff(DummyIndividual),ConferencePaper(DummyIndividual),Department(DummyIndividual)}
28,16;{SystemsStaff(DummyIndividual),ConferencePaper(DummyIndividual),ResearchGroup(DummyIndividual)}
28,16;{SystemsStaff(DummyIndividual),College(DummyIndividual),TechnicalReport(DummyIndividual)}
28,16;{SystemsStaff(DummyIndividual),College(DummyIndividual),JournalArticle(DummyIndividual)}
28,16;{SystemsStaff(DummyIndividual),College(DummyIndividual),Publication(DummyIndividual)}
28,16;{SystemsStaff(DummyIndividual),College(DummyIndividual),Manual(DummyIndividual)}
28,16;{SystemsStaff(DummyIndividual),College(DummyIndividual),Specification(DummyIndividual)}
28,26;{SystemsStaff(DummyIndividual),College(DummyIndividual),Software(DummyIndividual)}
28,59;{SystemsStaff(DummyIndividual),TechnicalReport(DummyIndividual),Organization(DummyIndividual)}
28,59;{SystemsStaff(DummyIndividual),TechnicalReport(DummyIndividual),Program(DummyIndividual)}
28,70;{SystemsStaff(DummyIndividual),TechnicalReport(DummyIndividual),Institute(DummyIndividual)}
28,70;{SystemsStaff(DummyIndividual),TechnicalReport(DummyIndividual),University(DummyIndividual)}
28,70;{SystemsStaff(DummyIndividual),TechnicalReport(DummyIndividual),Department(DummyIndividual)}
28,70;{SystemsStaff(DummyIndividual),TechnicalReport(DummyIndividual),ResearchGroup(DummyIndividual)}
29,83;{SystemsStaff(DummyIndividual),Program(DummyIndividual),JournalArticle(DummyIndividual)}
29,94;{SystemsStaff(DummyIndividual),Program(DummyIndividual),Publication(DummyIndividual)}
29,94;{SystemsStaff(DummyIndividual),Program(DummyIndividual),Book(DummyIndividual)}
29,94;{SystemsStaff(DummyIndividual),Program(DummyIndividual),Manual(DummyIndividual)}
29,94;{SystemsStaff(DummyIndividual),Program(DummyIndividual),Specification(DummyIndividual)}
29,94;{SystemsStaff(DummyIndividual),Program(DummyIndividual),Software(DummyIndividual)}
29,94;{SystemsStaff(DummyIndividual),Institute(DummyIndividual),JournalArticle(DummyIndividual)}
30,05;{SystemsStaff(DummyIndividual),Institute(DummyIndividual),Publication(DummyIndividual)}
30,05;{SystemsStaff(DummyIndividual),Institute(DummyIndividual),Book(DummyIndividual)}
30,05;{SystemsStaff(DummyIndividual),Institute(DummyIndividual),Manual(DummyIndividual)}
30,05;{SystemsStaff(DummyIndividual),Institute(DummyIndividual),Specification(DummyIndividual)}
30,05;{SystemsStaff(DummyIndividual),Institute(DummyIndividual),Software(DummyIndividual)}
30,55;{SystemsStaff(DummyIndividual),JournalArticle(DummyIndividual),Organization(DummyIndividual)}
30,55;{SystemsStaff(DummyIndividual),JournalArticle(DummyIndividual),University(DummyIndividual)}
30,55;{SystemsStaff(DummyIndividual),JournalArticle(DummyIndividual),ResearchGroup(DummyIndividual)}
30,55;{SystemsStaff(DummyIndividual),University(DummyIndividual),Publication(DummyIndividual)}
30,65;{SystemsStaff(DummyIndividual),University(DummyIndividual),Book(DummyIndividual)}
30,65;{SystemsStaff(DummyIndividual),University(DummyIndividual),Manual(DummyIndividual)}
30,65;{SystemsStaff(DummyIndividual),University(DummyIndividual),Specification(DummyIndividual)}
30,65;{SystemsStaff(DummyIndividual),University(DummyIndividual),Software(DummyIndividual)}
31,26;{SystemsStaff(DummyIndividual),Publication(DummyIndividual),Organization(DummyIndividual)}
31,26;{SystemsStaff(DummyIndividual),Publication(DummyIndividual),Department(DummyIndividual)}
31,38;{SystemsStaff(DummyIndividual),Publication(DummyIndividual),ResearchGroup(DummyIndividual)}
31,38;{SystemsStaff(DummyIndividual),Book(DummyIndividual),Organization(DummyIndividual)}
31,38;{SystemsStaff(DummyIndividual),Book(DummyIndividual),Department(DummyIndividual)}
31,38;{SystemsStaff(DummyIndividual),Book(DummyIndividual),ResearchGroup(DummyIndividual)}
32,41;{SystemsStaff(DummyIndividual),Manual(DummyIndividual),Organization(DummyIndividual)}
32,51;{SystemsStaff(DummyIndividual),Manual(DummyIndividual),Department(DummyIndividual)}
32,51;{SystemsStaff(DummyIndividual),Manual(DummyIndividual),ResearchGroup(DummyIndividual)}
32,51;{SystemsStaff(DummyIndividual),Specification(DummyIndividual),Organization(DummyIndividual)}
32,51;{SystemsStaff(DummyIndividual),Specification(DummyIndividual),Department(DummyIndividual)}
32,51;{SystemsStaff(DummyIndividual),Specification(DummyIndividual),ResearchGroup(DummyIndividual)}
32,72;{SystemsStaff(DummyIndividual),Software(DummyIndividual),Organization(DummyIndividual)}
32,82;{SystemsStaff(DummyIndividual),Software(DummyIndividual),Department(DummyIndividual)}
32,82;{SystemsStaff(DummyIndividual),Software(DummyIndividual),ResearchGroup(DummyIndividual)}
