0,82;{AssociateProfessor(DummyIndividual),TechnicalReport(DummyIndividual)}
1,24;{ConferencePaper(DummyIndividual),TeachingAssistant(DummyIndividual)}
1,34;{ConferencePaper(DummyIndividual),Faculty(DummyIndividual)}
1,55;{ConferencePaper(DummyIndividual),AssociateProfessor(DummyIndividual)}
1,77;{Employee(DummyIndividual),ConferencePaper(DummyIndividual)}
2,07;{AdministrativeStaff(DummyIndividual),JournalArticle(DummyIndividual)}
2,26;{PostDoc(DummyIndividual),Article(DummyIndividual)}
2,57;{Article(DummyIndividual),Employee(DummyIndividual)}
2,57;{Article(DummyIndividual),Director(DummyIndividual)}
2,57;{Article(DummyIndividual),Person(DummyIndividual)}
2,57;{Article(DummyIndividual),Student(DummyIndividual)}
4,68;{Article(DummyIndividual),AdministrativeStaff(DummyIndividual)}
4,68;{Article(DummyIndividual),AssistantProfessor(DummyIndividual)}
4,68;{Article(DummyIndividual),UndergraduateStudent(DummyIndividual)}
4,68;{Article(DummyIndividual),Chair(DummyIndividual)}
4,68;{Article(DummyIndividual),ClericalStaff(DummyIndividual)}
4,75;{Article(DummyIndividual),SystemsStaff(DummyIndividual)}
4,75;{Article(DummyIndividual),ResearchAssistant(DummyIndividual)}
4,75;{Article(DummyIndividual),Faculty(DummyIndividual)}
4,75;{Article(DummyIndividual),Lecturer(DummyIndividual)}
4,84;{Article(DummyIndividual),TeachingAssistant(DummyIndividual)}
4,84;{Article(DummyIndividual),Dean(DummyIndividual)}
4,96;{Article(DummyIndividual),GraduateStudent(DummyIndividual)}
4,96;{Article(DummyIndividual),Professor(DummyIndividual)}
4,96;{Article(DummyIndividual),FullProfessor(DummyIndividual)}
4,96;{Article(DummyIndividual),VisitingProfessor(DummyIndividual)}
5,07;{Article(DummyIndividual),AssociateProfessor(DummyIndividual)}
5,07;{ConferencePaper(DummyIndividual),Director(DummyIndividual)}
5,07;{ConferencePaper(DummyIndividual),Person(DummyIndividual)}
5,20;{ConferencePaper(DummyIndividual),Student(DummyIndividual)}
5,20;{ConferencePaper(DummyIndividual),AdministrativeStaff(DummyIndividual)}
5,20;{ConferencePaper(DummyIndividual),AssistantProfessor(DummyIndividual)}
5,20;{ConferencePaper(DummyIndividual),UndergraduateStudent(DummyIndividual)}
5,33;{ConferencePaper(DummyIndividual),Chair(DummyIndividual)}
5,33;{ConferencePaper(DummyIndividual),ClericalStaff(DummyIndividual)}
5,33;{ConferencePaper(DummyIndividual),SystemsStaff(DummyIndividual)}
5,33;{ConferencePaper(DummyIndividual),ResearchAssistant(DummyIndividual)}
5,33;{ConferencePaper(DummyIndividual),PostDoc(DummyIndividual)}
5,42;{ConferencePaper(DummyIndividual),Lecturer(DummyIndividual)}
5,42;{ConferencePaper(DummyIndividual),Dean(DummyIndividual)}
5,54;{ConferencePaper(DummyIndividual),GraduateStudent(DummyIndividual)}
5,54;{ConferencePaper(DummyIndividual),Professor(DummyIndividual)}
5,54;{ConferencePaper(DummyIndividual),FullProfessor(DummyIndividual)}
5,64;{ConferencePaper(DummyIndividual),VisitingProfessor(DummyIndividual)}
5,64;{TechnicalReport(DummyIndividual),Employee(DummyIndividual)}
5,64;{TechnicalReport(DummyIndividual),Director(DummyIndividual)}
5,64;{TechnicalReport(DummyIndividual),Person(DummyIndividual)}
5,64;{TechnicalReport(DummyIndividual),Student(DummyIndividual)}
5,76;{TechnicalReport(DummyIndividual),AdministrativeStaff(DummyIndividual)}
5,76;{TechnicalReport(DummyIndividual),AssistantProfessor(DummyIndividual)}
5,76;{TechnicalReport(DummyIndividual),UndergraduateStudent(DummyIndividual)}
5,76;{TechnicalReport(DummyIndividual),Chair(DummyIndividual)}
5,88;{TechnicalReport(DummyIndividual),ClericalStaff(DummyIndividual)}
5,89;{TechnicalReport(DummyIndividual),SystemsStaff(DummyIndividual)}
5,89;{TechnicalReport(DummyIndividual),ResearchAssistant(DummyIndividual)}
5,89;{TechnicalReport(DummyIndividual),PostDoc(DummyIndividual)}
6,00;{TechnicalReport(DummyIndividual),Faculty(DummyIndividual)}
6,00;{TechnicalReport(DummyIndividual),Lecturer(DummyIndividual)}
6,13;{TechnicalReport(DummyIndividual),TeachingAssistant(DummyIndividual)}
6,13;{TechnicalReport(DummyIndividual),Dean(DummyIndividual)}
6,13;{TechnicalReport(DummyIndividual),GraduateStudent(DummyIndividual)}
6,13;{TechnicalReport(DummyIndividual),Professor(DummyIndividual)}
6,13;{TechnicalReport(DummyIndividual),FullProfessor(DummyIndividual)}
6,23;{TechnicalReport(DummyIndividual),VisitingProfessor(DummyIndividual)}
6,23;{JournalArticle(DummyIndividual),Employee(DummyIndividual)}
6,23;{JournalArticle(DummyIndividual),Director(DummyIndividual)}
6,23;{JournalArticle(DummyIndividual),Person(DummyIndividual)}
6,23;{JournalArticle(DummyIndividual),Student(DummyIndividual)}
6,33;{JournalArticle(DummyIndividual),AssistantProfessor(DummyIndividual)}
6,33;{JournalArticle(DummyIndividual),UndergraduateStudent(DummyIndividual)}
6,33;{JournalArticle(DummyIndividual),Chair(DummyIndividual)}
6,33;{JournalArticle(DummyIndividual),ClericalStaff(DummyIndividual)}
6,33;{JournalArticle(DummyIndividual),SystemsStaff(DummyIndividual)}
6,33;{JournalArticle(DummyIndividual),ResearchAssistant(DummyIndividual)}
6,44;{JournalArticle(DummyIndividual),PostDoc(DummyIndividual)}
6,53;{JournalArticle(DummyIndividual),Faculty(DummyIndividual)}
6,53;{JournalArticle(DummyIndividual),Lecturer(DummyIndividual)}
6,63;{JournalArticle(DummyIndividual),TeachingAssistant(DummyIndividual)}
6,63;{JournalArticle(DummyIndividual),Dean(DummyIndividual)}
6,75;{JournalArticle(DummyIndividual),GraduateStudent(DummyIndividual)}
6,75;{JournalArticle(DummyIndividual),Professor(DummyIndividual)}
6,75;{JournalArticle(DummyIndividual),FullProfessor(DummyIndividual)}
6,87;{JournalArticle(DummyIndividual),VisitingProfessor(DummyIndividual)}
6,87;{JournalArticle(DummyIndividual),AssociateProfessor(DummyIndividual)}
