0,91;{Work(DummyIndividual),Director(DummyIndividual)}
1,11;{Work(DummyIndividual),Employee(DummyIndividual)}
1,21;{Work(DummyIndividual),FullProfessor(DummyIndividual)}
1,41;{Work(DummyIndividual),AssociateProfessor(DummyIndividual)}
1,63;{Work(DummyIndividual),Faculty(DummyIndividual)}
1,92;{Research(DummyIndividual),Lecturer(DummyIndividual)}
2,02;{AdministrativeStaff(DummyIndividual),Research(DummyIndividual)}
2,34;{GraduateCourse(DummyIndividual),ClericalStaff(DummyIndividual)}
2,53;{GraduateCourse(DummyIndividual),AdministrativeStaff(DummyIndividual)}
2,82;{Course(DummyIndividual),AssistantProfessor(DummyIndividual)}
2,92;{SystemsStaff(DummyIndividual),Course(DummyIndividual)}
3,33;{PostDoc(DummyIndividual),GraduateCourse(DummyIndividual)}
3,54;{PostDoc(DummyIndividual),Work(DummyIndividual)}
4,39;{Employee(DummyIndividual),GraduateCourse(DummyIndividual)}
4,39;{Employee(DummyIndividual),Course(DummyIndividual)}
4,39;{Employee(DummyIndividual),Research(DummyIndividual)}
6,02;{Director(DummyIndividual),GraduateCourse(DummyIndividual)}
6,13;{Director(DummyIndividual),Course(DummyIndividual)}
6,13;{Director(DummyIndividual),Research(DummyIndividual)}
8,78;{AdministrativeStaff(DummyIndividual),Work(DummyIndividual)}
8,78;{AdministrativeStaff(DummyIndividual),Course(DummyIndividual)}
9,12;{AssistantProfessor(DummyIndividual),Work(DummyIndividual)}
9,12;{AssistantProfessor(DummyIndividual),GraduateCourse(DummyIndividual)}
9,24;{AssistantProfessor(DummyIndividual),Research(DummyIndividual)}
9,76;{Chair(DummyIndividual),Work(DummyIndividual)}
9,76;{Chair(DummyIndividual),GraduateCourse(DummyIndividual)}
9,76;{Chair(DummyIndividual),Course(DummyIndividual)}
9,85;{Chair(DummyIndividual),Research(DummyIndividual)}
9,95;{ClericalStaff(DummyIndividual),Work(DummyIndividual)}
10,07;{ClericalStaff(DummyIndividual),Course(DummyIndividual)}
10,07;{ClericalStaff(DummyIndividual),Research(DummyIndividual)}
10,37;{SystemsStaff(DummyIndividual),Work(DummyIndividual)}
10,37;{SystemsStaff(DummyIndividual),GraduateCourse(DummyIndividual)}
10,37;{SystemsStaff(DummyIndividual),Research(DummyIndividual)}
10,48;{ResearchAssistant(DummyIndividual),Work(DummyIndividual)}
10,48;{ResearchAssistant(DummyIndividual),GraduateCourse(DummyIndividual)}
10,48;{ResearchAssistant(DummyIndividual),Course(DummyIndividual)}
10,60;{ResearchAssistant(DummyIndividual),Research(DummyIndividual)}
10,69;{GraduateCourse(DummyIndividual),Faculty(DummyIndividual)}
10,69;{GraduateCourse(DummyIndividual),Lecturer(DummyIndividual)}
10,79;{GraduateCourse(DummyIndividual),Dean(DummyIndividual)}
10,90;{GraduateCourse(DummyIndividual),Professor(DummyIndividual)}
10,90;{GraduateCourse(DummyIndividual),FullProfessor(DummyIndividual)}
10,90;{GraduateCourse(DummyIndividual),VisitingProfessor(DummyIndividual)}
10,90;{GraduateCourse(DummyIndividual),AssociateProfessor(DummyIndividual)}
11,01;{PostDoc(DummyIndividual),Course(DummyIndividual)}
11,01;{PostDoc(DummyIndividual),Research(DummyIndividual)}
11,42;{Faculty(DummyIndividual),Course(DummyIndividual)}
11,42;{Faculty(DummyIndividual),Research(DummyIndividual)}
11,63;{Lecturer(DummyIndividual),Work(DummyIndividual)}
11,63;{Lecturer(DummyIndividual),Course(DummyIndividual)}
12,48;{Course(DummyIndividual),Dean(DummyIndividual)}
12,48;{Course(DummyIndividual),Professor(DummyIndividual)}
12,48;{Course(DummyIndividual),FullProfessor(DummyIndividual)}
12,48;{Course(DummyIndividual),VisitingProfessor(DummyIndividual)}
12,48;{Course(DummyIndividual),AssociateProfessor(DummyIndividual)}
12,80;{Research(DummyIndividual),Dean(DummyIndividual)}
12,80;{Research(DummyIndividual),Professor(DummyIndividual)}
12,80;{Research(DummyIndividual),FullProfessor(DummyIndividual)}
12,80;{Research(DummyIndividual),VisitingProfessor(DummyIndividual)}
12,91;{Research(DummyIndividual),AssociateProfessor(DummyIndividual)}
13,33;{Dean(DummyIndividual),Work(DummyIndividual)}
13,54;{Professor(DummyIndividual),Work(DummyIndividual)}
14,37;{VisitingProfessor(DummyIndividual),Work(DummyIndividual)}
