0,88;{Student(DummyIndividual),Faculty(DummyIndividual)}
1,40;{Employee(DummyIndividual),Student(DummyIndividual)}
1,81;{GraduateStudent(DummyIndividual),PostDoc(DummyIndividual)}
2,10;{SystemsStaff(DummyIndividual),GraduateStudent(DummyIndividual)}
2,39;{UndergraduateStudent(DummyIndividual),ClericalStaff(DummyIndividual)}
2,61;{Dean(DummyIndividual),UndergraduateStudent(DummyIndividual)}
2,83;{Student(DummyIndividual),Director(DummyIndividual)}
2,83;{Student(DummyIndividual),AdministrativeStaff(DummyIndividual)}
2,95;{Student(DummyIndividual),AssistantProfessor(DummyIndividual)}
2,95;{Student(DummyIndividual),Chair(DummyIndividual)}
2,95;{Student(DummyIndividual),ClericalStaff(DummyIndividual)}
2,95;{Student(DummyIndividual),SystemsStaff(DummyIndividual)}
2,95;{Student(DummyIndividual),ResearchAssistant(DummyIndividual)}
5,52;{Student(DummyIndividual),PostDoc(DummyIndividual)}
5,61;{Student(DummyIndividual),Lecturer(DummyIndividual)}
5,72;{Student(DummyIndividual),Dean(DummyIndividual)}
5,72;{Student(DummyIndividual),Professor(DummyIndividual)}
5,72;{Student(DummyIndividual),FullProfessor(DummyIndividual)}
5,72;{Student(DummyIndividual),VisitingProfessor(DummyIndividual)}
5,83;{Student(DummyIndividual),AssociateProfessor(DummyIndividual)}
5,83;{UndergraduateStudent(DummyIndividual),Employee(DummyIndividual)}
5,83;{UndergraduateStudent(DummyIndividual),Director(DummyIndividual)}
5,97;{UndergraduateStudent(DummyIndividual),AdministrativeStaff(DummyIndividual)}
5,97;{UndergraduateStudent(DummyIndividual),AssistantProfessor(DummyIndividual)}
5,97;{UndergraduateStudent(DummyIndividual),Chair(DummyIndividual)}
5,97;{UndergraduateStudent(DummyIndividual),SystemsStaff(DummyIndividual)}
6,10;{UndergraduateStudent(DummyIndividual),ResearchAssistant(DummyIndividual)}
6,10;{UndergraduateStudent(DummyIndividual),PostDoc(DummyIndividual)}
6,21;{UndergraduateStudent(DummyIndividual),Faculty(DummyIndividual)}
6,21;{UndergraduateStudent(DummyIndividual),Lecturer(DummyIndividual)}
6,45;{UndergraduateStudent(DummyIndividual),Professor(DummyIndividual)}
6,45;{UndergraduateStudent(DummyIndividual),FullProfessor(DummyIndividual)}
6,45;{UndergraduateStudent(DummyIndividual),VisitingProfessor(DummyIndividual)}
6,57;{UndergraduateStudent(DummyIndividual),AssociateProfessor(DummyIndividual)}
8,16;{ClericalStaff(DummyIndividual),GraduateStudent(DummyIndividual)}
8,97;{GraduateStudent(DummyIndividual),Employee(DummyIndividual)}
8,97;{GraduateStudent(DummyIndividual),Director(DummyIndividual)}
8,97;{GraduateStudent(DummyIndividual),AdministrativeStaff(DummyIndividual)}
8,97;{GraduateStudent(DummyIndividual),AssistantProfessor(DummyIndividual)}
9,08;{GraduateStudent(DummyIndividual),Chair(DummyIndividual)}
9,08;{GraduateStudent(DummyIndividual),ResearchAssistant(DummyIndividual)}
9,08;{GraduateStudent(DummyIndividual),Faculty(DummyIndividual)}
9,18;{GraduateStudent(DummyIndividual),Lecturer(DummyIndividual)}
9,29;{GraduateStudent(DummyIndividual),Dean(DummyIndividual)}
9,29;{GraduateStudent(DummyIndividual),Professor(DummyIndividual)}
9,29;{GraduateStudent(DummyIndividual),FullProfessor(DummyIndividual)}
9,29;{GraduateStudent(DummyIndividual),VisitingProfessor(DummyIndividual)}
9,29;{GraduateStudent(DummyIndividual),AssociateProfessor(DummyIndividual)}
