1,55;{AssociateProfessor(DummyIndividual),UndergraduateStudent(DummyIndividual),Course(DummyIndividual)}
2,39;{FullProfessor(DummyIndividual),UndergraduateStudent(DummyIndividual),GraduateCourse(DummyIndividual)}
24,98;{AssistantProfessor(DummyIndividual),GraduateCourse(DummyIndividual),Student(DummyIndividual)}
25,08;{AssistantProfessor(DummyIndividual),GraduateCourse(DummyIndividual),UndergraduateStudent(DummyIndividual)}
25,40;{AssistantProfessor(DummyIndividual),GraduateCourse(DummyIndividual),GraduateStudent(DummyIndividual)}
25,50;{AssistantProfessor(DummyIndividual),Course(DummyIndividual),Student(DummyIndividual)}
25,59;{AssistantProfessor(DummyIndividual),Course(DummyIndividual),UndergraduateStudent(DummyIndividual)}
25,89;{AssistantProfessor(DummyIndividual),Course(DummyIndividual),GraduateStudent(DummyIndividual)}
26,48;{Chair(DummyIndividual),GraduateCourse(DummyIndividual),Student(DummyIndividual)}
26,59;{Chair(DummyIndividual),GraduateCourse(DummyIndividual),UndergraduateStudent(DummyIndividual)}
26,91;{Chair(DummyIndividual),GraduateCourse(DummyIndividual),GraduateStudent(DummyIndividual)}
27,21;{Chair(DummyIndividual),Course(DummyIndividual),Student(DummyIndividual)}
27,31;{Chair(DummyIndividual),Course(DummyIndividual),UndergraduateStudent(DummyIndividual)}
27,61;{Chair(DummyIndividual),Course(DummyIndividual),GraduateStudent(DummyIndividual)}
65,46;{Dean(DummyIndividual),GraduateCourse(DummyIndividual),Student(DummyIndividual)}
65,65;{Dean(DummyIndividual),GraduateCourse(DummyIndividual),UndergraduateStudent(DummyIndividual)}
66,01;{Dean(DummyIndividual),GraduateCourse(DummyIndividual),GraduateStudent(DummyIndividual)}
66,31;{Dean(DummyIndividual),Course(DummyIndividual),Student(DummyIndividual)}
66,51;{Dean(DummyIndividual),Course(DummyIndividual),UndergraduateStudent(DummyIndividual)}
66,90;{Dean(DummyIndividual),Course(DummyIndividual),GraduateStudent(DummyIndividual)}
67,91;{GraduateStudent(DummyIndividual),GraduateCourse(DummyIndividual),Professor(DummyIndividual)}
67,91;{GraduateStudent(DummyIndividual),GraduateCourse(DummyIndividual),FullProfessor(DummyIndividual)}
68,01;{GraduateStudent(DummyIndividual),GraduateCourse(DummyIndividual),VisitingProfessor(DummyIndividual)}
68,01;{GraduateStudent(DummyIndividual),GraduateCourse(DummyIndividual),AssociateProfessor(DummyIndividual)}
68,82;{GraduateStudent(DummyIndividual),Course(DummyIndividual),Professor(DummyIndividual)}
68,91;{GraduateStudent(DummyIndividual),Course(DummyIndividual),FullProfessor(DummyIndividual)}
69,01;{GraduateStudent(DummyIndividual),Course(DummyIndividual),VisitingProfessor(DummyIndividual)}
69,01;{GraduateStudent(DummyIndividual),Course(DummyIndividual),AssociateProfessor(DummyIndividual)}
70,47;{Professor(DummyIndividual),Student(DummyIndividual),GraduateCourse(DummyIndividual)}
70,47;{Professor(DummyIndividual),Student(DummyIndividual),Course(DummyIndividual)}
73,25;{Professor(DummyIndividual),UndergraduateStudent(DummyIndividual),GraduateCourse(DummyIndividual)}
73,25;{Professor(DummyIndividual),UndergraduateStudent(DummyIndividual),Course(DummyIndividual)}
89,00;{FullProfessor(DummyIndividual),Student(DummyIndividual),GraduateCourse(DummyIndividual)}
89,00;{FullProfessor(DummyIndividual),Student(DummyIndividual),Course(DummyIndividual)}
91,01;{FullProfessor(DummyIndividual),UndergraduateStudent(DummyIndividual),Course(DummyIndividual)}
101,42;{VisitingProfessor(DummyIndividual),GraduateCourse(DummyIndividual),Student(DummyIndividual)}
101,62;{VisitingProfessor(DummyIndividual),GraduateCourse(DummyIndividual),UndergraduateStudent(DummyIndividual)}
102,33;{VisitingProfessor(DummyIndividual),Course(DummyIndividual),Student(DummyIndividual)}
102,52;{VisitingProfessor(DummyIndividual),Course(DummyIndividual),UndergraduateStudent(DummyIndividual)}
104,12;{AssociateProfessor(DummyIndividual),GraduateCourse(DummyIndividual),Student(DummyIndividual)}
104,33;{AssociateProfessor(DummyIndividual),GraduateCourse(DummyIndividual),UndergraduateStudent(DummyIndividual)}
105,14;{AssociateProfessor(DummyIndividual),Course(DummyIndividual),Student(DummyIndividual)}
