1,11;{University(DummyIndividual),AdministrativeStaff(DummyIndividual),Student(DummyIndividual)}
1,72;{SystemsStaff(DummyIndividual),GraduateStudent(DummyIndividual),Program(DummyIndividual)}
2,05;{Department(DummyIndividual),ClericalStaff(DummyIndividual),UndergraduateStudent(DummyIndividual)}
2,47;{Organization(DummyIndividual),UndergraduateStudent(DummyIndividual),SystemsStaff(DummyIndividual)}
2,78;{Organization(DummyIndividual),UndergraduateStudent(DummyIndividual),AdministrativeStaff(DummyIndividual)}
6,18;{Student(DummyIndividual),SystemsStaff(DummyIndividual),Institute(DummyIndividual)}
6,69;{UndergraduateStudent(DummyIndividual),SystemsStaff(DummyIndividual),Institute(DummyIndividual)}
6,79;{GraduateStudent(DummyIndividual),SystemsStaff(DummyIndividual),Institute(DummyIndividual)}
9,84;{AdministrativeStaff(DummyIndividual),Student(DummyIndividual),Organization(DummyIndividual)}
9,84;{AdministrativeStaff(DummyIndividual),Student(DummyIndividual),College(DummyIndividual)}
9,93;{AdministrativeStaff(DummyIndividual),Student(DummyIndividual),Program(DummyIndividual)}
9,93;{AdministrativeStaff(DummyIndividual),Student(DummyIndividual),Institute(DummyIndividual)}
12,19;{AdministrativeStaff(DummyIndividual),Student(DummyIndividual),Department(DummyIndividual)}
12,29;{AdministrativeStaff(DummyIndividual),Student(DummyIndividual),ResearchGroup(DummyIndividual)}
12,79;{AdministrativeStaff(DummyIndividual),College(DummyIndividual),UndergraduateStudent(DummyIndividual)}
12,91;{AdministrativeStaff(DummyIndividual),College(DummyIndividual),GraduateStudent(DummyIndividual)}
13,11;{AdministrativeStaff(DummyIndividual),UndergraduateStudent(DummyIndividual),Program(DummyIndividual)}
13,11;{AdministrativeStaff(DummyIndividual),UndergraduateStudent(DummyIndividual),Institute(DummyIndividual)}
13,11;{AdministrativeStaff(DummyIndividual),UndergraduateStudent(DummyIndividual),University(DummyIndividual)}
13,11;{AdministrativeStaff(DummyIndividual),UndergraduateStudent(DummyIndividual),Department(DummyIndividual)}
13,22;{AdministrativeStaff(DummyIndividual),UndergraduateStudent(DummyIndividual),ResearchGroup(DummyIndividual)}
15,36;{AdministrativeStaff(DummyIndividual),Program(DummyIndividual),GraduateStudent(DummyIndividual)}
15,68;{AdministrativeStaff(DummyIndividual),Institute(DummyIndividual),GraduateStudent(DummyIndividual)}
15,88;{AdministrativeStaff(DummyIndividual),University(DummyIndividual),GraduateStudent(DummyIndividual)}
17,01;{AdministrativeStaff(DummyIndividual),Department(DummyIndividual),GraduateStudent(DummyIndividual)}
17,91;{AdministrativeStaff(DummyIndividual),GraduateStudent(DummyIndividual),Organization(DummyIndividual)}
18,11;{AdministrativeStaff(DummyIndividual),GraduateStudent(DummyIndividual),ResearchGroup(DummyIndividual)}
20,86;{ClericalStaff(DummyIndividual),Organization(DummyIndividual),Student(DummyIndividual)}
20,86;{ClericalStaff(DummyIndividual),Organization(DummyIndividual),UndergraduateStudent(DummyIndividual)}
20,96;{ClericalStaff(DummyIndividual),Organization(DummyIndividual),GraduateStudent(DummyIndividual)}
21,17;{ClericalStaff(DummyIndividual),College(DummyIndividual),Student(DummyIndividual)}
21,17;{ClericalStaff(DummyIndividual),College(DummyIndividual),UndergraduateStudent(DummyIndividual)}
21,17;{ClericalStaff(DummyIndividual),College(DummyIndividual),GraduateStudent(DummyIndividual)}
22,14;{ClericalStaff(DummyIndividual),Program(DummyIndividual),Student(DummyIndividual)}
22,23;{ClericalStaff(DummyIndividual),Program(DummyIndividual),UndergraduateStudent(DummyIndividual)}
22,65;{ClericalStaff(DummyIndividual),Program(DummyIndividual),GraduateStudent(DummyIndividual)}
22,81;{ClericalStaff(DummyIndividual),Institute(DummyIndividual),Student(DummyIndividual)}
22,81;{ClericalStaff(DummyIndividual),Institute(DummyIndividual),UndergraduateStudent(DummyIndividual)}
23,13;{ClericalStaff(DummyIndividual),Institute(DummyIndividual),GraduateStudent(DummyIndividual)}
23,56;{ClericalStaff(DummyIndividual),University(DummyIndividual),Student(DummyIndividual)}
23,56;{ClericalStaff(DummyIndividual),University(DummyIndividual),UndergraduateStudent(DummyIndividual)}
23,56;{ClericalStaff(DummyIndividual),University(DummyIndividual),GraduateStudent(DummyIndividual)}
23,87;{ClericalStaff(DummyIndividual),Department(DummyIndividual),Student(DummyIndividual)}
23,99;{ClericalStaff(DummyIndividual),Department(DummyIndividual),GraduateStudent(DummyIndividual)}
25,10;{ClericalStaff(DummyIndividual),GraduateStudent(DummyIndividual),ResearchGroup(DummyIndividual)}
25,91;{ClericalStaff(DummyIndividual),ResearchGroup(DummyIndividual),Student(DummyIndividual)}
26,08;{ClericalStaff(DummyIndividual),ResearchGroup(DummyIndividual),UndergraduateStudent(DummyIndividual)}
27,12;{SystemsStaff(DummyIndividual),Student(DummyIndividual),Organization(DummyIndividual)}
27,19;{SystemsStaff(DummyIndividual),Student(DummyIndividual),College(DummyIndividual)}
27,39;{SystemsStaff(DummyIndividual),Student(DummyIndividual),Program(DummyIndividual)}
27,48;{SystemsStaff(DummyIndividual),Student(DummyIndividual),University(DummyIndividual)}
27,57;{SystemsStaff(DummyIndividual),Student(DummyIndividual),Department(DummyIndividual)}
27,94;{SystemsStaff(DummyIndividual),Student(DummyIndividual),ResearchGroup(DummyIndividual)}
28,30;{SystemsStaff(DummyIndividual),College(DummyIndividual),UndergraduateStudent(DummyIndividual)}
28,30;{SystemsStaff(DummyIndividual),College(DummyIndividual),GraduateStudent(DummyIndividual)}
28,86;{SystemsStaff(DummyIndividual),UndergraduateStudent(DummyIndividual),Program(DummyIndividual)}
28,91;{SystemsStaff(DummyIndividual),UndergraduateStudent(DummyIndividual),University(DummyIndividual)}
28,99;{SystemsStaff(DummyIndividual),UndergraduateStudent(DummyIndividual),Department(DummyIndividual)}
29,27;{SystemsStaff(DummyIndividual),UndergraduateStudent(DummyIndividual),ResearchGroup(DummyIndividual)}
31,23;{SystemsStaff(DummyIndividual),University(DummyIndividual),GraduateStudent(DummyIndividual)}
31,49;{SystemsStaff(DummyIndividual),Department(DummyIndividual),GraduateStudent(DummyIndividual)}
31,94;{SystemsStaff(DummyIndividual),GraduateStudent(DummyIndividual),Organization(DummyIndividual)}
32,38;{SystemsStaff(DummyIndividual),GraduateStudent(DummyIndividual),ResearchGroup(DummyIndividual)}
