1,03;{AdministrativeStaff(DummyIndividual),JournalArticle(DummyIndividual),Research(DummyIndividual)}
1,64;{GraduateCourse(DummyIndividual),AdministrativeStaff(DummyIndividual),TechnicalReport(DummyIndividual)}
2,06;{GraduateCourse(DummyIndividual),AdministrativeStaff(DummyIndividual),Article(DummyIndividual)}
2,47;{ClericalStaff(DummyIndividual),ConferencePaper(DummyIndividual),Course(DummyIndividual)}
2,96;{ClericalStaff(DummyIndividual),ConferencePaper(DummyIndividual),GraduateCourse(DummyIndividual)}
3,35;{ClericalStaff(DummyIndividual),ConferencePaper(DummyIndividual),Work(DummyIndividual)}
3,86;{ClericalStaff(DummyIndividual),ConferencePaper(DummyIndividual),Research(DummyIndividual)}
6,93;{TechnicalReport(DummyIndividual),GraduateCourse(DummyIndividual),SystemsStaff(DummyIndividual)}
7,04;{ConferencePaper(DummyIndividual),GraduateCourse(DummyIndividual),SystemsStaff(DummyIndividual)}
7,24;{Article(DummyIndividual),GraduateCourse(DummyIndividual),SystemsStaff(DummyIndividual)}
7,48;{JournalArticle(DummyIndividual),GraduateCourse(DummyIndividual),SystemsStaff(DummyIndividual)}
11,24;{TechnicalReport(DummyIndividual),ClericalStaff(DummyIndividual),Work(DummyIndividual)}
11,24;{TechnicalReport(DummyIndividual),ClericalStaff(DummyIndividual),GraduateCourse(DummyIndividual)}
11,33;{TechnicalReport(DummyIndividual),ClericalStaff(DummyIndividual),Course(DummyIndividual)}
11,33;{TechnicalReport(DummyIndividual),ClericalStaff(DummyIndividual),Research(DummyIndividual)}
11,33;{TechnicalReport(DummyIndividual),SystemsStaff(DummyIndividual),Work(DummyIndividual)}
11,33;{TechnicalReport(DummyIndividual),SystemsStaff(DummyIndividual),Course(DummyIndividual)}
11,33;{TechnicalReport(DummyIndividual),SystemsStaff(DummyIndividual),Research(DummyIndividual)}
12,58;{TechnicalReport(DummyIndividual),Work(DummyIndividual),AdministrativeStaff(DummyIndividual)}
13,65;{TechnicalReport(DummyIndividual),Course(DummyIndividual),AdministrativeStaff(DummyIndividual)}
13,98;{TechnicalReport(DummyIndividual),Research(DummyIndividual),AdministrativeStaff(DummyIndividual)}
15,78;{Work(DummyIndividual),AdministrativeStaff(DummyIndividual),Article(DummyIndividual)}
15,78;{Work(DummyIndividual),AdministrativeStaff(DummyIndividual),ConferencePaper(DummyIndividual)}
16,00;{Work(DummyIndividual),AdministrativeStaff(DummyIndividual),JournalArticle(DummyIndividual)}
17,37;{Work(DummyIndividual),ClericalStaff(DummyIndividual),Article(DummyIndividual)}
17,47;{Work(DummyIndividual),ClericalStaff(DummyIndividual),JournalArticle(DummyIndividual)}
17,67;{Work(DummyIndividual),SystemsStaff(DummyIndividual),Article(DummyIndividual)}
17,79;{Work(DummyIndividual),SystemsStaff(DummyIndividual),ConferencePaper(DummyIndividual)}
17,88;{Work(DummyIndividual),SystemsStaff(DummyIndividual),JournalArticle(DummyIndividual)}
24,75;{GraduateCourse(DummyIndividual),AdministrativeStaff(DummyIndividual),ConferencePaper(DummyIndividual)}
24,86;{GraduateCourse(DummyIndividual),AdministrativeStaff(DummyIndividual),JournalArticle(DummyIndividual)}
26,58;{GraduateCourse(DummyIndividual),ClericalStaff(DummyIndividual),Article(DummyIndividual)}
26,69;{GraduateCourse(DummyIndividual),ClericalStaff(DummyIndividual),JournalArticle(DummyIndividual)}
28,94;{JournalArticle(DummyIndividual),AdministrativeStaff(DummyIndividual),Course(DummyIndividual)}
29,38;{JournalArticle(DummyIndividual),ClericalStaff(DummyIndividual),Course(DummyIndividual)}
29,38;{JournalArticle(DummyIndividual),ClericalStaff(DummyIndividual),Research(DummyIndividual)}
29,38;{JournalArticle(DummyIndividual),SystemsStaff(DummyIndividual),Course(DummyIndividual)}
29,49;{JournalArticle(DummyIndividual),SystemsStaff(DummyIndividual),Research(DummyIndividual)}
32,10;{Course(DummyIndividual),AdministrativeStaff(DummyIndividual),Article(DummyIndividual)}
32,10;{Course(DummyIndividual),AdministrativeStaff(DummyIndividual),ConferencePaper(DummyIndividual)}
32,82;{Course(DummyIndividual),ClericalStaff(DummyIndividual),Article(DummyIndividual)}
32,82;{Course(DummyIndividual),SystemsStaff(DummyIndividual),Article(DummyIndividual)}
32,82;{Course(DummyIndividual),SystemsStaff(DummyIndividual),ConferencePaper(DummyIndividual)}
34,90;{Research(DummyIndividual),AdministrativeStaff(DummyIndividual),Article(DummyIndividual)}
34,90;{Research(DummyIndividual),AdministrativeStaff(DummyIndividual),ConferencePaper(DummyIndividual)}
35,64;{Research(DummyIndividual),ClericalStaff(DummyIndividual),Article(DummyIndividual)}
35,64;{Research(DummyIndividual),SystemsStaff(DummyIndividual),Article(DummyIndividual)}
35,64;{Research(DummyIndividual),SystemsStaff(DummyIndividual),ConferencePaper(DummyIndividual)}
