0,84;{Student(DummyIndividual),Faculty(DummyIndividual)}
1,37;{AssistantProfessor(DummyIndividual),Student(DummyIndividual)}
1,71;{GraduateStudent(DummyIndividual),Chair(DummyIndividual)}
2,12;{GraduateStudent(DummyIndividual),AssistantProfessor(DummyIndividual)}
2,33;{GraduateStudent(DummyIndividual),FullProfessor(DummyIndividual)}
2,72;{Dean(DummyIndividual),UndergraduateStudent(DummyIndividual)}
3,17;{AssociateProfessor(DummyIndividual),GraduateStudent(DummyIndividual)}
5,12;{Student(DummyIndividual),Chair(DummyIndividual)}
5,24;{Student(DummyIndividual),PostDoc(DummyIndividual)}
5,32;{Student(DummyIndividual),Lecturer(DummyIndividual)}
5,42;{Student(DummyIndividual),Dean(DummyIndividual)}
5,42;{Student(DummyIndividual),Professor(DummyIndividual)}
5,53;{Student(DummyIndividual),FullProfessor(DummyIndividual)}
5,53;{Student(DummyIndividual),VisitingProfessor(DummyIndividual)}
5,53;{Student(DummyIndividual),AssociateProfessor(DummyIndividual)}
7,03;{AssistantProfessor(DummyIndividual),UndergraduateStudent(DummyIndividual)}
7,81;{UndergraduateStudent(DummyIndividual),Chair(DummyIndividual)}
7,91;{UndergraduateStudent(DummyIndividual),PostDoc(DummyIndividual)}
7,91;{UndergraduateStudent(DummyIndividual),Faculty(DummyIndividual)}
7,91;{UndergraduateStudent(DummyIndividual),Lecturer(DummyIndividual)}
8,11;{UndergraduateStudent(DummyIndividual),Professor(DummyIndividual)}
8,11;{UndergraduateStudent(DummyIndividual),FullProfessor(DummyIndividual)}
8,23;{UndergraduateStudent(DummyIndividual),VisitingProfessor(DummyIndividual)}
8,23;{UndergraduateStudent(DummyIndividual),AssociateProfessor(DummyIndividual)}
9,25;{GraduateStudent(DummyIndividual),PostDoc(DummyIndividual)}
9,25;{GraduateStudent(DummyIndividual),Faculty(DummyIndividual)}
9,25;{GraduateStudent(DummyIndividual),Lecturer(DummyIndividual)}
9,44;{GraduateStudent(DummyIndividual),Dean(DummyIndividual)}
9,44;{GraduateStudent(DummyIndividual),Professor(DummyIndividual)}
9,44;{GraduateStudent(DummyIndividual),VisitingProfessor(DummyIndividual)}
