1,14;{Professor(DummyIndividual),GraduateCourse(DummyIndividual),Publication(DummyIndividual)}
1,34;{Professor(DummyIndividual),GraduateCourse(DummyIndividual),Specification(DummyIndividual)}
1,86;{Professor(DummyIndividual),GraduateCourse(DummyIndividual),TechnicalReport(DummyIndividual)}
2,34;{JournalArticle(DummyIndividual),VisitingProfessor(DummyIndividual),Course(DummyIndividual)}
2,78;{Article(DummyIndividual),Chair(DummyIndividual),GraduateCourse(DummyIndividual)}
10,60;{TechnicalReport(DummyIndividual),AssistantProfessor(DummyIndividual),GraduateCourse(DummyIndividual)}
10,60;{TechnicalReport(DummyIndividual),AssistantProfessor(DummyIndividual),Course(DummyIndividual)}
10,71;{TechnicalReport(DummyIndividual),Chair(DummyIndividual),GraduateCourse(DummyIndividual)}
10,71;{TechnicalReport(DummyIndividual),Chair(DummyIndividual),Course(DummyIndividual)}
12,21;{TechnicalReport(DummyIndividual),GraduateCourse(DummyIndividual),Dean(DummyIndividual)}
12,30;{TechnicalReport(DummyIndividual),GraduateCourse(DummyIndividual),FullProfessor(DummyIndividual)}
12,30;{TechnicalReport(DummyIndividual),GraduateCourse(DummyIndividual),VisitingProfessor(DummyIndividual)}
12,30;{TechnicalReport(DummyIndividual),GraduateCourse(DummyIndividual),AssociateProfessor(DummyIndividual)}
13,00;{TechnicalReport(DummyIndividual),Course(DummyIndividual),Dean(DummyIndividual)}
13,00;{TechnicalReport(DummyIndividual),Course(DummyIndividual),Professor(DummyIndividual)}
13,10;{TechnicalReport(DummyIndividual),Course(DummyIndividual),FullProfessor(DummyIndividual)}
13,10;{TechnicalReport(DummyIndividual),Course(DummyIndividual),VisitingProfessor(DummyIndividual)}
13,20;{TechnicalReport(DummyIndividual),Course(DummyIndividual),AssociateProfessor(DummyIndividual)}
13,52;{GraduateCourse(DummyIndividual),Article(DummyIndividual),AssistantProfessor(DummyIndividual)}
13,85;{GraduateCourse(DummyIndividual),Article(DummyIndividual),Dean(DummyIndividual)}
13,85;{GraduateCourse(DummyIndividual),Article(DummyIndividual),Professor(DummyIndividual)}
13,85;{GraduateCourse(DummyIndividual),Article(DummyIndividual),FullProfessor(DummyIndividual)}
13,95;{GraduateCourse(DummyIndividual),Article(DummyIndividual),VisitingProfessor(DummyIndividual)}
13,95;{GraduateCourse(DummyIndividual),Article(DummyIndividual),AssociateProfessor(DummyIndividual)}
16,54;{GraduateCourse(DummyIndividual),ConferencePaper(DummyIndividual),AssistantProfessor(DummyIndividual)}
16,63;{GraduateCourse(DummyIndividual),ConferencePaper(DummyIndividual),Chair(DummyIndividual)}
16,83;{GraduateCourse(DummyIndividual),ConferencePaper(DummyIndividual),Dean(DummyIndividual)}
16,83;{GraduateCourse(DummyIndividual),ConferencePaper(DummyIndividual),Professor(DummyIndividual)}
16,83;{GraduateCourse(DummyIndividual),ConferencePaper(DummyIndividual),FullProfessor(DummyIndividual)}
16,94;{GraduateCourse(DummyIndividual),ConferencePaper(DummyIndividual),VisitingProfessor(DummyIndividual)}
16,94;{GraduateCourse(DummyIndividual),ConferencePaper(DummyIndividual),AssociateProfessor(DummyIndividual)}
17,04;{GraduateCourse(DummyIndividual),UnofficialPublication(DummyIndividual),AssistantProfessor(DummyIndividual)}
17,04;{GraduateCourse(DummyIndividual),UnofficialPublication(DummyIndividual),Chair(DummyIndividual)}
17,15;{GraduateCourse(DummyIndividual),UnofficialPublication(DummyIndividual),Dean(DummyIndividual)}
17,26;{GraduateCourse(DummyIndividual),UnofficialPublication(DummyIndividual),Professor(DummyIndividual)}
17,26;{GraduateCourse(DummyIndividual),UnofficialPublication(DummyIndividual),FullProfessor(DummyIndividual)}
17,26;{GraduateCourse(DummyIndividual),UnofficialPublication(DummyIndividual),VisitingProfessor(DummyIndividual)}
17,26;{GraduateCourse(DummyIndividual),UnofficialPublication(DummyIndividual),AssociateProfessor(DummyIndividual)}
18,01;{GraduateCourse(DummyIndividual),AssistantProfessor(DummyIndividual),JournalArticle(DummyIndividual)}
18,11;{GraduateCourse(DummyIndividual),AssistantProfessor(DummyIndividual),Publication(DummyIndividual)}
18,21;{GraduateCourse(DummyIndividual),AssistantProfessor(DummyIndividual),Book(DummyIndividual)}
18,30;{GraduateCourse(DummyIndividual),AssistantProfessor(DummyIndividual),Manual(DummyIndividual)}
18,30;{GraduateCourse(DummyIndividual),AssistantProfessor(DummyIndividual),Specification(DummyIndividual)}
18,30;{GraduateCourse(DummyIndividual),AssistantProfessor(DummyIndividual),Software(DummyIndividual)}
19,83;{GraduateCourse(DummyIndividual),JournalArticle(DummyIndividual),Chair(DummyIndividual)}
19,83;{GraduateCourse(DummyIndividual),JournalArticle(DummyIndividual),Dean(DummyIndividual)}
19,93;{GraduateCourse(DummyIndividual),JournalArticle(DummyIndividual),Professor(DummyIndividual)}
19,93;{GraduateCourse(DummyIndividual),JournalArticle(DummyIndividual),FullProfessor(DummyIndividual)}
19,93;{GraduateCourse(DummyIndividual),JournalArticle(DummyIndividual),VisitingProfessor(DummyIndividual)}
20,04;{GraduateCourse(DummyIndividual),JournalArticle(DummyIndividual),AssociateProfessor(DummyIndividual)}
21,21;{GraduateCourse(DummyIndividual),Publication(DummyIndividual),Chair(DummyIndividual)}
21,21;{GraduateCourse(DummyIndividual),Publication(DummyIndividual),Dean(DummyIndividual)}
21,30;{GraduateCourse(DummyIndividual),Publication(DummyIndividual),FullProfessor(DummyIndividual)}
21,30;{GraduateCourse(DummyIndividual),Publication(DummyIndividual),VisitingProfessor(DummyIndividual)}
21,39;{GraduateCourse(DummyIndividual),Publication(DummyIndividual),AssociateProfessor(DummyIndividual)}
21,66;{GraduateCourse(DummyIndividual),Book(DummyIndividual),Chair(DummyIndividual)}
21,95;{GraduateCourse(DummyIndividual),Book(DummyIndividual),Dean(DummyIndividual)}
22,04;{GraduateCourse(DummyIndividual),Book(DummyIndividual),Professor(DummyIndividual)}
22,04;{GraduateCourse(DummyIndividual),Book(DummyIndividual),FullProfessor(DummyIndividual)}
22,04;{GraduateCourse(DummyIndividual),Book(DummyIndividual),VisitingProfessor(DummyIndividual)}
22,16;{GraduateCourse(DummyIndividual),Book(DummyIndividual),AssociateProfessor(DummyIndividual)}
22,86;{GraduateCourse(DummyIndividual),Dean(DummyIndividual),Manual(DummyIndividual)}
22,86;{GraduateCourse(DummyIndividual),Dean(DummyIndividual),Specification(DummyIndividual)}
22,98;{GraduateCourse(DummyIndividual),Dean(DummyIndividual),Software(DummyIndividual)}
23,77;{GraduateCourse(DummyIndividual),FullProfessor(DummyIndividual),Manual(DummyIndividual)}
23,85;{GraduateCourse(DummyIndividual),FullProfessor(DummyIndividual),Specification(DummyIndividual)}
23,90;{GraduateCourse(DummyIndividual),FullProfessor(DummyIndividual),Software(DummyIndividual)}
24,14;{GraduateCourse(DummyIndividual),Manual(DummyIndividual),Chair(DummyIndividual)}
24,59;{GraduateCourse(DummyIndividual),Manual(DummyIndividual),Professor(DummyIndividual)}
24,68;{GraduateCourse(DummyIndividual),Manual(DummyIndividual),VisitingProfessor(DummyIndividual)}
24,68;{GraduateCourse(DummyIndividual),Manual(DummyIndividual),AssociateProfessor(DummyIndividual)}
25,06;{GraduateCourse(DummyIndividual),Specification(DummyIndividual),Chair(DummyIndividual)}
25,51;{GraduateCourse(DummyIndividual),Specification(DummyIndividual),VisitingProfessor(DummyIndividual)}
25,51;{GraduateCourse(DummyIndividual),Specification(DummyIndividual),AssociateProfessor(DummyIndividual)}
26,03;{GraduateCourse(DummyIndividual),VisitingProfessor(DummyIndividual),Software(DummyIndividual)}
26,40;{GraduateCourse(DummyIndividual),Software(DummyIndividual),Chair(DummyIndividual)}
26,82;{GraduateCourse(DummyIndividual),Software(DummyIndividual),Professor(DummyIndividual)}
26,91;{GraduateCourse(DummyIndividual),Software(DummyIndividual),AssociateProfessor(DummyIndividual)}
27,52;{Course(DummyIndividual),Article(DummyIndividual),AssistantProfessor(DummyIndividual)}
27,61;{Course(DummyIndividual),Article(DummyIndividual),Chair(DummyIndividual)}
27,61;{Course(DummyIndividual),Article(DummyIndividual),Dean(DummyIndividual)}
27,70;{Course(DummyIndividual),Article(DummyIndividual),Professor(DummyIndividual)}
27,70;{Course(DummyIndividual),Article(DummyIndividual),FullProfessor(DummyIndividual)}
27,80;{Course(DummyIndividual),Article(DummyIndividual),VisitingProfessor(DummyIndividual)}
27,86;{Course(DummyIndividual),Article(DummyIndividual),AssociateProfessor(DummyIndividual)}
28,86;{Course(DummyIndividual),ConferencePaper(DummyIndividual),AssistantProfessor(DummyIndividual)}
28,86;{Course(DummyIndividual),ConferencePaper(DummyIndividual),Chair(DummyIndividual)}
28,95;{Course(DummyIndividual),ConferencePaper(DummyIndividual),Dean(DummyIndividual)}
28,99;{Course(DummyIndividual),ConferencePaper(DummyIndividual),Professor(DummyIndividual)}
28,99;{Course(DummyIndividual),ConferencePaper(DummyIndividual),FullProfessor(DummyIndividual)}
29,07;{Course(DummyIndividual),ConferencePaper(DummyIndividual),VisitingProfessor(DummyIndividual)}
29,15;{Course(DummyIndividual),ConferencePaper(DummyIndividual),AssociateProfessor(DummyIndividual)}
29,32;{Course(DummyIndividual),UnofficialPublication(DummyIndividual),AssistantProfessor(DummyIndividual)}
29,45;{Course(DummyIndividual),UnofficialPublication(DummyIndividual),Chair(DummyIndividual)}
29,89;{Course(DummyIndividual),UnofficialPublication(DummyIndividual),Dean(DummyIndividual)}
29,89;{Course(DummyIndividual),UnofficialPublication(DummyIndividual),Professor(DummyIndividual)}
29,97;{Course(DummyIndividual),UnofficialPublication(DummyIndividual),FullProfessor(DummyIndividual)}
30,06;{Course(DummyIndividual),UnofficialPublication(DummyIndividual),VisitingProfessor(DummyIndividual)}
30,06;{Course(DummyIndividual),UnofficialPublication(DummyIndividual),AssociateProfessor(DummyIndividual)}
31,16;{Course(DummyIndividual),AssistantProfessor(DummyIndividual),JournalArticle(DummyIndividual)}
31,23;{Course(DummyIndividual),AssistantProfessor(DummyIndividual),Publication(DummyIndividual)}
31,34;{Course(DummyIndividual),AssistantProfessor(DummyIndividual),Book(DummyIndividual)}
31,42;{Course(DummyIndividual),AssistantProfessor(DummyIndividual),Manual(DummyIndividual)}
31,52;{Course(DummyIndividual),AssistantProfessor(DummyIndividual),Specification(DummyIndividual)}
31,52;{Course(DummyIndividual),AssistantProfessor(DummyIndividual),Software(DummyIndividual)}
34,68;{Course(DummyIndividual),JournalArticle(DummyIndividual),Chair(DummyIndividual)}
34,76;{Course(DummyIndividual),JournalArticle(DummyIndividual),Dean(DummyIndividual)}
34,76;{Course(DummyIndividual),JournalArticle(DummyIndividual),Professor(DummyIndividual)}
34,76;{Course(DummyIndividual),JournalArticle(DummyIndividual),FullProfessor(DummyIndividual)}
34,94;{Course(DummyIndividual),JournalArticle(DummyIndividual),AssociateProfessor(DummyIndividual)}
36,41;{Course(DummyIndividual),Publication(DummyIndividual),Chair(DummyIndividual)}
36,47;{Course(DummyIndividual),Publication(DummyIndividual),Dean(DummyIndividual)}
36,47;{Course(DummyIndividual),Publication(DummyIndividual),Professor(DummyIndividual)}
36,47;{Course(DummyIndividual),Publication(DummyIndividual),FullProfessor(DummyIndividual)}
36,58;{Course(DummyIndividual),Publication(DummyIndividual),VisitingProfessor(DummyIndividual)}
36,67;{Course(DummyIndividual),Publication(DummyIndividual),AssociateProfessor(DummyIndividual)}
37,05;{Course(DummyIndividual),Book(DummyIndividual),Chair(DummyIndividual)}
37,49;{Course(DummyIndividual),Book(DummyIndividual),Dean(DummyIndividual)}
37,49;{Course(DummyIndividual),Book(DummyIndividual),Professor(DummyIndividual)}
37,58;{Course(DummyIndividual),Book(DummyIndividual),FullProfessor(DummyIndividual)}
37,67;{Course(DummyIndividual),Book(DummyIndividual),VisitingProfessor(DummyIndividual)}
37,67;{Course(DummyIndividual),Book(DummyIndividual),AssociateProfessor(DummyIndividual)}
38,70;{Course(DummyIndividual),Dean(DummyIndividual),Manual(DummyIndividual)}
38,81;{Course(DummyIndividual),Dean(DummyIndividual),Specification(DummyIndividual)}
38,81;{Course(DummyIndividual),Dean(DummyIndividual),Software(DummyIndividual)}
39,94;{Course(DummyIndividual),FullProfessor(DummyIndividual),Manual(DummyIndividual)}
40,03;{Course(DummyIndividual),FullProfessor(DummyIndividual),Specification(DummyIndividual)}
40,03;{Course(DummyIndividual),FullProfessor(DummyIndividual),Software(DummyIndividual)}
40,50;{Course(DummyIndividual),Manual(DummyIndividual),Chair(DummyIndividual)}
41,08;{Course(DummyIndividual),Manual(DummyIndividual),Professor(DummyIndividual)}
41,08;{Course(DummyIndividual),Manual(DummyIndividual),VisitingProfessor(DummyIndividual)}
41,17;{Course(DummyIndividual),Manual(DummyIndividual),AssociateProfessor(DummyIndividual)}
41,63;{Course(DummyIndividual),Specification(DummyIndividual),Chair(DummyIndividual)}
42,24;{Course(DummyIndividual),Specification(DummyIndividual),Professor(DummyIndividual)}
42,31;{Course(DummyIndividual),Specification(DummyIndividual),VisitingProfessor(DummyIndividual)}
42,35;{Course(DummyIndividual),Specification(DummyIndividual),AssociateProfessor(DummyIndividual)}
43,13;{Course(DummyIndividual),VisitingProfessor(DummyIndividual),Software(DummyIndividual)}
43,49;{Course(DummyIndividual),Software(DummyIndividual),Chair(DummyIndividual)}
44,10;{Course(DummyIndividual),Software(DummyIndividual),Professor(DummyIndividual)}
44,19;{Course(DummyIndividual),Software(DummyIndividual),AssociateProfessor(DummyIndividual)}
