0,91;{Professor(DummyIndividual),ClericalStaff(DummyIndividual)}
1,34;{Professor(DummyIndividual),AdministrativeStaff(DummyIndividual)}
1,81;{SystemsStaff(DummyIndividual),AssistantProfessor(DummyIndividual)}
2,08;{SystemsStaff(DummyIndividual),PostDoc(DummyIndividual)}
2,28;{SystemsStaff(DummyIndividual),Lecturer(DummyIndividual)}
2,56;{AssociateProfessor(DummyIndividual),SystemsStaff(DummyIndividual)}
5,13;{AdministrativeStaff(DummyIndividual),AssistantProfessor(DummyIndividual)}
5,24;{AdministrativeStaff(DummyIndividual),Chair(DummyIndividual)}
5,33;{AdministrativeStaff(DummyIndividual),PostDoc(DummyIndividual)}
5,33;{AdministrativeStaff(DummyIndividual),Faculty(DummyIndividual)}
5,45;{AdministrativeStaff(DummyIndividual),Lecturer(DummyIndividual)}
5,54;{AdministrativeStaff(DummyIndividual),Dean(DummyIndividual)}
5,54;{AdministrativeStaff(DummyIndividual),FullProfessor(DummyIndividual)}
5,54;{AdministrativeStaff(DummyIndividual),VisitingProfessor(DummyIndividual)}
5,63;{AdministrativeStaff(DummyIndividual),AssociateProfessor(DummyIndividual)}
6,79;{AssistantProfessor(DummyIndividual),ClericalStaff(DummyIndividual)}
7,24;{ClericalStaff(DummyIndividual),Chair(DummyIndividual)}
7,35;{ClericalStaff(DummyIndividual),PostDoc(DummyIndividual)}
7,35;{ClericalStaff(DummyIndividual),Faculty(DummyIndividual)}
7,47;{ClericalStaff(DummyIndividual),Lecturer(DummyIndividual)}
7,56;{ClericalStaff(DummyIndividual),Dean(DummyIndividual)}
7,56;{ClericalStaff(DummyIndividual),FullProfessor(DummyIndividual)}
7,69;{ClericalStaff(DummyIndividual),VisitingProfessor(DummyIndividual)}
7,69;{ClericalStaff(DummyIndividual),AssociateProfessor(DummyIndividual)}
7,87;{SystemsStaff(DummyIndividual),Chair(DummyIndividual)}
7,98;{SystemsStaff(DummyIndividual),Faculty(DummyIndividual)}
8,09;{SystemsStaff(DummyIndividual),Dean(DummyIndividual)}
8,19;{SystemsStaff(DummyIndividual),Professor(DummyIndividual)}
8,19;{SystemsStaff(DummyIndividual),FullProfessor(DummyIndividual)}
8,19;{SystemsStaff(DummyIndividual),VisitingProfessor(DummyIndividual)}
