1,20;{JournalArticle(DummyIndividual),GraduateCourse(DummyIndividual),Student(DummyIndividual)}
1,82;{ConferencePaper(DummyIndividual),UndergraduateStudent(DummyIndividual),Course(DummyIndividual)}
2,21;{ConferencePaper(DummyIndividual),UndergraduateStudent(DummyIndividual),GraduateCourse(DummyIndividual)}
6,38;{GraduateCourse(DummyIndividual),Student(DummyIndividual),Article(DummyIndividual)}
6,38;{GraduateCourse(DummyIndividual),Student(DummyIndividual),ConferencePaper(DummyIndividual)}
6,51;{GraduateCourse(DummyIndividual),Student(DummyIndividual),TechnicalReport(DummyIndividual)}
8,08;{GraduateCourse(DummyIndividual),UndergraduateStudent(DummyIndividual),Article(DummyIndividual)}
8,30;{GraduateCourse(DummyIndividual),UndergraduateStudent(DummyIndividual),TechnicalReport(DummyIndividual)}
8,40;{GraduateCourse(DummyIndividual),UndergraduateStudent(DummyIndividual),JournalArticle(DummyIndividual)}
9,17;{GraduateCourse(DummyIndividual),TechnicalReport(DummyIndividual),GraduateStudent(DummyIndividual)}
9,71;{GraduateCourse(DummyIndividual),JournalArticle(DummyIndividual),GraduateStudent(DummyIndividual)}
10,19;{GraduateCourse(DummyIndividual),GraduateStudent(DummyIndividual),Article(DummyIndividual)}
10,19;{GraduateCourse(DummyIndividual),GraduateStudent(DummyIndividual),ConferencePaper(DummyIndividual)}
11,18;{Course(DummyIndividual),Student(DummyIndividual),Article(DummyIndividual)}
11,18;{Course(DummyIndividual),Student(DummyIndividual),ConferencePaper(DummyIndividual)}
11,27;{Course(DummyIndividual),Student(DummyIndividual),TechnicalReport(DummyIndividual)}
11,37;{Course(DummyIndividual),Student(DummyIndividual),JournalArticle(DummyIndividual)}
11,99;{Course(DummyIndividual),UndergraduateStudent(DummyIndividual),Article(DummyIndividual)}
12,09;{Course(DummyIndividual),UndergraduateStudent(DummyIndividual),TechnicalReport(DummyIndividual)}
12,19;{Course(DummyIndividual),UndergraduateStudent(DummyIndividual),JournalArticle(DummyIndividual)}
12,81;{Course(DummyIndividual),TechnicalReport(DummyIndividual),GraduateStudent(DummyIndividual)}
13,33;{Course(DummyIndividual),JournalArticle(DummyIndividual),GraduateStudent(DummyIndividual)}
13,63;{Course(DummyIndividual),GraduateStudent(DummyIndividual),Article(DummyIndividual)}
13,63;{Course(DummyIndividual),GraduateStudent(DummyIndividual),ConferencePaper(DummyIndividual)}
