0,95;{Organization(DummyIndividual),Article(DummyIndividual),AssistantProfessor(DummyIndividual)}
1,14;{Organization(DummyIndividual),Manual(DummyIndividual),AssistantProfessor(DummyIndividual)}
1,46;{Organization(DummyIndividual),AssistantProfessor(DummyIndividual),TechnicalReport(DummyIndividual)}
1,74;{Chair(DummyIndividual),Publication(DummyIndividual),Institute(DummyIndividual)}
1,96;{Chair(DummyIndividual),Publication(DummyIndividual),ResearchGroup(DummyIndividual)}
2,25;{Chair(DummyIndividual),Publication(DummyIndividual),Organization(DummyIndividual)}
2,45;{FullProfessor(DummyIndividual),University(DummyIndividual),Software(DummyIndividual)}
2,77;{Dean(DummyIndividual),Department(DummyIndividual),ConferencePaper(DummyIndividual)}
3,00;{Dean(DummyIndividual),Department(DummyIndividual),Software(DummyIndividual)}
3,31;{VisitingProfessor(DummyIndividual),Department(DummyIndividual),UnofficialPublication(DummyIndividual)}
3,63;{VisitingProfessor(DummyIndividual),Department(DummyIndividual),Book(DummyIndividual)}
3,96;{VisitingProfessor(DummyIndividual),Department(DummyIndividual),JournalArticle(DummyIndividual)}
4,18;{VisitingProfessor(DummyIndividual),Department(DummyIndividual),Publication(DummyIndividual)}
4,68;{VisitingProfessor(DummyIndividual),Department(DummyIndividual),Specification(DummyIndividual)}
9,35;{AssociateProfessor(DummyIndividual),ConferencePaper(DummyIndividual),Institute(DummyIndividual)}
9,64;{Professor(DummyIndividual),ConferencePaper(DummyIndividual),Institute(DummyIndividual)}
10,04;{VisitingProfessor(DummyIndividual),ConferencePaper(DummyIndividual),Institute(DummyIndividual)}
10,18;{AssistantProfessor(DummyIndividual),ConferencePaper(DummyIndividual),Institute(DummyIndividual)}
10,29;{FullProfessor(DummyIndividual),ConferencePaper(DummyIndividual),Institute(DummyIndividual)}
10,40;{Dean(DummyIndividual),ConferencePaper(DummyIndividual),Institute(DummyIndividual)}
10,60;{Chair(DummyIndividual),ConferencePaper(DummyIndividual),Institute(DummyIndividual)}
11,30;{ResearchGroup(DummyIndividual),ConferencePaper(DummyIndividual),FullProfessor(DummyIndividual)}
11,60;{College(DummyIndividual),ConferencePaper(DummyIndividual),FullProfessor(DummyIndividual)}
11,95;{University(DummyIndividual),ConferencePaper(DummyIndividual),FullProfessor(DummyIndividual)}
12,05;{Organization(DummyIndividual),ConferencePaper(DummyIndividual),FullProfessor(DummyIndividual)}
12,18;{Department(DummyIndividual),ConferencePaper(DummyIndividual),FullProfessor(DummyIndividual)}
12,37;{Program(DummyIndividual),ConferencePaper(DummyIndividual),FullProfessor(DummyIndividual)}
14,12;{Manual(DummyIndividual),Institute(DummyIndividual),AssistantProfessor(DummyIndividual)}
14,21;{JournalArticle(DummyIndividual),Institute(DummyIndividual),AssistantProfessor(DummyIndividual)}
14,21;{Publication(DummyIndividual),Institute(DummyIndividual),AssistantProfessor(DummyIndividual)}
14,42;{Specification(DummyIndividual),Institute(DummyIndividual),AssistantProfessor(DummyIndividual)}
14,63;{Article(DummyIndividual),Institute(DummyIndividual),AssistantProfessor(DummyIndividual)}
14,63;{Software(DummyIndividual),Institute(DummyIndividual),AssistantProfessor(DummyIndividual)}
14,72;{UnofficialPublication(DummyIndividual),Institute(DummyIndividual),AssistantProfessor(DummyIndividual)}
14,92;{Book(DummyIndividual),Institute(DummyIndividual),AssistantProfessor(DummyIndividual)}
15,16;{TechnicalReport(DummyIndividual),Institute(DummyIndividual),AssistantProfessor(DummyIndividual)}
21,62;{Article(DummyIndividual),College(DummyIndividual),AssistantProfessor(DummyIndividual)}
21,72;{Article(DummyIndividual),College(DummyIndividual),Chair(DummyIndividual)}
21,72;{Article(DummyIndividual),College(DummyIndividual),Dean(DummyIndividual)}
21,72;{Article(DummyIndividual),College(DummyIndividual),Professor(DummyIndividual)}
21,72;{Article(DummyIndividual),College(DummyIndividual),FullProfessor(DummyIndividual)}
21,72;{Article(DummyIndividual),College(DummyIndividual),VisitingProfessor(DummyIndividual)}
21,82;{Article(DummyIndividual),College(DummyIndividual),AssociateProfessor(DummyIndividual)}
22,03;{Article(DummyIndividual),AssistantProfessor(DummyIndividual),Program(DummyIndividual)}
22,03;{Article(DummyIndividual),AssistantProfessor(DummyIndividual),University(DummyIndividual)}
22,14;{Article(DummyIndividual),AssistantProfessor(DummyIndividual),Department(DummyIndividual)}
22,26;{Article(DummyIndividual),AssistantProfessor(DummyIndividual),ResearchGroup(DummyIndividual)}
22,69;{Article(DummyIndividual),Chair(DummyIndividual),Organization(DummyIndividual)}
22,90;{Article(DummyIndividual),Chair(DummyIndividual),Program(DummyIndividual)}
22,90;{Article(DummyIndividual),Chair(DummyIndividual),Institute(DummyIndividual)}
22,90;{Article(DummyIndividual),Chair(DummyIndividual),University(DummyIndividual)}
23,01;{Article(DummyIndividual),Chair(DummyIndividual),Department(DummyIndividual)}
23,21;{Article(DummyIndividual),Chair(DummyIndividual),ResearchGroup(DummyIndividual)}
24,24;{Article(DummyIndividual),Program(DummyIndividual),Dean(DummyIndividual)}
24,24;{Article(DummyIndividual),Program(DummyIndividual),Professor(DummyIndividual)}
24,24;{Article(DummyIndividual),Program(DummyIndividual),FullProfessor(DummyIndividual)}
24,24;{Article(DummyIndividual),Program(DummyIndividual),VisitingProfessor(DummyIndividual)}
24,24;{Article(DummyIndividual),Program(DummyIndividual),AssociateProfessor(DummyIndividual)}
24,76;{Article(DummyIndividual),Institute(DummyIndividual),Dean(DummyIndividual)}
24,76;{Article(DummyIndividual),Institute(DummyIndividual),Professor(DummyIndividual)}
24,76;{Article(DummyIndividual),Institute(DummyIndividual),FullProfessor(DummyIndividual)}
24,86;{Article(DummyIndividual),Institute(DummyIndividual),VisitingProfessor(DummyIndividual)}
24,86;{Article(DummyIndividual),Institute(DummyIndividual),AssociateProfessor(DummyIndividual)}
25,71;{Article(DummyIndividual),University(DummyIndividual),Dean(DummyIndividual)}
25,71;{Article(DummyIndividual),University(DummyIndividual),Professor(DummyIndividual)}
25,71;{Article(DummyIndividual),University(DummyIndividual),FullProfessor(DummyIndividual)}
25,81;{Article(DummyIndividual),University(DummyIndividual),VisitingProfessor(DummyIndividual)}
25,81;{Article(DummyIndividual),University(DummyIndividual),AssociateProfessor(DummyIndividual)}
26,84;{Article(DummyIndividual),Dean(DummyIndividual),Organization(DummyIndividual)}
27,16;{Article(DummyIndividual),Dean(DummyIndividual),Department(DummyIndividual)}
27,36;{Article(DummyIndividual),Dean(DummyIndividual),ResearchGroup(DummyIndividual)}
27,55;{Article(DummyIndividual),Professor(DummyIndividual),Organization(DummyIndividual)}
27,86;{Article(DummyIndividual),Professor(DummyIndividual),Department(DummyIndividual)}
27,95;{Article(DummyIndividual),Professor(DummyIndividual),ResearchGroup(DummyIndividual)}
28,07;{Article(DummyIndividual),FullProfessor(DummyIndividual),Organization(DummyIndividual)}
28,37;{Article(DummyIndividual),FullProfessor(DummyIndividual),Department(DummyIndividual)}
28,59;{Article(DummyIndividual),FullProfessor(DummyIndividual),ResearchGroup(DummyIndividual)}
28,99;{Article(DummyIndividual),VisitingProfessor(DummyIndividual),Organization(DummyIndividual)}
29,21;{Article(DummyIndividual),VisitingProfessor(DummyIndividual),Department(DummyIndividual)}
29,41;{Article(DummyIndividual),VisitingProfessor(DummyIndividual),ResearchGroup(DummyIndividual)}
29,62;{Article(DummyIndividual),AssociateProfessor(DummyIndividual),Organization(DummyIndividual)}
29,94;{Article(DummyIndividual),AssociateProfessor(DummyIndividual),Department(DummyIndividual)}
30,15;{Article(DummyIndividual),AssociateProfessor(DummyIndividual),ResearchGroup(DummyIndividual)}
31,88;{ConferencePaper(DummyIndividual),College(DummyIndividual),AssistantProfessor(DummyIndividual)}
31,88;{ConferencePaper(DummyIndividual),College(DummyIndividual),Chair(DummyIndividual)}
31,98;{ConferencePaper(DummyIndividual),College(DummyIndividual),Dean(DummyIndividual)}
31,98;{ConferencePaper(DummyIndividual),College(DummyIndividual),Professor(DummyIndividual)}
31,98;{ConferencePaper(DummyIndividual),College(DummyIndividual),VisitingProfessor(DummyIndividual)}
31,98;{ConferencePaper(DummyIndividual),College(DummyIndividual),AssociateProfessor(DummyIndividual)}
32,09;{ConferencePaper(DummyIndividual),AssistantProfessor(DummyIndividual),Organization(DummyIndividual)}
32,19;{ConferencePaper(DummyIndividual),AssistantProfessor(DummyIndividual),Program(DummyIndividual)}
32,19;{ConferencePaper(DummyIndividual),AssistantProfessor(DummyIndividual),University(DummyIndividual)}
32,19;{ConferencePaper(DummyIndividual),AssistantProfessor(DummyIndividual),Department(DummyIndividual)}
32,40;{ConferencePaper(DummyIndividual),AssistantProfessor(DummyIndividual),ResearchGroup(DummyIndividual)}
32,83;{ConferencePaper(DummyIndividual),Chair(DummyIndividual),Organization(DummyIndividual)}
32,93;{ConferencePaper(DummyIndividual),Chair(DummyIndividual),Program(DummyIndividual)}
32,93;{ConferencePaper(DummyIndividual),Chair(DummyIndividual),University(DummyIndividual)}
32,93;{ConferencePaper(DummyIndividual),Chair(DummyIndividual),Department(DummyIndividual)}
33,13;{ConferencePaper(DummyIndividual),Chair(DummyIndividual),ResearchGroup(DummyIndividual)}
34,39;{ConferencePaper(DummyIndividual),Program(DummyIndividual),Dean(DummyIndividual)}
34,39;{ConferencePaper(DummyIndividual),Program(DummyIndividual),Professor(DummyIndividual)}
34,39;{ConferencePaper(DummyIndividual),Program(DummyIndividual),VisitingProfessor(DummyIndividual)}
34,49;{ConferencePaper(DummyIndividual),Program(DummyIndividual),AssociateProfessor(DummyIndividual)}
34,93;{ConferencePaper(DummyIndividual),University(DummyIndividual),Dean(DummyIndividual)}
34,93;{ConferencePaper(DummyIndividual),University(DummyIndividual),Professor(DummyIndividual)}
35,01;{ConferencePaper(DummyIndividual),University(DummyIndividual),VisitingProfessor(DummyIndividual)}
35,01;{ConferencePaper(DummyIndividual),University(DummyIndividual),AssociateProfessor(DummyIndividual)}
35,71;{ConferencePaper(DummyIndividual),Dean(DummyIndividual),Organization(DummyIndividual)}
36,24;{ConferencePaper(DummyIndividual),Dean(DummyIndividual),ResearchGroup(DummyIndividual)}
36,47;{ConferencePaper(DummyIndividual),Professor(DummyIndividual),Organization(DummyIndividual)}
36,66;{ConferencePaper(DummyIndividual),Professor(DummyIndividual),Department(DummyIndividual)}
36,76;{ConferencePaper(DummyIndividual),Professor(DummyIndividual),ResearchGroup(DummyIndividual)}
37,05;{ConferencePaper(DummyIndividual),VisitingProfessor(DummyIndividual),Organization(DummyIndividual)}
37,05;{ConferencePaper(DummyIndividual),VisitingProfessor(DummyIndividual),Department(DummyIndividual)}
37,05;{ConferencePaper(DummyIndividual),VisitingProfessor(DummyIndividual),ResearchGroup(DummyIndividual)}
37,26;{ConferencePaper(DummyIndividual),AssociateProfessor(DummyIndividual),Organization(DummyIndividual)}
37,26;{ConferencePaper(DummyIndividual),AssociateProfessor(DummyIndividual),Department(DummyIndividual)}
37,26;{ConferencePaper(DummyIndividual),AssociateProfessor(DummyIndividual),ResearchGroup(DummyIndividual)}
37,89;{UnofficialPublication(DummyIndividual),College(DummyIndividual),AssistantProfessor(DummyIndividual)}
37,89;{UnofficialPublication(DummyIndividual),College(DummyIndividual),Chair(DummyIndividual)}
37,99;{UnofficialPublication(DummyIndividual),College(DummyIndividual),Dean(DummyIndividual)}
37,99;{UnofficialPublication(DummyIndividual),College(DummyIndividual),Professor(DummyIndividual)}
37,99;{UnofficialPublication(DummyIndividual),College(DummyIndividual),FullProfessor(DummyIndividual)}
37,99;{UnofficialPublication(DummyIndividual),College(DummyIndividual),VisitingProfessor(DummyIndividual)}
37,99;{UnofficialPublication(DummyIndividual),College(DummyIndividual),AssociateProfessor(DummyIndividual)}
38,09;{UnofficialPublication(DummyIndividual),AssistantProfessor(DummyIndividual),Organization(DummyIndividual)}
38,09;{UnofficialPublication(DummyIndividual),AssistantProfessor(DummyIndividual),Program(DummyIndividual)}
38,09;{UnofficialPublication(DummyIndividual),AssistantProfessor(DummyIndividual),University(DummyIndividual)}
38,09;{UnofficialPublication(DummyIndividual),AssistantProfessor(DummyIndividual),Department(DummyIndividual)}
38,09;{UnofficialPublication(DummyIndividual),AssistantProfessor(DummyIndividual),ResearchGroup(DummyIndividual)}
38,49;{UnofficialPublication(DummyIndividual),Chair(DummyIndividual),Organization(DummyIndividual)}
38,49;{UnofficialPublication(DummyIndividual),Chair(DummyIndividual),Program(DummyIndividual)}
38,49;{UnofficialPublication(DummyIndividual),Chair(DummyIndividual),Institute(DummyIndividual)}
38,59;{UnofficialPublication(DummyIndividual),Chair(DummyIndividual),University(DummyIndividual)}
38,59;{UnofficialPublication(DummyIndividual),Chair(DummyIndividual),Department(DummyIndividual)}
38,59;{UnofficialPublication(DummyIndividual),Chair(DummyIndividual),ResearchGroup(DummyIndividual)}
39,41;{UnofficialPublication(DummyIndividual),Program(DummyIndividual),Dean(DummyIndividual)}
39,41;{UnofficialPublication(DummyIndividual),Program(DummyIndividual),Professor(DummyIndividual)}
39,41;{UnofficialPublication(DummyIndividual),Program(DummyIndividual),FullProfessor(DummyIndividual)}
39,51;{UnofficialPublication(DummyIndividual),Program(DummyIndividual),VisitingProfessor(DummyIndividual)}
39,51;{UnofficialPublication(DummyIndividual),Program(DummyIndividual),AssociateProfessor(DummyIndividual)}
39,51;{UnofficialPublication(DummyIndividual),Institute(DummyIndividual),Dean(DummyIndividual)}
39,51;{UnofficialPublication(DummyIndividual),Institute(DummyIndividual),Professor(DummyIndividual)}
39,51;{UnofficialPublication(DummyIndividual),Institute(DummyIndividual),FullProfessor(DummyIndividual)}
39,63;{UnofficialPublication(DummyIndividual),Institute(DummyIndividual),VisitingProfessor(DummyIndividual)}
39,63;{UnofficialPublication(DummyIndividual),Institute(DummyIndividual),AssociateProfessor(DummyIndividual)}
40,10;{UnofficialPublication(DummyIndividual),University(DummyIndividual),Dean(DummyIndividual)}
40,10;{UnofficialPublication(DummyIndividual),University(DummyIndividual),Professor(DummyIndividual)}
40,10;{UnofficialPublication(DummyIndividual),University(DummyIndividual),FullProfessor(DummyIndividual)}
40,10;{UnofficialPublication(DummyIndividual),University(DummyIndividual),VisitingProfessor(DummyIndividual)}
40,10;{UnofficialPublication(DummyIndividual),University(DummyIndividual),AssociateProfessor(DummyIndividual)}
40,95;{UnofficialPublication(DummyIndividual),Dean(DummyIndividual),Organization(DummyIndividual)}
41,06;{UnofficialPublication(DummyIndividual),Dean(DummyIndividual),Department(DummyIndividual)}
41,06;{UnofficialPublication(DummyIndividual),Dean(DummyIndividual),ResearchGroup(DummyIndividual)}
41,15;{UnofficialPublication(DummyIndividual),Professor(DummyIndividual),Organization(DummyIndividual)}
41,26;{UnofficialPublication(DummyIndividual),Professor(DummyIndividual),Department(DummyIndividual)}
41,26;{UnofficialPublication(DummyIndividual),Professor(DummyIndividual),ResearchGroup(DummyIndividual)}
41,26;{UnofficialPublication(DummyIndividual),FullProfessor(DummyIndividual),Organization(DummyIndividual)}
41,26;{UnofficialPublication(DummyIndividual),FullProfessor(DummyIndividual),Department(DummyIndividual)}
41,37;{UnofficialPublication(DummyIndividual),FullProfessor(DummyIndividual),ResearchGroup(DummyIndividual)}
41,67;{UnofficialPublication(DummyIndividual),VisitingProfessor(DummyIndividual),Organization(DummyIndividual)}
41,67;{UnofficialPublication(DummyIndividual),VisitingProfessor(DummyIndividual),ResearchGroup(DummyIndividual)}
41,88;{UnofficialPublication(DummyIndividual),AssociateProfessor(DummyIndividual),Organization(DummyIndividual)}
41,97;{UnofficialPublication(DummyIndividual),AssociateProfessor(DummyIndividual),Department(DummyIndividual)}
41,97;{UnofficialPublication(DummyIndividual),AssociateProfessor(DummyIndividual),ResearchGroup(DummyIndividual)}
42,18;{TechnicalReport(DummyIndividual),Organization(DummyIndividual),Chair(DummyIndividual)}
42,18;{TechnicalReport(DummyIndividual),Organization(DummyIndividual),Dean(DummyIndividual)}
42,18;{TechnicalReport(DummyIndividual),Organization(DummyIndividual),Professor(DummyIndividual)}
42,18;{TechnicalReport(DummyIndividual),Organization(DummyIndividual),FullProfessor(DummyIndividual)}
42,18;{TechnicalReport(DummyIndividual),Organization(DummyIndividual),VisitingProfessor(DummyIndividual)}
42,29;{TechnicalReport(DummyIndividual),Organization(DummyIndividual),AssociateProfessor(DummyIndividual)}
42,88;{TechnicalReport(DummyIndividual),College(DummyIndividual),AssistantProfessor(DummyIndividual)}
42,88;{TechnicalReport(DummyIndividual),College(DummyIndividual),Chair(DummyIndividual)}
42,99;{TechnicalReport(DummyIndividual),College(DummyIndividual),Dean(DummyIndividual)}
42,99;{TechnicalReport(DummyIndividual),College(DummyIndividual),Professor(DummyIndividual)}
42,99;{TechnicalReport(DummyIndividual),College(DummyIndividual),FullProfessor(DummyIndividual)}
42,99;{TechnicalReport(DummyIndividual),College(DummyIndividual),VisitingProfessor(DummyIndividual)}
42,99;{TechnicalReport(DummyIndividual),College(DummyIndividual),AssociateProfessor(DummyIndividual)}
43,18;{TechnicalReport(DummyIndividual),Chair(DummyIndividual),Program(DummyIndividual)}
43,28;{TechnicalReport(DummyIndividual),Chair(DummyIndividual),Institute(DummyIndividual)}
43,28;{TechnicalReport(DummyIndividual),Chair(DummyIndividual),University(DummyIndividual)}
43,28;{TechnicalReport(DummyIndividual),Chair(DummyIndividual),Department(DummyIndividual)}
43,28;{TechnicalReport(DummyIndividual),Chair(DummyIndividual),ResearchGroup(DummyIndividual)}
44,41;{TechnicalReport(DummyIndividual),Program(DummyIndividual),AssistantProfessor(DummyIndividual)}
44,41;{TechnicalReport(DummyIndividual),Program(DummyIndividual),Dean(DummyIndividual)}
44,41;{TechnicalReport(DummyIndividual),Program(DummyIndividual),Professor(DummyIndividual)}
44,41;{TechnicalReport(DummyIndividual),Program(DummyIndividual),FullProfessor(DummyIndividual)}
44,52;{TechnicalReport(DummyIndividual),Program(DummyIndividual),VisitingProfessor(DummyIndividual)}
44,52;{TechnicalReport(DummyIndividual),Program(DummyIndividual),AssociateProfessor(DummyIndividual)}
44,52;{TechnicalReport(DummyIndividual),Institute(DummyIndividual),Dean(DummyIndividual)}
44,52;{TechnicalReport(DummyIndividual),Institute(DummyIndividual),Professor(DummyIndividual)}
44,63;{TechnicalReport(DummyIndividual),Institute(DummyIndividual),FullProfessor(DummyIndividual)}
44,63;{TechnicalReport(DummyIndividual),Institute(DummyIndividual),VisitingProfessor(DummyIndividual)}
44,63;{TechnicalReport(DummyIndividual),Institute(DummyIndividual),AssociateProfessor(DummyIndividual)}
44,95;{TechnicalReport(DummyIndividual),University(DummyIndividual),AssistantProfessor(DummyIndividual)}
45,05;{TechnicalReport(DummyIndividual),University(DummyIndividual),Dean(DummyIndividual)}
45,05;{TechnicalReport(DummyIndividual),University(DummyIndividual),Professor(DummyIndividual)}
45,05;{TechnicalReport(DummyIndividual),University(DummyIndividual),FullProfessor(DummyIndividual)}
45,05;{TechnicalReport(DummyIndividual),University(DummyIndividual),VisitingProfessor(DummyIndividual)}
45,05;{TechnicalReport(DummyIndividual),University(DummyIndividual),AssociateProfessor(DummyIndividual)}
45,58;{TechnicalReport(DummyIndividual),Department(DummyIndividual),AssistantProfessor(DummyIndividual)}
45,68;{TechnicalReport(DummyIndividual),Department(DummyIndividual),Dean(DummyIndividual)}
45,68;{TechnicalReport(DummyIndividual),Department(DummyIndividual),Professor(DummyIndividual)}
45,68;{TechnicalReport(DummyIndividual),Department(DummyIndividual),FullProfessor(DummyIndividual)}
45,68;{TechnicalReport(DummyIndividual),Department(DummyIndividual),VisitingProfessor(DummyIndividual)}
45,76;{TechnicalReport(DummyIndividual),Department(DummyIndividual),AssociateProfessor(DummyIndividual)}
46,09;{TechnicalReport(DummyIndividual),Dean(DummyIndividual),ResearchGroup(DummyIndividual)}
46,30;{TechnicalReport(DummyIndividual),FullProfessor(DummyIndividual),ResearchGroup(DummyIndividual)}
46,60;{TechnicalReport(DummyIndividual),VisitingProfessor(DummyIndividual),ResearchGroup(DummyIndividual)}
46,81;{TechnicalReport(DummyIndividual),AssociateProfessor(DummyIndividual),ResearchGroup(DummyIndividual)}
46,81;{TechnicalReport(DummyIndividual),ResearchGroup(DummyIndividual),AssistantProfessor(DummyIndividual)}
46,91;{TechnicalReport(DummyIndividual),ResearchGroup(DummyIndividual),Professor(DummyIndividual)}
48,15;{Institute(DummyIndividual),Chair(DummyIndividual),JournalArticle(DummyIndividual)}
48,15;{Institute(DummyIndividual),Chair(DummyIndividual),Book(DummyIndividual)}
48,15;{Institute(DummyIndividual),Chair(DummyIndividual),Manual(DummyIndividual)}
48,25;{Institute(DummyIndividual),Chair(DummyIndividual),Specification(DummyIndividual)}
48,25;{Institute(DummyIndividual),Chair(DummyIndividual),Software(DummyIndividual)}
50,41;{Institute(DummyIndividual),JournalArticle(DummyIndividual),Dean(DummyIndividual)}
50,51;{Institute(DummyIndividual),JournalArticle(DummyIndividual),Professor(DummyIndividual)}
50,51;{Institute(DummyIndividual),JournalArticle(DummyIndividual),FullProfessor(DummyIndividual)}
50,51;{Institute(DummyIndividual),JournalArticle(DummyIndividual),VisitingProfessor(DummyIndividual)}
50,51;{Institute(DummyIndividual),JournalArticle(DummyIndividual),AssociateProfessor(DummyIndividual)}
51,87;{Institute(DummyIndividual),Book(DummyIndividual),Dean(DummyIndividual)}
51,87;{Institute(DummyIndividual),Book(DummyIndividual),Professor(DummyIndividual)}
51,87;{Institute(DummyIndividual),Book(DummyIndividual),FullProfessor(DummyIndividual)}
51,87;{Institute(DummyIndividual),Book(DummyIndividual),VisitingProfessor(DummyIndividual)}
51,98;{Institute(DummyIndividual),Book(DummyIndividual),AssociateProfessor(DummyIndividual)}
52,17;{Institute(DummyIndividual),Dean(DummyIndividual),Publication(DummyIndividual)}
52,29;{Institute(DummyIndividual),Dean(DummyIndividual),Manual(DummyIndividual)}
52,29;{Institute(DummyIndividual),Dean(DummyIndividual),Specification(DummyIndividual)}
52,29;{Institute(DummyIndividual),Dean(DummyIndividual),Software(DummyIndividual)}
52,61;{Institute(DummyIndividual),Professor(DummyIndividual),Publication(DummyIndividual)}
52,61;{Institute(DummyIndividual),Professor(DummyIndividual),Manual(DummyIndividual)}
52,61;{Institute(DummyIndividual),Professor(DummyIndividual),Specification(DummyIndividual)}
52,61;{Institute(DummyIndividual),Professor(DummyIndividual),Software(DummyIndividual)}
52,72;{Institute(DummyIndividual),FullProfessor(DummyIndividual),Publication(DummyIndividual)}
52,72;{Institute(DummyIndividual),FullProfessor(DummyIndividual),Manual(DummyIndividual)}
52,72;{Institute(DummyIndividual),FullProfessor(DummyIndividual),Specification(DummyIndividual)}
52,72;{Institute(DummyIndividual),FullProfessor(DummyIndividual),Software(DummyIndividual)}
52,82;{Institute(DummyIndividual),Manual(DummyIndividual),VisitingProfessor(DummyIndividual)}
52,82;{Institute(DummyIndividual),Manual(DummyIndividual),AssociateProfessor(DummyIndividual)}
52,82;{Institute(DummyIndividual),Specification(DummyIndividual),VisitingProfessor(DummyIndividual)}
52,82;{Institute(DummyIndividual),Specification(DummyIndividual),AssociateProfessor(DummyIndividual)}
52,92;{Institute(DummyIndividual),VisitingProfessor(DummyIndividual),Publication(DummyIndividual)}
52,92;{Institute(DummyIndividual),VisitingProfessor(DummyIndividual),Software(DummyIndividual)}
52,92;{Institute(DummyIndividual),Software(DummyIndividual),AssociateProfessor(DummyIndividual)}
52,92;{Institute(DummyIndividual),AssociateProfessor(DummyIndividual),Publication(DummyIndividual)}
54,16;{JournalArticle(DummyIndividual),College(DummyIndividual),AssistantProfessor(DummyIndividual)}
54,16;{JournalArticle(DummyIndividual),College(DummyIndividual),Chair(DummyIndividual)}
54,16;{JournalArticle(DummyIndividual),College(DummyIndividual),Dean(DummyIndividual)}
54,26;{JournalArticle(DummyIndividual),College(DummyIndividual),Professor(DummyIndividual)}
54,26;{JournalArticle(DummyIndividual),College(DummyIndividual),FullProfessor(DummyIndividual)}
54,26;{JournalArticle(DummyIndividual),College(DummyIndividual),VisitingProfessor(DummyIndividual)}
54,26;{JournalArticle(DummyIndividual),College(DummyIndividual),AssociateProfessor(DummyIndividual)}
54,35;{JournalArticle(DummyIndividual),AssistantProfessor(DummyIndividual),Organization(DummyIndividual)}
54,35;{JournalArticle(DummyIndividual),AssistantProfessor(DummyIndividual),Program(DummyIndividual)}
54,35;{JournalArticle(DummyIndividual),AssistantProfessor(DummyIndividual),University(DummyIndividual)}
54,35;{JournalArticle(DummyIndividual),AssistantProfessor(DummyIndividual),Department(DummyIndividual)}
54,46;{JournalArticle(DummyIndividual),AssistantProfessor(DummyIndividual),ResearchGroup(DummyIndividual)}
54,77;{JournalArticle(DummyIndividual),Chair(DummyIndividual),Organization(DummyIndividual)}
54,88;{JournalArticle(DummyIndividual),Chair(DummyIndividual),Program(DummyIndividual)}
54,88;{JournalArticle(DummyIndividual),Chair(DummyIndividual),University(DummyIndividual)}
54,88;{JournalArticle(DummyIndividual),Chair(DummyIndividual),Department(DummyIndividual)}
54,99;{JournalArticle(DummyIndividual),Chair(DummyIndividual),ResearchGroup(DummyIndividual)}
56,11;{JournalArticle(DummyIndividual),Program(DummyIndividual),Dean(DummyIndividual)}
56,11;{JournalArticle(DummyIndividual),Program(DummyIndividual),Professor(DummyIndividual)}
56,11;{JournalArticle(DummyIndividual),Program(DummyIndividual),FullProfessor(DummyIndividual)}
56,22;{JournalArticle(DummyIndividual),Program(DummyIndividual),VisitingProfessor(DummyIndividual)}
56,22;{JournalArticle(DummyIndividual),Program(DummyIndividual),AssociateProfessor(DummyIndividual)}
56,63;{JournalArticle(DummyIndividual),University(DummyIndividual),Dean(DummyIndividual)}
56,63;{JournalArticle(DummyIndividual),University(DummyIndividual),Professor(DummyIndividual)}
56,63;{JournalArticle(DummyIndividual),University(DummyIndividual),FullProfessor(DummyIndividual)}
56,63;{JournalArticle(DummyIndividual),University(DummyIndividual),VisitingProfessor(DummyIndividual)}
56,73;{JournalArticle(DummyIndividual),University(DummyIndividual),AssociateProfessor(DummyIndividual)}
57,65;{JournalArticle(DummyIndividual),Dean(DummyIndividual),Organization(DummyIndividual)}
57,65;{JournalArticle(DummyIndividual),Dean(DummyIndividual),Department(DummyIndividual)}
57,65;{JournalArticle(DummyIndividual),Dean(DummyIndividual),ResearchGroup(DummyIndividual)}
57,85;{JournalArticle(DummyIndividual),Professor(DummyIndividual),Organization(DummyIndividual)}
57,95;{JournalArticle(DummyIndividual),Professor(DummyIndividual),Department(DummyIndividual)}
57,95;{JournalArticle(DummyIndividual),Professor(DummyIndividual),ResearchGroup(DummyIndividual)}
57,95;{JournalArticle(DummyIndividual),FullProfessor(DummyIndividual),Organization(DummyIndividual)}
58,05;{JournalArticle(DummyIndividual),FullProfessor(DummyIndividual),Department(DummyIndividual)}
58,06;{JournalArticle(DummyIndividual),FullProfessor(DummyIndividual),ResearchGroup(DummyIndividual)}
58,46;{JournalArticle(DummyIndividual),VisitingProfessor(DummyIndividual),Organization(DummyIndividual)}
58,46;{JournalArticle(DummyIndividual),VisitingProfessor(DummyIndividual),ResearchGroup(DummyIndividual)}
58,66;{JournalArticle(DummyIndividual),AssociateProfessor(DummyIndividual),Organization(DummyIndividual)}
58,66;{JournalArticle(DummyIndividual),AssociateProfessor(DummyIndividual),Department(DummyIndividual)}
58,66;{JournalArticle(DummyIndividual),AssociateProfessor(DummyIndividual),ResearchGroup(DummyIndividual)}
59,77;{University(DummyIndividual),AssistantProfessor(DummyIndividual),Publication(DummyIndividual)}
59,89;{University(DummyIndividual),AssistantProfessor(DummyIndividual),Book(DummyIndividual)}
59,89;{University(DummyIndividual),AssistantProfessor(DummyIndividual),Manual(DummyIndividual)}
59,89;{University(DummyIndividual),AssistantProfessor(DummyIndividual),Specification(DummyIndividual)}
59,89;{University(DummyIndividual),AssistantProfessor(DummyIndividual),Software(DummyIndividual)}
60,17;{University(DummyIndividual),Chair(DummyIndividual),Publication(DummyIndividual)}
60,17;{University(DummyIndividual),Chair(DummyIndividual),Book(DummyIndividual)}
60,28;{University(DummyIndividual),Chair(DummyIndividual),Manual(DummyIndividual)}
60,28;{University(DummyIndividual),Chair(DummyIndividual),Specification(DummyIndividual)}
60,28;{University(DummyIndividual),Chair(DummyIndividual),Software(DummyIndividual)}
63,87;{University(DummyIndividual),Publication(DummyIndividual),Dean(DummyIndividual)}
63,98;{University(DummyIndividual),Publication(DummyIndividual),Professor(DummyIndividual)}
63,98;{University(DummyIndividual),Publication(DummyIndividual),FullProfessor(DummyIndividual)}
63,98;{University(DummyIndividual),Publication(DummyIndividual),VisitingProfessor(DummyIndividual)}
63,98;{University(DummyIndividual),Publication(DummyIndividual),AssociateProfessor(DummyIndividual)}
64,08;{University(DummyIndividual),Book(DummyIndividual),Dean(DummyIndividual)}
64,08;{University(DummyIndividual),Book(DummyIndividual),Professor(DummyIndividual)}
64,08;{University(DummyIndividual),Book(DummyIndividual),FullProfessor(DummyIndividual)}
64,17;{University(DummyIndividual),Book(DummyIndividual),VisitingProfessor(DummyIndividual)}
64,17;{University(DummyIndividual),Book(DummyIndividual),AssociateProfessor(DummyIndividual)}
64,47;{University(DummyIndividual),Dean(DummyIndividual),Manual(DummyIndividual)}
64,47;{University(DummyIndividual),Dean(DummyIndividual),Specification(DummyIndividual)}
64,47;{University(DummyIndividual),Dean(DummyIndividual),Software(DummyIndividual)}
64,79;{University(DummyIndividual),Manual(DummyIndividual),Professor(DummyIndividual)}
64,90;{University(DummyIndividual),Manual(DummyIndividual),FullProfessor(DummyIndividual)}
64,90;{University(DummyIndividual),Manual(DummyIndividual),VisitingProfessor(DummyIndividual)}
64,90;{University(DummyIndividual),Manual(DummyIndividual),AssociateProfessor(DummyIndividual)}
64,90;{University(DummyIndividual),Specification(DummyIndividual),Professor(DummyIndividual)}
65,01;{University(DummyIndividual),Specification(DummyIndividual),FullProfessor(DummyIndividual)}
65,01;{University(DummyIndividual),Specification(DummyIndividual),VisitingProfessor(DummyIndividual)}
65,01;{University(DummyIndividual),Specification(DummyIndividual),AssociateProfessor(DummyIndividual)}
65,01;{University(DummyIndividual),VisitingProfessor(DummyIndividual),Software(DummyIndividual)}
65,11;{University(DummyIndividual),Software(DummyIndividual),Professor(DummyIndividual)}
65,11;{University(DummyIndividual),Software(DummyIndividual),AssociateProfessor(DummyIndividual)}
66,65;{Publication(DummyIndividual),College(DummyIndividual),AssistantProfessor(DummyIndividual)}
66,65;{Publication(DummyIndividual),College(DummyIndividual),Chair(DummyIndividual)}
66,65;{Publication(DummyIndividual),College(DummyIndividual),Dean(DummyIndividual)}
66,76;{Publication(DummyIndividual),College(DummyIndividual),Professor(DummyIndividual)}
66,76;{Publication(DummyIndividual),College(DummyIndividual),FullProfessor(DummyIndividual)}
66,76;{Publication(DummyIndividual),College(DummyIndividual),VisitingProfessor(DummyIndividual)}
66,76;{Publication(DummyIndividual),College(DummyIndividual),AssociateProfessor(DummyIndividual)}
66,86;{Publication(DummyIndividual),AssistantProfessor(DummyIndividual),Organization(DummyIndividual)}
66,86;{Publication(DummyIndividual),AssistantProfessor(DummyIndividual),Program(DummyIndividual)}
66,86;{Publication(DummyIndividual),AssistantProfessor(DummyIndividual),Department(DummyIndividual)}
66,86;{Publication(DummyIndividual),AssistantProfessor(DummyIndividual),ResearchGroup(DummyIndividual)}
67,37;{Publication(DummyIndividual),Chair(DummyIndividual),Program(DummyIndividual)}
67,37;{Publication(DummyIndividual),Chair(DummyIndividual),Department(DummyIndividual)}
68,79;{Publication(DummyIndividual),Program(DummyIndividual),Dean(DummyIndividual)}
68,79;{Publication(DummyIndividual),Program(DummyIndividual),Professor(DummyIndividual)}
68,79;{Publication(DummyIndividual),Program(DummyIndividual),FullProfessor(DummyIndividual)}
68,79;{Publication(DummyIndividual),Program(DummyIndividual),VisitingProfessor(DummyIndividual)}
68,90;{Publication(DummyIndividual),Program(DummyIndividual),AssociateProfessor(DummyIndividual)}
70,58;{Publication(DummyIndividual),Dean(DummyIndividual),Organization(DummyIndividual)}
70,58;{Publication(DummyIndividual),Dean(DummyIndividual),Department(DummyIndividual)}
70,58;{Publication(DummyIndividual),Dean(DummyIndividual),ResearchGroup(DummyIndividual)}
70,87;{Publication(DummyIndividual),Professor(DummyIndividual),Organization(DummyIndividual)}
70,87;{Publication(DummyIndividual),Professor(DummyIndividual),Department(DummyIndividual)}
70,87;{Publication(DummyIndividual),Professor(DummyIndividual),ResearchGroup(DummyIndividual)}
70,98;{Publication(DummyIndividual),FullProfessor(DummyIndividual),Organization(DummyIndividual)}
70,98;{Publication(DummyIndividual),FullProfessor(DummyIndividual),Department(DummyIndividual)}
70,98;{Publication(DummyIndividual),FullProfessor(DummyIndividual),ResearchGroup(DummyIndividual)}
71,28;{Publication(DummyIndividual),VisitingProfessor(DummyIndividual),Organization(DummyIndividual)}
71,28;{Publication(DummyIndividual),VisitingProfessor(DummyIndividual),ResearchGroup(DummyIndividual)}
71,48;{Publication(DummyIndividual),AssociateProfessor(DummyIndividual),Organization(DummyIndividual)}
71,48;{Publication(DummyIndividual),AssociateProfessor(DummyIndividual),Department(DummyIndividual)}
71,59;{Publication(DummyIndividual),AssociateProfessor(DummyIndividual),ResearchGroup(DummyIndividual)}
72,64;{Book(DummyIndividual),College(DummyIndividual),AssistantProfessor(DummyIndividual)}
72,75;{Book(DummyIndividual),College(DummyIndividual),Chair(DummyIndividual)}
72,75;{Book(DummyIndividual),College(DummyIndividual),Dean(DummyIndividual)}
72,75;{Book(DummyIndividual),College(DummyIndividual),Professor(DummyIndividual)}
72,75;{Book(DummyIndividual),College(DummyIndividual),FullProfessor(DummyIndividual)}
72,86;{Book(DummyIndividual),College(DummyIndividual),VisitingProfessor(DummyIndividual)}
72,86;{Book(DummyIndividual),College(DummyIndividual),AssociateProfessor(DummyIndividual)}
72,86;{Book(DummyIndividual),AssistantProfessor(DummyIndividual),Organization(DummyIndividual)}
72,96;{Book(DummyIndividual),AssistantProfessor(DummyIndividual),Program(DummyIndividual)}
72,96;{Book(DummyIndividual),AssistantProfessor(DummyIndividual),Department(DummyIndividual)}
72,96;{Book(DummyIndividual),AssistantProfessor(DummyIndividual),ResearchGroup(DummyIndividual)}
73,45;{Book(DummyIndividual),Chair(DummyIndividual),Organization(DummyIndividual)}
73,45;{Book(DummyIndividual),Chair(DummyIndividual),Program(DummyIndividual)}
73,45;{Book(DummyIndividual),Chair(DummyIndividual),Department(DummyIndividual)}
73,55;{Book(DummyIndividual),Chair(DummyIndividual),ResearchGroup(DummyIndividual)}
74,58;{Book(DummyIndividual),Program(DummyIndividual),Dean(DummyIndividual)}
74,68;{Book(DummyIndividual),Program(DummyIndividual),Professor(DummyIndividual)}
74,68;{Book(DummyIndividual),Program(DummyIndividual),FullProfessor(DummyIndividual)}
74,68;{Book(DummyIndividual),Program(DummyIndividual),VisitingProfessor(DummyIndividual)}
74,68;{Book(DummyIndividual),Program(DummyIndividual),AssociateProfessor(DummyIndividual)}
76,33;{Book(DummyIndividual),Dean(DummyIndividual),Organization(DummyIndividual)}
76,33;{Book(DummyIndividual),Dean(DummyIndividual),Department(DummyIndividual)}
76,33;{Book(DummyIndividual),Dean(DummyIndividual),ResearchGroup(DummyIndividual)}
76,64;{Book(DummyIndividual),Professor(DummyIndividual),Organization(DummyIndividual)}
76,64;{Book(DummyIndividual),Professor(DummyIndividual),Department(DummyIndividual)}
76,64;{Book(DummyIndividual),Professor(DummyIndividual),ResearchGroup(DummyIndividual)}
76,74;{Book(DummyIndividual),FullProfessor(DummyIndividual),Organization(DummyIndividual)}
76,74;{Book(DummyIndividual),FullProfessor(DummyIndividual),Department(DummyIndividual)}
76,74;{Book(DummyIndividual),FullProfessor(DummyIndividual),ResearchGroup(DummyIndividual)}
77,26;{Book(DummyIndividual),VisitingProfessor(DummyIndividual),Organization(DummyIndividual)}
77,26;{Book(DummyIndividual),VisitingProfessor(DummyIndividual),ResearchGroup(DummyIndividual)}
77,47;{Book(DummyIndividual),AssociateProfessor(DummyIndividual),Organization(DummyIndividual)}
77,57;{Book(DummyIndividual),AssociateProfessor(DummyIndividual),Department(DummyIndividual)}
77,57;{Book(DummyIndividual),AssociateProfessor(DummyIndividual),ResearchGroup(DummyIndividual)}
78,10;{Manual(DummyIndividual),Organization(DummyIndividual),Chair(DummyIndividual)}
78,10;{Manual(DummyIndividual),Organization(DummyIndividual),Dean(DummyIndividual)}
78,10;{Manual(DummyIndividual),Organization(DummyIndividual),Professor(DummyIndividual)}
78,20;{Manual(DummyIndividual),Organization(DummyIndividual),FullProfessor(DummyIndividual)}
78,20;{Manual(DummyIndividual),Organization(DummyIndividual),VisitingProfessor(DummyIndividual)}
78,30;{Manual(DummyIndividual),Organization(DummyIndividual),AssociateProfessor(DummyIndividual)}
79,20;{Manual(DummyIndividual),College(DummyIndividual),AssistantProfessor(DummyIndividual)}
79,20;{Manual(DummyIndividual),College(DummyIndividual),Chair(DummyIndividual)}
79,20;{Manual(DummyIndividual),College(DummyIndividual),Dean(DummyIndividual)}
79,32;{Manual(DummyIndividual),College(DummyIndividual),Professor(DummyIndividual)}
79,32;{Manual(DummyIndividual),College(DummyIndividual),FullProfessor(DummyIndividual)}
79,32;{Manual(DummyIndividual),College(DummyIndividual),VisitingProfessor(DummyIndividual)}
79,41;{Manual(DummyIndividual),College(DummyIndividual),AssociateProfessor(DummyIndividual)}
79,91;{Manual(DummyIndividual),Chair(DummyIndividual),Program(DummyIndividual)}
79,91;{Manual(DummyIndividual),Chair(DummyIndividual),Department(DummyIndividual)}
79,91;{Manual(DummyIndividual),Chair(DummyIndividual),ResearchGroup(DummyIndividual)}
81,33;{Manual(DummyIndividual),Program(DummyIndividual),AssistantProfessor(DummyIndividual)}
81,33;{Manual(DummyIndividual),Program(DummyIndividual),Dean(DummyIndividual)}
81,43;{Manual(DummyIndividual),Program(DummyIndividual),Professor(DummyIndividual)}
81,43;{Manual(DummyIndividual),Program(DummyIndividual),FullProfessor(DummyIndividual)}
81,43;{Manual(DummyIndividual),Program(DummyIndividual),VisitingProfessor(DummyIndividual)}
81,53;{Manual(DummyIndividual),Program(DummyIndividual),AssociateProfessor(DummyIndividual)}
82,66;{Manual(DummyIndividual),Department(DummyIndividual),AssistantProfessor(DummyIndividual)}
82,66;{Manual(DummyIndividual),Department(DummyIndividual),Dean(DummyIndividual)}
82,76;{Manual(DummyIndividual),Department(DummyIndividual),Professor(DummyIndividual)}
82,76;{Manual(DummyIndividual),Department(DummyIndividual),FullProfessor(DummyIndividual)}
82,76;{Manual(DummyIndividual),Department(DummyIndividual),VisitingProfessor(DummyIndividual)}
82,86;{Manual(DummyIndividual),Department(DummyIndividual),AssociateProfessor(DummyIndividual)}
83,28;{Manual(DummyIndividual),Dean(DummyIndividual),ResearchGroup(DummyIndividual)}
83,58;{Manual(DummyIndividual),FullProfessor(DummyIndividual),ResearchGroup(DummyIndividual)}
83,78;{Manual(DummyIndividual),VisitingProfessor(DummyIndividual),ResearchGroup(DummyIndividual)}
84,08;{Manual(DummyIndividual),AssociateProfessor(DummyIndividual),ResearchGroup(DummyIndividual)}
84,08;{Manual(DummyIndividual),ResearchGroup(DummyIndividual),AssistantProfessor(DummyIndividual)}
84,19;{Manual(DummyIndividual),ResearchGroup(DummyIndividual),Professor(DummyIndividual)}
85,51;{Specification(DummyIndividual),College(DummyIndividual),AssistantProfessor(DummyIndividual)}
85,51;{Specification(DummyIndividual),College(DummyIndividual),Chair(DummyIndividual)}
85,61;{Specification(DummyIndividual),College(DummyIndividual),Dean(DummyIndividual)}
85,61;{Specification(DummyIndividual),College(DummyIndividual),Professor(DummyIndividual)}
85,61;{Specification(DummyIndividual),College(DummyIndividual),FullProfessor(DummyIndividual)}
85,72;{Specification(DummyIndividual),College(DummyIndividual),VisitingProfessor(DummyIndividual)}
85,72;{Specification(DummyIndividual),College(DummyIndividual),AssociateProfessor(DummyIndividual)}
85,72;{Specification(DummyIndividual),AssistantProfessor(DummyIndividual),Organization(DummyIndividual)}
85,82;{Specification(DummyIndividual),AssistantProfessor(DummyIndividual),Program(DummyIndividual)}
85,82;{Specification(DummyIndividual),AssistantProfessor(DummyIndividual),Department(DummyIndividual)}
85,82;{Specification(DummyIndividual),AssistantProfessor(DummyIndividual),ResearchGroup(DummyIndividual)}
86,33;{Specification(DummyIndividual),Chair(DummyIndividual),Organization(DummyIndividual)}
86,33;{Specification(DummyIndividual),Chair(DummyIndividual),Program(DummyIndividual)}
86,43;{Specification(DummyIndividual),Chair(DummyIndividual),Department(DummyIndividual)}
86,43;{Specification(DummyIndividual),Chair(DummyIndividual),ResearchGroup(DummyIndividual)}
87,88;{Specification(DummyIndividual),Program(DummyIndividual),Dean(DummyIndividual)}
87,88;{Specification(DummyIndividual),Program(DummyIndividual),Professor(DummyIndividual)}
87,88;{Specification(DummyIndividual),Program(DummyIndividual),FullProfessor(DummyIndividual)}
88,00;{Specification(DummyIndividual),Program(DummyIndividual),VisitingProfessor(DummyIndividual)}
88,00;{Specification(DummyIndividual),Program(DummyIndividual),AssociateProfessor(DummyIndividual)}
89,86;{Specification(DummyIndividual),Dean(DummyIndividual),Organization(DummyIndividual)}
89,97;{Specification(DummyIndividual),Dean(DummyIndividual),Department(DummyIndividual)}
89,97;{Specification(DummyIndividual),Dean(DummyIndividual),ResearchGroup(DummyIndividual)}
90,28;{Specification(DummyIndividual),Professor(DummyIndividual),Organization(DummyIndividual)}
90,28;{Specification(DummyIndividual),Professor(DummyIndividual),Department(DummyIndividual)}
90,28;{Specification(DummyIndividual),Professor(DummyIndividual),ResearchGroup(DummyIndividual)}
90,39;{Specification(DummyIndividual),FullProfessor(DummyIndividual),Organization(DummyIndividual)}
90,39;{Specification(DummyIndividual),FullProfessor(DummyIndividual),Department(DummyIndividual)}
90,39;{Specification(DummyIndividual),FullProfessor(DummyIndividual),ResearchGroup(DummyIndividual)}
90,68;{Specification(DummyIndividual),VisitingProfessor(DummyIndividual),Organization(DummyIndividual)}
90,68;{Specification(DummyIndividual),VisitingProfessor(DummyIndividual),ResearchGroup(DummyIndividual)}
91,00;{Specification(DummyIndividual),AssociateProfessor(DummyIndividual),Organization(DummyIndividual)}
91,00;{Specification(DummyIndividual),AssociateProfessor(DummyIndividual),Department(DummyIndividual)}
91,00;{Specification(DummyIndividual),AssociateProfessor(DummyIndividual),ResearchGroup(DummyIndividual)}
91,61;{Software(DummyIndividual),Organization(DummyIndividual),AssistantProfessor(DummyIndividual)}
91,61;{Software(DummyIndividual),Organization(DummyIndividual),Chair(DummyIndividual)}
91,61;{Software(DummyIndividual),Organization(DummyIndividual),Dean(DummyIndividual)}
91,71;{Software(DummyIndividual),Organization(DummyIndividual),Professor(DummyIndividual)}
91,71;{Software(DummyIndividual),Organization(DummyIndividual),FullProfessor(DummyIndividual)}
91,71;{Software(DummyIndividual),Organization(DummyIndividual),VisitingProfessor(DummyIndividual)}
91,82;{Software(DummyIndividual),Organization(DummyIndividual),AssociateProfessor(DummyIndividual)}
92,54;{Software(DummyIndividual),College(DummyIndividual),AssistantProfessor(DummyIndividual)}
92,54;{Software(DummyIndividual),College(DummyIndividual),Chair(DummyIndividual)}
92,65;{Software(DummyIndividual),College(DummyIndividual),Dean(DummyIndividual)}
92,65;{Software(DummyIndividual),College(DummyIndividual),Professor(DummyIndividual)}
92,65;{Software(DummyIndividual),College(DummyIndividual),FullProfessor(DummyIndividual)}
92,65;{Software(DummyIndividual),College(DummyIndividual),VisitingProfessor(DummyIndividual)}
92,75;{Software(DummyIndividual),College(DummyIndividual),AssociateProfessor(DummyIndividual)}
92,75;{Software(DummyIndividual),AssistantProfessor(DummyIndividual),Program(DummyIndividual)}
92,75;{Software(DummyIndividual),AssistantProfessor(DummyIndividual),Department(DummyIndividual)}
92,86;{Software(DummyIndividual),AssistantProfessor(DummyIndividual),ResearchGroup(DummyIndividual)}
93,39;{Software(DummyIndividual),Chair(DummyIndividual),Program(DummyIndividual)}
93,39;{Software(DummyIndividual),Chair(DummyIndividual),Department(DummyIndividual)}
93,49;{Software(DummyIndividual),Chair(DummyIndividual),ResearchGroup(DummyIndividual)}
94,71;{Software(DummyIndividual),Program(DummyIndividual),Dean(DummyIndividual)}
94,71;{Software(DummyIndividual),Program(DummyIndividual),Professor(DummyIndividual)}
94,71;{Software(DummyIndividual),Program(DummyIndividual),FullProfessor(DummyIndividual)}
94,81;{Software(DummyIndividual),Program(DummyIndividual),VisitingProfessor(DummyIndividual)}
94,81;{Software(DummyIndividual),Program(DummyIndividual),AssociateProfessor(DummyIndividual)}
96,07;{Software(DummyIndividual),Department(DummyIndividual),Professor(DummyIndividual)}
96,07;{Software(DummyIndividual),Department(DummyIndividual),FullProfessor(DummyIndividual)}
96,18;{Software(DummyIndividual),Department(DummyIndividual),VisitingProfessor(DummyIndividual)}
96,18;{Software(DummyIndividual),Department(DummyIndividual),AssociateProfessor(DummyIndividual)}
96,97;{Software(DummyIndividual),FullProfessor(DummyIndividual),ResearchGroup(DummyIndividual)}
97,49;{Software(DummyIndividual),VisitingProfessor(DummyIndividual),ResearchGroup(DummyIndividual)}
97,49;{Software(DummyIndividual),AssociateProfessor(DummyIndividual),ResearchGroup(DummyIndividual)}
97,49;{Software(DummyIndividual),ResearchGroup(DummyIndividual),Dean(DummyIndividual)}
97,60;{Software(DummyIndividual),ResearchGroup(DummyIndividual),Professor(DummyIndividual)}
