1,10;{Chair(DummyIndividual),Publication(DummyIndividual),Institute(DummyIndividual)}
1,49;{Chair(DummyIndividual),Publication(DummyIndividual),ResearchGroup(DummyIndividual)}
1,95;{UnofficialPublication(DummyIndividual),Program(DummyIndividual),Professor(DummyIndividual)}
2,34;{FullProfessor(DummyIndividual),University(DummyIndividual),Software(DummyIndividual)}
2,53;{Organization(DummyIndividual),VisitingProfessor(DummyIndividual),Software(DummyIndividual)}
2,89;{Dean(DummyIndividual),Department(DummyIndividual),Book(DummyIndividual)}
3,19;{Dean(DummyIndividual),Department(DummyIndividual),UnofficialPublication(DummyIndividual)}
3,55;{Organization(DummyIndividual),VisitingProfessor(DummyIndividual),TechnicalReport(DummyIndividual)}
3,98;{Organization(DummyIndividual),VisitingProfessor(DummyIndividual),Article(DummyIndividual)}
4,39;{Organization(DummyIndividual),VisitingProfessor(DummyIndividual),JournalArticle(DummyIndividual)}
4,78;{Organization(DummyIndividual),VisitingProfessor(DummyIndividual),Specification(DummyIndividual)}
5,16;{Organization(DummyIndividual),VisitingProfessor(DummyIndividual),ConferencePaper(DummyIndividual)}
5,55;{Organization(DummyIndividual),VisitingProfessor(DummyIndividual),Publication(DummyIndividual)}
5,94;{Organization(DummyIndividual),VisitingProfessor(DummyIndividual),Manual(DummyIndividual)}
10,10;{Chair(DummyIndividual),ConferencePaper(DummyIndividual),College(DummyIndividual)}
10,41;{AssistantProfessor(DummyIndividual),ConferencePaper(DummyIndividual),College(DummyIndividual)}
10,50;{AssociateProfessor(DummyIndividual),ConferencePaper(DummyIndividual),College(DummyIndividual)}
10,71;{VisitingProfessor(DummyIndividual),ConferencePaper(DummyIndividual),College(DummyIndividual)}
10,83;{FullProfessor(DummyIndividual),ConferencePaper(DummyIndividual),College(DummyIndividual)}
10,93;{Dean(DummyIndividual),ConferencePaper(DummyIndividual),College(DummyIndividual)}
11,16;{Professor(DummyIndividual),ConferencePaper(DummyIndividual),College(DummyIndividual)}
11,74;{ResearchGroup(DummyIndividual),ConferencePaper(DummyIndividual),Dean(DummyIndividual)}
11,93;{University(DummyIndividual),ConferencePaper(DummyIndividual),Dean(DummyIndividual)}
11,93;{Program(DummyIndividual),ConferencePaper(DummyIndividual),Dean(DummyIndividual)}
12,04;{Department(DummyIndividual),ConferencePaper(DummyIndividual),Dean(DummyIndividual)}
12,26;{Institute(DummyIndividual),ConferencePaper(DummyIndividual),Dean(DummyIndividual)}
12,46;{Organization(DummyIndividual),ConferencePaper(DummyIndividual),Dean(DummyIndividual)}
14,11;{ConferencePaper(DummyIndividual),Institute(DummyIndividual),AssistantProfessor(DummyIndividual)}
14,22;{Manual(DummyIndividual),Institute(DummyIndividual),AssistantProfessor(DummyIndividual)}
14,32;{JournalArticle(DummyIndividual),Institute(DummyIndividual),AssistantProfessor(DummyIndividual)}
14,32;{Publication(DummyIndividual),Institute(DummyIndividual),AssistantProfessor(DummyIndividual)}
14,53;{Specification(DummyIndividual),Institute(DummyIndividual),AssistantProfessor(DummyIndividual)}
14,74;{Article(DummyIndividual),Institute(DummyIndividual),AssistantProfessor(DummyIndividual)}
14,74;{Software(DummyIndividual),Institute(DummyIndividual),AssistantProfessor(DummyIndividual)}
14,84;{UnofficialPublication(DummyIndividual),Institute(DummyIndividual),AssistantProfessor(DummyIndividual)}
14,94;{Book(DummyIndividual),Institute(DummyIndividual),AssistantProfessor(DummyIndividual)}
15,16;{TechnicalReport(DummyIndividual),Institute(DummyIndividual),AssistantProfessor(DummyIndividual)}
20,60;{Article(DummyIndividual),Organization(DummyIndividual),AssistantProfessor(DummyIndividual)}
20,60;{Article(DummyIndividual),Organization(DummyIndividual),Chair(DummyIndividual)}
20,94;{Article(DummyIndividual),Organization(DummyIndividual),Dean(DummyIndividual)}
20,94;{Article(DummyIndividual),Organization(DummyIndividual),Professor(DummyIndividual)}
20,94;{Article(DummyIndividual),Organization(DummyIndividual),FullProfessor(DummyIndividual)}
21,05;{Article(DummyIndividual),Organization(DummyIndividual),AssociateProfessor(DummyIndividual)}
21,48;{Article(DummyIndividual),College(DummyIndividual),AssistantProfessor(DummyIndividual)}
21,58;{Article(DummyIndividual),College(DummyIndividual),Chair(DummyIndividual)}
21,89;{Article(DummyIndividual),College(DummyIndividual),Dean(DummyIndividual)}
21,89;{Article(DummyIndividual),College(DummyIndividual),Professor(DummyIndividual)}
21,89;{Article(DummyIndividual),College(DummyIndividual),FullProfessor(DummyIndividual)}
21,99;{Article(DummyIndividual),College(DummyIndividual),VisitingProfessor(DummyIndividual)}
21,99;{Article(DummyIndividual),College(DummyIndividual),AssociateProfessor(DummyIndividual)}
22,10;{Article(DummyIndividual),AssistantProfessor(DummyIndividual),Program(DummyIndividual)}
22,21;{Article(DummyIndividual),AssistantProfessor(DummyIndividual),University(DummyIndividual)}
22,21;{Article(DummyIndividual),AssistantProfessor(DummyIndividual),Department(DummyIndividual)}
22,44;{Article(DummyIndividual),AssistantProfessor(DummyIndividual),ResearchGroup(DummyIndividual)}
22,85;{Article(DummyIndividual),Chair(DummyIndividual),Program(DummyIndividual)}
22,85;{Article(DummyIndividual),Chair(DummyIndividual),Institute(DummyIndividual)}
22,97;{Article(DummyIndividual),Chair(DummyIndividual),University(DummyIndividual)}
22,97;{Article(DummyIndividual),Chair(DummyIndividual),Department(DummyIndividual)}
23,13;{Article(DummyIndividual),Chair(DummyIndividual),ResearchGroup(DummyIndividual)}
24,31;{Article(DummyIndividual),Program(DummyIndividual),Dean(DummyIndividual)}
24,40;{Article(DummyIndividual),Program(DummyIndividual),Professor(DummyIndividual)}
24,40;{Article(DummyIndividual),Program(DummyIndividual),FullProfessor(DummyIndividual)}
24,40;{Article(DummyIndividual),Program(DummyIndividual),VisitingProfessor(DummyIndividual)}
24,40;{Article(DummyIndividual),Program(DummyIndividual),AssociateProfessor(DummyIndividual)}
24,91;{Article(DummyIndividual),Institute(DummyIndividual),Dean(DummyIndividual)}
24,91;{Article(DummyIndividual),Institute(DummyIndividual),Professor(DummyIndividual)}
25,00;{Article(DummyIndividual),Institute(DummyIndividual),FullProfessor(DummyIndividual)}
25,00;{Article(DummyIndividual),Institute(DummyIndividual),VisitingProfessor(DummyIndividual)}
25,10;{Article(DummyIndividual),Institute(DummyIndividual),AssociateProfessor(DummyIndividual)}
26,02;{Article(DummyIndividual),University(DummyIndividual),Dean(DummyIndividual)}
26,12;{Article(DummyIndividual),University(DummyIndividual),Professor(DummyIndividual)}
26,12;{Article(DummyIndividual),University(DummyIndividual),FullProfessor(DummyIndividual)}
26,12;{Article(DummyIndividual),University(DummyIndividual),VisitingProfessor(DummyIndividual)}
26,23;{Article(DummyIndividual),University(DummyIndividual),AssociateProfessor(DummyIndividual)}
26,99;{Article(DummyIndividual),Department(DummyIndividual),Dean(DummyIndividual)}
26,99;{Article(DummyIndividual),Department(DummyIndividual),Professor(DummyIndividual)}
27,07;{Article(DummyIndividual),Department(DummyIndividual),FullProfessor(DummyIndividual)}
27,07;{Article(DummyIndividual),Department(DummyIndividual),VisitingProfessor(DummyIndividual)}
27,07;{Article(DummyIndividual),Department(DummyIndividual),AssociateProfessor(DummyIndividual)}
28,40;{Article(DummyIndividual),Dean(DummyIndividual),ResearchGroup(DummyIndividual)}
29,23;{Article(DummyIndividual),FullProfessor(DummyIndividual),ResearchGroup(DummyIndividual)}
30,41;{Article(DummyIndividual),AssociateProfessor(DummyIndividual),ResearchGroup(DummyIndividual)}
31,08;{Article(DummyIndividual),ResearchGroup(DummyIndividual),Professor(DummyIndividual)}
31,19;{Article(DummyIndividual),ResearchGroup(DummyIndividual),VisitingProfessor(DummyIndividual)}
31,50;{ConferencePaper(DummyIndividual),Organization(DummyIndividual),AssistantProfessor(DummyIndividual)}
31,50;{ConferencePaper(DummyIndividual),Organization(DummyIndividual),Chair(DummyIndividual)}
31,59;{ConferencePaper(DummyIndividual),Organization(DummyIndividual),Professor(DummyIndividual)}
31,59;{ConferencePaper(DummyIndividual),Organization(DummyIndividual),FullProfessor(DummyIndividual)}
31,59;{ConferencePaper(DummyIndividual),Organization(DummyIndividual),AssociateProfessor(DummyIndividual)}
32,33;{ConferencePaper(DummyIndividual),AssistantProfessor(DummyIndividual),Program(DummyIndividual)}
32,44;{ConferencePaper(DummyIndividual),AssistantProfessor(DummyIndividual),University(DummyIndividual)}
32,55;{ConferencePaper(DummyIndividual),AssistantProfessor(DummyIndividual),Department(DummyIndividual)}
32,75;{ConferencePaper(DummyIndividual),AssistantProfessor(DummyIndividual),ResearchGroup(DummyIndividual)}
33,15;{ConferencePaper(DummyIndividual),Chair(DummyIndividual),Program(DummyIndividual)}
33,15;{ConferencePaper(DummyIndividual),Chair(DummyIndividual),Institute(DummyIndividual)}
33,26;{ConferencePaper(DummyIndividual),Chair(DummyIndividual),University(DummyIndividual)}
33,36;{ConferencePaper(DummyIndividual),Chair(DummyIndividual),Department(DummyIndividual)}
33,58;{ConferencePaper(DummyIndividual),Chair(DummyIndividual),ResearchGroup(DummyIndividual)}
34,57;{ConferencePaper(DummyIndividual),Program(DummyIndividual),Professor(DummyIndividual)}
34,57;{ConferencePaper(DummyIndividual),Program(DummyIndividual),FullProfessor(DummyIndividual)}
34,57;{ConferencePaper(DummyIndividual),Program(DummyIndividual),VisitingProfessor(DummyIndividual)}
34,67;{ConferencePaper(DummyIndividual),Program(DummyIndividual),AssociateProfessor(DummyIndividual)}
34,67;{ConferencePaper(DummyIndividual),Institute(DummyIndividual),Professor(DummyIndividual)}
34,67;{ConferencePaper(DummyIndividual),Institute(DummyIndividual),FullProfessor(DummyIndividual)}
34,67;{ConferencePaper(DummyIndividual),Institute(DummyIndividual),VisitingProfessor(DummyIndividual)}
34,78;{ConferencePaper(DummyIndividual),Institute(DummyIndividual),AssociateProfessor(DummyIndividual)}
35,10;{ConferencePaper(DummyIndividual),University(DummyIndividual),Professor(DummyIndividual)}
35,10;{ConferencePaper(DummyIndividual),University(DummyIndividual),FullProfessor(DummyIndividual)}
35,10;{ConferencePaper(DummyIndividual),University(DummyIndividual),VisitingProfessor(DummyIndividual)}
35,19;{ConferencePaper(DummyIndividual),University(DummyIndividual),AssociateProfessor(DummyIndividual)}
35,70;{ConferencePaper(DummyIndividual),Department(DummyIndividual),Professor(DummyIndividual)}
35,70;{ConferencePaper(DummyIndividual),Department(DummyIndividual),FullProfessor(DummyIndividual)}
35,70;{ConferencePaper(DummyIndividual),Department(DummyIndividual),VisitingProfessor(DummyIndividual)}
35,79;{ConferencePaper(DummyIndividual),Department(DummyIndividual),AssociateProfessor(DummyIndividual)}
36,26;{ConferencePaper(DummyIndividual),FullProfessor(DummyIndividual),ResearchGroup(DummyIndividual)}
36,78;{ConferencePaper(DummyIndividual),AssociateProfessor(DummyIndividual),ResearchGroup(DummyIndividual)}
36,78;{ConferencePaper(DummyIndividual),ResearchGroup(DummyIndividual),Professor(DummyIndividual)}
36,78;{ConferencePaper(DummyIndividual),ResearchGroup(DummyIndividual),VisitingProfessor(DummyIndividual)}
37,39;{UnofficialPublication(DummyIndividual),College(DummyIndividual),AssistantProfessor(DummyIndividual)}
37,39;{UnofficialPublication(DummyIndividual),College(DummyIndividual),Chair(DummyIndividual)}
37,39;{UnofficialPublication(DummyIndividual),College(DummyIndividual),Dean(DummyIndividual)}
37,39;{UnofficialPublication(DummyIndividual),College(DummyIndividual),Professor(DummyIndividual)}
37,39;{UnofficialPublication(DummyIndividual),College(DummyIndividual),FullProfessor(DummyIndividual)}
37,50;{UnofficialPublication(DummyIndividual),College(DummyIndividual),VisitingProfessor(DummyIndividual)}
37,50;{UnofficialPublication(DummyIndividual),College(DummyIndividual),AssociateProfessor(DummyIndividual)}
37,50;{UnofficialPublication(DummyIndividual),AssistantProfessor(DummyIndividual),Organization(DummyIndividual)}
37,50;{UnofficialPublication(DummyIndividual),AssistantProfessor(DummyIndividual),Program(DummyIndividual)}
37,60;{UnofficialPublication(DummyIndividual),AssistantProfessor(DummyIndividual),University(DummyIndividual)}
37,60;{UnofficialPublication(DummyIndividual),AssistantProfessor(DummyIndividual),Department(DummyIndividual)}
37,60;{UnofficialPublication(DummyIndividual),AssistantProfessor(DummyIndividual),ResearchGroup(DummyIndividual)}
37,99;{UnofficialPublication(DummyIndividual),Chair(DummyIndividual),Organization(DummyIndividual)}
37,99;{UnofficialPublication(DummyIndividual),Chair(DummyIndividual),Program(DummyIndividual)}
37,99;{UnofficialPublication(DummyIndividual),Chair(DummyIndividual),Institute(DummyIndividual)}
37,99;{UnofficialPublication(DummyIndividual),Chair(DummyIndividual),University(DummyIndividual)}
38,10;{UnofficialPublication(DummyIndividual),Chair(DummyIndividual),Department(DummyIndividual)}
38,10;{UnofficialPublication(DummyIndividual),Chair(DummyIndividual),ResearchGroup(DummyIndividual)}
38,90;{UnofficialPublication(DummyIndividual),Program(DummyIndividual),Dean(DummyIndividual)}
39,02;{UnofficialPublication(DummyIndividual),Program(DummyIndividual),FullProfessor(DummyIndividual)}
39,02;{UnofficialPublication(DummyIndividual),Program(DummyIndividual),VisitingProfessor(DummyIndividual)}
39,02;{UnofficialPublication(DummyIndividual),Program(DummyIndividual),AssociateProfessor(DummyIndividual)}
39,02;{UnofficialPublication(DummyIndividual),Institute(DummyIndividual),Dean(DummyIndividual)}
39,02;{UnofficialPublication(DummyIndividual),Institute(DummyIndividual),Professor(DummyIndividual)}
39,12;{UnofficialPublication(DummyIndividual),Institute(DummyIndividual),FullProfessor(DummyIndividual)}
39,12;{UnofficialPublication(DummyIndividual),Institute(DummyIndividual),VisitingProfessor(DummyIndividual)}
39,12;{UnofficialPublication(DummyIndividual),Institute(DummyIndividual),AssociateProfessor(DummyIndividual)}
39,72;{UnofficialPublication(DummyIndividual),University(DummyIndividual),Dean(DummyIndividual)}
39,72;{UnofficialPublication(DummyIndividual),University(DummyIndividual),Professor(DummyIndividual)}
39,72;{UnofficialPublication(DummyIndividual),University(DummyIndividual),FullProfessor(DummyIndividual)}
39,72;{UnofficialPublication(DummyIndividual),University(DummyIndividual),VisitingProfessor(DummyIndividual)}
39,82;{UnofficialPublication(DummyIndividual),University(DummyIndividual),AssociateProfessor(DummyIndividual)}
40,74;{UnofficialPublication(DummyIndividual),Dean(DummyIndividual),Organization(DummyIndividual)}
40,74;{UnofficialPublication(DummyIndividual),Dean(DummyIndividual),ResearchGroup(DummyIndividual)}
40,93;{UnofficialPublication(DummyIndividual),Professor(DummyIndividual),Organization(DummyIndividual)}
40,93;{UnofficialPublication(DummyIndividual),Professor(DummyIndividual),Department(DummyIndividual)}
40,93;{UnofficialPublication(DummyIndividual),Professor(DummyIndividual),ResearchGroup(DummyIndividual)}
41,03;{UnofficialPublication(DummyIndividual),FullProfessor(DummyIndividual),Organization(DummyIndividual)}
41,03;{UnofficialPublication(DummyIndividual),FullProfessor(DummyIndividual),Department(DummyIndividual)}
41,03;{UnofficialPublication(DummyIndividual),FullProfessor(DummyIndividual),ResearchGroup(DummyIndividual)}
41,44;{UnofficialPublication(DummyIndividual),VisitingProfessor(DummyIndividual),Organization(DummyIndividual)}
41,44;{UnofficialPublication(DummyIndividual),VisitingProfessor(DummyIndividual),Department(DummyIndividual)}
41,44;{UnofficialPublication(DummyIndividual),VisitingProfessor(DummyIndividual),ResearchGroup(DummyIndividual)}
41,65;{UnofficialPublication(DummyIndividual),AssociateProfessor(DummyIndividual),Organization(DummyIndividual)}
41,76;{UnofficialPublication(DummyIndividual),AssociateProfessor(DummyIndividual),Department(DummyIndividual)}
41,76;{UnofficialPublication(DummyIndividual),AssociateProfessor(DummyIndividual),ResearchGroup(DummyIndividual)}
41,95;{TechnicalReport(DummyIndividual),Organization(DummyIndividual),AssistantProfessor(DummyIndividual)}
41,95;{TechnicalReport(DummyIndividual),Organization(DummyIndividual),Chair(DummyIndividual)}
42,05;{TechnicalReport(DummyIndividual),Organization(DummyIndividual),Dean(DummyIndividual)}
42,05;{TechnicalReport(DummyIndividual),Organization(DummyIndividual),Professor(DummyIndividual)}
42,05;{TechnicalReport(DummyIndividual),Organization(DummyIndividual),FullProfessor(DummyIndividual)}
42,05;{TechnicalReport(DummyIndividual),Organization(DummyIndividual),AssociateProfessor(DummyIndividual)}
42,67;{TechnicalReport(DummyIndividual),College(DummyIndividual),AssistantProfessor(DummyIndividual)}
42,67;{TechnicalReport(DummyIndividual),College(DummyIndividual),Chair(DummyIndividual)}
42,67;{TechnicalReport(DummyIndividual),College(DummyIndividual),Dean(DummyIndividual)}
42,67;{TechnicalReport(DummyIndividual),College(DummyIndividual),Professor(DummyIndividual)}
42,78;{TechnicalReport(DummyIndividual),College(DummyIndividual),FullProfessor(DummyIndividual)}
42,78;{TechnicalReport(DummyIndividual),College(DummyIndividual),VisitingProfessor(DummyIndividual)}
42,78;{TechnicalReport(DummyIndividual),College(DummyIndividual),AssociateProfessor(DummyIndividual)}
42,78;{TechnicalReport(DummyIndividual),AssistantProfessor(DummyIndividual),Program(DummyIndividual)}
42,89;{TechnicalReport(DummyIndividual),AssistantProfessor(DummyIndividual),University(DummyIndividual)}
42,89;{TechnicalReport(DummyIndividual),AssistantProfessor(DummyIndividual),Department(DummyIndividual)}
42,89;{TechnicalReport(DummyIndividual),AssistantProfessor(DummyIndividual),ResearchGroup(DummyIndividual)}
43,10;{TechnicalReport(DummyIndividual),Chair(DummyIndividual),Program(DummyIndividual)}
43,10;{TechnicalReport(DummyIndividual),Chair(DummyIndividual),Institute(DummyIndividual)}
43,21;{TechnicalReport(DummyIndividual),Chair(DummyIndividual),University(DummyIndividual)}
43,21;{TechnicalReport(DummyIndividual),Chair(DummyIndividual),Department(DummyIndividual)}
43,21;{TechnicalReport(DummyIndividual),Chair(DummyIndividual),ResearchGroup(DummyIndividual)}
44,31;{TechnicalReport(DummyIndividual),Program(DummyIndividual),Dean(DummyIndividual)}
44,41;{TechnicalReport(DummyIndividual),Program(DummyIndividual),Professor(DummyIndividual)}
44,41;{TechnicalReport(DummyIndividual),Program(DummyIndividual),FullProfessor(DummyIndividual)}
44,41;{TechnicalReport(DummyIndividual),Program(DummyIndividual),VisitingProfessor(DummyIndividual)}
44,41;{TechnicalReport(DummyIndividual),Program(DummyIndividual),AssociateProfessor(DummyIndividual)}
44,51;{TechnicalReport(DummyIndividual),Institute(DummyIndividual),Dean(DummyIndividual)}
44,51;{TechnicalReport(DummyIndividual),Institute(DummyIndividual),Professor(DummyIndividual)}
44,51;{TechnicalReport(DummyIndividual),Institute(DummyIndividual),FullProfessor(DummyIndividual)}
44,51;{TechnicalReport(DummyIndividual),Institute(DummyIndividual),VisitingProfessor(DummyIndividual)}
44,63;{TechnicalReport(DummyIndividual),Institute(DummyIndividual),AssociateProfessor(DummyIndividual)}
45,03;{TechnicalReport(DummyIndividual),University(DummyIndividual),Dean(DummyIndividual)}
45,03;{TechnicalReport(DummyIndividual),University(DummyIndividual),Professor(DummyIndividual)}
45,03;{TechnicalReport(DummyIndividual),University(DummyIndividual),FullProfessor(DummyIndividual)}
45,03;{TechnicalReport(DummyIndividual),University(DummyIndividual),VisitingProfessor(DummyIndividual)}
45,14;{TechnicalReport(DummyIndividual),University(DummyIndividual),AssociateProfessor(DummyIndividual)}
45,65;{TechnicalReport(DummyIndividual),Department(DummyIndividual),Dean(DummyIndividual)}
45,76;{TechnicalReport(DummyIndividual),Department(DummyIndividual),Professor(DummyIndividual)}
45,76;{TechnicalReport(DummyIndividual),Department(DummyIndividual),FullProfessor(DummyIndividual)}
45,76;{TechnicalReport(DummyIndividual),Department(DummyIndividual),VisitingProfessor(DummyIndividual)}
45,84;{TechnicalReport(DummyIndividual),Department(DummyIndividual),AssociateProfessor(DummyIndividual)}
46,21;{TechnicalReport(DummyIndividual),Dean(DummyIndividual),ResearchGroup(DummyIndividual)}
46,41;{TechnicalReport(DummyIndividual),FullProfessor(DummyIndividual),ResearchGroup(DummyIndividual)}
47,12;{TechnicalReport(DummyIndividual),AssociateProfessor(DummyIndividual),ResearchGroup(DummyIndividual)}
47,12;{TechnicalReport(DummyIndividual),ResearchGroup(DummyIndividual),Professor(DummyIndividual)}
47,23;{TechnicalReport(DummyIndividual),ResearchGroup(DummyIndividual),VisitingProfessor(DummyIndividual)}
48,62;{Institute(DummyIndividual),Chair(DummyIndividual),JournalArticle(DummyIndividual)}
48,62;{Institute(DummyIndividual),Chair(DummyIndividual),Book(DummyIndividual)}
48,72;{Institute(DummyIndividual),Chair(DummyIndividual),Manual(DummyIndividual)}
48,72;{Institute(DummyIndividual),Chair(DummyIndividual),Specification(DummyIndividual)}
48,72;{Institute(DummyIndividual),Chair(DummyIndividual),Software(DummyIndividual)}
50,95;{Institute(DummyIndividual),JournalArticle(DummyIndividual),Dean(DummyIndividual)}
50,95;{Institute(DummyIndividual),JournalArticle(DummyIndividual),Professor(DummyIndividual)}
51,05;{Institute(DummyIndividual),JournalArticle(DummyIndividual),FullProfessor(DummyIndividual)}
51,05;{Institute(DummyIndividual),JournalArticle(DummyIndividual),VisitingProfessor(DummyIndividual)}
51,05;{Institute(DummyIndividual),JournalArticle(DummyIndividual),AssociateProfessor(DummyIndividual)}
52,47;{Institute(DummyIndividual),Book(DummyIndividual),Dean(DummyIndividual)}
52,47;{Institute(DummyIndividual),Book(DummyIndividual),Professor(DummyIndividual)}
52,47;{Institute(DummyIndividual),Book(DummyIndividual),FullProfessor(DummyIndividual)}
52,47;{Institute(DummyIndividual),Book(DummyIndividual),VisitingProfessor(DummyIndividual)}
52,58;{Institute(DummyIndividual),Book(DummyIndividual),AssociateProfessor(DummyIndividual)}
52,89;{Institute(DummyIndividual),Dean(DummyIndividual),Publication(DummyIndividual)}
52,89;{Institute(DummyIndividual),Dean(DummyIndividual),Manual(DummyIndividual)}
52,89;{Institute(DummyIndividual),Dean(DummyIndividual),Specification(DummyIndividual)}
52,89;{Institute(DummyIndividual),Dean(DummyIndividual),Software(DummyIndividual)}
53,19;{Institute(DummyIndividual),Professor(DummyIndividual),Publication(DummyIndividual)}
53,19;{Institute(DummyIndividual),Professor(DummyIndividual),Manual(DummyIndividual)}
53,31;{Institute(DummyIndividual),Professor(DummyIndividual),Specification(DummyIndividual)}
53,31;{Institute(DummyIndividual),Professor(DummyIndividual),Software(DummyIndividual)}
53,31;{Institute(DummyIndividual),FullProfessor(DummyIndividual),Publication(DummyIndividual)}
53,38;{Institute(DummyIndividual),FullProfessor(DummyIndividual),Manual(DummyIndividual)}
53,38;{Institute(DummyIndividual),FullProfessor(DummyIndividual),Specification(DummyIndividual)}
53,38;{Institute(DummyIndividual),FullProfessor(DummyIndividual),Software(DummyIndividual)}
53,38;{Institute(DummyIndividual),Manual(DummyIndividual),VisitingProfessor(DummyIndividual)}
53,38;{Institute(DummyIndividual),Manual(DummyIndividual),AssociateProfessor(DummyIndividual)}
53,49;{Institute(DummyIndividual),Specification(DummyIndividual),VisitingProfessor(DummyIndividual)}
53,49;{Institute(DummyIndividual),Specification(DummyIndividual),AssociateProfessor(DummyIndividual)}
53,49;{Institute(DummyIndividual),VisitingProfessor(DummyIndividual),Publication(DummyIndividual)}
53,49;{Institute(DummyIndividual),VisitingProfessor(DummyIndividual),Software(DummyIndividual)}
53,59;{Institute(DummyIndividual),Software(DummyIndividual),AssociateProfessor(DummyIndividual)}
53,59;{Institute(DummyIndividual),AssociateProfessor(DummyIndividual),Publication(DummyIndividual)}
54,12;{JournalArticle(DummyIndividual),Organization(DummyIndividual),AssistantProfessor(DummyIndividual)}
54,12;{JournalArticle(DummyIndividual),Organization(DummyIndividual),Chair(DummyIndividual)}
54,12;{JournalArticle(DummyIndividual),Organization(DummyIndividual),Dean(DummyIndividual)}
54,21;{JournalArticle(DummyIndividual),Organization(DummyIndividual),Professor(DummyIndividual)}
54,21;{JournalArticle(DummyIndividual),Organization(DummyIndividual),FullProfessor(DummyIndividual)}
54,21;{JournalArticle(DummyIndividual),Organization(DummyIndividual),AssociateProfessor(DummyIndividual)}
54,93;{JournalArticle(DummyIndividual),College(DummyIndividual),AssistantProfessor(DummyIndividual)}
54,93;{JournalArticle(DummyIndividual),College(DummyIndividual),Chair(DummyIndividual)}
54,93;{JournalArticle(DummyIndividual),College(DummyIndividual),Dean(DummyIndividual)}
54,93;{JournalArticle(DummyIndividual),College(DummyIndividual),Professor(DummyIndividual)}
55,04;{JournalArticle(DummyIndividual),College(DummyIndividual),FullProfessor(DummyIndividual)}
55,04;{JournalArticle(DummyIndividual),College(DummyIndividual),VisitingProfessor(DummyIndividual)}
55,04;{JournalArticle(DummyIndividual),College(DummyIndividual),AssociateProfessor(DummyIndividual)}
55,14;{JournalArticle(DummyIndividual),AssistantProfessor(DummyIndividual),Program(DummyIndividual)}
55,14;{JournalArticle(DummyIndividual),AssistantProfessor(DummyIndividual),University(DummyIndividual)}
55,14;{JournalArticle(DummyIndividual),AssistantProfessor(DummyIndividual),Department(DummyIndividual)}
55,23;{JournalArticle(DummyIndividual),AssistantProfessor(DummyIndividual),ResearchGroup(DummyIndividual)}
55,77;{JournalArticle(DummyIndividual),Chair(DummyIndividual),Program(DummyIndividual)}
55,87;{JournalArticle(DummyIndividual),Chair(DummyIndividual),University(DummyIndividual)}
55,87;{JournalArticle(DummyIndividual),Chair(DummyIndividual),Department(DummyIndividual)}
55,87;{JournalArticle(DummyIndividual),Chair(DummyIndividual),ResearchGroup(DummyIndividual)}
57,35;{JournalArticle(DummyIndividual),Program(DummyIndividual),Dean(DummyIndividual)}
57,46;{JournalArticle(DummyIndividual),Program(DummyIndividual),Professor(DummyIndividual)}
57,46;{JournalArticle(DummyIndividual),Program(DummyIndividual),FullProfessor(DummyIndividual)}
57,46;{JournalArticle(DummyIndividual),Program(DummyIndividual),VisitingProfessor(DummyIndividual)}
57,56;{JournalArticle(DummyIndividual),Program(DummyIndividual),AssociateProfessor(DummyIndividual)}
57,92;{JournalArticle(DummyIndividual),University(DummyIndividual),Dean(DummyIndividual)}
57,92;{JournalArticle(DummyIndividual),University(DummyIndividual),Professor(DummyIndividual)}
58,03;{JournalArticle(DummyIndividual),University(DummyIndividual),FullProfessor(DummyIndividual)}
58,03;{JournalArticle(DummyIndividual),University(DummyIndividual),VisitingProfessor(DummyIndividual)}
58,03;{JournalArticle(DummyIndividual),University(DummyIndividual),AssociateProfessor(DummyIndividual)}
58,86;{JournalArticle(DummyIndividual),Department(DummyIndividual),Dean(DummyIndividual)}
58,96;{JournalArticle(DummyIndividual),Department(DummyIndividual),Professor(DummyIndividual)}
58,96;{JournalArticle(DummyIndividual),Department(DummyIndividual),FullProfessor(DummyIndividual)}
58,96;{JournalArticle(DummyIndividual),Department(DummyIndividual),VisitingProfessor(DummyIndividual)}
59,05;{JournalArticle(DummyIndividual),Department(DummyIndividual),AssociateProfessor(DummyIndividual)}
59,61;{JournalArticle(DummyIndividual),Dean(DummyIndividual),ResearchGroup(DummyIndividual)}
59,88;{JournalArticle(DummyIndividual),FullProfessor(DummyIndividual),ResearchGroup(DummyIndividual)}
60,87;{JournalArticle(DummyIndividual),AssociateProfessor(DummyIndividual),ResearchGroup(DummyIndividual)}
60,87;{JournalArticle(DummyIndividual),ResearchGroup(DummyIndividual),Professor(DummyIndividual)}
60,95;{JournalArticle(DummyIndividual),ResearchGroup(DummyIndividual),VisitingProfessor(DummyIndividual)}
62,25;{University(DummyIndividual),AssistantProfessor(DummyIndividual),Publication(DummyIndividual)}
62,35;{University(DummyIndividual),AssistantProfessor(DummyIndividual),Book(DummyIndividual)}
62,35;{University(DummyIndividual),AssistantProfessor(DummyIndividual),Manual(DummyIndividual)}
62,35;{University(DummyIndividual),AssistantProfessor(DummyIndividual),Specification(DummyIndividual)}
62,35;{University(DummyIndividual),AssistantProfessor(DummyIndividual),Software(DummyIndividual)}
62,65;{University(DummyIndividual),Chair(DummyIndividual),Publication(DummyIndividual)}
62,75;{University(DummyIndividual),Chair(DummyIndividual),Book(DummyIndividual)}
62,75;{University(DummyIndividual),Chair(DummyIndividual),Manual(DummyIndividual)}
62,75;{University(DummyIndividual),Chair(DummyIndividual),Specification(DummyIndividual)}
62,75;{University(DummyIndividual),Chair(DummyIndividual),Software(DummyIndividual)}
66,57;{University(DummyIndividual),Publication(DummyIndividual),Dean(DummyIndividual)}
66,57;{University(DummyIndividual),Publication(DummyIndividual),Professor(DummyIndividual)}
66,57;{University(DummyIndividual),Publication(DummyIndividual),FullProfessor(DummyIndividual)}
66,57;{University(DummyIndividual),Publication(DummyIndividual),VisitingProfessor(DummyIndividual)}
66,67;{University(DummyIndividual),Publication(DummyIndividual),AssociateProfessor(DummyIndividual)}
66,67;{University(DummyIndividual),Book(DummyIndividual),Dean(DummyIndividual)}
66,67;{University(DummyIndividual),Book(DummyIndividual),Professor(DummyIndividual)}
66,78;{University(DummyIndividual),Book(DummyIndividual),FullProfessor(DummyIndividual)}
66,78;{University(DummyIndividual),Book(DummyIndividual),VisitingProfessor(DummyIndividual)}
66,78;{University(DummyIndividual),Book(DummyIndividual),AssociateProfessor(DummyIndividual)}
67,09;{University(DummyIndividual),Dean(DummyIndividual),Manual(DummyIndividual)}
67,19;{University(DummyIndividual),Dean(DummyIndividual),Specification(DummyIndividual)}
67,19;{University(DummyIndividual),Dean(DummyIndividual),Software(DummyIndividual)}
67,48;{University(DummyIndividual),Manual(DummyIndividual),Professor(DummyIndividual)}
67,48;{University(DummyIndividual),Manual(DummyIndividual),FullProfessor(DummyIndividual)}
67,48;{University(DummyIndividual),Manual(DummyIndividual),VisitingProfessor(DummyIndividual)}
67,59;{University(DummyIndividual),Manual(DummyIndividual),AssociateProfessor(DummyIndividual)}
67,59;{University(DummyIndividual),Specification(DummyIndividual),Professor(DummyIndividual)}
67,59;{University(DummyIndividual),Specification(DummyIndividual),FullProfessor(DummyIndividual)}
67,68;{University(DummyIndividual),Specification(DummyIndividual),VisitingProfessor(DummyIndividual)}
67,68;{University(DummyIndividual),Specification(DummyIndividual),AssociateProfessor(DummyIndividual)}
67,68;{University(DummyIndividual),VisitingProfessor(DummyIndividual),Software(DummyIndividual)}
67,68;{University(DummyIndividual),Software(DummyIndividual),Professor(DummyIndividual)}
67,77;{University(DummyIndividual),Software(DummyIndividual),AssociateProfessor(DummyIndividual)}
68,46;{Publication(DummyIndividual),Organization(DummyIndividual),AssistantProfessor(DummyIndividual)}
68,57;{Publication(DummyIndividual),Organization(DummyIndividual),Chair(DummyIndividual)}
68,57;{Publication(DummyIndividual),Organization(DummyIndividual),Dean(DummyIndividual)}
68,57;{Publication(DummyIndividual),Organization(DummyIndividual),Professor(DummyIndividual)}
68,57;{Publication(DummyIndividual),Organization(DummyIndividual),FullProfessor(DummyIndividual)}
68,67;{Publication(DummyIndividual),Organization(DummyIndividual),AssociateProfessor(DummyIndividual)}
69,30;{Publication(DummyIndividual),College(DummyIndividual),AssistantProfessor(DummyIndividual)}
69,30;{Publication(DummyIndividual),College(DummyIndividual),Chair(DummyIndividual)}
69,30;{Publication(DummyIndividual),College(DummyIndividual),Dean(DummyIndividual)}
69,30;{Publication(DummyIndividual),College(DummyIndividual),Professor(DummyIndividual)}
69,40;{Publication(DummyIndividual),College(DummyIndividual),FullProfessor(DummyIndividual)}
69,40;{Publication(DummyIndividual),College(DummyIndividual),VisitingProfessor(DummyIndividual)}
69,40;{Publication(DummyIndividual),College(DummyIndividual),AssociateProfessor(DummyIndividual)}
69,40;{Publication(DummyIndividual),AssistantProfessor(DummyIndividual),Program(DummyIndividual)}
69,50;{Publication(DummyIndividual),AssistantProfessor(DummyIndividual),Department(DummyIndividual)}
69,50;{Publication(DummyIndividual),AssistantProfessor(DummyIndividual),ResearchGroup(DummyIndividual)}
69,92;{Publication(DummyIndividual),Chair(DummyIndividual),Program(DummyIndividual)}
69,92;{Publication(DummyIndividual),Chair(DummyIndividual),Department(DummyIndividual)}
71,27;{Publication(DummyIndividual),Program(DummyIndividual),Dean(DummyIndividual)}
71,27;{Publication(DummyIndividual),Program(DummyIndividual),Professor(DummyIndividual)}
71,27;{Publication(DummyIndividual),Program(DummyIndividual),FullProfessor(DummyIndividual)}
71,36;{Publication(DummyIndividual),Program(DummyIndividual),VisitingProfessor(DummyIndividual)}
71,36;{Publication(DummyIndividual),Program(DummyIndividual),AssociateProfessor(DummyIndividual)}
72,40;{Publication(DummyIndividual),Department(DummyIndividual),Dean(DummyIndividual)}
72,50;{Publication(DummyIndividual),Department(DummyIndividual),Professor(DummyIndividual)}
72,50;{Publication(DummyIndividual),Department(DummyIndividual),FullProfessor(DummyIndividual)}
72,50;{Publication(DummyIndividual),Department(DummyIndividual),VisitingProfessor(DummyIndividual)}
72,50;{Publication(DummyIndividual),Department(DummyIndividual),AssociateProfessor(DummyIndividual)}
72,92;{Publication(DummyIndividual),Dean(DummyIndividual),ResearchGroup(DummyIndividual)}
73,23;{Publication(DummyIndividual),FullProfessor(DummyIndividual),ResearchGroup(DummyIndividual)}
73,62;{Publication(DummyIndividual),AssociateProfessor(DummyIndividual),ResearchGroup(DummyIndividual)}
73,62;{Publication(DummyIndividual),ResearchGroup(DummyIndividual),Professor(DummyIndividual)}
73,73;{Publication(DummyIndividual),ResearchGroup(DummyIndividual),VisitingProfessor(DummyIndividual)}
74,62;{Book(DummyIndividual),College(DummyIndividual),AssistantProfessor(DummyIndividual)}
74,62;{Book(DummyIndividual),College(DummyIndividual),Chair(DummyIndividual)}
74,72;{Book(DummyIndividual),College(DummyIndividual),Dean(DummyIndividual)}
74,72;{Book(DummyIndividual),College(DummyIndividual),Professor(DummyIndividual)}
74,72;{Book(DummyIndividual),College(DummyIndividual),FullProfessor(DummyIndividual)}
74,81;{Book(DummyIndividual),College(DummyIndividual),VisitingProfessor(DummyIndividual)}
74,81;{Book(DummyIndividual),College(DummyIndividual),AssociateProfessor(DummyIndividual)}
74,81;{Book(DummyIndividual),AssistantProfessor(DummyIndividual),Organization(DummyIndividual)}
74,81;{Book(DummyIndividual),AssistantProfessor(DummyIndividual),Program(DummyIndividual)}
74,91;{Book(DummyIndividual),AssistantProfessor(DummyIndividual),Department(DummyIndividual)}
74,91;{Book(DummyIndividual),AssistantProfessor(DummyIndividual),ResearchGroup(DummyIndividual)}
75,43;{Book(DummyIndividual),Chair(DummyIndividual),Organization(DummyIndividual)}
75,43;{Book(DummyIndividual),Chair(DummyIndividual),Program(DummyIndividual)}
75,43;{Book(DummyIndividual),Chair(DummyIndividual),Department(DummyIndividual)}
75,54;{Book(DummyIndividual),Chair(DummyIndividual),ResearchGroup(DummyIndividual)}
76,78;{Book(DummyIndividual),Program(DummyIndividual),Dean(DummyIndividual)}
76,78;{Book(DummyIndividual),Program(DummyIndividual),Professor(DummyIndividual)}
76,78;{Book(DummyIndividual),Program(DummyIndividual),FullProfessor(DummyIndividual)}
76,88;{Book(DummyIndividual),Program(DummyIndividual),VisitingProfessor(DummyIndividual)}
76,88;{Book(DummyIndividual),Program(DummyIndividual),AssociateProfessor(DummyIndividual)}
78,71;{Book(DummyIndividual),Dean(DummyIndividual),Organization(DummyIndividual)}
78,71;{Book(DummyIndividual),Dean(DummyIndividual),ResearchGroup(DummyIndividual)}
79,02;{Book(DummyIndividual),Professor(DummyIndividual),Organization(DummyIndividual)}
79,02;{Book(DummyIndividual),Professor(DummyIndividual),Department(DummyIndividual)}
79,02;{Book(DummyIndividual),Professor(DummyIndividual),ResearchGroup(DummyIndividual)}
79,12;{Book(DummyIndividual),FullProfessor(DummyIndividual),Organization(DummyIndividual)}
79,12;{Book(DummyIndividual),FullProfessor(DummyIndividual),Department(DummyIndividual)}
79,12;{Book(DummyIndividual),FullProfessor(DummyIndividual),ResearchGroup(DummyIndividual)}
79,73;{Book(DummyIndividual),VisitingProfessor(DummyIndividual),Organization(DummyIndividual)}
79,73;{Book(DummyIndividual),VisitingProfessor(DummyIndividual),Department(DummyIndividual)}
79,73;{Book(DummyIndividual),VisitingProfessor(DummyIndividual),ResearchGroup(DummyIndividual)}
80,03;{Book(DummyIndividual),AssociateProfessor(DummyIndividual),Organization(DummyIndividual)}
80,03;{Book(DummyIndividual),AssociateProfessor(DummyIndividual),Department(DummyIndividual)}
80,03;{Book(DummyIndividual),AssociateProfessor(DummyIndividual),ResearchGroup(DummyIndividual)}
80,52;{Manual(DummyIndividual),Organization(DummyIndividual),AssistantProfessor(DummyIndividual)}
80,63;{Manual(DummyIndividual),Organization(DummyIndividual),Chair(DummyIndividual)}
80,63;{Manual(DummyIndividual),Organization(DummyIndividual),Dean(DummyIndividual)}
80,63;{Manual(DummyIndividual),Organization(DummyIndividual),Professor(DummyIndividual)}
80,63;{Manual(DummyIndividual),Organization(DummyIndividual),FullProfessor(DummyIndividual)}
80,73;{Manual(DummyIndividual),Organization(DummyIndividual),AssociateProfessor(DummyIndividual)}
81,36;{Manual(DummyIndividual),College(DummyIndividual),AssistantProfessor(DummyIndividual)}
81,46;{Manual(DummyIndividual),College(DummyIndividual),Chair(DummyIndividual)}
81,46;{Manual(DummyIndividual),College(DummyIndividual),Dean(DummyIndividual)}
81,46;{Manual(DummyIndividual),College(DummyIndividual),Professor(DummyIndividual)}
81,46;{Manual(DummyIndividual),College(DummyIndividual),FullProfessor(DummyIndividual)}
81,56;{Manual(DummyIndividual),College(DummyIndividual),VisitingProfessor(DummyIndividual)}
81,56;{Manual(DummyIndividual),College(DummyIndividual),AssociateProfessor(DummyIndividual)}
81,56;{Manual(DummyIndividual),AssistantProfessor(DummyIndividual),Program(DummyIndividual)}
81,68;{Manual(DummyIndividual),AssistantProfessor(DummyIndividual),Department(DummyIndividual)}
81,68;{Manual(DummyIndividual),AssistantProfessor(DummyIndividual),ResearchGroup(DummyIndividual)}
82,09;{Manual(DummyIndividual),Chair(DummyIndividual),Program(DummyIndividual)}
82,19;{Manual(DummyIndividual),Chair(DummyIndividual),Department(DummyIndividual)}
82,19;{Manual(DummyIndividual),Chair(DummyIndividual),ResearchGroup(DummyIndividual)}
83,51;{Manual(DummyIndividual),Program(DummyIndividual),Dean(DummyIndividual)}
83,62;{Manual(DummyIndividual),Program(DummyIndividual),Professor(DummyIndividual)}
83,62;{Manual(DummyIndividual),Program(DummyIndividual),FullProfessor(DummyIndividual)}
83,62;{Manual(DummyIndividual),Program(DummyIndividual),VisitingProfessor(DummyIndividual)}
83,62;{Manual(DummyIndividual),Program(DummyIndividual),AssociateProfessor(DummyIndividual)}
84,73;{Manual(DummyIndividual),Department(DummyIndividual),Dean(DummyIndividual)}
84,73;{Manual(DummyIndividual),Department(DummyIndividual),Professor(DummyIndividual)}
84,85;{Manual(DummyIndividual),Department(DummyIndividual),FullProfessor(DummyIndividual)}
84,85;{Manual(DummyIndividual),Department(DummyIndividual),VisitingProfessor(DummyIndividual)}
84,85;{Manual(DummyIndividual),Department(DummyIndividual),AssociateProfessor(DummyIndividual)}
85,37;{Manual(DummyIndividual),Dean(DummyIndividual),ResearchGroup(DummyIndividual)}
85,58;{Manual(DummyIndividual),FullProfessor(DummyIndividual),ResearchGroup(DummyIndividual)}
86,09;{Manual(DummyIndividual),AssociateProfessor(DummyIndividual),ResearchGroup(DummyIndividual)}
86,09;{Manual(DummyIndividual),ResearchGroup(DummyIndividual),Professor(DummyIndividual)}
86,09;{Manual(DummyIndividual),ResearchGroup(DummyIndividual),VisitingProfessor(DummyIndividual)}
86,59;{Specification(DummyIndividual),Organization(DummyIndividual),AssistantProfessor(DummyIndividual)}
86,59;{Specification(DummyIndividual),Organization(DummyIndividual),Chair(DummyIndividual)}
86,70;{Specification(DummyIndividual),Organization(DummyIndividual),Dean(DummyIndividual)}
86,70;{Specification(DummyIndividual),Organization(DummyIndividual),Professor(DummyIndividual)}
86,70;{Specification(DummyIndividual),Organization(DummyIndividual),FullProfessor(DummyIndividual)}
86,80;{Specification(DummyIndividual),Organization(DummyIndividual),AssociateProfessor(DummyIndividual)}
87,41;{Specification(DummyIndividual),College(DummyIndividual),AssistantProfessor(DummyIndividual)}
87,51;{Specification(DummyIndividual),College(DummyIndividual),Chair(DummyIndividual)}
87,51;{Specification(DummyIndividual),College(DummyIndividual),Dean(DummyIndividual)}
87,51;{Specification(DummyIndividual),College(DummyIndividual),Professor(DummyIndividual)}
87,61;{Specification(DummyIndividual),College(DummyIndividual),FullProfessor(DummyIndividual)}
87,61;{Specification(DummyIndividual),College(DummyIndividual),VisitingProfessor(DummyIndividual)}
87,61;{Specification(DummyIndividual),College(DummyIndividual),AssociateProfessor(DummyIndividual)}
87,61;{Specification(DummyIndividual),AssistantProfessor(DummyIndividual),Program(DummyIndividual)}
87,70;{Specification(DummyIndividual),AssistantProfessor(DummyIndividual),Department(DummyIndividual)}
87,70;{Specification(DummyIndividual),AssistantProfessor(DummyIndividual),ResearchGroup(DummyIndividual)}
88,24;{Specification(DummyIndividual),Chair(DummyIndividual),Program(DummyIndividual)}
88,24;{Specification(DummyIndividual),Chair(DummyIndividual),Department(DummyIndividual)}
88,34;{Specification(DummyIndividual),Chair(DummyIndividual),ResearchGroup(DummyIndividual)}
89,68;{Specification(DummyIndividual),Program(DummyIndividual),Dean(DummyIndividual)}
89,68;{Specification(DummyIndividual),Program(DummyIndividual),Professor(DummyIndividual)}
89,79;{Specification(DummyIndividual),Program(DummyIndividual),FullProfessor(DummyIndividual)}
89,79;{Specification(DummyIndividual),Program(DummyIndividual),VisitingProfessor(DummyIndividual)}
89,79;{Specification(DummyIndividual),Program(DummyIndividual),AssociateProfessor(DummyIndividual)}
91,02;{Specification(DummyIndividual),Department(DummyIndividual),Dean(DummyIndividual)}
91,02;{Specification(DummyIndividual),Department(DummyIndividual),Professor(DummyIndividual)}
91,02;{Specification(DummyIndividual),Department(DummyIndividual),FullProfessor(DummyIndividual)}
91,02;{Specification(DummyIndividual),Department(DummyIndividual),VisitingProfessor(DummyIndividual)}
91,12;{Specification(DummyIndividual),Department(DummyIndividual),AssociateProfessor(DummyIndividual)}
91,53;{Specification(DummyIndividual),Dean(DummyIndividual),ResearchGroup(DummyIndividual)}
91,84;{Specification(DummyIndividual),FullProfessor(DummyIndividual),ResearchGroup(DummyIndividual)}
92,36;{Specification(DummyIndividual),AssociateProfessor(DummyIndividual),ResearchGroup(DummyIndividual)}
92,47;{Specification(DummyIndividual),ResearchGroup(DummyIndividual),Professor(DummyIndividual)}
92,47;{Specification(DummyIndividual),ResearchGroup(DummyIndividual),VisitingProfessor(DummyIndividual)}
92,99;{Software(DummyIndividual),Organization(DummyIndividual),AssistantProfessor(DummyIndividual)}
92,99;{Software(DummyIndividual),Organization(DummyIndividual),Chair(DummyIndividual)}
92,99;{Software(DummyIndividual),Organization(DummyIndividual),Dean(DummyIndividual)}
93,09;{Software(DummyIndividual),Organization(DummyIndividual),Professor(DummyIndividual)}
93,09;{Software(DummyIndividual),Organization(DummyIndividual),FullProfessor(DummyIndividual)}
93,09;{Software(DummyIndividual),Organization(DummyIndividual),AssociateProfessor(DummyIndividual)}
94,12;{Software(DummyIndividual),College(DummyIndividual),AssistantProfessor(DummyIndividual)}
94,12;{Software(DummyIndividual),College(DummyIndividual),Chair(DummyIndividual)}
94,12;{Software(DummyIndividual),College(DummyIndividual),Dean(DummyIndividual)}
94,21;{Software(DummyIndividual),College(DummyIndividual),Professor(DummyIndividual)}
94,21;{Software(DummyIndividual),College(DummyIndividual),FullProfessor(DummyIndividual)}
94,21;{Software(DummyIndividual),College(DummyIndividual),VisitingProfessor(DummyIndividual)}
94,31;{Software(DummyIndividual),College(DummyIndividual),AssociateProfessor(DummyIndividual)}
94,31;{Software(DummyIndividual),AssistantProfessor(DummyIndividual),Program(DummyIndividual)}
94,31;{Software(DummyIndividual),AssistantProfessor(DummyIndividual),Department(DummyIndividual)}
94,41;{Software(DummyIndividual),AssistantProfessor(DummyIndividual),ResearchGroup(DummyIndividual)}
94,83;{Software(DummyIndividual),Chair(DummyIndividual),Program(DummyIndividual)}
94,93;{Software(DummyIndividual),Chair(DummyIndividual),Department(DummyIndividual)}
94,93;{Software(DummyIndividual),Chair(DummyIndividual),ResearchGroup(DummyIndividual)}
96,36;{Software(DummyIndividual),Program(DummyIndividual),Dean(DummyIndividual)}
96,46;{Software(DummyIndividual),Program(DummyIndividual),Professor(DummyIndividual)}
96,46;{Software(DummyIndividual),Program(DummyIndividual),FullProfessor(DummyIndividual)}
96,46;{Software(DummyIndividual),Program(DummyIndividual),VisitingProfessor(DummyIndividual)}
96,46;{Software(DummyIndividual),Program(DummyIndividual),AssociateProfessor(DummyIndividual)}
97,67;{Software(DummyIndividual),Department(DummyIndividual),Dean(DummyIndividual)}
97,78;{Software(DummyIndividual),Department(DummyIndividual),Professor(DummyIndividual)}
97,78;{Software(DummyIndividual),Department(DummyIndividual),FullProfessor(DummyIndividual)}
97,78;{Software(DummyIndividual),Department(DummyIndividual),VisitingProfessor(DummyIndividual)}
97,78;{Software(DummyIndividual),Department(DummyIndividual),AssociateProfessor(DummyIndividual)}
98,29;{Software(DummyIndividual),Dean(DummyIndividual),ResearchGroup(DummyIndividual)}
98,61;{Software(DummyIndividual),FullProfessor(DummyIndividual),ResearchGroup(DummyIndividual)}
99,12;{Software(DummyIndividual),AssociateProfessor(DummyIndividual),ResearchGroup(DummyIndividual)}
99,12;{Software(DummyIndividual),ResearchGroup(DummyIndividual),Professor(DummyIndividual)}
99,22;{Software(DummyIndividual),ResearchGroup(DummyIndividual),VisitingProfessor(DummyIndividual)}
