1,07;{GraduateCourse(DummyIndividual),Publication(DummyIndividual)}
1,35;{GraduateCourse(DummyIndividual),Specification(DummyIndividual)}
1,85;{GraduateCourse(DummyIndividual),TechnicalReport(DummyIndividual)}
2,16;{GraduateCourse(DummyIndividual),Manual(DummyIndividual)}
2,47;{GraduateCourse(DummyIndividual),ConferencePaper(DummyIndividual)}
2,78;{GraduateCourse(DummyIndividual),Software(DummyIndividual)}
3,07;{Course(DummyIndividual),Book(DummyIndividual)}
3,27;{Course(DummyIndividual),Article(DummyIndividual)}
3,49;{Course(DummyIndividual),UnofficialPublication(DummyIndividual)}
3,80;{JournalArticle(DummyIndividual),Course(DummyIndividual)}
4,09;{JournalArticle(DummyIndividual),GraduateCourse(DummyIndividual)}
5,45;{ConferencePaper(DummyIndividual),Course(DummyIndividual)}
5,85;{UnofficialPublication(DummyIndividual),GraduateCourse(DummyIndividual)}
6,57;{TechnicalReport(DummyIndividual),Course(DummyIndividual)}
6,86;{GraduateCourse(DummyIndividual),Article(DummyIndividual)}
9,12;{GraduateCourse(DummyIndividual),Book(DummyIndividual)}
9,59;{Course(DummyIndividual),Publication(DummyIndividual)}
9,71;{Course(DummyIndividual),Manual(DummyIndividual)}
9,71;{Course(DummyIndividual),Specification(DummyIndividual)}
9,71;{Course(DummyIndividual),Software(DummyIndividual)}
