1,45;{Chair(DummyIndividual),Research(DummyIndividual),GraduateCourse(DummyIndividual),Schedule(DummyIndividual),Software(DummyIndividual)}
8,82;{GraduateCourse(DummyIndividual),AssistantProfessor(DummyIndividual),Schedule(DummyIndividual),Research(DummyIndividual),Software(DummyIndividual)}
8,96;{Course(DummyIndividual),AssistantProfessor(DummyIndividual),Schedule(DummyIndividual),Research(DummyIndividual),Software(DummyIndividual)}
27,18;{Schedule(DummyIndividual),PostDoc(DummyIndividual),Research(DummyIndividual),GraduateCourse(DummyIndividual),Software(DummyIndividual)}
27,18;{Schedule(DummyIndividual),PostDoc(DummyIndividual),Research(DummyIndividual),Course(DummyIndividual),Software(DummyIndividual)}
27,84;{Schedule(DummyIndividual),Lecturer(DummyIndividual),Research(DummyIndividual),GraduateCourse(DummyIndividual),Software(DummyIndividual)}
27,84;{Schedule(DummyIndividual),Lecturer(DummyIndividual),Research(DummyIndividual),Course(DummyIndividual),Software(DummyIndividual)}
31,03;{Schedule(DummyIndividual),Research(DummyIndividual),Chair(DummyIndividual),Course(DummyIndividual),Software(DummyIndividual)}
33,63;{Schedule(DummyIndividual),Research(DummyIndividual),Faculty(DummyIndividual),GraduateCourse(DummyIndividual),Software(DummyIndividual)}
33,73;{Schedule(DummyIndividual),Research(DummyIndividual),Faculty(DummyIndividual),Course(DummyIndividual),Software(DummyIndividual)}
35,62;{Schedule(DummyIndividual),Research(DummyIndividual),Dean(DummyIndividual),Software(DummyIndividual),GraduateCourse(DummyIndividual)}
35,71;{Schedule(DummyIndividual),Research(DummyIndividual),Dean(DummyIndividual),Software(DummyIndividual),Course(DummyIndividual)}
35,92;{Schedule(DummyIndividual),Research(DummyIndividual),Professor(DummyIndividual),GraduateCourse(DummyIndividual),Software(DummyIndividual)}
36,01;{Schedule(DummyIndividual),Research(DummyIndividual),Professor(DummyIndividual),Course(DummyIndividual),Software(DummyIndividual)}
36,29;{Schedule(DummyIndividual),Research(DummyIndividual),FullProfessor(DummyIndividual),GraduateCourse(DummyIndividual),Software(DummyIndividual)}
36,29;{Schedule(DummyIndividual),Research(DummyIndividual),FullProfessor(DummyIndividual),Course(DummyIndividual),Software(DummyIndividual)}
37,38;{Schedule(DummyIndividual),Research(DummyIndividual),VisitingProfessor(DummyIndividual),Software(DummyIndividual),GraduateCourse(DummyIndividual)}
37,38;{Schedule(DummyIndividual),Research(DummyIndividual),VisitingProfessor(DummyIndividual),Software(DummyIndividual),Course(DummyIndividual)}
37,70;{Schedule(DummyIndividual),Research(DummyIndividual),AssociateProfessor(DummyIndividual),Software(DummyIndividual),GraduateCourse(DummyIndividual)}
37,79;{Schedule(DummyIndividual),Research(DummyIndividual),AssociateProfessor(DummyIndividual),Software(DummyIndividual),Course(DummyIndividual)}
