1,13;{Lecturer(DummyIndividual),Research(DummyIndividual),GraduateCourse(DummyIndividual),Schedule(DummyIndividual),Software(DummyIndividual)}
21,89;{Schedule(DummyIndividual),AssistantProfessor(DummyIndividual),Research(DummyIndividual),Software(DummyIndividual),GraduateCourse(DummyIndividual)}
21,89;{Schedule(DummyIndividual),AssistantProfessor(DummyIndividual),Research(DummyIndividual),Software(DummyIndividual),Course(DummyIndividual)}
22,21;{Schedule(DummyIndividual),Chair(DummyIndividual),Research(DummyIndividual),GraduateCourse(DummyIndividual),Software(DummyIndividual)}
22,21;{Schedule(DummyIndividual),Chair(DummyIndividual),Research(DummyIndividual),Course(DummyIndividual),Software(DummyIndividual)}
22,62;{Schedule(DummyIndividual),PostDoc(DummyIndividual),Research(DummyIndividual),GraduateCourse(DummyIndividual),Software(DummyIndividual)}
22,62;{Schedule(DummyIndividual),PostDoc(DummyIndividual),Research(DummyIndividual),Course(DummyIndividual),Software(DummyIndividual)}
22,94;{Schedule(DummyIndividual),Faculty(DummyIndividual),Research(DummyIndividual),GraduateCourse(DummyIndividual),Software(DummyIndividual)}
22,94;{Schedule(DummyIndividual),Faculty(DummyIndividual),Research(DummyIndividual),Course(DummyIndividual),Software(DummyIndividual)}
23,04;{Schedule(DummyIndividual),Lecturer(DummyIndividual),Research(DummyIndividual),Software(DummyIndividual),Course(DummyIndividual)}
23,54;{Schedule(DummyIndividual),Dean(DummyIndividual),Research(DummyIndividual),Software(DummyIndividual),GraduateCourse(DummyIndividual)}
23,54;{Schedule(DummyIndividual),Dean(DummyIndividual),Research(DummyIndividual),Software(DummyIndividual),Course(DummyIndividual)}
23,86;{Schedule(DummyIndividual),Professor(DummyIndividual),Research(DummyIndividual),GraduateCourse(DummyIndividual),Software(DummyIndividual)}
23,96;{Schedule(DummyIndividual),Professor(DummyIndividual),Research(DummyIndividual),Course(DummyIndividual),Software(DummyIndividual)}
24,16;{Schedule(DummyIndividual),FullProfessor(DummyIndividual),Research(DummyIndividual),GraduateCourse(DummyIndividual),Software(DummyIndividual)}
24,16;{Schedule(DummyIndividual),FullProfessor(DummyIndividual),Research(DummyIndividual),Course(DummyIndividual),Software(DummyIndividual)}
24,36;{Schedule(DummyIndividual),VisitingProfessor(DummyIndividual),Research(DummyIndividual),Software(DummyIndividual),GraduateCourse(DummyIndividual)}
24,36;{Schedule(DummyIndividual),VisitingProfessor(DummyIndividual),Research(DummyIndividual),Software(DummyIndividual),Course(DummyIndividual)}
24,36;{Schedule(DummyIndividual),AssociateProfessor(DummyIndividual),Research(DummyIndividual),Software(DummyIndividual),GraduateCourse(DummyIndividual)}
24,36;{Schedule(DummyIndividual),AssociateProfessor(DummyIndividual),Research(DummyIndividual),Software(DummyIndividual),Course(DummyIndividual)}
