0,81;{AdministrativeStaff(DummyIndividual),Research(DummyIndividual)}
1,00;{GraduateCourse(DummyIndividual),Professor(DummyIndividual)}
1,19;{GraduateCourse(DummyIndividual),Chair(DummyIndividual)}
1,40;{GraduateCourse(DummyIndividual),AdministrativeStaff(DummyIndividual)}
1,74;{GraduateCourse(DummyIndividual),Faculty(DummyIndividual)}
2,04;{GraduateCourse(DummyIndividual),Employee(DummyIndividual)}
2,23;{GraduateCourse(DummyIndividual),FullProfessor(DummyIndividual)}
2,45;{GraduateCourse(DummyIndividual),ResearchAssistant(DummyIndividual)}
2,76;{Course(DummyIndividual),AssistantProfessor(DummyIndividual)}
2,86;{Work(DummyIndividual),SystemsStaff(DummyIndividual)}
3,07;{Work(DummyIndividual),PostDoc(DummyIndividual)}
3,19;{Work(DummyIndividual),Lecturer(DummyIndividual)}
3,40;{AssociateProfessor(DummyIndividual),Work(DummyIndividual)}
3,61;{AssociateProfessor(DummyIndividual),Course(DummyIndividual)}
3,82;{Director(DummyIndividual),GraduateCourse(DummyIndividual)}
4,61;{AssistantProfessor(DummyIndividual),Work(DummyIndividual)}
4,61;{AssistantProfessor(DummyIndividual),GraduateCourse(DummyIndividual)}
4,72;{AssistantProfessor(DummyIndividual),Research(DummyIndividual)}
4,72;{Chair(DummyIndividual),Work(DummyIndividual)}
4,72;{Chair(DummyIndividual),Course(DummyIndividual)}
4,72;{Chair(DummyIndividual),Research(DummyIndividual)}
4,72;{SystemsStaff(DummyIndividual),GraduateCourse(DummyIndividual)}
4,72;{SystemsStaff(DummyIndividual),Course(DummyIndividual)}
4,72;{SystemsStaff(DummyIndividual),Research(DummyIndividual)}
4,83;{ResearchAssistant(DummyIndividual),Work(DummyIndividual)}
4,83;{ResearchAssistant(DummyIndividual),Course(DummyIndividual)}
4,83;{ResearchAssistant(DummyIndividual),Research(DummyIndividual)}
4,83;{Work(DummyIndividual),Employee(DummyIndividual)}
4,90;{Work(DummyIndividual),Director(DummyIndividual)}
6,72;{Work(DummyIndividual),AdministrativeStaff(DummyIndividual)}
6,72;{Work(DummyIndividual),ClericalStaff(DummyIndividual)}
6,72;{Work(DummyIndividual),Faculty(DummyIndividual)}
6,72;{Work(DummyIndividual),Dean(DummyIndividual)}
6,72;{Work(DummyIndividual),Professor(DummyIndividual)}
6,72;{Work(DummyIndividual),FullProfessor(DummyIndividual)}
6,72;{Work(DummyIndividual),VisitingProfessor(DummyIndividual)}
6,83;{GraduateCourse(DummyIndividual),ClericalStaff(DummyIndividual)}
6,83;{GraduateCourse(DummyIndividual),PostDoc(DummyIndividual)}
6,83;{GraduateCourse(DummyIndividual),Lecturer(DummyIndividual)}
6,83;{GraduateCourse(DummyIndividual),Dean(DummyIndividual)}
6,83;{GraduateCourse(DummyIndividual),VisitingProfessor(DummyIndividual)}
6,83;{GraduateCourse(DummyIndividual),AssociateProfessor(DummyIndividual)}
6,94;{PostDoc(DummyIndividual),Course(DummyIndividual)}
6,94;{PostDoc(DummyIndividual),Research(DummyIndividual)}
6,94;{Lecturer(DummyIndividual),Course(DummyIndividual)}
6,94;{Lecturer(DummyIndividual),Research(DummyIndividual)}
6,94;{Course(DummyIndividual),Employee(DummyIndividual)}
6,94;{Course(DummyIndividual),Director(DummyIndividual)}
6,94;{Course(DummyIndividual),AdministrativeStaff(DummyIndividual)}
7,04;{Course(DummyIndividual),ClericalStaff(DummyIndividual)}
7,04;{Course(DummyIndividual),Faculty(DummyIndividual)}
7,04;{Course(DummyIndividual),Dean(DummyIndividual)}
7,04;{Course(DummyIndividual),Professor(DummyIndividual)}
7,04;{Course(DummyIndividual),FullProfessor(DummyIndividual)}
7,04;{Course(DummyIndividual),VisitingProfessor(DummyIndividual)}
7,04;{Research(DummyIndividual),Employee(DummyIndividual)}
7,04;{Research(DummyIndividual),Director(DummyIndividual)}
7,04;{Research(DummyIndividual),ClericalStaff(DummyIndividual)}
7,04;{Research(DummyIndividual),Faculty(DummyIndividual)}
7,16;{Research(DummyIndividual),Dean(DummyIndividual)}
7,16;{Research(DummyIndividual),Professor(DummyIndividual)}
7,16;{Research(DummyIndividual),FullProfessor(DummyIndividual)}
7,16;{Research(DummyIndividual),VisitingProfessor(DummyIndividual)}
7,16;{Research(DummyIndividual),AssociateProfessor(DummyIndividual)}
