0,78;{Work(DummyIndividual),Faculty(DummyIndividual)}
1,20;{Director(DummyIndividual),Research(DummyIndividual)}
1,40;{GraduateCourse(DummyIndividual),Professor(DummyIndividual)}
1,49;{GraduateCourse(DummyIndividual),ClericalStaff(DummyIndividual)}
1,70;{GraduateCourse(DummyIndividual),AdministrativeStaff(DummyIndividual)}
1,81;{GraduateCourse(DummyIndividual),Director(DummyIndividual)}
2,12;{Course(DummyIndividual),AssistantProfessor(DummyIndividual)}
2,22;{SystemsStaff(DummyIndividual),Course(DummyIndividual)}
2,53;{Employee(DummyIndividual),GraduateCourse(DummyIndividual)}
2,70;{Employee(DummyIndividual),Work(DummyIndividual)}
3,62;{Director(DummyIndividual),Work(DummyIndividual)}
3,72;{Director(DummyIndividual),Course(DummyIndividual)}
3,72;{AssistantProfessor(DummyIndividual),Work(DummyIndividual)}
3,72;{AssistantProfessor(DummyIndividual),GraduateCourse(DummyIndividual)}
3,72;{AssistantProfessor(DummyIndividual),Research(DummyIndividual)}
3,72;{ClericalStaff(DummyIndividual),Work(DummyIndividual)}
3,72;{ClericalStaff(DummyIndividual),Course(DummyIndividual)}
3,72;{ClericalStaff(DummyIndividual),Research(DummyIndividual)}
5,47;{Work(DummyIndividual),AdministrativeStaff(DummyIndividual)}
5,47;{Work(DummyIndividual),Chair(DummyIndividual)}
5,58;{Work(DummyIndividual),SystemsStaff(DummyIndividual)}
5,58;{Work(DummyIndividual),ResearchAssistant(DummyIndividual)}
5,58;{Work(DummyIndividual),PostDoc(DummyIndividual)}
5,58;{Work(DummyIndividual),Lecturer(DummyIndividual)}
5,58;{Work(DummyIndividual),Dean(DummyIndividual)}
5,58;{Work(DummyIndividual),Professor(DummyIndividual)}
5,58;{Work(DummyIndividual),FullProfessor(DummyIndividual)}
5,58;{Work(DummyIndividual),VisitingProfessor(DummyIndividual)}
5,58;{Work(DummyIndividual),AssociateProfessor(DummyIndividual)}
5,70;{GraduateCourse(DummyIndividual),Chair(DummyIndividual)}
5,70;{GraduateCourse(DummyIndividual),SystemsStaff(DummyIndividual)}
5,70;{GraduateCourse(DummyIndividual),ResearchAssistant(DummyIndividual)}
5,70;{GraduateCourse(DummyIndividual),PostDoc(DummyIndividual)}
5,70;{GraduateCourse(DummyIndividual),Faculty(DummyIndividual)}
5,70;{GraduateCourse(DummyIndividual),Lecturer(DummyIndividual)}
5,82;{GraduateCourse(DummyIndividual),Dean(DummyIndividual)}
5,82;{GraduateCourse(DummyIndividual),FullProfessor(DummyIndividual)}
5,82;{GraduateCourse(DummyIndividual),VisitingProfessor(DummyIndividual)}
5,82;{GraduateCourse(DummyIndividual),AssociateProfessor(DummyIndividual)}
5,82;{Course(DummyIndividual),Employee(DummyIndividual)}
5,82;{Course(DummyIndividual),AdministrativeStaff(DummyIndividual)}
5,82;{Course(DummyIndividual),Chair(DummyIndividual)}
5,90;{Course(DummyIndividual),ResearchAssistant(DummyIndividual)}
5,90;{Course(DummyIndividual),PostDoc(DummyIndividual)}
5,90;{Course(DummyIndividual),Faculty(DummyIndividual)}
5,90;{Course(DummyIndividual),Lecturer(DummyIndividual)}
5,90;{Course(DummyIndividual),Dean(DummyIndividual)}
5,90;{Course(DummyIndividual),Professor(DummyIndividual)}
5,98;{Course(DummyIndividual),FullProfessor(DummyIndividual)}
5,98;{Course(DummyIndividual),VisitingProfessor(DummyIndividual)}
5,98;{Course(DummyIndividual),AssociateProfessor(DummyIndividual)}
5,98;{Research(DummyIndividual),Employee(DummyIndividual)}
5,98;{Research(DummyIndividual),AdministrativeStaff(DummyIndividual)}
5,98;{Research(DummyIndividual),Chair(DummyIndividual)}
5,98;{Research(DummyIndividual),SystemsStaff(DummyIndividual)}
5,98;{Research(DummyIndividual),ResearchAssistant(DummyIndividual)}
5,98;{Research(DummyIndividual),PostDoc(DummyIndividual)}
5,98;{Research(DummyIndividual),Faculty(DummyIndividual)}
6,11;{Research(DummyIndividual),Lecturer(DummyIndividual)}
6,11;{Research(DummyIndividual),Dean(DummyIndividual)}
6,11;{Research(DummyIndividual),Professor(DummyIndividual)}
6,11;{Research(DummyIndividual),FullProfessor(DummyIndividual)}
6,11;{Research(DummyIndividual),VisitingProfessor(DummyIndividual)}
6,11;{Research(DummyIndividual),AssociateProfessor(DummyIndividual)}
